Fri Jan 04 08:00:00 GMT+00:00 2013 BUY  - IEP - 164 @50.74 Total=8321.36
Mon Jan 07 08:00:00 GMT+00:00 2013 BUY  - NSM - 214 @38.83 Total=8309.62
Mon Jan 07 08:00:00 GMT+00:00 2013 BUY  - RNF - 195 @42.57 Total=8301.15
Fri Jan 11 08:00:00 GMT+00:00 2013 BUY  - HTHT - 465 @17.92 Total=8332.8
Thu Jan 17 08:00:00 GMT+00:00 2013 BUY  - CLW - 188 @44.24 Total=8317.12
Fri Jan 18 08:00:00 GMT+00:00 2013 SELL  - NSM - 214 @35.81 Total=7663.34
Wed Feb 06 08:00:00 GMT+00:00 2013 BUY  - RNF - 104 @47.8 Total=4971.2
Mon Feb 11 08:00:00 GMT+00:00 2013 SELL  - RNF - 299 @43.65 Total=13051.35
Wed Feb 20 08:00:00 GMT+00:00 2013 SELL  - HTHT - 465 @17.84 Total=8295.6
Mon Mar 04 08:00:00 GMT+00:00 2013 BUY  - IX - 137 @60.71 Total=8317.27
Thu Mar 07 08:00:00 GMT+00:00 2013 BUY  - IEP - 81 @61.03 Total=4943.43
Wed Mar 13 08:00:00 GMT+00:00 2013 SELL  - IEP - 245 @60.58 Total=14842.1
Thu Mar 28 08:00:00 GMT+00:00 2013 BUY  - SIG - 124 @67.0 Total=8308.0
Fri Apr 05 08:00:00 GMT+00:00 2013 BUY  - TSLA - 201 @41.37 Total=8315.37
Wed Apr 10 08:00:00 GMT+00:00 2013 BUY  - CLW - 97 @51.09 Total=4955.73
Mon Apr 15 08:00:00 GMT+00:00 2013 SELL  - CLW - 285 @47.72 Total=13600.2
Fri May 03 08:00:00 GMT+00:00 2013 BUY  - IX - 66 @75.71 Total=4996.86
Tue May 14 08:00:00 GMT+00:00 2013 BUY  - QIHU - 215 @38.77 Total=8335.55
Wed May 15 08:00:00 GMT+00:00 2013 BUY  - SMTC - 232 @35.92 Total=8333.44
Wed May 22 08:00:00 GMT+00:00 2013 BUY  - INXN - 310 @26.84 Total=8320.4
Fri May 24 08:00:00 GMT+00:00 2013 SELL  - IX - 203 @69.32 Total=14071.96
Fri May 24 08:00:00 GMT+00:00 2013 BUY  - PCP - 39 @210.73 Total=8218.47
Wed Jun 05 08:00:00 GMT+00:00 2013 SELL  - SIG - 124 @66.71 Total=8272.04
Tue Jun 18 08:00:00 GMT+00:00 2013 BUY  - PRLB - 133 @62.53 Total=8316.49
Thu Jun 20 08:00:00 GMT+00:00 2013 SELL  - INXN - 310 @25.05 Total=7765.5
Thu Jun 20 08:00:00 GMT+00:00 2013 SELL  - PCP - 39 @213.48 Total=8325.72
Thu Jun 20 08:00:00 GMT+00:00 2013 BUY  - CTB - 269 @30.97 Total=8330.93
Fri Jun 21 08:00:00 GMT+00:00 2013 SELL  - PRLB - 133 @60.0 Total=7980.0
Mon Jun 24 08:00:00 GMT+00:00 2013 SELL  - SMTC - 232 @34.51 Total=8006.32
Tue Jul 02 08:00:00 GMT+00:00 2013 BUY  - AYI - 102 @81.39 Total=8301.78
Wed Jul 17 08:00:00 GMT+00:00 2013 BUY  - TSLA - 41 @120.25 Total=4930.25
Wed Jul 31 08:00:00 GMT+00:00 2013 BUY  - JCI - 207 @40.21 Total=8323.47
Wed Aug 07 08:00:00 GMT+00:00 2013 BUY  - GNC - 158 @52.51 Total=8296.58
Mon Aug 19 08:00:00 GMT+00:00 2013 SELL  - CTB - 269 @32.25 Total=8675.25
Tue Aug 20 08:00:00 GMT+00:00 2013 BUY  - CSC - 160 @52.1 Total=8336.0
Wed Aug 21 08:00:00 GMT+00:00 2013 SELL  - GNC - 158 @50.77 Total=8021.66
Wed Aug 28 08:00:00 GMT+00:00 2013 SELL  - CSC - 160 @50.01 Total=8001.6
Thu Aug 29 08:00:00 GMT+00:00 2013 BUY  - ATVI - 498 @16.75 Total=8341.5
Wed Sep 04 08:00:00 GMT+00:00 2013 BUY  - AYI - 57 @86.61 Total=4936.77
Wed Sep 04 08:00:00 GMT+00:00 2013 BUY  - SALE - 236 @35.3 Total=8330.8
Tue Sep 10 08:00:00 GMT+00:00 2013 BUY  - TSLA - 20 @166.37 Total=3327.4
Wed Sep 11 08:00:00 GMT+00:00 2013 SELL  - SALE - 236 @32.61 Total=7695.96
Wed Sep 11 08:00:00 GMT+00:00 2013 BUY  - AKRX - 449 @18.58 Total=8342.42
Wed Sep 18 08:00:00 GMT+00:00 2013 BUY  - QIHU - 58 @85.94 Total=4984.52
Thu Sep 26 08:00:00 GMT+00:00 2013 BUY  - AYI - 36 @92.15 Total=3317.4
Fri Sep 27 08:00:00 GMT+00:00 2013 SELL  - ATVI - 498 @16.82 Total=8376.36
Fri Sep 27 08:00:00 GMT+00:00 2013 BUY  - AVG - 333 @25.03 Total=8334.99
Thu Oct 03 08:00:00 GMT+00:00 2013 SELL  - AVG - 333 @23.25 Total=7742.25
Thu Oct 03 08:00:00 GMT+00:00 2013 BUY  - KS - 188 @44.34 Total=8335.92
Mon Oct 07 08:00:00 GMT+00:00 2013 SELL  - JCI - 207 @40.74 Total=8433.18
Mon Oct 07 08:00:00 GMT+00:00 2013 BUY  - FUL - 189 @44.04 Total=8323.56
Wed Oct 23 08:00:00 GMT+00:00 2013 SELL  - TSLA - 262 @164.5 Total=43099.0
Wed Oct 23 08:00:00 GMT+00:00 2013 BUY  - FIVE - 172 @48.43 Total=8329.96
Thu Oct 24 08:00:00 GMT+00:00 2013 BUY  - QIHU - 37 @89.0 Total=3293.0
Mon Oct 28 08:00:00 GMT+00:00 2013 SELL  - QIHU - 310 @81.9 Total=25389.0
Mon Oct 28 08:00:00 GMT+00:00 2013 BUY  - TMH - 191 @43.66 Total=8339.06
Mon Nov 04 08:00:00 GMT+00:00 2013 BUY  - AKRX - 240 @20.82 Total=4996.8
Tue Nov 12 08:00:00 GMT+00:00 2013 BUY  - FUL - 102 @48.75 Total=4972.5
Tue Dec 03 08:00:00 GMT+00:00 2013 BUY  - KS - 94 @53.01 Total=4982.94
Wed Dec 04 08:00:00 GMT+00:00 2013 BUY  - FUL - 66 @50.16 Total=3310.56
Wed Dec 04 08:00:00 GMT+00:00 2013 SELL  - FIVE - 172 @49.71 Total=8550.12
Wed Dec 04 08:00:00 GMT+00:00 2013 BUY  - GNRC - 158 @52.8 Total=8342.4
Fri Dec 13 08:00:00 GMT+00:00 2013 BUY  - AKRX - 135 @24.58 Total=3318.3
Thu Dec 19 08:00:00 GMT+00:00 2013 SELL  - TMH - 191 @44.47 Total=8493.77
Thu Dec 19 08:00:00 GMT+00:00 2013 BUY  - NXPI - 193 @43.1 Total=8318.3
Mon Jan 06 08:00:00 GMT+00:00 2014 SELL  - NXPI - 193 @43.12 Total=8322.16
Mon Jan 06 08:00:00 GMT+00:00 2014 BUY  - LOCK - 510 @16.35 Total=8338.5
Wed Jan 08 08:00:00 GMT+00:00 2014 SELL  - AKRX - 824 @22.89 Total=18861.36
Wed Jan 08 08:00:00 GMT+00:00 2014 BUY  - AZPN - 197 @42.17 Total=8307.49
Thu Jan 09 08:00:00 GMT+00:00 2014 BUY  - KS - 120 @27.65 Total=3318.0
Mon Jan 13 08:00:00 GMT+00:00 2014 SELL  - GNRC - 158 @54.18 Total=8560.44
Mon Jan 13 08:00:00 GMT+00:00 2014 BUY  - ENV - 195 @42.75 Total=8336.25
Tue Jan 21 08:00:00 GMT+00:00 2014 SELL  - FUL - 357 @49.43 Total=17646.51
Tue Jan 21 08:00:00 GMT+00:00 2014 BUY  - NVDQ - 424 @19.66 Total=8335.84
Fri Jan 24 08:00:00 GMT+00:00 2014 SELL  - NVDQ - 424 @18.84 Total=7988.16
Fri Jan 24 08:00:00 GMT+00:00 2014 BUY  - GNTX - 249 @33.5 Total=8341.5
Mon Jan 27 08:00:00 GMT+00:00 2014 SELL  - AZPN - 197 @40.43 Total=7964.71
Wed Jan 29 08:00:00 GMT+00:00 2014 SELL  - ENV - 195 @42.52 Total=8291.4
Fri Jan 31 08:00:00 GMT+00:00 2014 SELL  - GNTX - 249 @32.39 Total=8065.11
Tue Feb 04 08:00:00 GMT+00:00 2014 BUY  - NSC - 90 @91.79 Total=8261.1
Fri Feb 07 08:00:00 GMT+00:00 2014 BUY  - PFPT - 210 @39.62 Total=8320.2
Fri Feb 07 08:00:00 GMT+00:00 2014 BUY  - LVNTA - 66 @126.16 Total=8326.56
Wed Feb 19 08:00:00 GMT+00:00 2014 SELL  - NSC - 90 @90.32 Total=8128.8
Wed Feb 19 08:00:00 GMT+00:00 2014 BUY  - FLS - 103 @80.6 Total=8301.8
Wed Mar 12 08:00:00 GMT+00:00 2014 SELL  - FLS - 103 @78.18 Total=8052.54
Wed Mar 12 08:00:00 GMT+00:00 2014 BUY  - NUVA - 222 @37.48 Total=8320.56
Thu Mar 13 08:00:00 GMT+00:00 2014 BUY  - LOCK - 248 @20.1 Total=4984.8
Tue Mar 18 08:00:00 GMT+00:00 2014 BUY  - LVNTA - 35 @142.31 Total=4980.85
Fri Mar 21 08:00:00 GMT+00:00 2014 SELL  - PFPT - 210 @39.15 Total=8221.5
Fri Mar 21 08:00:00 GMT+00:00 2014 SELL  - LOCK - 758 @19.56 Total=14826.48
Mon Mar 24 08:00:00 GMT+00:00 2014 BUY  - MFRM - 176 @47.23 Total=8312.48
Tue Mar 25 08:00:00 GMT+00:00 2014 BUY  - HUBB - 69 @119.96 Total=8277.24
Wed Mar 26 08:00:00 GMT+00:00 2014 SELL  - LVNTA - 101 @130.34 Total=13164.34
Wed Mar 26 08:00:00 GMT+00:00 2014 SELL  - HUBB - 69 @116.79 Total=8058.51
Wed Mar 26 08:00:00 GMT+00:00 2014 SELL  - NUVA - 222 @37.23 Total=8265.06
Wed Mar 26 08:00:00 GMT+00:00 2014 SELL  - KS - 684 @28.71 Total=19637.64
Wed Mar 26 08:00:00 GMT+00:00 2014 BUY  - SN - 293 @28.41 Total=8324.13
Thu Mar 27 08:00:00 GMT+00:00 2014 SELL  - AYI - 195 @128.15 Total=24989.25
Fri Mar 28 08:00:00 GMT+00:00 2014 BUY  - STRZA - 260 @32.07 Total=8338.2
Mon Mar 31 08:00:00 GMT+00:00 2014 BUY  - HEI - 138 @60.16 Total=8302.08
Tue Apr 01 08:00:00 GMT+00:00 2014 BUY  - TWC - 60 @137.55 Total=8253.0
Wed Apr 02 08:00:00 GMT+00:00 2014 BUY  - RARE - 157 @53.03 Total=8325.71
Fri Apr 04 08:00:00 GMT+00:00 2014 SELL  - RARE - 157 @50.67 Total=7955.19
Mon Apr 07 08:00:00 GMT+00:00 2014 SELL  - HEI - 138 @58.23 Total=8035.74
Mon Apr 07 08:00:00 GMT+00:00 2014 SELL  - SN - 293 @28.31 Total=8294.83
Mon Apr 07 08:00:00 GMT+00:00 2014 SELL  - TWC - 60 @136.24 Total=8174.4
Thu Apr 10 08:00:00 GMT+00:00 2014 SELL  - MFRM - 176 @45.87 Total=8073.12
Thu Apr 10 08:00:00 GMT+00:00 2014 SELL  - STRZA - 260 @31.46 Total=8179.6
Tue Apr 15 08:00:00 GMT+00:00 2014 BUY  - BCPC - 133 @62.28 Total=8283.24
Thu Apr 17 08:00:00 GMT+00:00 2014 BUY  - WSO - 80 @104.18 Total=8334.4
Mon Apr 21 08:00:00 GMT+00:00 2014 BUY  - AZN - 120 @69.1 Total=8292.0
Tue Apr 22 08:00:00 GMT+00:00 2014 SELL  - AZN - 120 @66.86 Total=8023.2
Wed Apr 30 08:00:00 GMT+00:00 2014 BUY  - ZBH - 86 @96.8 Total=8324.8
Thu May 01 08:00:00 GMT+00:00 2014 BUY  - KEX - 77 @107.84 Total=8303.68
Tue May 06 08:00:00 GMT+00:00 2014 SELL  - BCPC - 133 @58.0 Total=7714.0
Wed May 14 08:00:00 GMT+00:00 2014 SELL  - WSO - 80 @100.69 Total=8055.2
Wed May 28 08:00:00 GMT+00:00 2014 BUY  - CAL - 284 @29.3 Total=8321.2
Mon Jun 02 08:00:00 GMT+00:00 2014 SELL  - CAL - 284 @27.83 Total=7903.72
Mon Jun 09 08:00:00 GMT+00:00 2014 BUY  - MTSI - 379 @21.99 Total=8334.21
Wed Jun 11 08:00:00 GMT+00:00 2014 BUY  - LNG - 125 @66.58 Total=8322.5
Wed Jun 11 08:00:00 GMT+00:00 2014 BUY  - FCNCA - 33 @251.91 Total=8313.03
Tue Jun 17 08:00:00 GMT+00:00 2014 BUY  - JWA - 138 @60.1 Total=8293.8
Wed Jun 25 08:00:00 GMT+00:00 2014 BUY  - ZBH - 47 @105.37 Total=4952.39
Mon Jun 30 08:00:00 GMT+00:00 2014 SELL  - FCNCA - 33 @245.0 Total=8085.0
Mon Jun 30 08:00:00 GMT+00:00 2014 BUY  - APD - 64 @128.62 Total=8231.68
Mon Jul 07 08:00:00 GMT+00:00 2014 SELL  - ZBH - 133 @104.48 Total=13895.84
Mon Jul 07 08:00:00 GMT+00:00 2014 BUY  - FNV - 147 @56.39 Total=8289.33
Tue Jul 08 08:00:00 GMT+00:00 2014 SELL  - MTSI - 379 @21.03 Total=7970.37
Tue Jul 08 08:00:00 GMT+00:00 2014 BUY  - GMLP - 234 @35.57 Total=8323.38
Fri Jul 11 08:00:00 GMT+00:00 2014 BUY  - KEX - 42 @116.49 Total=4892.58
Tue Jul 15 08:00:00 GMT+00:00 2014 SELL  - GMLP - 234 @34.4 Total=8049.6
Tue Jul 15 08:00:00 GMT+00:00 2014 BUY  - TGNA - 262 @31.82 Total=8336.84
Thu Jul 17 08:00:00 GMT+00:00 2014 SELL  - JWA - 138 @60.06 Total=8288.28
Thu Jul 17 08:00:00 GMT+00:00 2014 BUY  - TAHO - 312 @26.73 Total=8339.76
Tue Jul 29 08:00:00 GMT+00:00 2014 BUY  - LNG - 67 @74.46 Total=4988.82
Wed Jul 30 08:00:00 GMT+00:00 2014 SELL  - KEX - 119 @117.74 Total=14011.06
Wed Jul 30 08:00:00 GMT+00:00 2014 BUY  - JMEI - 282 @29.49 Total=8316.18
Thu Aug 07 08:00:00 GMT+00:00 2014 SELL  - APD - 64 @131.16 Total=8394.24
Thu Aug 07 08:00:00 GMT+00:00 2014 BUY  - LEAF - 281 @29.65 Total=8331.65
Thu Aug 14 08:00:00 GMT+00:00 2014 SELL  - TAHO - 312 @26.06 Total=8130.72
Thu Aug 21 08:00:00 GMT+00:00 2014 SELL  - FNV - 147 @55.43 Total=8148.21
Mon Aug 25 08:00:00 GMT+00:00 2014 BUY  - JMEI - 152 @32.86 Total=4994.72
Mon Aug 25 08:00:00 GMT+00:00 2014 BUY  - KMI - 205 @40.53 Total=8308.65
Thu Aug 28 08:00:00 GMT+00:00 2014 BUY  - SIG - 71 @116.37 Total=8262.27
Fri Aug 29 08:00:00 GMT+00:00 2014 SELL  - JMEI - 434 @30.57 Total=13267.38
Fri Aug 29 08:00:00 GMT+00:00 2014 BUY  - GPRO - 161 @51.8 Total=8339.8
Tue Sep 02 08:00:00 GMT+00:00 2014 BUY  - TGNA - 146 @34.1 Total=4978.6
Thu Sep 04 08:00:00 GMT+00:00 2014 SELL  - KMI - 205 @39.05 Total=8005.25
Thu Sep 04 08:00:00 GMT+00:00 2014 BUY  - MEI - 210 @39.72 Total=8341.2
Tue Sep 09 08:00:00 GMT+00:00 2014 SELL  - TGNA - 408 @32.38 Total=13211.04
Wed Sep 10 08:00:00 GMT+00:00 2014 BUY  - HQY - 385 @21.62 Total=8323.7
Tue Sep 16 08:00:00 GMT+00:00 2014 SELL  - HQY - 385 @20.1 Total=7738.5
Wed Sep 17 08:00:00 GMT+00:00 2014 BUY  - LEAF - 148 @33.66 Total=4981.68
Mon Sep 22 08:00:00 GMT+00:00 2014 BUY  - CLX - 85 @97.23 Total=8264.55
Mon Sep 22 08:00:00 GMT+00:00 2014 SELL  - SIG - 71 @114.26 Total=8112.46
Mon Sep 22 08:00:00 GMT+00:00 2014 BUY  - ALR - 208 @39.97 Total=8313.76
Wed Sep 24 08:00:00 GMT+00:00 2014 BUY  - LNG - 40 @81.73 Total=3269.2
Thu Sep 25 08:00:00 GMT+00:00 2014 SELL  - MEI - 210 @38.04 Total=7988.4
Tue Sep 30 08:00:00 GMT+00:00 2014 SELL  - ALR - 208 @38.78 Total=8066.24
Thu Oct 02 08:00:00 GMT+00:00 2014 SELL  - LNG - 232 @76.02 Total=17636.64
Fri Oct 03 08:00:00 GMT+00:00 2014 BUY  - MYCC - 428 @19.49 Total=8341.72
Fri Oct 03 08:00:00 GMT+00:00 2014 SELL  - LEAF - 429 @32.45 Total=13921.05
Fri Oct 03 08:00:00 GMT+00:00 2014 BUY  - GPN - 109 @76.32 Total=8318.88
Tue Oct 07 08:00:00 GMT+00:00 2014 SELL  - MYCC - 428 @18.73 Total=8016.44
Thu Oct 09 08:00:00 GMT+00:00 2014 SELL  - GPN - 109 @73.97 Total=8062.73
Mon Oct 13 08:00:00 GMT+00:00 2014 BUY  - CMN - 214 @38.86 Total=8316.04
Tue Oct 14 08:00:00 GMT+00:00 2014 BUY  - AVA - 245 @34.03 Total=8337.35
Thu Oct 16 08:00:00 GMT+00:00 2014 SELL  - CMN - 214 @37.28 Total=7977.92
Tue Oct 21 08:00:00 GMT+00:00 2014 BUY  - AKRX - 202 @41.29 Total=8340.58
Tue Oct 21 08:00:00 GMT+00:00 2014 BUY  - BDX - 67 @123.31 Total=8261.77
Mon Oct 27 08:00:00 GMT+00:00 2014 SELL  - GPRO - 161 @64.91 Total=10450.51
Mon Oct 27 08:00:00 GMT+00:00 2014 BUY  - EPAM - 177 @46.91 Total=8303.07
Thu Oct 30 08:00:00 GMT+00:00 2014 BUY  - BMY - 141 @58.98 Total=8316.18
Thu Nov 06 08:00:00 GMT+00:00 2014 SELL  - AKRX - 202 @37.88 Total=7651.76
Wed Nov 12 08:00:00 GMT+00:00 2014 BUY  - FLT - 56 @147.4 Total=8254.4
Wed Nov 12 08:00:00 GMT+00:00 2014 SELL  - AVA - 245 @34.37 Total=8420.65
Wed Nov 12 08:00:00 GMT+00:00 2014 BUY  - MSG - 111 @74.74 Total=8296.14
Fri Nov 21 08:00:00 GMT+00:00 2014 SELL  - CLX - 85 @99.71 Total=8475.35
Fri Nov 21 08:00:00 GMT+00:00 2014 BUY  - ENV - 161 @51.77 Total=8334.97
Tue Dec 02 08:00:00 GMT+00:00 2014 SELL  - MSG - 111 @72.35 Total=8030.85
Tue Dec 02 08:00:00 GMT+00:00 2014 BUY  - SWIR - 214 @38.825 Total=8308.55
Mon Dec 08 08:00:00 GMT+00:00 2014 SELL  - ENV - 161 @49.27 Total=7932.47
Mon Dec 08 08:00:00 GMT+00:00 2014 BUY  - BDX - 35 @139.78 Total=4892.3
Mon Dec 08 08:00:00 GMT+00:00 2014 BUY  - ENB - 170 @48.99 Total=8328.3
Thu Dec 11 08:00:00 GMT+00:00 2014 SELL  - FLT - 56 @142.98 Total=8006.88
Fri Dec 12 08:00:00 GMT+00:00 2014 SELL  - ENB - 170 @46.95 Total=7981.5
Tue Dec 16 08:00:00 GMT+00:00 2014 SELL  - EPAM - 177 @46.24 Total=8184.48
Tue Dec 16 08:00:00 GMT+00:00 2014 SELL  - BMY - 141 @57.69 Total=8134.29
Thu Dec 18 08:00:00 GMT+00:00 2014 BUY  - FGEN - 297 @28.05 Total=8330.85
Thu Dec 18 08:00:00 GMT+00:00 2014 BUY  - KRFT - 131 @63.38 Total=8302.78
Mon Dec 22 08:00:00 GMT+00:00 2014 SELL  - FGEN - 297 @26.32 Total=7817.04
Wed Dec 24 08:00:00 GMT+00:00 2014 BUY  - VA - 203 @41.0 Total=8323.0
Wed Jan 07 08:00:00 GMT+00:00 2015 SELL  - VA - 203 @39.75 Total=8069.25
Fri Jan 16 08:00:00 GMT+00:00 2015 SELL  - SWIR - 214 @40.07 Total=8574.98
Fri Jan 16 08:00:00 GMT+00:00 2015 BUY  - AYI - 55 @150.64 Total=8285.2
Thu Jan 22 08:00:00 GMT+00:00 2015 BUY  - HELE - 107 @77.53 Total=8295.71
Thu Jan 22 08:00:00 GMT+00:00 2015 BUY  - AGU - 77 @107.2 Total=8254.4
Fri Jan 23 08:00:00 GMT+00:00 2015 BUY  - SBUX - 94 @88.22 Total=8292.68
Fri Jan 30 08:00:00 GMT+00:00 2015 SELL  - HELE - 107 @75.22 Total=8048.54
Thu Feb 05 08:00:00 GMT+00:00 2015 BUY  - BLL - 115 @72.03 Total=8283.45
Wed Feb 11 08:00:00 GMT+00:00 2015 SELL  - KRFT - 131 @65.07 Total=8524.17
Wed Feb 11 08:00:00 GMT+00:00 2015 BUY  - VAR - 90 @92.32 Total=8308.8
Fri Feb 13 08:00:00 GMT+00:00 2015 BUY  - BDX - 23 @143.71 Total=3305.33
Wed Mar 04 08:00:00 GMT+00:00 2015 SELL  - BLL - 115 @71.3 Total=8199.5
Wed Mar 04 08:00:00 GMT+00:00 2015 BUY  - EIGI - 430 @19.39 Total=8337.7
Fri Mar 06 08:00:00 GMT+00:00 2015 SELL  - AGU - 77 @110.42 Total=8502.34
Fri Mar 06 08:00:00 GMT+00:00 2015 BUY  - EPAM - 140 @59.45 Total=8323.0
Fri Mar 06 08:00:00 GMT+00:00 2015 SELL  - BDX - 125 @144.88 Total=18110.0
Fri Mar 06 08:00:00 GMT+00:00 2015 BUY  - LCI - 132 @63.2 Total=8342.4
Tue Mar 10 08:00:00 GMT+00:00 2015 SELL  - VAR - 90 @92.53 Total=8327.7
Tue Mar 10 08:00:00 GMT+00:00 2015 BUY  - CBPO - 102 @81.58 Total=8321.16
Wed Mar 11 08:00:00 GMT+00:00 2015 SELL  - EIGI - 430 @18.11 Total=7787.3
Wed Mar 11 08:00:00 GMT+00:00 2015 BUY  - OLN - 282 @29.54 Total=8330.28
Thu Mar 19 08:00:00 GMT+00:00 2015 SELL  - OLN - 282 @28.05 Total=7910.1
Thu Mar 19 08:00:00 GMT+00:00 2015 BUY  - KLIC - 518 @16.095 Total=8337.21
Wed Mar 25 08:00:00 GMT+00:00 2015 SELL  - KLIC - 518 @15.6 Total=8080.8
Wed Mar 25 08:00:00 GMT+00:00 2015 BUY  - AMBA - 119 @69.56 Total=8277.64
Mon Mar 30 08:00:00 GMT+00:00 2015 BUY  - SBUX - 52 @95.98 Total=4990.96
Wed Apr 08 08:00:00 GMT+00:00 2015 BUY  - AYI - 29 @168.96 Total=4899.84
Mon Apr 20 08:00:00 GMT+00:00 2015 BUY  - LCI - 74 @66.75 Total=4939.5
Mon Apr 27 08:00:00 GMT+00:00 2015 SELL  - LCI - 206 @61.9 Total=12751.4
Mon Apr 27 08:00:00 GMT+00:00 2015 BUY  - SIG - 61 @136.62 Total=8333.82
Thu Apr 30 08:00:00 GMT+00:00 2015 SELL  - AYI - 84 @166.95 Total=14023.8
Thu Apr 30 08:00:00 GMT+00:00 2015 BUY  - AVG - 348 @23.92 Total=8324.16
Fri May 01 08:00:00 GMT+00:00 2015 BUY  - EPAM - 74 @66.79 Total=4942.46
Fri May 01 08:00:00 GMT+00:00 2015 BUY  - CBPO - 50 @98.2 Total=4910.0
Fri May 08 08:00:00 GMT+00:00 2015 BUY  - SBUX - 66 @49.78 Total=3285.48
Wed May 13 08:00:00 GMT+00:00 2015 SELL  - SIG - 61 @135.23 Total=8249.03
Wed May 13 08:00:00 GMT+00:00 2015 BUY  - XPO - 173 @48.14 Total=8328.22
Fri Jun 05 08:00:00 GMT+00:00 2015 SELL  - XPO - 173 @48.63 Total=8412.99
Fri Jun 05 08:00:00 GMT+00:00 2015 BUY  - TTPH - 195 @42.73 Total=8332.35
Mon Jun 15 08:00:00 GMT+00:00 2015 BUY  - EPAM - 46 @70.98 Total=3265.08
Mon Jun 15 08:00:00 GMT+00:00 2015 BUY  - CBPO - 30 @109.91 Total=3297.3
Mon Jun 29 08:00:00 GMT+00:00 2015 SELL  - TTPH - 195 @43.17 Total=8418.15
Mon Jun 29 08:00:00 GMT+00:00 2015 SELL  - EPAM - 260 @69.58 Total=18090.8
Mon Jun 29 08:00:00 GMT+00:00 2015 BUY  - BRLI - 208 @40.02 Total=8324.16
Wed Jul 01 08:00:00 GMT+00:00 2015 BUY  - AVG - 182 @27.43 Total=4992.26
