Fri Jan 04 08:00:00 GMT+00:00 2013 BUY  - IEP - 164 @50.74 Total=8321.36
Mon Jan 07 08:00:00 GMT+00:00 2013 BUY  - NSM - 214 @38.83 Total=8309.62
Mon Jan 07 08:00:00 GMT+00:00 2013 BUY  - RNF - 195 @42.57 Total=8301.15
Fri Jan 11 08:00:00 GMT+00:00 2013 BUY  - HTHT - 465 @17.92 Total=8332.8
Thu Jan 17 08:00:00 GMT+00:00 2013 BUY  - CLW - 188 @44.24 Total=8317.12
Fri Jan 18 08:00:00 GMT+00:00 2013 SELL  - NSM - 214 @35.81 Total=7663.34
Wed Feb 06 08:00:00 GMT+00:00 2013 BUY  - RNF - 104 @47.8 Total=4971.2
Mon Feb 11 08:00:00 GMT+00:00 2013 SELL  - RNF - 299 @43.65 Total=13051.35
Wed Feb 20 08:00:00 GMT+00:00 2013 SELL  - HTHT - 465 @17.84 Total=8295.6
Mon Mar 04 08:00:00 GMT+00:00 2013 BUY  - IX - 137 @60.71 Total=8317.27
Thu Mar 07 08:00:00 GMT+00:00 2013 BUY  - IEP - 81 @61.03 Total=4943.43
Wed Mar 13 08:00:00 GMT+00:00 2013 SELL  - IEP - 245 @60.58 Total=14842.1
Thu Mar 28 08:00:00 GMT+00:00 2013 BUY  - SIG - 124 @67.0 Total=8308.0
Fri Apr 05 08:00:00 GMT+00:00 2013 BUY  - TSLA - 201 @41.37 Total=8315.37
Wed Apr 10 08:00:00 GMT+00:00 2013 BUY  - CLW - 97 @51.09 Total=4955.73
Mon Apr 15 08:00:00 GMT+00:00 2013 SELL  - CLW - 285 @47.72 Total=13600.2
Fri May 03 08:00:00 GMT+00:00 2013 BUY  - IX - 66 @75.71 Total=4996.86
Tue May 14 08:00:00 GMT+00:00 2013 BUY  - QIHU - 215 @38.77 Total=8335.55
Wed May 15 08:00:00 GMT+00:00 2013 BUY  - SMTC - 232 @35.92 Total=8333.44
Wed May 22 08:00:00 GMT+00:00 2013 BUY  - INXN - 310 @26.84 Total=8320.4
Fri May 24 08:00:00 GMT+00:00 2013 SELL  - IX - 203 @69.32 Total=14071.96
Fri May 24 08:00:00 GMT+00:00 2013 BUY  - PCP - 39 @210.73 Total=8218.47
Wed Jun 05 08:00:00 GMT+00:00 2013 SELL  - SIG - 124 @66.71 Total=8272.04
Tue Jun 18 08:00:00 GMT+00:00 2013 BUY  - PRLB - 133 @62.53 Total=8316.49
Thu Jun 20 08:00:00 GMT+00:00 2013 SELL  - INXN - 310 @25.05 Total=7765.5
Thu Jun 20 08:00:00 GMT+00:00 2013 SELL  - PCP - 39 @213.48 Total=8325.72
Thu Jun 20 08:00:00 GMT+00:00 2013 BUY  - CTB - 269 @30.97 Total=8330.93
Fri Jun 21 08:00:00 GMT+00:00 2013 SELL  - PRLB - 133 @60.0 Total=7980.0
Mon Jun 24 08:00:00 GMT+00:00 2013 SELL  - SMTC - 232 @34.51 Total=8006.32
Tue Jul 02 08:00:00 GMT+00:00 2013 BUY  - AYI - 102 @81.39 Total=8301.78
Wed Jul 17 08:00:00 GMT+00:00 2013 BUY  - TSLA - 41 @120.25 Total=4930.25
Wed Jul 31 08:00:00 GMT+00:00 2013 BUY  - JCI - 207 @40.21 Total=8323.47
Wed Aug 07 08:00:00 GMT+00:00 2013 BUY  - GNC - 158 @52.51 Total=8296.58
Mon Aug 19 08:00:00 GMT+00:00 2013 SELL  - CTB - 269 @32.25 Total=8675.25
Tue Aug 20 08:00:00 GMT+00:00 2013 BUY  - CSC - 160 @52.1 Total=8336.0
Wed Aug 21 08:00:00 GMT+00:00 2013 SELL  - GNC - 158 @50.77 Total=8021.66
Wed Aug 28 08:00:00 GMT+00:00 2013 SELL  - CSC - 160 @50.01 Total=8001.6
Wed Sep 04 08:00:00 GMT+00:00 2013 BUY  - AYI - 57 @86.61 Total=4936.77
Wed Sep 04 08:00:00 GMT+00:00 2013 BUY  - SALE - 236 @35.3 Total=8330.8
Tue Sep 10 08:00:00 GMT+00:00 2013 BUY  - TSLA - 20 @166.37 Total=3327.4
Wed Sep 11 08:00:00 GMT+00:00 2013 SELL  - SALE - 236 @32.61 Total=7695.96
Wed Sep 11 08:00:00 GMT+00:00 2013 BUY  - AKRX - 449 @18.58 Total=8342.42
Mon Sep 16 08:00:00 GMT+00:00 2013 BUY  - AVG - 339 @24.6 Total=8339.4
Wed Sep 18 08:00:00 GMT+00:00 2013 BUY  - QIHU - 58 @85.94 Total=4984.52
Thu Sep 26 08:00:00 GMT+00:00 2013 BUY  - AYI - 36 @92.15 Total=3317.4
Thu Oct 03 08:00:00 GMT+00:00 2013 SELL  - AVG - 339 @23.25 Total=7881.75
Mon Oct 07 08:00:00 GMT+00:00 2013 BUY  - FUL - 189 @44.04 Total=8323.56
Tue Oct 08 08:00:00 GMT+00:00 2013 SELL  - JCI - 207 @39.89 Total=8257.23
Fri Oct 11 08:00:00 GMT+00:00 2013 BUY  - TTM - 258 @32.32 Total=8338.56
Wed Oct 23 08:00:00 GMT+00:00 2013 SELL  - TTM - 258 @30.46 Total=7858.68
Wed Oct 23 08:00:00 GMT+00:00 2013 SELL  - TSLA - 262 @164.5 Total=43099.0
Wed Oct 23 08:00:00 GMT+00:00 2013 BUY  - NOAH - 508 @19.64 Total=9977.12
Wed Oct 23 08:00:00 GMT+00:00 2013 BUY  - CP - 69 @142.99 Total=9866.31
Thu Oct 24 08:00:00 GMT+00:00 2013 BUY  - QIHU - 44 @89.0 Total=3916.0
Fri Oct 25 08:00:00 GMT+00:00 2013 SELL  - NOAH - 508 @17.93 Total=9108.44
Fri Oct 25 08:00:00 GMT+00:00 2013 BUY  - CHH - 213 @46.78 Total=9964.14
Mon Oct 28 08:00:00 GMT+00:00 2013 SELL  - QIHU - 317 @81.9 Total=25962.3
Mon Oct 28 08:00:00 GMT+00:00 2013 BUY  - TMH - 249 @43.66 Total=10871.34
Mon Nov 04 08:00:00 GMT+00:00 2013 BUY  - AKRX - 312 @20.82 Total=6495.84
Thu Nov 07 08:00:00 GMT+00:00 2013 SELL  - CHH - 213 @44.97 Total=9578.61
Thu Nov 07 08:00:00 GMT+00:00 2013 BUY  - LOCK - 699 @15.58 Total=10890.42
Tue Nov 12 08:00:00 GMT+00:00 2013 BUY  - FUL - 133 @48.75 Total=6483.75
Wed Dec 04 08:00:00 GMT+00:00 2013 BUY  - FUL - 86 @50.16 Total=4313.76
Mon Dec 09 08:00:00 GMT+00:00 2013 BUY  - LOCK - 380 @17.09 Total=6494.2
Wed Dec 11 08:00:00 GMT+00:00 2013 SELL  - LOCK - 1079 @16.02 Total=17285.58
Fri Dec 13 08:00:00 GMT+00:00 2013 BUY  - AKRX - 176 @24.58 Total=4326.08
Mon Dec 16 08:00:00 GMT+00:00 2013 BUY  - GNTX - 337 @32.285 Total=10880.045
Thu Dec 26 08:00:00 GMT+00:00 2013 BUY  - TMH - 141 @45.9 Total=6471.9
Thu Jan 02 08:00:00 GMT+00:00 2014 SELL  - TMH - 390 @44.11 Total=17202.9
Thu Jan 02 08:00:00 GMT+00:00 2014 BUY  - XRS - 515 @21.15 Total=10892.25
Tue Jan 07 08:00:00 GMT+00:00 2014 SELL  - CP - 69 @146.92 Total=10137.48
Tue Jan 07 08:00:00 GMT+00:00 2014 BUY  - SPLK - 144 @75.39 Total=10856.16
Wed Jan 08 08:00:00 GMT+00:00 2014 SELL  - AKRX - 937 @22.89 Total=21447.93
Thu Jan 09 08:00:00 GMT+00:00 2014 BUY  - M - 195 @55.8 Total=10881.0
Tue Jan 21 08:00:00 GMT+00:00 2014 SELL  - FUL - 408 @49.43 Total=20167.44
Tue Jan 21 08:00:00 GMT+00:00 2014 BUY  - NVDQ - 554 @19.66 Total=10891.64
Fri Jan 24 08:00:00 GMT+00:00 2014 SELL  - NVDQ - 554 @18.84 Total=10437.36
Wed Jan 29 08:00:00 GMT+00:00 2014 SELL  - M - 195 @53.39 Total=10411.05
Wed Jan 29 08:00:00 GMT+00:00 2014 SELL  - SPLK - 144 @73.03 Total=10516.32
Fri Jan 31 08:00:00 GMT+00:00 2014 SELL  - GNTX - 337 @32.39 Total=10915.43
Thu Feb 06 08:00:00 GMT+00:00 2014 BUY  - GMT - 191 @56.74 Total=10837.34
Fri Feb 07 08:00:00 GMT+00:00 2014 BUY  - LVNTA - 86 @126.16 Total=10849.76
Wed Feb 12 08:00:00 GMT+00:00 2014 BUY  - SN - 343 @31.72 Total=10879.96
Thu Feb 13 08:00:00 GMT+00:00 2014 BUY  - TWC - 75 @144.81 Total=10860.75
Fri Feb 14 08:00:00 GMT+00:00 2014 BUY  - XRS - 269 @24.17 Total=6501.73
Tue Feb 18 08:00:00 GMT+00:00 2014 SELL  - SN - 343 @29.74 Total=10200.82
Tue Feb 18 08:00:00 GMT+00:00 2014 BUY  - NMBL - 217 @49.99 Total=10847.83
Wed Feb 26 08:00:00 GMT+00:00 2014 SELL  - TWC - 75 @137.76 Total=10332.0
Wed Feb 26 08:00:00 GMT+00:00 2014 BUY  - HEI - 173 @62.7 Total=10847.1
Mon Mar 03 08:00:00 GMT+00:00 2014 SELL  - NMBL - 217 @46.15 Total=10014.55
Mon Mar 03 08:00:00 GMT+00:00 2014 BUY  - STRZA - 339 @32.11 Total=10885.29
Tue Mar 18 08:00:00 GMT+00:00 2014 BUY  - LVNTA - 45 @142.31 Total=6403.95
Fri Mar 21 08:00:00 GMT+00:00 2014 BUY  - GMT - 98 @66.0 Total=6468.0
Mon Mar 24 08:00:00 GMT+00:00 2014 SELL  - XRS - 784 @22.11 Total=17334.24
Mon Mar 24 08:00:00 GMT+00:00 2014 BUY  - MFRM - 230 @47.23 Total=10862.9
Wed Mar 26 08:00:00 GMT+00:00 2014 SELL  - LVNTA - 131 @130.34 Total=17074.54
Wed Mar 26 08:00:00 GMT+00:00 2014 SELL  - HEI - 173 @58.74 Total=10162.02
Thu Mar 27 08:00:00 GMT+00:00 2014 SELL  - AYI - 195 @128.15 Total=24989.25
Thu Apr 10 08:00:00 GMT+00:00 2014 SELL  - STRZA - 339 @31.46 Total=10664.94
Thu Apr 10 08:00:00 GMT+00:00 2014 SELL  - MFRM - 230 @45.87 Total=10550.1
Tue Apr 15 08:00:00 GMT+00:00 2014 BUY  - BCPC - 174 @62.28 Total=10836.72
Thu Apr 17 08:00:00 GMT+00:00 2014 BUY  - WSO - 104 @104.18 Total=10834.72
Mon Apr 21 08:00:00 GMT+00:00 2014 BUY  - AZN - 157 @69.1 Total=10848.7
Tue Apr 22 08:00:00 GMT+00:00 2014 SELL  - AZN - 157 @66.86 Total=10497.02
Mon Apr 28 08:00:00 GMT+00:00 2014 SELL  - GMT - 289 @64.87 Total=18747.43
Wed Apr 30 08:00:00 GMT+00:00 2014 BUY  - ZBH - 120 @96.8 Total=11616.0
Thu May 01 08:00:00 GMT+00:00 2014 BUY  - KEX - 108 @107.84 Total=11646.72
Tue May 06 08:00:00 GMT+00:00 2014 SELL  - BCPC - 174 @58.0 Total=10092.0
Wed May 14 08:00:00 GMT+00:00 2014 SELL  - WSO - 104 @100.69 Total=10471.76
Wed May 28 08:00:00 GMT+00:00 2014 BUY  - CAL - 371 @29.3 Total=10870.3
Mon Jun 02 08:00:00 GMT+00:00 2014 SELL  - CAL - 371 @27.83 Total=10324.93
Mon Jun 09 08:00:00 GMT+00:00 2014 BUY  - MTSI - 495 @21.99 Total=10885.05
Wed Jun 11 08:00:00 GMT+00:00 2014 BUY  - LNG - 163 @66.58 Total=10852.54
Wed Jun 11 08:00:00 GMT+00:00 2014 BUY  - FCNCA - 43 @251.91 Total=10832.13
Tue Jun 17 08:00:00 GMT+00:00 2014 BUY  - JWA - 181 @60.1 Total=10878.1
Wed Jun 25 08:00:00 GMT+00:00 2014 BUY  - ZBH - 61 @105.37 Total=6427.57
Mon Jun 30 08:00:00 GMT+00:00 2014 SELL  - FCNCA - 43 @245.0 Total=10535.0
Mon Jun 30 08:00:00 GMT+00:00 2014 BUY  - APD - 84 @128.62 Total=10804.08
Tue Jul 08 08:00:00 GMT+00:00 2014 SELL  - MTSI - 495 @21.03 Total=10409.85
Tue Jul 08 08:00:00 GMT+00:00 2014 BUY  - TGNA - 345 @31.55 Total=10884.75
Fri Jul 11 08:00:00 GMT+00:00 2014 BUY  - KEX - 55 @116.49 Total=6406.95
Thu Jul 17 08:00:00 GMT+00:00 2014 SELL  - ZBH - 181 @100.71 Total=18228.51
Thu Jul 24 08:00:00 GMT+00:00 2014 BUY  - JMEI - 364 @29.86 Total=10869.04
Tue Jul 29 08:00:00 GMT+00:00 2014 BUY  - LNG - 87 @74.46 Total=6478.02
Thu Aug 07 08:00:00 GMT+00:00 2014 SELL  - JWA - 181 @58.94 Total=10668.14
Thu Aug 07 08:00:00 GMT+00:00 2014 SELL  - APD - 84 @131.16 Total=11017.44
Thu Aug 07 08:00:00 GMT+00:00 2014 BUY  - LEAF - 367 @29.65 Total=10881.55
Fri Aug 22 08:00:00 GMT+00:00 2014 BUY  - TGNA - 191 @33.95 Total=6484.45
Mon Aug 25 08:00:00 GMT+00:00 2014 BUY  - JMEI - 197 @32.86 Total=6473.42
Mon Aug 25 08:00:00 GMT+00:00 2014 BUY  - KMI - 268 @40.53 Total=10862.04
Fri Aug 29 08:00:00 GMT+00:00 2014 SELL  - JMEI - 561 @30.57 Total=17149.77
Fri Aug 29 08:00:00 GMT+00:00 2014 BUY  - GPRO - 210 @51.8 Total=10878.0
Tue Sep 02 08:00:00 GMT+00:00 2014 BUY  - KEX - 35 @120.63 Total=4222.05
Thu Sep 04 08:00:00 GMT+00:00 2014 SELL  - KMI - 268 @39.05 Total=10465.4
Thu Sep 04 08:00:00 GMT+00:00 2014 BUY  - MEI - 274 @39.72 Total=10883.28
Tue Sep 09 08:00:00 GMT+00:00 2014 SELL  - TGNA - 536 @32.38 Total=17355.68
Wed Sep 10 08:00:00 GMT+00:00 2014 BUY  - HQY - 503 @21.62 Total=10874.86
Tue Sep 16 08:00:00 GMT+00:00 2014 SELL  - HQY - 503 @20.1 Total=10110.3
Wed Sep 17 08:00:00 GMT+00:00 2014 BUY  - LEAF - 193 @33.66 Total=6496.38
Mon Sep 22 08:00:00 GMT+00:00 2014 BUY  - CLX - 112 @97.23 Total=10889.76
Mon Sep 22 08:00:00 GMT+00:00 2014 SELL  - KEX - 198 @118.73 Total=23508.54
Mon Sep 22 08:00:00 GMT+00:00 2014 BUY  - ALR - 272 @39.97 Total=10871.84
Wed Sep 24 08:00:00 GMT+00:00 2014 BUY  - LNG - 53 @81.73 Total=4331.69
Thu Sep 25 08:00:00 GMT+00:00 2014 SELL  - MEI - 274 @38.04 Total=10422.96
Tue Sep 30 08:00:00 GMT+00:00 2014 SELL  - ALR - 272 @38.78 Total=10548.16
Thu Oct 02 08:00:00 GMT+00:00 2014 SELL  - LNG - 303 @76.02 Total=23034.06
Fri Oct 03 08:00:00 GMT+00:00 2014 BUY  - MYCC - 558 @19.49 Total=10875.42
Fri Oct 03 08:00:00 GMT+00:00 2014 SELL  - LEAF - 560 @32.45 Total=18172.0
Fri Oct 03 08:00:00 GMT+00:00 2014 BUY  - GPN - 142 @76.32 Total=10837.44
Tue Oct 07 08:00:00 GMT+00:00 2014 SELL  - MYCC - 558 @18.73 Total=10451.34
Thu Oct 09 08:00:00 GMT+00:00 2014 SELL  - GPN - 142 @73.97 Total=10503.74
Mon Oct 13 08:00:00 GMT+00:00 2014 BUY  - CMN - 280 @38.86 Total=10880.8
Tue Oct 14 08:00:00 GMT+00:00 2014 BUY  - AVA - 320 @34.03 Total=10889.6
Thu Oct 16 08:00:00 GMT+00:00 2014 SELL  - CMN - 280 @37.28 Total=10438.4
Tue Oct 21 08:00:00 GMT+00:00 2014 BUY  - AKRX - 263 @41.29 Total=10859.27
Tue Oct 21 08:00:00 GMT+00:00 2014 BUY  - BDX - 88 @123.31 Total=10851.28
Mon Oct 27 08:00:00 GMT+00:00 2014 SELL  - GPRO - 210 @64.91 Total=13631.1
Mon Oct 27 08:00:00 GMT+00:00 2014 BUY  - EPAM - 249 @46.91 Total=11680.59
Thu Oct 30 08:00:00 GMT+00:00 2014 BUY  - BMY - 198 @58.98 Total=11678.04
Thu Nov 06 08:00:00 GMT+00:00 2014 SELL  - AKRX - 263 @37.88 Total=9962.44
Wed Nov 12 08:00:00 GMT+00:00 2014 BUY  - FLT - 79 @147.4 Total=11644.6
Wed Nov 12 08:00:00 GMT+00:00 2014 SELL  - AVA - 320 @34.37 Total=10998.4
Wed Nov 12 08:00:00 GMT+00:00 2014 BUY  - MSG - 156 @74.74 Total=11659.44
Fri Nov 21 08:00:00 GMT+00:00 2014 SELL  - CLX - 112 @99.71 Total=11167.52
Fri Nov 21 08:00:00 GMT+00:00 2014 BUY  - ENV - 225 @51.77 Total=11648.25
Mon Dec 08 08:00:00 GMT+00:00 2014 SELL  - ENV - 225 @49.27 Total=11085.75
Mon Dec 08 08:00:00 GMT+00:00 2014 BUY  - BDX - 49 @139.78 Total=6849.22
Mon Dec 08 08:00:00 GMT+00:00 2014 BUY  - ENB - 238 @48.99 Total=11659.62
Wed Dec 10 08:00:00 GMT+00:00 2014 SELL  - MSG - 156 @72.21 Total=11264.76
Thu Dec 11 08:00:00 GMT+00:00 2014 SELL  - FLT - 79 @142.98 Total=11295.42
Fri Dec 12 08:00:00 GMT+00:00 2014 SELL  - ENB - 238 @46.95 Total=11174.1
Tue Dec 16 08:00:00 GMT+00:00 2014 SELL  - EPAM - 249 @46.24 Total=11513.76
Tue Dec 16 08:00:00 GMT+00:00 2014 SELL  - BMY - 198 @57.69 Total=11422.62
Thu Dec 18 08:00:00 GMT+00:00 2014 BUY  - FGEN - 388 @28.05 Total=10883.4
Thu Dec 18 08:00:00 GMT+00:00 2014 BUY  - KRFT - 171 @63.38 Total=10837.98
Mon Dec 22 08:00:00 GMT+00:00 2014 SELL  - FGEN - 388 @26.32 Total=10212.16
Wed Dec 24 08:00:00 GMT+00:00 2014 BUY  - VA - 265 @41.0 Total=10865.0
Wed Jan 07 08:00:00 GMT+00:00 2015 SELL  - VA - 265 @39.75 Total=10533.75
Fri Jan 16 08:00:00 GMT+00:00 2015 BUY  - AYI - 72 @150.64 Total=10846.08
Thu Jan 22 08:00:00 GMT+00:00 2015 BUY  - HELE - 140 @77.53 Total=10854.2
Thu Jan 22 08:00:00 GMT+00:00 2015 BUY  - AGU - 101 @107.2 Total=10827.2
Fri Jan 23 08:00:00 GMT+00:00 2015 BUY  - SBUX - 123 @88.22 Total=10851.06
Fri Jan 30 08:00:00 GMT+00:00 2015 SELL  - HELE - 140 @75.22 Total=10530.8
Thu Feb 05 08:00:00 GMT+00:00 2015 BUY  - BLL - 151 @72.03 Total=10876.53
Wed Feb 11 08:00:00 GMT+00:00 2015 SELL  - KRFT - 171 @65.07 Total=11126.97
Wed Feb 11 08:00:00 GMT+00:00 2015 BUY  - VAR - 117 @92.32 Total=10801.44
Fri Feb 13 08:00:00 GMT+00:00 2015 BUY  - BDX - 30 @143.71 Total=4311.3
Wed Mar 04 08:00:00 GMT+00:00 2015 SELL  - BLL - 151 @71.3 Total=10766.3
Wed Mar 04 08:00:00 GMT+00:00 2015 BUY  - LCI - 174 @62.28 Total=10836.72
Wed Mar 11 08:00:00 GMT+00:00 2015 SELL  - BDX - 167 @140.99 Total=23545.33
Wed Mar 11 08:00:00 GMT+00:00 2015 BUY  - OLN - 368 @29.54 Total=10870.72
Thu Mar 19 08:00:00 GMT+00:00 2015 SELL  - OLN - 368 @28.05 Total=10322.4
Thu Mar 19 08:00:00 GMT+00:00 2015 SELL  - AGU - 101 @106.95 Total=10801.95
Thu Mar 26 08:00:00 GMT+00:00 2015 BUY  - SFS - 612 @17.77 Total=10875.24
Thu Mar 26 08:00:00 GMT+00:00 2015 BUY  - SIG - 80 @135.0 Total=10800.0
Mon Mar 30 08:00:00 GMT+00:00 2015 BUY  - SBUX - 67 @95.98 Total=6430.66
Wed Apr 08 08:00:00 GMT+00:00 2015 BUY  - AYI - 38 @168.96 Total=6420.48
Mon Apr 20 08:00:00 GMT+00:00 2015 BUY  - LCI - 97 @66.75 Total=6474.75
Mon Apr 27 08:00:00 GMT+00:00 2015 SELL  - LCI - 271 @61.9 Total=16774.9
Mon Apr 27 08:00:00 GMT+00:00 2015 SELL  - SFS - 612 @17.71 Total=10838.52
Wed Apr 29 08:00:00 GMT+00:00 2015 BUY  - XPO - 223 @48.83 Total=10889.09
Thu Apr 30 08:00:00 GMT+00:00 2015 SELL  - VAR - 117 @88.85 Total=10395.45
Thu Apr 30 08:00:00 GMT+00:00 2015 BUY  - AVG - 455 @23.92 Total=10883.6
Fri May 01 08:00:00 GMT+00:00 2015 BUY  - BFAM - 201 @54.05 Total=10864.05
Fri May 08 08:00:00 GMT+00:00 2015 BUY  - SBUX - 87 @49.78 Total=4330.86
Wed May 27 08:00:00 GMT+00:00 2015 SELL  - SIG - 80 @133.18 Total=10654.4
Wed May 27 08:00:00 GMT+00:00 2015 BUY  - IPAR - 327 @33.28 Total=10882.56
Mon Jun 01 08:00:00 GMT+00:00 2015 SELL  - XPO - 223 @48.71 Total=10862.33
Mon Jun 01 08:00:00 GMT+00:00 2015 BUY  - AMED - 339 @32.05 Total=10864.95
Tue Jun 02 08:00:00 GMT+00:00 2015 BUY  - AYI - 24 @178.51 Total=4284.24
Thu Jun 25 08:00:00 GMT+00:00 2015 BUY  - AMED - 162 @39.96 Total=6473.52
Wed Jul 01 08:00:00 GMT+00:00 2015 BUY  - AVG - 237 @27.43 Total=6500.91
