Start Date: Tue Jan 01 08:00:00 GMT+00:00 2013
End Date: Sun Jul 05 09:25:08 GMT+00:00 2015
Initial Cash: 100000.0
Num Positions: 6
-----------------
Fri Jan 04 08:00:00 GMT+00:00 2013 BUY: 164 shares of IEP cost-basis=50.7 for $8321.36 CASH-BAL=91671.64
Mon Jan 07 08:00:00 GMT+00:00 2013 BUY: 214 shares of NSM cost-basis=38.8 for $8309.62 CASH-BAL=83355.02
Mon Jan 07 08:00:00 GMT+00:00 2013 BUY: 195 shares of RNF cost-basis=42.6 for $8301.15 CASH-BAL=75046.87
Fri Jan 11 08:00:00 GMT+00:00 2013 BUY: 465 shares of HTHT cost-basis=17.9 for $8332.8 CASH-BAL=66707.07
Thu Jan 17 08:00:00 GMT+00:00 2013 BUY: 188 shares of CLW cost-basis=44.2 for $8317.12 CASH-BAL=58382.95
Fri Jan 18 08:00:00 GMT+00:00 2013 StopLoss-HardStop SELL: (-7.86%)214 shares of NSM for -7.86
Fri Jan 18 08:00:00 GMT+00:00 2013 SELL NSM x214 for $7663.34 -7.86%
Wed Feb 06 08:00:00 GMT+00:00 2013 BUY: 104 shares of RNF cost-basis=44.4 for $4971.2 CASH-BAL=61061.09
Mon Feb 11 08:00:00 GMT+00:00 2013 StopLoss-ScaledSoftStop SELL: ($44.844)299 @$43.65 shares of RNF for -1.77
Mon Feb 11 08:00:00 GMT+00:00 2013 SELL RNF x299 for $13051.35 -1.77%
Wed Feb 20 08:00:00 GMT+00:00 2013 Market-Uptrend-Sell 20EMA: (-4.56%)465 shares of HTHT for -0.53
Wed Feb 20 08:00:00 GMT+00:00 2013 SELL HTHT x465 for $8295.6 -0.53%
Mon Mar 04 08:00:00 GMT+00:00 2013 BUY: 137 shares of IX cost-basis=60.7 for $8317.27 CASH-BAL=74069.77
Thu Mar 07 08:00:00 GMT+00:00 2013 BUY: 81 shares of IEP cost-basis=54.1 for $4943.43 CASH-BAL=69119.34
Wed Mar 13 08:00:00 GMT+00:00 2013Market-Uptrend-Sell 50EDMA: (-2.62%)245 shares of IEP for 11.8
Wed Mar 13 08:00:00 GMT+00:00 2013 SELL IEP x245 for $14842.1 11.8%
Thu Mar 28 08:00:00 GMT+00:00 2013 BUY: 124 shares of SIG cost-basis=67.0 for $8308.0 CASH-BAL=75639.44
Fri Apr 05 08:00:00 GMT+00:00 2013 BUY: 201 shares of TSLA cost-basis=41.4 for $8315.37 CASH-BAL=67317.07
Wed Apr 10 08:00:00 GMT+00:00 2013 BUY: 97 shares of CLW cost-basis=46.6 for $4955.73 CASH-BAL=62354.34
Mon Apr 15 08:00:00 GMT+00:00 2013Market-Uptrend-Sell 50EDMA: (-2.6%)285 shares of CLW for 2.36
Mon Apr 15 08:00:00 GMT+00:00 2013 SELL CLW x285 for $13600.2 2.36%
Fri May 03 08:00:00 GMT+00:00 2013 BUY: 66 shares of IX cost-basis=65.6 for $4996.86 CASH-BAL=70943.68
Tue May 14 08:00:00 GMT+00:00 2013 BUY: 215 shares of QIHU cost-basis=38.8 for $8335.55 CASH-BAL=62601.13
Wed May 15 08:00:00 GMT+00:00 2013 BUY: 232 shares of SMTC cost-basis=35.9 for $8333.44 CASH-BAL=54260.69
Wed May 22 08:00:00 GMT+00:00 2013 BUY: 310 shares of INXN cost-basis=26.8 for $8320.4 CASH-BAL=45933.29
Thu May 23 08:00:00 GMT+00:00 2013 Adding unprocessed symbols to watchlist: [PCP]
Fri May 24 08:00:00 GMT+00:00 2013Market-Uptrend-Sell 50EDMA: (-2.68%)203 shares of IX for 5.59
Fri May 24 08:00:00 GMT+00:00 2013 SELL IX x203 for $14071.96 5.59%
Fri May 24 08:00:00 GMT+00:00 2013 BUY: 39 shares of PCP cost-basis=211 for $8218.47 CASH-BAL=51772.78
Wed Jun 05 08:00:00 GMT+00:00 2013 Market-CautiousUp-Sell 50EMA: (-2.3%)124 shares of SIG for -0.517
Wed Jun 05 08:00:00 GMT+00:00 2013 SELL SIG x124 for $8272.04 -0.517%
Tue Jun 18 08:00:00 GMT+00:00 2013 BUY: 133 shares of PRLB cost-basis=62.5 for $8316.49 CASH-BAL=51714.33
Thu Jun 20 08:00:00 GMT+00:00 2013 StopLoss-SoftStop SELL: (-6.75%)310 shares of INXN for -6.75
Thu Jun 20 08:00:00 GMT+00:00 2013 SELL INXN x310 for $7765.5 -6.75%
Thu Jun 20 08:00:00 GMT+00:00 2013 Selling due to underperformance: PCP 1.22% in 27
Thu Jun 20 08:00:00 GMT+00:00 2013 SELL PCP x39 for $8325.72 1.22%
Thu Jun 20 08:00:00 GMT+00:00 2013 BUY: 269 shares of CTB cost-basis=31.0 for $8330.93 CASH-BAL=59453.62
Fri Jun 21 08:00:00 GMT+00:00 2013Market-Downtrend-Sell -3%: (-4.13%)133 shares of PRLB for -4.13
Fri Jun 21 08:00:00 GMT+00:00 2013 SELL PRLB x133 for $7980.0 -4.13%
Mon Jun 24 08:00:00 GMT+00:00 2013 Market-Downtrend-Sell 20EMA: (-3.31%)232 shares of SMTC for -4.01
Mon Jun 24 08:00:00 GMT+00:00 2013 SELL SMTC x232 for $8006.32 -4.01%
Tue Jul 02 08:00:00 GMT+00:00 2013 BUY: 102 shares of AYI cost-basis=81.4 for $8301.78 CASH-BAL=67117.16
Wed Jul 17 08:00:00 GMT+00:00 2013 BUY: 41 shares of TSLA cost-basis=54.7 for $4930.25 CASH-BAL=62179.91
Wed Jul 31 08:00:00 GMT+00:00 2013 BUY: 207 shares of JCI cost-basis=40.2 for $8323.47 CASH-BAL=53849.44
Wed Aug 07 08:00:00 GMT+00:00 2013 BUY: 158 shares of GNC cost-basis=52.5 for $8296.58 CASH-BAL=45545.86
Wed Aug 07 08:00:00 GMT+00:00 2013 Adding unprocessed symbols to watchlist: [ATVI]
Thu Aug 15 08:00:00 GMT+00:00 2013 Adding unprocessed symbols to watchlist: [CSC]
Fri Aug 16 08:00:00 GMT+00:00 2013 Adding unprocessed symbols to watchlist: [CSC]
Mon Aug 19 08:00:00 GMT+00:00 2013 Market-CautiousUp-Sell 50EMA: (-2.0%)269 shares of CTB for 4.05
Mon Aug 19 08:00:00 GMT+00:00 2013 SELL CTB x269 for $8675.25 4.05%
Tue Aug 20 08:00:00 GMT+00:00 2013 BUY: 160 shares of CSC cost-basis=52.1 for $8336.0 CASH-BAL=45871.11
Wed Aug 21 08:00:00 GMT+00:00 2013 Market-CautiousUp-Sell -3%: (-3.4%)158 shares of GNC for -3.4
Wed Aug 21 08:00:00 GMT+00:00 2013 SELL GNC x158 for $8021.66 -3.4%
Wed Aug 28 08:00:00 GMT+00:00 2013 Market-CautiousUp-Sell -3%: (-4.1%)160 shares of CSC for -4.1
Wed Aug 28 08:00:00 GMT+00:00 2013 SELL CSC x160 for $8001.6 -4.1%
Wed Sep 04 08:00:00 GMT+00:00 2013 BUY: 57 shares of AYI cost-basis=83.3 for $4936.77 CASH-BAL=56936.6
Wed Sep 04 08:00:00 GMT+00:00 2013 BUY: 236 shares of SALE cost-basis=35.3 for $8330.8 CASH-BAL=48598.8
Tue Sep 10 08:00:00 GMT+00:00 2013 BUY: 20 shares of TSLA cost-basis=63.3 for $3327.4 CASH-BAL=45264.4
Wed Sep 11 08:00:00 GMT+00:00 2013 StopLoss-HardStop SELL: (-7.7%)236 shares of SALE for -7.7
Wed Sep 11 08:00:00 GMT+00:00 2013 SELL SALE x236 for $7695.96 -7.7%
Wed Sep 11 08:00:00 GMT+00:00 2013 BUY: 449 shares of AKRX cost-basis=18.6 for $8342.42 CASH-BAL=44603.94
Mon Sep 16 08:00:00 GMT+00:00 2013 BUY: 339 shares of AVG cost-basis=24.6 for $8339.4 CASH-BAL=36257.54
Tue Sep 17 08:00:00 GMT+00:00 2013 Adding unprocessed symbols to watchlist: [KS]
Wed Sep 18 08:00:00 GMT+00:00 2013 BUY: 58 shares of QIHU cost-basis=48.8 for $4984.52 CASH-BAL=31266.02
Wed Sep 25 08:00:00 GMT+00:00 2013 Adding unprocessed symbols to watchlist: [FIVE]
Thu Sep 26 08:00:00 GMT+00:00 2013 BUY: 36 shares of AYI cost-basis=84.9 for $3317.4 CASH-BAL=27941.62
Thu Sep 26 08:00:00 GMT+00:00 2013 Adding unprocessed symbols to watchlist: [FUL]
Tue Oct 01 08:00:00 GMT+00:00 2013 Adding unprocessed symbols to watchlist: [KS]
Thu Oct 03 08:00:00 GMT+00:00 2013 StopLoss-SoftStop SELL: (-5.57%)339 shares of AVG for -5.57
Thu Oct 03 08:00:00 GMT+00:00 2013 SELL AVG x339 for $7881.75 -5.57%
Mon Oct 07 08:00:00 GMT+00:00 2013 BUY: 189 shares of FUL cost-basis=44.0 for $8323.56 CASH-BAL=27485.81
Tue Oct 08 08:00:00 GMT+00:00 2013 Market-Uptrend-Sell 20EMA: (-4.14%)207 shares of JCI for -0.88
Tue Oct 08 08:00:00 GMT+00:00 2013 SELL JCI x207 for $8257.23 -0.88%
Fri Oct 11 08:00:00 GMT+00:00 2013 BUY: 258 shares of TTM cost-basis=32.3 for $8338.56 CASH-BAL=27390.48
Wed Oct 16 08:00:00 GMT+00:00 2013 Adding unprocessed symbols to watchlist: [TMH]
Thu Oct 17 08:00:00 GMT+00:00 2013 Adding unprocessed symbols to watchlist: [STNG]
Wed Oct 23 08:00:00 GMT+00:00 2013 StopLoss-SoftStop SELL: (-5.84%)258 shares of TTM for -5.84
Wed Oct 23 08:00:00 GMT+00:00 2013 SELL TTM x258 for $7858.68 -5.84%
Wed Oct 23 08:00:00 GMT+00:00 2013Market-Uptrend-Sell 50EDMA: (-3.5%)262 shares of TSLA for 160.0
Wed Oct 23 08:00:00 GMT+00:00 2013 SELL TSLA x262 for $43099.0 160.0%
Realized-Gain-Loss: 25401.9 adjusted-to-%: 20% max-amt-per-position is: 20000.0
Wed Oct 23 08:00:00 GMT+00:00 2013 BUY: 508 shares of NOAH cost-basis=19.6 for $9977.12 CASH-BAL=68350.04
Wed Oct 23 08:00:00 GMT+00:00 2013 BUY: 69 shares of CP cost-basis=143 for $9866.31 CASH-BAL=58476.73
Thu Oct 24 08:00:00 GMT+00:00 2013 BUY: 44 shares of QIHU cost-basis=54.4 for $3916.0 CASH-BAL=54553.73
Fri Oct 25 08:00:00 GMT+00:00 2013 StopLoss-HardStop SELL: (-8.78%)508 shares of NOAH for -8.78
Fri Oct 25 08:00:00 GMT+00:00 2013 SELL NOAH x508 for $9108.44 -8.78%
Fri Oct 25 08:00:00 GMT+00:00 2013 BUY: 213 shares of CHH cost-basis=46.8 for $9964.14 CASH-BAL=53684.03
Mon Oct 28 08:00:00 GMT+00:00 2013Market-Uptrend-Sell 50EDMA: (-2.24%)317 shares of QIHU for 50.5
Mon Oct 28 08:00:00 GMT+00:00 2013 SELL QIHU x317 for $25962.3 50.5%
Realized-Gain-Loss: 33255.8 adjusted-to-%: 30% max-amt-per-position is: 21700.0
Mon Oct 28 08:00:00 GMT+00:00 2013 BUY: 249 shares of TMH cost-basis=43.7 for $10871.34 CASH-BAL=68760.99
Tue Oct 29 08:00:00 GMT+00:00 2013 Adding unprocessed symbols to watchlist: [BDBD]
Wed Oct 30 08:00:00 GMT+00:00 2013 Adding unprocessed symbols to watchlist: [ACHC, LOCK, AZPN, ROG]
Thu Oct 31 08:00:00 GMT+00:00 2013 Adding unprocessed symbols to watchlist: [KS]
Mon Nov 04 08:00:00 GMT+00:00 2013 BUY: 312 shares of AKRX cost-basis=19.5 for $6495.84 CASH-BAL=62258.15
Mon Nov 04 08:00:00 GMT+00:00 2013 Adding unprocessed symbols to watchlist: [NXPI]
Tue Nov 05 08:00:00 GMT+00:00 2013 Adding unprocessed symbols to watchlist: [ORIG, GNRC, NSC]
Wed Nov 06 08:00:00 GMT+00:00 2013 Adding unprocessed symbols to watchlist: [GNRC, NSC]
Thu Nov 07 08:00:00 GMT+00:00 2013 Market-CautiousUp-Sell -3%: (-3.94%)213 shares of CHH for -3.94
Thu Nov 07 08:00:00 GMT+00:00 2013 SELL CHH x213 for $9578.61 -3.94%
Thu Nov 07 08:00:00 GMT+00:00 2013 BUY: 699 shares of LOCK cost-basis=15.6 for $10890.42 CASH-BAL=60932.34
Thu Nov 07 08:00:00 GMT+00:00 2013 Adding unprocessed symbols to watchlist: [ACHC, GMED, AZPN, HBI]
Fri Nov 08 08:00:00 GMT+00:00 2013 Adding unprocessed symbols to watchlist: [ACHC, GMED, CLGX, NXPI, KS, GNRC, AZPN, ROG, FDML, HBI]
Mon Nov 11 08:00:00 GMT+00:00 2013 Adding unprocessed symbols to watchlist: [GMED, AZPN, HBI]
Tue Nov 12 08:00:00 GMT+00:00 2013 BUY: 133 shares of FUL cost-basis=46.0 for $6483.75 CASH-BAL=54441.59
Tue Nov 12 08:00:00 GMT+00:00 2013 Adding unprocessed symbols to watchlist: [GMED, AZPN]
Wed Nov 13 08:00:00 GMT+00:00 2013 Adding unprocessed symbols to watchlist: [GMED, KS, AZPN]
Thu Nov 14 08:00:00 GMT+00:00 2013 Adding unprocessed symbols to watchlist: [GMED, AZPN]
Mon Nov 25 08:00:00 GMT+00:00 2013 Adding unprocessed symbols to watchlist: [BLMN]
Fri Nov 29 08:00:00 GMT+00:00 2013 Adding unprocessed symbols to watchlist: [BLMN]
Wed Dec 04 08:00:00 GMT+00:00 2013 BUY: 86 shares of FUL cost-basis=46.9 for $4313.76 CASH-BAL=50120.83
Mon Dec 09 08:00:00 GMT+00:00 2013 BUY: 380 shares of LOCK cost-basis=16.1 for $6494.2 CASH-BAL=43619.63
Tue Dec 10 08:00:00 GMT+00:00 2013 Adding unprocessed symbols to watchlist: [TWTR]
Wed Dec 11 08:00:00 GMT+00:00 2013 StopLoss-ScaledSoftStop SELL: ($16.261)1079 @$16.02 shares of LOCK for -0.65
Wed Dec 11 08:00:00 GMT+00:00 2013 SELL LOCK x1079 for $17285.58 -0.65%
Fri Dec 13 08:00:00 GMT+00:00 2013 BUY: 176 shares of AKRX cost-basis=20.5 for $4326.08 CASH-BAL=56565.13
Mon Dec 16 08:00:00 GMT+00:00 2013 BUY: 337 shares of GNTX cost-basis=32.3 for $10880.045 CASH-BAL=45678.085
Thu Dec 26 08:00:00 GMT+00:00 2013 BUY: 141 shares of TMH cost-basis=44.5 for $6471.9 CASH-BAL=39199.185
Thu Jan 02 08:00:00 GMT+00:00 2014 StopLoss-ScaledSoftStop SELL: ($44.945)390 @$44.11 shares of TMH for -0.89
Thu Jan 02 08:00:00 GMT+00:00 2014 SELL TMH x390 for $17202.9 -0.89%
Thu Jan 02 08:00:00 GMT+00:00 2014 BUY: 515 shares of XRS cost-basis=21.2 for $10892.25 CASH-BAL=45495.835
Thu Jan 02 08:00:00 GMT+00:00 2014 Adding unprocessed symbols to watchlist: [VWDRY]
Fri Jan 03 08:00:00 GMT+00:00 2014 Adding unprocessed symbols to watchlist: [PFPT]
Tue Jan 07 08:00:00 GMT+00:00 2014 Selling due to underperformance: CP 2.68% in 75
Tue Jan 07 08:00:00 GMT+00:00 2014 SELL CP x69 for $10137.48 2.68%
Tue Jan 07 08:00:00 GMT+00:00 2014 BUY: 144 shares of SPLK cost-basis=75.4 for $10856.16 CASH-BAL=44763.155
Wed Jan 08 08:00:00 GMT+00:00 2014Market-Uptrend-Sell 50EDMA: (-3.22%)937 shares of AKRX for 11.8
Wed Jan 08 08:00:00 GMT+00:00 2014 SELL AKRX x937 for $21447.93 11.8%
Thu Jan 09 08:00:00 GMT+00:00 2014 BUY: 195 shares of M cost-basis=55.8 for $10881.0 CASH-BAL=55316.085
Fri Jan 10 08:00:00 GMT+00:00 2014 Adding unprocessed symbols to watchlist: [FDML, PFPT]
Mon Jan 13 08:00:00 GMT+00:00 2014 Adding unprocessed symbols to watchlist: [ENV]
Tue Jan 14 08:00:00 GMT+00:00 2014 Adding unprocessed symbols to watchlist: [ENV]
Wed Jan 15 08:00:00 GMT+00:00 2014 Adding unprocessed symbols to watchlist: [NTDOY]
Tue Jan 21 08:00:00 GMT+00:00 2014Market-Uptrend-Sell 50EDMA: (-2.07%)408 shares of FUL for 5.36
Tue Jan 21 08:00:00 GMT+00:00 2014 SELL FUL x408 for $20167.44 5.36%
Tue Jan 21 08:00:00 GMT+00:00 2014 BUY: 554 shares of NVDQ cost-basis=19.7 for $10891.64 CASH-BAL=64577.885
Wed Jan 22 08:00:00 GMT+00:00 2014 Adding unprocessed symbols to watchlist: [FDML]
Thu Jan 23 08:00:00 GMT+00:00 2014 Adding unprocessed symbols to watchlist: [HUBB]
Fri Jan 24 08:00:00 GMT+00:00 2014 Market-CautiousUp-Sell -3%: (-4.24%)554 shares of NVDQ for -4.24
Fri Jan 24 08:00:00 GMT+00:00 2014 SELL NVDQ x554 for $10437.36 -4.24%
Wed Jan 29 08:00:00 GMT+00:00 2014 Market-Downtrend-Sell 20EMA: (-1.73%)195 shares of M for -4.38
Wed Jan 29 08:00:00 GMT+00:00 2014 Market-Downtrend-Sell 20EMA: (-3.09%)144 shares of SPLK for -3.19
Wed Jan 29 08:00:00 GMT+00:00 2014 SELL M x195 for $10411.05 -4.38%
Wed Jan 29 08:00:00 GMT+00:00 2014 SELL SPLK x144 for $10516.32 -3.19%
Fri Jan 31 08:00:00 GMT+00:00 2014 Market-Downtrend-Sell 20EMA: (-1.79%)337 shares of GNTX for 0.261
Fri Jan 31 08:00:00 GMT+00:00 2014 SELL GNTX x337 for $10915.43 0.261%
Thu Feb 06 08:00:00 GMT+00:00 2014 BUY: 191 shares of GMT cost-basis=56.7 for $10837.34 CASH-BAL=95985.705
Fri Feb 07 08:00:00 GMT+00:00 2014 BUY: 86 shares of LVNTA cost-basis=126 for $10849.76 CASH-BAL=85128.945
Wed Feb 12 08:00:00 GMT+00:00 2014 BUY: 343 shares of SN cost-basis=31.7 for $10879.96 CASH-BAL=74241.985
Thu Feb 13 08:00:00 GMT+00:00 2014 BUY: 75 shares of TWC cost-basis=145 for $10860.75 CASH-BAL=63374.235
Fri Feb 14 08:00:00 GMT+00:00 2014 BUY: 269 shares of XRS cost-basis=22.2 for $6501.73 CASH-BAL=56865.505
Tue Feb 18 08:00:00 GMT+00:00 2014 StopLoss-SoftStop SELL: (-6.31%)343 shares of SN for -6.31
Tue Feb 18 08:00:00 GMT+00:00 2014 SELL SN x343 for $10200.82 -6.31%
Tue Feb 18 08:00:00 GMT+00:00 2014 BUY: 217 shares of NMBL cost-basis=50.0 for $10847.83 CASH-BAL=56204.495
Wed Feb 19 08:00:00 GMT+00:00 2014 Adding unprocessed symbols to watchlist: [FLS]
Fri Feb 21 08:00:00 GMT+00:00 2014 Adding unprocessed symbols to watchlist: [STRZA]
Wed Feb 26 08:00:00 GMT+00:00 2014 Selling due to underperformance: TWC -4.93% in 13
Wed Feb 26 08:00:00 GMT+00:00 2014 SELL TWC x75 for $10332.0 -4.93%
Wed Feb 26 08:00:00 GMT+00:00 2014 BUY: 173 shares of HEI cost-basis=62.7 for $10847.1 CASH-BAL=55675.395
Mon Mar 03 08:00:00 GMT+00:00 2014 StopLoss-HardStop SELL: (-7.75%)217 shares of NMBL for -7.75
Mon Mar 03 08:00:00 GMT+00:00 2014 SELL NMBL x217 for $10014.55 -7.75%
Mon Mar 03 08:00:00 GMT+00:00 2014 BUY: 339 shares of STRZA cost-basis=32.1 for $10885.29 CASH-BAL=54790.655
Tue Mar 04 08:00:00 GMT+00:00 2014 Adding unprocessed symbols to watchlist: [NUVA, FLS]
Wed Mar 05 08:00:00 GMT+00:00 2014 Adding unprocessed symbols to watchlist: [NUVA, FLS]
Thu Mar 06 08:00:00 GMT+00:00 2014 Adding unprocessed symbols to watchlist: [FLS]
Fri Mar 07 08:00:00 GMT+00:00 2014 Adding unprocessed symbols to watchlist: [RARE]
Wed Mar 12 08:00:00 GMT+00:00 2014 Adding unprocessed symbols to watchlist: [NUVA]
Thu Mar 13 08:00:00 GMT+00:00 2014 Adding unprocessed symbols to watchlist: [NUVA]
Fri Mar 14 08:00:00 GMT+00:00 2014 Adding unprocessed symbols to watchlist: [MFRM, NUVA]
Tue Mar 18 08:00:00 GMT+00:00 2014 BUY: 45 shares of LVNTA cost-basis=132 for $6403.95 CASH-BAL=48379.705
Wed Mar 19 08:00:00 GMT+00:00 2014 Adding unprocessed symbols to watchlist: [NUVA]
Fri Mar 21 08:00:00 GMT+00:00 2014 BUY: 98 shares of GMT cost-basis=59.9 for $6468.0 CASH-BAL=41904.705
Mon Mar 24 08:00:00 GMT+00:00 2014 StopLoss-ScaledSoftStop SELL: ($22.422)784 @$22.11 shares of XRS for -0.424
Mon Mar 24 08:00:00 GMT+00:00 2014 SELL XRS x784 for $17334.24 -0.424%
Mon Mar 24 08:00:00 GMT+00:00 2014 BUY: 230 shares of MFRM cost-basis=47.2 for $10862.9 CASH-BAL=48362.045
Wed Mar 26 08:00:00 GMT+00:00 2014 StopLoss-ScaledSoftStop SELL: ($133.32)131 @$130.34 shares of LVNTA for -1.12
Wed Mar 26 08:00:00 GMT+00:00 2014 StopLoss-SoftStop SELL: (-6.38%)173 shares of HEI for -6.38
Wed Mar 26 08:00:00 GMT+00:00 2014 SELL LVNTA x131 for $17074.54 -1.12%
Wed Mar 26 08:00:00 GMT+00:00 2014 SELL HEI x173 for $10162.02 -6.38%
Thu Mar 27 08:00:00 GMT+00:00 2014Market-Downtrend-Sell 50EDMA: (-4.94%)195 shares of AYI for 50.8
Thu Mar 27 08:00:00 GMT+00:00 2014 SELL AYI x195 for $24989.25 50.8%
Realized-Gain-Loss: 40211.3 adjusted-to-%: 40% max-amt-per-position is: 23300.0
Thu Apr 10 08:00:00 GMT+00:00 2014 Market-Downtrend-Sell 20EMA: (-2.4%)339 shares of STRZA for -2.09
Thu Apr 10 08:00:00 GMT+00:00 2014 Market-Downtrend-Sell 20EMA: (-1.93%)230 shares of MFRM for -2.94
Thu Apr 10 08:00:00 GMT+00:00 2014 SELL STRZA x339 for $10664.94 -2.09%
Thu Apr 10 08:00:00 GMT+00:00 2014 SELL MFRM x230 for $10550.1 -2.94%
Realized-Gain-Loss: 39708.9 adjusted-to-%: 30% max-amt-per-position is: 21700.0
Tue Apr 15 08:00:00 GMT+00:00 2014 BUY: 174 shares of BCPC cost-basis=62.3 for $10836.72 CASH-BAL=110924.175
Thu Apr 17 08:00:00 GMT+00:00 2014 BUY: 104 shares of WSO cost-basis=104 for $10834.72 CASH-BAL=100082.455
Mon Apr 21 08:00:00 GMT+00:00 2014 BUY: 157 shares of AZN cost-basis=69.1 for $10848.7 CASH-BAL=89226.755
Tue Apr 22 08:00:00 GMT+00:00 2014Market-Downtrend-Sell -3%: (-3.31%)157 shares of AZN for -3.31
Tue Apr 22 08:00:00 GMT+00:00 2014 SELL AZN x157 for $10497.02 -3.31%
Mon Apr 28 08:00:00 GMT+00:00 2014Market-Downtrend-Sell 50EDMA: (-1.22%)289 shares of GMT for 8.25
Mon Apr 28 08:00:00 GMT+00:00 2014 SELL GMT x289 for $18747.43 8.25%
Realized-Gain-Loss: 40808.5 adjusted-to-%: 40% max-amt-per-position is: 23300.0
Wed Apr 30 08:00:00 GMT+00:00 2014 BUY: 120 shares of ZBH cost-basis=96.8 for $11616.0 CASH-BAL=106834.205
Thu May 01 08:00:00 GMT+00:00 2014 BUY: 108 shares of KEX cost-basis=108 for $11646.72 CASH-BAL=95180.485
Tue May 06 08:00:00 GMT+00:00 2014 StopLoss-SoftStop SELL: (-6.94%)174 shares of BCPC for -6.94
Tue May 06 08:00:00 GMT+00:00 2014 SELL BCPC x174 for $10092.0 -6.94%
Wed May 14 08:00:00 GMT+00:00 2014Market-Downtrend-Sell -3%: (-3.41%)104 shares of WSO for -3.41
Wed May 14 08:00:00 GMT+00:00 2014 SELL WSO x104 for $10471.76 -3.41%
Realized-Gain-Loss: 39748.3 adjusted-to-%: 30% max-amt-per-position is: 21700.0
Wed May 28 08:00:00 GMT+00:00 2014 BUY: 371 shares of CAL cost-basis=29.3 for $10870.3 CASH-BAL=104852.945
Mon Jun 02 08:00:00 GMT+00:00 2014 StopLoss-SoftStop SELL: (-5.08%)371 shares of CAL for -5.08
Mon Jun 02 08:00:00 GMT+00:00 2014 SELL CAL x371 for $10324.93 -5.08%
Mon Jun 09 08:00:00 GMT+00:00 2014 BUY: 495 shares of MTSI cost-basis=22.0 for $10885.05 CASH-BAL=104278.825
Wed Jun 11 08:00:00 GMT+00:00 2014 BUY: 163 shares of LNG cost-basis=66.6 for $10852.54 CASH-BAL=93419.285
Wed Jun 11 08:00:00 GMT+00:00 2014 BUY: 43 shares of FCNCA cost-basis=252 for $10832.13 CASH-BAL=82580.155
Tue Jun 17 08:00:00 GMT+00:00 2014 BUY: 181 shares of JWA cost-basis=60.1 for $10878.1 CASH-BAL=71695.055
Thu Jun 19 08:00:00 GMT+00:00 2014 Adding unprocessed symbols to watchlist: [TAHO, GLOG, FNV]
Fri Jun 20 08:00:00 GMT+00:00 2014 Adding unprocessed symbols to watchlist: [KS, GMLP]
Wed Jun 25 08:00:00 GMT+00:00 2014 BUY: 61 shares of ZBH cost-basis=99.7 for $6427.57 CASH-BAL=65260.485
Wed Jun 25 08:00:00 GMT+00:00 2014 Adding unprocessed symbols to watchlist: [TGNA]
Thu Jun 26 08:00:00 GMT+00:00 2014 Adding unprocessed symbols to watchlist: [MEI, APD]
Fri Jun 27 08:00:00 GMT+00:00 2014 Adding unprocessed symbols to watchlist: [APD]
Mon Jun 30 08:00:00 GMT+00:00 2014 Selling due to underperformance: FCNCA -2.81% in 19
Mon Jun 30 08:00:00 GMT+00:00 2014 SELL FCNCA x43 for $10535.0 -2.81%
Mon Jun 30 08:00:00 GMT+00:00 2014 BUY: 84 shares of APD cost-basis=129 for $10804.08 CASH-BAL=64977.405
Tue Jul 01 08:00:00 GMT+00:00 2014 Adding unprocessed symbols to watchlist: [ANET, GLOG]
Wed Jul 02 08:00:00 GMT+00:00 2014 Adding unprocessed symbols to watchlist: [TAHO, GMLP, GLOG]
Thu Jul 03 08:00:00 GMT+00:00 2014 Adding unprocessed symbols to watchlist: [CNL, TAHO, KS, GMLP, GLOG, FNV]
Tue Jul 08 08:00:00 GMT+00:00 2014 Market-Uptrend-Sell 20EMA: (-3.89%)495 shares of MTSI for -4.43
Tue Jul 08 08:00:00 GMT+00:00 2014 SELL MTSI x495 for $10409.85 -4.43%
Tue Jul 08 08:00:00 GMT+00:00 2014 BUY: 345 shares of TGNA cost-basis=31.6 for $10884.75 CASH-BAL=64488.505
Wed Jul 09 08:00:00 GMT+00:00 2014 Adding unprocessed symbols to watchlist: [ANET]
Fri Jul 11 08:00:00 GMT+00:00 2014 BUY: 55 shares of KEX cost-basis=111 for $6406.95 CASH-BAL=58074.555
Thu Jul 17 08:00:00 GMT+00:00 2014 Market-CautiousUp-Sell 50EMA: (-2.9%)181 shares of ZBH for 0.947
Thu Jul 17 08:00:00 GMT+00:00 2014 SELL ZBH x181 for $18228.51 0.947%
Thu Jul 24 08:00:00 GMT+00:00 2014 BUY: 364 shares of JMEI cost-basis=29.9 for $10869.04 CASH-BAL=65420.025
Tue Jul 29 08:00:00 GMT+00:00 2014 BUY: 87 shares of LNG cost-basis=69.3 for $6478.02 CASH-BAL=58935.005
Thu Aug 07 08:00:00 GMT+00:00 2014 Market-Downtrend-Sell 20EMA: (-2.0%)181 shares of JWA for -1.99
Thu Aug 07 08:00:00 GMT+00:00 2014 SELL JWA x181 for $10668.14 -1.99%
Thu Aug 07 08:00:00 GMT+00:00 2014 Selling due to underperformance: APD 1.91% in 38
Thu Aug 07 08:00:00 GMT+00:00 2014 SELL APD x84 for $11017.44 1.91%
Thu Aug 07 08:00:00 GMT+00:00 2014 BUY: 367 shares of LEAF cost-basis=29.7 for $10881.55 CASH-BAL=69718.035
Fri Aug 22 08:00:00 GMT+00:00 2014 BUY: 191 shares of TGNA cost-basis=32.4 for $6484.45 CASH-BAL=63226.585
Mon Aug 25 08:00:00 GMT+00:00 2014 BUY: 197 shares of JMEI cost-basis=30.9 for $6473.42 CASH-BAL=56746.165
Mon Aug 25 08:00:00 GMT+00:00 2014 BUY: 268 shares of KMI cost-basis=40.5 for $10862.04 CASH-BAL=45877.125
Thu Aug 28 08:00:00 GMT+00:00 2014 Adding unprocessed symbols to watchlist: [SIG]
Fri Aug 29 08:00:00 GMT+00:00 2014 StopLoss-ScaledSoftStop SELL: ($31.209)561 @$30.57 shares of JMEI for -1.19
Fri Aug 29 08:00:00 GMT+00:00 2014 SELL JMEI x561 for $17149.77 -1.19%
Fri Aug 29 08:00:00 GMT+00:00 2014 BUY: 210 shares of GPRO cost-basis=51.8 for $10878.0 CASH-BAL=52134.895
Tue Sep 02 08:00:00 GMT+00:00 2014 BUY: 35 shares of KEX cost-basis=113 for $4222.05 CASH-BAL=47905.845
Thu Sep 04 08:00:00 GMT+00:00 2014 Selling due to underperformance: KMI -3.72% in 10
Thu Sep 04 08:00:00 GMT+00:00 2014 SELL KMI x268 for $10465.4 -3.72%
Thu Sep 04 08:00:00 GMT+00:00 2014 BUY: 274 shares of MEI cost-basis=39.7 for $10883.28 CASH-BAL=47473.965
Tue Sep 09 08:00:00 GMT+00:00 2014 StopLoss-ScaledSoftStop SELL: ($32.724000000000004)536 @$32.38 shares of TGNA for -0.158
Tue Sep 09 08:00:00 GMT+00:00 2014 SELL TGNA x536 for $17355.68 -0.158%
Wed Sep 10 08:00:00 GMT+00:00 2014 BUY: 503 shares of HQY cost-basis=21.6 for $10874.86 CASH-BAL=53940.785
Wed Sep 10 08:00:00 GMT+00:00 2014 Adding unprocessed symbols to watchlist: [SIG]
Thu Sep 11 08:00:00 GMT+00:00 2014 Adding unprocessed symbols to watchlist: [SIG]
Fri Sep 12 08:00:00 GMT+00:00 2014 Adding unprocessed symbols to watchlist: [SIG]
Tue Sep 16 08:00:00 GMT+00:00 2014 StopLoss-HardStop SELL: (-7.09%)503 shares of HQY for -7.09
Tue Sep 16 08:00:00 GMT+00:00 2014 SELL HQY x503 for $10110.3 -7.09%
Wed Sep 17 08:00:00 GMT+00:00 2014 BUY: 193 shares of LEAF cost-basis=31.0 for $6496.38 CASH-BAL=57540.705
Mon Sep 22 08:00:00 GMT+00:00 2014 BUY: 112 shares of CLX cost-basis=97.2 for $10889.76 CASH-BAL=46643.945
Mon Sep 22 08:00:00 GMT+00:00 2014 Selling due to underperformance: KEX 5.44% in 144
Mon Sep 22 08:00:00 GMT+00:00 2014 SELL KEX x198 for $23508.54 5.44%
Mon Sep 22 08:00:00 GMT+00:00 2014 BUY: 272 shares of ALR cost-basis=40.0 for $10871.84 CASH-BAL=59266.645
Wed Sep 24 08:00:00 GMT+00:00 2014 BUY: 53 shares of LNG cost-basis=71.5 for $4331.69 CASH-BAL=54927.955
Thu Sep 25 08:00:00 GMT+00:00 2014Market-Downtrend-Sell -3%: (-4.29%)274 shares of MEI for -4.29
Thu Sep 25 08:00:00 GMT+00:00 2014 SELL MEI x274 for $10422.96 -4.29%
Mon Sep 29 08:00:00 GMT+00:00 2014 Adding unprocessed symbols to watchlist: [MYCC]
Tue Sep 30 08:00:00 GMT+00:00 2014Market-Downtrend-Sell -3%: (-3.04%)272 shares of ALR for -3.04
Tue Sep 30 08:00:00 GMT+00:00 2014 SELL ALR x272 for $10548.16 -3.04%
Thu Oct 02 08:00:00 GMT+00:00 2014Market-Downtrend-Sell 50EDMA: (-2.0%)303 shares of LNG for 6.24
Thu Oct 02 08:00:00 GMT+00:00 2014 SELL LNG x303 for $23034.06 6.24%
Fri Oct 03 08:00:00 GMT+00:00 2014 BUY: 558 shares of MYCC cost-basis=19.5 for $10875.42 CASH-BAL=88029.715
Fri Oct 03 08:00:00 GMT+00:00 2014 Selling due to underperformance: LEAF 4.49% in 57
Fri Oct 03 08:00:00 GMT+00:00 2014 SELL LEAF x560 for $18172.0 4.49%
Fri Oct 03 08:00:00 GMT+00:00 2014 BUY: 142 shares of GPN cost-basis=76.3 for $10837.44 CASH-BAL=95350.275
Mon Oct 06 08:00:00 GMT+00:00 2014 Adding unprocessed symbols to watchlist: [BDX]
Tue Oct 07 08:00:00 GMT+00:00 2014Market-Downtrend-Sell -3%: (-3.96%)558 shares of MYCC for -3.96
Tue Oct 07 08:00:00 GMT+00:00 2014 SELL MYCC x558 for $10451.34 -3.96%
Thu Oct 09 08:00:00 GMT+00:00 2014Market-Downtrend-Sell -3%: (-3.14%)142 shares of GPN for -3.14
Thu Oct 09 08:00:00 GMT+00:00 2014 SELL GPN x142 for $10503.74 -3.14%
Mon Oct 13 08:00:00 GMT+00:00 2014 BUY: 280 shares of CMN cost-basis=38.9 for $10880.8 CASH-BAL=105403.555
Tue Oct 14 08:00:00 GMT+00:00 2014 BUY: 320 shares of AVA cost-basis=34.0 for $10889.6 CASH-BAL=94506.955
Wed Oct 15 08:00:00 GMT+00:00 2014 Adding unprocessed symbols to watchlist: [BDX]
Thu Oct 16 08:00:00 GMT+00:00 2014Market-Downtrend-Sell -3%: (-4.13%)280 shares of CMN for -4.13
Thu Oct 16 08:00:00 GMT+00:00 2014 SELL CMN x280 for $10438.4 -4.13%
Tue Oct 21 08:00:00 GMT+00:00 2014 BUY: 263 shares of AKRX cost-basis=41.3 for $10859.27 CASH-BAL=94072.085
Tue Oct 21 08:00:00 GMT+00:00 2014 BUY: 88 shares of BDX cost-basis=123 for $10851.28 CASH-BAL=83213.805
Mon Oct 27 08:00:00 GMT+00:00 2014 Market-CautiousUp-Sell 50EMA: (-5.9%)210 shares of GPRO for 25.2
Mon Oct 27 08:00:00 GMT+00:00 2014 SELL GPRO x210 for $13631.1 25.2%
Realized-Gain-Loss: 41413.2 adjusted-to-%: 40% max-amt-per-position is: 23300.0
Mon Oct 27 08:00:00 GMT+00:00 2014 BUY: 249 shares of EPAM cost-basis=46.9 for $11680.59 CASH-BAL=85150.315
Thu Oct 30 08:00:00 GMT+00:00 2014 BUY: 198 shares of BMY cost-basis=59.0 for $11678.04 CASH-BAL=73465.275
Thu Oct 30 08:00:00 GMT+00:00 2014 Adding unprocessed symbols to watchlist: [BIN, CACI]
Fri Oct 31 08:00:00 GMT+00:00 2014 Adding unprocessed symbols to watchlist: [FLT]
Thu Nov 06 08:00:00 GMT+00:00 2014 StopLoss-HardStop SELL: (-8.32%)263 shares of AKRX for -8.32
Thu Nov 06 08:00:00 GMT+00:00 2014 SELL AKRX x263 for $9962.44 -8.32%
Wed Nov 12 08:00:00 GMT+00:00 2014 BUY: 79 shares of FLT cost-basis=147 for $11644.6 CASH-BAL=71769.115
Wed Nov 12 08:00:00 GMT+00:00 2014 Selling due to underperformance: AVA 0.935% in 28
Wed Nov 12 08:00:00 GMT+00:00 2014 SELL AVA x320 for $10998.4 0.935%
Wed Nov 12 08:00:00 GMT+00:00 2014 BUY: 156 shares of MSG cost-basis=74.7 for $11659.44 CASH-BAL=71094.075
Wed Nov 19 08:00:00 GMT+00:00 2014 Adding unprocessed symbols to watchlist: [ENV]
Thu Nov 20 08:00:00 GMT+00:00 2014 Adding unprocessed symbols to watchlist: [ENV]
Fri Nov 21 08:00:00 GMT+00:00 2014 Selling due to underperformance: CLX 2.49% in 59
Fri Nov 21 08:00:00 GMT+00:00 2014 SELL CLX x112 for $11167.52 2.49%
Fri Nov 21 08:00:00 GMT+00:00 2014 BUY: 225 shares of ENV cost-basis=51.8 for $11648.25 CASH-BAL=70599.345
Fri Nov 21 08:00:00 GMT+00:00 2014 Adding unprocessed symbols to watchlist: [SWIR]
Mon Dec 08 08:00:00 GMT+00:00 2014 Market-Uptrend-Sell 20EMA: (-2.09%)225 shares of ENV for -4.89
Mon Dec 08 08:00:00 GMT+00:00 2014 SELL ENV x225 for $11085.75 -4.89%
Mon Dec 08 08:00:00 GMT+00:00 2014 BUY: 49 shares of BDX cost-basis=129 for $6849.22 CASH-BAL=74821.875
Mon Dec 08 08:00:00 GMT+00:00 2014 BUY: 238 shares of ENB cost-basis=49.0 for $11659.62 CASH-BAL=63155.255
Wed Dec 10 08:00:00 GMT+00:00 2014 Market-CautiousUp-Sell -3%: (-3.45%)156 shares of MSG for -3.45
Wed Dec 10 08:00:00 GMT+00:00 2014 SELL MSG x156 for $11264.76 -3.45%
Thu Dec 11 08:00:00 GMT+00:00 2014 Market-CautiousUp-Sell -3%: (-3.06%)79 shares of FLT for -3.06
Thu Dec 11 08:00:00 GMT+00:00 2014 SELL FLT x79 for $11295.42 -3.06%
Realized-Gain-Loss: 39658.5 adjusted-to-%: 30% max-amt-per-position is: 21700.0
Fri Dec 12 08:00:00 GMT+00:00 2014 Market-CautiousUp-Sell -3%: (-4.22%)238 shares of ENB for -4.22
Fri Dec 12 08:00:00 GMT+00:00 2014 SELL ENB x238 for $11174.1 -4.22%
Tue Dec 16 08:00:00 GMT+00:00 2014 Market-Downtrend-Sell 20EMA: (-6.3%)249 shares of EPAM for -1.49
Tue Dec 16 08:00:00 GMT+00:00 2014 Market-Downtrend-Sell 20EMA: (-1.79%)198 shares of BMY for -2.25
Tue Dec 16 08:00:00 GMT+00:00 2014 SELL EPAM x249 for $11513.76 -1.49%
Tue Dec 16 08:00:00 GMT+00:00 2014 SELL BMY x198 for $11422.62 -2.25%
Thu Dec 18 08:00:00 GMT+00:00 2014 BUY: 388 shares of FGEN cost-basis=28.1 for $10883.4 CASH-BAL=108900.515
Thu Dec 18 08:00:00 GMT+00:00 2014 BUY: 171 shares of KRFT cost-basis=63.4 for $10837.98 CASH-BAL=98055.535
Mon Dec 22 08:00:00 GMT+00:00 2014 StopLoss-SoftStop SELL: (-6.23%)388 shares of FGEN for -6.23
Mon Dec 22 08:00:00 GMT+00:00 2014 SELL FGEN x388 for $10212.16 -6.23%
Wed Dec 24 08:00:00 GMT+00:00 2014 BUY: 265 shares of VA cost-basis=41.0 for $10865.0 CASH-BAL=97388.695
Wed Jan 07 08:00:00 GMT+00:00 2015Market-Downtrend-Sell -3%: (-3.11%)265 shares of VA for -3.11
Wed Jan 07 08:00:00 GMT+00:00 2015 SELL VA x265 for $10533.75 -3.11%
Fri Jan 16 08:00:00 GMT+00:00 2015 BUY: 72 shares of AYI cost-basis=151 for $10846.08 CASH-BAL=97062.365
Thu Jan 22 08:00:00 GMT+00:00 2015 BUY: 140 shares of HELE cost-basis=77.5 for $10854.2 CASH-BAL=86201.165
Thu Jan 22 08:00:00 GMT+00:00 2015 BUY: 101 shares of AGU cost-basis=107 for $10827.2 CASH-BAL=75366.965
Fri Jan 23 08:00:00 GMT+00:00 2015 BUY: 123 shares of SBUX cost-basis=88.2 for $10851.06 CASH-BAL=64508.905
Wed Jan 28 08:00:00 GMT+00:00 2015 Adding unprocessed symbols to watchlist: [KLIC]
Thu Jan 29 08:00:00 GMT+00:00 2015 Adding unprocessed symbols to watchlist: [VAR, BA]
Fri Jan 30 08:00:00 GMT+00:00 2015Market-Downtrend-Sell -3%: (-3.04%)140 shares of HELE for -3.04
Fri Jan 30 08:00:00 GMT+00:00 2015 SELL HELE x140 for $10530.8 -3.04%
Thu Feb 05 08:00:00 GMT+00:00 2015 BUY: 151 shares of BLL cost-basis=72.0 for $10876.53 CASH-BAL=64149.175
Fri Feb 06 08:00:00 GMT+00:00 2015 Adding unprocessed symbols to watchlist: [VAR]
Mon Feb 09 08:00:00 GMT+00:00 2015 Adding unprocessed symbols to watchlist: [VAR, KLIC, HAS]
Tue Feb 10 08:00:00 GMT+00:00 2015 Adding unprocessed symbols to watchlist: [SEE, VAR, KLIC]
Wed Feb 11 08:00:00 GMT+00:00 2015 Selling due to underperformance: KRFT 2.6% in 55
Wed Feb 11 08:00:00 GMT+00:00 2015 SELL KRFT x171 for $11126.97 2.6%
Wed Feb 11 08:00:00 GMT+00:00 2015 BUY: 117 shares of VAR cost-basis=92.3 for $10801.44 CASH-BAL=64460.705
Wed Feb 11 08:00:00 GMT+00:00 2015 Adding unprocessed symbols to watchlist: [SCI]
Fri Feb 13 08:00:00 GMT+00:00 2015 BUY: 30 shares of BDX cost-basis=132 for $4311.3 CASH-BAL=60142.405
Fri Feb 13 08:00:00 GMT+00:00 2015 Adding unprocessed symbols to watchlist: [EIGI]
Tue Feb 17 08:00:00 GMT+00:00 2015 Adding unprocessed symbols to watchlist: [CBPO, LCI]
Wed Feb 18 08:00:00 GMT+00:00 2015 Adding unprocessed symbols to watchlist: [LNKD]
Thu Feb 19 08:00:00 GMT+00:00 2015 Adding unprocessed symbols to watchlist: [EPAM]
Mon Feb 23 08:00:00 GMT+00:00 2015 Adding unprocessed symbols to watchlist: [EIGI]
Tue Feb 24 08:00:00 GMT+00:00 2015 Adding unprocessed symbols to watchlist: [EIGI]
Thu Feb 26 08:00:00 GMT+00:00 2015 Adding unprocessed symbols to watchlist: [CBPO]
Fri Feb 27 08:00:00 GMT+00:00 2015 Adding unprocessed symbols to watchlist: [LCI]
Mon Mar 02 08:00:00 GMT+00:00 2015 Adding unprocessed symbols to watchlist: [LCI]
Wed Mar 04 08:00:00 GMT+00:00 2015 Selling due to underperformance: BLL -1.08% in 27
Wed Mar 04 08:00:00 GMT+00:00 2015 SELL BLL x151 for $10766.3 -1.08%
Wed Mar 04 08:00:00 GMT+00:00 2015 BUY: 174 shares of LCI cost-basis=62.3 for $10836.72 CASH-BAL=60057.985
Wed Mar 04 08:00:00 GMT+00:00 2015 Adding unprocessed symbols to watchlist: [OLN, BMY]
Wed Mar 11 08:00:00 GMT+00:00 2015 Market-CautiousUp-Sell 50EMA: (-1.54%)167 shares of BDX for 6.87
Wed Mar 11 08:00:00 GMT+00:00 2015 SELL BDX x167 for $23545.33 6.87%
Wed Mar 11 08:00:00 GMT+00:00 2015 BUY: 368 shares of OLN cost-basis=29.5 for $10870.72 CASH-BAL=72718.595
Wed Mar 18 08:00:00 GMT+00:00 2015 Adding unprocessed symbols to watchlist: [AMBA, BMY]
Thu Mar 19 08:00:00 GMT+00:00 2015 StopLoss-SoftStop SELL: (-5.11%)368 shares of OLN for -5.11
Thu Mar 19 08:00:00 GMT+00:00 2015 SELL OLN x368 for $10322.4 -5.11%
Thu Mar 19 08:00:00 GMT+00:00 2015 Market-Uptrend-Sell 20EMA: (-3.31%)101 shares of AGU for -0.298
Thu Mar 19 08:00:00 GMT+00:00 2015 SELL AGU x101 for $10801.95 -0.298%
Thu Mar 26 08:00:00 GMT+00:00 2015 BUY: 612 shares of SFS cost-basis=17.8 for $10875.24 CASH-BAL=82946.705
Thu Mar 26 08:00:00 GMT+00:00 2015 BUY: 80 shares of SIG cost-basis=135 for $10800.0 CASH-BAL=72139.705
Fri Mar 27 08:00:00 GMT+00:00 2015 Adding unprocessed symbols to watchlist: [EW]
Mon Mar 30 08:00:00 GMT+00:00 2015 BUY: 67 shares of SBUX cost-basis=91.0 for $6430.66 CASH-BAL=65702.045
Mon Mar 30 08:00:00 GMT+00:00 2015 Adding unprocessed symbols to watchlist: [EW]
Tue Mar 31 08:00:00 GMT+00:00 2015 Adding unprocessed symbols to watchlist: [NTDOY]
Wed Apr 01 08:00:00 GMT+00:00 2015 Adding unprocessed symbols to watchlist: [NTDOY]
Wed Apr 08 08:00:00 GMT+00:00 2015 BUY: 38 shares of AYI cost-basis=157 for $6420.48 CASH-BAL=59274.565
Thu Apr 09 08:00:00 GMT+00:00 2015 SBUX: Applying split factor of: 2.0
Fri Apr 10 08:00:00 GMT+00:00 2015 Adding unprocessed symbols to watchlist: [GE]
Mon Apr 20 08:00:00 GMT+00:00 2015 BUY: 97 shares of LCI cost-basis=63.9 for $6474.75 CASH-BAL=52792.815
Mon Apr 27 08:00:00 GMT+00:00 2015 StopLoss-ScaledSoftStop SELL: ($64.539)271 @$61.9 shares of LCI for -3.18
Mon Apr 27 08:00:00 GMT+00:00 2015 SELL LCI x271 for $16774.9 -3.18%
Mon Apr 27 08:00:00 GMT+00:00 2015 Market-Uptrend-Sell 20EMA: (-2.06%)612 shares of SFS for -0.402
Mon Apr 27 08:00:00 GMT+00:00 2015 SELL SFS x612 for $10838.52 -0.402%
Wed Apr 29 08:00:00 GMT+00:00 2015 BUY: 223 shares of XPO cost-basis=48.8 for $10889.09 CASH-BAL=69496.145
Thu Apr 30 08:00:00 GMT+00:00 2015 Market-Uptrend-Sell 20EMA: (-5.65%)117 shares of VAR for -3.82
Thu Apr 30 08:00:00 GMT+00:00 2015 SELL VAR x117 for $10395.45 -3.82%
Thu Apr 30 08:00:00 GMT+00:00 2015 BUY: 455 shares of AVG cost-basis=23.9 for $10883.6 CASH-BAL=68993.995
Fri May 01 08:00:00 GMT+00:00 2015 BUY: 201 shares of BFAM cost-basis=54.1 for $10864.05 CASH-BAL=58122.945
Tue May 05 08:00:00 GMT+00:00 2015 Adding unprocessed symbols to watchlist: [CLGX]
Thu May 07 08:00:00 GMT+00:00 2015 Adding unprocessed symbols to watchlist: [CLGX]
Fri May 08 08:00:00 GMT+00:00 2015 BUY: 87 shares of SBUX cost-basis=46.3 for $4330.86 CASH-BAL=53785.085
Fri May 08 08:00:00 GMT+00:00 2015 Adding unprocessed symbols to watchlist: [CLGX, IMPV]
Tue May 12 08:00:00 GMT+00:00 2015 Adding unprocessed symbols to watchlist: [IPAR]
Mon May 18 08:00:00 GMT+00:00 2015 Adding unprocessed symbols to watchlist: [IPAR]
Wed May 20 08:00:00 GMT+00:00 2015 Adding unprocessed symbols to watchlist: [TWC, IPAR, TTPH]
Tue May 26 08:00:00 GMT+00:00 2015 Adding unprocessed symbols to watchlist: [IPAR]
Wed May 27 08:00:00 GMT+00:00 2015 Selling due to underperformance: SIG -1.41% in 62
Wed May 27 08:00:00 GMT+00:00 2015 SELL SIG x80 for $10654.4 -1.41%
Wed May 27 08:00:00 GMT+00:00 2015 BUY: 327 shares of IPAR cost-basis=33.3 for $10882.56 CASH-BAL=53542.925
Wed May 27 08:00:00 GMT+00:00 2015 Adding unprocessed symbols to watchlist: [AMED]
Thu May 28 08:00:00 GMT+00:00 2015 Adding unprocessed symbols to watchlist: [TTPH]
Fri May 29 08:00:00 GMT+00:00 2015 Adding unprocessed symbols to watchlist: [DGX, AMED, TTPH]
Mon Jun 01 08:00:00 GMT+00:00 2015 Selling due to underperformance: XPO -0.31% in 33
Mon Jun 01 08:00:00 GMT+00:00 2015 SELL XPO x223 for $10862.33 -0.31%
Mon Jun 01 08:00:00 GMT+00:00 2015 BUY: 339 shares of AMED cost-basis=32.1 for $10864.95 CASH-BAL=53526.305
Mon Jun 01 08:00:00 GMT+00:00 2015 Adding unprocessed symbols to watchlist: [DGX]
Tue Jun 02 08:00:00 GMT+00:00 2015 BUY: 24 shares of AYI cost-basis=161 for $4284.24 CASH-BAL=49235.065
Wed Jun 03 08:00:00 GMT+00:00 2015 Adding unprocessed symbols to watchlist: [TTPH]
Tue Jun 09 08:00:00 GMT+00:00 2015 Adding unprocessed symbols to watchlist: [CMN]
Wed Jun 17 08:00:00 GMT+00:00 2015 Adding unprocessed symbols to watchlist: [RDUS]
Fri Jun 19 08:00:00 GMT+00:00 2015 Adding unprocessed symbols to watchlist: [BRLI]
Thu Jun 25 08:00:00 GMT+00:00 2015 BUY: 162 shares of AMED cost-basis=34.6 for $6473.52 CASH-BAL=42754.545
Wed Jul 01 08:00:00 GMT+00:00 2015 BUY: 237 shares of AVG cost-basis=25.1 for $6500.91 CASH-BAL=36246.635
Wed Jul 01 08:00:00 GMT+00:00 2015 Adding unprocessed symbols to watchlist: [ITCI]
Thu Jul 02 08:00:00 GMT+00:00 2015 Adding unprocessed symbols to watchlist: [ITCI]

---- Final Portfolio Holdings as of Sun Jul 05 09:25:08 GMT+00:00 2015 ----
null 134 of AYI with cost basis of 161.0 and pct-chg: 17.4% with % of portfolio weight=17.0%
null 467 of SBUX with cost basis of 46.3 and pct-chg: 17.1% with % of portfolio weight=17.0%
null 692 of AVG with cost basis of 25.1 and pct-chg: 9.66% with % of portfolio weight=12.8%
null 201 of BFAM with cost basis of 54.1 and pct-chg: 6.56% with % of portfolio weight=7.76%
null 327 of IPAR with cost basis of 33.3 and pct-chg: 2.91% with % of portfolio weight=7.51%
null 501 of AMED with cost basis of 34.6 and pct-chg: 18.0% with % of portfolio weight=13.7%

Total Invested Amount = 112911.3 with % of portfolio weight=75.7%
Cash Bal = 36246.635 with % of portfolio weight=24.3%
Net Value = 149157.935

---- Run stats ----
Start-Date: Tue Jan 01 08:00:00 GMT+00:00 2013
End-Date: Sun Jul 05 09:25:08 GMT+00:00 2015
Total Trading days: 916
Net Gain/Loss = 49157.935000000005
Pct Chg = 49.2%
