Fri Jan 03 08:00:00 GMT+00:00 2014 BUY  - MKTO - 242 @41.22 Total=9975.24
Fri Jan 03 08:00:00 GMT+00:00 2014 BUY  - PFPT - 292 @34.18 Total=9980.56
Tue Jan 07 08:00:00 GMT+00:00 2014 BUY  - SPLK - 132 @75.39 Total=9951.48
Thu Jan 09 08:00:00 GMT+00:00 2014 BUY  - M - 179 @55.8 Total=9988.2
Wed Jan 29 08:00:00 GMT+00:00 2014 SELL  - M - 179 @53.39 Total=9556.81
Wed Jan 29 08:00:00 GMT+00:00 2014 SELL  - SPLK - 132 @73.03 Total=9639.96
Wed Jan 29 08:00:00 GMT+00:00 2014 SELL  - PFPT - 292 @34.91 Total=10193.72
Mon Feb 03 08:00:00 GMT+00:00 2014 SELL  - MKTO - 242 @38.83 Total=9396.86
Mon Feb 10 08:00:00 GMT+00:00 2014 BUY  - SALE - 241 @41.33 Total=9960.53
Wed Feb 12 08:00:00 GMT+00:00 2014 BUY  - SN - 315 @31.72 Total=9991.8
Thu Feb 13 08:00:00 GMT+00:00 2014 BUY  - TWC - 69 @144.81 Total=9991.89
Tue Feb 18 08:00:00 GMT+00:00 2014 SELL  - SN - 315 @29.74 Total=9368.1
Wed Feb 19 08:00:00 GMT+00:00 2014 BUY  - FLS - 123 @80.6 Total=9913.8
Wed Feb 26 08:00:00 GMT+00:00 2014 BUY  - HEI - 159 @62.7 Total=9969.3
Tue Mar 04 08:00:00 GMT+00:00 2014 BUY  - NUVA - 254 @39.29 Total=9979.66
Thu Mar 06 08:00:00 GMT+00:00 2014 SELL  - NUVA - 254 @37.29 Total=9471.66
Mon Mar 10 08:00:00 GMT+00:00 2014 SELL  - SALE - 241 @40.6 Total=9784.6
Tue Mar 11 08:00:00 GMT+00:00 2014 BUY  - EMES - 199 @50.1 Total=9969.9
Thu Mar 13 08:00:00 GMT+00:00 2014 SELL  - TWC - 69 @137.49 Total=9486.81
Thu Mar 13 08:00:00 GMT+00:00 2014 SELL  - FLS - 123 @75.74 Total=9316.02
Wed Mar 26 08:00:00 GMT+00:00 2014 SELL  - HEI - 159 @58.74 Total=9339.66
Thu Apr 17 08:00:00 GMT+00:00 2014 BUY  - WSO - 95 @104.18 Total=9897.1
Thu May 01 08:00:00 GMT+00:00 2014 BUY  - KEX - 92 @107.84 Total=9921.28
Wed May 14 08:00:00 GMT+00:00 2014 SELL  - WSO - 95 @100.69 Total=9565.55
Fri May 16 08:00:00 GMT+00:00 2014 SELL  - EMES - 199 @76.4 Total=15203.6
Wed May 28 08:00:00 GMT+00:00 2014 BUY  - CAL - 341 @29.3 Total=9991.3
Mon Jun 02 08:00:00 GMT+00:00 2014 SELL  - CAL - 341 @27.83 Total=9490.03
Tue Jun 17 08:00:00 GMT+00:00 2014 BUY  - JWA - 166 @60.1 Total=9976.6
Thu Jun 19 08:00:00 GMT+00:00 2014 BUY  - GLOG - 334 @29.88 Total=9979.92
Fri Jun 20 08:00:00 GMT+00:00 2014 BUY  - GMLP - 269 @37.08 Total=9974.52
Fri Jun 20 08:00:00 GMT+00:00 2014 BUY  - KS - 300 @33.21 Total=9963.0
Mon Jul 07 08:00:00 GMT+00:00 2014 SELL  - GLOG - 334 @28.23 Total=9428.82
Mon Jul 07 08:00:00 GMT+00:00 2014 SELL  - KS - 300 @30.55 Total=9165.0
Fri Jul 11 08:00:00 GMT+00:00 2014 SELL  - GMLP - 269 @35.05 Total=9428.45
Fri Jul 11 08:00:00 GMT+00:00 2014 BUY  - KEX - 51 @116.49 Total=5940.99
Thu Aug 07 08:00:00 GMT+00:00 2014 SELL  - JWA - 166 @58.94 Total=9784.04
Thu Aug 07 08:00:00 GMT+00:00 2014 SELL  - KEX - 143 @114.95 Total=16437.85
Thu Sep 04 08:00:00 GMT+00:00 2014 BUY  - MEI - 251 @39.72 Total=9969.72
Thu Sep 25 08:00:00 GMT+00:00 2014 SELL  - MEI - 251 @38.04 Total=9548.04
Fri Sep 26 08:00:00 GMT+00:00 2014 BUY  - EIGI - 602 @16.59 Total=9987.18
Wed Oct 01 08:00:00 GMT+00:00 2014 SELL  - EIGI - 602 @15.94 Total=9595.88
Fri Oct 03 08:00:00 GMT+00:00 2014 BUY  - GPN - 130 @76.32 Total=9921.6
Thu Oct 09 08:00:00 GMT+00:00 2014 SELL  - GPN - 130 @73.97 Total=9616.1
Tue Oct 14 08:00:00 GMT+00:00 2014 BUY  - AVA - 293 @34.03 Total=9970.79
Fri Oct 17 08:00:00 GMT+00:00 2014 BUY  - NAVI - 536 @18.61 Total=9974.96
Tue Oct 21 08:00:00 GMT+00:00 2014 BUY  - AKRX - 242 @41.29 Total=9992.18
Mon Oct 27 08:00:00 GMT+00:00 2014 BUY  - EPAM - 213 @46.91 Total=9991.83
Thu Oct 30 08:00:00 GMT+00:00 2014 BUY  - BMY - 169 @58.98 Total=9967.62
Thu Nov 06 08:00:00 GMT+00:00 2014 SELL  - AKRX - 242 @37.88 Total=9166.96
Fri Nov 14 08:00:00 GMT+00:00 2014 SELL  - AVA - 293 @33.46 Total=9803.78
Mon Dec 15 08:00:00 GMT+00:00 2014 BUY  - NAVI - 284 @21.07 Total=5983.88
Tue Dec 16 08:00:00 GMT+00:00 2014 SELL  - EPAM - 213 @46.24 Total=9849.12
Tue Dec 16 08:00:00 GMT+00:00 2014 SELL  - BMY - 169 @57.69 Total=9749.61
Thu Dec 18 08:00:00 GMT+00:00 2014 BUY  - KRFT - 157 @63.38 Total=9950.66
Fri Jan 02 08:00:00 GMT+00:00 2015 BUY  - NAVI - 182 @21.82 Total=3971.24
Mon Jan 05 08:00:00 GMT+00:00 2015 SELL  - NAVI - 1002 @21.1 Total=21142.2
Fri Jan 23 08:00:00 GMT+00:00 2015 BUY  - SBUX - 113 @88.22 Total=9968.86
Thu Jan 29 08:00:00 GMT+00:00 2015 BUY  - VAR - 106 @94.04 Total=9968.24
Thu Jan 29 08:00:00 GMT+00:00 2015 SELL  - SBUX - 113 @89.05 Total=10062.65
Thu Jan 29 08:00:00 GMT+00:00 2015 BUY  - BA - 67 @147.78 Total=9901.26
Tue Feb 10 08:00:00 GMT+00:00 2015 BUY  - SEE - 220 @45.27 Total=9959.4
Wed Feb 11 08:00:00 GMT+00:00 2015 BUY  - SCI - 409 @24.39 Total=9975.51
Fri Mar 06 08:00:00 GMT+00:00 2015 SELL  - KRFT - 157 @62.02 Total=9737.14
Wed Apr 01 08:00:00 GMT+00:00 2015 BUY  - SCI - 228 @26.25 Total=5985.0
Wed Apr 15 08:00:00 GMT+00:00 2015 SELL  - SEE - 220 @44.46 Total=9781.2
Fri Apr 24 08:00:00 GMT+00:00 2015 SELL  - BA - 67 @148.4 Total=9942.8
Tue Apr 28 08:00:00 GMT+00:00 2015 BUY  - HQY - 359 @27.76 Total=9965.84
Wed Apr 29 08:00:00 GMT+00:00 2015 BUY  - XPO - 204 @48.83 Total=9961.32
Thu Apr 30 08:00:00 GMT+00:00 2015 SELL  - VAR - 106 @88.85 Total=9418.1
Thu Apr 30 08:00:00 GMT+00:00 2015 SELL  - HQY - 359 @26.21 Total=9409.39
Fri May 08 08:00:00 GMT+00:00 2015 BUY  - IMPV - 185 @53.98 Total=9986.3
Wed May 20 08:00:00 GMT+00:00 2015 BUY  - TWC - 60 @166.55 Total=9993.0
Tue May 26 08:00:00 GMT+00:00 2015 SELL  - TWC - 60 @183.6 Total=11016.0
Wed May 27 08:00:00 GMT+00:00 2015 BUY  - AMED - 315 @31.67 Total=9976.05
Fri Jun 05 08:00:00 GMT+00:00 2015 BUY  - JUNO - 146 @68.36 Total=9980.56
Tue Jun 09 08:00:00 GMT+00:00 2015 SELL  - JUNO - 146 @62.14 Total=9072.44
Tue Jun 09 08:00:00 GMT+00:00 2015 BUY  - SCI - 137 @29.11 Total=3988.07
Tue Jun 09 08:00:00 GMT+00:00 2015 BUY  - CMN - 192 @52.0 Total=9984.0
Fri Jun 12 08:00:00 GMT+00:00 2015 SELL  - XPO - 204 @47.46 Total=9681.84
Wed Jun 17 08:00:00 GMT+00:00 2015 BUY  - RDUS - 193 @51.73 Total=9983.89
