Fri Jan 09 08:00:00 GMT+00:00 2015 BUY  - SRC - 815 @12.26 Total=9991.9
Thu Jan 22 08:00:00 GMT+00:00 2015 BUY  - TSM - 421 @23.71 Total=9981.91
Fri Jan 23 08:00:00 GMT+00:00 2015 BUY  - SBUX - 113 @88.22 Total=9968.86
Fri Jan 30 08:00:00 GMT+00:00 2015 SELL  - TSM - 421 @22.71 Total=9560.91
Mon Feb 09 08:00:00 GMT+00:00 2015 BUY  - SXT - 169 @58.91 Total=9955.79
Tue Feb 10 08:00:00 GMT+00:00 2015 SELL  - SXT - 169 @58.82 Total=9940.58
Tue Feb 10 08:00:00 GMT+00:00 2015 BUY  - SEE - 220 @45.27 Total=9959.4
Tue Feb 10 08:00:00 GMT+00:00 2015 BUY  - SXT - 169 @58.82 Total=9940.58
Wed Feb 11 08:00:00 GMT+00:00 2015 SELL  - SXT - 169 @59.35 Total=10030.15
Wed Feb 11 08:00:00 GMT+00:00 2015 BUY  - SCI - 409 @24.39 Total=9975.51
Thu Feb 12 08:00:00 GMT+00:00 2015 BUY  - SXT - 165 @60.22 Total=9936.3
Wed Feb 18 08:00:00 GMT+00:00 2015 BUY  - SRC - 474 @12.63 Total=5986.62
Tue Feb 24 08:00:00 GMT+00:00 2015 SELL  - SRC - 1289 @12.25 Total=15790.25
Tue Feb 24 08:00:00 GMT+00:00 2015 BUY  - VEEV - 333 @29.93 Total=9966.69
Wed Mar 04 08:00:00 GMT+00:00 2015 SELL  - VEEV - 333 @25.72 Total=8564.76
Wed Mar 04 08:00:00 GMT+00:00 2015 BUY  - SBUX - 64 @93.06 Total=5955.84
Wed Mar 04 08:00:00 GMT+00:00 2015 BUY  - JD - 360 @27.72 Total=9979.2
Tue Mar 10 08:00:00 GMT+00:00 2015 BUY  - SXT - 93 @64.01 Total=5952.93
Tue Mar 31 08:00:00 GMT+00:00 2015 BUY  - SCI - 230 @26.05 Total=5991.5
Wed Apr 01 08:00:00 GMT+00:00 2015 BUY  - JD - 205 @29.22 Total=5990.1
Wed Apr 15 08:00:00 GMT+00:00 2015 SELL  - SEE - 220 @44.46 Total=9781.2
Fri Apr 17 08:00:00 GMT+00:00 2015 BUY  - SCI - 148 @26.87 Total=3976.76
Fri Apr 17 08:00:00 GMT+00:00 2015 BUY  - NGHC - 518 @19.28 Total=9987.04
Mon Apr 20 08:00:00 GMT+00:00 2015 BUY  - SBUX - 83 @47.97 Total=3981.51
Tue Apr 21 08:00:00 GMT+00:00 2015 BUY  - SXT - 58 @67.76 Total=3930.08
Thu Apr 30 08:00:00 GMT+00:00 2015 SELL  - SXT - 316 @65.36 Total=20653.76
Thu Apr 30 08:00:00 GMT+00:00 2015 BUY  - JD - 118 @33.56 Total=3960.08
Thu Apr 30 08:00:00 GMT+00:00 2015 BUY  - IMS - 362 @27.59 Total=9987.58
Wed May 06 08:00:00 GMT+00:00 2015 SELL  - JD - 683 @32.48 Total=22183.84
Fri May 15 08:00:00 GMT+00:00 2015 BUY  - PAYC - 283 @35.29 Total=9987.07
Thu May 21 08:00:00 GMT+00:00 2015 BUY  - NGHC - 301 @19.89 Total=5986.89
Tue May 26 08:00:00 GMT+00:00 2015 SELL  - NGHC - 819 @19.17 Total=15700.23
Tue May 26 08:00:00 GMT+00:00 2015 BUY  - HEI - 167 @59.55 Total=9944.85
Wed Jun 24 08:00:00 GMT+00:00 2015 BUY  - PAYC - 163 @36.75 Total=5990.25
