Fri Jan 02 08:00:00 GMT+00:00 2015 BUY  - VA - 228 @43.81 Total=9988.68
Fri Jan 02 08:00:00 GMT+00:00 2015 BUY  - CHRS - 631 @15.82 Total=9982.42
Fri Jan 02 08:00:00 GMT+00:00 2015 BUY  - MPLX - 131 @75.9 Total=9942.9
Fri Jan 02 08:00:00 GMT+00:00 2015 BUY  - KMI - 233 @42.81 Total=9974.73
Fri Jan 02 08:00:00 GMT+00:00 2015 BUY  - TUMI - 427 @23.35 Total=9970.45
Mon Jan 05 08:00:00 GMT+00:00 2015 SELL  - VA - 228 @41.68 Total=9503.04
Mon Jan 05 08:00:00 GMT+00:00 2015 SELL  - MPLX - 131 @72.31 Total=9472.61
Mon Jan 05 08:00:00 GMT+00:00 2015 SELL  - KMI - 233 @41.65 Total=9704.45
Mon Jan 05 08:00:00 GMT+00:00 2015 SELL  - TUMI - 427 @22.98 Total=9812.46
Thu Jan 08 08:00:00 GMT+00:00 2015 BUY  - CMG - 13 @719.99 Total=9359.87
Wed Jan 14 08:00:00 GMT+00:00 2015 SELL  - CMG - 13 @709.74 Total=9226.62
Thu Jan 22 08:00:00 GMT+00:00 2015 BUY  - TSM - 421 @23.71 Total=9981.91
Fri Jan 23 08:00:00 GMT+00:00 2015 BUY  - SBUX - 113 @88.22 Total=9968.86
Fri Jan 23 08:00:00 GMT+00:00 2015 BUY  - SABR - 482 @20.71 Total=9982.22
Fri Jan 23 08:00:00 GMT+00:00 2015 BUY  - HLT - 376 @26.56 Total=9986.56
Tue Jan 27 08:00:00 GMT+00:00 2015 SELL  - SABR - 482 @20.06 Total=9668.92
Thu Jan 29 08:00:00 GMT+00:00 2015 SELL  - TSM - 421 @23.29 Total=9805.09
Fri Jan 30 08:00:00 GMT+00:00 2015 SELL  - HLT - 376 @25.97 Total=9764.72
Fri Feb 06 08:00:00 GMT+00:00 2015 BUY  - CME - 106 @94.21 Total=9986.26
Fri Feb 06 08:00:00 GMT+00:00 2015 BUY  - VRSN - 166 @59.97 Total=9955.02
Fri Feb 06 08:00:00 GMT+00:00 2015 BUY  - COMM - 337 @29.62 Total=9981.94
Wed Mar 04 08:00:00 GMT+00:00 2015 BUY  - SBUX - 64 @93.06 Total=5955.84
Fri Mar 06 08:00:00 GMT+00:00 2015 SELL  - CHRS - 631 @27.48 Total=17339.88
Fri Mar 06 08:00:00 GMT+00:00 2015 BUY  - FL - 168 @59.37 Total=9974.16
Tue Mar 10 08:00:00 GMT+00:00 2015 BUY  - VRSN - 95 @62.78 Total=5964.1
Tue Mar 24 08:00:00 GMT+00:00 2015 BUY  - CME - 61 @97.34 Total=5937.74
Thu Mar 26 08:00:00 GMT+00:00 2015 BUY  - VRSN - 61 @64.92 Total=3960.12
Tue Mar 31 08:00:00 GMT+00:00 2015 SELL  - COMM - 337 @28.54 Total=9617.98
Mon Apr 06 08:00:00 GMT+00:00 2015 SELL  - CME - 167 @92.095 Total=15379.865
Tue Apr 07 08:00:00 GMT+00:00 2015 BUY  - FL - 97 @61.55 Total=5970.35
Wed Apr 08 08:00:00 GMT+00:00 2015 BUY  - CUDA - 232 @42.92 Total=9957.44
Wed Apr 08 08:00:00 GMT+00:00 2015 BUY  - KTWO - 430 @23.19 Total=9971.7
Fri Apr 17 08:00:00 GMT+00:00 2015 SELL  - FL - 265 @59.31 Total=15717.15
Fri Apr 17 08:00:00 GMT+00:00 2015 BUY  - CE - 148 @67.18 Total=9942.64
Mon Apr 20 08:00:00 GMT+00:00 2015 BUY  - SBUX - 83 @47.97 Total=3981.51
Fri Apr 24 08:00:00 GMT+00:00 2015 SELL  - VRSN - 322 @65.04 Total=20942.88
Fri Apr 24 08:00:00 GMT+00:00 2015 BUY  - IMS - 344 @29.0 Total=9976.0
Mon Apr 27 08:00:00 GMT+00:00 2015 SELL  - KTWO - 430 @22.0 Total=9460.0
Mon Apr 27 08:00:00 GMT+00:00 2015 BUY  - AVOL - 447 @22.35 Total=9990.45
Thu Apr 30 08:00:00 GMT+00:00 2015 SELL  - CUDA - 232 @40.53 Total=9402.96
Thu Apr 30 08:00:00 GMT+00:00 2015 BUY  - IPHI - 465 @21.45 Total=9974.25
Tue May 05 08:00:00 GMT+00:00 2015 SELL  - IMS - 344 @27.47 Total=9449.68
Tue May 05 08:00:00 GMT+00:00 2015 SELL  - IPHI - 465 @20.31 Total=9444.15
Tue May 05 08:00:00 GMT+00:00 2015 BUY  - IPHI - 492 @20.31 Total=9992.52
Tue May 05 08:00:00 GMT+00:00 2015 BUY  - EXAM - 237 @41.99 Total=9951.63
Wed May 06 08:00:00 GMT+00:00 2015 SELL  - EXAM - 237 @40.01 Total=9482.37
Tue May 12 08:00:00 GMT+00:00 2015 SELL  - CE - 148 @65.73 Total=9728.04
Fri May 15 08:00:00 GMT+00:00 2015 BUY  - PAYC - 283 @35.29 Total=9987.07
Fri May 15 08:00:00 GMT+00:00 2015 BUY  - CRTO - 206 @48.29 Total=9947.74
Tue May 26 08:00:00 GMT+00:00 2015 BUY  - AVOL - 254 @23.52 Total=5974.08
Thu Jun 11 08:00:00 GMT+00:00 2015 SELL  - CRTO - 206 @47.0 Total=9682.0
Thu Jun 11 08:00:00 GMT+00:00 2015 BUY  - MBLY - 197 @50.47 Total=9942.59
Fri Jun 12 08:00:00 GMT+00:00 2015 SELL  - AVOL - 701 @22.88 Total=16038.88
Fri Jun 12 08:00:00 GMT+00:00 2015 BUY  - HQY - 358 @27.89 Total=9984.62
Wed Jun 24 08:00:00 GMT+00:00 2015 BUY  - PAYC - 163 @36.75 Total=5990.25
