Fri Jan 03 08:00:00 GMT+00:00 2014 - PFPT - CUP
Fri Jan 03 08:00:00 GMT+00:00 2014 - YY - CONSOLIDATION
Fri Jan 03 08:00:00 GMT+00:00 2014 - MKTO - DOUBLE_BOTTOM
Mon Jan 06 08:00:00 GMT+00:00 2014 - ANFI - CONSOLIDATION
Mon Jan 06 08:00:00 GMT+00:00 2014 - VOYA - FLAT_BASE
Fri Feb 07 08:00:00 GMT+00:00 2014 - LVNTA - FLAT_BASE
Mon Feb 10 08:00:00 GMT+00:00 2014 - SALE - CUP
Tue Feb 11 08:00:00 GMT+00:00 2014 - REGN - CONSOLIDATION
Tue Feb 11 08:00:00 GMT+00:00 2014 - SCOR - FLAT_BASE
Wed Feb 12 08:00:00 GMT+00:00 2014 - IDTI - CONSOLIDATION
Wed Feb 12 08:00:00 GMT+00:00 2014 - SN - CUP
Wed Feb 12 08:00:00 GMT+00:00 2014 - OPHT - FLAT_BASE
Fri Mar 14 08:00:00 GMT+00:00 2014 - MFRM - CUP_HANDLE
Wed Apr 02 08:00:00 GMT+00:00 2014 - FSS - CUP_HANDLE
Thu Apr 03 08:00:00 GMT+00:00 2014 - NYLDA - CONSOLIDATION
Tue May 27 08:00:00 GMT+00:00 2014 - CAVM - CONSOLIDATION
Wed May 28 08:00:00 GMT+00:00 2014 - CAL - CUP
Thu May 29 08:00:00 GMT+00:00 2014 - ENSG - CONSOLIDATION
Tue Jun 03 08:00:00 GMT+00:00 2014 - BMA - FLAT_BASE
Wed Jun 04 08:00:00 GMT+00:00 2014 - OCR - CUP
Fri Jun 06 08:00:00 GMT+00:00 2014 - DIOD - FLAT_BASE
Fri Jun 06 08:00:00 GMT+00:00 2014 - JOY - CUP
Tue Jun 17 08:00:00 GMT+00:00 2014 - GRC - CONSOLIDATION
Tue Jun 17 08:00:00 GMT+00:00 2014 - JWA - FLAT_BASE
Tue Jun 17 08:00:00 GMT+00:00 2014 - GMCR - CUP_HANDLE
Tue Jun 17 08:00:00 GMT+00:00 2014 - WEX - CONSOLIDATION
Mon Jul 21 08:00:00 GMT+00:00 2014 - TSRA - FLAT_BASE
Tue Jul 22 08:00:00 GMT+00:00 2014 - ACH - CUP
Wed Jul 23 08:00:00 GMT+00:00 2014 - BIIB - CUP_HANDLE
Wed Jul 23 08:00:00 GMT+00:00 2014 - HLX - CUP_HANDLE
Wed Aug 06 08:00:00 GMT+00:00 2014 - ELLI - CONSOLIDATION
Fri Aug 15 08:00:00 GMT+00:00 2014 - KRNY - FLAT_BASE
Fri Aug 15 08:00:00 GMT+00:00 2014 - AWK - FLAT_BASE
Mon Aug 18 08:00:00 GMT+00:00 2014 - AER - FLAT_BASE
Tue Aug 19 08:00:00 GMT+00:00 2014 - DEPO - DOUBLE_BOTTOM
Tue Aug 19 08:00:00 GMT+00:00 2014 - SWIR - CONSOLIDATION
Tue Aug 19 08:00:00 GMT+00:00 2014 - CAVM - CUP
Thu Sep 04 08:00:00 GMT+00:00 2014 - MEI - CUP
Fri Sep 05 08:00:00 GMT+00:00 2014 - JAZZ - CUP_HANDLE
Mon Sep 08 08:00:00 GMT+00:00 2014 - TSU - CUP_HANDLE
Wed Sep 24 08:00:00 GMT+00:00 2014 - ACOR - CONSOLIDATION
Tue Oct 21 08:00:00 GMT+00:00 2014 - CSL - DOUBLE_BOTTOM
Tue Oct 21 08:00:00 GMT+00:00 2014 - AKRX - CONSOLIDATION
Wed Oct 22 08:00:00 GMT+00:00 2014 - ILMN - DOUBLE_BOTTOM
Thu Oct 23 08:00:00 GMT+00:00 2014 - ALXN - CONSOLIDATION
Thu Oct 23 08:00:00 GMT+00:00 2014 - GPI - DOUBLE_BOTTOM
Thu Oct 23 08:00:00 GMT+00:00 2014 - IBP - CONSOLIDATION
Tue Nov 11 08:00:00 GMT+00:00 2014 - IHG - DOUBLE_BOTTOM
Tue Nov 11 08:00:00 GMT+00:00 2014 - RAX - CUP_HANDLE
Tue Nov 11 08:00:00 GMT+00:00 2014 - OMER - CUP
Tue Nov 11 08:00:00 GMT+00:00 2014 - XON - CUP_HANDLE
Fri Dec 12 08:00:00 GMT+00:00 2014 - ADBE - CONSOLIDATION
Thu Dec 18 08:00:00 GMT+00:00 2014 - CTAS - FLAT_BASE
Thu Dec 18 08:00:00 GMT+00:00 2014 - KNL - CUP
Thu Dec 18 08:00:00 GMT+00:00 2014 - KRFT - FLAT_BASE
Fri Dec 19 08:00:00 GMT+00:00 2014 - SXT - FLAT_BASE
Fri Dec 19 08:00:00 GMT+00:00 2014 - TMP - CONSOLIDATION
Fri Dec 19 08:00:00 GMT+00:00 2014 - GLOB - CONSOLIDATION
Thu Jan 08 08:00:00 GMT+00:00 2015 - LABL - FLAT_BASE
Thu Jan 08 08:00:00 GMT+00:00 2015 - BSX - CONSOLIDATION
Thu Jan 08 08:00:00 GMT+00:00 2015 - CMG - FLAT_BASE
Thu Jan 08 08:00:00 GMT+00:00 2015 - TSRO - CUP
Fri Jan 09 08:00:00 GMT+00:00 2015 - DHT - CONSOLIDATION
Thu Jan 22 08:00:00 GMT+00:00 2015 - AGU - CUP
Thu Jan 22 08:00:00 GMT+00:00 2015 - TSM - FLAT_BASE
Thu Jan 22 08:00:00 GMT+00:00 2015 - TTM - DOUBLE_BOTTOM
Fri Jan 23 08:00:00 GMT+00:00 2015 - CSWC - CUP_HANDLE
Fri Jan 23 08:00:00 GMT+00:00 2015 - SBUX - FLAT_BASE
Thu Feb 05 08:00:00 GMT+00:00 2015 - BLL - DOUBLE_BOTTOM
Thu Feb 05 08:00:00 GMT+00:00 2015 - NICE - FLAT_BASE
Thu Feb 05 08:00:00 GMT+00:00 2015 - CEB - CUP_HANDLE
Thu Feb 05 08:00:00 GMT+00:00 2015 - CHTR - FLAT_BASE
Thu Feb 05 08:00:00 GMT+00:00 2015 - SBH - SAUCER_HANDLE
Thu Feb 05 08:00:00 GMT+00:00 2015 - BOOT - CONSOLIDATION
Thu Mar 12 08:00:00 GMT+00:00 2015 - PARR - FLAT_BASE
Thu Mar 12 08:00:00 GMT+00:00 2015 - OLED - CUP
Thu Mar 12 08:00:00 GMT+00:00 2015 - MYRG - FLAT_BASE
Thu Mar 12 08:00:00 GMT+00:00 2015 - TWOU - CUP
Fri Mar 13 08:00:00 GMT+00:00 2015 - SUPN - CUP
Mon Mar 16 08:00:00 GMT+00:00 2015 - REV - FLAT_BASE
Thu Mar 26 08:00:00 GMT+00:00 2015 - SIG - FLAT_BASE
Mon Apr 13 08:00:00 GMT+00:00 2015 - ISRG - FLAT_BASE
Mon Apr 13 08:00:00 GMT+00:00 2015 - STCK - CUP_HANDLE
Mon Apr 13 08:00:00 GMT+00:00 2015 - TSE - CUP_HANDLE
Thu Apr 23 08:00:00 GMT+00:00 2015 - CSL - FLAT_BASE
Thu Apr 23 08:00:00 GMT+00:00 2015 - EXPO - FLAT_BASE
Thu Apr 23 08:00:00 GMT+00:00 2015 - ARRS - CONSOLIDATION
Thu Apr 23 08:00:00 GMT+00:00 2015 - DPZ - FLAT_BASE
Thu Apr 23 08:00:00 GMT+00:00 2015 - PMC - CONSOLIDATION
Thu May 14 08:00:00 GMT+00:00 2015 - CRTO - CONSOLIDATION
Wed May 20 08:00:00 GMT+00:00 2015 - ADI - FLAT_BASE
Wed May 20 08:00:00 GMT+00:00 2015 - ATRI - FLAT_BASE
Wed May 20 08:00:00 GMT+00:00 2015 - TWC - FLAT_BASE
Wed May 20 08:00:00 GMT+00:00 2015 - FLY - FLAT_BASE
Wed May 20 08:00:00 GMT+00:00 2015 - TTPH - CONSOLIDATION
