Fri Jan 03 08:00:00 GMT+00:00 2014 BUY  - PFPT - 584 @34.18 Total=19969.12
Fri Jan 03 08:00:00 GMT+00:00 2014 BUY  - YY - 344 @58.02 Total=19966.88
Fri Jan 03 08:00:00 GMT+00:00 2014 BUY  - MKTO - 485 @41.22 Total=19999.7
Mon Jan 06 08:00:00 GMT+00:00 2014 BUY  - ANFI - 1099 @18.19 Total=19998.81
Mon Jan 06 08:00:00 GMT+00:00 2014 BUY  - VOYA - 545 @36.65 Total=19982.25
Thu Jan 23 08:00:00 GMT+00:00 2014 SELL  - VOYA - 545 @34.45 Total=18767.25
Fri Jan 24 08:00:00 GMT+00:00 2014 SELL  - YY - 344 @59.79 Total=20559.76
Wed Jan 29 08:00:00 GMT+00:00 2014 SELL  - ANFI - 1099 @17.5 Total=19224.5
Wed Jan 29 08:00:00 GMT+00:00 2014 SELL  - MKTO - 485 @40.5 Total=19634.5
Wed Jan 29 08:00:00 GMT+00:00 2014 SELL  - PFPT - 584 @34.91 Total=20379.44
Fri Feb 07 08:00:00 GMT+00:00 2014 BUY  - LVNTA - 158 @126.16 Total=19941.28
Mon Feb 10 08:00:00 GMT+00:00 2014 BUY  - SALE - 483 @41.33 Total=19970.39
Tue Feb 11 08:00:00 GMT+00:00 2014 BUY  - REGN - 61 @326.52 Total=19925.72
Tue Feb 11 08:00:00 GMT+00:00 2014 BUY  - SCOR - 644 @31.0 Total=19972.0
Wed Feb 12 08:00:00 GMT+00:00 2014 BUY  - IDTI - 1698 @11.77 Total=19993.46
Wed Mar 12 08:00:00 GMT+00:00 2014 SELL  - SALE - 483 @37.19 Total=17954.77
Fri Mar 14 08:00:00 GMT+00:00 2014 BUY  - MFRM - 425 @46.99 Total=19978.75
Mon Mar 24 08:00:00 GMT+00:00 2014 SELL  - REGN - 61 @306.37 Total=18680.57
Wed Mar 26 08:00:00 GMT+00:00 2014 SELL  - MFRM - 425 @46.72 Total=19848.0
Wed Mar 26 08:00:00 GMT+00:00 2014 SELL  - IDTI - 1698 @12.03 Total=20418.94
Wed Mar 26 08:00:00 GMT+00:00 2014 SELL  - LVNTA - 158 @130.34 Total=20585.72
Wed Mar 26 08:00:00 GMT+00:00 2014 SELL  - SCOR - 644 @32.58 Total=20973.52
Wed Apr 02 08:00:00 GMT+00:00 2014 BUY  - FSS - 1279 @15.62 Total=19985.98
Thu Apr 03 08:00:00 GMT+00:00 2014 BUY  - NYLDA - 476 @41.93 Total=19966.68
Fri Apr 04 08:00:00 GMT+00:00 2014 SELL  - FSS - 1279 @15.48 Total=19790.92
Fri Apr 04 08:00:00 GMT+00:00 2014 SELL  - NYLDA - 476 @42.8 Total=20364.8
Tue May 27 08:00:00 GMT+00:00 2014 BUY  - CAVM - 404 @49.38 Total=19957.52
Wed May 28 08:00:00 GMT+00:00 2014 BUY  - CAL - 682 @29.3 Total=19990.6
Thu May 29 08:00:00 GMT+00:00 2014 BUY  - ENSG - 424 @47.1 Total=19978.4
Mon Jun 02 08:00:00 GMT+00:00 2014 SELL  - CAL - 682 @27.83 Total=18972.06
Tue Jun 03 08:00:00 GMT+00:00 2014 SELL  - ENSG - 424 @29.53 Total=12512.72
Tue Jun 03 08:00:00 GMT+00:00 2014 BUY  - BMA - 590 @33.83 Total=19967.7
Wed Jun 04 08:00:00 GMT+00:00 2014 BUY  - OCR - 302 @65.99 Total=19936.98
Fri Jun 06 08:00:00 GMT+00:00 2014 BUY  - DIOD - 678 @29.45 Total=19975.1
Fri Jun 06 08:00:00 GMT+00:00 2014 BUY  - JOY - 311 @64.11 Total=19946.21
Thu Jun 12 08:00:00 GMT+00:00 2014 SELL  - JOY - 311 @60.86 Total=18919.46
Mon Jun 16 08:00:00 GMT+00:00 2014 SELL  - BMA - 590 @31.71 Total=18700.9
Tue Jun 17 08:00:00 GMT+00:00 2014 BUY  - GRC - 562 @35.55 Total=19987.1
Tue Jun 17 08:00:00 GMT+00:00 2014 BUY  - JWA - 332 @60.1 Total=19961.2
Thu Jul 17 08:00:00 GMT+00:00 2014 SELL  - CAVM - 404 @46.34 Total=18713.36
Thu Jul 17 08:00:00 GMT+00:00 2014 SELL  - GRC - 562 @33.25 Total=18678.5
Thu Jul 17 08:00:00 GMT+00:00 2014 SELL  - OCR - 302 @64.17 Total=19371.34
Thu Jul 17 08:00:00 GMT+00:00 2014 SELL  - DIOD - 678 @28.63 Total=19403.14
Mon Jul 21 08:00:00 GMT+00:00 2014 BUY  - TSRA - 847 @23.58 Total=19980.26
Tue Jul 22 08:00:00 GMT+00:00 2014 BUY  - ACH - 1866 @10.71 Total=19992.86
Wed Jul 23 08:00:00 GMT+00:00 2014 BUY  - BIIB - 59 @337.6 Total=19926.4
Wed Jul 23 08:00:00 GMT+00:00 2014 BUY  - HLX - 726 @27.51 Total=19980.26
Thu Jul 31 08:00:00 GMT+00:00 2014 SELL  - HLX - 726 @25.43 Total=18454.18
Wed Aug 06 08:00:00 GMT+00:00 2014 BUY  - ELLI - 578 @34.53 Total=19966.34
Thu Aug 07 08:00:00 GMT+00:00 2014 SELL  - BIIB - 59 @320.6 Total=18907.4
Thu Aug 07 08:00:00 GMT+00:00 2014 SELL  - ELLI - 578 @33.49 Total=19349.22
Thu Aug 07 08:00:00 GMT+00:00 2014 SELL  - JWA - 332 @58.94 Total=19560.08
Thu Aug 07 08:00:00 GMT+00:00 2014 SELL  - ACH - 1866 @11.22 Total=20928.52
Thu Aug 07 08:00:00 GMT+00:00 2014 SELL  - TSRA - 847 @26.66 Total=22573.02
Fri Aug 15 08:00:00 GMT+00:00 2014 BUY  - KRNY - 1250 @15.96 Total=19958.0
Fri Aug 15 08:00:00 GMT+00:00 2014 BUY  - AWK - 400 @49.91 Total=19972.0
Mon Aug 18 08:00:00 GMT+00:00 2014 BUY  - AER - 408 @48.94 Total=19975.52
Tue Aug 19 08:00:00 GMT+00:00 2014 BUY  - DEPO - 1338 @14.94 Total=19997.72
Tue Aug 19 08:00:00 GMT+00:00 2014 BUY  - SWIR - 787 @25.4 Total=19997.8
Wed Sep 03 08:00:00 GMT+00:00 2014 SELL  - DEPO - 1338 @13.99 Total=18710.62
Thu Sep 04 08:00:00 GMT+00:00 2014 SELL  - AER - 408 @46.32 Total=18890.56
Thu Sep 04 08:00:00 GMT+00:00 2014 BUY  - MEI - 503 @39.72 Total=19987.16
Fri Sep 05 08:00:00 GMT+00:00 2014 SELL  - KRNY - 1250 @15.19 Total=18979.5
Fri Sep 05 08:00:00 GMT+00:00 2014 BUY  - JAZZ - 118 @168.02 Total=19834.36
Mon Sep 08 08:00:00 GMT+00:00 2014 BUY  - TSU - 679 @29.42 Total=19984.18
Tue Sep 23 08:00:00 GMT+00:00 2014 SELL  - JAZZ - 118 @158.82 Total=18732.76
Tue Sep 23 08:00:00 GMT+00:00 2014 SELL  - AWK - 400 @48.21 Total=19276.0
Wed Sep 24 08:00:00 GMT+00:00 2014 BUY  - ACOR - 531 @37.62 Total=19984.22
Thu Sep 25 08:00:00 GMT+00:00 2014 SELL  - TSU - 679 @27.7 Total=18800.3
Thu Sep 25 08:00:00 GMT+00:00 2014 SELL  - ACOR - 531 @35.54 Total=18863.74
Thu Sep 25 08:00:00 GMT+00:00 2014 SELL  - MEI - 503 @38.04 Total=19126.12
Thu Sep 25 08:00:00 GMT+00:00 2014 SELL  - SWIR - 787 @26.48 Total=20831.76
Tue Oct 21 08:00:00 GMT+00:00 2014 BUY  - CSL - 233 @85.77 Total=19992.41
Tue Oct 21 08:00:00 GMT+00:00 2014 BUY  - AKRX - 484 @41.29 Total=19992.36
Wed Oct 22 08:00:00 GMT+00:00 2014 BUY  - ILMN - 108 @184.82 Total=19968.56
Thu Oct 23 08:00:00 GMT+00:00 2014 BUY  - ALXN - 107 @185.92 Total=19901.44
Thu Oct 23 08:00:00 GMT+00:00 2014 BUY  - GPI - 241 @82.82 Total=19967.62
Thu Nov 06 08:00:00 GMT+00:00 2014 SELL  - AKRX - 484 @37.88 Total=18325.92
Tue Nov 11 08:00:00 GMT+00:00 2014 BUY  - IHG - 491 @40.67 Total=19976.97
Wed Dec 10 08:00:00 GMT+00:00 2014 SELL  - IHG - 491 @39.41 Total=19342.31
Wed Dec 10 08:00:00 GMT+00:00 2014 SELL  - ILMN - 108 @183.86 Total=19848.88
Wed Dec 10 08:00:00 GMT+00:00 2014 SELL  - CSL - 233 @86.56 Total=20160.48
Fri Dec 12 08:00:00 GMT+00:00 2014 SELL  - ALXN - 107 @186.9 Total=19990.3
Fri Dec 12 08:00:00 GMT+00:00 2014 BUY  - ADBE - 262 @76.02 Total=19925.24
Mon Dec 15 08:00:00 GMT+00:00 2014 SELL  - GPI - 241 @85.84 Total=20679.44
Tue Dec 16 08:00:00 GMT+00:00 2014 SELL  - ADBE - 262 @72.32 Total=18939.84
Thu Dec 18 08:00:00 GMT+00:00 2014 BUY  - CTAS - 268 @74.49 Total=19971.32
Thu Dec 18 08:00:00 GMT+00:00 2014 BUY  - KNL - 975 @20.5 Total=19995.5
Thu Dec 18 08:00:00 GMT+00:00 2014 BUY  - KRFT - 315 @63.38 Total=19972.7
Fri Dec 19 08:00:00 GMT+00:00 2014 BUY  - SXT - 326 @61.15 Total=19942.9
Fri Dec 19 08:00:00 GMT+00:00 2014 BUY  - TMP - 374 @53.34 Total=19957.16
Mon Jan 05 08:00:00 GMT+00:00 2015 SELL  - SXT - 326 @58.79 Total=19157.54
Mon Jan 05 08:00:00 GMT+00:00 2015 SELL  - KRFT - 315 @61.85 Total=19474.75
Mon Jan 05 08:00:00 GMT+00:00 2015 SELL  - KNL - 975 @20.58 Total=20057.5
Mon Jan 05 08:00:00 GMT+00:00 2015 SELL  - TMP - 374 @53.27 Total=19914.98
Mon Jan 05 08:00:00 GMT+00:00 2015 SELL  - CTAS - 268 @77.02 Total=20633.36
Thu Jan 08 08:00:00 GMT+00:00 2015 BUY  - LABL - 344 @58.0 Total=19960.0
Thu Jan 08 08:00:00 GMT+00:00 2015 BUY  - BSX - 1370 @14.59 Total=19996.3
Thu Jan 08 08:00:00 GMT+00:00 2015 BUY  - CMG - 27 @719.99 Total=19447.73
Thu Jan 08 08:00:00 GMT+00:00 2015 BUY  - TSRO - 480 @41.61 Total=19980.8
Fri Jan 09 08:00:00 GMT+00:00 2015 BUY  - DHT - 2258 @8.85 Total=19991.3
Mon Jan 12 08:00:00 GMT+00:00 2015 SELL  - LABL - 344 @56.93 Total=19575.92
Mon Jan 12 08:00:00 GMT+00:00 2015 SELL  - CMG - 27 @711.7 Total=19207.9
Mon Jan 12 08:00:00 GMT+00:00 2015 SELL  - BSX - 1370 @14.58 Total=19966.6
Mon Jan 12 08:00:00 GMT+00:00 2015 SELL  - TSRO - 480 @42.59 Total=20435.2
Mon Jan 12 08:00:00 GMT+00:00 2015 SELL  - DHT - 2258 @9.05 Total=20426.9
Thu Jan 22 08:00:00 GMT+00:00 2015 BUY  - AGU - 186 @107.2 Total=19947.2
Thu Jan 22 08:00:00 GMT+00:00 2015 BUY  - TSM - 843 @23.71 Total=19995.53
Thu Jan 22 08:00:00 GMT+00:00 2015 BUY  - TTM - 409 @48.84 Total=19983.56
Fri Jan 23 08:00:00 GMT+00:00 2015 BUY  - CSWC - 469 @42.59 Total=19982.71
Fri Jan 23 08:00:00 GMT+00:00 2015 BUY  - SBUX - 226 @88.22 Total=19945.72
Tue Jan 27 08:00:00 GMT+00:00 2015 SELL  - AGU - 186 @106.25 Total=19754.5
Tue Jan 27 08:00:00 GMT+00:00 2015 SELL  - SBUX - 226 @88.34 Total=19956.84
Tue Jan 27 08:00:00 GMT+00:00 2015 SELL  - TSM - 843 @24.19 Total=20384.17
Tue Jan 27 08:00:00 GMT+00:00 2015 SELL  - CSWC - 469 @43.18 Total=20243.42
Tue Jan 27 08:00:00 GMT+00:00 2015 SELL  - TTM - 409 @50.66 Total=20711.94
Thu Feb 05 08:00:00 GMT+00:00 2015 BUY  - BLL - 277 @72.03 Total=19960.31
Thu Feb 05 08:00:00 GMT+00:00 2015 BUY  - NICE - 377 @52.98 Total=19981.46
Thu Feb 05 08:00:00 GMT+00:00 2015 BUY  - CEB - 254 @78.45 Total=19934.3
Thu Feb 05 08:00:00 GMT+00:00 2015 BUY  - CHTR - 114 @174.295 Total=19877.63
Thu Feb 05 08:00:00 GMT+00:00 2015 BUY  - SBH - 620 @32.24 Total=19996.8
Tue Mar 10 08:00:00 GMT+00:00 2015 SELL  - BLL - 277 @70.02 Total=19387.54
Thu Mar 12 08:00:00 GMT+00:00 2015 BUY  - PARR - 995 @20.08 Total=19987.6
Fri Mar 13 08:00:00 GMT+00:00 2015 SELL  - CEB - 254 @76.47 Total=19415.38
Fri Mar 13 08:00:00 GMT+00:00 2015 BUY  - SUPN - 1698 @11.77 Total=19993.46
Mon Mar 16 08:00:00 GMT+00:00 2015 SELL  - SUPN - 1698 @11.17 Total=18958.66
Mon Mar 16 08:00:00 GMT+00:00 2015 BUY  - REV - 548 @36.45 Total=19982.6
Thu Mar 26 08:00:00 GMT+00:00 2015 SELL  - CHTR - 114 @181.75 Total=20711.5
Thu Mar 26 08:00:00 GMT+00:00 2015 BUY  - SIG - 148 @135.0 Total=19988.0
Mon Apr 13 08:00:00 GMT+00:00 2015 SELL  - SBH - 620 @32.79 Total=20321.8
Mon Apr 13 08:00:00 GMT+00:00 2015 BUY  - ISRG - 36 @542.31 Total=19531.16
Thu Apr 23 08:00:00 GMT+00:00 2015 SELL  - ISRG - 36 @512.77 Total=18451.72
Thu Apr 23 08:00:00 GMT+00:00 2015 BUY  - CSL - 201 @99.08 Total=19923.08
Wed May 06 08:00:00 GMT+00:00 2015 SELL  - CSL - 201 @97.09 Total=19507.09
Wed May 06 08:00:00 GMT+00:00 2015 SELL  - SIG - 148 @134.86 Total=19951.28
Wed May 06 08:00:00 GMT+00:00 2015 SELL  - REV - 548 @38.88 Total=21298.24
Wed May 06 08:00:00 GMT+00:00 2015 SELL  - NICE - 377 @59.49 Total=22419.73
Wed May 06 08:00:00 GMT+00:00 2015 SELL  - PARR - 995 @23.31 Total=23185.45
Thu May 14 08:00:00 GMT+00:00 2015 BUY  - CRTO - 420 @47.5 Total=19958.0
Wed May 20 08:00:00 GMT+00:00 2015 BUY  - ADI - 302 @66.18 Total=19994.36
Wed May 20 08:00:00 GMT+00:00 2015 BUY  - ATRI - 54 @369.27 Total=19948.58
Wed May 20 08:00:00 GMT+00:00 2015 BUY  - TWC - 120 @166.55 Total=19994.0
Wed May 20 08:00:00 GMT+00:00 2015 BUY  - FLY - 1256 @15.91 Total=19990.96
