Start Date: Wed Jan 01 08:00:00 GMT+00:00 2014
End Date: Sun Jun 21 22:47:50 GMT+00:00 2015
Initial Cash: 100000.0
Num Positions: 5
-----------------
Fri Jan 03 08:00:00 GMT+00:00 2014 BUY: 584 shares of PFPT cost-basis=34.2
Fri Jan 03 08:00:00 GMT+00:00 2014 BUY PFPT x584 for $19969.12 CASH-BAL=80030.88
Fri Jan 03 08:00:00 GMT+00:00 2014 BUY: 344 shares of YY cost-basis=58.0
Fri Jan 03 08:00:00 GMT+00:00 2014 BUY YY x344 for $19966.88 CASH-BAL=60064.0
Fri Jan 03 08:00:00 GMT+00:00 2014 BUY: 485 shares of MKTO cost-basis=41.2
Fri Jan 03 08:00:00 GMT+00:00 2014 BUY MKTO x485 for $19999.7 CASH-BAL=40064.3
Mon Jan 06 08:00:00 GMT+00:00 2014 BUY: 1099 shares of ANFI cost-basis=18.2
Mon Jan 06 08:00:00 GMT+00:00 2014 BUY ANFI x1099 for $19998.81 CASH-BAL=20065.49
Mon Jan 06 08:00:00 GMT+00:00 2014 BUY: 545 shares of VOYA cost-basis=36.7
Mon Jan 06 08:00:00 GMT+00:00 2014 BUY VOYA x545 for $19982.25 CASH-BAL=83.24
Thu Jan 23 08:00:00 GMT+00:00 2014 StopLoss SELL: (-6.04%)545 shares of VOYA for -6.04
Thu Jan 23 08:00:00 GMT+00:00 2014 SELL VOYA x545 for $18767.25 CASH-BAL=18850.49
Fri Jan 24 08:00:00 GMT+00:00 2014Market-CautiousUp-Sell 20EMA: (-3.47%)344 shares of YY for 3.01
Fri Jan 24 08:00:00 GMT+00:00 2014 SELL YY x344 for $20559.76 CASH-BAL=39410.25
Wed Jan 29 08:00:00 GMT+00:00 2014 Market-Downtrend-Sell : (-3.83%)1099 shares of ANFI for -3.83
Wed Jan 29 08:00:00 GMT+00:00 2014 Market-Downtrend-Sell : (-1.79%)485 shares of MKTO for -1.79
Wed Jan 29 08:00:00 GMT+00:00 2014 Market-Downtrend-Sell : (2.09%)584 shares of PFPT for 2.09
Wed Jan 29 08:00:00 GMT+00:00 2014 SELL ANFI x1099 for $19224.5 CASH-BAL=58634.75
Wed Jan 29 08:00:00 GMT+00:00 2014 SELL MKTO x485 for $19634.5 CASH-BAL=78269.25
Wed Jan 29 08:00:00 GMT+00:00 2014 SELL PFPT x584 for $20379.44 CASH-BAL=98648.69
Fri Feb 07 08:00:00 GMT+00:00 2014 BUY: 158 shares of LVNTA cost-basis=126
Fri Feb 07 08:00:00 GMT+00:00 2014 BUY LVNTA x158 for $19941.28 CASH-BAL=78707.41
Mon Feb 10 08:00:00 GMT+00:00 2014 BUY: 483 shares of SALE cost-basis=41.3
Mon Feb 10 08:00:00 GMT+00:00 2014 BUY SALE x483 for $19970.39 CASH-BAL=58737.02
Tue Feb 11 08:00:00 GMT+00:00 2014 BUY: 61 shares of REGN cost-basis=327
Tue Feb 11 08:00:00 GMT+00:00 2014 BUY REGN x61 for $19925.72 CASH-BAL=38811.3
Tue Feb 11 08:00:00 GMT+00:00 2014 BUY: 644 shares of SCOR cost-basis=31.0
Tue Feb 11 08:00:00 GMT+00:00 2014 BUY SCOR x644 for $19972.0 CASH-BAL=18839.3
Wed Feb 12 08:00:00 GMT+00:00 2014 BUY: 1698 shares of IDTI cost-basis=11.8
Wed Feb 12 08:00:00 GMT+00:00 2014 BUY IDTI x1698 for $19993.46 CASH-BAL=-1154.16
Wed Mar 12 08:00:00 GMT+00:00 2014 StopLoss SELL: (-10.1%)483 shares of SALE for -10.1
Wed Mar 12 08:00:00 GMT+00:00 2014 SELL SALE x483 for $17954.77 CASH-BAL=16800.61
Fri Mar 14 08:00:00 GMT+00:00 2014 BUY: 425 shares of MFRM cost-basis=47.0
Fri Mar 14 08:00:00 GMT+00:00 2014 BUY MFRM x425 for $19978.75 CASH-BAL=-3178.14
Mon Mar 24 08:00:00 GMT+00:00 2014 StopLoss SELL: (-6.21%)61 shares of REGN for -6.21
Mon Mar 24 08:00:00 GMT+00:00 2014 SELL REGN x61 for $18680.57 CASH-BAL=15502.43
Wed Mar 26 08:00:00 GMT+00:00 2014 Market-Downtrend-Sell : (-0.614%)425 shares of MFRM for -0.614
Wed Mar 26 08:00:00 GMT+00:00 2014 Market-Downtrend-Sell : (2.17%)1698 shares of IDTI for 2.17
Wed Mar 26 08:00:00 GMT+00:00 2014 Market-Downtrend-Sell : (3.27%)158 shares of LVNTA for 3.27
Wed Mar 26 08:00:00 GMT+00:00 2014 Market-Downtrend-Sell : (5.05%)644 shares of SCOR for 5.05
Wed Mar 26 08:00:00 GMT+00:00 2014 SELL MFRM x425 for $19848.0 CASH-BAL=35350.43
Wed Mar 26 08:00:00 GMT+00:00 2014 SELL IDTI x1698 for $20418.94 CASH-BAL=55769.37
Wed Mar 26 08:00:00 GMT+00:00 2014 SELL LVNTA x158 for $20585.72 CASH-BAL=76355.09
Wed Mar 26 08:00:00 GMT+00:00 2014 SELL SCOR x644 for $20973.52 CASH-BAL=97328.61
Wed Apr 02 08:00:00 GMT+00:00 2014 BUY: 1279 shares of FSS cost-basis=15.6
Wed Apr 02 08:00:00 GMT+00:00 2014 BUY FSS x1279 for $19985.98 CASH-BAL=77342.63
Thu Apr 03 08:00:00 GMT+00:00 2014 BUY: 476 shares of NYLDA cost-basis=41.9
Thu Apr 03 08:00:00 GMT+00:00 2014 BUY NYLDA x476 for $19966.68 CASH-BAL=57375.95
Fri Apr 04 08:00:00 GMT+00:00 2014 Market-Downtrend-Sell : (-0.936%)1279 shares of FSS for -0.936
Fri Apr 04 08:00:00 GMT+00:00 2014 Market-Downtrend-Sell : (2.03%)476 shares of NYLDA for 2.03
Fri Apr 04 08:00:00 GMT+00:00 2014 SELL FSS x1279 for $19790.92 CASH-BAL=77166.87
Fri Apr 04 08:00:00 GMT+00:00 2014 SELL NYLDA x476 for $20364.8 CASH-BAL=97531.67
Tue May 27 08:00:00 GMT+00:00 2014 BUY: 404 shares of CAVM cost-basis=49.4
Tue May 27 08:00:00 GMT+00:00 2014 BUY CAVM x404 for $19957.52 CASH-BAL=77574.15
Wed May 28 08:00:00 GMT+00:00 2014 BUY: 682 shares of CAL cost-basis=29.3
Wed May 28 08:00:00 GMT+00:00 2014 BUY CAL x682 for $19990.6 CASH-BAL=57583.55
Thu May 29 08:00:00 GMT+00:00 2014 BUY: 424 shares of ENSG cost-basis=47.1
Thu May 29 08:00:00 GMT+00:00 2014 BUY ENSG x424 for $19978.4 CASH-BAL=37605.15
Mon Jun 02 08:00:00 GMT+00:00 2014 StopLoss SELL: (-5.06%)682 shares of CAL for -5.06
Mon Jun 02 08:00:00 GMT+00:00 2014 SELL CAL x682 for $18972.06 CASH-BAL=56577.21
Tue Jun 03 08:00:00 GMT+00:00 2014 StopLoss SELL: (-37.3%)424 shares of ENSG for -37.3
Tue Jun 03 08:00:00 GMT+00:00 2014 SELL ENSG x424 for $12512.72 CASH-BAL=69089.93
Tue Jun 03 08:00:00 GMT+00:00 2014 BUY: 590 shares of BMA cost-basis=33.8
Tue Jun 03 08:00:00 GMT+00:00 2014 BUY BMA x590 for $19967.7 CASH-BAL=49122.23
Wed Jun 04 08:00:00 GMT+00:00 2014 BUY: 302 shares of OCR cost-basis=66.0
Wed Jun 04 08:00:00 GMT+00:00 2014 BUY OCR x302 for $19936.98 CASH-BAL=29185.25
Fri Jun 06 08:00:00 GMT+00:00 2014 BUY: 678 shares of DIOD cost-basis=29.5
Fri Jun 06 08:00:00 GMT+00:00 2014 BUY DIOD x678 for $19975.1 CASH-BAL=9210.15
Fri Jun 06 08:00:00 GMT+00:00 2014 BUY: 311 shares of JOY cost-basis=64.1
Fri Jun 06 08:00:00 GMT+00:00 2014 BUY JOY x311 for $19946.21 CASH-BAL=-10736.06
Thu Jun 12 08:00:00 GMT+00:00 2014 StopLoss SELL: (-5.11%)311 shares of JOY for -5.11
Thu Jun 12 08:00:00 GMT+00:00 2014 SELL JOY x311 for $18919.46 CASH-BAL=8183.4
Mon Jun 16 08:00:00 GMT+00:00 2014 StopLoss SELL: (-6.3%)590 shares of BMA for -6.3
Mon Jun 16 08:00:00 GMT+00:00 2014 SELL BMA x590 for $18700.9 CASH-BAL=26884.3
Tue Jun 17 08:00:00 GMT+00:00 2014 BUY: 562 shares of GRC cost-basis=35.6
Tue Jun 17 08:00:00 GMT+00:00 2014 BUY GRC x562 for $19987.1 CASH-BAL=6897.2
Tue Jun 17 08:00:00 GMT+00:00 2014 BUY: 332 shares of JWA cost-basis=60.1
Tue Jun 17 08:00:00 GMT+00:00 2014 BUY JWA x332 for $19961.2 CASH-BAL=-13064.0
Thu Jul 17 08:00:00 GMT+00:00 2014 StopLoss SELL: (-6.19%)404 shares of CAVM for -6.19
Thu Jul 17 08:00:00 GMT+00:00 2014 StopLoss SELL: (-6.51%)562 shares of GRC for -6.51
Thu Jul 17 08:00:00 GMT+00:00 2014 SELL CAVM x404 for $18713.36 CASH-BAL=5649.36
Thu Jul 17 08:00:00 GMT+00:00 2014 SELL GRC x562 for $18678.5 CASH-BAL=24327.86
Thu Jul 17 08:00:00 GMT+00:00 2014Market-CautiousUp-Sell 20EMA: (-1.82%)302 shares of OCR for -2.8
Thu Jul 17 08:00:00 GMT+00:00 2014Market-CautiousUp-Sell -2.5%: (-1.18%)678 shares of DIOD for -2.82
Thu Jul 17 08:00:00 GMT+00:00 2014 SELL OCR x302 for $19371.34 CASH-BAL=43699.2
Thu Jul 17 08:00:00 GMT+00:00 2014 SELL DIOD x678 for $19403.14 CASH-BAL=63102.34
Mon Jul 21 08:00:00 GMT+00:00 2014 BUY: 847 shares of TSRA cost-basis=23.6
Mon Jul 21 08:00:00 GMT+00:00 2014 BUY TSRA x847 for $19980.26 CASH-BAL=43122.08
Tue Jul 22 08:00:00 GMT+00:00 2014 BUY: 1866 shares of ACH cost-basis=10.7
Tue Jul 22 08:00:00 GMT+00:00 2014 BUY ACH x1866 for $19992.86 CASH-BAL=23129.22
Wed Jul 23 08:00:00 GMT+00:00 2014 BUY: 59 shares of BIIB cost-basis=338
Wed Jul 23 08:00:00 GMT+00:00 2014 BUY BIIB x59 for $19926.4 CASH-BAL=3202.82
Wed Jul 23 08:00:00 GMT+00:00 2014 BUY: 726 shares of HLX cost-basis=27.5
Wed Jul 23 08:00:00 GMT+00:00 2014 BUY HLX x726 for $19980.26 CASH-BAL=-16777.44
Thu Jul 31 08:00:00 GMT+00:00 2014 StopLoss SELL: (-7.6%)726 shares of HLX for -7.6
Thu Jul 31 08:00:00 GMT+00:00 2014 SELL HLX x726 for $18454.18 CASH-BAL=1676.74
Wed Aug 06 08:00:00 GMT+00:00 2014 BUY: 578 shares of ELLI cost-basis=34.5
Wed Aug 06 08:00:00 GMT+00:00 2014 BUY ELLI x578 for $19966.34 CASH-BAL=-18289.6
Thu Aug 07 08:00:00 GMT+00:00 2014 StopLoss SELL: (-5.07%)59 shares of BIIB for -5.07
Thu Aug 07 08:00:00 GMT+00:00 2014 SELL BIIB x59 for $18907.4 CASH-BAL=617.8
Thu Aug 07 08:00:00 GMT+00:00 2014 Market-Downtrend-Sell : (-3.05%)578 shares of ELLI for -3.05
Thu Aug 07 08:00:00 GMT+00:00 2014 Market-Downtrend-Sell : (-1.97%)332 shares of JWA for -1.97
Thu Aug 07 08:00:00 GMT+00:00 2014 Market-Downtrend-Sell : (4.72%)1866 shares of ACH for 4.72
Thu Aug 07 08:00:00 GMT+00:00 2014 Market-Downtrend-Sell : (13.0%)847 shares of TSRA for 13.0
Thu Aug 07 08:00:00 GMT+00:00 2014 SELL ELLI x578 for $19349.22 CASH-BAL=19967.02
Thu Aug 07 08:00:00 GMT+00:00 2014 SELL JWA x332 for $19560.08 CASH-BAL=39527.1
Thu Aug 07 08:00:00 GMT+00:00 2014 SELL ACH x1866 for $20928.52 CASH-BAL=60455.62
Thu Aug 07 08:00:00 GMT+00:00 2014 SELL TSRA x847 for $22573.02 CASH-BAL=83028.64
Fri Aug 15 08:00:00 GMT+00:00 2014 BUY: 1250 shares of KRNY cost-basis=16.0
Fri Aug 15 08:00:00 GMT+00:00 2014 BUY KRNY x1250 for $19958.0 CASH-BAL=63070.64
Fri Aug 15 08:00:00 GMT+00:00 2014 BUY: 400 shares of AWK cost-basis=49.9
Fri Aug 15 08:00:00 GMT+00:00 2014 BUY AWK x400 for $19972.0 CASH-BAL=43098.64
Mon Aug 18 08:00:00 GMT+00:00 2014 BUY: 408 shares of AER cost-basis=49.0
Mon Aug 18 08:00:00 GMT+00:00 2014 BUY AER x408 for $19975.52 CASH-BAL=23123.12
Tue Aug 19 08:00:00 GMT+00:00 2014 BUY: 1338 shares of DEPO cost-basis=14.9
Tue Aug 19 08:00:00 GMT+00:00 2014 BUY DEPO x1338 for $19997.72 CASH-BAL=3125.4
Tue Aug 19 08:00:00 GMT+00:00 2014 BUY: 787 shares of SWIR cost-basis=25.4
Tue Aug 19 08:00:00 GMT+00:00 2014 BUY SWIR x787 for $19997.8 CASH-BAL=-16872.4
Wed Sep 03 08:00:00 GMT+00:00 2014 StopLoss SELL: (-6.4%)1338 shares of DEPO for -6.4
Wed Sep 03 08:00:00 GMT+00:00 2014 SELL DEPO x1338 for $18710.62 CASH-BAL=1838.22
Thu Sep 04 08:00:00 GMT+00:00 2014 StopLoss SELL: (-5.39%)408 shares of AER for -5.39
Thu Sep 04 08:00:00 GMT+00:00 2014 SELL AER x408 for $18890.56 CASH-BAL=20728.78
Thu Sep 04 08:00:00 GMT+00:00 2014 BUY: 503 shares of MEI cost-basis=39.7
Thu Sep 04 08:00:00 GMT+00:00 2014 BUY MEI x503 for $19987.16 CASH-BAL=741.62
Fri Sep 05 08:00:00 GMT+00:00 2014 TA-SELL 50SMA: (-1.2%)1250 shares of KRNY for -4.86
Fri Sep 05 08:00:00 GMT+00:00 2014 SELL KRNY x1250 for $18979.5 CASH-BAL=19721.12
Fri Sep 05 08:00:00 GMT+00:00 2014 BUY: 118 shares of JAZZ cost-basis=168
Fri Sep 05 08:00:00 GMT+00:00 2014 BUY JAZZ x118 for $19834.36 CASH-BAL=-113.24
Mon Sep 08 08:00:00 GMT+00:00 2014 BUY: 679 shares of TSU cost-basis=29.4
Mon Sep 08 08:00:00 GMT+00:00 2014 BUY TSU x679 for $19984.18 CASH-BAL=-20097.42
Tue Sep 23 08:00:00 GMT+00:00 2014 StopLoss SELL: (-5.51%)118 shares of JAZZ for -5.51
Tue Sep 23 08:00:00 GMT+00:00 2014 SELL JAZZ x118 for $18732.76 CASH-BAL=-1364.66
Tue Sep 23 08:00:00 GMT+00:00 2014 TA-SELL 50SMA: (-1.61%)400 shares of AWK for -3.44
Tue Sep 23 08:00:00 GMT+00:00 2014 SELL AWK x400 for $19276.0 CASH-BAL=17911.34
Wed Sep 24 08:00:00 GMT+00:00 2014 BUY: 531 shares of ACOR cost-basis=37.6
Wed Sep 24 08:00:00 GMT+00:00 2014 BUY ACOR x531 for $19984.22 CASH-BAL=-2072.88
Thu Sep 25 08:00:00 GMT+00:00 2014 StopLoss SELL: (-5.88%)679 shares of TSU for -5.88
Thu Sep 25 08:00:00 GMT+00:00 2014 StopLoss SELL: (-5.57%)531 shares of ACOR for -5.57
Thu Sep 25 08:00:00 GMT+00:00 2014 SELL TSU x679 for $18800.3 CASH-BAL=16727.42
Thu Sep 25 08:00:00 GMT+00:00 2014 SELL ACOR x531 for $18863.74 CASH-BAL=35591.16
Thu Sep 25 08:00:00 GMT+00:00 2014 Market-Downtrend-Sell : (-4.27%)503 shares of MEI for -4.27
Thu Sep 25 08:00:00 GMT+00:00 2014 Market-Downtrend-Sell : (4.21%)787 shares of SWIR for 4.21
Thu Sep 25 08:00:00 GMT+00:00 2014 SELL MEI x503 for $19126.12 CASH-BAL=54717.28
Thu Sep 25 08:00:00 GMT+00:00 2014 SELL SWIR x787 for $20831.76 CASH-BAL=75549.04
Tue Oct 21 08:00:00 GMT+00:00 2014 BUY: 233 shares of CSL cost-basis=85.8
Tue Oct 21 08:00:00 GMT+00:00 2014 BUY CSL x233 for $19992.41 CASH-BAL=55556.63
Tue Oct 21 08:00:00 GMT+00:00 2014 BUY: 484 shares of AKRX cost-basis=41.3
Tue Oct 21 08:00:00 GMT+00:00 2014 BUY AKRX x484 for $19992.36 CASH-BAL=35564.27
Wed Oct 22 08:00:00 GMT+00:00 2014 BUY: 108 shares of ILMN cost-basis=185
Wed Oct 22 08:00:00 GMT+00:00 2014 BUY ILMN x108 for $19968.56 CASH-BAL=15595.71
Thu Oct 23 08:00:00 GMT+00:00 2014 BUY: 107 shares of ALXN cost-basis=186
Thu Oct 23 08:00:00 GMT+00:00 2014 BUY ALXN x107 for $19901.44 CASH-BAL=-4305.73
Thu Oct 23 08:00:00 GMT+00:00 2014 BUY: 241 shares of GPI cost-basis=82.9
Thu Oct 23 08:00:00 GMT+00:00 2014 BUY GPI x241 for $19967.62 CASH-BAL=-24273.35
Thu Nov 06 08:00:00 GMT+00:00 2014 StopLoss SELL: (-8.3%)484 shares of AKRX for -8.3
Thu Nov 06 08:00:00 GMT+00:00 2014 SELL AKRX x484 for $18325.92 CASH-BAL=-5947.43
Tue Nov 11 08:00:00 GMT+00:00 2014 BUY: 491 shares of IHG cost-basis=40.7
Tue Nov 11 08:00:00 GMT+00:00 2014 BUY IHG x491 for $19976.97 CASH-BAL=-25924.4
Wed Dec 10 08:00:00 GMT+00:00 2014Market-CautiousUp-Sell 20EMA: (-2.31%)491 shares of IHG for -3.14
Wed Dec 10 08:00:00 GMT+00:00 2014Market-CautiousUp-Sell 20EMA: (-2.09%)108 shares of ILMN for -0.559
Wed Dec 10 08:00:00 GMT+00:00 2014Market-CautiousUp-Sell 20EMA: (-2.51%)233 shares of CSL for 0.881
Wed Dec 10 08:00:00 GMT+00:00 2014 SELL IHG x491 for $19342.31 CASH-BAL=-6582.09
Wed Dec 10 08:00:00 GMT+00:00 2014 SELL ILMN x108 for $19848.88 CASH-BAL=13266.79
Wed Dec 10 08:00:00 GMT+00:00 2014 SELL CSL x233 for $20160.48 CASH-BAL=33427.27
Fri Dec 12 08:00:00 GMT+00:00 2014Market-CautiousUp-Sell 20EMA: (-3.29%)107 shares of ALXN for 0.487
Fri Dec 12 08:00:00 GMT+00:00 2014 SELL ALXN x107 for $19990.3 CASH-BAL=53417.57
Fri Dec 12 08:00:00 GMT+00:00 2014 BUY: 262 shares of ADBE cost-basis=76.1
Fri Dec 12 08:00:00 GMT+00:00 2014 BUY ADBE x262 for $19925.24 CASH-BAL=33492.33
Mon Dec 15 08:00:00 GMT+00:00 2014Market-CautiousUp-Sell 20EMA: (-3.06%)241 shares of GPI for 3.6
Mon Dec 15 08:00:00 GMT+00:00 2014 SELL GPI x241 for $20679.44 CASH-BAL=54171.77
Tue Dec 16 08:00:00 GMT+00:00 2014 Market-Downtrend-Sell : (-4.91%)262 shares of ADBE for -4.91
Tue Dec 16 08:00:00 GMT+00:00 2014 SELL ADBE x262 for $18939.84 CASH-BAL=73111.61
Thu Dec 18 08:00:00 GMT+00:00 2014 BUY: 268 shares of CTAS cost-basis=74.5
Thu Dec 18 08:00:00 GMT+00:00 2014 BUY CTAS x268 for $19971.32 CASH-BAL=53140.29
Thu Dec 18 08:00:00 GMT+00:00 2014 BUY: 975 shares of KNL cost-basis=20.5
Thu Dec 18 08:00:00 GMT+00:00 2014 BUY KNL x975 for $19995.5 CASH-BAL=33144.79
Thu Dec 18 08:00:00 GMT+00:00 2014 BUY: 315 shares of KRFT cost-basis=63.4
Thu Dec 18 08:00:00 GMT+00:00 2014 BUY KRFT x315 for $19972.7 CASH-BAL=13172.09
Fri Dec 19 08:00:00 GMT+00:00 2014 BUY: 326 shares of SXT cost-basis=61.2
Fri Dec 19 08:00:00 GMT+00:00 2014 BUY SXT x326 for $19942.9 CASH-BAL=-6770.81
Fri Dec 19 08:00:00 GMT+00:00 2014 BUY: 374 shares of TMP cost-basis=53.4
Fri Dec 19 08:00:00 GMT+00:00 2014 BUY TMP x374 for $19957.16 CASH-BAL=-26727.97
Mon Jan 05 08:00:00 GMT+00:00 2015 Market-Downtrend-Sell : (-3.9%)326 shares of SXT for -3.9
Mon Jan 05 08:00:00 GMT+00:00 2015 Market-Downtrend-Sell : (-2.45%)315 shares of KRFT for -2.45
Mon Jan 05 08:00:00 GMT+00:00 2015 Market-Downtrend-Sell : (0.35%)975 shares of KNL for 0.35
Mon Jan 05 08:00:00 GMT+00:00 2015 Market-Downtrend-Sell : (-0.171%)374 shares of TMP for -0.171
Mon Jan 05 08:00:00 GMT+00:00 2015 Market-Downtrend-Sell : (3.36%)268 shares of CTAS for 3.36
Mon Jan 05 08:00:00 GMT+00:00 2015 SELL SXT x326 for $19157.54 CASH-BAL=-7570.43
Mon Jan 05 08:00:00 GMT+00:00 2015 SELL KRFT x315 for $19474.75 CASH-BAL=11904.32
Mon Jan 05 08:00:00 GMT+00:00 2015 SELL KNL x975 for $20057.5 CASH-BAL=31961.82
Mon Jan 05 08:00:00 GMT+00:00 2015 SELL TMP x374 for $19914.98 CASH-BAL=51876.8
Mon Jan 05 08:00:00 GMT+00:00 2015 SELL CTAS x268 for $20633.36 CASH-BAL=72510.16
Thu Jan 08 08:00:00 GMT+00:00 2015 BUY: 344 shares of LABL cost-basis=58.0
Thu Jan 08 08:00:00 GMT+00:00 2015 BUY LABL x344 for $19960.0 CASH-BAL=52550.16
Thu Jan 08 08:00:00 GMT+00:00 2015 BUY: 1370 shares of BSX cost-basis=14.6
Thu Jan 08 08:00:00 GMT+00:00 2015 BUY BSX x1370 for $19996.3 CASH-BAL=32553.86
Thu Jan 08 08:00:00 GMT+00:00 2015 BUY: 27 shares of CMG cost-basis=720
Thu Jan 08 08:00:00 GMT+00:00 2015 BUY CMG x27 for $19447.73 CASH-BAL=13106.13
Thu Jan 08 08:00:00 GMT+00:00 2015 BUY: 480 shares of TSRO cost-basis=41.6
Thu Jan 08 08:00:00 GMT+00:00 2015 BUY TSRO x480 for $19980.8 CASH-BAL=-6874.67
Fri Jan 09 08:00:00 GMT+00:00 2015 BUY: 2258 shares of DHT cost-basis=8.85
Fri Jan 09 08:00:00 GMT+00:00 2015 BUY DHT x2258 for $19991.3 CASH-BAL=-26865.97
Mon Jan 12 08:00:00 GMT+00:00 2015 Market-Downtrend-Sell : (-1.88%)344 shares of LABL for -1.88
Mon Jan 12 08:00:00 GMT+00:00 2015 Market-Downtrend-Sell : (-1.19%)27 shares of CMG for -1.19
Mon Jan 12 08:00:00 GMT+00:00 2015 Market-Downtrend-Sell : (-0.109%)1370 shares of BSX for -0.109
Mon Jan 12 08:00:00 GMT+00:00 2015 Market-Downtrend-Sell : (2.31%)480 shares of TSRO for 2.31
Mon Jan 12 08:00:00 GMT+00:00 2015 Market-Downtrend-Sell : (2.22%)2258 shares of DHT for 2.22
Mon Jan 12 08:00:00 GMT+00:00 2015 SELL LABL x344 for $19575.92 CASH-BAL=-7290.05
Mon Jan 12 08:00:00 GMT+00:00 2015 SELL CMG x27 for $19207.9 CASH-BAL=11917.85
Mon Jan 12 08:00:00 GMT+00:00 2015 SELL BSX x1370 for $19966.6 CASH-BAL=31884.45
Mon Jan 12 08:00:00 GMT+00:00 2015 SELL TSRO x480 for $20435.2 CASH-BAL=52319.65
Mon Jan 12 08:00:00 GMT+00:00 2015 SELL DHT x2258 for $20426.9 CASH-BAL=72746.55
Thu Jan 22 08:00:00 GMT+00:00 2015 BUY: 186 shares of AGU cost-basis=107
Thu Jan 22 08:00:00 GMT+00:00 2015 BUY AGU x186 for $19947.2 CASH-BAL=52799.35
Thu Jan 22 08:00:00 GMT+00:00 2015 BUY: 843 shares of TSM cost-basis=23.7
Thu Jan 22 08:00:00 GMT+00:00 2015 BUY TSM x843 for $19995.53 CASH-BAL=32803.82
Thu Jan 22 08:00:00 GMT+00:00 2015 BUY: 409 shares of TTM cost-basis=48.9
Thu Jan 22 08:00:00 GMT+00:00 2015 BUY TTM x409 for $19983.56 CASH-BAL=12820.26
Fri Jan 23 08:00:00 GMT+00:00 2015 BUY: 469 shares of CSWC cost-basis=42.6
Fri Jan 23 08:00:00 GMT+00:00 2015 BUY CSWC x469 for $19982.71 CASH-BAL=-7162.45
Fri Jan 23 08:00:00 GMT+00:00 2015 BUY: 226 shares of SBUX cost-basis=88.3
Fri Jan 23 08:00:00 GMT+00:00 2015 BUY SBUX x226 for $19945.72 CASH-BAL=-27108.17
Tue Jan 27 08:00:00 GMT+00:00 2015 Market-Downtrend-Sell : (-0.926%)186 shares of AGU for -0.926
Tue Jan 27 08:00:00 GMT+00:00 2015 Market-Downtrend-Sell : (0.0959%)226 shares of SBUX for 0.0959
Tue Jan 27 08:00:00 GMT+00:00 2015 Market-Downtrend-Sell : (1.98%)843 shares of TSM for 1.98
Tue Jan 27 08:00:00 GMT+00:00 2015 Market-Downtrend-Sell : (1.34%)469 shares of CSWC for 1.34
Tue Jan 27 08:00:00 GMT+00:00 2015 Market-Downtrend-Sell : (3.68%)409 shares of TTM for 3.68
Tue Jan 27 08:00:00 GMT+00:00 2015 SELL AGU x186 for $19754.5 CASH-BAL=-7353.67
Tue Jan 27 08:00:00 GMT+00:00 2015 SELL SBUX x226 for $19956.84 CASH-BAL=12603.17
Tue Jan 27 08:00:00 GMT+00:00 2015 SELL TSM x843 for $20384.17 CASH-BAL=32987.34
Tue Jan 27 08:00:00 GMT+00:00 2015 SELL CSWC x469 for $20243.42 CASH-BAL=53230.76
Tue Jan 27 08:00:00 GMT+00:00 2015 SELL TTM x409 for $20711.94 CASH-BAL=73942.7
Thu Feb 05 08:00:00 GMT+00:00 2015 BUY: 277 shares of BLL cost-basis=72.1
Thu Feb 05 08:00:00 GMT+00:00 2015 BUY BLL x277 for $19960.31 CASH-BAL=53982.39
Thu Feb 05 08:00:00 GMT+00:00 2015 BUY: 377 shares of NICE cost-basis=53.0
Thu Feb 05 08:00:00 GMT+00:00 2015 BUY NICE x377 for $19981.46 CASH-BAL=34000.93
Thu Feb 05 08:00:00 GMT+00:00 2015 BUY: 254 shares of CEB cost-basis=78.5
Thu Feb 05 08:00:00 GMT+00:00 2015 BUY CEB x254 for $19934.3 CASH-BAL=14066.63
Thu Feb 05 08:00:00 GMT+00:00 2015 BUY: 114 shares of CHTR cost-basis=174
Thu Feb 05 08:00:00 GMT+00:00 2015 BUY CHTR x114 for $19877.63 CASH-BAL=-5811.0
Thu Feb 05 08:00:00 GMT+00:00 2015 BUY: 620 shares of SBH cost-basis=32.3
Thu Feb 05 08:00:00 GMT+00:00 2015 BUY SBH x620 for $19996.8 CASH-BAL=-25807.8
Tue Mar 10 08:00:00 GMT+00:00 2015Market-CautiousUp-Sell 20EMA: (-1.7%)277 shares of BLL for -2.83
Tue Mar 10 08:00:00 GMT+00:00 2015 SELL BLL x277 for $19387.54 CASH-BAL=-6420.26
Thu Mar 12 08:00:00 GMT+00:00 2015 BUY: 995 shares of PARR cost-basis=20.1
Thu Mar 12 08:00:00 GMT+00:00 2015 BUY PARR x995 for $19987.6 CASH-BAL=-26407.86
Fri Mar 13 08:00:00 GMT+00:00 2015Market-CautiousUp-Sell 20EMA: (-1.88%)254 shares of CEB for -2.56
Fri Mar 13 08:00:00 GMT+00:00 2015 SELL CEB x254 for $19415.38 CASH-BAL=-6992.48
Fri Mar 13 08:00:00 GMT+00:00 2015 BUY: 1698 shares of SUPN cost-basis=11.8
Fri Mar 13 08:00:00 GMT+00:00 2015 BUY SUPN x1698 for $19993.46 CASH-BAL=-26985.94
Mon Mar 16 08:00:00 GMT+00:00 2015 StopLoss SELL: (-5.14%)1698 shares of SUPN for -5.14
Mon Mar 16 08:00:00 GMT+00:00 2015 SELL SUPN x1698 for $18958.66 CASH-BAL=-8027.28
Mon Mar 16 08:00:00 GMT+00:00 2015 BUY: 548 shares of REV cost-basis=36.5
Mon Mar 16 08:00:00 GMT+00:00 2015 BUY REV x548 for $19982.6 CASH-BAL=-28009.88
Thu Mar 26 08:00:00 GMT+00:00 2015Market-CautiousUp-Sell 20EMA: (-1.63%)114 shares of CHTR for 4.24
Thu Mar 26 08:00:00 GMT+00:00 2015 SELL CHTR x114 for $20711.5 CASH-BAL=-7298.38
Thu Mar 26 08:00:00 GMT+00:00 2015 BUY: 148 shares of SIG cost-basis=135
Thu Mar 26 08:00:00 GMT+00:00 2015 BUY SIG x148 for $19988.0 CASH-BAL=-27286.38
Mon Apr 13 08:00:00 GMT+00:00 2015 TA-SELL 50SMA: (-1.79%)620 shares of SBH for 1.67
Mon Apr 13 08:00:00 GMT+00:00 2015 SELL SBH x620 for $20321.8 CASH-BAL=-6964.58
Mon Apr 13 08:00:00 GMT+00:00 2015 BUY: 36 shares of ISRG cost-basis=543
Mon Apr 13 08:00:00 GMT+00:00 2015 BUY ISRG x36 for $19531.16 CASH-BAL=-26495.74
Thu Apr 23 08:00:00 GMT+00:00 2015 StopLoss SELL: (-5.49%)36 shares of ISRG for -5.49
Thu Apr 23 08:00:00 GMT+00:00 2015 SELL ISRG x36 for $18451.72 CASH-BAL=-8044.02
Thu Apr 23 08:00:00 GMT+00:00 2015 BUY: 201 shares of CSL cost-basis=99.1
Thu Apr 23 08:00:00 GMT+00:00 2015 BUY CSL x201 for $19923.08 CASH-BAL=-27967.1
Wed May 06 08:00:00 GMT+00:00 2015 Market-Downtrend-Sell : (-2.05%)201 shares of CSL for -2.05
Wed May 06 08:00:00 GMT+00:00 2015 Market-Downtrend-Sell : (-0.144%)148 shares of SIG for -0.144
Wed May 06 08:00:00 GMT+00:00 2015 Market-Downtrend-Sell : (6.62%)548 shares of REV for 6.62
Wed May 06 08:00:00 GMT+00:00 2015 Market-Downtrend-Sell : (12.2%)377 shares of NICE for 12.2
Wed May 06 08:00:00 GMT+00:00 2015 Market-Downtrend-Sell : (16.0%)995 shares of PARR for 16.0
Wed May 06 08:00:00 GMT+00:00 2015 SELL CSL x201 for $19507.09 CASH-BAL=-8460.01
Wed May 06 08:00:00 GMT+00:00 2015 SELL SIG x148 for $19951.28 CASH-BAL=11491.27
Wed May 06 08:00:00 GMT+00:00 2015 SELL REV x548 for $21298.24 CASH-BAL=32789.51
Wed May 06 08:00:00 GMT+00:00 2015 SELL NICE x377 for $22419.73 CASH-BAL=55209.24
Wed May 06 08:00:00 GMT+00:00 2015 SELL PARR x995 for $23185.45 CASH-BAL=78394.69
Thu May 14 08:00:00 GMT+00:00 2015 BUY: 420 shares of CRTO cost-basis=47.5
Thu May 14 08:00:00 GMT+00:00 2015 BUY CRTO x420 for $19958.0 CASH-BAL=58436.69
Wed May 20 08:00:00 GMT+00:00 2015 BUY: 302 shares of ADI cost-basis=66.2
Wed May 20 08:00:00 GMT+00:00 2015 BUY ADI x302 for $19994.36 CASH-BAL=38442.33
Wed May 20 08:00:00 GMT+00:00 2015 BUY: 54 shares of ATRI cost-basis=369
Wed May 20 08:00:00 GMT+00:00 2015 BUY ATRI x54 for $19948.58 CASH-BAL=18493.75
Wed May 20 08:00:00 GMT+00:00 2015 BUY: 120 shares of TWC cost-basis=167
Wed May 20 08:00:00 GMT+00:00 2015 BUY TWC x120 for $19994.0 CASH-BAL=-1500.25
Wed May 20 08:00:00 GMT+00:00 2015 BUY: 1256 shares of FLY cost-basis=15.9
Wed May 20 08:00:00 GMT+00:00 2015 BUY FLY x1256 for $19990.96 CASH-BAL=-21491.21

---- Final Portfolio Holdings as of Sun Jun 21 22:47:50 GMT+00:00 2015 ----
null 420 of CRTO with cost basis of 47.5 and pct-chg: -0.882%
null 302 of ADI with cost basis of 66.2 and pct-chg: 2.57%
null 54 of ATRI with cost basis of 369.0 and pct-chg: 6.56%
null 120 of TWC with cost basis of 167.0 and pct-chg: 6.41%
null 1256 of FLY with cost basis of 15.9 and pct-chg: -2.11%

Total Invested Amount = 102392.4
Cash Bal = -21491.21
Net Value = 80901.19

---- Run stats ----
Start-Date: Wed Jan 01 08:00:00 GMT+00:00 2014
End-Date: Sun Jun 21 22:47:50 GMT+00:00 2015
Total Trading days: 537
Net Gain/Loss = -19098.81
Pct Chg = -19.1%
