Start Date: Thu Jan 01 08:00:00 GMT+00:00 2015
End Date: Tue Jun 23 07:31:54 GMT+00:00 2015
Initial Cash: 100000.0
Num Positions: 5
-----------------
Thu Jan 08 08:00:00 GMT+00:00 2015 BUY: 27 shares of CMG cost-basis=720
Thu Jan 08 08:00:00 GMT+00:00 2015 BUY CMG x27 for $19447.73 CASH-BAL=80552.27
Thu Jan 08 08:00:00 GMT+00:00 2015 BUY: 344 shares of LABL cost-basis=58.0
Thu Jan 08 08:00:00 GMT+00:00 2015 BUY LABL x344 for $19960.0 CASH-BAL=60592.27
Mon Jan 12 08:00:00 GMT+00:00 2015Market-Downtrend-Sell -1%: (-1.19%)27 shares of CMG for -1.19
Mon Jan 12 08:00:00 GMT+00:00 2015Market-Downtrend-Sell -1%: (-1.88%)344 shares of LABL for -1.88
Mon Jan 12 08:00:00 GMT+00:00 2015 SELL CMG x27 for $19207.9 CASH-BAL=79800.17
Mon Jan 12 08:00:00 GMT+00:00 2015 SELL LABL x344 for $19575.92 CASH-BAL=99376.09
Thu Jan 22 08:00:00 GMT+00:00 2015 BUY: 843 shares of TSM cost-basis=23.7
Thu Jan 22 08:00:00 GMT+00:00 2015 BUY TSM x843 for $19995.53 CASH-BAL=79380.56
Thu Jan 22 08:00:00 GMT+00:00 2015 BUY: 234 shares of CCI cost-basis=85.3
Thu Jan 22 08:00:00 GMT+00:00 2015 BUY CCI x234 for $19956.5 CASH-BAL=59424.06
Fri Jan 23 08:00:00 GMT+00:00 2015 BUY: 226 shares of SBUX cost-basis=88.3
Fri Jan 23 08:00:00 GMT+00:00 2015 BUY SBUX x226 for $19945.72 CASH-BAL=39478.34
Fri Jan 23 08:00:00 GMT+00:00 2015 BUY: 469 shares of CSWC cost-basis=42.6
Fri Jan 23 08:00:00 GMT+00:00 2015 BUY CSWC x469 for $19982.71 CASH-BAL=19495.63
Thu Jan 29 08:00:00 GMT+00:00 2015Market-Downtrend-Sell -1%: (-1.81%)843 shares of TSM for -1.81
Thu Jan 29 08:00:00 GMT+00:00 2015 SELL TSM x843 for $19625.47 CASH-BAL=39121.1
Fri Feb 06 08:00:00 GMT+00:00 2015 BUY: 212 shares of CME cost-basis=94.2
Fri Feb 06 08:00:00 GMT+00:00 2015 BUY CME x212 for $19980.52 CASH-BAL=19140.58
Fri Feb 06 08:00:00 GMT+00:00 2015 BUY: 333 shares of VRSN cost-basis=60.0
Fri Feb 06 08:00:00 GMT+00:00 2015 BUY VRSN x333 for $19978.01 CASH-BAL=-837.43
Wed Mar 25 08:00:00 GMT+00:00 2015 TA-SELL 50SMA: (-1.52%)234 shares of CCI for -0.755
Wed Mar 25 08:00:00 GMT+00:00 2015 SELL CCI x234 for $19797.76 CASH-BAL=18960.33
Mon Apr 06 08:00:00 GMT+00:00 2015 TA-SELL 50SMA: (-2.26%)212 shares of CME for -2.28
Mon Apr 06 08:00:00 GMT+00:00 2015 SELL CME x212 for $19516.14 CASH-BAL=38476.47
Wed Apr 08 08:00:00 GMT+00:00 2015 BUY: 277 shares of CHL cost-basis=72.0
Wed Apr 08 08:00:00 GMT+00:00 2015 BUY CHL x277 for $19935.38 CASH-BAL=18541.09
Thu Apr 09 08:00:00 GMT+00:00 2015 SBUX: Applying split factor of: 2.0
Thu Apr 09 08:00:00 GMT+00:00 2015 BUY: 952 shares of EIGI cost-basis=21.0
Thu Apr 09 08:00:00 GMT+00:00 2015 BUY EIGI x952 for $19980.96 CASH-BAL=-1439.87
Fri Apr 17 08:00:00 GMT+00:00 2015 StopLoss SELL: (-5.96%)277 shares of CHL for -5.96
Fri Apr 17 08:00:00 GMT+00:00 2015 SELL CHL x277 for $18739.36 CASH-BAL=17299.49
Fri Apr 17 08:00:00 GMT+00:00 2015 TA-SELL 50SMA: (-1.56%)469 shares of CSWC for 10.3
Fri Apr 17 08:00:00 GMT+00:00 2015 SELL CSWC x469 for $22039.69 CASH-BAL=39339.18
Fri Apr 17 08:00:00 GMT+00:00 2015 BUY: 297 shares of CE cost-basis=67.2
Fri Apr 17 08:00:00 GMT+00:00 2015 BUY CE x297 for $19960.46 CASH-BAL=19378.72
Tue Apr 21 08:00:00 GMT+00:00 2015 BUY: 246 shares of OCR cost-basis=81.1
Tue Apr 21 08:00:00 GMT+00:00 2015 BUY OCR x246 for $19951.22 CASH-BAL=-572.5
Tue Apr 28 08:00:00 GMT+00:00 2015 StopLoss SELL: (-6.14%)952 shares of EIGI for -6.14
Tue Apr 28 08:00:00 GMT+00:00 2015 SELL EIGI x952 for $18746.4 CASH-BAL=18173.9
Tue Apr 28 08:00:00 GMT+00:00 2015 BUY: 833 shares of SC cost-basis=24.0
Tue Apr 28 08:00:00 GMT+00:00 2015 BUY SC x833 for $20000.0 CASH-BAL=-1826.1
Wed Apr 29 08:00:00 GMT+00:00 2015 TA-SELL 50SMA: (-1.81%)333 shares of VRSN for 6.91
Wed Apr 29 08:00:00 GMT+00:00 2015 SELL VRSN x333 for $21350.62 CASH-BAL=19524.52
Wed Apr 29 08:00:00 GMT+00:00 2015 BUY: 409 shares of XPO cost-basis=48.8
Wed Apr 29 08:00:00 GMT+00:00 2015 BUY XPO x409 for $19979.47 CASH-BAL=-454.95
Wed May 06 08:00:00 GMT+00:00 2015Market-Downtrend-Sell -1%: (-1.43%)409 shares of XPO for -1.43
Wed May 06 08:00:00 GMT+00:00 2015 SELL XPO x409 for $19685.35 CASH-BAL=19230.4
Thu May 07 08:00:00 GMT+00:00 2015Market-Downtrend-Sell -1%: (-1.05%)297 shares of CE for -1.05
Thu May 07 08:00:00 GMT+00:00 2015 SELL CE x297 for $19742.5 CASH-BAL=38972.9
Wed May 20 08:00:00 GMT+00:00 2015 BUY: 441 shares of TTPH cost-basis=45.3
Wed May 20 08:00:00 GMT+00:00 2015 BUY TTPH x441 for $19998.53 CASH-BAL=18974.37
Wed May 20 08:00:00 GMT+00:00 2015 BUY: 302 shares of ADI cost-basis=66.2
Wed May 20 08:00:00 GMT+00:00 2015 BUY ADI x302 for $19994.36 CASH-BAL=-1019.99
Fri May 22 08:00:00 GMT+00:00 2015 StopLoss SELL: (-5.31%)441 shares of TTPH for -5.31
Fri May 22 08:00:00 GMT+00:00 2015 SELL TTPH x441 for $18928.54 CASH-BAL=17908.55
Wed May 27 08:00:00 GMT+00:00 2015 BUY: 141 shares of AVGO cost-basis=142
Wed May 27 08:00:00 GMT+00:00 2015 BUY AVGO x141 for $19958.09 CASH-BAL=-2049.54

---- Final Portfolio Holdings as of Tue Jun 23 07:31:54 GMT+00:00 2015 ----
null 452 of SBUX with cost basis of 44.1 and pct-chg: 22.1%
null 246 of OCR with cost basis of 81.1 and pct-chg: 16.1%
null 833 of SC with cost basis of 24.0 and pct-chg: 10.2%
null 302 of ADI with cost basis of 66.2 and pct-chg: 2.74%
null 141 of AVGO with cost basis of 142.0 and pct-chg: 1.22%

Total Invested Amount = 110318.535
Cash Bal = -2049.54
Net Value = 108268.995

---- Run stats ----
Start-Date: Thu Jan 01 08:00:00 GMT+00:00 2015
End-Date: Tue Jun 23 07:31:54 GMT+00:00 2015
Total Trading days: 173
Net Gain/Loss = 8268.995
Pct Chg = 8.27%
