Thu Jan 15 08:00:00 GMT+00:00 2015 BUY  - AYI - 67 @148.87 Total=9974.29
Thu Jan 22 08:00:00 GMT+00:00 2015 BUY  - HELE - 128 @77.53 Total=9923.84
Thu Jan 22 08:00:00 GMT+00:00 2015 BUY  - AGU - 93 @107.2 Total=9969.6
Fri Jan 23 08:00:00 GMT+00:00 2015 BUY  - SBUX - 113 @88.22 Total=9968.86
Wed Jan 28 08:00:00 GMT+00:00 2015 BUY  - KLIC - 634 @15.75 Total=9985.5
Thu Jan 29 08:00:00 GMT+00:00 2015 BUY  - VAR - 106 @94.04 Total=9968.24
Fri Jan 30 08:00:00 GMT+00:00 2015 SELL  - HELE - 128 @75.22 Total=9628.16
Fri Jan 30 08:00:00 GMT+00:00 2015 SELL  - KLIC - 634 @15.17 Total=9617.78
Fri Jan 30 08:00:00 GMT+00:00 2015 BUY  - BA - 68 @145.37 Total=9885.16
Thu Feb 05 08:00:00 GMT+00:00 2015 BUY  - BLL - 138 @72.03 Total=9940.14
Mon Feb 09 08:00:00 GMT+00:00 2015 BUY  - HAS - 167 @59.66 Total=9963.22
Tue Feb 10 08:00:00 GMT+00:00 2015 BUY  - SEE - 220 @45.27 Total=9959.4
Wed Feb 11 08:00:00 GMT+00:00 2015 BUY  - SCI - 409 @24.39 Total=9975.51
Wed Mar 04 08:00:00 GMT+00:00 2015 SELL  - BLL - 138 @71.3 Total=9839.4
Wed Mar 04 08:00:00 GMT+00:00 2015 BUY  - LCI - 160 @62.28 Total=9964.8
Thu Mar 05 08:00:00 GMT+00:00 2015 BUY  - AYI - 37 @159.95 Total=5918.15
Fri Mar 06 08:00:00 GMT+00:00 2015 SELL  - SEE - 220 @45.27 Total=9959.4
Fri Mar 06 08:00:00 GMT+00:00 2015 BUY  - AMBA - 155 @64.22 Total=9954.1
Fri Mar 06 08:00:00 GMT+00:00 2015 SELL  - AGU - 93 @110.42 Total=10269.06
Fri Mar 06 08:00:00 GMT+00:00 2015 BUY  - BMY - 153 @65.12 Total=9963.36
Tue Mar 10 08:00:00 GMT+00:00 2015 SELL  - VAR - 106 @92.53 Total=9808.18
Tue Mar 10 08:00:00 GMT+00:00 2015 BUY  - OLN - 344 @29.0 Total=9976.0
Thu Mar 19 08:00:00 GMT+00:00 2015 SELL  - OLN - 344 @28.05 Total=9649.2
Thu Mar 19 08:00:00 GMT+00:00 2015 BUY  - NVRO - 199 @50.01 Total=9951.99
Wed Mar 25 08:00:00 GMT+00:00 2015 SELL  - NVRO - 199 @48.04 Total=9559.96
Wed Mar 25 08:00:00 GMT+00:00 2015 SELL  - BMY - 153 @64.7 Total=9899.1
Wed Mar 25 08:00:00 GMT+00:00 2015 BUY  - JUNO - 186 @53.48 Total=9947.28
Wed Mar 25 08:00:00 GMT+00:00 2015 SELL  - HAS - 167 @60.68 Total=10133.56
Wed Mar 25 08:00:00 GMT+00:00 2015 BUY  - EW - 70 @142.25 Total=9957.5
Mon Mar 30 08:00:00 GMT+00:00 2015 BUY  - SBUX - 62 @95.98 Total=5950.76
Tue Mar 31 08:00:00 GMT+00:00 2015 SELL  - BA - 68 @150.08 Total=10205.44
Tue Mar 31 08:00:00 GMT+00:00 2015 BUY  - SFS - 567 @17.6 Total=9979.2
Wed Apr 01 08:00:00 GMT+00:00 2015 BUY  - SCI - 228 @26.25 Total=5985.0
Mon Apr 06 08:00:00 GMT+00:00 2015 SELL  - EW - 70 @139.85 Total=9789.5
Mon Apr 06 08:00:00 GMT+00:00 2015 BUY  - SIG - 71 @139.76 Total=9922.96
Wed Apr 08 08:00:00 GMT+00:00 2015 BUY  - AYI - 23 @168.96 Total=3886.08
Fri Apr 17 08:00:00 GMT+00:00 2015 SELL  - SIG - 71 @132.41 Total=9401.11
Fri Apr 17 08:00:00 GMT+00:00 2015 SELL  - SBUX - 350 @47.62 Total=16667.0
Fri Apr 17 08:00:00 GMT+00:00 2015 BUY  - TSE - 454 @22.0 Total=9988.0
Mon Apr 20 08:00:00 GMT+00:00 2015 BUY  - LCI - 89 @66.75 Total=5940.75
Mon Apr 20 08:00:00 GMT+00:00 2015 BUY  - AMBA - 80 @74.56 Total=5964.8
Mon Apr 27 08:00:00 GMT+00:00 2015 SELL  - LCI - 249 @61.9 Total=15413.1
Mon Apr 27 08:00:00 GMT+00:00 2015 SELL  - JUNO - 186 @50.81 Total=9450.66
Mon Apr 27 08:00:00 GMT+00:00 2015 SELL  - SFS - 567 @17.71 Total=10041.57
Wed Apr 29 08:00:00 GMT+00:00 2015 BUY  - XPO - 204 @48.83 Total=9961.32
Thu Apr 30 08:00:00 GMT+00:00 2015 BUY  - AVG - 417 @23.92 Total=9974.64
Fri May 01 08:00:00 GMT+00:00 2015 BUY  - SCI - 142 @27.98 Total=3973.16
Fri May 01 08:00:00 GMT+00:00 2015 BUY  - BFAM - 184 @54.05 Total=9945.2
Tue May 05 08:00:00 GMT+00:00 2015 SELL  - TSE - 454 @21.83 Total=9910.82
Tue May 05 08:00:00 GMT+00:00 2015 BUY  - CLGX - 258 @38.7 Total=9984.6
Fri May 29 08:00:00 GMT+00:00 2015 SELL  - CLGX - 258 @38.98 Total=10056.84
Fri May 29 08:00:00 GMT+00:00 2015 BUY  - TTPH - 233 @42.88 Total=9991.04
Mon Jun 01 08:00:00 GMT+00:00 2015 SELL  - XPO - 204 @48.71 Total=9936.84
Mon Jun 01 08:00:00 GMT+00:00 2015 BUY  - AMED - 311 @32.05 Total=9967.55
Fri Jun 12 08:00:00 GMT+00:00 2015 SELL  - TTPH - 233 @41.56 Total=9683.48
Fri Jun 12 08:00:00 GMT+00:00 2015 BUY  - CMN - 192 @51.93 Total=9970.56
Thu Jun 25 08:00:00 GMT+00:00 2015 BUY  - AMED - 149 @39.96 Total=5954.04
Wed Jul 01 08:00:00 GMT+00:00 2015 BUY  - AVG - 218 @27.43 Total=5979.74
