Mon Jan 07 08:00:00 GMT+00:00 2013 BUY  - NSM - 257 @38.83 Total=9979.31
Wed Jan 16 08:00:00 GMT+00:00 2013 BUY  - PRLB - 233 @42.71 Total=9951.43
Fri Jan 18 08:00:00 GMT+00:00 2013 SELL  - NSM - 257 @35.81 Total=9203.17
Wed Jan 30 08:00:00 GMT+00:00 2013 BUY  - HES - 147 @67.88 Total=9978.36
Wed Feb 06 08:00:00 GMT+00:00 2013 SELL  - PRLB - 233 @39.99 Total=9317.67
Thu Feb 21 08:00:00 GMT+00:00 2013 SELL  - HES - 147 @64.4 Total=9466.8
Wed Feb 27 08:00:00 GMT+00:00 2013 BUY  - BLOX - 467 @21.38 Total=9984.46
Fri Mar 01 08:00:00 GMT+00:00 2013 BUY  - SSTK - 307 @32.52 Total=9983.64
Fri Mar 08 08:00:00 GMT+00:00 2013 BUY  - MBI - 799 @12.5 Total=9987.5
Mon Mar 18 08:00:00 GMT+00:00 2013 SELL  - MBI - 799 @11.79 Total=9420.21
Mon Mar 25 08:00:00 GMT+00:00 2013 SELL  - BLOX - 467 @20.89 Total=9755.63
Thu Mar 28 08:00:00 GMT+00:00 2013 BUY  - SIG - 149 @67.0 Total=9983.0
Wed Apr 03 08:00:00 GMT+00:00 2013 BUY  - TSLA - 243 @41.1 Total=9987.3
Fri Apr 05 08:00:00 GMT+00:00 2013 BUY  - SSTK - 147 @40.57 Total=5963.79
Wed Apr 17 08:00:00 GMT+00:00 2013 BUY  - SSTK - 94 @42.43 Total=3988.42
Tue May 14 08:00:00 GMT+00:00 2013 BUY  - QIHU - 257 @38.77 Total=9963.89
Wed May 22 08:00:00 GMT+00:00 2013 BUY  - INXN - 372 @26.84 Total=9984.48
Thu May 23 08:00:00 GMT+00:00 2013 BUY  - PCP - 47 @209.65 Total=9853.55
Wed Jun 05 08:00:00 GMT+00:00 2013 SELL  - SIG - 149 @66.71 Total=9939.79
Thu Jun 06 08:00:00 GMT+00:00 2013 SELL  - SSTK - 548 @44.04 Total=24133.92
Thu Jun 20 08:00:00 GMT+00:00 2013 SELL  - INXN - 372 @25.05 Total=9318.6
Mon Jun 24 08:00:00 GMT+00:00 2013 SELL  - PCP - 47 @209.69 Total=9855.43
Thu Jun 27 08:00:00 GMT+00:00 2013 BUY  - PTLA - 414 @24.13 Total=9989.82
Thu Jun 27 08:00:00 GMT+00:00 2013 BUY  - SSTK - 186 @53.56 Total=9962.16
Mon Jul 01 08:00:00 GMT+00:00 2013 BUY  - ICPT - 227 @43.89 Total=9963.03
Tue Jul 02 08:00:00 GMT+00:00 2013 BUY  - AYI - 122 @81.39 Total=9929.58
Wed Jul 17 08:00:00 GMT+00:00 2013 BUY  - TSLA - 49 @120.25 Total=5892.25
Fri Jul 19 08:00:00 GMT+00:00 2013 BUY  - SVU - 1350 @7.39 Total=9976.5
Mon Jul 22 08:00:00 GMT+00:00 2013 BUY  - SFUN - 329 @30.32 Total=9975.28
Thu Jul 25 08:00:00 GMT+00:00 2013 SELL  - SSTK - 186 @53.7 Total=9988.2
Fri Jul 26 08:00:00 GMT+00:00 2013 BUY  - FB - 293 @34.01 Total=9964.93
Mon Jul 29 08:00:00 GMT+00:00 2013 SELL  - ICPT - 227 @44.07 Total=10003.89
Wed Jul 31 08:00:00 GMT+00:00 2013 BUY  - JCI - 248 @40.21 Total=9972.08
Fri Aug 02 08:00:00 GMT+00:00 2013 BUY  - GIB - 294 @33.88 Total=9960.72
Tue Aug 06 08:00:00 GMT+00:00 2013 SELL  - PTLA - 414 @22.91 Total=9484.74
Tue Aug 06 08:00:00 GMT+00:00 2013 BUY  - LOCK - 819 @12.2 Total=9991.8
Thu Aug 15 08:00:00 GMT+00:00 2013 SELL  - SVU - 1350 @7.3 Total=9855.0
Tue Sep 03 08:00:00 GMT+00:00 2013 SELL  - GIB - 294 @31.79 Total=9346.26
Wed Sep 04 08:00:00 GMT+00:00 2013 BUY  - AYI - 69 @86.61 Total=5976.09
Wed Sep 04 08:00:00 GMT+00:00 2013 BUY  - SALE - 283 @35.3 Total=9989.9
Tue Sep 10 08:00:00 GMT+00:00 2013 BUY  - TSLA - 24 @166.37 Total=3992.88
Wed Sep 11 08:00:00 GMT+00:00 2013 SELL  - SALE - 283 @32.61 Total=9228.63
Wed Sep 11 08:00:00 GMT+00:00 2013 BUY  - AKRX - 537 @18.58 Total=9977.46
Wed Sep 18 08:00:00 GMT+00:00 2013 BUY  - QIHU - 69 @85.94 Total=5929.86
Thu Sep 26 08:00:00 GMT+00:00 2013 BUY  - AYI - 43 @92.15 Total=3962.45
Thu Oct 03 08:00:00 GMT+00:00 2013 SELL  - JCI - 248 @41.07 Total=10185.36
Thu Oct 03 08:00:00 GMT+00:00 2013 BUY  - GDOT - 383 @26.04 Total=9973.32
Fri Oct 04 08:00:00 GMT+00:00 2013 BUY  - SFUN - 119 @50.36 Total=5992.84
Mon Oct 07 08:00:00 GMT+00:00 2013 BUY  - FUL - 226 @44.04 Total=9953.04
Tue Oct 08 08:00:00 GMT+00:00 2013 SELL  - GDOT - 383 @24.37 Total=9333.71
Thu Oct 10 08:00:00 GMT+00:00 2013 BUY  - FB - 122 @49.05 Total=5984.1
Thu Oct 10 08:00:00 GMT+00:00 2013 BUY  - LOCK - 430 @13.92 Total=5985.6
Fri Oct 11 08:00:00 GMT+00:00 2013 BUY  - TTM - 309 @32.32 Total=9986.88
Thu Oct 17 08:00:00 GMT+00:00 2013 BUY  - LOCK - 277 @14.37 Total=3980.49
Thu Oct 17 08:00:00 GMT+00:00 2013 BUY  - STNG - 916 @10.9 Total=9984.4
Tue Oct 22 08:00:00 GMT+00:00 2013 BUY  - NOAH - 515 @19.37 Total=9975.55
Wed Oct 23 08:00:00 GMT+00:00 2013 SELL  - TTM - 309 @30.46 Total=9412.14
Wed Oct 23 08:00:00 GMT+00:00 2013 SELL  - TSLA - 316 @164.5 Total=51982.0
Thu Oct 24 08:00:00 GMT+00:00 2013 BUY  - QIHU - 58 @89.0 Total=5162.0
Fri Oct 25 08:00:00 GMT+00:00 2013 SELL  - NOAH - 515 @17.93 Total=9233.95
Mon Oct 28 08:00:00 GMT+00:00 2013 SELL  - QIHU - 384 @81.9 Total=31449.6
Mon Oct 28 08:00:00 GMT+00:00 2013 BUY  - NXPI - 316 @41.02 Total=12962.32
Mon Oct 28 08:00:00 GMT+00:00 2013 BUY  - CP - 91 @141.8 Total=12903.8
Tue Oct 29 08:00:00 GMT+00:00 2013 SELL  - LOCK - 1526 @13.68 Total=20875.68
Tue Oct 29 08:00:00 GMT+00:00 2013 BUY  - BDBD - 798 @17.52 Total=13980.96
Wed Oct 30 08:00:00 GMT+00:00 2013 BUY  - LOCK - 884 @15.82 Total=13984.88
Thu Oct 31 08:00:00 GMT+00:00 2013 SELL  - BDBD - 798 @16.39 Total=13079.22
Thu Oct 31 08:00:00 GMT+00:00 2013 BUY  - AZPN - 366 @38.15 Total=13962.9
Mon Nov 04 08:00:00 GMT+00:00 2013 BUY  - AKRX - 403 @20.82 Total=8390.46
Mon Nov 11 08:00:00 GMT+00:00 2013 SELL  - FB - 415 @46.2 Total=19173.0
Mon Nov 11 08:00:00 GMT+00:00 2013 BUY  - GMED - 753 @18.57 Total=13983.21
Tue Nov 12 08:00:00 GMT+00:00 2013 BUY  - FUL - 172 @48.75 Total=8385.0
Wed Nov 20 08:00:00 GMT+00:00 2013 SELL  - NXPI - 316 @40.45 Total=12782.2
Wed Nov 20 08:00:00 GMT+00:00 2013 BUY  - VOYA - 407 @34.34 Total=13976.38
Tue Nov 26 08:00:00 GMT+00:00 2013 BUY  - SFUN - 85 @65.62 Total=5577.7
Tue Nov 26 08:00:00 GMT+00:00 2013 BUY  - BLMN - 523 @26.71 Total=13969.33
Mon Dec 02 08:00:00 GMT+00:00 2013 SELL  - BLMN - 523 @25.36 Total=13263.28
Wed Dec 04 08:00:00 GMT+00:00 2013 BUY  - FUL - 111 @50.16 Total=5567.76
Tue Dec 10 08:00:00 GMT+00:00 2013 SELL  - STNG - 916 @10.92 Total=10002.72
Wed Dec 11 08:00:00 GMT+00:00 2013 SELL  - VOYA - 407 @33.91 Total=13801.37
Wed Dec 11 08:00:00 GMT+00:00 2013 BUY  - TWTR - 267 @52.34 Total=13974.78
Fri Dec 13 08:00:00 GMT+00:00 2013 BUY  - AKRX - 227 @24.58 Total=5579.66
Mon Dec 16 08:00:00 GMT+00:00 2013 SELL  - LOCK - 884 @15.76 Total=13931.84
Thu Dec 26 08:00:00 GMT+00:00 2013 BUY  - CP - 54 @152.62 Total=8241.48
Mon Dec 30 08:00:00 GMT+00:00 2013 BUY  - AZPN - 200 @41.92 Total=8384.0
Fri Jan 03 08:00:00 GMT+00:00 2014 BUY  - YY - 241 @58.02 Total=13982.82
Tue Jan 07 08:00:00 GMT+00:00 2014 SELL  - CP - 145 @146.92 Total=21303.4
Wed Jan 08 08:00:00 GMT+00:00 2014 SELL  - AKRX - 1167 @22.89 Total=26712.63
Thu Jan 09 08:00:00 GMT+00:00 2014 BUY  - M - 250 @55.8 Total=13950.0
Tue Jan 21 08:00:00 GMT+00:00 2014 SELL  - FUL - 509 @49.43 Total=25159.87
Tue Jan 21 08:00:00 GMT+00:00 2014 BUY  - NVDQ - 711 @19.66 Total=13978.26
Fri Jan 24 08:00:00 GMT+00:00 2014 SELL  - NVDQ - 711 @18.84 Total=13395.24
Mon Jan 27 08:00:00 GMT+00:00 2014 SELL  - YY - 241 @56.99 Total=13734.59
Wed Jan 29 08:00:00 GMT+00:00 2014 SELL  - M - 250 @53.39 Total=13347.5
Wed Feb 05 08:00:00 GMT+00:00 2014 SELL  - SFUN - 533 @72.26 Total=38514.58
Thu Feb 06 08:00:00 GMT+00:00 2014 SELL  - TWTR - 267 @50.03 Total=13358.01
Thu Feb 06 08:00:00 GMT+00:00 2014 BUY  - GMT - 281 @56.74 Total=15943.94
Fri Feb 07 08:00:00 GMT+00:00 2014 BUY  - LVNTA - 126 @126.16 Total=15896.16
Mon Feb 10 08:00:00 GMT+00:00 2014 BUY  - SALE - 386 @41.33 Total=15953.38
Wed Feb 12 08:00:00 GMT+00:00 2014 BUY  - SN - 504 @31.72 Total=15986.88
Thu Feb 13 08:00:00 GMT+00:00 2014 BUY  - GMED - 405 @23.64 Total=9574.2
Tue Feb 18 08:00:00 GMT+00:00 2014 SELL  - SN - 504 @29.74 Total=14988.96
Wed Feb 19 08:00:00 GMT+00:00 2014 BUY  - FLS - 198 @80.6 Total=15958.8
Fri Feb 21 08:00:00 GMT+00:00 2014 BUY  - STRZA - 513 @31.15 Total=15979.95
Mon Mar 10 08:00:00 GMT+00:00 2014 SELL  - SALE - 386 @40.6 Total=15671.6
Mon Mar 10 08:00:00 GMT+00:00 2014 BUY  - ZU - 281 @56.88 Total=15983.28
Wed Mar 12 08:00:00 GMT+00:00 2014 SELL  - FLS - 198 @78.18 Total=15479.64
Wed Mar 12 08:00:00 GMT+00:00 2014 BUY  - EMES - 298 @50.24 Total=14971.52
Tue Mar 18 08:00:00 GMT+00:00 2014 BUY  - AZPN - 127 @47.1 Total=5981.7
Tue Mar 18 08:00:00 GMT+00:00 2014 BUY  - LVNTA - 63 @142.31 Total=8965.53
Fri Mar 21 08:00:00 GMT+00:00 2014 BUY  - GMT - 136 @66.0 Total=8976.0
Mon Mar 24 08:00:00 GMT+00:00 2014 SELL  - ZU - 281 @54.91 Total=15429.71
Mon Mar 24 08:00:00 GMT+00:00 2014 SELL  - AZPN - 693 @43.79 Total=30346.47
Mon Mar 24 08:00:00 GMT+00:00 2014 BUY  - MFRM - 338 @47.23 Total=15963.74
Tue Mar 25 08:00:00 GMT+00:00 2014 BUY  - GMED - 247 @25.86 Total=6387.42
Wed Mar 26 08:00:00 GMT+00:00 2014 SELL  - LVNTA - 189 @130.34 Total=24634.26
Wed Mar 26 08:00:00 GMT+00:00 2014 SELL  - STRZA - 513 @31.6 Total=16210.8
Wed Mar 26 08:00:00 GMT+00:00 2014 BUY  - FF - 803 @19.9 Total=15979.7
Thu Mar 27 08:00:00 GMT+00:00 2014 SELL  - AYI - 234 @128.15 Total=29987.1
Thu Apr 03 08:00:00 GMT+00:00 2014 BUY  - BCPC - 277 @61.27 Total=16971.79
Mon Apr 07 08:00:00 GMT+00:00 2014 SELL  - FF - 803 @18.77 Total=15072.31
Mon Apr 07 08:00:00 GMT+00:00 2014 SELL  - BCPC - 277 @59.2 Total=16398.4
Wed Apr 09 08:00:00 GMT+00:00 2014 SELL  - GMED - 1405 @24.35 Total=34211.75
Thu Apr 10 08:00:00 GMT+00:00 2014 SELL  - MFRM - 338 @45.87 Total=15504.06
Thu Apr 10 08:00:00 GMT+00:00 2014 BUY  - ECOL - 412 @41.24 Total=16990.88
Mon Apr 21 08:00:00 GMT+00:00 2014 BUY  - AZN - 245 @69.1 Total=16929.5
Tue Apr 22 08:00:00 GMT+00:00 2014 SELL  - AZN - 245 @66.86 Total=16380.7
Fri Apr 25 08:00:00 GMT+00:00 2014 BUY  - ZBH - 169 @100.54 Total=16991.26
Mon Apr 28 08:00:00 GMT+00:00 2014 SELL  - GMT - 417 @64.87 Total=27050.79
Wed Apr 30 08:00:00 GMT+00:00 2014 SELL  - ZBH - 169 @96.8 Total=16359.2
Wed May 28 08:00:00 GMT+00:00 2014 BUY  - CAL - 579 @29.3 Total=16964.7
Mon Jun 02 08:00:00 GMT+00:00 2014 SELL  - CAL - 579 @27.83 Total=16113.57
Thu Jun 05 08:00:00 GMT+00:00 2014 BUY  - ECOL - 209 @48.57 Total=10151.13
Wed Jun 11 08:00:00 GMT+00:00 2014 BUY  - LNG - 255 @66.58 Total=16977.9
Fri Jun 13 08:00:00 GMT+00:00 2014 BUY  - EMES - 99 @101.95 Total=10093.05
Tue Jun 17 08:00:00 GMT+00:00 2014 BUY  - JWA - 282 @60.1 Total=16948.2
Thu Jun 19 08:00:00 GMT+00:00 2014 BUY  - GLOG - 568 @29.88 Total=16971.84
Thu Jun 19 08:00:00 GMT+00:00 2014 BUY  - APD - 131 @129.7 Total=16990.7
Fri Jun 20 08:00:00 GMT+00:00 2014 BUY  - KS - 511 @33.21 Total=16970.31
Thu Jun 26 08:00:00 GMT+00:00 2014 BUY  - MEI - 450 @37.68 Total=16956.0
Tue Jul 01 08:00:00 GMT+00:00 2014 BUY  - ANET - 223 @76.0 Total=16948.0
Mon Jul 07 08:00:00 GMT+00:00 2014 SELL  - GLOG - 568 @28.23 Total=16034.64
Mon Jul 07 08:00:00 GMT+00:00 2014 SELL  - KS - 511 @30.55 Total=15611.05
Mon Jul 07 08:00:00 GMT+00:00 2014 SELL  - ANET - 223 @72.17 Total=16093.91
Tue Jul 08 08:00:00 GMT+00:00 2014 SELL  - MEI - 450 @35.76 Total=16092.0
Thu Jul 17 08:00:00 GMT+00:00 2014 SELL  - ECOL - 621 @47.9 Total=29745.9
Fri Jul 18 08:00:00 GMT+00:00 2014 BUY  - EMES - 62 @109.16 Total=6767.92
Wed Jul 23 08:00:00 GMT+00:00 2014 BUY  - LEJU - 1290 @13.15 Total=16963.5
Thu Jul 24 08:00:00 GMT+00:00 2014 BUY  - JMEI - 569 @29.86 Total=16990.34
Tue Jul 29 08:00:00 GMT+00:00 2014 BUY  - LNG - 136 @74.46 Total=10126.56
Fri Aug 01 08:00:00 GMT+00:00 2014 BUY  - THC - 324 @52.34 Total=16958.16
Tue Aug 05 08:00:00 GMT+00:00 2014 SELL  - LEJU - 1290 @11.94 Total=15402.6
Thu Aug 07 08:00:00 GMT+00:00 2014 SELL  - JWA - 282 @58.94 Total=16621.08
Thu Aug 07 08:00:00 GMT+00:00 2014 SELL  - LNG - 391 @70.47 Total=27553.77
Thu Aug 07 08:00:00 GMT+00:00 2014 BUY  - LEAF - 573 @29.65 Total=16989.45
Tue Aug 12 08:00:00 GMT+00:00 2014 BUY  - KMI - 438 @38.73 Total=16963.74
Mon Aug 25 08:00:00 GMT+00:00 2014 BUY  - JMEI - 310 @32.86 Total=10186.6
Wed Aug 27 08:00:00 GMT+00:00 2014 BUY  - ATHM - 336 @50.44 Total=16947.84
Thu Aug 28 08:00:00 GMT+00:00 2014 SELL  - ATHM - 336 @46.86 Total=15744.96
Thu Aug 28 08:00:00 GMT+00:00 2014 BUY  - SIG - 137 @116.37 Total=15942.69
Fri Aug 29 08:00:00 GMT+00:00 2014 SELL  - JMEI - 879 @30.57 Total=26871.03
Fri Aug 29 08:00:00 GMT+00:00 2014 BUY  - GPRO - 308 @51.8 Total=15954.4
Thu Sep 04 08:00:00 GMT+00:00 2014 BUY  - MEI - 402 @39.72 Total=15967.44
Mon Sep 08 08:00:00 GMT+00:00 2014 BUY  - THC - 162 @58.99 Total=9556.38
Tue Sep 09 08:00:00 GMT+00:00 2014 SELL  - KMI - 438 @38.3 Total=16775.4
Wed Sep 10 08:00:00 GMT+00:00 2014 BUY  - HQY - 739 @21.62 Total=15977.18
Thu Sep 11 08:00:00 GMT+00:00 2014 SELL  - APD - 131 @128.43 Total=16824.33
Tue Sep 16 08:00:00 GMT+00:00 2014 SELL  - HQY - 739 @20.1 Total=14853.9
Tue Sep 16 08:00:00 GMT+00:00 2014 BUY  - ALR - 397 @40.25 Total=15979.25
Wed Sep 17 08:00:00 GMT+00:00 2014 BUY  - LEAF - 284 @33.66 Total=9559.44
Mon Sep 22 08:00:00 GMT+00:00 2014 BUY  - CLX - 164 @97.23 Total=15945.72
Tue Sep 23 08:00:00 GMT+00:00 2014 SELL  - EMES - 459 @110.98 Total=50939.82
Thu Sep 25 08:00:00 GMT+00:00 2014 SELL  - MEI - 402 @38.04 Total=15292.08
Tue Sep 30 08:00:00 GMT+00:00 2014 SELL  - ALR - 397 @38.78 Total=15395.66
Wed Oct 01 08:00:00 GMT+00:00 2014 SELL  - SIG - 137 @112.14 Total=15363.18
Wed Oct 01 08:00:00 GMT+00:00 2014 SELL  - THC - 486 @57.74 Total=28061.64
Fri Oct 03 08:00:00 GMT+00:00 2014 BUY  - GPN - 235 @76.32 Total=17935.2
Mon Oct 06 08:00:00 GMT+00:00 2014 BUY  - KITE - 548 @32.83 Total=17990.84
Tue Oct 07 08:00:00 GMT+00:00 2014 SELL  - KITE - 548 @31.8 Total=17426.4
Thu Oct 09 08:00:00 GMT+00:00 2014 SELL  - GPN - 235 @73.97 Total=17382.95
Mon Oct 13 08:00:00 GMT+00:00 2014 BUY  - BDX - 142 @125.83 Total=17867.86
Tue Oct 14 08:00:00 GMT+00:00 2014 BUY  - AVA - 528 @34.03 Total=17967.84
Thu Oct 16 08:00:00 GMT+00:00 2014 SELL  - BDX - 142 @120.78 Total=17150.76
Tue Oct 21 08:00:00 GMT+00:00 2014 BUY  - AKRX - 435 @41.29 Total=17961.15
Mon Oct 27 08:00:00 GMT+00:00 2014 SELL  - GPRO - 308 @64.91 Total=19992.28
Mon Oct 27 08:00:00 GMT+00:00 2014 BUY  - EPAM - 383 @46.91 Total=17966.53
Thu Oct 30 08:00:00 GMT+00:00 2014 BUY  - BMY - 305 @58.98 Total=17988.9
Thu Oct 30 08:00:00 GMT+00:00 2014 BUY  - BIN - 636 @28.25 Total=17967.0
Thu Oct 30 08:00:00 GMT+00:00 2014 BUY  - CACI - 219 @82.05 Total=17968.95
Fri Oct 31 08:00:00 GMT+00:00 2014 BUY  - FLT - 119 @150.56 Total=17916.64
Mon Nov 03 08:00:00 GMT+00:00 2014 BUY  - ZEN - 681 @26.4 Total=17978.4
Wed Nov 05 08:00:00 GMT+00:00 2014 SELL  - ZEN - 681 @24.96 Total=16997.76
Thu Nov 06 08:00:00 GMT+00:00 2014 SELL  - AKRX - 435 @37.88 Total=16477.8
Fri Nov 07 08:00:00 GMT+00:00 2014 BUY  - AMED - 725 @24.79 Total=17972.75
Tue Nov 11 08:00:00 GMT+00:00 2014 BUY  - LEAF - 192 @37.34 Total=7169.28
Fri Nov 14 08:00:00 GMT+00:00 2014 SELL  - AVA - 528 @33.46 Total=17666.88
Wed Nov 19 08:00:00 GMT+00:00 2014 BUY  - ENV - 342 @52.58 Total=17982.36
Mon Dec 01 08:00:00 GMT+00:00 2014 SELL  - ENV - 342 @49.55 Total=16946.1
Fri Dec 05 08:00:00 GMT+00:00 2014 BUY  - ENB - 351 @51.15 Total=17953.65
Wed Dec 10 08:00:00 GMT+00:00 2014 SELL  - ENB - 351 @47.99 Total=16844.49
Wed Dec 10 08:00:00 GMT+00:00 2014 SELL  - FLT - 119 @143.9 Total=17124.1
Mon Dec 15 08:00:00 GMT+00:00 2014 SELL  - LEAF - 1049 @35.07 Total=36788.43
Tue Dec 16 08:00:00 GMT+00:00 2014 SELL  - EPAM - 383 @46.24 Total=17709.92
Tue Dec 16 08:00:00 GMT+00:00 2014 SELL  - BMY - 305 @57.69 Total=17595.45
Tue Dec 16 08:00:00 GMT+00:00 2014 SELL  - CACI - 219 @83.36 Total=18255.84
Thu Dec 18 08:00:00 GMT+00:00 2014 BUY  - FGEN - 641 @28.05 Total=17980.05
Mon Dec 22 08:00:00 GMT+00:00 2014 SELL  - FGEN - 641 @26.32 Total=16871.12
Mon Dec 22 08:00:00 GMT+00:00 2014 BUY  - NVRO - 457 @39.37 Total=17992.09
Wed Dec 24 08:00:00 GMT+00:00 2014 BUY  - BIN - 354 @30.43 Total=10772.22
Wed Dec 24 08:00:00 GMT+00:00 2014 BUY  - VA - 438 @41.0 Total=17958.0
Tue Jan 06 08:00:00 GMT+00:00 2015 SELL  - NVRO - 457 @37.13 Total=16968.41
Wed Jan 07 08:00:00 GMT+00:00 2015 SELL  - VA - 438 @39.75 Total=17410.5
Fri Jan 09 08:00:00 GMT+00:00 2015 BUY  - AYI - 118 @151.5 Total=17877.0
Mon Jan 12 08:00:00 GMT+00:00 2015 SELL  - BIN - 990 @28.85 Total=28561.5
Fri Jan 16 08:00:00 GMT+00:00 2015 BUY  - AMED - 381 @28.26 Total=10767.06
Thu Jan 22 08:00:00 GMT+00:00 2015 BUY  - HELE - 232 @77.53 Total=17986.96
Fri Jan 23 08:00:00 GMT+00:00 2015 BUY  - SBUX - 203 @88.22 Total=17908.66
Wed Jan 28 08:00:00 GMT+00:00 2015 BUY  - KLIC - 1140 @15.75 Total=17955.0
Fri Jan 30 08:00:00 GMT+00:00 2015 SELL  - HELE - 232 @75.22 Total=17451.04
Fri Jan 30 08:00:00 GMT+00:00 2015 SELL  - KLIC - 1140 @15.17 Total=17293.8
Fri Jan 30 08:00:00 GMT+00:00 2015 BUY  - VAR - 194 @92.56 Total=17956.64
Mon Feb 02 08:00:00 GMT+00:00 2015 BUY  - CLX - 100 @107.83 Total=10783.0
Thu Feb 05 08:00:00 GMT+00:00 2015 BUY  - BA - 121 @148.6 Total=17980.6
Fri Feb 06 08:00:00 GMT+00:00 2015 BUY  - BLL - 254 @70.61 Total=17934.94
Mon Feb 09 08:00:00 GMT+00:00 2015 BUY  - HAS - 301 @59.66 Total=17957.66
Fri Mar 06 08:00:00 GMT+00:00 2015 SELL  - AMED - 1106 @27.62 Total=30547.72
Fri Mar 06 08:00:00 GMT+00:00 2015 BUY  - AMBA - 280 @64.22 Total=17981.6
Fri Mar 06 08:00:00 GMT+00:00 2015 BUY  - BMY - 276 @65.12 Total=17973.12
Fri Mar 06 08:00:00 GMT+00:00 2015 SELL  - BLL - 254 @70.82 Total=17988.28
Fri Mar 06 08:00:00 GMT+00:00 2015 BUY  - OLN - 589 @30.52 Total=17976.28
Tue Mar 10 08:00:00 GMT+00:00 2015 SELL  - OLN - 589 @29.0 Total=17081.0
Fri Mar 13 08:00:00 GMT+00:00 2015 SELL  - HAS - 301 @60.73 Total=18279.73
Fri Mar 13 08:00:00 GMT+00:00 2015 BUY  - TWOU - 838 @21.46 Total=17983.48
Thu Mar 19 08:00:00 GMT+00:00 2015 BUY  - NVRO - 359 @50.01 Total=17953.59
Wed Mar 25 08:00:00 GMT+00:00 2015 SELL  - NVRO - 359 @48.04 Total=17246.36
Wed Mar 25 08:00:00 GMT+00:00 2015 SELL  - BA - 121 @148.23 Total=17935.83
Wed Mar 25 08:00:00 GMT+00:00 2015 BUY  - JUNO - 336 @53.48 Total=17969.28
Wed Mar 25 08:00:00 GMT+00:00 2015 SELL  - VAR - 194 @92.72 Total=17987.68
Wed Mar 25 08:00:00 GMT+00:00 2015 BUY  - EW - 126 @142.25 Total=17923.5
Wed Mar 25 08:00:00 GMT+00:00 2015 SELL  - BMY - 276 @64.7 Total=17857.2
Wed Mar 25 08:00:00 GMT+00:00 2015 BUY  - OVAS - 361 @49.8 Total=17977.8
Thu Mar 26 08:00:00 GMT+00:00 2015 SELL  - OVAS - 361 @48.29 Total=17432.69
Thu Mar 26 08:00:00 GMT+00:00 2015 BUY  - SFS - 1010 @17.77 Total=17947.7
Mon Mar 30 08:00:00 GMT+00:00 2015 BUY  - CLX - 64 @110.76 Total=7088.64
Mon Mar 30 08:00:00 GMT+00:00 2015 BUY  - SBUX - 112 @95.98 Total=10749.76
Mon Apr 06 08:00:00 GMT+00:00 2015 SELL  - EW - 126 @139.85 Total=17621.1
Mon Apr 06 08:00:00 GMT+00:00 2015 BUY  - SIG - 128 @139.76 Total=17889.28
Wed Apr 08 08:00:00 GMT+00:00 2015 BUY  - AYI - 63 @168.96 Total=10644.48
Thu Apr 16 08:00:00 GMT+00:00 2015 BUY  - TWOU - 429 @25.11 Total=10772.19
Fri Apr 17 08:00:00 GMT+00:00 2015 SELL  - SIG - 128 @132.41 Total=16948.48
Fri Apr 17 08:00:00 GMT+00:00 2015 SELL  - CLX - 328 @109.26 Total=35837.28
Fri Apr 17 08:00:00 GMT+00:00 2015 BUY  - TSE - 817 @22.0 Total=17974.0
Mon Apr 20 08:00:00 GMT+00:00 2015 BUY  - AMBA - 144 @74.56 Total=10736.64
Fri Apr 24 08:00:00 GMT+00:00 2015 SELL  - SFS - 1010 @17.9 Total=18079.0
Fri Apr 24 08:00:00 GMT+00:00 2015 BUY  - MMSI - 874 @20.58 Total=17986.92
Mon Apr 27 08:00:00 GMT+00:00 2015 SELL  - JUNO - 336 @50.81 Total=17072.16
Wed Apr 29 08:00:00 GMT+00:00 2015 BUY  - XPO - 368 @48.83 Total=17969.44
Thu Apr 30 08:00:00 GMT+00:00 2015 SELL  - MMSI - 874 @19.41 Total=16964.34
Thu Apr 30 08:00:00 GMT+00:00 2015 BUY  - AVG - 752 @23.92 Total=17987.84
Tue May 05 08:00:00 GMT+00:00 2015 SELL  - TSE - 817 @21.83 Total=17835.11
Tue May 05 08:00:00 GMT+00:00 2015 BUY  - CLGX - 464 @38.7 Total=17956.8
Fri May 08 08:00:00 GMT+00:00 2015 BUY  - SBUX - 144 @49.78 Total=7168.32
Thu May 14 08:00:00 GMT+00:00 2015 BUY  - TWOU - 269 @26.69 Total=7179.61
Tue Jun 02 08:00:00 GMT+00:00 2015 BUY  - AYI - 40 @178.51 Total=7140.4
Thu Jun 04 08:00:00 GMT+00:00 2015 SELL  - CLGX - 464 @38.77 Total=17989.28
Thu Jun 04 08:00:00 GMT+00:00 2015 BUY  - DGX - 240 @74.94 Total=17985.6
Tue Jun 09 08:00:00 GMT+00:00 2015 SELL  - XPO - 368 @48.13 Total=17711.84
Tue Jun 09 08:00:00 GMT+00:00 2015 BUY  - CMN - 326 @52.0 Total=16952.0
Mon Jun 15 08:00:00 GMT+00:00 2015 SELL  - DGX - 240 @72.67 Total=17440.8
Mon Jun 15 08:00:00 GMT+00:00 2015 BUY  - MBLY - 337 @50.34 Total=16964.58
Mon Jun 29 08:00:00 GMT+00:00 2015 SELL  - AYI - 221 @179.27 Total=39618.67
Mon Jun 29 08:00:00 GMT+00:00 2015 BUY  - ITCI - 581 @30.94 Total=17976.14
Wed Jul 01 08:00:00 GMT+00:00 2015 BUY  - AVG - 393 @27.43 Total=10779.99
