Fri Jan 16 08:00:00 GMT+00:00 2015 BUY  - AYI - 55 @150.64 Total=8285.2
Thu Jan 22 08:00:00 GMT+00:00 2015 BUY  - HELE - 107 @77.53 Total=8295.71
Thu Jan 22 08:00:00 GMT+00:00 2015 BUY  - AGU - 77 @107.2 Total=8254.4
Fri Jan 23 08:00:00 GMT+00:00 2015 BUY  - SBUX - 94 @88.22 Total=8292.68
Fri Jan 30 08:00:00 GMT+00:00 2015 SELL  - HELE - 107 @75.22 Total=8048.54
Thu Feb 05 08:00:00 GMT+00:00 2015 BUY  - BLL - 115 @72.03 Total=8283.45
Fri Feb 06 08:00:00 GMT+00:00 2015 BUY  - VAR - 90 @92.53 Total=8327.7
Mon Feb 09 08:00:00 GMT+00:00 2015 BUY  - KLIC - 529 @15.76 Total=8337.04
Wed Mar 04 08:00:00 GMT+00:00 2015 SELL  - BLL - 115 @71.3 Total=8199.5
Wed Mar 04 08:00:00 GMT+00:00 2015 BUY  - LCI - 133 @62.28 Total=8283.24
Wed Mar 11 08:00:00 GMT+00:00 2015 SELL  - KLIC - 529 @15.98 Total=8453.42
Wed Mar 11 08:00:00 GMT+00:00 2015 BUY  - OLN - 282 @29.54 Total=8330.28
Thu Mar 19 08:00:00 GMT+00:00 2015 SELL  - OLN - 282 @28.05 Total=7910.1
Thu Mar 19 08:00:00 GMT+00:00 2015 SELL  - AGU - 77 @106.95 Total=8235.15
Thu Mar 19 08:00:00 GMT+00:00 2015 BUY  - NVRO - 166 @50.01 Total=8301.66
Wed Mar 25 08:00:00 GMT+00:00 2015 SELL  - NVRO - 166 @48.04 Total=7974.64
Thu Mar 26 08:00:00 GMT+00:00 2015 BUY  - SFS - 469 @17.77 Total=8334.13
Thu Mar 26 08:00:00 GMT+00:00 2015 BUY  - SIG - 61 @135.0 Total=8235.0
Mon Mar 30 08:00:00 GMT+00:00 2015 BUY  - SBUX - 52 @95.98 Total=4990.96
Wed Apr 08 08:00:00 GMT+00:00 2015 BUY  - AYI - 29 @168.96 Total=4899.84
Fri Apr 17 08:00:00 GMT+00:00 2015 SELL  - SIG - 61 @132.41 Total=8077.01
Fri Apr 17 08:00:00 GMT+00:00 2015 BUY  - TSE - 379 @22.0 Total=8338.0
Mon Apr 20 08:00:00 GMT+00:00 2015 BUY  - LCI - 74 @66.75 Total=4939.5
Mon Apr 27 08:00:00 GMT+00:00 2015 SELL  - LCI - 207 @61.9 Total=12813.3
Mon Apr 27 08:00:00 GMT+00:00 2015 SELL  - SFS - 469 @17.71 Total=8305.99
Wed Apr 29 08:00:00 GMT+00:00 2015 BUY  - XPO - 170 @48.83 Total=8301.1
Thu Apr 30 08:00:00 GMT+00:00 2015 SELL  - VAR - 90 @88.85 Total=7996.5
Thu Apr 30 08:00:00 GMT+00:00 2015 BUY  - AVG - 348 @23.92 Total=8324.16
Fri May 01 08:00:00 GMT+00:00 2015 BUY  - BFAM - 154 @54.05 Total=8323.7
Tue May 05 08:00:00 GMT+00:00 2015 SELL  - TSE - 379 @21.83 Total=8273.57
Tue May 05 08:00:00 GMT+00:00 2015 BUY  - CLGX - 215 @38.7 Total=8320.5
Fri May 08 08:00:00 GMT+00:00 2015 BUY  - SBUX - 66 @49.78 Total=3285.48
Fri May 29 08:00:00 GMT+00:00 2015 SELL  - CLGX - 215 @38.98 Total=8380.7
Fri May 29 08:00:00 GMT+00:00 2015 BUY  - TTPH - 194 @42.88 Total=8318.72
Mon Jun 01 08:00:00 GMT+00:00 2015 SELL  - XPO - 170 @48.71 Total=8280.7
Mon Jun 01 08:00:00 GMT+00:00 2015 BUY  - AMED - 260 @32.05 Total=8333.0
Tue Jun 02 08:00:00 GMT+00:00 2015 BUY  - AYI - 18 @178.51 Total=3213.18
Thu Jun 25 08:00:00 GMT+00:00 2015 BUY  - AMED - 125 @39.96 Total=4995.0
Mon Jun 29 08:00:00 GMT+00:00 2015 SELL  - TTPH - 194 @43.17 Total=8374.98
Wed Jul 01 08:00:00 GMT+00:00 2015 BUY  - AVG - 182 @27.43 Total=4992.26
