Start Date: Thu Jan 01 08:00:00 GMT+00:00 2015
End Date: Sun Jul 05 21:46:28 GMT+00:00 2015
Initial Cash: 100000.0
Num Positions: 6
-----------------
Fri Jan 16 08:00:00 GMT+00:00 2015 BUY: 55 shares of AYI cost-basis=151 for $8285.2 CASH-BAL=91707.8
Thu Jan 22 08:00:00 GMT+00:00 2015 BUY: 107 shares of HELE cost-basis=77.5 for $8295.71 CASH-BAL=83405.09
Thu Jan 22 08:00:00 GMT+00:00 2015 BUY: 77 shares of AGU cost-basis=107 for $8254.4 CASH-BAL=75143.69
Fri Jan 23 08:00:00 GMT+00:00 2015 BUY: 94 shares of SBUX cost-basis=88.2 for $8292.68 CASH-BAL=66844.01
Wed Jan 28 08:00:00 GMT+00:00 2015 Adding unprocessed symbols to watchlist: [KLIC]
Thu Jan 29 08:00:00 GMT+00:00 2015 Adding unprocessed symbols to watchlist: [VAR, BA]
Fri Jan 30 08:00:00 GMT+00:00 2015Market-Downtrend-Sell -3%: (-3.06%)107 shares of HELE for -3.06
Fri Jan 30 08:00:00 GMT+00:00 2015 SELL HELE x107 for $8048.54 -3.06%
Thu Feb 05 08:00:00 GMT+00:00 2015 BUY: 115 shares of BLL cost-basis=72.0 for $8283.45 CASH-BAL=66595.1
Fri Feb 06 08:00:00 GMT+00:00 2015 BUY: 90 shares of VAR cost-basis=92.5 for $8327.7 CASH-BAL=58260.4
Mon Feb 09 08:00:00 GMT+00:00 2015 BUY: 529 shares of KLIC cost-basis=15.8 for $8337.04 CASH-BAL=49916.36
Mon Feb 09 08:00:00 GMT+00:00 2015 Adding unprocessed symbols to watchlist: [HAS]
Tue Feb 10 08:00:00 GMT+00:00 2015 Adding unprocessed symbols to watchlist: [SEE]
Wed Feb 11 08:00:00 GMT+00:00 2015 Adding unprocessed symbols to watchlist: [SCI]
Fri Feb 13 08:00:00 GMT+00:00 2015 Adding unprocessed symbols to watchlist: [EIGI]
Tue Feb 17 08:00:00 GMT+00:00 2015 Adding unprocessed symbols to watchlist: [CBPO, LCI]
Wed Feb 18 08:00:00 GMT+00:00 2015 Adding unprocessed symbols to watchlist: [LNKD]
Thu Feb 19 08:00:00 GMT+00:00 2015 Adding unprocessed symbols to watchlist: [EPAM]
Mon Feb 23 08:00:00 GMT+00:00 2015 Adding unprocessed symbols to watchlist: [EIGI]
Tue Feb 24 08:00:00 GMT+00:00 2015 Adding unprocessed symbols to watchlist: [EIGI]
Thu Feb 26 08:00:00 GMT+00:00 2015 Adding unprocessed symbols to watchlist: [CBPO]
Fri Feb 27 08:00:00 GMT+00:00 2015 Adding unprocessed symbols to watchlist: [LCI]
Mon Mar 02 08:00:00 GMT+00:00 2015 Adding unprocessed symbols to watchlist: [LCI]
Wed Mar 04 08:00:00 GMT+00:00 2015 Selling due to underperformance: BLL -1.1% in 27
Wed Mar 04 08:00:00 GMT+00:00 2015 SELL BLL x115 for $8199.5 -1.1%
Wed Mar 04 08:00:00 GMT+00:00 2015 BUY: 133 shares of LCI cost-basis=62.3 for $8283.24 CASH-BAL=49818.62
Wed Mar 04 08:00:00 GMT+00:00 2015 Adding unprocessed symbols to watchlist: [OLN, BMY]
Wed Mar 11 08:00:00 GMT+00:00 2015 Selling due to underperformance: KLIC 1.31% in 30
Wed Mar 11 08:00:00 GMT+00:00 2015 SELL KLIC x529 for $8453.42 1.31%
Wed Mar 11 08:00:00 GMT+00:00 2015 BUY: 282 shares of OLN cost-basis=29.5 for $8330.28 CASH-BAL=49927.76
Wed Mar 18 08:00:00 GMT+00:00 2015 Adding unprocessed symbols to watchlist: [AMBA, BMY]
Thu Mar 19 08:00:00 GMT+00:00 2015 StopLoss-SoftStop SELL: (-5.13%)282 shares of OLN for -5.13
Thu Mar 19 08:00:00 GMT+00:00 2015 SELL OLN x282 for $7910.1 -5.13%
Thu Mar 19 08:00:00 GMT+00:00 2015 Market-Uptrend-Sell 20EMA: (-3.31%)77 shares of AGU for -0.318
Thu Mar 19 08:00:00 GMT+00:00 2015 SELL AGU x77 for $8235.15 -0.318%
Thu Mar 19 08:00:00 GMT+00:00 2015 BUY: 166 shares of NVRO cost-basis=50.0 for $8301.66 CASH-BAL=57750.35
Wed Mar 25 08:00:00 GMT+00:00 2015 Market-CautiousUp-Sell -3%: (-4.02%)166 shares of NVRO for -4.02
Wed Mar 25 08:00:00 GMT+00:00 2015 SELL NVRO x166 for $7974.64 -4.02%
Thu Mar 26 08:00:00 GMT+00:00 2015 BUY: 469 shares of SFS cost-basis=17.8 for $8334.13 CASH-BAL=57376.86
Thu Mar 26 08:00:00 GMT+00:00 2015 BUY: 61 shares of SIG cost-basis=135 for $8235.0 CASH-BAL=49134.86
Fri Mar 27 08:00:00 GMT+00:00 2015 Adding unprocessed symbols to watchlist: [EW, JUNO]
Mon Mar 30 08:00:00 GMT+00:00 2015 BUY: 52 shares of SBUX cost-basis=91.0 for $4990.96 CASH-BAL=44136.9
Mon Mar 30 08:00:00 GMT+00:00 2015 Adding unprocessed symbols to watchlist: [EW]
Tue Mar 31 08:00:00 GMT+00:00 2015 Adding unprocessed symbols to watchlist: [NTDOY]
Wed Apr 01 08:00:00 GMT+00:00 2015 Adding unprocessed symbols to watchlist: [NTDOY]
Wed Apr 08 08:00:00 GMT+00:00 2015 BUY: 29 shares of AYI cost-basis=157 for $4899.84 CASH-BAL=39230.06
Thu Apr 09 08:00:00 GMT+00:00 2015 SBUX: Applying split factor of: 2.0
Fri Apr 10 08:00:00 GMT+00:00 2015 Adding unprocessed symbols to watchlist: [GE]
Mon Apr 13 08:00:00 GMT+00:00 2015 Adding unprocessed symbols to watchlist: [TSE]
Fri Apr 17 08:00:00 GMT+00:00 2015 Selling due to underperformance: SIG -2.0% in 22
Fri Apr 17 08:00:00 GMT+00:00 2015 SELL SIG x61 for $8077.01 -2.0%
Fri Apr 17 08:00:00 GMT+00:00 2015 BUY: 379 shares of TSE cost-basis=22.0 for $8338.0 CASH-BAL=38955.07
Mon Apr 20 08:00:00 GMT+00:00 2015 BUY: 74 shares of LCI cost-basis=63.9 for $4939.5 CASH-BAL=34008.57
Mon Apr 27 08:00:00 GMT+00:00 2015 StopLoss-ScaledSoftStop SELL: ($64.539)207 @$61.9 shares of LCI for -3.2
Mon Apr 27 08:00:00 GMT+00:00 2015 SELL LCI x207 for $12813.3 -3.2%
Mon Apr 27 08:00:00 GMT+00:00 2015 Market-Uptrend-Sell 20EMA: (-2.06%)469 shares of SFS for -0.422
Mon Apr 27 08:00:00 GMT+00:00 2015 SELL SFS x469 for $8305.99 -0.422%
Wed Apr 29 08:00:00 GMT+00:00 2015 BUY: 170 shares of XPO cost-basis=48.8 for $8301.1 CASH-BAL=46805.76
Thu Apr 30 08:00:00 GMT+00:00 2015 Market-Uptrend-Sell 20EMA: (-5.65%)90 shares of VAR for -4.06
Thu Apr 30 08:00:00 GMT+00:00 2015 SELL VAR x90 for $7996.5 -4.06%
Thu Apr 30 08:00:00 GMT+00:00 2015 BUY: 348 shares of AVG cost-basis=23.9 for $8324.16 CASH-BAL=46464.1
Fri May 01 08:00:00 GMT+00:00 2015 BUY: 154 shares of BFAM cost-basis=54.1 for $8323.7 CASH-BAL=38133.4
Tue May 05 08:00:00 GMT+00:00 2015 Selling due to underperformance: TSE -0.857% in 18
Tue May 05 08:00:00 GMT+00:00 2015 SELL TSE x379 for $8273.57 -0.857%
Tue May 05 08:00:00 GMT+00:00 2015 BUY: 215 shares of CLGX cost-basis=38.7 for $8320.5 CASH-BAL=38072.47
Fri May 08 08:00:00 GMT+00:00 2015 BUY: 66 shares of SBUX cost-basis=46.3 for $3285.48 CASH-BAL=34779.99
Fri May 08 08:00:00 GMT+00:00 2015 Adding unprocessed symbols to watchlist: [IMPV]
Tue May 12 08:00:00 GMT+00:00 2015 Adding unprocessed symbols to watchlist: [IPAR]
Mon May 18 08:00:00 GMT+00:00 2015 Adding unprocessed symbols to watchlist: [IPAR]
Wed May 20 08:00:00 GMT+00:00 2015 Adding unprocessed symbols to watchlist: [TWC, IPAR, TTPH]
Tue May 26 08:00:00 GMT+00:00 2015 Adding unprocessed symbols to watchlist: [IPAR]
Wed May 27 08:00:00 GMT+00:00 2015 Adding unprocessed symbols to watchlist: [AMED, IPAR]
Thu May 28 08:00:00 GMT+00:00 2015 Adding unprocessed symbols to watchlist: [TTPH]
Fri May 29 08:00:00 GMT+00:00 2015 Selling due to underperformance: CLGX 0.639% in 24
Fri May 29 08:00:00 GMT+00:00 2015 SELL CLGX x215 for $8380.7 0.639%
Fri May 29 08:00:00 GMT+00:00 2015 BUY: 194 shares of TTPH cost-basis=42.9 for $8318.72 CASH-BAL=34827.97
Fri May 29 08:00:00 GMT+00:00 2015 Adding unprocessed symbols to watchlist: [DGX, AMED]
Mon Jun 01 08:00:00 GMT+00:00 2015 Selling due to underperformance: XPO -0.33% in 33
Mon Jun 01 08:00:00 GMT+00:00 2015 SELL XPO x170 for $8280.7 -0.33%
Mon Jun 01 08:00:00 GMT+00:00 2015 BUY: 260 shares of AMED cost-basis=32.1 for $8333.0 CASH-BAL=34761.67
Mon Jun 01 08:00:00 GMT+00:00 2015 Adding unprocessed symbols to watchlist: [DGX]
Tue Jun 02 08:00:00 GMT+00:00 2015 BUY: 18 shares of AYI cost-basis=161 for $3213.18 CASH-BAL=31541.49
Tue Jun 09 08:00:00 GMT+00:00 2015 Adding unprocessed symbols to watchlist: [CMN]
Thu Jun 11 08:00:00 GMT+00:00 2015 Adding unprocessed symbols to watchlist: [MBLY]
Wed Jun 17 08:00:00 GMT+00:00 2015 Adding unprocessed symbols to watchlist: [RDUS]
Thu Jun 25 08:00:00 GMT+00:00 2015 BUY: 125 shares of AMED cost-basis=34.6 for $4995.0 CASH-BAL=26539.49
Mon Jun 29 08:00:00 GMT+00:00 2015 Market-Downtrend-Sell 20EMA: (-1.69%)194 shares of TTPH for 0.592
Mon Jun 29 08:00:00 GMT+00:00 2015 SELL TTPH x194 for $8374.98 0.592%
Wed Jul 01 08:00:00 GMT+00:00 2015 BUY: 182 shares of AVG cost-basis=25.1 for $4992.26 CASH-BAL=29908.21
Wed Jul 01 08:00:00 GMT+00:00 2015 Adding unprocessed symbols to watchlist: [ITCI]
Thu Jul 02 08:00:00 GMT+00:00 2015 Adding unprocessed symbols to watchlist: [ITCI]

---- Final Portfolio Holdings as of Sun Jul 05 21:46:28 GMT+00:00 2015 ----
null 102 of AYI with cost basis of 161.0 and pct-chg: 17.4% with % of portfolio weight=17.9%
null 358 of SBUX with cost basis of 46.3 and pct-chg: 17.1% with % of portfolio weight=18.0%
null 530 of AVG with cost basis of 25.1 and pct-chg: 9.62% with % of portfolio weight=13.5%
null 154 of BFAM with cost basis of 54.1 and pct-chg: 6.54% with % of portfolio weight=8.23%
null 385 of AMED with cost basis of 34.6 and pct-chg: 17.9% with % of portfolio weight=14.6%

Total Invested Amount = 77837.14 with % of portfolio weight=72.2%
Cash Bal = 29908.21 with % of portfolio weight=27.8%
Net Value = 107745.35

---- Run stats ----
Start-Date: Thu Jan 01 08:00:00 GMT+00:00 2015
End-Date: Sun Jul 05 21:46:28 GMT+00:00 2015
Total Trading days: 186
Net Gain/Loss = 7745.350000000001
Pct Chg = 7.75%
