Start Date: Thu Jan 01 08:00:00 GMT+00:00 2015
End Date: Fri Jun 26 07:00:00 GMT+00:00 2015
Initial Cash: 100000.0
Num Positions: 5
-----------------
Thu Jan 22 08:00:00 GMT+00:00 2015 BUY: 421 shares of TSM cost-basis=23.7 for $9981.91 CASH-BAL=90011.09
Fri Jan 23 08:00:00 GMT+00:00 2015 BUY: 113 shares of SBUX cost-basis=88.2 for $9968.86 CASH-BAL=80035.23
Fri Jan 30 08:00:00 GMT+00:00 2015Market-Downtrend-Sell -3%: (-4.29%)421 shares of TSM for -4.29
Fri Jan 30 08:00:00 GMT+00:00 2015 SELL TSM x421 for $9560.91 CASH-BAL=89589.14
Thu Feb 05 08:00:00 GMT+00:00 2015 BUY: 309 shares of SBH cost-basis=32.2 for $9962.16 CASH-BAL=79619.98
Tue Feb 10 08:00:00 GMT+00:00 2015 BUY: 220 shares of SEE cost-basis=45.3 for $9959.4 CASH-BAL=69653.58
Wed Feb 11 08:00:00 GMT+00:00 2015 BUY: 409 shares of SCI cost-basis=24.4 for $9975.51 CASH-BAL=59671.07
Fri Feb 13 08:00:00 GMT+00:00 2015 BUY: 512 shares of EIGI cost-basis=19.5 for $9978.88 CASH-BAL=49685.19
Wed Mar 04 08:00:00 GMT+00:00 2015 BUY: 64 shares of SBUX cost-basis=90.0 for $5955.84 CASH-BAL=43722.35
Wed Mar 11 08:00:00 GMT+00:00 2015 StopLoss-HardStop SELL: (-7.15%)512 shares of EIGI for -7.15
Wed Mar 11 08:00:00 GMT+00:00 2015 SELL EIGI x512 for $9272.32 CASH-BAL=52987.67
Fri Mar 20 08:00:00 GMT+00:00 2015 BUY: 185 shares of HNI cost-basis=53.9 for $9962.25 CASH-BAL=43018.42
Thu Mar 26 08:00:00 GMT+00:00 2015 BUY: 174 shares of SBH cost-basis=33.0 for $5962.98 CASH-BAL=37048.44
Tue Mar 31 08:00:00 GMT+00:00 2015 BUY: 230 shares of SCI cost-basis=25.0 for $5991.5 CASH-BAL=31049.94
Thu Apr 09 08:00:00 GMT+00:00 2015 SBUX: Applying split factor of: 2.0
Thu Apr 09 08:00:00 GMT+00:00 2015Market-Uptrend-Sell 20EMA: (-2.24%)483 shares of SBH for 0.606
Thu Apr 09 08:00:00 GMT+00:00 2015 SELL SBH x483 for $16035.6 CASH-BAL=47078.54
Thu Apr 09 08:00:00 GMT+00:00 2015 BUY: 476 shares of EIGI cost-basis=21.0 for $9986.48 CASH-BAL=37085.06
Wed Apr 15 08:00:00 GMT+00:00 2015Market-Uptrend-Sell 20EMA: (-2.67%)220 shares of SEE for -1.86
Wed Apr 15 08:00:00 GMT+00:00 2015 SELL SEE x220 for $9781.2 CASH-BAL=46859.26
Fri Apr 17 08:00:00 GMT+00:00 2015 BUY: 148 shares of SCI cost-basis=25.3 for $3976.76 CASH-BAL=42875.5
Mon Apr 20 08:00:00 GMT+00:00 2015 BUY: 83 shares of SBUX cost-basis=45.6 for $3981.51 CASH-BAL=38886.99
Thu Apr 23 08:00:00 GMT+00:00 2015Market-Uptrend-Sell 20EMA: (-7.5%)185 shares of HNI for -4.86
Thu Apr 23 08:00:00 GMT+00:00 2015 SELL HNI x185 for $9484.95 CASH-BAL=48364.94
Thu Apr 23 08:00:00 GMT+00:00 2015 BUY: 188 shares of JCI cost-basis=52.9 for $9945.2 CASH-BAL=38412.74
Fri Apr 24 08:00:00 GMT+00:00 2015 BUY: 344 shares of IMS cost-basis=29.0 for $9976.0 CASH-BAL=28429.74
Tue Apr 28 08:00:00 GMT+00:00 2015 StopLoss-SoftStop SELL: (-6.17%)476 shares of EIGI for -6.17
Tue Apr 28 08:00:00 GMT+00:00 2015 SELL EIGI x476 for $9377.2 CASH-BAL=37799.94
Tue Apr 28 08:00:00 GMT+00:00 2015 BUY: 416 shares of SC cost-basis=24.0 for $9984.0 CASH-BAL=27808.94
Tue May 05 08:00:00 GMT+00:00 2015 StopLoss-SoftStop SELL: (-5.21%)188 shares of JCI for -5.21
Tue May 05 08:00:00 GMT+00:00 2015 StopLoss-SoftStop SELL: (-5.35%)344 shares of IMS for -5.35
Tue May 05 08:00:00 GMT+00:00 2015 SELL JCI x188 for $9433.84 CASH-BAL=37235.78
Tue May 05 08:00:00 GMT+00:00 2015 SELL IMS x344 for $9449.68 CASH-BAL=46678.46
Wed May 20 08:00:00 GMT+00:00 2015 BUY: 60 shares of TWC cost-basis=167 for $9993.0 CASH-BAL=36678.46
Wed May 20 08:00:00 GMT+00:00 2015 BUY: 150 shares of ADI cost-basis=66.2 for $9927.0 CASH-BAL=26744.46
Tue May 26 08:00:00 GMT+00:00 2015 Got Acquired/Merged: 60 shares of TWC for 10.2
Tue May 26 08:00:00 GMT+00:00 2015 SELL TWC x60 for $11016.0 CASH-BAL=37753.46
Wed May 27 08:00:00 GMT+00:00 2015 BUY: 315 shares of AMED cost-basis=31.7 for $9976.05 CASH-BAL=27770.41
Thu Jun 25 08:00:00 GMT+00:00 2015 BUY: 232 shares of SC cost-basis=24.6 for $5985.6 CASH-BAL=21777.81

---- Final Portfolio Holdings as of Fri Jun 26 07:00:00 GMT+00:00 2015 ----
null 437 of SBUX with cost basis of 45.6 and pct-chg: 18.6% with % of portfolio weight=21.9%
null 787 of SCI with cost basis of 25.3 and pct-chg: 17.1% with % of portfolio weight=21.6%
null 648 of SC with cost basis of 24.6 and pct-chg: 4.65% with % of portfolio weight=15.5%
null 150 of ADI with cost basis of 66.2 and pct-chg: 0.549% with % of portfolio weight=9.24%
null 315 of AMED with cost basis of 31.7 and pct-chg: 26.1% with % of portfolio weight=11.6%

Total Invested Amount = 86233.79 with % of portfolio weight=79.8%
Cash Bal = 21777.81 with % of portfolio weight=20.2%
Net Value = 108011.6

---- Run stats ----
Start-Date: Thu Jan 01 08:00:00 GMT+00:00 2015
End-Date: Fri Jun 26 07:00:00 GMT+00:00 2015
Total Trading days: 176
Net Gain/Loss = 8011.6
Pct Chg = 8.01%
