Thu Jan 08 08:00:00 GMT+00:00 2015 BUY  - CMG - 13 @719.99 Total=9359.87
Thu Jan 08 08:00:00 GMT+00:00 2015 BUY  - MRVL - 623 @16.015 Total=9977.345
Wed Jan 14 08:00:00 GMT+00:00 2015 SELL  - MRVL - 623 @15.51 Total=9662.73
Thu Jan 22 08:00:00 GMT+00:00 2015 BUY  - TSM - 421 @23.71 Total=9981.91
Fri Jan 23 08:00:00 GMT+00:00 2015 BUY  - SBUX - 113 @88.22 Total=9968.86
Fri Jan 30 08:00:00 GMT+00:00 2015 SELL  - TSM - 421 @22.71 Total=9560.91
Wed Feb 04 08:00:00 GMT+00:00 2015 SELL  - CMG - 13 @676.0 Total=8788.0
Thu Feb 05 08:00:00 GMT+00:00 2015 BUY  - BOOT - 418 @23.87 Total=9977.66
Fri Feb 06 08:00:00 GMT+00:00 2015 BUY  - CME - 106 @94.21 Total=9986.26
Fri Feb 06 08:00:00 GMT+00:00 2015 BUY  - VRSN - 166 @59.97 Total=9955.02
Fri Feb 06 08:00:00 GMT+00:00 2015 BUY  - COST - 67 @148.7 Total=9962.9
Tue Feb 17 08:00:00 GMT+00:00 2015 SELL  - BOOT - 418 @22.24 Total=9296.32
Tue Feb 17 08:00:00 GMT+00:00 2015 BUY  - PAHC - 302 @33.0 Total=9966.0
Wed Mar 04 08:00:00 GMT+00:00 2015 BUY  - SBUX - 64 @93.06 Total=5955.84
Tue Mar 10 08:00:00 GMT+00:00 2015 BUY  - VRSN - 95 @62.78 Total=5964.1
Tue Mar 17 08:00:00 GMT+00:00 2015 BUY  - PAHC - 170 @35.2 Total=5984.0
Tue Mar 24 08:00:00 GMT+00:00 2015 BUY  - CME - 61 @97.34 Total=5937.74
Thu Mar 26 08:00:00 GMT+00:00 2015 BUY  - VRSN - 61 @64.92 Total=3960.12
Mon Apr 06 08:00:00 GMT+00:00 2015 SELL  - CME - 167 @92.095 Total=15379.865
Wed Apr 08 08:00:00 GMT+00:00 2015 BUY  - SIX - 206 @48.49 Total=9988.94
Fri Apr 17 08:00:00 GMT+00:00 2015 SELL  - COST - 67 @144.57 Total=9686.19
Fri Apr 17 08:00:00 GMT+00:00 2015 SELL  - PAHC - 472 @33.39 Total=15760.08
Fri Apr 17 08:00:00 GMT+00:00 2015 BUY  - CE - 148 @67.18 Total=9942.64
Fri Apr 17 08:00:00 GMT+00:00 2015 BUY  - NGHC - 518 @19.28 Total=9987.04
Mon Apr 20 08:00:00 GMT+00:00 2015 BUY  - SBUX - 83 @47.97 Total=3981.51
Fri Apr 24 08:00:00 GMT+00:00 2015 SELL  - VRSN - 322 @65.04 Total=20942.88
Fri Apr 24 08:00:00 GMT+00:00 2015 BUY  - IMS - 344 @29.0 Total=9976.0
Wed Apr 29 08:00:00 GMT+00:00 2015 SELL  - SIX - 206 @47.26 Total=9735.56
Wed Apr 29 08:00:00 GMT+00:00 2015 BUY  - VRSK - 130 @76.85 Total=9990.5
Tue May 05 08:00:00 GMT+00:00 2015 SELL  - IMS - 344 @27.47 Total=9449.68
Tue May 05 08:00:00 GMT+00:00 2015 BUY  - SC - 411 @24.27 Total=9974.97
Wed May 06 08:00:00 GMT+00:00 2015 SELL  - VRSK - 130 @72.49 Total=9423.7
Fri May 15 08:00:00 GMT+00:00 2015 BUY  - PAYC - 283 @35.29 Total=9987.07
Thu May 21 08:00:00 GMT+00:00 2015 BUY  - NGHC - 301 @19.89 Total=5986.89
Tue May 26 08:00:00 GMT+00:00 2015 SELL  - NGHC - 819 @19.17 Total=15700.23
Tue May 26 08:00:00 GMT+00:00 2015 BUY  - UEPS - 700 @14.26 Total=9982.0
Wed Jun 24 08:00:00 GMT+00:00 2015 BUY  - PAYC - 163 @36.75 Total=5990.25
Thu Jun 25 08:00:00 GMT+00:00 2015 BUY  - SC - 232 @25.8 Total=5985.6
