Mon Jan 07 08:00:00 GMT+00:00 2013 BUY  - NSM - 257 @38.83 Total=9979.31
Wed Jan 16 08:00:00 GMT+00:00 2013 BUY  - PRLB - 233 @42.71 Total=9951.43
Fri Jan 18 08:00:00 GMT+00:00 2013 SELL  - NSM - 257 @35.81 Total=9203.17
Wed Jan 30 08:00:00 GMT+00:00 2013 BUY  - HES - 147 @67.88 Total=9978.36
Wed Feb 06 08:00:00 GMT+00:00 2013 SELL  - PRLB - 233 @39.99 Total=9317.67
Thu Feb 21 08:00:00 GMT+00:00 2013 SELL  - HES - 147 @64.4 Total=9466.8
Wed Feb 27 08:00:00 GMT+00:00 2013 BUY  - BLOX - 467 @21.38 Total=9984.46
Fri Mar 01 08:00:00 GMT+00:00 2013 BUY  - SSTK - 307 @32.52 Total=9983.64
Mon Mar 25 08:00:00 GMT+00:00 2013 SELL  - BLOX - 467 @20.89 Total=9755.63
Thu Mar 28 08:00:00 GMT+00:00 2013 BUY  - SIG - 149 @67.0 Total=9983.0
Wed Apr 03 08:00:00 GMT+00:00 2013 BUY  - TSLA - 243 @41.1 Total=9987.3
Fri Apr 05 08:00:00 GMT+00:00 2013 BUY  - SSTK - 147 @40.57 Total=5963.79
Wed Apr 17 08:00:00 GMT+00:00 2013 BUY  - SSTK - 94 @42.43 Total=3988.42
Thu May 23 08:00:00 GMT+00:00 2013 BUY  - PCP - 47 @209.65 Total=9853.55
Wed Jun 05 08:00:00 GMT+00:00 2013 SELL  - SIG - 149 @66.71 Total=9939.79
Thu Jun 06 08:00:00 GMT+00:00 2013 SELL  - SSTK - 548 @44.04 Total=24133.92
Mon Jun 24 08:00:00 GMT+00:00 2013 SELL  - PCP - 47 @209.69 Total=9855.43
Thu Jun 27 08:00:00 GMT+00:00 2013 BUY  - PTLA - 414 @24.13 Total=9989.82
Thu Jun 27 08:00:00 GMT+00:00 2013 BUY  - SSTK - 186 @53.56 Total=9962.16
Mon Jul 01 08:00:00 GMT+00:00 2013 BUY  - ICPT - 227 @43.89 Total=9963.03
Wed Jul 17 08:00:00 GMT+00:00 2013 BUY  - TSLA - 49 @120.25 Total=5892.25
Fri Jul 19 08:00:00 GMT+00:00 2013 BUY  - SVU - 1350 @7.39 Total=9976.5
Thu Jul 25 08:00:00 GMT+00:00 2013 SELL  - SSTK - 186 @53.7 Total=9988.2
Fri Jul 26 08:00:00 GMT+00:00 2013 BUY  - FB - 293 @34.01 Total=9964.93
Mon Jul 29 08:00:00 GMT+00:00 2013 SELL  - ICPT - 227 @44.07 Total=10003.89
Wed Jul 31 08:00:00 GMT+00:00 2013 BUY  - JCI - 248 @40.21 Total=9972.08
Mon Aug 05 08:00:00 GMT+00:00 2013 BUY  - LOCK - 832 @12.0 Total=9984.0
Tue Aug 06 08:00:00 GMT+00:00 2013 SELL  - PTLA - 414 @22.91 Total=9484.74
Wed Aug 07 08:00:00 GMT+00:00 2013 BUY  - ATVI - 570 @17.51 Total=9980.7
Thu Aug 15 08:00:00 GMT+00:00 2013 SELL  - SVU - 1350 @7.3 Total=9855.0
Mon Aug 19 08:00:00 GMT+00:00 2013 SELL  - ATVI - 570 @16.79 Total=9570.3
Wed Sep 04 08:00:00 GMT+00:00 2013 BUY  - SALE - 283 @35.3 Total=9989.9
Tue Sep 10 08:00:00 GMT+00:00 2013 BUY  - TSLA - 24 @166.37 Total=3992.88
Wed Sep 11 08:00:00 GMT+00:00 2013 SELL  - SALE - 283 @32.61 Total=9228.63
Wed Sep 11 08:00:00 GMT+00:00 2013 BUY  - AKRX - 537 @18.58 Total=9977.46
Tue Sep 17 08:00:00 GMT+00:00 2013 BUY  - KS - 217 @45.92 Total=9964.64
Thu Sep 19 08:00:00 GMT+00:00 2013 SELL  - KS - 217 @43.14 Total=9361.38
Wed Sep 25 08:00:00 GMT+00:00 2013 BUY  - FIVE - 223 @44.66 Total=9959.18
Tue Oct 08 08:00:00 GMT+00:00 2013 SELL  - JCI - 248 @39.89 Total=9892.72
Thu Oct 10 08:00:00 GMT+00:00 2013 BUY  - FB - 122 @49.05 Total=5984.1
Thu Oct 10 08:00:00 GMT+00:00 2013 BUY  - LOCK - 430 @13.92 Total=5985.6
Thu Oct 17 08:00:00 GMT+00:00 2013 BUY  - LOCK - 277 @14.37 Total=3980.49
Wed Oct 23 08:00:00 GMT+00:00 2013 SELL  - TSLA - 316 @164.5 Total=51982.0
Fri Oct 25 08:00:00 GMT+00:00 2013 BUY  - NXPI - 325 @39.9 Total=12967.5
Mon Oct 28 08:00:00 GMT+00:00 2013 BUY  - AVY - 271 @47.84 Total=12964.64
Wed Oct 30 08:00:00 GMT+00:00 2013 BUY  - GLW - 764 @17.0 Total=12988.0
Fri Nov 01 08:00:00 GMT+00:00 2013 BUY  - HBI - 192 @67.61 Total=12981.12
Mon Nov 04 08:00:00 GMT+00:00 2013 BUY  - AKRX - 374 @20.82 Total=7786.68
Tue Nov 05 08:00:00 GMT+00:00 2013 BUY  - GNRC - 270 @48.1 Total=12987.0
Thu Nov 07 08:00:00 GMT+00:00 2013 SELL  - AVY - 271 @46.17 Total=12512.07
Thu Nov 07 08:00:00 GMT+00:00 2013 SELL  - GLW - 764 @16.31 Total=12460.84
Thu Nov 07 08:00:00 GMT+00:00 2013 BUY  - VOYA - 394 @32.95 Total=12982.3
Fri Nov 08 08:00:00 GMT+00:00 2013 BUY  - FIVE - 153 @50.85 Total=7780.05
Mon Nov 11 08:00:00 GMT+00:00 2013 SELL  - FB - 415 @46.2 Total=19173.0
Thu Nov 21 08:00:00 GMT+00:00 2013 BUY  - FIVE - 98 @52.5 Total=5145.0
Thu Dec 05 08:00:00 GMT+00:00 2013 SELL  - FIVE - 474 @47.75 Total=22633.5
Tue Dec 10 08:00:00 GMT+00:00 2013 BUY  - TWTR - 249 @51.99 Total=12945.51
Thu Dec 12 08:00:00 GMT+00:00 2013 SELL  - HBI - 192 @67.2 Total=12902.4
Fri Dec 13 08:00:00 GMT+00:00 2013 BUY  - AKRX - 211 @24.58 Total=5186.38
Mon Dec 16 08:00:00 GMT+00:00 2013 BUY  - NXPI - 181 @42.84 Total=7754.04
Tue Dec 17 08:00:00 GMT+00:00 2013 SELL  - LOCK - 1539 @15.14 Total=23300.46
Wed Jan 08 08:00:00 GMT+00:00 2014 SELL  - AKRX - 1122 @22.89 Total=25682.58
Thu Jan 09 08:00:00 GMT+00:00 2014 BUY  - M - 232 @55.8 Total=12945.6
Tue Jan 14 08:00:00 GMT+00:00 2014 BUY  - NXPI - 117 @44.12 Total=5162.04
Wed Jan 15 08:00:00 GMT+00:00 2014 BUY  - GNRC - 141 @55.24 Total=7788.84
Wed Jan 15 08:00:00 GMT+00:00 2014 BUY  - VOYA - 214 @36.36 Total=7781.04
Thu Jan 16 08:00:00 GMT+00:00 2014 SELL  - GNRC - 411 @50.89 Total=20915.79
Thu Jan 23 08:00:00 GMT+00:00 2014 SELL  - VOYA - 608 @34.45 Total=20945.6
Thu Jan 23 08:00:00 GMT+00:00 2014 BUY  - HUBB - 118 @118.04 Total=13928.72
Mon Jan 27 08:00:00 GMT+00:00 2014 SELL  - HUBB - 118 @113.28 Total=13367.04
Wed Jan 29 08:00:00 GMT+00:00 2014 SELL  - M - 232 @53.39 Total=12386.48
Thu Feb 06 08:00:00 GMT+00:00 2014 SELL  - TWTR - 249 @50.03 Total=12457.47
Mon Feb 10 08:00:00 GMT+00:00 2014 BUY  - SALE - 314 @41.33 Total=12977.62
Mon Feb 24 08:00:00 GMT+00:00 2014 BUY  - LEAF - 458 @28.36 Total=12988.88
Fri Mar 07 08:00:00 GMT+00:00 2014 BUY  - RARE - 229 @56.625 Total=12967.125
Fri Mar 07 08:00:00 GMT+00:00 2014 BUY  - AGIO - 285 @45.45 Total=12953.25
Mon Mar 10 08:00:00 GMT+00:00 2014 SELL  - SALE - 314 @40.6 Total=12748.4
Mon Mar 10 08:00:00 GMT+00:00 2014 BUY  - ZU - 228 @56.88 Total=12968.64
Mon Mar 10 08:00:00 GMT+00:00 2014 BUY  - CUDA - 340 @38.14 Total=12967.6
Tue Mar 11 08:00:00 GMT+00:00 2014 SELL  - AGIO - 285 @42.96 Total=12243.6
Tue Mar 11 08:00:00 GMT+00:00 2014 SELL  - CUDA - 340 @36.23 Total=12318.2
Tue Mar 11 08:00:00 GMT+00:00 2014 BUY  - EMES - 259 @50.1 Total=12975.9
Wed Mar 12 08:00:00 GMT+00:00 2014 SELL  - LEAF - 458 @26.15 Total=11976.7
Fri Mar 21 08:00:00 GMT+00:00 2014 SELL  - RARE - 229 @55.05 Total=12606.45
Mon Mar 24 08:00:00 GMT+00:00 2014 SELL  - ZU - 228 @54.91 Total=12519.48
Wed Mar 26 08:00:00 GMT+00:00 2014 BUY  - FF - 652 @19.9 Total=12974.8
Thu Apr 03 08:00:00 GMT+00:00 2014 BUY  - BCPC - 212 @61.27 Total=12989.24
Mon Apr 07 08:00:00 GMT+00:00 2014 SELL  - FF - 652 @18.77 Total=12238.04
Mon Apr 07 08:00:00 GMT+00:00 2014 SELL  - BCPC - 212 @59.2 Total=12550.4
Mon Apr 21 08:00:00 GMT+00:00 2014 BUY  - AZN - 188 @69.1 Total=12990.8
Tue Apr 22 08:00:00 GMT+00:00 2014 SELL  - AZN - 188 @66.86 Total=12569.68
Fri Apr 25 08:00:00 GMT+00:00 2014 BUY  - ZBH - 129 @100.54 Total=12969.66
Wed Apr 30 08:00:00 GMT+00:00 2014 SELL  - ZBH - 129 @96.8 Total=12487.2
Fri Jun 13 08:00:00 GMT+00:00 2014 BUY  - EMES - 76 @101.95 Total=7748.2
Thu Jun 19 08:00:00 GMT+00:00 2014 BUY  - APD - 100 @129.7 Total=12970.0
Thu Jun 26 08:00:00 GMT+00:00 2014 BUY  - MEI - 344 @37.68 Total=12961.92
Tue Jul 01 08:00:00 GMT+00:00 2014 BUY  - ANET - 170 @76.0 Total=12920.0
Mon Jul 07 08:00:00 GMT+00:00 2014 SELL  - ANET - 170 @72.17 Total=12268.9
Tue Jul 08 08:00:00 GMT+00:00 2014 SELL  - MEI - 344 @35.76 Total=12301.44
Fri Jul 18 08:00:00 GMT+00:00 2014 BUY  - EMES - 47 @109.16 Total=5130.52
Wed Jul 23 08:00:00 GMT+00:00 2014 BUY  - LEJU - 988 @13.15 Total=12992.2
Thu Jul 24 08:00:00 GMT+00:00 2014 BUY  - JMEI - 435 @29.86 Total=12989.1
Mon Jul 28 08:00:00 GMT+00:00 2014 SELL  - NXPI - 623 @62.34 Total=38837.82
Tue Aug 05 08:00:00 GMT+00:00 2014 SELL  - LEJU - 988 @11.94 Total=11796.72
Thu Aug 07 08:00:00 GMT+00:00 2014 BUY  - LEAF - 471 @29.65 Total=13965.15
Tue Aug 12 08:00:00 GMT+00:00 2014 BUY  - KMI - 361 @38.73 Total=13981.53
Mon Aug 25 08:00:00 GMT+00:00 2014 BUY  - JMEI - 255 @32.86 Total=8379.3
Wed Aug 27 08:00:00 GMT+00:00 2014 BUY  - ATHM - 277 @50.44 Total=13971.88
Thu Aug 28 08:00:00 GMT+00:00 2014 SELL  - ATHM - 277 @46.86 Total=12980.22
Thu Aug 28 08:00:00 GMT+00:00 2014 BUY  - SIG - 120 @116.37 Total=13964.4
Fri Aug 29 08:00:00 GMT+00:00 2014 SELL  - JMEI - 690 @30.57 Total=21093.3
Fri Aug 29 08:00:00 GMT+00:00 2014 BUY  - GPRO - 270 @51.8 Total=13986.0
Thu Sep 04 08:00:00 GMT+00:00 2014 BUY  - MEI - 352 @39.72 Total=13981.44
Tue Sep 09 08:00:00 GMT+00:00 2014 SELL  - KMI - 361 @38.3 Total=13826.3
Wed Sep 10 08:00:00 GMT+00:00 2014 BUY  - HQY - 647 @21.62 Total=13988.14
Thu Sep 11 08:00:00 GMT+00:00 2014 SELL  - APD - 100 @128.43 Total=12843.0
Tue Sep 16 08:00:00 GMT+00:00 2014 SELL  - HQY - 647 @20.1 Total=13004.7
Tue Sep 16 08:00:00 GMT+00:00 2014 BUY  - ALR - 347 @40.25 Total=13966.75
Wed Sep 17 08:00:00 GMT+00:00 2014 BUY  - LEAF - 249 @33.66 Total=8381.34
Mon Sep 22 08:00:00 GMT+00:00 2014 BUY  - CLX - 143 @97.23 Total=13903.89
Tue Sep 23 08:00:00 GMT+00:00 2014 SELL  - EMES - 382 @110.98 Total=42394.36
Thu Sep 25 08:00:00 GMT+00:00 2014 SELL  - MEI - 352 @38.04 Total=13390.08
Tue Sep 30 08:00:00 GMT+00:00 2014 SELL  - ALR - 347 @38.78 Total=13456.66
Wed Oct 01 08:00:00 GMT+00:00 2014 SELL  - SIG - 120 @112.14 Total=13456.8
Mon Oct 06 08:00:00 GMT+00:00 2014 BUY  - KITE - 456 @32.83 Total=14970.48
Tue Oct 07 08:00:00 GMT+00:00 2014 SELL  - KITE - 456 @31.8 Total=14500.8
Mon Oct 13 08:00:00 GMT+00:00 2014 BUY  - BDX - 119 @125.83 Total=14973.77
Thu Oct 16 08:00:00 GMT+00:00 2014 SELL  - BDX - 119 @120.78 Total=14372.82
Mon Oct 27 08:00:00 GMT+00:00 2014 SELL  - GPRO - 270 @64.91 Total=17525.7
Thu Oct 30 08:00:00 GMT+00:00 2014 BUY  - BMY - 254 @58.98 Total=14980.92
Thu Oct 30 08:00:00 GMT+00:00 2014 BUY  - CACI - 182 @82.05 Total=14933.1
Mon Nov 03 08:00:00 GMT+00:00 2014 BUY  - ZEN - 567 @26.4 Total=14968.8
Wed Nov 05 08:00:00 GMT+00:00 2014 SELL  - ZEN - 567 @24.96 Total=14152.32
Fri Nov 07 08:00:00 GMT+00:00 2014 BUY  - AMED - 604 @24.79 Total=14973.16
Tue Nov 11 08:00:00 GMT+00:00 2014 BUY  - LEAF - 160 @37.34 Total=5974.4
Wed Nov 12 08:00:00 GMT+00:00 2014 BUY  - MSG - 200 @74.74 Total=14948.0
Wed Nov 19 08:00:00 GMT+00:00 2014 BUY  - ENV - 285 @52.58 Total=14985.3
Fri Nov 21 08:00:00 GMT+00:00 2014 BUY  - SWIR - 409 @36.62 Total=14977.58
Mon Dec 01 08:00:00 GMT+00:00 2014 SELL  - ENV - 285 @49.55 Total=14121.75
Fri Dec 05 08:00:00 GMT+00:00 2014 BUY  - ENB - 293 @51.15 Total=14986.95
Wed Dec 10 08:00:00 GMT+00:00 2014 SELL  - ENB - 293 @47.99 Total=14061.07
Wed Dec 10 08:00:00 GMT+00:00 2014 SELL  - MSG - 200 @72.21 Total=14442.0
Mon Dec 15 08:00:00 GMT+00:00 2014 SELL  - LEAF - 880 @35.07 Total=30861.6
Tue Dec 16 08:00:00 GMT+00:00 2014 SELL  - BMY - 254 @57.69 Total=14653.26
Tue Dec 16 08:00:00 GMT+00:00 2014 SELL  - CACI - 182 @83.36 Total=15171.52
Thu Dec 18 08:00:00 GMT+00:00 2014 BUY  - FGEN - 534 @28.05 Total=14978.7
Mon Dec 22 08:00:00 GMT+00:00 2014 SELL  - FGEN - 534 @26.32 Total=14054.88
Mon Dec 22 08:00:00 GMT+00:00 2014 BUY  - NVRO - 380 @39.37 Total=14960.6
Wed Dec 24 08:00:00 GMT+00:00 2014 BUY  - VA - 365 @41.0 Total=14965.0
Tue Jan 06 08:00:00 GMT+00:00 2015 SELL  - NVRO - 380 @37.13 Total=14109.4
Wed Jan 07 08:00:00 GMT+00:00 2015 SELL  - VA - 365 @39.75 Total=14508.75
Fri Jan 09 08:00:00 GMT+00:00 2015 BUY  - AYI - 98 @151.5 Total=14847.0
Fri Jan 16 08:00:00 GMT+00:00 2015 SELL  - SWIR - 409 @40.07 Total=16388.63
Fri Jan 16 08:00:00 GMT+00:00 2015 BUY  - AMED - 318 @28.26 Total=8986.68
Thu Jan 22 08:00:00 GMT+00:00 2015 BUY  - HELE - 193 @77.53 Total=14963.29
Fri Jan 23 08:00:00 GMT+00:00 2015 BUY  - SBUX - 169 @88.22 Total=14909.18
Fri Jan 30 08:00:00 GMT+00:00 2015 SELL  - HELE - 193 @75.22 Total=14517.46
Mon Feb 02 08:00:00 GMT+00:00 2015 BUY  - CLX - 83 @107.83 Total=8949.89
Thu Feb 05 08:00:00 GMT+00:00 2015 BUY  - BLL - 208 @72.03 Total=14982.24
Tue Feb 10 08:00:00 GMT+00:00 2015 BUY  - SEE - 331 @45.27 Total=14984.37
Wed Feb 18 08:00:00 GMT+00:00 2015 BUY  - LNKD - 56 @266.91 Total=14946.96
Fri Mar 06 08:00:00 GMT+00:00 2015 SELL  - AMED - 922 @27.62 Total=25465.64
Wed Mar 11 08:00:00 GMT+00:00 2015 SELL  - BLL - 208 @68.97 Total=14345.76
Thu Mar 12 08:00:00 GMT+00:00 2015 BUY  - TWOU - 708 @21.15 Total=14974.2
Thu Mar 19 08:00:00 GMT+00:00 2015 BUY  - NVRO - 299 @50.01 Total=14952.99
Wed Mar 25 08:00:00 GMT+00:00 2015 SELL  - LNKD - 56 @256.05 Total=14338.8
Wed Mar 25 08:00:00 GMT+00:00 2015 SELL  - NVRO - 299 @48.04 Total=14363.96
Wed Mar 25 08:00:00 GMT+00:00 2015 SELL  - SEE - 331 @45.1 Total=14928.1
Wed Mar 25 08:00:00 GMT+00:00 2015 BUY  - JUNO - 280 @53.48 Total=14974.4
Thu Mar 26 08:00:00 GMT+00:00 2015 BUY  - SFS - 843 @17.77 Total=14980.11
Mon Mar 30 08:00:00 GMT+00:00 2015 BUY  - CLX - 54 @110.76 Total=5981.04
Mon Mar 30 08:00:00 GMT+00:00 2015 BUY  - SBUX - 93 @95.98 Total=8926.14
Wed Apr 08 08:00:00 GMT+00:00 2015 BUY  - AYI - 53 @168.96 Total=8954.88
Fri Apr 10 08:00:00 GMT+00:00 2015 BUY  - GE - 525 @28.51 Total=14967.75
Mon Apr 13 08:00:00 GMT+00:00 2015 BUY  - TSE - 694 @21.58 Total=14976.52
Thu Apr 16 08:00:00 GMT+00:00 2015 BUY  - TWOU - 358 @25.11 Total=8989.38
Tue Apr 21 08:00:00 GMT+00:00 2015 SELL  - GE - 525 @26.62 Total=13975.5
Mon Apr 27 08:00:00 GMT+00:00 2015 SELL  - JUNO - 280 @50.81 Total=14226.8
Mon Apr 27 08:00:00 GMT+00:00 2015 SELL  - SFS - 843 @17.71 Total=14929.53
Wed Apr 29 08:00:00 GMT+00:00 2015 SELL  - CLX - 280 @107.11 Total=29990.8
Wed Apr 29 08:00:00 GMT+00:00 2015 BUY  - XPO - 307 @48.83 Total=14990.81
Thu Apr 30 08:00:00 GMT+00:00 2015 BUY  - AVG - 626 @23.92 Total=14973.92
Tue May 05 08:00:00 GMT+00:00 2015 BUY  - CLGX - 387 @38.7 Total=14976.9
Fri May 08 08:00:00 GMT+00:00 2015 BUY  - SBUX - 120 @49.78 Total=5973.6
Thu May 14 08:00:00 GMT+00:00 2015 BUY  - TWOU - 224 @26.69 Total=5978.56
Tue Jun 02 08:00:00 GMT+00:00 2015 BUY  - AYI - 33 @178.51 Total=5890.83
Thu Jun 11 08:00:00 GMT+00:00 2015 SELL  - XPO - 307 @48.24 Total=14809.68
Thu Jun 11 08:00:00 GMT+00:00 2015 BUY  - MBLY - 297 @50.47 Total=14989.59
Wed Jun 17 08:00:00 GMT+00:00 2015 SELL  - CLGX - 387 @37.54 Total=14527.98
Tue Jun 23 08:00:00 GMT+00:00 2015 BUY  - TSE - 319 @28.14 Total=8976.66
Mon Jun 29 08:00:00 GMT+00:00 2015 SELL  - TSE - 1013 @26.06 Total=26398.78
Wed Jul 01 08:00:00 GMT+00:00 2015 BUY  - AVG - 327 @27.43 Total=8969.61
