Wed Jan 02 08:00:00 GMT+00:00 2013: Bases processed : NVO-D, GPX-D, LDL-D, HXL-D, FMC-D, DHR-D, DE-D, CBB-D, CR-D, BMS-D, MXF-D, PFIN-D, RBC-D, HSC-D, HRS-D, HOT-D, GMT-D, GLT-D, ACET-D, AIG-D, BRKA-D, CKP-D, CIA-D, CTG-D, OMC-D, RF-D, FELE-D, QDEL-D, MLHR-D, MSEX-D, MEOH-D, PCAR-D, PKY-D, KAMN-D, MXWL-D, BXS-D, EXAR-D, MLAB-D, MENT-D, JBHT-D, RJF-D, JKHY-D, BWINB-D, CKEC-D, HGR-D, CCE-D, AGII-D, CNBKA-D, CDNS-D, GSS-D, MOS-D, MERC-D, GNCMA-D, ODFL-D, BHE-D, HFFC-D, AGCO-D, LTC-D, ASGN-D, CCU-D, ISL-D, KAI-D, CYBX-D, FOSL-D, MSL-D, MSFG-D, ITRI-D, RMT-D, OKSB-D, PDS-D, DAKT-D, ABCB-D, DDR-D, HR-D, FEIC-D, CAM-D, CUBA-D, RE-D, ASFI-D, CNI-D, PGI-D, EWM-D, BRKB-D, LGF-D, ISCA-D, CCBG-D, MIL-D, CHL-D, CPN-D, AI-D, CVG-D, NTCT-D, ACTA-D, HT-D, IJJ-D, IWN-D, EVC-D, BRKR-D, IUSV-D, IWO-D, IJK-D, IWM-D, IJH-D, PACW-D, CIR-D, FLR-D, IJT-D, DEG-D, RWR-D, IYT-D, IWR-D, IWP-D, IXN-D, LCI-D, MRH-D, ERC-D, IGM-D, MAV-D, GBLI-D, PFG-D, CSBK-D, BBD-D, SA-D, GHL-D, RJET-D, SFL-D, ISBC-D, JKF-D, JKH-D, JKJ-D, JKK-D, JKL-D, KRG-D, SAFT-D, FRP-D, PWB-D, PXSG-D, BOFI-D, HBOS-D, ROLL-D, IWC-D, MGU-D, PUW-D, AMSF-D, MDYG-D, RZG-D, BXC-D, POR-D, GLO-D, IAI-D, IAK-D, PWV-D, DXJ-D, DDM-D, PBS-D, PEJ-D, PSJ-D, FEO-D, PTF-D, PXI-D, HMIN-D, PUI-D, RYT-D, JPP-D, MAIN-D, GUID-D, RPG-D, HF-D, DES-D, HYG-D, FXB-D, FXL-D, INP-D, PIO-D, BX-D, FDD-D, PHB-D, KOL-D, BHL-D, EPI-D, ACWI-D, HI-D, PEB-D, GFA-D, PNQI-D, FRI-D, FTA-D, MGV-D, AOR-D, IWX-D, GRID-D, BXUB-D, CQQQ-D, GULF-D, PSCH-D, PSCM-D, PRI-D, BABS-D, ARGT-D, NLSN-D, MCC-D, SCHH-D, AAT-D, QADA-D, RTLA-D, SEMG-D, POST-D, COR-D, IVOG-D, KKR-D, SCIN-D, ELLI-D, FYC-D, INF-D, FIF-D, FBHS-D, KBWB-D, PXLV-D, NKY-D, DNKN-D, RLJ-D, FSL-D, BDCL-D, DBJP-D, SDIV-D, MATL-D, QQQE-D, BWG-D, MOAT-D, FRGI-D, EQM-D, HECO-D, EMLP-D, SDOG-D, MANU-D, QLYS-D, SMRT-D, XL-D, SWZ-D, WSBC-D, STZ-D, TCB-D, SUSQ-D, WAFD-D, TARO-D, TNC-D, SIAL-D, STZB-D, TD-D, UVV-D, UNP-D, TYL-D, TXN-D, SPW-D, SNA-D, SMTC-D, SLYG-D, SLYV-D, VNQ-D, TLP-D, WAL-D, TDG-D, SORL-D, WYN-D, VOT-D, UCC-D, URE-D, SYA-D, VRSK-D, UDOW-D, UMDD-D, ST-D, VIOV-D, VTWG-D, VTWO-D, VTWV-D, SFLA-D, TRNM-D, SPHB-D, WREI-D, ULTA-D, TCAP-D, VIAB-D, VIA-D, VB-D, VAW-D, UVSP-D, SXL-D, VXF-D, THRK-D, TDY-D, USCR-D, XLB-D, SSB-D, UBSH-D, 
Wed Jan 02 08:00:00 GMT+00:00 2013: signals : MEOH,CDNS,FEIC,
Wed Jan 02 08:00:00 GMT+00:00 2013: Signals ordered by strength : CDNS(100.0), FEIC(85.0), MEOH(75.0), 
Thu Jan 03 08:00:00 GMT+00:00 2013: Bases processed : HUBB-D, HUBA-D, BDX-D, POM-D, JEC-D, CECE-D, ORI-D, APC-D, OSK-D, MCR-D, JEQ-D, ACE-D, PZZA-D, HDNG-D, HA-D, POOL-D, DRQ-D, PAA-D, BHLB-D, IWD-D, IVE-D, CYH-D, GMK-D, BCH-D, BMRN-D, CEB-D, CCNE-D, MTK-D, MMP-D, IBB-D, LENB-D, LKQ-D, NP-D, KRNY-D, BLDR-D, SBNY-D, PXE-D, KIE-D, SDY-D, CORE-D, HUN-D, NFO-D, EQWS-D, PKW-D, EDD-D, GOV-D, FNY-D, FAF-D, PME-D, KBWY-D, EMO-D, PBSK-D, EMCB-D, QEH-D, SCTY-D, WRLD-D, SYMC-D, VMI-D, WVVI-D, WLT-D, SPYV-D, WMGI-D, VIG-D, XIN-D, SOL-D, VONV-D, TILT-D, TTP-D, SNTA-D, SGMO-D, WLFC-D, TTEC-D, SILC-D, WMC-D, SUN-D, 
Thu Jan 03 08:00:00 GMT+00:00 2013: signals : 
Thu Jan 03 08:00:00 GMT+00:00 2013: Signals ordered by strength : 
Fri Jan 04 08:00:00 GMT+00:00 2013: Bases processed : CW-W, DAL-W, DE-W, DHR-W, CBB-W, CR-W, AIT-W, BDX-W, AVY-W, CTS-W, BMS-W, ESV-W, FMC-W, GLT-W, GMT-W, HEI-W, HOT-W, JOY-W, HRS-W, HSC-W, HUBA-W, HUBB-W, HXL-W, GFF-W, JEC-W, LDL-W, MMM-W, ALE-D, ALE-W, MXF-W, NI-W, GPX-W, NVO-W, AFG-D, AFG-W, PFIN-W, PNY-D, POM-W, RBC-W, AAME-W, ACET-W, AIG-W, CECE-W, RHI-W, BRKA-W, CKP-W, CIA-W, COKE-W, CTG-W, FLS-W, FELE-W, FITB-W, FHN-D, FHN-W, OMC-W, KELYA-W, QDEL-W, MLHR-W, MCS-D, MCS-W, MSEX-W, MEOH-W, ORI-W, PKY-W, PGR-D, PGR-W, PCAR-W, JBHT-W, MENT-W, IDTI-W, MLAB-W, RJF-W, IVC-W, LYTS-W, EXAR-W, CSS-W, OSK-W, BWINB-W, FRPH-W, APC-W, CKEC-W, CCE-W, CERN-D, CERN-W, AGII-W, CDNS-W, IEP-D, IEP-W, GSS-W, MOS-W, AB-D, AB-W, NABZY-W, PBCT-D, PBCT-W, MERC-W, CHFC-W, HNR-D, HNR-W, MCR-W, MTU-W, HOLX-W, JOE-W, BHE-W, ESE-D, ESE-W, MRO-D, MRO-W, NSAT-W, ODFL-W, QCOM-W, MSFG-W, JACK-W, HFFC-W, AGCO-W, JEQ-W, LTC-W, ASGN-W, CCU-W, ISL-W, KAI-W, DDR-W, CYBX-W, ALG-D, ALG-W, ACE-W, FOSL-W, MSL-W, PZZA-W, RFI-W, ITRI-W, BRLI-W, RMT-W, OKSB-W, ETF-W, CGI-W, CACB-W, DAKT-W, RKT-W, ADC-W, ABCB-W, LGF-W, AZPN-W, COF-D, COF-W, HDNG-W, FEIC-W, LECO-W, CUBA-W, RE-W, POOL-W, ASFI-W, CNI-W, PGI-W, EWC-W, EWM-W, BRKB-W, ELGX-W, SASR-W, CPN-W, DRD-W, PAG-D, PAG-W, ISCA-W, CCBG-W, MIL-W, AMCC-W, CVG-W, CCNE-W, PAA-W, AI-W, DEPO-W, GPI-D, GPI-W, DRQ-W, CHL-W, OZRK-W, DXPE-D, DXPE-W, HT-W, EPAY-W, CEB-W, BMRN-W, ACTA-W, NTCT-W, EGBN-D, EGBN-W, CIR-W, HBP-W, PTR-W, GMK-W, PACW-W, CYH-W, IJH-W, IVE-W, IWD-W, IWM-W, BHLB-W, IJK-W, IJJ-W, IJS-W, IWN-W, EQIX-W, EVC-W, BRKR-W, IUSV-W, MDCO-W, MTK-W, MMP-W, FLR-W, FCBC-D, FCBC-W, IGM-W, FLO-W, DEG-W, RWR-W, IWR-W, PFG-W, BBD-W, ACH-W, ABG-W, LCI-W, RIT-W, PRAA-W, SAFT-W, IPCC-W, JPC-D, JPC-W, LENB-W, AVK-D, AVK-W, FVL-D, FVL-W, LKQ-W, IYT-W, MAV-W, CRI-D, CRI-W, NMZ-D, NMZ-W, AHL-D, AHL-W, GBLI-W, GGE-D, GGE-W, CSBK-W, SBNY-W, ABR-D, ABR-W, GHL-W, ALNY-D, ALNY-W, RJET-W, SFL-W, JKF-W, JKH-W, JKJ-W, JKL-W, ANCX-W, ENS-W, BMR-D, GOOGL-D, GOOGL-W, KRG-W, CAAS-D, CAAS-W, BXC-W, PEY-W, FRP-W, KLD-W, HUN-W, KRNY-W, PWB-W, PXSG-W, PWV-W, BOFI-W, BLDR-W, PBJ-D, PBJ-W, PBS-W, PJP-D, PJP-W, PSJ-W, HBOS-W, ITC-D, FTK-W, ROLL-W, MGU-W, GLP-W, PUI-W, AMSF-W, MDYG-W, KBE-D, KBE-W, KIE-W, SDY-W, CORE-W, ACOR-D, ACOR-W, RPG-W, GLO-W, IAI-W, IAK-W, DES-W, DXJ-W, FXB-W, FTCS-D, FTCS-W, PRFZ-W, NFO-W, FEO-W, PTF-W, HMIN-W, PUW-W, RYT-W, EQWS-W, DCT-W, GUID-W, PKW-W, HF-W, ORIT-W, FIG-D, FIG-W, GFA-W, ESSA-W, HYG-W, EDD-W, FRI-W, FTA-W, FXH-D, FXH-W, FXL-W, INP-W, PIO-W, BX-W, MAIN-W, PHB-W, FOR-W, KOL-W, BHL-W, EPI-W, ACWI-W, HI-W, PNQI-W, GULF-W, IILG-D, IILG-W, MGV-W, AOR-W, GXG-W, ICI-D, ORRF-W, GVT-D, GVT-W, GOV-W, EMIF-W, EPU-W, QABA-D, QABA-W, DRN-W, PMT-W, MG-W, SCHA-W, GRID-W, BXUB-W, CHSP-W, KAR-D, KAR-W, PEB-W, CQQQ-W, SCHV-D, SCHV-W, FIBK-W, PSCM-W, PSCD-D, PSCD-W, BABS-W, CBOE-D, CBOE-W, FAF-W, QLIK-W, SCIN-W, AGLS-W, KKR-W, NXPI-W, IVOG-W, NOAH-W, DANOY-W, SEMG-W, EMLB-W, RTLA-W, KBWY-W, QADA-W, AAT-W, SCHH-W, MCC-W, NLSN-W, IFT-W, AND-W, ARGT-W, BKLN-D, BKLN-W, ELLI-W, FNY-W, FYC-W, BCM-W, RLJ-W, FMK-D, FMK-W, BDCL-W, DBJP-W, SDIV-W, EMO-W, MATL-W, PXLV-W, IROQ-W, DFVL-W, NKY-W, DNKN-W, PME-W, INF-W, PBSK-W, DSUM-W, FIF-W, KBWB-W, ACHC-W, GREK-W, KNOW-W, EEHB-W, EMCB-W, QQQE-W, BWG-W, MOAT-W, FRGI-W, EQM-W, HECO-W, SDOG-W, HUSE-D, HUSE-W, MANU-W, QEH-W, QLYS-W, JMI-W, MMTM-D, MMTM-W, SCTY-W, SBY-W, SHW-D, SHW-W, SMTC-W, SNA-W, SOR-W, TMK-D, TMK-W, TXN-W, TYL-W, UAL-D, UAL-W, UNP-W, UVV-W, TD-W, STZB-W, STX-W, TNC-W, TARO-W, WDC-W, ZION-D, ZION-W, SPAR-D, SPAR-W, TCB-W, STZ-W, WTS-W, WSFS-D, WSFS-W, WSBC-W, XRAY-W, SWZ-W, SYMC-W, TG-W, STAR-W, SONC-W, XL-W, WRLD-W, TTEK-D, TTEK-W, SPNC-W, SMRT-W, SPE-D, SPE-W, TLF-D, TLF-W, VMM-D, VMM-W, UBSH-W, SILC-W, WVVI-W, TDF-D, TDF-W, SWC-W, WLT-W, TTEC-W, WLFC-W, SSB-W, WCN-W, SPPJF-W, XLB-W, USCR-W, SNH-W, TDY-W, SGMO-W, SLYV-W, SPYV-W, THRK-W, SOXX-W, WMGI-W, WTW-D, WTW-W, VXF-W, SXL-W, TS-W, UVSP-W, VAW-W, VB-W, VTV-D, VTV-W, VNQ-W, SHO-W, TEAR-D, TLP-W, WAL-W, SLY-W, VIA-W, VIAB-W, TDG-W, SORL-W, VIG-W, WNS-W, WYN-W, VOT-W, UWM-W, SNTA-W, UCC-W, URE-W, TCAP-W, TWC-W, USAT-D, USAT-W, TOWN-W, ULTA-W, SYA-W, XIN-W, SOL-W, VT-W, TNA-W, VRSK-W, UOVEY-W, URTY-W, ST-W, WREI-W, VIOV-W, VONV-W, VTWO-W, VTWV-W, TRGP-W, SFLA-W, TRNM-W, SPHB-W, TILT-W, TTP-W, SLCA-W, SUN-W, 
Fri Jan 04 08:00:00 GMT+00:00 2013: signals : AB,
Fri Jan 04 08:00:00 GMT+00:00 2013: Signals ordered by strength : AB(20.0), 
Mon Jan 07 08:00:00 GMT+00:00 2013: Bases processed : BIO-D, FCEA-D, FEIM-D, NOC-D, PVH-D, CUZ-D, NAVG-D, HNT-D, ALKS-D, CACC-D, MPA-D, BIOL-D, NOM-D, MSD-D, CPRT-D, BTO-D, LNDC-D, GTN-D, AMZN-D, RFIL-D, CEV-D, BKMU-D, DB-D, CBG-D, GFY-D, CSCD-D, DXCM-D, GLQ-D, HTGC-D, IHI-D, HBM-D, EXG-D, AWP-D, PODD-D, BIP-D, BZF-D, CYOU-D, CLNY-D, ACP-D, DRGS-D, RNF-D, GREK-D, NSM-D, ALTL-D, SYK-D, SPNS-D, TCO-D, WVFC-D, SRCL-D, WAC-D, SNGX-D, SNN-D, TIS-D, TAST-D, STNG-D, XXV-D, 
Mon Jan 07 08:00:00 GMT+00:00 2013: signals : RNF,NSM,WAC,
Mon Jan 07 08:00:00 GMT+00:00 2013: Signals ordered by strength : NSM(210.0), RNF(160.0), WAC(120.0), 
Thu Jan 17 08:00:00 GMT+00:00 2013: Bases processed : AET-D, BFA-D, DIS-D, NEU-D, GV-D, IR-D, ITW-D, LOW-D, MDT-D, OLN-D, PEO-D, PLL-D, BIF-D, GHC-D, CLGX-D, FITB-D, HBAN-D, MKC-D, MDC-D, PKOH-D, GBCI-D, IBCP-D, ECF-D, CHFC-D, OHI-D, NMT-D, AGU-D, RGA-D, AKR-D, DYN-D, IFN-D, DISH-D, EPR-D, PB-D, QQQ-D, IVV-D, CRL-D, HBIO-D, AFB-D, SAIA-D, NXST-D, ONEQ-D, DVY-D, GDV-D, ITOT-D, CVCY-D, KLD-D, PFM-D, IAT-D, DTD-D, DTN-D, QLD-D, KRE-D, KXI-D, PEZ-D, ETY-D, DCT-D, EPS-D, SAR-D, FTY-D, CLW-D, AMJ-D, SCHX-D, INDY-D, KRU-D, EUSA-D, EWRS-D, KNOW-D, FBG-D, AMU-D, PBF-D, INBK-D, INDA-D, TPC-D, SPA-D, TSN-D, USA-D, SM-D, SPY-D, TREX-D, VTI-D, VV-D, TRAK-D, SSBI-D, SPXL-D, TRNO-D, TQQQ-D, VIOG-D, VOO-D, XSW-D, 
Thu Jan 17 08:00:00 GMT+00:00 2013: signals : CLW,
Thu Jan 17 08:00:00 GMT+00:00 2013: Signals ordered by strength : CLW(60.0), 
Mon Mar 18 08:00:00 GMT+00:00 2013: Bases processed : LANC-D, PCP-D, CTAS-D, FLIC-D, EEI-D, MXE-D, HNT-D, CAKE-D, MAA-D, KNX-D, HPT-D, FCN-D, MFSF-D, PRSC-D, CPA-D, FDTS-D, TPL-D, YRCW-D, VZ-D, WSBF-D, 
Mon Mar 18 08:00:00 GMT+00:00 2013: signals : 
Mon Mar 18 08:00:00 GMT+00:00 2013: Signals ordered by strength : 
Tue Mar 19 08:00:00 GMT+00:00 2013: Bases processed : GHM-D, S-D, KELYB-D, OSK-D, NVR-D, HTLD-D, CRMT-D, LORL-D, GAIA-D, CSBK-D, EFUT-D, DGI-D, KBWP-D, SYNA-D, TCPC-D, TPH-D, 
Tue Mar 19 08:00:00 GMT+00:00 2013: signals : 
Tue Mar 19 08:00:00 GMT+00:00 2013: Signals ordered by strength : 
Wed Mar 20 08:00:00 GMT+00:00 2013: Bases processed : ADM-D, LEN-D, BOH-D, GSK-D, IRL-D, RAVE-D, RCII-D, EXAC-D, RYAAY-D, RSG-D, DGICA-D, AIZ-D, MFD-D, ACAD-D, MPEL-D, BR-D, DHX-D, NPD-D, IGF-D, SXT-D, UN-D, VSEC-D, SPAN-D, UVE-D, STN-D, SIEGY-D, TMH-D, SPSC-D, 
Wed Mar 20 08:00:00 GMT+00:00 2013: signals : LEN,
Wed Mar 20 08:00:00 GMT+00:00 2013: Signals ordered by strength : LEN(65.0), 
Mon Apr 01 08:00:00 GMT+00:00 2013: Bases processed : OKE-D, NEWP-D, CFNB-D, NATH-D, GTN-D, CRESY-D, QRVO-D, FLR-D, ANTM-D, IHG-D, BVX-D, GGE-D, MHGC-D, PXI-D, AUNZ-D, AMJ-D, BUNT-D, CCLP-D, SDIV-D, T-D, TST-D, TSLA-D, 
Mon Apr 01 08:00:00 GMT+00:00 2013: signals : 
Mon Apr 01 08:00:00 GMT+00:00 2013: Signals ordered by strength : 
Tue Apr 02 08:00:00 GMT+00:00 2013: Bases processed : HUM-D, MDT-D, FARM-D, REXI-D, NAVG-D, LH-D, AZO-D, NSAT-D, BBX-D, EWW-D, BSI-D, EQY-D, CIZN-D, ICF-D, CUTR-D, GOF-D, PM-D, FSC-D, DPG-D, UNH-D, VLT-D, SIRO-D, WIT-D, WCG-D, ULTR-D, 
Tue Apr 02 08:00:00 GMT+00:00 2013: signals : 
Tue Apr 02 08:00:00 GMT+00:00 2013: Signals ordered by strength : 
Wed Apr 03 08:00:00 GMT+00:00 2013: Bases processed : RGEN-D, NEN-D, REGN-D, RGCO-D, LARK-D, AYI-D, DGZ-D, GBDC-D, NKA-D, GNE-D, PFPT-D, UOVEY-D, 
Wed Apr 03 08:00:00 GMT+00:00 2013: signals : 
Wed Apr 03 08:00:00 GMT+00:00 2013: Signals ordered by strength : 
Thu Apr 04 08:00:00 GMT+00:00 2013: Bases processed : IHC-D, PLAB-D, PNRA-D, CODI-D, PRMW-D, AMPE-D, DSUM-D, VNO-D, SKT-D, STRT-D, SPH-D, SPG-D, XTL-D, 
Thu Apr 04 08:00:00 GMT+00:00 2013: signals : 
Thu Apr 04 08:00:00 GMT+00:00 2013: Signals ordered by strength : 
Fri Apr 05 08:00:00 GMT+00:00 2013: Bases processed : FRT-D, FRT-W, HUM-W, MDT-W, OKE-W, IHC-W, EMCI-D, FARM-W, NEWP-W, BT-W, RGEN-W, NAVG-W, MMT-D, MMT-W, PLAB-W, CFNB-W, NEN-W, AZO-W, REGN-W, PNRA-W, NSAT-W, NATH-W, CPT-D, CPT-W, RGCO-W, LARK-W, BBX-W, EWW-W, BSI-W, GTN-W, CRESY-W, QRVO-W, ELP-D, FMX-W, EQY-W, CIZN-W, BGCP-W, ICF-W, FLR-W, ANTM-W, AYI-W, CVGW-W, IHG-W, BVX-W, OLBK-D, GGE-W, CUTR-W, BWP-W, BVA-D, BVA-W, CORE-D, CORE-W, MHGC-W, PAC-D, PAC-W, CODI-W, CBNK-D, CBNK-W, JXI-W, PXI-W, CZWI-D, CZWI-W, IEI-D, IEI-W, GOF-W, PM-W, FSC-W, AUNZ-W, MES-W, DGZ-W, GLL-W, DNBF-D, DNBF-W, AMJ-W, GBDC-W, NKA-W, DTYL-D, DTYL-W, PRMW-W, BUNT-W, DCNG-D, DCNG-W, AMPE-W, CCLP-W, SDIV-W, DPG-W, DSUM-W, BOIL-D, DGLD-W, GNE-W, RSE-D, RSE-W, BOND-D, BOND-W, BSCJ-D, BSCJ-W, ADNC-W, LVNTA-W, VFC-W, VNO-W, TM-D, TM-W, T-W, UNH-W, VMM-D, VMM-W, VICL-D, VICL-W, SKT-W, TSCO-D, TSCO-W, STRT-W, SPH-W, SIRO-W, TST-W, WIT-W, SPG-W, WCG-W, ULTR-W, UNG-D, UOVEY-W, TSLA-W, XTL-W, YELP-D, YELP-W, 
Fri Apr 05 08:00:00 GMT+00:00 2013: signals : TM,
Fri Apr 05 08:00:00 GMT+00:00 2013: Signals ordered by strength : TM(85.0), 
Mon Apr 08 08:00:00 GMT+00:00 2013: Bases processed : GPS-D, GAS-D, AIG-D, HMN-D, GTNA-D, HILL-D, AAV-D, NEWT-D, KIRK-D, FFC-D, EDR-D, RUTH-D, FXU-D, LTL-D, NBD-D, BGX-D, FJP-D, JGBS-D, FM-D, LBMH-D, UFCS-D, SPNS-D, TRK-D, WDTI-D, 
Mon Apr 08 08:00:00 GMT+00:00 2013: signals : 
Mon Apr 08 08:00:00 GMT+00:00 2013: Signals ordered by strength : 
Tue Apr 09 08:00:00 GMT+00:00 2013: Bases processed : EFX-D, LUK-D, MUR-D, NJR-D, PCG-D, MKTAY-D, EWM-D, FLML-D, PBHC-D, CXW-D, AI-D, AMT-D, PTNR-D, IMOS-D, NHS-D, FSLR-D, AOL-D, RLD-D, PCYG-D, KMF-D, NGL-D, INKM-D, NGVC-D, BLMN-D, SCTY-D, TEO-D, XIV-D, SVXY-D, SGYP-D, 
Tue Apr 09 08:00:00 GMT+00:00 2013: signals : 
Tue Apr 09 08:00:00 GMT+00:00 2013: Signals ordered by strength : 
Wed Apr 10 08:00:00 GMT+00:00 2013: Bases processed : BTI-D, MCO-D, HRC-D, PSA-D, BZC-D, RT-D, PHII-D, CVV-D, FCNCA-D, CNBKA-D, GNCMA-D, AES-D, JBSS-D, HLIT-D, FEIC-D, RMBS-D, PSMT-D, DHY-D, CCI-D, EBAY-D, BAK-D, ON-D, IYZ-D, ILMN-D, JPC-D, EXR-D, DRW-D, ATHX-D, CEW-D, GTAA-D, LPLA-D, GYLD-D, ERA-D, WRE-D, SM-D, VOX-D, TECL-D, TAX-D, STML-D, TTPH-D, 
Wed Apr 10 08:00:00 GMT+00:00 2013: signals : 
Wed Apr 10 08:00:00 GMT+00:00 2013: Signals ordered by strength : 
Thu Apr 11 08:00:00 GMT+00:00 2013: Bases processed : LB-D, PIR-D, AON-D, FITB-D, FUJIY-D, NDSN-D, NSANY-D, HTCH-D, KMM-D, ATNI-D, GGP-D, EL-D, EWU-D, PLD-D, NUTR-D, HCBK-D, ARLP-D, DNB-D, IXP-D, ADRD-D, CMP-D, CYTK-D, EFV-D, CNR-D, FNF-D, DEW-D, DOL-D, GNC-D, QCLN-D, LVL-D, FGD-D, DWX-D, ACWX-D, IPF-D, IDV-D, EFC-D, SCHC-D, HYI-D, ACRX-D, EBND-D, FXCH-D, PRLB-D, HECO-D, LNCO-D, IXUS-D, LMCA-D, WHR-D, WY-D, STKL-D, WPPGY-D, SHOO-D, URI-D, UNTD-D, ZMH-D, WYNN-D, SRC-D, WLDN-D, SODA-D, VXUS-D, STAG-D, TLTD-D, 
Thu Apr 11 08:00:00 GMT+00:00 2013: signals : 
Thu Apr 11 08:00:00 GMT+00:00 2013: Signals ordered by strength : 
Fri Apr 12 08:00:00 GMT+00:00 2013: Bases processed : ASH-D, ASH-W, BTI-W, MCO-W, EFX-W, GPS-W, HRC-W, LB-W, LUK-W, MUR-W, NJR-W, PCG-W, PIR-W, AON-W, PSA-W, BZC-W, GAS-W, AIG-W, FITB-W, FUJIY-W, PNK-D, PNK-W, RT-W, NDSN-W, PHII-W, IDTI-W, HTCH-W, CVV-W, FCNCA-W, CNBKA-W, IPAR-W, LH-W, KMM-W, AES-W, ATNI-W, HMN-W, JBSS-W, GTNA-W, ISLE-D, ISLE-W, GGP-W, PPS-D, PPS-W, ITRI-D, ITRI-W, SFEF-D, SFEF-W, MTSN-D, MTSN-W, FEIC-W, LXK-W, EWM-W, EWU-W, FLML-W, RMBS-W, PBHC-W, CXW-W, PSMT-W, HILL-W, PLD-W, AI-W, NUTR-W, FNFG-W, AMT-W, DHY-W, CCI-W, EBAY-W, BAK-W, HCBK-W, ARLP-W, PTNR-W, AAV-W, INSM-D, INSM-W, IYZ-W, ILMN-W, NEWT-W, DNB-W, IMOS-W, IXP-W, KIRK-W, ADRD-W, FFC-W, JPC-W, MOH-D, MOH-W, NHS-W, CYTK-W, EXR-W, KYN-D, KYN-W, EDR-W, CNSL-D, CNSL-W, RUTH-W, EFV-W, CNR-W, FNF-W, DEW-W, DOL-W, GNC-W, FSLR-W, QCLN-W, FXU-W, DRW-W, IFEU-D, IFEU-W, FGD-W, ATHX-W, DWX-W, ACWX-W, LTL-W, IPF-W, IPU-D, IPU-W, IDV-W, ORRF-D, ORRF-W, CEW-W, EFC-W, AOL-W, SCHC-W, IKGH-D, IKGH-W, RLD-W, GTAA-W, HYI-W, PCYG-W, LPLA-W, KMF-W, NBD-W, CPGI-D, CPGI-W, ACRX-W, BGX-W, EBND-W, FJP-W, NGL-W, FXCH-W, JGBS-W, PRLB-W, INKM-W, GYLD-W, HECO-W, NGVC-W, BLMN-W, FM-W, LNCO-W, IXUS-W, SCTY-W, RDHL-W, LMCA-W, LMCB-D, LMCB-W, ERA-W, LBMH-W, SJI-W, WGA-W, WRE-W, WY-W, STKL-W, UFCS-W, SPNC-D, SPNS-W, SM-W, SHOO-W, TEO-W, TRK-W, URI-W, SKX-D, SKX-W, UNTD-W, VASC-D, VASC-W, ZMH-W, WYNN-W, VOX-W, SRC-W, VNDA-D, VNDA-W, WLDN-W, TECL-W, UNL-D, UNL-W, SODA-W, XIV-W, WDTI-W, VXUS-W, SVXY-W, SGYP-W, SIR-D, SIR-W, TAX-W, STML-W, TLTD-W, TTPH-W, 
Fri Apr 12 08:00:00 GMT+00:00 2013: signals : 
Fri Apr 12 08:00:00 GMT+00:00 2013: Signals ordered by strength : 
Mon Apr 15 08:00:00 GMT+00:00 2013: Bases processed : BKSC-D, EVK-D, PFD-D, NWY-D, ANCI-D, DCT-D, UG-D, TAIT-D, ZSL-D, 
Mon Apr 15 08:00:00 GMT+00:00 2013: signals : 
Mon Apr 15 08:00:00 GMT+00:00 2013: Signals ordered by strength : 
Tue Apr 16 08:00:00 GMT+00:00 2013: Bases processed : GWW-D, ESGR-D, MJN-D, DANOY-D, DBEF-D, HYS-D, SFBC-D, 
Tue Apr 16 08:00:00 GMT+00:00 2013: signals : 
Tue Apr 16 08:00:00 GMT+00:00 2013: Signals ordered by strength : 
Wed Apr 17 08:00:00 GMT+00:00 2013: Bases processed : PFO-D, FLC-D, FXSG-D, SKM-D, TLSYY-D, TU-D, 
Wed Apr 17 08:00:00 GMT+00:00 2013: signals : 
Wed Apr 17 08:00:00 GMT+00:00 2013: Signals ordered by strength : 
Tue Apr 23 08:00:00 GMT+00:00 2013: Bases processed : FOE-D, KMI-D, MRK-D, OXM-D, BT-D, BIG-D, PPR-D, FFIN-D, HNP-D, LXK-D, AMFC-D, EDPFY-D, ARMH-D, HCKT-D, NSL-D, IBN-D, ARRY-D, MCGC-D, CNC-D, NFLX-D, PFL-D, EVT-D, EFR-D, PGP-D, HTGC-D, HYG-D, GRO-D, IDX-D, BAB-D, PDM-D, BBRG-D, IGU-D, IRG-D, NOW-D, EMDD-D, UST-D, WAGE-D, SJNK-D, 
Tue Apr 23 08:00:00 GMT+00:00 2013: signals : ARMH,
Tue Apr 23 08:00:00 GMT+00:00 2013: Signals ordered by strength : ARMH(90.0), 
Wed Apr 24 08:00:00 GMT+00:00 2013: Bases processed : GD-D, GM-D, GRA-D, OC-D, NSSC-D, C-D, CBM-D, PRA-D, DASTY-D, DSU-D, DXM-D, ABG-D, PKBK-D, CRI-D, IFMI-D, HNW-D, PXF-D, PHB-D, JNK-D, FLDM-D, CHSP-D, BAH-D, FEMS-D, ISTB-D, MRCC-D, MDXG-D, TE-D, WFT-D, TWMC-D, TKF-D, WVFC-D, SSS-D, SMH-D, TS-D, TATYY-D, TLLP-D, 
Wed Apr 24 08:00:00 GMT+00:00 2013: signals : 
Wed Apr 24 08:00:00 GMT+00:00 2013: Signals ordered by strength : 
Thu Apr 25 08:00:00 GMT+00:00 2013: Bases processed : DOW-D, HE-D, AXE-D, ITW-D, LNC-D, L-D, PPG-D, RTN-D, RYL-D, AAME-D, AMAT-D, CA-D, COHR-D, GGG-D, IGT-D, MEI-D, CASY-D, LRCX-D, KELYB-D, AEPI-D, HOG-D, CLFD-D, MRTN-D, MIDD-D, MGM-D, FRME-D, HWAY-D, NTN-D, ORLY-D, OSBC-D, FLEX-D, MATW-D, NTT-D, METR-D, CTRX-D, DLTR-D, OTEX-D, MLP-D, AMRI-D, AKAM-D, RDY-D, ACN-D, PDFS-D, EPP-D, AAP-D, GPK-D, BWLD-D, CSQ-D, CAB-D, MKTX-D, AXJL-D, DOO-D, NFO-D, DBU-D, CWI-D, NIE-D, INFN-D, PBD-D, INB-D, PDN-D, NFBK-D, PNQI-D, IPK-D, IPD-D, BSL-D, OXLC-D, FONE-D, CARZ-D, RPAI-D, MLPA-D, EQM-D, MPLX-D, FEI-D, SGC-D, SGF-D, SGMO-D, SOHU-D, SMI-D, STON-D, VEU-D, TEL-D, WBC-D, UXJ-D, 
Thu Apr 25 08:00:00 GMT+00:00 2013: signals : RYL,
Thu Apr 25 08:00:00 GMT+00:00 2013: Signals ordered by strength : RYL(80.0), 
Fri Apr 26 08:00:00 GMT+00:00 2013: Bases processed : FOE-W, GD-W, GM-W, GRA-W, HE-W, AXE-W, ITW-W, KMI-W, LNC-W, L-W, MRK-W, OC-W, OXM-W, PBI-D, PBI-W, PPG-W, RYL-W, SFE-W, AAME-W, ALOG-W, AMAT-W, CA-W, COHR-W, GGG-W, IGT-W, MEI-W, NSANY-W, NSSC-W, PNC-W, AOS-W, LRCX-W, BIG-W, PEBK-W, AEPI-W, HOG-W, PTSI-W, CLFD-W, MRTN-W, ELUXY-D, ELUXY-W, MIDD-W, ACG-W, CPF-D, CPF-W, CBM-W, AB-D, AB-W, MGM-W, GNCMA-W, FRME-W, ACAT-D, ACAT-W, HWAY-W, NTN-W, PRA-W, BONT-D, BONT-W, PPR-W, ORLY-W, RGA-D, RGA-W, FFIN-W, OSBC-W, FLEX-W, MATW-W, NTT-W, HNP-W, METR-W, MCRL-D, MCRL-W, DLTR-W, RMD-D, RMD-W, CLB-W, ERIE-W, AMFC-W, DF-W, DAVE-D, DAVE-W, CBD-W, EDPFY-W, EGHT-W, CBAN-W, NTL-W, ARMH-W, MLP-W, DSU-W, HIX-W, HCKT-W, AMRI-W, MTEX-D, MTEX-W, RAI-D, RAI-W, MDRX-D, MDRX-W, EGBN-D, EGBN-W, CIR-W, NSL-W, AKAM-W, IBN-W, ARRY-W, RDY-W, GLBZ-W, ACN-W, PDFS-W, EPP-W, AAP-W, MCGC-W, CNC-W, ABG-W, NFLX-W, JPS-D, PKBK-W, GPK-W, PFL-W, EVT-W, CRI-W, BWLD-W, EFR-W, IFMI-W, CSQ-W, CAB-W, MKTX-W, PHD-D, PHD-W, IGD-D, IGD-W, HTGC-W, KONA-D, KONA-W, CMPR-D, CMPR-W, GPRE-D, AXJL-W, DOO-W, NFO-W, DBU-W, CSIQ-D, CSIQ-W, CWI-W, NIE-W, HYG-W, OREX-D, OREX-W, HNW-W, INFN-W, PBD-W, INB-W, PXF-W, PDN-W, GRO-W, NFBK-W, PHB-W, JNK-W, PNQI-W, IPK-W, IPD-W, FLDM-W, IDX-W, BAB-W, MINT-W, CHSP-W, KAR-W, PDM-W, BSL-W, BSCG-W, BSCH-D, BSCH-W, BBRG-W, BAH-W, CPS-D, OXLC-W, FONE-W, IGU-W, CTNN-D, CTNN-W, CARZ-W, FSL-D, FSL-W, MCEP-W, AVG-D, AVG-W, FEMS-W, RPAI-W, MLPA-W, IRG-W, HTA-W, EQM-W, NOW-W, GTWN-D, GTWN-W, EMDD-W, CMGE-D, CMGE-W, CUNB-W, MPLX-W, ISTB-W, MRCC-W, MDXG-W, FEI-W, AAMC-W, ENTA-W, DAKP-D, DAKP-W, SGC-W, SO-W, TE-W, WFT-W, TPHS-D, TPHS-W, UMH-W, TWMC-W, SWZ-D, SWZ-W, SGF-W, WOOF-D, WETF-D, WETF-W, TCO-D, TCO-W, WVFC-W, SSS-W, SNAK-W, WPC-W, UTHR-W, STMP-D, STMP-W, SGMO-W, SMH-W, SOHU-W, WEA-D, WEA-W, TS-W, SMI-W, STON-W, WAL-W, SPWR-D, SPWR-W, VEU-W, TEL-W, WBC-W, THD-W, TYD-D, TYD-W, TATYY-W, VCIT-D, VCIT-W, UST-W, UXJ-W, TLLP-W, WAGE-W, STRZB-D, STRZB-W, SJNK-W, 
Fri Apr 26 08:00:00 GMT+00:00 2013: signals : 
Fri Apr 26 08:00:00 GMT+00:00 2013: Signals ordered by strength : 
Mon Apr 29 08:00:00 GMT+00:00 2013: Bases processed : CHE-D, MHFI-D, MO-D, PHM-D, AVA-D, MTSC-D, LOJN-D, MBVT-D, MCY-D, PPC-D, OFG-D, MITK-D, LCUT-D, MCRI-D, BANR-D, IRIX-D, EWH-D, DTEGY-D, AGEN-D, EWT-D, OIIM-D, AZSEY-D, MIFI-D, GALT-D, FSGI-D, ITB-D, PKO-D, PGX-D, DGS-D, RPX-D, FIBK-D, CREG-D, BSCF-D, AADR-D, BUNL-D, LEMB-D, CMLP-D, AXJS-D, AMPS-D, IDXJ-D, BLOX-D, OAKS-D, TCI-D, VEOEY-D, XHB-D, SOCL-D, SXCP-D, 
Mon Apr 29 08:00:00 GMT+00:00 2013: signals : 
Mon Apr 29 08:00:00 GMT+00:00 2013: Signals ordered by strength : 
Tue Apr 30 08:00:00 GMT+00:00 2013: Bases processed : ACU-D, RF-D, PATK-D, RPM-D, CMO-D, ARKR-D, MSFT-D, FICO-D, RGS-D, MNRO-D, GIB-D, LFUS-D, CCU-D, AKOB-D, GLF-D, MTOR-D, NRCIB-D, CLS-D, OIS-D, AUO-D, CHY-D, LKQ-D, PFBC-D, HPY-D, ETW-D, GTLS-D, EXG-D, INP-D, CHW-D, GRF-D, AGNC-D, EWX-D, HTWR-D, ARI-D, INDY-D, KAR-D, MSG-D, CSOD-D, SAVE-D, GRFS-D, EEMV-D, EELV-D, FAUS-D, FSZ-D, FCAN-D, ENGN-D, JMI-D, INDA-D, VSH-D, TARO-D, TWN-D, WSBC-D, SPN-D, UFPT-D, TSM-D, VGT-D, TFSL-D, TTHI-D, WIP-D, WES-D, TOK-D, XSW-D, TDIV-D, WGP-D, UBS-D, 
Tue Apr 30 08:00:00 GMT+00:00 2013: signals : MSG,
Tue Apr 30 08:00:00 GMT+00:00 2013: Signals ordered by strength : MSG(95.0), 
Wed May 01 08:00:00 GMT+00:00 2013: Bases processed : AFL-D, AMD-D, BCV-D, FMC-D, NWLI-D, CDNS-D, DORM-D, MGIC-D, NXC-D, NSYS-D, DSGX-D, DENN-D, PFBX-D, BGFV-D, ADRU-D, BLKB-D, LCM-D, FBIZ-D, ICE-D, BIN-D, MWA-D, FOF-D, PGF-D, MNOV-D, IQNT-D, RPXC-D, GTIP-D, RRMS-D, ORMP-D, UUU-D, TCBK-D, SIRI-D, TELNY-D, SOXX-D, WMGI-D, WFD-D, WAIR-D, VIXH-D, SNLN-D, WSTC-D, 
Wed May 01 08:00:00 GMT+00:00 2013: signals : DORM,ICE,
Wed May 01 08:00:00 GMT+00:00 2013: Signals ordered by strength : DORM(95.0), ICE(75.0), 
Fri May 31 08:00:00 GMT+00:00 2013: Bases processed : CAL-W, COHU-W, CVR-W, CW-W, GCI-D, GCI-W, GHM-D, GHM-W, HUM-W, JEC-W, LUB-W, PFIN-W, CCF-W, ATRI-W, CKP-W, CTG-W, FELE-W, FUL-W, QDEL-D, QDEL-W, MTW-D, MTW-W, MSA-D, MSA-W, EVI-W, PDCE-W, AN-W, BH-W, GIGA-D, GIGA-W, ASYS-W, AEG-W, LLTC-W, FRPH-W, CKEC-W, ARG-W, CNMD-W, BJCT-W, FUND-W, PWX-W, NSAT-D, NSAT-W, CRVL-W, HMN-W, FRED-W, FCF-W, EFII-W, PERY-D, PERY-W, ANIK-W, CMCT-W, CGI-W, ARTX-W, SCSC-W, ROYL-W, CMCO-W, GEF-W, JCTCF-W, CNOB-W, ETFC-W, NCI-W, BGC-D, FIX-W, FDP-W, GPI-W, MANH-W, AMKR-W, CLS-W, MKSI-D, MKSI-W, KKD-D, KKD-W, PXLW-W, CYH-D, CYH-W, CPST-W, ENTG-W, AMRB-D, AMRB-W, PLKI-D, PLKI-W, CVCY-W, SFL-W, GPT-W, HEOP-W, DWA-D, DWA-W, CZNC-W, NDAQ-W, PIP-W, MGYR-D, MGYR-W, CLUB-W, BIOD-W, PMC-W, IILG-W, FCTY-W, DGI-W, MNA-W, GNRC-W, NXPI-W, DLBS-W, CSMA-W, PRMW-W, PCRX-W, CSMB-W, INVN-D, INVN-W, KORS-W, EWHS-W, RGLS-W, OHRP-W, AFH-W, AGI-W, RCPT-W, WGO-W, TEX-D, TEX-W, SSL-W, THO-W, SPAR-W, SGMS-D, SGMS-W, UNH-W, TTI-D, TTI-W, USPH-W, UHAL-W, WSTL-W, SSB-W, TUES-W, TDY-W, SONS-W, UBFO-W, UBFO-W, WHG-W, TBBK-W, TRAK-W, USD-W, VTG-W, SYA-W, TBT-W, TBF-W, XRS-W, TYBS-D, SVVC-W, WIFI-W, TCPC-W, 
Fri May 31 08:00:00 GMT+00:00 2013: signals : 
Fri May 31 08:00:00 GMT+00:00 2013: Signals ordered by strength : 
Mon Jun 03 08:00:00 GMT+00:00 2013: Bases processed : MRK-D, HURC-D, OPY-D, KTCC-D, FBP-D, CNBKA-D, MGCD-D, PCMI-D, INTT-D, MRGE-D, HSII-D, LTS-D, CGEN-D, CSFL-D, CSII-D, BXUC-D, ESSX-D, RALS-D, CUBI-D, LND-D, FNBC-D, SFNC-D, SRTI-D, YORW-D, SPP-D, TOWN-D, 
Mon Jun 03 08:00:00 GMT+00:00 2013: signals : CSII,
Mon Jun 03 08:00:00 GMT+00:00 2013: Signals ordered by strength : CSII(70.0), 
Fri Jun 07 08:00:00 GMT+00:00 2013: Bases processed : MRK-W, HURC-W, OPY-W, KTCC-W, DW-D, DW-W, CLDX-D, LSBG-D, LSBG-W, FBP-W, CNBKA-W, CCC-W, MGCD-W, ALU-D, ALU-W, PDS-D, PCMI-W, IBKC-W, JXSB-W, DRI-D, DRI-W, CASS-W, CIEN-W, INTT-W, EDPFY-D, MRGE-W, EVOL-W, BEBE-W, HSII-W, KTOS-W, ENDP-D, ENDP-W, CGEN-W, EXAS-D, EXAS-W, CSFL-W, CSII-W, BEAT-W, KNDI-W, EIS-D, EIS-W, EDZ-W, BXUC-W, ESSX-W, OAS-D, OAS-W, RALS-W, CARB-D, CARB-W, NLNK-D, NLNK-W, MFRM-W, JIVE-D, JIVE-W, CUBI-W, QSR-D, QSR-W, ALEX-W, LND-W, PBCP-D, PBCP-W, QIWI-W, FNBC-W, OVAS-W, XRX-D, XRX-W, WABC-W, USLM-W, SUBK-D, SUBK-W, WTS-W, SFNC-W, TECU-W, UNTY-W, SOFO-W, SKX-W, TIVO-W, SRTI-W, YORW-W, WLK-W, XRM-W, WSBF-D, WSBF-W, SPP-W, SYUT-W, TOWN-W, 
Fri Jun 07 08:00:00 GMT+00:00 2013: signals : 
Fri Jun 07 08:00:00 GMT+00:00 2013: Signals ordered by strength : 
Mon Jun 10 08:00:00 GMT+00:00 2013: Bases processed : FUL-D, CFI-D, ATR-D, SCSC-D, MPAA-D, RCII-D, RSYS-D, NSP-D, GPI-D, CBNK-D, PWRD-D, APEI-D, HPJ-D, QUAD-D, DTYS-D, BUNT-D, HCLP-D, QLYS-D, HAWK-D, IBCC-D, SPLS-D, TUES-D, SGNT-D, TNGO-D, WEBK-D, 
Mon Jun 10 08:00:00 GMT+00:00 2013: signals : 
Mon Jun 10 08:00:00 GMT+00:00 2013: Signals ordered by strength : 
Tue Jun 11 08:00:00 GMT+00:00 2013: Bases processed : GBL-D, NVMI-D, NOA-D, RUSS-D, 
Tue Jun 11 08:00:00 GMT+00:00 2013: signals : 
Tue Jun 11 08:00:00 GMT+00:00 2013: Signals ordered by strength : 
Tue Jun 18 08:00:00 GMT+00:00 2013: Bases processed : HNH-D, AVHI-D, HAE-D, CSGS-D, CASS-D, FMS-D, DVD-D, AMCC-D, KFY-D, RTEC-D, BASFY-D, GBLI-D, AFSI-D, MPEL-D, MVO-D, GLRE-D, MASI-D, PCYG-D, FLTR-D, PRLB-D, HOTR-D, IBTX-D, TRCO-D, TMP-D, WEX-D, 
Tue Jun 18 08:00:00 GMT+00:00 2013: signals : PRLB,
Tue Jun 18 08:00:00 GMT+00:00 2013: Signals ordered by strength : PRLB(175.0), 
Mon Jul 01 08:00:00 GMT+00:00 2013: Bases processed : CR-D, DAL-D, SEE-D, ASB-D, BPOP-D, BSET-D, CMA-D, FMBI-D, BXS-D, ADBE-D, FNB-D, CTBI-D, ACAT-D, LCUT-D, ISIG-D, HCC-D, FLIR-D, LEA-D, COF-D, BANR-D, OPK-D, EDGW-D, EPIQ-D, FNFG-D, AMRI-D, LII-D, LMNX-D, BHLB-D, ILMN-D, RGC-D, PNFP-D, CVCO-D, QVCB-D, RYJ-D, ESXB-D, MOFG-D, GWRE-D, LMCB-D, EPZM-D, WABC-D, WEYS-D, SHOO-D, SN-D, 
Mon Jul 01 08:00:00 GMT+00:00 2013: signals : 
Mon Jul 01 08:00:00 GMT+00:00 2013: Signals ordered by strength : 
Tue Jul 02 08:00:00 GMT+00:00 2013: Bases processed : ADM-D, AFG-D, BOKF-D, FULT-D, CVC-D, QLTI-D, EOG-D, PTC-D, EEP-D, NATH-D, DEST-D, PARR-D, HHS-D, NWPX-D, EEFT-D, AMZN-D, OUTR-D, EPD-D, PCLN-D, AMNB-D, PCBK-D, AYI-D, CCOI-D, NPO-D, HTH-D, NP-D, HBOS-D, RZG-D, CPIX-D, CBNJ-D, BKJ-D, FIBK-D, ELLO-D, CSRE-D, UBSI-D, WIBC-D, TS-D, VNET-D, SIBC-D, 
Tue Jul 02 08:00:00 GMT+00:00 2013: signals : CVC,AYI,
Tue Jul 02 08:00:00 GMT+00:00 2013: Signals ordered by strength : CVC(55.0), AYI(50.0), 
Wed Jul 03 08:00:00 GMT+00:00 2013: Bases processed : BOH-D, MIND-D, AETI-D, BMRC-D, LIME-D, LBTYB-D, CMG-D, LOPE-D, FANG-D, PHDG-D, BRSS-D, SYBT-D, SSNC-D, XUE-D, SYRG-D, XOOM-D, 
Wed Jul 03 08:00:00 GMT+00:00 2013: signals : 
Wed Jul 03 08:00:00 GMT+00:00 2013: Signals ordered by strength : 
Fri Jul 05 08:00:00 GMT+00:00 2013: Bases processed : ACU-D, ACU-W, ADM-W, CR-W, DAL-W, FSS-D, FSS-W, IPG-D, IPG-W, JNJ-D, AFG-W, SEE-W, ASB-W, BOH-W, BOKF-W, BPOP-W, BSET-W, CMA-W, CMTL-W, AROW-D, AROW-W, KATE-D, KATE-W, MSCC-D, MSCC-W, MSEX-D, MSEX-W, JWN-D, JWN-W, OII-D, OII-W, RLI-W, AMSWA-D, AMSWA-W, FMBI-W, CVBF-D, CVBF-W, NPBC-D, NPBC-W, MLAB-D, MLAB-W, BMTC-W, NBBC-D, NBBC-W, FULT-W, BXS-W, CVC-W, BWINB-D, BWINB-W, FOX-D, FOX-W, ADBE-W, FNB-W, CHCO-D, CHCO-W, ATU-D, ATU-W, CPF-D, CPF-W, CTBI-W, QLTI-W, CHFC-W, NEOG-D, NEOG-W, EOG-W, PTC-W, ACAT-W, CATY-W, LCUT-W, ISIG-W, EEP-W, ROP-D, ROP-W, RNST-W, FCF-D, FCF-W, ASGN-W, MTX-D, HCC-W, NATH-W, DEST-W, PARR-W, FLIR-W, FDEF-D, FDEF-W, HHS-W, FWRD-D, FWRD-W, AF-W, LEA-W, MATW-D, MATW-W, BTO-D, BTO-W, COF-W, FOXA-D, FOXA-W, MIND-W, ISNS-W, AVX-W, BANR-W, MIG-D, MIG-W, FFIC-D, FFIC-W, NWPX-W, REV-D, REV-W, SASR-W, NBIX-W, EDGW-W, EPIQ-W, EEFT-W, AMZN-W, GLF-D, GLF-W, OUTR-W, OZRK-D, OZRK-W, LKFN-D, LKFN-W, FNFG-W, HCKT-W, EPD-W, HTBK-D, HTBK-W, CCNE-D, CCNE-W, AMRI-W, MTEX-D, MTEX-W, PCLN-W, AETI-W, AMNB-W, FISI-D, FISI-W, LII-W, NKSH-D, NKSH-W, BMRC-W, LBAI-D, LBAI-W, LMNX-W, LTS-W, PCBK-W, IJR-D, IJR-W, BHLB-W, ILMN-W, IJT-D, IJT-W, LIME-W, FCBC-D, FCBC-W, AYI-W, RGC-W, PNFP-W, NPO-W, PFS-W, CVCO-W, MOH-D, GPK-D, GPK-W, HTH-W, LBTYB-W, JKK-D, JKK-W, EFSC-W, KRNY-D, KRNY-W, PBE-D, PBE-W, HBOS-W, DMND-D, DMND-W, DISCA-D, DISCA-W, ATRC-D, ATRC-W, GBNK-D, GBNK-W, CMG-W, RZG-W, IAK-D, IAK-W, QVCB-W, RYJ-W, ESXB-W, FXCB-D, FXCB-W, KCAP-W, SAA-D, SAA-W, DFS-D, DFS-W, CPIX-W, CBNJ-W, MOFG-W, BKJ-W, DISCK-D, DISCK-W, LOPE-W, JKS-D, FIBK-W, LPLA-D, LPLA-W, ECYT-D, ECYT-W, ELLO-W, CSRE-W, KBWB-W, GWRE-W, FANG-W, PHDG-W, LMCB-W, BRSS-W, EPZM-W, GIMO-D, GIMO-W, STJ-W, WEYS-W, TCB-D, TCB-W, UBSI-W, WASH-W, WFM-D, WFM-W, SYBT-W, UTEK-D, UTEK-W, UBSH-D, UBSH-W, SHOO-W, THFF-D, THFF-W, SSB-D, SSB-W, WTFC-D, WTFC-W, WIBC-W, STL-D, STL-W, TDY-D, XOXO-D, XOXO-W, WTBA-D, WTBA-W, TS-W, SPWR-D, SPWR-W, SLY-D, SLY-W, TOO-D, TOO-W, UCO-W, VIOG-D, VIOG-W, VIOO-D, VIOO-W, SIBC-W, SYRG-W, SN-W, TTT-D, TTT-W, 
Fri Jul 05 08:00:00 GMT+00:00 2013: signals : 
Fri Jul 05 08:00:00 GMT+00:00 2013: Signals ordered by strength : 
Mon Jul 08 08:00:00 GMT+00:00 2013: Bases processed : AVY-D, BHI-D, CRWS-D, CUB-D, GPC-D, GT-D, HP-D, ITT-D, KEX-D, NR-D, PKD-D, ESCA-D, FITB-D, HNI-D, ROST-D, EGAS-D, FBNC-D, EMIS-D, AZO-D, ODFL-D, JBSS-D, M-D, NBTB-D, FRED-D, POL-D, CYT-D, LION-D, HIG-D, BJRI-D, CVLY-D, DRQ-D, GRIF-D, EVOL-D, LLL-D, FLWS-D, DTLK-D, EXH-D, IWM-D, IYC-D, NTES-D, IJS-D, IRCP-D, RTH-D, MMLP-D, BBNK-D, FMD-D, PXSV-D, PSJ-D, BFIN-D, GST-D, AMP-D, FBIZ-D, KIE-D, LUNA-D, DES-D, PGTI-D, FDN-D, GTLS-D, PRFZ-D, CUR-D, RGDX-D, N-D, PNQI-D, SCHA-D, KAR-D, CREG-D, LMNR-D, RETL-D, IPHI-D, SEMG-D, BARL-D, IVOP-D, KBWI-D, RM-D, NOW-D, CNSI-D, MKTO-D, STT-D, TRR-D, VIVO-D, WIRE-D, SHLO-D, UFPT-D, TOWR-D, STRM-D, TACT-D, SRCL-D, TGI-D, WILC-D, SRPT-D, XLY-D, SLYG-D, SLYV-D, SHEN-D, VBK-D, VCR-D, XSD-D, XRT-D, SSBI-D, SPR-D, UWM-D, TFSL-D, TNA-D, URTY-D, VTWO-D, TRGP-D, SOCL-D, XSLV-D, 
Mon Jul 08 08:00:00 GMT+00:00 2013: signals : 
Mon Jul 08 08:00:00 GMT+00:00 2013: Signals ordered by strength : 
Tue Jul 09 08:00:00 GMT+00:00 2013: Bases processed : HON-D, BKH-D, IDA-D, LOW-D, MDU-D, COHR-D, OMC-D, HWKN-D, KLAC-D, NWLI-D, PCAR-D, PGR-D, EAT-D, SBCF-D, MBVT-D, JJSF-D, ASG-D, CYTR-D, HQH-D, MAN-D, ICON-D, HNT-D, MGIC-D, ATNI-D, OI-D, BBBY-D, ESRX-D, CMN-D, PLT-D, EMMS-D, DAR-D, CCBG-D, KMX-D, AEHR-D, REMY-D, HFWA-D, HEIA-D, CVG-D, RAI-D, MBWM-D, HSTM-D, IYG-D, DNB-D, ALGN-D, PDFS-D, PWOD-D, ABG-D, DWAQ-D, CHT-D, PXSG-D, DISCB-D, OFLX-D, RUTH-D, ETE-D, RFV-D, DAC-D, PFI-D, PRN-D, RCD-D, AIMC-D, PKW-D, EZM-D, ACM-D, FXD-D, FXO-D, IQNT-D, RWW-D, GVT-D, PSCE-D, AMLP-D, IVOV-D, FNK-D, AWAY-D, ALSN-D, ADHD-D, SXI-D, UTX-D, SON-D, STJ-D, TSS-D, SPH-D, SYKE-D, UPS-D, VB-D, UUP-D, SNI-D, VTWV-D, VLU-D, VOYA-D, 
Tue Jul 09 08:00:00 GMT+00:00 2013: signals : AWAY,
Tue Jul 09 08:00:00 GMT+00:00 2013: Signals ordered by strength : AWAY(180.0), 
Wed Jul 10 08:00:00 GMT+00:00 2013: Bases processed : EGN-D, HUBA-D, HUBB-D, MO-D, CPK-D, NEON-D, LRCX-D, CDNS-D, FC-D, CVTI-D, LECO-D, AEIS-D, ING-D, BHB-D, GAI-D, CMLS-D, MDRX-D, IWN-D, ADS-D, ESGR-D, PJP-D, BWP-D, NTLS-D, FBT-D, CVLT-D, EQWS-D, FXL-D, PZN-D, PSCF-D, OLEM-D, UIS-D, SIGI-D, STFC-D, TCP-D, VXF-D, WHG-D, XPO-D, XBI-D, USO-D, UCC-D, USL-D, YNDX-D, TILT-D, SPLP-D, TLYS-D, 
Wed Jul 10 08:00:00 GMT+00:00 2013: signals : LRCX,YNDX,
Wed Jul 10 08:00:00 GMT+00:00 2013: Signals ordered by strength : YNDX(190.0), LRCX(55.0), 
Thu Jul 11 08:00:00 GMT+00:00 2013: Bases processed : ADI-D, AMD-D, ADP-D, B-D, CAG-D, FDML-D, NEE-D, GIS-D, GM-D, HSY-D, IR-D, CVS-D, MMC-D, OXM-D, PKE-D, RTN-D, AMIC-D, S-D, CAE-D, MATX-D, MTZ-D, CMCSA-D, ECL-D, KCLI-D, MARPS-D, MGEE-D, MTSC-D, SENEB-D, PAYX-D, ESIO-D, JBHT-D, COST-D, RGEN-D, LLTC-D, AMAG-D, DJCO-D, FISV-D, HTLD-D, CMCSK-D, ABMD-D, CELG-D, JNP-D, IEX-D, MRO-D, APH-D, ARIS-D, BLX-D, IACI-D, ALG-D, FOSL-D, ALL-D, RVSB-D, RMT-D, HAIN-D, FWV-D, ASML-D, ABC-D, MD-D, SENEA-D, AFFX-D, GES-D, ALV-D, SCS-D, RSG-D, DDAIF-D, QQQ-D, RATE-D, BBH-D, PKG-D, IYJ-D, IJJ-D, MTK-D, IBB-D, IGM-D, COL-D, IGV-D, IWP-D, NFLX-D, EEQ-D, PKBK-D, FVL-D, ONEQ-D, AEL-D, PETS-D, MCHX-D, NRG-D, LBTYA-D, JKD-D, JKH-D, JKI-D, JKJ-D, JKL-D, EOX-D, ENS-D, GOOGL-D, PEY-D, PGJ-D, NATL-D, BME-D, PXQ-D, LBTYK-D, MDYV-D, QQEW-D, QTEC-D, CODI-D, QVCA-D, MWA-D, HWCC-D, QLD-D, RXI-D, PSL-D, PTH-D, RYF-D, RYT-D, EQWL-D, CSD-D, III-D, QQXT-D, EXT-D, CZA-D, FAB-D, FNX-D, FXH-D, FXR-D, DRWI-D, BDBD-D, NLR-D, RWK-D, RWL-D, BPI-D, IWX-D, PSCI-D, MLPN-D, SDRL-D, QLIK-D, EWRM-D, ACNB-D, BDCL-D, QQQE-D, MLPA-D, GYLD-D, AMU-D, HUSE-D, MMTM-D, IMLP-D, HVPW-D, IELG-D, DGRW-D, TGT-D, SJM-D, SNA-D, SNE-D, TER-D, TTC-D, WSOB-D, XOM-D, TJX-D, STKL-D, WSO-D, USA-D, TWN-D, WPPGY-D, XLNX-D, SPOK-D, TWX-D, URBN-D, ZEUS-D, STN-D, SIRI-D, SSYS-D, TRK-D, YHOO-D, WHLM-D, STLD-D, SYNT-D, SHPG-D, XLI-D, SPRT-D, SMDM-D, TZOO-D, VBR-D, VGT-D, SFST-D, THRX-D, VIS-D, TGP-D, VIA-D, VIAB-D, XCO-D, TOWN-D, VRSK-D, TQQQ-D, SKYY-D, XYL-D, VAC-D, TNDQ-D, TAX-D, YMLI-D, TCEHY-D, 
Thu Jul 11 08:00:00 GMT+00:00 2013: signals : CELG,PKG,
Thu Jul 11 08:00:00 GMT+00:00 2013: Signals ordered by strength : PKG(105.0), CELG(95.0), 
Fri Aug 23 08:00:00 GMT+00:00 2013: Bases processed : AMIC-W, HRG-W, APOG-W, ATRO-W, IG-D, IG-W, ADSK-D, ADSK-W, IBCP-D, IBCP-W, HOG-W, IOT-W, ICCC-W, MGCD-W, HRT-W, PRCP-D, PRCP-W, FUNC-W, GMCR-W, MOV-W, DECK-W, BFR-W, BYBK-D, BYBK-W, IMAX-W, DOM-D, DOM-W, PNTR-D, PNTR-W, IRIX-D, IRIX-W, EWG-W, AWX-W, LOAN-W, GGAL-W, CRIS-W, PWOD-D, MNRK-W, MORN-W, CTRN-W, HNNA-D, HNNA-W, PIP-D, PIP-W, ROX-W, GFN-W, CBNK-W, EFUT-W, IBKR-D, IBKR-W, IEUS-W, CNY-W, GULF-D, GULF-W, BWEN-W, ORRF-W, DRV-W, IBMD-W, ABAC-W, IOIL-W, DFVS-D, DFVS-W, KBWR-W, FGM-W, HCLP-D, HCLP-W, MZOR-D, MZOR-W, HTBX-W, JONE-W, WVVI-W, VRSN-W, UEPS-D, UEPS-W, TYNS-W, 
Fri Aug 23 08:00:00 GMT+00:00 2013: signals : 
Fri Aug 23 08:00:00 GMT+00:00 2013: Signals ordered by strength : 
Mon Aug 26 08:00:00 GMT+00:00 2013: Bases processed : BZC-D, DG-D, DDD-D, PHIIK-D, AGMA-D, ASTC-D, FLML-D, AXDX-D, NGS-D, ANIP-D, SBLK-D, ESEA-D, EBSB-D, CSMA-D, WAFD-D, WYNN-D, SVA-D, TC-D, YGE-D, WFBI-D, TTPH-D, 
Mon Aug 26 08:00:00 GMT+00:00 2013: signals : 
Mon Aug 26 08:00:00 GMT+00:00 2013: Signals ordered by strength : 
Tue Aug 27 08:00:00 GMT+00:00 2013: Bases processed : AKRX-D, FGP-D, OIL-D, RGRE-D, PFIE-D, XBKS-D, VNDA-D, USO-D, WLDN-D, UCO-D, 
Tue Aug 27 08:00:00 GMT+00:00 2013: signals : 
Tue Aug 27 08:00:00 GMT+00:00 2013: Signals ordered by strength : 
Wed Sep 04 08:00:00 GMT+00:00 2013: Bases processed : PKE-D, AMS-D, BT-D, RPRX-D, NTL-D, CTSH-D, GBL-D, CSUN-D, CTCT-D, AFCB-D, ENV-D, SALE-D, SPA-D, TD-D, TARO-D, UIHC-D, 
Wed Sep 04 08:00:00 GMT+00:00 2013: signals : RPRX,SALE,
Wed Sep 04 08:00:00 GMT+00:00 2013: Signals ordered by strength : SALE(160.0), RPRX(75.0), 
Wed Sep 11 08:00:00 GMT+00:00 2013: Bases processed : DHR-D, MCK-D, LDL-D, NBL-D, GPX-D, PEO-D, ERIC-D, BRS-D, PVA-D, RGR-D, BIIB-D, DLTR-D, MD-D, POOL-D, OTEX-D, EWO-D, GWR-D, NVDA-D, MAR-D, MBWM-D, IWF-D, IYE-D, EXFO-D, ILMN-D, FLR-D, PDFS-D, IWP-D, PWB-D, PBS-D, PPA-D, RSCO-D, RPG-D, AMTY-D, DTH-D, GNC-D, PRN-D, PUW-D, RYH-D, FXH-D, MASI-D, FDD-D, ERX-D, LOPE-D, IWY-D, ADUS-D, HEDJ-D, NORW-D, CROP-D, ORIG-D, BOTJ-D, EMDI-D, QEH-D, LBMH-D, MGDDY-D, TEN-D, UQM-D, XLE-D, VRNT-D, WLL-D, VDE-D, VIA-D, XES-D, UXI-D, VRSK-D, XHE-D, YUME-D, SPHS-D, 
Wed Sep 11 08:00:00 GMT+00:00 2013: signals : 
Wed Sep 11 08:00:00 GMT+00:00 2013: Signals ordered by strength : 
Thu Sep 12 08:00:00 GMT+00:00 2013: Bases processed : AET-D, BA-D, GWW-D, CBSA-D, CBRL-D, GLDC-D, BBVA-D, MFRI-D, CBS-D, MTRX-D, RKT-D, NUTR-D, LLL-D, EGBN-D, CNC-D, RRGB-D, ADRD-D, PSDV-D, RGI-D, FXD-D, INFN-D, ERN-D, FWDD-D, LLEX-D, IQDE-D, KMDA-D, PETX-D, MBII-D, UTX-D, WBA-D, USA-D, WFM-D, SU-D, YHOO-D, SKM-D, SNHY-D, 
Thu Sep 12 08:00:00 GMT+00:00 2013: signals : WBA,
Thu Sep 12 08:00:00 GMT+00:00 2013: Signals ordered by strength : WBA(65.0), 
Mon Sep 16 08:00:00 GMT+00:00 2013: Bases processed : HON-D, BC-D, CET-D, GD-D, ITW-D, KEX-D, LUV-D, MAS-D, MMM-D, NOC-D, PPG-D, ALOG-D, ASMI-D, GYRO-D, KLAC-D, PNRG-D, ISRL-D, PAYX-D, INPH-D, HCSG-D, IVC-D, OSK-D, MCY-D, ECF-D, ADBE-D, HLS-D, LVMUY-D, LH-D, HNT-D, ALKS-D, GILD-D, PX-D, CHDN-D, GBX-D, CARV-D, MDCA-D, NICE-D, EWD-D, ESLT-D, CBI-D, MMS-D, AMG-D, DENN-D, IOSP-D, SFG-D, PKG-D, IJR-D, IVV-D, IVW-D, IWB-D, IWM-D, IWV-D, IYH-D, IYY-D, IYC-D, IWR-D, BG-D, IXJ-D, FEU-D, RSP-D, PWC-D, OLBK-D, ITOT-D, HTH-D, JKD-D, JKG-D, ENS-D, MKTX-D, BBG-D, PXMG-D, LAZ-D, IWC-D, AMP-D, ONEK-D, IHI-D, DIM-D, DOL-D, DOO-D, FTCS-D, RXI-D, PEZ-D, PSP-D, RCD-D, SAA-D, DIG-D, RXL-D, EES-D, EZM-D, PDP-D, FAD-D, FEX-D, FTA-D, FTC-D, FYX-D, KS-D, IDHQ-D, BX-D, DFS-D, SCJ-D, CHLN-D, FCG-D, ICLN-D, IPK-D, MGC-D, GVT-D, EQL-D, OMER-D, IWL-D, ESR-D, SCHA-D, SCHB-D, SCHX-D, GRID-D, CHSP-D, EUSA-D, AADR-D, PCYG-D, EWRI-D, EWRM-D, SCHM-D, FNY-D, FMK-D, KNOW-D, IDLV-D, AVG-D, FSZ-D, ENPH-D, GAL-D, ALTL-D, NBHC-D, CAPE-D, IEFA-D, MMTM-D, ABBV-D, FLAG-D, BIZD-D, IQDF-D, MRTX-D, BSCM-D, STS-D, SHLD-D, TMK-D, TRN-D, SXT-D, WHR-D, WPP-D, ZF-D, TEF-D, SPY-D, SSB-D, WCN-D, XLV-D, XLY-D, TDY-D, SMH-D, SOHU-D, SPYG-D, THRK-D, VTI-D, SOXX-D, VXF-D, VB-D, VCR-D, VHT-D, VO-D, VV-D, SPHQ-D, VIG-D, SSO-D, XPH-D, VOE-D, WMCR-D, TUSA-D, UWM-D, USD-D, TOK-D, SOXL-D, VIOO-D, VOO-D, VOOG-D, VONE-D, VTHR-D, VTWO-D, TRND-D, VLU-D, WDIV-D, TBRA-D, 
Mon Sep 16 08:00:00 GMT+00:00 2013: signals : HTH,BX,AVG,SXT,SOHU,
Mon Sep 16 08:00:00 GMT+00:00 2013: Signals ordered by strength : AVG(200.0), BX(110.0), SOHU(70.0), HTH(65.0), SXT(45.0), 
Thu Oct 03 08:00:00 GMT+00:00 2013: Bases processed : PARR-D, SEAC-D, CCOI-D, BBW-D, CART-D, AEGR-D, NKA-D, LPLA-D, RTLA-D, GGOV-D, EVHC-D, OCIR-D, ZQK-D, TX-D, UCBA-D, 
Thu Oct 03 08:00:00 GMT+00:00 2013: signals : 
Thu Oct 03 08:00:00 GMT+00:00 2013: Signals ordered by strength : 
Fri Oct 04 08:00:00 GMT+00:00 2013: Bases processed : AFL-W, BCV-W, AIT-W, CR-W, EBF-W, LB-W, OCR-W, OXM-D, CECE-W, FONR-D, FONR-W, GGG-W, ISH-W, EVI-W, PKOH-W, ESND-W, AMSWA-D, ASYS-W, MENT-W, IMMU-W, RES-D, EXAR-D, EXAR-W, LOJN-D, LOJN-W, JKHY-W, FOX-W, PDEX-D, PDEX-W, MAG-D, MAG-W, HRT-W, AXAS-W, IDXX-W, CRVL-W, NBTB-W, MGLN-W, ISL-W, PARR-W, OMG-W, PRE-D, BPFH-W, LEA-D, LEA-W, MTSN-W, COF-D, COF-W, FOXA-W, ESI-W, JXSB-W, DSCO-D, DSCO-W, BTN-D, BTN-W, CVO-W, BANR-W, EWI-W, ATRS-D, IM-W, EVK-W, EPIQ-W, EEFT-W, FIX-W, ORAN-D, AMSG-W, REMY-W, SCSS-D, SCSS-W, EWBC-W, QUIK-W, LXRX-W, BEL-W, ABCO-W, CCOI-W, DKS-W, EOX-D, EOX-W, JRJC-D, JRJC-W, BBW-W, LONG-W, CART-W, BGR-D, BGR-W, KUTV-D, KUTV-W, NDAQ-D, CNR-W, CMPR-W, CCO-W, ICE-D, ICE-W, MDYV-W, CORE-W, LYV-W, KOP-W, MGYR-W, CLUB-W, MVV-W, FXF-W, NHF-W, ATLS-W, BR-W, AEGR-W, AREX-W, OZM-W, IILG-W, ASCMA-W, MIDU-W, CYOU-D, CYOU-W, GSM-W, BYDDF-W, CXDC-W, NKA-W, ENZL-D, IVOV-W, CCIH-W, MY-W, ANAC-D, ANAC-W, BITA-W, LPLA-W, BONA-W, DANG-D, DANG-W, MOBI-D, MOBI-W, RTLA-W, ELLI-W, FNK-W, RPXC-W, BDCS-W, SAVE-D, SAVE-W, ELLO-W, GGOV-W, DWRE-D, DWRE-W, FRGI-W, LVNTA-W, EMCR-W, ICOL-W, DXPS-W, AGIO-D, AGIO-W, ONTX-D, ONTX-W, EVHC-W, OCIR-W, UFS-W, SPW-W, WGO-W, WABC-W, UNF-W, XOMA-W, ZQK-W, USPH-W, THG-W, SNDK-W, VIP-W, URI-W, YDKN-W, SHBI-W, SPWR-W, TX-W, UCBA-W, WNS-W, YUMA-W, ULTR-W, UMDD-W, WPZ-W, SQNS-W, TAOM-W, XHS-D, XHS-W, TLTE-W, TXMD-D, TXMD-W, WBB-W, UCP-W, SFTBY-W, 
Fri Oct 04 08:00:00 GMT+00:00 2013: signals : ICE,
Fri Oct 04 08:00:00 GMT+00:00 2013: Signals ordered by strength : ICE(100.0), 
Fri Nov 08 08:00:00 GMT+00:00 2013: Bases processed : AIR-W, BCE-D, BCE-W, BFA-D, CI-W, CNP-W, NAV-W, IFF-W, K-W, LEE-W, HST-W, OGE-W, SFE-D, SFE-W, S-W, ACET-D, ACET-W, ASB-D, ASB-W, BHP-W, CBSH-D, CBSH-W, OMC-W, FITB-D, FITB-W, FUJIY-W, KEQU-W, LZB-W, NEWP-W, SF-D, SF-W, ITG-D, JBHT-W, ATO-W, KELYB-W, MSFT-W, RGEN-W, NAVG-D, NAVG-W, REFR-D, REFR-W, FCNCA-D, FCNCA-W, ABMD-W, AIRM-D, AIRM-W, HBHC-D, HBHC-W, ARCI-W, BSTC-D, POWR-W, JACK-W, FOSL-W, GABC-W, DNR-W, OXGN-W, FTEK-D, FTEK-W, FFIN-D, FFIN-W, MINI-W, NMRX-D, NMRX-W, AKS-W, DOM-W, LION-D, LION-W, NSIT-D, NSIT-W, DRI-W, AEIS-W, SASR-D, PFBI-D, PFBI-W, CNOB-D, CNOB-W, BSI-W, LAMR-W, ETFC-D, ETFC-W, CWBC-D, CWBC-W, DGX-W, FSBK-W, DIA-W, OME-W, ENG-D, ENG-W, RH-D, RH-W, DOX-W, AMRI-W, GS-W, LPNT-W, LOOK-W, ININ-W, MFC-W, BMRC-D, BMRC-W, RDIB-W, MATR-W, MRVL-W, ENDP-W, DNB-W, HBIO-W, HAFC-D, HAFC-W, IGV-W, PRU-W, GME-W, CME-D, CME-W, AXS-W, QLTY-W, CII-W, NILE-W, MNTA-W, HEOP-W, ADES-D, ADES-W, EFSC-D, EFSC-W, PRSN-W, CNSL-D, CNSL-W, KONA-W, BKD-W, BAS-D, BAS-W, BCBP-W, DDM-W, GLDD-W, HF-W, PMC-W, PZN-D, PZN-W, REED-W, OESX-W, AWK-W, DGI-W, AOL-W, EGPT-W, CLDT-W, ACNB-W, AL-W, AMCX-W, AWAY-W, ATNY-W, FBNK-W, ORIG-W, KBWR-D, KBWR-W, GLOG-W, BSJG-W, FNBC-W, RCAP-D, RCAP-W, RNG-W, LDRH-W, LBMH-W, WEN-W, UAL-W, VMC-W, TRMK-D, TRMK-W, UNM-W, STT-W, UMBF-D, UMBF-W, TROW-D, TCB-W, SKYW-W, SPOK-W, STRS-W, TEO-W, SUNE-W, SRT-D, YZC-W, USCR-W, SQI-W, SNX-D, SNX-W, SOHO-W, XRM-W, UBNK-D, UBNK-W, XME-W, SLH-W, UDOW-W, THR-W, WAGE-W, SST-W, YOD-W, SUN-W, SZC-W, WWAV-W, VET-D, VET-W, VOYA-W, 
Fri Nov 08 08:00:00 GMT+00:00 2013: signals : SF,
Fri Nov 08 08:00:00 GMT+00:00 2013: Signals ordered by strength : SF(25.0), 
Thu Dec 05 08:00:00 GMT+00:00 2013: Bases processed : UFS-D, DG-D, MGIC-D, ARIS-D, UTIW-D, CONN-D, SIFI-D, HNNA-D, MPEL-D, APPY-D, AVGO-D, LLEX-D, HOTR-D, PBYI-D, LEAF-D, TNDM-D, 
Thu Dec 05 08:00:00 GMT+00:00 2013: signals : TNDM,
Thu Dec 05 08:00:00 GMT+00:00 2013: Signals ordered by strength : TNDM(125.0), 
Wed Dec 11 08:00:00 GMT+00:00 2013: Bases processed : JWB-D, LAKE-D, CYTR-D, PLAB-D, CHS-D, ASTC-D, EDGW-D, RDWR-D, NFLX-D, MFD-D, CORT-D, GHL-D, DLB-D, UA-D, SEM-D, FTGC-D, GLPI-D, APDN-D, 
Wed Dec 11 08:00:00 GMT+00:00 2013: signals : 
Wed Dec 11 08:00:00 GMT+00:00 2013: Signals ordered by strength : 
Thu Dec 12 08:00:00 GMT+00:00 2013: Bases processed : DLHC-D, NTIC-D, RAS-D, GNVC-D, WLDN-D, AER-D, MNOV-D, SRS-D, DRV-D, EGPT-D, WSTC-D, FPRX-D, 
Thu Dec 12 08:00:00 GMT+00:00 2013: signals : 
Thu Dec 12 08:00:00 GMT+00:00 2013: Signals ordered by strength : 
Fri Dec 13 08:00:00 GMT+00:00 2013: Bases processed : BC-W, DDS-W, DOW-W, PKI-W, GIS-W, HTHIY-W, SYY-W, UNP-W, CPK-D, CPK-W, TEVA-W, REX-W, DTV-W, DLHC-W, LAKE-W, CYTR-W, TWN-W, PLAB-W, ICCC-W, SWZ-D, SWZ-W, MGM-W, VOD-W, MXE-W, HRT-W, DORM-W, MTG-W, SNPS-D, SNPS-W, NCS-W, PX-W, SGA-W, ARTX-W, HMNF-W, DVA-W, ASTC-W, ALXN-W, BBX-D, BBX-W, HEB-W, EDGW-W, JLL-W, COLM-W, DLPH-W, TUES-D, TUES-W, RDWR-W, BGCP-D, BGCP-W, INVT-W, GNVC-W, NFLX-W, PRAN-W, HSON-W, LKQ-W, MFD-W, CORT-W, GHL-W, ANCX-W, MNTX-W, PBH-W, DLB-W, NFJ-W, UA-W, CPA-W, PAC-W, FXF-W, WLDN-W, MNOV-W, SRS-W, DEX-W, PBM-W, ROIC-W, BJK-W, CYB-W, SNI-W, MES-W, FLDM-W, DRV-W, SEM-W, USNZY-W, BXUC-D, BXUC-W, BALT-D, BALT-W, MXL-D, MXL-W, PSCC-W, CSRE-W, LXFR-D, CG-D, MOAT-W, CROC-W, NSLP-W, WSTC-W, HASI-W, CST-W, KCG-W, BNFT-D, BNFT-W, FPRX-W, XLRN-W, AR-W, VCYT-W, FTGC-W, CUDA-W, KPTI-D, KPTI-W, TWTR-W, VNCE-W, MLRUY-D, MLRUY-W, APDN-W, 
Fri Dec 13 08:00:00 GMT+00:00 2013: signals : 
Fri Dec 13 08:00:00 GMT+00:00 2013: Signals ordered by strength : 
Mon Dec 16 08:00:00 GMT+00:00 2013: Bases processed : CDI-D, COKE-D, GNTX-D, MENT-D, JJSF-D, USA-D, SAFM-D, CBK-D, CPSS-D, RVSB-D, NTT-D, MWW-D, PTN-D, LVLT-D, MLP-D, MFNC-D, SPRO-D, DRYS-D, TRGT-D, IHS-D, HIMX-D, FCVA-D, NPD-D, DYSL-D, BKU-D, BLRX-D, OPHT-D, SRNE-D, MEP-D, GOMO-D, 
Mon Dec 16 08:00:00 GMT+00:00 2013: signals : GNTX,HIMX,
Mon Dec 16 08:00:00 GMT+00:00 2013: Signals ordered by strength : GNTX(95.0), HIMX(70.0), 
Wed Jan 15 08:00:00 GMT+00:00 2014: Bases processed : CAT-D, DBD-D, DCO-D, STS-D, AJRD-D, MTZ-D, TRNS-D, AJG-D, OSK-D, TECD-D, ADBE-D, CPF-D, URRE-D, XLNX-D, BHE-D, LCUT-D, FLIR-D, ENL-D, MSN-D, BRKS-D, AEIS-D, MSM-D, IMN-D, EVOL-D, AXL-D, MDRX-D, DTLK-D, NTCT-D, SPIL-D, SLYV-D, ACN-D, SYNA-D, CRM-D, LCM-D, UACL-D, PBW-D, BFIN-D, PAC-D, WNS-D, NLR-D, RBS-D, TAN-D, TNA-D, URTY-D, PRI-D, PACB-D, FONE-D, INVN-D, IDHB-D, WHZ-D, VLU-D, RVNU-D, PTCT-D, NVGS-D, KIN-D, 
Wed Jan 15 08:00:00 GMT+00:00 2014: signals : BHE,MDRX,PRI,PTCT,
Wed Jan 15 08:00:00 GMT+00:00 2014: Signals ordered by strength : PTCT(205.0), PRI(100.0), BHE(55.0), MDRX(25.0), 
Fri Feb 07 08:00:00 GMT+00:00 2014: Bases processed : NBR-D, NBR-W, BHI-D, BHI-W, BXMT-W, MCO-D, EQT-W, HSY-W, GXP-W, MHFI-D, AVA-W, CNQ-W, KBAL-W, RGLD-W, DYNT-W, CBM-W, CMK-W, WLH-D, WLH-W, MSON-W, MYF-W, AAN-D, AAN-W, PTEN-W, GPIC-W, ESS-D, ESS-W, VECO-D, SSRI-D, SSRI-W, CCBG-W, OUTR-D, OUTR-W, SGB-W, NWFL-W, ICLR-W, LIOX-W, AKAM-W, KTOS-W, RDIB-D, RDIB-W, IDU-W, ENTG-W, ARL-W, CGEN-D, CGEN-W, ERF-W, RVP-W, FIS-D, SHY-W, FCCO-W, NG-W, GPK-W, MPWR-D, CYNO-D, CYNO-W, TRCB-W, ATEC-W, NSH-W, AER-W, SBH-W, SE-D, SE-W, KS-D, KS-W, LABC-W, CYS-W, MBG-W, GRN-W, BZQ-W, OMER-W, MNA-D, MNA-W, VMBS-W, CBOE-D, CBOE-W, TSLA-D, RLD-W, SMT-D, SMT-W, SCHO-W, PRMW-W, MDGN-W, SZYM-W, CJES-W, DNKN-W, CHEP-W, BLMT-W, ZNGA-W, KORS-W, AMU-D, LVNTA-D, LVNTA-W, SVLC-D, SVLC-W, FANG-D, FANG-W, ENTA-W, ATMP-W, PF-D, THST-W, RNG-D, RNG-W, JASN-W, ARMK-W, RSPP-W, 
Fri Feb 07 08:00:00 GMT+00:00 2014: signals : LVNTA,
Fri Feb 07 08:00:00 GMT+00:00 2014: Signals ordered by strength : LVNTA(85.0), 
Mon Feb 10 08:00:00 GMT+00:00 2014: Bases processed : NEU-D, AEM-D, ALOG-D, PAAS-D, MD-D, GROW-D, RIVR-D, BFAM-D, CIVB-D, LRLCY-D, EAD-D, MARK-D, UTG-D, FTK-D, MVG-D, FSM-D, TAHO-D, KYTH-D, SILJ-D, ARPI-D, SALE-D, WPT-D, 
Mon Feb 10 08:00:00 GMT+00:00 2014: signals : SALE,
Mon Feb 10 08:00:00 GMT+00:00 2014: Signals ordered by strength : SALE(205.0), 
Tue Feb 11 08:00:00 GMT+00:00 2014: Bases processed : CNA-D, HRB-D, ESCA-D, MUX-D, EQC-D, RIO-D, REGN-D, JXSB-D, DAVE-D, ALV-D, EPD-D, IDN-D, LNBB-D, ISSC-D, DCA-D, FPX-D, GFN-D, UPW-D, SCOR-D, GSI-D, CYS-D, IGI-D, MLPW-D, SBGL-D, MLPX-D, PAGP-D, RIGS-D, FUTY-D, 
Tue Feb 11 08:00:00 GMT+00:00 2014: signals : REGN,SCOR,
Tue Feb 11 08:00:00 GMT+00:00 2014: Signals ordered by strength : REGN(105.0), SCOR(100.0), 
Wed Mar 12 08:00:00 GMT+00:00 2014: Bases processed : IPG-D, EDUC-D, COVR-D, HWAY-D, SPOK-D, PX-D, AXDX-D, REMY-D, EGI-D, PLOW-D, FAF-D, HYLD-D, MPC-D, PME-D, NTK-D, TAS-D, RDHL-D, EVTC-D, 
Wed Mar 12 08:00:00 GMT+00:00 2014: signals : 
Wed Mar 12 08:00:00 GMT+00:00 2014: Signals ordered by strength : 
Thu Mar 13 08:00:00 GMT+00:00 2014: Bases processed : NJR-D, WEC-D, GAS-D, STKL-D, WSM-D, EMC-D, SONC-D, KEM-D, BANF-D, MHE-D, NNBR-D, SMBC-D, USAP-D, PFBI-D, UNTY-D, TUES-D, SLW-D, GDX-D, APPY-D, OZM-D, PSAU-D, GSP-D, GDXJ-D, 
Thu Mar 13 08:00:00 GMT+00:00 2014: signals : 
Thu Mar 13 08:00:00 GMT+00:00 2014: Signals ordered by strength : 
Tue Mar 18 08:00:00 GMT+00:00 2014: Bases processed : AVT-D, PNY-D, VSH-D, CRDB-D, GLDC-D, LAWS-D, KWR-D, WAFD-D, MENT-D, INDB-D, NEOG-D, MFRI-D, WNC-D, ELY-D, GURE-D, QLGC-D, SSD-D, FWV-D, CLB-D, ADEP-D, FLML-D, ESLT-D, WYY-D, CCMP-D, ASX-D, UBFO-D, UCBI-D, CEVA-D, MED-D, NNI-D, EOI-D, THS-D, PFM-D, DBU-D, BGMD-D, MDAS-D, EPI-D, FF-D, Z-D, KBWR-D, BUI-D, SLCA-D, WMC-D, WBB-D, WDIV-D, FSFR-D, AR-D, RDIV-D, EPE-D, RSSS-D, 
Tue Mar 18 08:00:00 GMT+00:00 2014: signals : ELY,
Tue Mar 18 08:00:00 GMT+00:00 2014: Signals ordered by strength : ELY(50.0), 
Mon Mar 24 08:00:00 GMT+00:00 2014: Bases processed : ASH-D, CPF-D, BEAV-D, WSTG-D, AUBN-D, SGU-D, NWYF-D, GSOL-D, PGC-D, OIH-D, CKX-D, IEZ-D, ZROZ-D, ABCD-D, EQM-D, 
Mon Mar 24 08:00:00 GMT+00:00 2014: signals : 
Mon Mar 24 08:00:00 GMT+00:00 2014: Signals ordered by strength : 
Tue Mar 25 08:00:00 GMT+00:00 2014: Bases processed : CSX-D, SLB-D, WDC-D, IPAR-D, SFNC-D, LUX-D, CRT-D, DHIL-D, MKCV-D, PAC-D, FAV-D, PXLV-D, FRAN-D, HDS-D, 
Tue Mar 25 08:00:00 GMT+00:00 2014: signals : 
Tue Mar 25 08:00:00 GMT+00:00 2014: Signals ordered by strength : 
Wed Apr 02 08:00:00 GMT+00:00 2014: Bases processed : CCK-D, CTS-D, DDS-D, FSS-D, OLN-D, TER-D, CTO-D, WABC-D, JWN-D, AXLL-D, BPL-D, MXIM-D, PPS-D, MPAA-D, JXSB-D, SNBC-D, LAD-D, SLGN-D, BXP-D, DIA-D, MLP-D, FISI-D, BMRC-D, GGAL-D, MON-D, SNX-D, MNKD-D, HNNA-D, SDY-D, QVCA-D, INP-D, BUD-D, PAM-D, UDOW-D, CSLS-D, GASL-D, ENVI-D, FILL-D, FHK-D, SZC-D, YMLI-D, DGRS-D, FMF-D, 
Wed Apr 02 08:00:00 GMT+00:00 2014: signals : FSS,
Wed Apr 02 08:00:00 GMT+00:00 2014: Signals ordered by strength : FSS(85.0), 
Thu Apr 03 08:00:00 GMT+00:00 2014: Bases processed : EGN-D, HES-D, ITT-D, SKY-D, RPM-D, SYK-D, TROW-D, APC-D, NMI-D, MCR-D, OA-D, NZTCY-D, BLX-D, PDCO-D, UFPT-D, FLEX-D, DHF-D, BELFB-D, NVDA-D, BSD-D, CX-D, BGR-D, TROX-D, ROIC-D, BXUC-D, MLPW-D, RALS-D, STRZA-D, SDYL-D, EMLP-D, NYLDA-D, IRT-D, TIPT-D, HYZD-D, FTHI-D, 
Thu Apr 03 08:00:00 GMT+00:00 2014: signals : APC,NYLDA,
Thu Apr 03 08:00:00 GMT+00:00 2014: Signals ordered by strength : NYLDA(210.0), APC(35.0), 
Fri May 23 08:00:00 GMT+00:00 2014: Bases processed : BXMT-D, BXMT-W, FDX-W, HPQ-D, HPQ-W, THC-W, NSC-W, PBI-W, AON-W, TEN-D, TEN-W, BMO-W, RY-W, XCRA-W, PKY-D, PKY-W, SBR-W, WSM-W, JBHT-W, INPH-W, TIF-W, CDNS-W, AIN-D, MXIM-W, AKRX-W, JOE-D, JOE-W, TWX-D, TWX-W, DUC-W, UEIC-W, BKN-W, ARRS-W, TOWR-W, NTT-W, RUK-W, ROYL-W, SWC-W, ABC-W, BYFC-W, CMCO-W, DAVE-W, AXDX-W, CALM-W, HT-W, SNN-W, IYW-D, IYW-W, MON-W, IXN-W, WEA-W, FMN-W, MZF-W, LBTYA-W, EOI-W, SRC-W, FRP-W, KLD-W, HUN-D, HUN-W, FMY-W, PJP-W, LBTYK-D, LBTYK-W, NXTM-D, TROX-W, TDG-W, IGC-W, XPH-W, IRR-W, CSJ-W, ROM-D, ROM-W, EZY-D, EZY-W, GMF-D, GMF-W, EOD-D, EOD-W, JCE-D, JCE-W, BR-D, BR-W, IEUS-D, IEUS-W, AHC-D, AHC-W, INR-W, EWX-W, AAXJ-W, RJN-W, IVR-W, TPZ-W, IWY-D, IWY-W, PPLT-W, GMTB-W, BICK-W, SEA-D, SEA-W, SCHO-W, SFLA-D, SFLA-W, XIV-W, STIP-W, OFED-W, MITT-W, OLEM-W, GRFS-W, MORT-D, MORT-W, INF-W, SVXY-W, GEQ-W, XYL-D, SN-W, AGA-W, EEMA-W, VIXH-W, RDHL-W, WSTC-D, WSTC-W, THHY-W, TEP-W, BEP-W, NYLDA-W, AMH-D, AMH-W, STRP-W, EMCG-D, EMCG-W, MMI-W, FCOM-W, RIBT-W, HEWG-W, SIPE-W, ALDX-W, PAHC-W, LEJU-W, DXJC-D, 
Fri May 23 08:00:00 GMT+00:00 2014: signals : 
Fri May 23 08:00:00 GMT+00:00 2014: Signals ordered by strength : 
Tue May 27 08:00:00 GMT+00:00 2014: Bases processed : AET-D, AAL-D, CHE-D, DIS-D, DHR-D, MCO-D, DOW-D, MHFI-D, WFC-D, PBI-D, SPW-D, BNS-D, AMAT-D, FSTR-D, AMOT-D, MITSY-D, USLM-D, LM-D, IDTI-D, HCSG-D, ORBK-D, MGPI-D, STFC-D, BSTC-D, HLIT-D, EWG-D, ESLT-D, EEFT-D, TSM-D, BELFB-D, KFY-D, TUES-D, GUT-D, RDIB-D, IVW-D, IWV-D, OVTI-D, IUSV-D, SPYG-D, THRK-D, VTI-D, BAYRY-D, BDSI-D, JPS-D, FEU-D, HSON-D, RSP-D, FVL-D, TSRA-D, GGE-D, VGT-D, ETO-D, WCG-D, JKE-D, MPWR-D, NFJ-D, FFNM-D, TLP-D, CNSL-D, IHE-D, AGD-D, DSI-D, RWX-D, CAVM-D, CGW-D, SCOR-D, VEA-D, MGK-D, SCHB-D, SCHG-D, VOOG-D, VTHR-D, FLT-D, QADA-D, WBKC-D, TRNX-D, JMF-D, SPHB-D, FMK-D, ROOF-D, XHS-D, TGLS-D, SAMG-D, QDYN-D, FNDC-D, DVHI-D, FTEC-D, RDVY-D, NADL-D, NGHC-D, QINC-D, ENBL-D, TRIV-D, SABR-D, 
Tue May 27 08:00:00 GMT+00:00 2014: signals : CAVM,NADL,
Tue May 27 08:00:00 GMT+00:00 2014: Signals ordered by strength : CAVM(105.0), NADL(35.0), 
Wed May 28 08:00:00 GMT+00:00 2014: Bases processed : CAL-D, TFX-D, HH-D, TYC-D, FC-D, HCHC-D, CHTR-D, DCM-D, SHBI-D, IMOS-D, JBLU-D, PMX-D, GLNG-D, MARK-D, JKD-D, MNKD-D, IHS-D, HNNA-D, QTEC-D, EVX-D, RTM-D, FEX-D, SINO-D, MCRO-D, VONG-D, MCOX-D, SEMG-D, IGU-D, RGRE-D, FIBG-D, 
Wed May 28 08:00:00 GMT+00:00 2014: signals : CAL,
Wed May 28 08:00:00 GMT+00:00 2014: Signals ordered by strength : CAL(70.0), 
Thu May 29 08:00:00 GMT+00:00 2014: Bases processed : CET-D, CNW-D, DD-D, FDX-D, MCK-D, OXY-D, ROL-D, RWC-D, PDCE-D, ECF-D, LAKE-D, NEN-D, PXD-D, SIG-D, TV-D, MLR-D, TGS-D, BYFC-D, DVD-D, LNG-D, IWF-D, PLKI-D, SOXX-D, MIW-D, VAW-D, VUG-D, JKI-D, FHY-D, VOE-D, BBEP-D, PYZ-D, LGCY-D, USD-D, STV-D, PDN-D, GRF-D, ENSG-D, VSS-D, CSM-D, KBWP-D, EWRI-D, MATL-D, FWDI-D, EEMS-D, KNOW-D, EMDI-D, IDHB-D, EMCB-D, FBG-D, KRFT-D, SPHD-D, FLAG-D, REI-D, GDEF-D, FMAT-D, CQH-D, EQLT-D, IPKW-D, CMCM-D, 
Thu May 29 08:00:00 GMT+00:00 2014: signals : PLKI,
Thu May 29 08:00:00 GMT+00:00 2014: Signals ordered by strength : PLKI(40.0), 
Mon Jun 02 08:00:00 GMT+00:00 2014: Bases processed : HAL-D, MMC-D, SLI-D, SNA-D, WSCI-D, GIGA-D, CSH-D, CCC-D, SSP-D, MRO-D, FUNC-D, EMN-D, LPT-D, JLL-D, SMH-D, IYJ-D, IJJ-D, IUSG-D, RWR-D, IXG-D, IXJ-D, AHL-D, VO-D, JKG-D, VNQ-D, AMP-D, MDYV-D, IEZ-D, HTZ-D, URE-D, CQP-D, TTGT-D, FRI-D, FXR-D, WPS-D, IPN-D, RWV-D, DRN-D, EUFN-D, SOXL-D, EWRM-D, SCHH-D, FDT-D, AXJS-D, HTA-D, FANG-D, MMTM-D, DKL-D, ABBV-D, CLAC-D, VTL-D, RICE-D, AGTC-D, NYRT-D, GLOP-D, 
Mon Jun 02 08:00:00 GMT+00:00 2014: signals : 
Mon Jun 02 08:00:00 GMT+00:00 2014: Signals ordered by strength : 
Tue Jun 03 08:00:00 GMT+00:00 2014: Bases processed : FE-D, GIII-D, CHN-D, ALB-D, NOV-D, GOGL-D, NTL-D, NCZ-D, CTRP-D, FMO-D, BMA-D, LLNW-D, DFT-D, SDLP-D, VLU-D, HDS-D, JONE-D, OPHT-D, DBAP-D, AMTX-D, 
Tue Jun 03 08:00:00 GMT+00:00 2014: signals : BMA,
Tue Jun 03 08:00:00 GMT+00:00 2014: Signals ordered by strength : BMA(110.0), 
Mon Jun 16 08:00:00 GMT+00:00 2014: Bases processed : MTRN-D, CAG-D, GT-D, RDSA-D, CVX-D, AEM-D, AIRT-D, CRK-D, SSD-D, NUAN-D, WLFC-D, NCT-D, PUI-D, SPWR-D, IHI-D, SMCI-D, FXL-D, MVG-D, SD-D, GENC-D, FTNT-D, NBD-D, SUPN-D, BERY-D, MIE-D, ARPI-D, BLUE-D, EVHC-D, RSPP-D, SYRX-D, 
Mon Jun 16 08:00:00 GMT+00:00 2014: signals : 
Mon Jun 16 08:00:00 GMT+00:00 2014: Signals ordered by strength : 
Tue Jun 17 08:00:00 GMT+00:00 2014: Bases processed : BKH-D, DAN-D, GRC-D, HP-D, WRB-D, RPM-D, SON-D, JWA-D, JWB-D, CVBF-D, TRCO-D, MSFT-D, FRC-D, OSUR-D, NZTCY-D, MW-D, BANF-D, GMCR-D, UFPT-D, LARK-D, SUNE-D, TK-D, ADVS-D, SKM-D, IDSA-D, ANF-D, PLUS-D, IWO-D, SLYG-D, ONEQ-D, VBK-D, AGO-D, FEN-D, JKH-D, PPO-D, IOC-D, WEX-D, ISBC-D, PXE-D, HOMB-D, QCLN-D, UGA-D, GSM-D, SCHA-D, ANTH-D, VTWG-D, CMRE-D, BITA-D, EWRS-D, BARL-D, HZNP-D, TRIP-D, DWAS-D, LVNTA-D, TWOK-D, STCK-D, 
Tue Jun 17 08:00:00 GMT+00:00 2014: signals : JWA,GMCR,WEX,
Tue Jun 17 08:00:00 GMT+00:00 2014: Signals ordered by strength : GMCR(100.0), WEX(95.0), JWA(85.0), 
Fri Jul 11 08:00:00 GMT+00:00 2014: Bases processed : ASA-W, BAX-W, POM-W, VAR-W, MATX-W, PKOH-W, VZ-D, VZ-W, HCSG-W, GG-W, NHYDY-W, HAR-D, HAR-W, FRFHF-W, NCA-W, NXC-W, DDR-W, AVID-W, NMT-W, ORLY-W, HMNF-W, APF-W, O-W, ROYL-W, TLK-W, OVBC-W, REV-W, AWRE-W, TLSYY-D, TLSYY-W, PZE-W, LTS-W, PXLW-W, NTRI-D, NTRI-W, MDLZ-W, AHT-W, RBY-W, EOS-W, SLW-W, BKD-D, BKD-W, PSP-D, PSP-W, EXK-W, SUMR-D, SUMR-W, GLUU-W, WIP-W, LTL-W, RJZ-W, IDX-W, PGM-D, BRGXF-W, GDXJ-W, BABS-W, OAS-W, EPHE-W, GLDX-W, CTP-W, MFLA-W, GPL-W, ASEA-W, JGBT-W, JGBL-W, HEVY-W, INVN-W, PPP-W, FAUS-D, FAUS-W, MONY-D, MONY-W, FEMS-W, RXN-W, GIVE-W, JPI-W, SXE-W, SILJ-W, MNK-W, HELI-W, DI-W, QEM-W, GPRK-D, GPRK-W, NGHC-W, SEMI-W, MRD-W, 
Fri Jul 11 08:00:00 GMT+00:00 2014: signals : 
Fri Jul 11 08:00:00 GMT+00:00 2014: Signals ordered by strength : 
Mon Jul 14 08:00:00 GMT+00:00 2014: Bases processed : CLX-D, MAYS-D, FUJIY-D, WTM-D, CBM-D, KSM-D, CBK-D, SUI-D, MYGN-D, SALM-D, ROIAK-D, ERJ-D, ILF-D, MCHX-D, VOX-D, NFJ-D, AHGP-D, TAST-D, NEO-D, LBJ-D, RNET-D, AAT-D, VGI-D, BRZU-D, PFEM-D, ERW-D, ZSPH-D, ADPT-D, 
Mon Jul 14 08:00:00 GMT+00:00 2014: signals : 
Mon Jul 14 08:00:00 GMT+00:00 2014: Signals ordered by strength : 
Tue Jul 15 08:00:00 GMT+00:00 2014: Bases processed : AMD-D, HST-D, HURC-D, CPT-D, MAA-D, FWV-D, CIB-D, TBI-D, ELP-D, IESC-D, BLK-D, UPS-D, AMX-D, BBD-D, RIT-D, SPG-D, HBOS-D, URE-D, ACM-D, TOWN-D, CDXS-D, HIIQ-D, AIF-D, BIOA-D, SYV-D, FPI-D, 
Tue Jul 15 08:00:00 GMT+00:00 2014: signals : 
Tue Jul 15 08:00:00 GMT+00:00 2014: Signals ordered by strength : 
Wed Jul 16 08:00:00 GMT+00:00 2014: Bases processed : HON-D, JOY-D, BHP-D, EDUC-D, JBHT-D, BAM-D, CACB-D, IM-D, LVLT-D, NTES-D, UBFO-D, GOOGL-D, ACC-D, VIA-D, VIAB-D, DEI-D, DHG-D, RWX-D, DRW-D, SNI-D, DRN-D, YAO-D, DANOY-D, INXN-D, CROP-D, EMFT-D, MEP-D, 
Wed Jul 16 08:00:00 GMT+00:00 2014: signals : JOY,SNI,
Wed Jul 16 08:00:00 GMT+00:00 2014: Signals ordered by strength : SNI(40.0), JOY(25.0), 
Fri Jul 18 08:00:00 GMT+00:00 2014: Bases processed : HON-W, AMD-W, CLX-W, JOY-W, MEG-W, HST-W, MAYS-W, PBI-W, BHP-W, EDUC-W, FUJIY-W, HURC-W, ENB-D, ENB-W, NTRS-W, JBHT-W, BAM-W, WTM-W, EGAS-D, EGAS-W, PLXS-W, BDN-W, FISV-W, APB-D, APB-W, CBM-W, KSM-W, WOOF-W, CBK-W, OHI-D, OHI-W, MS-W, CPT-W, SHI-W, SUI-W, CACB-W, MAA-W, MAC-D, MAC-W, HIW-D, HIW-W, TDF-W, FWV-W, CIB-W, MYGN-W, TCX-D, TCX-W, TBI-W, WHLM-W, ERS-W, ELP-W, IESC-W, SKX-D, SKX-W, SALM-W, BLK-W, UPS-W, NTES-W, ERJ-W, EQIX-D, EQIX-W, RECN-D, RECN-W, AMX-W, UBFO-W, PNX-W, ILF-W, BBD-W, ITUB-D, ITUB-W, RIT-W, SPG-W, NRO-D, NRO-W, PCYO-D, PCYO-W, GOOGL-W, ACC-W, VOX-W, NCTY-W, NDAQ-W, NFJ-W, HBOS-W, GLP-W, VIA-W, VIAB-W, CMG-W, AHGP-W, AUSE-D, AUSE-W, DEI-W, HTZ-W, DHG-W, TAST-W, RWX-W, URE-W, ACM-W, GLRE-W, GRBK-D, GRBK-W, DRW-W, TOWN-W, GRI-D, FCHI-W, AFK-W, FTY-D, FTY-W, DISCK-W, EBRB-W, TMF-W, DRN-W, NEO-W, LTPZ-W, YAO-W, ZROZ-W, LBJ-W, ILTB-D, ILTB-W, UBT-W, CDXS-W, LBND-W, SCHO-D, SCHO-W, GORO-W, ECNS-W, DANOY-W, RNET-W, AAT-W, SCHH-D, SCHH-W, AGRO-W, INXN-W, MCHI-W, IROQ-D, IROQ-W, CHEP-W, FB-D, FB-W, ENGN-W, VGI-W, EMFT-W, MANU-W, SDLP-D, SDLP-W, HIIQ-W, AIF-W, BRZU-W, BIOA-W, PFEM-W, PGZ-W, DOC-D, DOC-W, ERW-W, NASH-D, NASH-W, MEP-W, GQRE-D, GQRE-W, SYV-W, FPI-W, ABY-W, ZSPH-W, ADPT-W, 
Fri Jul 18 08:00:00 GMT+00:00 2014: signals : 
Fri Jul 18 08:00:00 GMT+00:00 2014: Signals ordered by strength : 
Mon Jul 21 08:00:00 GMT+00:00 2014: Bases processed : IPG-D, EMC-D, STLD-D, ESLT-D, ARE-D, TCP-D, ON-D, TLT-D, TSRA-D, ETB-D, BLV-D, TLO-D, DFT-D, EDV-D, LWC-D, VGLT-D, CLY-D, GMTB-D, BRAQ-D, CORP-D, FBZ-D, LRE-D, EEHB-D, IDXJ-D, CPAH-D, VEGA-D, NSLP-D, ETX-D, THST-D, BSCL-D, 
Mon Jul 21 08:00:00 GMT+00:00 2014: signals : TSRA,
Mon Jul 21 08:00:00 GMT+00:00 2014: Signals ordered by strength : TSRA(70.0), 
Tue Jul 22 08:00:00 GMT+00:00 2014: Bases processed : CSC-D, HUBB-D, HPQ-D, NOC-D, UNP-D, XRX-D, KEQU-D, CDZI-D, PII-D, QCOM-D, PERY-D, PLNR-D, XPL-D, KNX-D, ABC-D, EWA-D, EWH-D, PWR-D, IYR-D, ICF-D, RWR-D, EPP-D, ACH-D, JPS-D, FSI-D, EZA-D, JDD-D, CPL-D, PBS-D, TDG-D, RIF-D, GAF-D, JYN-D, WPS-D, NMM-D, IFNA-D, AIA-D, REZ-D, BYDDF-D, BDD-D, TMH-D, QQQC-D, CHIE-D, WREI-D, KROO-D, EIDO-D, BRAF-D, XTN-D, EGRW-D, FHK-D, BBRC-D, ZTS-D, ATMP-D, VIDI-D, AGZD-D, 
Tue Jul 22 08:00:00 GMT+00:00 2014: signals : PII,
Tue Jul 22 08:00:00 GMT+00:00 2014: Signals ordered by strength : PII(35.0), 
Thu Jul 24 08:00:00 GMT+00:00 2014: Bases processed : MCK-D, GD-D, PHI-D, TPL-D, UAL-D, SEIC-D, PCLB-D, SGF-D, SCHL-D, VCF-D, MATW-D, NVEC-D, HFBC-D, MKSI-D, FFIV-D, TIVO-D, AMOV-D, VBFC-D, VNQ-D, UA-D, SLX-D, ADK-D, ESSA-D, HNW-D, PAF-D, WIP-D, TUR-D, CLW-D, PDM-D, WDTI-D, SXC-D, LEMB-D, CMLP-D, VWOB-D, EMHY-D, KBA-D, JMEI-D, SERV-D, 
Thu Jul 24 08:00:00 GMT+00:00 2014: signals : SCHL,SXC,JMEI,
Thu Jul 24 08:00:00 GMT+00:00 2014: Signals ordered by strength : JMEI(125.0), SXC(100.0), SCHL(50.0), 
Thu Aug 14 08:00:00 GMT+00:00 2014: Bases processed : CNW-D, HRC-D, PSA-D, HCN-D, BIG-D, GG-D, SNFCA-D, ODFL-D, SPNC-D, MNP-D, DVCR-D, BDR-D, SYNT-D, BZM-D, SFST-D, PSDV-D, DISCB-D, ACHN-D, GBF-D, CNK-D, INR-D, MES-D, TUZ-D, TENZ-D, VGIT-D, MLPW-D, FKO-D, DFVL-D, BSCK-D, EMDD-D, QTS-D, LDUR-D, TWOU-D, 
Thu Aug 14 08:00:00 GMT+00:00 2014: signals : 
Thu Aug 14 08:00:00 GMT+00:00 2014: Signals ordered by strength : 
Fri Aug 15 08:00:00 GMT+00:00 2014: Bases processed : CNW-W, DCO-W, FUR-W, HRC-W, JCP-D, JCP-W, KMI-W, LG-D, LG-W, CVS-D, CVS-W, PSA-W, WRE-D, TREC-W, WRB-D, WRB-W, CTO-W, ECL-D, ECL-W, HCN-W, HD-W, RCMT-W, FCEB-D, UMH-W, BIG-W, ADSK-D, ADSK-W, MNST-D, MNST-W, SNFCA-W, VGR-W, TECH-D, TECH-W, ODFL-W, BSTC-W, JBSS-D, JBSS-W, SPNC-W, M-W, MYF-W, BLX-W, MNP-W, DVCR-W, SSS-D, SSS-W, BDR-W, REV-D, RUSHB-W, PBHC-W, REIS-W, SYNT-W, CHH-D, CHH-W, CHL-W, CRAI-W, HZO-W, CCI-W, SRTI-W, KERX-W, EXAS-W, SXL-W, BZM-W, LQD-D, LQD-W, EIM-D, EIM-W, AVK-W, GOOD-W, AGG-D, AGG-W, NNI-W, CSBK-W, GPT-W, JOBS-W, KINS-W, NP-W, SOHO-W, PGJ-W, PSDV-W, KRNY-D, KRNY-W, LHCG-W, IHS-D, IHS-W, MPW-D, MPW-W, PBE-W, DISCB-W, ACCO-W, QQEW-D, QQEW-W, XME-W, FBT-W, FDN-D, FDN-W, PSL-D, PSL-W, ACHN-W, CRED-D, CRED-W, GBF-W, QQXT-D, QQXT-W, MBB-D, MBB-W, BIV-D, BIV-W, BND-D, BND-W, CNK-W, IPE-D, IPE-W, SPCB-D, SPCB-W, TFI-W, BWX-D, MLN-D, MLN-W, HAO-W, INR-W, THD-W, AWK-D, AWK-W, MES-W, FSFG-W, EOT-W, TUZ-W, VNM-W, TENZ-W, ECHO-W, VCIT-D, VCIT-W, VGIT-W, AMCF-D, AMCF-W, EGPT-W, CLDT-D, CLDT-W, SCHP-D, SCHP-W, MLPW-W, HHC-W, HFBL-D, HFBL-W, FKO-W, DFVL-W, SCHZ-D, SCHZ-W, PFIG-D, PFIG-W, MFRM-W, SOCL-W, GOVT-D, GOVT-W, WHZ-W, QQQE-D, QQQE-W, BSCK-W, QSR-D, QSR-W, PANW-W, EMDD-W, BSMX-W, WHLR-W, WFBI-W, ZFC-D, ZFC-W, BSCM-D, BSCM-W, KWEB-W, MUSA-W, QTS-W, MMI-W, LDUR-W, SMTP-W, ITCI-D, ITCI-W, GEUR-D, GEUR-W, QTWO-W, TWOU-W, LPCN-W, TEDU-W, KANG-W, LQ-W, QAT-W, TRUE-W, QTNT-W, FNFV-W, BLBD-D, BLBD-W, CDNA-W, GLOB-W, OCUL-W, AAVL-D, 
Fri Aug 15 08:00:00 GMT+00:00 2014: signals : AWK,
Fri Aug 15 08:00:00 GMT+00:00 2014: Signals ordered by strength : AWK(65.0), 
Wed Sep 03 08:00:00 GMT+00:00 2014: Bases processed : CAG-D, LDL-D, NUE-D, GHC-D, MEOH-D, CAH-D, SLM-D, UNH-D, RPT-D, PTC-D, IT-D, ENI-D, FLEX-D, KNX-D, CTRX-D, SHPG-D, NVDA-D, GS-D, PVTB-D, PPH-D, EVM-D, BIDU-D, PFM-D, WSBF-D, MDYG-D, MDYV-D, SPXX-D, AHGP-D, IHE-D, VRTA-D, SLCT-D, UGE-D, SMCI-D, GEX-D, GLRE-D, ETJ-D, WPS-D, IGF-D, ACWI-D, EWX-D, VT-D, RTR-D, BRXX-D, AOSL-D, IVOO-D, VNQI-D, PXLV-D, TWTI-D, TILT-D, XSW-D, FB-D, EMEY-D, VEGA-D, AMBA-D, ALDW-D, SMLV-D, TTPH-D, MNK-D, NFRA-D, VIDI-D, INGN-D, DXJC-D, JPGE-D, MIK-D, CDC-D, 
Wed Sep 03 08:00:00 GMT+00:00 2014: signals : 
Wed Sep 03 08:00:00 GMT+00:00 2014: Signals ordered by strength : 
Thu Sep 04 08:00:00 GMT+00:00 2014: Bases processed : AA-D, DOW-D, MAS-D, NSC-D, TWIN-D, CLC-D, MEI-D, JWN-D, RADA-D, COST-D, ORCL-D, TSI-D, NTX-D, CBK-D, MHK-D, ETF-D, FOXA-D, GLOW-D, HSIC-D, BHB-D, PKG-D, ASR-D, SOXX-D, GBLI-D, GOL-D, JKF-D, NFJ-D, PMR-D, HBI-D, DBV-D, CSD-D, ATV-D, PZT-D, ITM-D, KWT-D, ICLN-D, GULF-D, KROO-D, INXN-D, EDIV-D, MATL-D, INF-D, SCHD-D, DVYA-D, RXN-D, ALFA-D, SBY-D, ICOL-D, HSPX-D, QXUS-D, 
Thu Sep 04 08:00:00 GMT+00:00 2014: signals : MEI,
Thu Sep 04 08:00:00 GMT+00:00 2014: Signals ordered by strength : MEI(80.0), 
Fri Sep 12 08:00:00 GMT+00:00 2014: Bases processed : CAG-W, HOT-W, MDT-W, MHFI-W, MO-W, ASB-D, BOH-D, BOH-W, CMCSA-W, CYN-D, CYN-W, MTB-D, MTB-W, FLXS-W, HBAN-D, HBAN-W, ENB-W, KLIC-W, INTG-W, NSEC-W, STT-D, STT-W, FFBC-D, LRCX-W, IIIN-W, LSBG-D, LSBG-W, AMWD-W, LAKE-D, LAKE-W, HTLD-W, UHT-W, CMCSK-W, ELUXY-W, QLTI-W, ODP-D, CATY-D, CATY-W, RDNT-W, NIO-W, EEP-W, MSON-W, FINL-W, EFOI-W, IBKC-W, SCKT-D, SCKT-W, TK-W, OCC-W, YHOO-W, DASTY-D, DASTY-W, SRT-W, DNI-W, PAA-W, NAC-W, HCBK-D, HCBK-W, AKAM-D, AKAM-W, ISIL-W, CIVB-W, IGN-W, ATE-W, MCGC-W, CNC-W, NRO-W, TIK-D, TIK-W, AINV-W, KRG-W, HUN-W, XNNH-W, PXQ-W, ALJ-W, IHI-W, ITA-W, DBB-W, TWC-W, IBKR-W, INFN-W, DFT-W, NFBK-W, EBSB-W, YCS-W, JJM-W, ZAGG-W, SWI-W, NEO-W, BDD-W, SOXL-W, PSCC-W, NOR-D, INFU-W, WBKC-W, TRNX-W, ANCB-D, ANCB-W, GMLP-W, PFLT-W, ROOF-W, NOW-W, QEH-D, QEH-W, MPLX-W, ABBV-W, TXMD-W, ARPI-W, TEP-W, HDS-W, AGIO-W, ERW-W, FSTA-W, FLXN-W, ENSV-W, WB-W, BARS-D, BARS-W, LE-W, MARA-W, SDPI-W, NEP-W, ISTR-W, IMDZ-W, HQY-W, EARS-W, AAVL-W, DSKY-W, 
Fri Sep 12 08:00:00 GMT+00:00 2014: signals : 
Fri Sep 12 08:00:00 GMT+00:00 2014: Signals ordered by strength : 
Mon Sep 15 08:00:00 GMT+00:00 2014: Bases processed : FRS-D, CVA-D, ALR-D, MRH-D, TAPA-D, XPH-D, LOGM-D, BAH-D, 
Mon Sep 15 08:00:00 GMT+00:00 2014: signals : 
Mon Sep 15 08:00:00 GMT+00:00 2014: Signals ordered by strength : 
Tue Sep 16 08:00:00 GMT+00:00 2014: Bases processed : BK-D, CSX-D, HUBA-D, LLY-D, HURC-D, LAWS-D, CBM-D, NIM-D, JAH-D, PLT-D, XLP-D, ERJ-D, PSO-D, BBNK-D, DPZ-D, MJN-D, 
Tue Sep 16 08:00:00 GMT+00:00 2014: signals : PLT,
Tue Sep 16 08:00:00 GMT+00:00 2014: Signals ordered by strength : PLT(60.0), 
Tue Sep 23 08:00:00 GMT+00:00 2014: Bases processed : CCL-D, DPK-D, MINC-D, LADR-D, 
Tue Sep 23 08:00:00 GMT+00:00 2014: signals : 
Tue Sep 23 08:00:00 GMT+00:00 2014: Signals ordered by strength : 
Wed Sep 24 08:00:00 GMT+00:00 2014: Bases processed : FOE-D, HAS-D, OBCI-D, RVSB-D, PRSC-D, ACOR-D, CADC-D, ELMD-D, MACK-D, 
Wed Sep 24 08:00:00 GMT+00:00 2014: signals : ACOR,
Wed Sep 24 08:00:00 GMT+00:00 2014: Signals ordered by strength : ACOR(100.0), 
Tue Oct 21 08:00:00 GMT+00:00 2014: Bases processed : BLL-D, CSL-D, IDA-D, SNA-D, TSO-D, TJX-D, JWN-D, RDI-D, PAYX-D, ATO-D, UNH-D, NVR-D, MKL-D, AKRX-D, MERC-D, ELS-D, ORLY-D, REG-D, KRC-D, CHRW-D, IDU-D, CRL-D, NTES-D, PLKI-D, BIE-D, AFSI-D, QQQX-D, MLNX-D, UPW-D, CHSP-D, PEB-D, ACHC-D, DGAZ-D, WMC-D, LEAF-D, HRTG-D, MIK-D, 
Tue Oct 21 08:00:00 GMT+00:00 2014: signals : CSL,AKRX,
Tue Oct 21 08:00:00 GMT+00:00 2014: Signals ordered by strength : AKRX(125.0), CSL(85.0), 
Tue Oct 28 08:00:00 GMT+00:00 2014: Bases processed : BMI-D, CTB-D, ITW-D, MOGA-D, MOGB-D, NOC-D, NWL-D, PCH-D, ROL-D, UAL-D, LNT-D, CCF-D, CPK-D, COKE-D, AROW-D, WEYS-D, UAM-D, NHC-D, IDTI-D, BAM-D, JKHY-D, MCY-D, JJSF-D, RGEN-D, WSFS-D, AGII-D, UBSI-D, MNR-D, LH-D, PDT-D, ESE-D, HAE-D, FCFS-D, DV-D, STBA-D, HCC-D, FDEF-D, ABCB-D, GEO-D, BRKS-D, RE-D, HIG-D, SSNC-D, NVEC-D, CXW-D, BFAM-D, SCS-D, CLCT-D, SLAB-D, IBN-D, IYH-D, RWR-D, ZMH-D, AYI-D, RGC-D, WHG-D, RNP-D, IYT-D, NRO-D, NUVA-D, RJET-D, LBTYA-D, WAL-D, CPLA-D, ALGT-D, FRI-D, SCOR-D, MELI-D, WX-D, SPCB-D, CTCT-D, ENSG-D, HI-D, ZAGG-D, DRN-D, MSG-D, PSCU-D, COR-D, SCHH-D, PCRX-D, BLOX-D, TAX-D, CUNB-D, SPHD-D, UIHC-D, XSLV-D, LGLV-D, BEP-D, TWOU-D, ZFGN-D, BABA-D, FTLS-D, CYBR-D, 
Tue Oct 28 08:00:00 GMT+00:00 2014: signals : SSNC,
Tue Oct 28 08:00:00 GMT+00:00 2014: Signals ordered by strength : SSNC(75.0), 
Wed Oct 29 08:00:00 GMT+00:00 2014: Bases processed : HUM-D, LG-D, MDT-D, PCG-D, PEI-D, PNY-D, SJM-D, SXT-D, WGL-D, SSY-D, AMC-D, SBCF-D, WERN-D, AMWD-D, AFAM-D, WASH-D, GNCMA-D, RPT-D, EA-D, NMO-D, CVA-D, MLI-D, UVE-D, SYBT-D, GGP-D, SANM-D, HR-D, ESS-D, AMED-D, O-D, REV-D, FDS-D, BXP-D, OZRK-D, QADB-D, PSEM-D, URI-D, RBA-D, BGCP-D, BHLB-D, UTIW-D, WMGI-D, OMCL-D, WTBA-D, FVD-D, DVY-D, NNI-D, AIZ-D, PEY-D, ACCO-D, GBNK-D, PUI-D, SDY-D, IHF-D, MWA-D, XPH-D, INWK-D, LTXB-D, TAST-D, BR-D, TFSL-D, FXU-D, ULTA-D, REZ-D, QAI-D, SWI-D, WREI-D, PLOW-D, LMNR-D, PSTB-D, XHE-D, FIF-D, XHS-D, ALSN-D, DVYL-D, GIVE-D, WGP-D, SMLV-D, ATMP-D, FNBC-D, GTT-D, SAIC-D, ENFR-D, HLT-D, ADPT-D, CSF-D, FDIV-D, 
Wed Oct 29 08:00:00 GMT+00:00 2014: signals : 
Wed Oct 29 08:00:00 GMT+00:00 2014: Signals ordered by strength : 
Thu Oct 30 08:00:00 GMT+00:00 2014: Bases processed : BMY-D, CI-D, FUR-D, HRC-D, IP-D, NJR-D, GPX-D, EXC-D, WTR-D, ROG-D, RTN-D, SCG-D, SJW-D, TXT-D, AEE-D, WEC-D, TEG-D, ASB-D, CACI-D, NWE-D, KWR-D, USLM-D, STKL-D, SYK-D, UTL-D, INDB-D, CSH-D, FICO-D, ABMD-D, SIG-D, ODFL-D, PRGO-D, ESRX-D, KAI-D, UEIC-D, LBY-D, SUI-D, METR-D, PLUS-D, TTWO-D, IBA-D, MRCY-D, IBOC-D, RSG-D, UCFC-D, BELFB-D, XLI-D, NAD-D, SBAC-D, TDY-D, BMRC-D, PKG-D, IYK-D, FCBC-D, RTH-D, IXJ-D, AFB-D, ESGR-D, DLR-D, SMMF-D, DCA-D, PWB-D, PBJ-D, BFIN-D, HBOS-D, OFLX-D, CMPR-D, PPA-D, BIN-D, DHS-D, FTCS-D, PFI-D, PSL-D, UGE-D, DHX-D, V-D, IRDM-D, FCHI-D, LOPE-D, VQT-D, PACB-D, TRND-D, ACWV-D, CEMP-D, BOTJ-D, PFPT-D, SDYL-D, FLTX-D, MPLX-D, PHDG-D, QDEF-D, CONE-D, NCLH-D, XMLV-D, UTLT-D, DGRS-D, BURL-D, FUTY-D, NEWM-D, FV-D, VRP-D, CFG-D, VBLT-D, SMIN-D, 
Thu Oct 30 08:00:00 GMT+00:00 2014: signals : BMY,CACI,ABMD,TTWO,BIN,DHX,V,
Thu Oct 30 08:00:00 GMT+00:00 2014: Signals ordered by strength : V(95.0), BMY(90.0), DHX(75.0), ABMD(65.0), TTWO(60.0), BIN(60.0), CACI(55.0), 
Thu Nov 06 08:00:00 GMT+00:00 2014: Bases processed : AET-D, CPB-D, FSS-D, WFC-D, GAS-D, USB-D, TARO-D, RCMT-D, HCSG-D, C-D, MIDD-D, PII-D, NTX-D, CACC-D, NNC-D, NTC-D, PERY-D, PLNR-D, RGCO-D, IFN-D, TSCO-D, ALLB-D, HLIT-D, DST-D, CPN-D, AMTD-D, RL-D, HSKA-D, FDP-D, BRKL-D, SWIR-D, IVV-D, IWB-D, IWV-D, IYY-D, IYC-D, THRK-D, VTI-D, BNJ-D, CCRN-D, JBLU-D, BQH-D, JPS-D, RSP-D, ITOT-D, VO-D, VV-D, HSP-D, PPO-D, VIS-D, NXTM-D, ONEK-D, KXI-D, WU-D, EQWM-D, UXI-D, EPS-D, HOLI-D, PRO-D, MYRG-D, MGC-D, FSFG-D, SPXL-D, UPRO-D, IWL-D, SCHB-D, SCHX-D, FTNT-D, QLIK-D, AADR-D, NXPI-D, VOO-D, VONE-D, MPC-D, MMTM-D, TGTX-D, HDS-D, OGS-D, SQBK-D, CFO-D, NSAM-D, OMAM-D, 
Thu Nov 06 08:00:00 GMT+00:00 2014: signals : OGS,
Thu Nov 06 08:00:00 GMT+00:00 2014: Signals ordered by strength : OGS(70.0), 
Thu Dec 18 08:00:00 GMT+00:00 2014: Bases processed : AEP-D, DTE-D, HSY-D, PEG-D, TR-D, AEE-D, D-D, TSS-D, CTAS-D, SF-D, WASH-D, SSP-D, FRME-D, GVA-D, NHI-D, PRGO-D, FINL-D, O-D, ACIW-D, IART-D, CSV-D, CCBG-D, QADB-D, MUJ-D, BRKL-D, SHPG-D, LMIA-D, RSG-D, SPTN-D, YORW-D, NVX-D, HBNC-D, CVCO-D, SPG-D, XPO-D, WCG-D, KNL-D, CZNC-D, THS-D, RYU-D, UPW-D, FXU-D, INFN-D, BDGE-D, TBNK-D, PSCC-D, RP-D, RTLA-D, FWDB-D, LMOS-D, PERM-D, VNTV-D, KRFT-D, CUNB-D, IBCD-D, DATA-D, BSJK-D, TSQ-D, OEC-D, RORO-D, DM-D, 
Thu Dec 18 08:00:00 GMT+00:00 2014: signals : CTAS,KNL,KRFT,
Thu Dec 18 08:00:00 GMT+00:00 2014: Signals ordered by strength : KNL(95.0), CTAS(90.0), KRFT(80.0), 
Fri Jan 23 08:00:00 GMT+00:00 2015: Bases processed : ADP-W, WEN-W, GD-D, GD-W, MCI-W, SJM-W, SNE-D, SNE-W, TSO-D, TSO-W, TXT-W, UNP-D, UNP-W, UTX-W, VMC-W, CCF-W, CSWC-D, CSWC-W, TM-W, VISI-W, PAYX-D, PAYX-W, SPAR-D, SPAR-W, RMCF-D, RMCF-W, CLDX-W, HLS-W, FUN-W, HQH-W, NCA-W, CRUS-W, PDT-W, WETF-W, ICUI-W, SBUX-D, SBUX-W, ISLE-W, AGU-W, BRLI-W, IIF-W, IMAX-W, GEO-W, TSEM-W, UNFI-W, TSM-W, CHL-W, FDP-W, MRCY-W, LVLT-D, LVLT-W, CCI-W, CEV-W, INFY-W, HPTO-D, HPTO-W, PPH-W, IBN-W, PUK-D, PUK-W, TKC-W, ASR-W, ARRY-W, JPS-D, JPS-W, EIO-W, DWAQ-W, RNP-W, VDC-W, ERH-D, ERH-W, BLKB-W, STON-W, TTM-W, NRF-W, PBH-W, PJP-D, PJP-W, RLGY-W, HF-W, PDP-D, PDP-W, CNK-W, BX-D, BX-W, OWW-W, WX-W, TFI-W, ULTA-D, ULTA-W, PIN-W, TUR-W, CNY-W, FCHI-W, LWC-W, PMT-W, CLNY-W, BUD-W, ABCD-W, HEDJ-D, HEDJ-W, INDL-W, KKR-W, IVOG-W, FCA-W, ACWV-W, DRGS-W, GEVA-W, FHK-D, FHK-W, VIPS-D, VIPS-W, SBGL-W, IBCE-W, TEP-W, RMAX-W, EMCG-W, DXGE-D, DXGE-W, RLYP-W, HLT-W, AHP-W, FTLB-W, HEWG-W, SABR-W, INDA-W, TCEHY-W, WBII-D, WBII-W, DWAT-W, FBND-W, KEYS-W, BAESY-W, SMIN-W, 
Fri Jan 23 08:00:00 GMT+00:00 2015: signals : CSWC,SBUX,
Fri Jan 23 08:00:00 GMT+00:00 2015: Signals ordered by strength : SBUX(140.0), CSWC(30.0), 
Fri Feb 06 08:00:00 GMT+00:00 2015: Bases processed : APD-W, BCE-W, BLL-W, BMI-W, CDI-W, CSC-D, CSC-W, DAN-W, DD-W, FSS-W, GCI-D, GCI-W, AJRD-D, AJRD-W, HEI-W, HRB-W, HRS-D, HRS-W, ITW-D, ITW-W, LPX-W, MHFI-W, NI-W, PAI-W, SNA-W, TYL-W, SXT-D, SXT-W, ALOG-D, ALOG-W, APOG-W, BOH-D, BOH-W, SNV-D, SNV-W, FTR-W, FHN-D, FHN-W, GK-W, HNI-D, HNI-W, MSCC-W, OMI-W, SEIC-W, SIGI-W, TARO-W, ESND-D, ESND-W, LM-W, NPBC-W, MENT-W, HCSG-W, RFP-D, RFP-W, BRC-W, NANO-W, EXAR-W, COST-W, DTV-W, FRPH-W, AMWD-W, SUBK-W, FRC-D, FRC-W, INT-W, WSFS-D, WSFS-W, MKL-W, WBS-D, WBS-W, FBP-W, CMU-W, CPF-W, CBM-D, CBM-W, JOUT-W, AKRX-W, JMM-W, LWAY-W, SPLS-W, FRME-D, FRME-W, TG-W, DSM-W, GSBC-W, MMSI-W, EXPO-W, CATY-D, CATY-W, MLI-W, ZBRA-W, NUO-W, ROP-W, SBI-W, SMRT-W, KSS-W, CACC-W, HCC-W, QUMU-W, NMT-W, ORLY-W, PRE-W, HHS-W, OSBC-W, RGCO-W, DSPG-W, CPRT-D, CPRT-W, FLEX-W, MTSN-W, UHAL-W, RWT-W, KFRC-W, MDY-W, RE-W, DST-W, EL-W, NICE-W, SSNC-W, DASTY-W, ETFC-W, PAG-W, PLUS-W, DTEGY-W, SLGN-W, AMTD-D, AMTD-W, ALV-W, MTD-W, VRSN-D, VRSN-W, BRCM-W, FII-D, FII-W, ULTI-W, MSTR-D, MSTR-W, CSGP-W, XLY-W, DLPH-W, EWBC-W, CEB-W, TREX-W, ATLC-D, ATLC-W, PVTB-D, PVTB-W, FLWS-W, CHTR-W, MFSF-W, FBR-W, IJH-W, IWF-D, IWF-W, IYC-W, IWO-D, IWO-W, IJT-W, BKMU-D, BKMU-W, RVP-W, IWS-W, IWR-D, IWR-W, IWP-W, OMCL-W, CHFN-W, BHK-W, VXF-W, CCOI-W, ABG-W, PNFP-W, WTBA-W, PCK-W, SAFT-W, EIV-W, CME-D, CME-W, FPT-W, PFS-D, PFS-W, FFC-W, TLKGY-W, AHL-W, NNI-W, VBK-W, VCR-W, VO-D, VO-W, VUG-D, VUG-W, ABR-W, JKE-W, JKG-D, JKG-W, JKH-W, JKK-D, JKK-W, MIC-W, PWB-W, WAL-D, WAL-W, ISBC-W, PPA-W, ICE-D, ICE-W, AMSF-W, RPG-D, RPG-W, RZG-D, RZG-W, MWA-W, VG-W, DON-W, DXJ-W, MVV-W, AWH-W, VOE-D, VOE-W, RXI-W, PTF-D, PTF-W, RTM-W, SBH-W, IPGP-W, UCC-W, FAD-W, FEX-W, FTA-D, FTA-W, LLNW-W, VR-D, VR-W, MOO-W, FFNW-W, LPSB-W, IFEU-W, KW-W, V-W, MOFG-W, MHLD-W, MGK-D, MGK-W, AOR-D, AOR-W, ICI-W, TIPZ-W, MG-W, VRSK-W, SCHG-W, MSG-W, FNGN-W, TNAV-W, ENV-D, ENV-W, IVOO-W, VTWG-D, VTWG-W, ZGNX-W, KBWP-W, EWRI-D, EWRI-W, SCHM-W, PCRX-W, ANCB-W, FONE-W, LNKD-D, LNKD-W, DBGR-W, LMOS-W, BCOV-D, BCOV-W, CUBI-W, GIVE-W, ALFA-D, ALFA-W, EGL-W, LVNTA-W, QLYS-W, ADT-W, DKL-W, QDEF-D, QDEF-W, AFH-D, DATA-W, COTY-W, PGZ-W, KCG-W, LDRH-W, RDIV-W, FDIS-W, FCOM-D, FCOM-W, ALLE-W, USDU-W, ALQA-W, HEWJ-W, HEFA-W, GYEN-W, SQBK-W, HRTG-W, ASHS-W, TIME-W, FBGX-D, FBGX-W, WIL-W, MDLL-D, MDLL-W, LDRI-W, QTWN-W, ICL-W, DVP-W, FCAU-W, BOOT-W, JPIN-W, DIVC-D, DIVC-W, 
Fri Feb 06 08:00:00 GMT+00:00 2015: signals : VRSN,CME,
Fri Feb 06 08:00:00 GMT+00:00 2015: Signals ordered by strength : CME(70.0), VRSN(65.0), 
Mon Feb 09 08:00:00 GMT+00:00 2015: Bases processed : HAS-D, MSI-D, IRIX-D, RTEC-D, AHS-D, HPI-D, ANIP-D, ORA-D, 
Mon Feb 09 08:00:00 GMT+00:00 2015: signals : HAS,
Mon Feb 09 08:00:00 GMT+00:00 2015: Signals ordered by strength : HAS(45.0), 
Wed Apr 08 08:00:00 GMT+00:00 2015: Bases processed : CYN-D, APB-D, SNPS-D, ASGN-D, LGND-D, MHO-D, GSH-D, CHL-D, DSGX-D, EVF-D, NTES-D, SOHU-D, BNY-D, PDFS-D, SMI-D, JRO-D, VPL-D, PSJ-D, ETE-D, GWL-D, LULU-D, VEA-D, AMCN-D, TAO-D, AAXJ-D, PXR-D, DZK-D, CHIQ-D, QQQC-D, NOAH-D, BONA-D, WD-D, IBCC-D, CLACU-D, IEIL-D, FLTB-D, FPXI-D, JPIN-D, GHII-D, 
Wed Apr 08 08:00:00 GMT+00:00 2015: signals : CHL,
Wed Apr 08 08:00:00 GMT+00:00 2015: Signals ordered by strength : CHL(40.0), 
Fri Apr 17 08:00:00 GMT+00:00 2015: Bases processed : ACU-W, JPM-W, DCO-W, FSS-W, IR-W, KMI-W, LGL-W, UL-W, UN-W, ECL-W, FELE-W, NEWP-W, DXR-W, SRCE-W, NPBC-W, ENZN-W, IVC-W, AMS-D, AMS-W, AEPI-W, PLXS-W, LSBG-D, LSBG-W, ECF-W, PTSI-W, FBP-W, DXLG-W, VGR-W, DDC-W, GVA-W, CHKE-W, PNRA-W, RGS-W, KALU-D, KALU-W, MW-W, GIB-W, ISL-W, RDN-W, MHE-W, WINA-W, PRE-W, WVFC-W, EOC-W, NTT-W, RICK-D, TRQ-W, CBAN-W, ETM-W, GSIG-W, GS-W, ROIA-W, NAN-D, NAN-W, CYRN-W, CE-D, CE-W, TDY-W, SQNM-W, OCLR-W, DCM-W, CLSN-W, ROIAK-W, ISRG-W, CKSW-W, RTIX-W, SLYV-W, MIFI-D, MIFI-W, YORW-W, TASR-W, VEOEY-W, NFLX-W, EVM-D, EVM-W, ADRA-W, SWHC-W, EZA-W, RSP-W, AXS-W, JDD-W, SOCB-D, SOCB-W, ETO-W, MFLX-W, DCA-W, XRM-W, BLDR-W, IGA-W, DOVR-W, VIMC-D, VIMC-W, PRF-W, GLO-W, PGTI-W, FDN-W, PBIB-W, KXI-W, EXLP-W, FSLR-W, MNOV-W, TAST-W, GII-W, FAB-W, FEX-W, TTHI-W, CUT-W, QABA-W, STK-W, TMH-W, INDL-W, FIBK-W, SCIN-W, EWRI-W, EWRS-W, SDT-W, SPHB-W, FWDI-D, FWDI-W, SKYY-W, FSZ-W, IDHB-W, ACIM-W, RWXL-D, RWXL-W, GMED-W, VEGA-W, CRDT-D, CRDT-W, MODN-W, SRLN-W, HAWK-W, IBCE-W, GWPH-W, DATA-W, PGEM-W, DFP-W, KFYP-W, STCK-W, CGIX-W, FATE-D, FATE-W, MRIC-W, EVOK-W, CNHI-W, AERI-W, WUBA-W, DXKW-W, CNTR-W, ACSF-W, CARA-W, NGHC-W, KING-W, CORI-W, DXJF-W, TSE-W, MOKO-D, MOKO-W, IFV-D, IFV-W, EFAD-W, WBIB-W, WBIG-W, VWR-D, VWR-W, HEEM-W, GTOMY-W, ARKK-W, HACK-W, GAA-W, ABEO-W, EQAL-W, PN-W, IQLT-W, ENTL-W, ZSML-W, SBEU-W, SUM-W, STDY-W, 
Fri Apr 17 08:00:00 GMT+00:00 2015: signals : CE,
Fri Apr 17 08:00:00 GMT+00:00 2015: Signals ordered by strength : CE(65.0), 
Mon Apr 20 08:00:00 GMT+00:00 2015: Bases processed : EMCI-D, SIAL-D, CRV-D, JBSS-D, FCAP-D, PMF-D, COOL-D, PZG-D, INR-D, FAF-D, UJB-D, SEAS-D, KMDA-D, BSCM-D, KCNY-D, 
Mon Apr 20 08:00:00 GMT+00:00 2015: signals : 
Mon Apr 20 08:00:00 GMT+00:00 2015: Signals ordered by strength : 
Tue Apr 21 08:00:00 GMT+00:00 2015: Bases processed : OCR-D, NSANY-D, ASTE-D, AKRX-D, HIFS-D, PFO-D, PPR-D, MMU-D, TSCO-D, DASTY-D, SIRO-D, CLS-D, RDWR-D, ALSK-D, LNBB-D, EMJ-D, IHG-D, AEL-D, SNCR-D, GSL-D, DEF-D, ECHO-D, AGA-D, GURU-D, SFBC-D, FEYE-D, DXJC-D, SFBS-D, SMLL-D, FSB-D, RELY-D, 
Tue Apr 21 08:00:00 GMT+00:00 2015: signals : OCR,IHG,
Tue Apr 21 08:00:00 GMT+00:00 2015: Signals ordered by strength : OCR(70.0), IHG(50.0), 
Wed Apr 29 08:00:00 GMT+00:00 2015: Bases processed : AVY-D, GT-D, NEM-D, TSS-D, UBSI-D, LFUS-D, JCTCF-D, LVLT-D, MSTR-D, AU-D, TPX-D, XPO-D, CRM-D, DHT-D, KBE-D, TRCB-D, MA-D, VRSK-D, EXAM-D, FI-D, FRBA-D, 
Wed Apr 29 08:00:00 GMT+00:00 2015: signals : TSS,LVLT,XPO,VRSK,
Wed Apr 29 08:00:00 GMT+00:00 2015: Signals ordered by strength : VRSK(110.0), TSS(90.0), XPO(80.0), LVLT(55.0), 
Fri May 15 08:00:00 GMT+00:00 2015: Bases processed : HON-W, AME-W, BFA-W, CAG-D, DHR-W, MCK-W, GAM-W, NPK-W, PHH-W, PLL-W, TTDKY-W, AEM-W, ASB-W, CSWC-D, CSWC-W, FMER-W, KOSS-W, INTG-W, NKE-D, NKE-W, TRR-W, STRN-W, IDTI-W, LOJN-W, EMRI-W, CNO-W, JJSF-W, BCS-W, FISV-W, C-W, FFKT-W, WBS-W, PLAB-W, ICCC-W, ELUXY-D, ELUXY-W, SNFCA-W, SEV-W, IPAR-W, VOD-W, PTC-W, CGA-W, REGN-W, SCLN-W, ICUI-W, USPH-W, CCU-W, JAH-W, PERY-W, FLL-W, IT-W, BTO-W, COF-D, COF-W, CTRX-W, ISSI-W, ASML-D, ASML-W, RE-W, RICK-W, OPK-W, SGU-D, SGU-W, EWK-W, EWL-W, TCX-D, TCX-W, FDS-W, IMN-W, BSI-W, TACT-D, TACT-W, CALM-W, CIEN-D, CIEN-W, WTFC-W, SAP-W, EBAY-W, XLF-W, MKSI-W, RHT-W, EGBN-W, BSQR-D, BSQR-W, SPTN-W, SPYV-D, SPYV-W, TW-D, TW-W, JHX-W, ANTM-W, ALR-D, NMR-W, ADRU-W, OEF-W, SNX-W, CTRP-W, GTXI-W, VTV-W, MGN-W, MCHX-W, HSP-W, ANCX-W, EXR-W, CSCD-W, NDAQ-W, FFNM-W, ALJ-W, ICE-W, TDG-W, IAI-W, IAT-W, DNL-W, DOL-D, DOL-W, DWM-W, WNS-W, RWX-D, RWX-W, GDL-W, UGE-W, EPS-D, EPS-W, EXT-W, SSFN-W, HOLI-D, HOLI-W, FXO-W, SCOR-D, SCOR-W, BKCC-W, VRTU-W, PXF-W, PDN-W, IFGL-D, IFGL-W, MGV-W, FSFG-W, FAS-D, FAS-W, GRN-W, ALN-W, TAT-W, AOL-W, PSCC-D, PSCC-W, SANW-W, NPTN-W, CROP-W, GSVC-D, GSVC-W, CSRE-W, TTFS-D, TTFS-W, KBWI-W, LVNTB-D, LVNTB-W, TLTD-W, ICPT-W, CAPE-D, CAPE-W, IXUS-D, PF-D, VOYA-W, DGRW-D, DGRW-W, STRP-W, FNDF-W, PINC-W, CRTO-W, FTEC-D, FTEC-W, SRNE-D, SRNE-W, TFLO-W, PCTY-W, PAHC-W, EUMV-W, SERV-D, SERV-W, SBCP-W, FCB-W, WBII-W, YDLE-W, KE-D, KLXI-W, LLSP-W, GDXX-W, GDDY-W, KMPH-W, PRTY-W, 
Fri May 15 08:00:00 GMT+00:00 2015: signals : 
Fri May 15 08:00:00 GMT+00:00 2015: Signals ordered by strength : 
Mon May 18 08:00:00 GMT+00:00 2015: Bases processed : ADX-D, SWKS-D, LPX-D, LUK-D, SNV-D, MEI-D, NBN-D, ANN-D, SPY-D, AEIS-D, QRVO-D, BHB-D, DIA-D, IJH-D, IVE-D, IUSV-D, CVGW-D, ADRD-D, JKG-D, JKI-D, PPO-D, KLD-D, PWV-D, ITRN-D, DLN-D, DDM-D, SFLY-D, PTF-D, EQWL-D, CZA-D, FXL-D, RWL-D, MLVF-D, ORRF-D, ABCD-D, SCHV-D, UDOW-D, MXL-D, VONV-D, BLOX-D, ANGL-D, MMTM-D, NCLH-D, FNDB-D, FNDX-D, LDRH-D, SRLP-D, CQH-D, RDVY-D, SIEN-D, RMP-D, KRNT-D, NSA-D, 
Mon May 18 08:00:00 GMT+00:00 2015: signals : 
Mon May 18 08:00:00 GMT+00:00 2015: Signals ordered by strength : 
Tue May 19 08:00:00 GMT+00:00 2015: Bases processed : BIOB-D, MMC-D, WFC-D, SHW-D, FL-D, BOKF-D, FHN-D, SUSQ-D, STI-D, EXAR-D, FNB-D, PBCT-D, MHK-D, MS-D, RGA-D, AMTD-D, IYF-D, DGT-D, MIW-D, VFH-D, UEPS-D, IHF-D, UYG-D, STV-D, SCJ-D, SEM-D, VTHR-D, CPS-D, TRNM-D, SREV-D, CURE-D, PXLV-D, ALFA-D, FINU-D, ESPR-D, TRSK-D, ZSPH-D, CFO-D, CVRS-D, 
Tue May 19 08:00:00 GMT+00:00 2015: signals : 
Tue May 19 08:00:00 GMT+00:00 2015: Signals ordered by strength : 
Wed May 20 08:00:00 GMT+00:00 2015: Bases processed : ABM-D, ADI-D, BMY-D, WEN-D, HEI-D, HRL-D, RBC-D, GHC-D, Y-D, ATRI-D, MENT-D, AJG-D, CVC-D, NVR-D, COT-D, MIDD-D, LVMUY-D, MGPI-D, ULBI-D, CSGS-D, AXAHY-D, ALTV-D, IWD-D, FSI-D, MBTF-D, VHT-D, LBTYA-D, EFSC-D, BME-D, IAK-D, FBT-D, OSIR-D, AGD-D, VYM-D, DSI-D, MSBF-D, RXL-D, TWC-D, PIO-D, FLY-D, CSM-D, DMO-D, SST-D, QDEF-D, FLAG-D, TTPH-D, FNCL-D, DXJR-D, DGRO-D, EHIC-D, MOMO-D, 
Wed May 20 08:00:00 GMT+00:00 2015: signals : ADI,TWC,FLY,TTPH,
Wed May 20 08:00:00 GMT+00:00 2015: Signals ordered by strength : TTPH(160.0), TWC(90.0), FLY(90.0), ADI(85.0), 
Thu May 21 08:00:00 GMT+00:00 2015: Bases processed : ACET-D, CVBF-D, ADBE-D, HNT-D, ESRX-D, DIRI-D, SFEF-D, EGHT-D, QADB-D, URI-D, SHPG-D, NVMI-D, VRML-D, KIRK-D, CF-D, DRAGF-D, TNK-D, IDI-D, FLM-D, TNAV-D, CSMA-D, ENZY-D, CNHI-D, CNTR-D, NEP-D, EQAL-D, DIVC-D, 
Thu May 21 08:00:00 GMT+00:00 2015: signals : ACET,ESRX,
Thu May 21 08:00:00 GMT+00:00 2015: Signals ordered by strength : ACET(85.0), ESRX(85.0), 
Fri May 22 08:00:00 GMT+00:00 2015: Bases processed : ABM-W, ADI-W, ADX-W, SWKS-W, BIOB-W, BMY-W, CCK-W, CI-D, CI-W, DE-D, DE-W, WEN-W, FRS-D, FRS-W, HEI-W, HRL-W, LPX-W, LUK-W, MMC-W, WFC-W, RBC-W, SHW-W, TTC-D, TTC-W, WGL-W, GHC-W, Y-W, FL-W, ACET-W, ATRI-W, BOKF-W, SNV-W, CFR-W, FHN-W, MEI-W, CVBF-W, HCA-W, SUSQ-W, DY-W, AJG-W, MGA-W, STI-W, EXAR-W, CVC-W, NVR-W, ADBE-W, FNB-W, COT-W, VRX-W, MIDD-W, NBN-W, LVMUY-W, MGPI-W, ANN-W, HNT-W, MHK-W, ESRX-W, FINL-D, FINL-W, DIRI-W, ULBI-W, SPY-W, MS-W, RGA-W, CASH-D, CASH-W, SFEF-W, AEIS-W, CSGS-W, FLML-D, AXAHY-W, DGX-D, DGX-W, AMTD-W, QRVO-W, EGHT-W, OUTR-D, OUTR-W, QADB-W, BHB-W, DIA-W, SHPG-W, HEIA-W, ALTV-W, DDAIF-W, NVMI-W, RPTP-W, IJH-W, IVE-W, IWD-W, IYF-W, IUSV-W, VRML-W, DGT-W, SGEN-W, KIRK-W, CVGW-W, ESGR-W, ADRD-W, FSI-W, MIW-W, MBTF-W, VFH-W, VHT-W, LBTYA-W, JKG-W, JKI-W, PPO-W, LONG-D, LONG-W, KLD-W, EFSC-W, PWV-W, BME-W, CF-W, UEPS-W, DRAGF-W, LBTYK-D, LBTYK-W, ITRN-W, PKB-W, KIE-W, IAK-W, IHF-W, DLN-W, DDM-W, FBT-W, OSIR-W, AGD-W, VOE-W, PTF-W, VYM-W, DSI-W, EQWL-W, MSBF-W, RXL-W, UYG-W, TWC-W, CQP-W, CZA-W, FXL-W, PIO-W, FLY-W, STV-W, TNK-W, IDI-W, ATAI-D, ATAI-W, RWL-W, SCJ-W, MLVF-W, FLM-W, ORRF-W, CSM-W, SEM-W, CHIQ-D, CHIQ-W, ABCD-W, SCHV-W, UDOW-W, UMDD-W, DMO-W, MXL-W, TNAV-W, IVOO-W, IVOV-W, VONV-W, VTHR-W, CSMA-W, CPS-W, EWRI-W, SCHM-W, TRNM-W, CURE-W, PXLV-W, XHS-D, XHS-W, SST-W, EEHB-W, BLOX-W, ANGL-W, ALFA-W, FINU-W, MMTM-W, QDEF-W, NCLH-W, FLAG-W, TTPH-W, CMRX-D, CMRX-W, ESPR-W, TRSK-W, FNDB-W, FNDX-W, FEYE-W, DOOR-W, LDRH-W, SRLP-W, FNCL-W, CQH-W, JGBB-D, JGBB-W, RDVY-W, CNTR-W, DXJR-W, LPG-D, ZSPH-W, NEP-W, CFO-W, SIEN-W, EHIC-W, MOMO-W, RMP-W, EQAL-W, VSTO-D, QVM-W, KRNT-W, DIVC-W, NSA-W, CVRS-W, 
Fri May 22 08:00:00 GMT+00:00 2015: signals : 
Fri May 22 08:00:00 GMT+00:00 2015: Signals ordered by strength : 
Tue May 26 08:00:00 GMT+00:00 2015: Bases processed : ARKR-D, UBCP-D, CNTY-D, EWH-D, IPN-D, YCS-D, ABBV-D, PFSI-D, 
Tue May 26 08:00:00 GMT+00:00 2015: signals : 
Tue May 26 08:00:00 GMT+00:00 2015: Signals ordered by strength : 
Wed May 27 08:00:00 GMT+00:00 2015: Bases processed : CBSA-D, FUN-D, JNP-D, BSTC-D, TV-D, AMED-D, RSYS-D, SMH-D, SOXX-D, PSI-D, XSD-D, QTEC-D, RYT-D, USD-D, BR-D, AVGO-D, SOXL-D, NXPI-D, FSL-D, HZNP-D, ACHC-D, IBTX-D, PTLA-D, SNOW-D, TRTL-D, LMBS-D, CLLS-D, 
Wed May 27 08:00:00 GMT+00:00 2015: signals : AMED,AVGO,
Wed May 27 08:00:00 GMT+00:00 2015: Signals ordered by strength : AVGO(140.0), AMED(80.0), 
