Wed Jan 02 08:00:00 GMT+00:00 2013 BUY  - CDNS - 1428 @14.0 Total=20000.0
Wed Jan 02 08:00:00 GMT+00:00 2013 BUY  - FEIC - 346 @57.77 Total=19996.42
Wed Jan 02 08:00:00 GMT+00:00 2013 BUY  - MEOH - 598 @33.41 Total=19987.18
Fri Jan 04 08:00:00 GMT+00:00 2013 BUY  - AB - 1070 @18.68 Total=19995.6
Mon Jan 07 08:00:00 GMT+00:00 2013 BUY  - NSM - 514 @38.83 Total=19966.62
Thu Jan 17 08:00:00 GMT+00:00 2013 SELL  - NSM - 514 @36.77 Total=18891.78
Thu Jan 17 08:00:00 GMT+00:00 2013 BUY  - CLW - 451 @44.24 Total=19960.24
Mon Mar 18 08:00:00 GMT+00:00 2013 SELL  - CDNS - 1428 @13.6 Total=19412.8
Wed Mar 20 08:00:00 GMT+00:00 2013 BUY  - LEN - 460 @43.4 Total=19972.0
Mon Apr 01 08:00:00 GMT+00:00 2013 SELL  - LEN - 460 @40.61 Total=18672.6
Wed Apr 03 08:00:00 GMT+00:00 2013 SELL  - AB - 1070 @21.05 Total=22515.5
Fri Apr 05 08:00:00 GMT+00:00 2013 BUY  - TM - 187 @106.5 Total=19923.5
Mon Apr 15 08:00:00 GMT+00:00 2013 SELL  - CLW - 451 @47.72 Total=21513.72
Thu Apr 18 08:00:00 GMT+00:00 2013 SELL  - MEOH - 598 @37.52 Total=22428.96
Fri Apr 19 08:00:00 GMT+00:00 2013 SELL  - FEIC - 346 @62.41 Total=21585.86
Tue Apr 23 08:00:00 GMT+00:00 2013 BUY  - ARMH - 431 @46.32 Total=19971.92
Thu Apr 25 08:00:00 GMT+00:00 2013 BUY  - RYL - 444 @44.94 Total=19961.36
Tue Apr 30 08:00:00 GMT+00:00 2013 BUY  - MSG - 331 @60.27 Total=19957.37
Wed May 01 08:00:00 GMT+00:00 2013 BUY  - DORM - 507 @39.43 Total=19999.01
Fri May 31 08:00:00 GMT+00:00 2013 SELL  - ARMH - 431 @43.88 Total=18904.28
Mon Jun 03 08:00:00 GMT+00:00 2013 BUY  - CSII - 920 @21.72 Total=19990.4
Wed Jun 05 08:00:00 GMT+00:00 2013 SELL  - RYL - 444 @42.39 Total=18813.16
Tue Jun 18 08:00:00 GMT+00:00 2013 BUY  - PRLB - 319 @62.53 Total=19955.07
Thu Jun 20 08:00:00 GMT+00:00 2013 SELL  - CSII - 920 @20.8 Total=19128.0
Thu Jun 20 08:00:00 GMT+00:00 2013 SELL  - MSG - 331 @58.95 Total=19504.45
Thu Jun 20 08:00:00 GMT+00:00 2013 SELL  - PRLB - 319 @61.01 Total=19454.19
Thu Jun 20 08:00:00 GMT+00:00 2013 SELL  - TM - 187 @117.06 Total=21882.22
Mon Jun 24 08:00:00 GMT+00:00 2013 SELL  - DORM - 507 @44.42 Total=22512.94
Tue Jul 02 08:00:00 GMT+00:00 2013 BUY  - CVC - 1050 @19.02 Total=19979.0
Tue Jul 02 08:00:00 GMT+00:00 2013 BUY  - AYI - 245 @81.39 Total=19948.55
Tue Jul 09 08:00:00 GMT+00:00 2013 BUY  - AWAY - 597 @33.47 Total=19989.59
Wed Jul 10 08:00:00 GMT+00:00 2013 SELL  - AWAY - 597 @31.62 Total=18869.14
Wed Jul 10 08:00:00 GMT+00:00 2013 BUY  - YNDX - 677 @29.49 Total=19972.73
Wed Jul 10 08:00:00 GMT+00:00 2013 BUY  - LRCX - 403 @49.52 Total=19964.56
Thu Jul 11 08:00:00 GMT+00:00 2013 BUY  - PKG - 386 @51.69 Total=19960.34
Thu Aug 15 08:00:00 GMT+00:00 2013 SELL  - LRCX - 403 @47.2 Total=19013.6
Fri Aug 16 08:00:00 GMT+00:00 2013 SELL  - CVC - 1050 @18.43 Total=19343.5
Wed Sep 04 08:00:00 GMT+00:00 2013 BUY  - SALE - 566 @35.3 Total=19987.8
Wed Sep 04 08:00:00 GMT+00:00 2013 BUY  - RPRX - 876 @22.81 Total=19989.56
Wed Sep 11 08:00:00 GMT+00:00 2013 SELL  - SALE - 566 @32.61 Total=18449.26
Thu Sep 12 08:00:00 GMT+00:00 2013 BUY  - WBA - 375 @53.29 Total=19991.75
Mon Sep 16 08:00:00 GMT+00:00 2013 SELL  - RPRX - 876 @21.26 Total=18615.76
Mon Sep 16 08:00:00 GMT+00:00 2013 BUY  - AVG - 812 @24.6 Total=19983.2
Thu Oct 03 08:00:00 GMT+00:00 2013 SELL  - AVG - 812 @23.25 Total=18871.0
Fri Oct 04 08:00:00 GMT+00:00 2013 BUY  - ICE - 103 @193.65 Total=19953.95
Thu Nov 07 08:00:00 GMT+00:00 2013 SELL  - YNDX - 677 @36.09 Total=24424.93
Fri Nov 08 08:00:00 GMT+00:00 2013 BUY  - SF - 462 @43.2 Total=19966.4
Thu Dec 05 08:00:00 GMT+00:00 2013 SELL  - WBA - 375 @56.11 Total=21033.25
Thu Dec 05 08:00:00 GMT+00:00 2013 BUY  - TNDM - 806 @24.8 Total=19996.8
Wed Dec 11 08:00:00 GMT+00:00 2013 SELL  - TNDM - 806 @23.5 Total=18933.0
Mon Dec 16 08:00:00 GMT+00:00 2013 BUY  - GNTX - 619 @32.285 Total=19992.415
Wed Jan 15 08:00:00 GMT+00:00 2014 SELL  - ICE - 103 @210.88 Total=21712.64
Wed Jan 15 08:00:00 GMT+00:00 2014 BUY  - PTCT - 811 @24.64 Total=19991.04
Mon Jan 27 08:00:00 GMT+00:00 2014 SELL  - SF - 462 @45.57 Total=21045.34
Fri Jan 31 08:00:00 GMT+00:00 2014 SELL  - GNTX - 619 @32.39 Total=20041.41
Mon Feb 03 08:00:00 GMT+00:00 2014 SELL  - PTCT - 811 @22.3 Total=18077.3
Mon Feb 03 08:00:00 GMT+00:00 2014 SELL  - PKG - 386 @62.36 Total=24062.96
Fri Feb 07 08:00:00 GMT+00:00 2014 BUY  - LVNTA - 158 @126.16 Total=19941.28
Mon Feb 10 08:00:00 GMT+00:00 2014 BUY  - SALE - 483 @41.33 Total=19970.39
Tue Feb 11 08:00:00 GMT+00:00 2014 BUY  - REGN - 61 @326.52 Total=19925.72
Tue Feb 11 08:00:00 GMT+00:00 2014 BUY  - SCOR - 644 @31.0 Total=19972.0
Wed Mar 12 08:00:00 GMT+00:00 2014 SELL  - SALE - 483 @37.19 Total=17954.77
Tue Mar 18 08:00:00 GMT+00:00 2014 BUY  - ELY - 2106 @9.49 Total=19993.94
Mon Mar 24 08:00:00 GMT+00:00 2014 SELL  - REGN - 61 @306.37 Total=18680.57
Wed Mar 26 08:00:00 GMT+00:00 2014 SELL  - LVNTA - 158 @130.34 Total=20585.72
Wed Mar 26 08:00:00 GMT+00:00 2014 SELL  - AYI - 245 @134.22 Total=32875.9
Wed Apr 02 08:00:00 GMT+00:00 2014 BUY  - FSS - 1279 @15.62 Total=19985.98
Thu Apr 03 08:00:00 GMT+00:00 2014 BUY  - NYLDA - 476 @41.93 Total=19966.68
Thu Apr 03 08:00:00 GMT+00:00 2014 BUY  - APC - 201 @99.02 Total=19911.02
Fri Apr 04 08:00:00 GMT+00:00 2014 SELL  - SCOR - 644 @31.61 Total=20348.84
Mon Apr 07 08:00:00 GMT+00:00 2014 SELL  - FSS - 1279 @15.03 Total=19215.37
Mon Apr 07 08:00:00 GMT+00:00 2014 SELL  - APC - 201 @96.89 Total=19466.89
Tue Apr 15 08:00:00 GMT+00:00 2014 SELL  - ELY - 2106 @9.38 Total=19746.28
Tue May 27 08:00:00 GMT+00:00 2014 BUY  - CAVM - 404 @49.38 Total=19957.52
Tue May 27 08:00:00 GMT+00:00 2014 BUY  - NADL - 2070 @9.65 Total=19983.5
Wed May 28 08:00:00 GMT+00:00 2014 BUY  - CAL - 682 @29.3 Total=19990.6
Thu May 29 08:00:00 GMT+00:00 2014 BUY  - PLKI - 458 @43.58 Total=19967.64
Mon Jun 02 08:00:00 GMT+00:00 2014 SELL  - CAL - 682 @27.83 Total=18972.06
Tue Jun 03 08:00:00 GMT+00:00 2014 BUY  - BMA - 590 @33.83 Total=19967.7
Mon Jun 16 08:00:00 GMT+00:00 2014 SELL  - BMA - 590 @31.71 Total=18700.9
Tue Jun 17 08:00:00 GMT+00:00 2014 BUY  - GMCR - 159 @125.49 Total=19960.91
Fri Jul 11 08:00:00 GMT+00:00 2014 SELL  - PLKI - 458 @41.4 Total=18953.2
Wed Jul 16 08:00:00 GMT+00:00 2014 BUY  - SNI - 235 @84.78 Total=19931.3
Thu Jul 17 08:00:00 GMT+00:00 2014 SELL  - CAVM - 404 @46.34 Total=18713.36
Thu Jul 17 08:00:00 GMT+00:00 2014 SELL  - GMCR - 159 @118.7 Total=18865.3
Mon Jul 21 08:00:00 GMT+00:00 2014 BUY  - TSRA - 847 @23.58 Total=19980.26
Tue Jul 22 08:00:00 GMT+00:00 2014 BUY  - PII - 137 @145.52 Total=19944.24
Thu Jul 24 08:00:00 GMT+00:00 2014 SELL  - NADL - 2070 @10.06 Total=20816.2
Thu Jul 24 08:00:00 GMT+00:00 2014 BUY  - JMEI - 669 @29.86 Total=19984.34
Thu Aug 07 08:00:00 GMT+00:00 2014 SELL  - SNI - 235 @77.43 Total=18188.05
Fri Aug 15 08:00:00 GMT+00:00 2014 BUY  - AWK - 400 @49.91 Total=19972.0
Wed Sep 03 08:00:00 GMT+00:00 2014 SELL  - JMEI - 669 @28.97 Total=19372.93
Thu Sep 04 08:00:00 GMT+00:00 2014 BUY  - MEI - 503 @39.72 Total=19987.16
Fri Sep 12 08:00:00 GMT+00:00 2014 SELL  - NYLDA - 476 @51.13 Total=24329.88
Tue Sep 16 08:00:00 GMT+00:00 2014 BUY  - PLT - 396 @50.48 Total=19998.08
Tue Sep 23 08:00:00 GMT+00:00 2014 SELL  - AWK - 400 @48.21 Total=19276.0
Wed Sep 24 08:00:00 GMT+00:00 2014 BUY  - ACOR - 531 @37.62 Total=19984.22
Thu Sep 25 08:00:00 GMT+00:00 2014 SELL  - ACOR - 531 @35.54 Total=18863.74
Thu Sep 25 08:00:00 GMT+00:00 2014 SELL  - MEI - 503 @38.04 Total=19126.12
Thu Sep 25 08:00:00 GMT+00:00 2014 SELL  - PLT - 396 @48.21 Total=19083.16
Thu Sep 25 08:00:00 GMT+00:00 2014 SELL  - TSRA - 847 @26.99 Total=22852.53
Wed Oct 01 08:00:00 GMT+00:00 2014 SELL  - PII - 137 @144.89 Total=19841.93
Tue Oct 21 08:00:00 GMT+00:00 2014 BUY  - AKRX - 484 @41.29 Total=19992.36
Tue Oct 21 08:00:00 GMT+00:00 2014 BUY  - CSL - 233 @85.77 Total=19992.41
Tue Oct 28 08:00:00 GMT+00:00 2014 BUY  - SSNC - 426 @46.9 Total=19987.4
Thu Oct 30 08:00:00 GMT+00:00 2014 BUY  - V - 84 @236.65 Total=19886.6
Thu Oct 30 08:00:00 GMT+00:00 2014 BUY  - BMY - 338 @58.98 Total=19943.24
Thu Nov 06 08:00:00 GMT+00:00 2014 SELL  - AKRX - 484 @37.88 Total=18325.92
Thu Nov 06 08:00:00 GMT+00:00 2014 BUY  - OGS - 512 @39.02 Total=19986.24
Tue Dec 16 08:00:00 GMT+00:00 2014 SELL  - BMY - 338 @57.69 Total=19491.22
Tue Dec 16 08:00:00 GMT+00:00 2014 SELL  - CSL - 233 @86.36 Total=20113.88
Thu Dec 18 08:00:00 GMT+00:00 2014 BUY  - KNL - 975 @20.5 Total=19995.5
Thu Dec 18 08:00:00 GMT+00:00 2014 BUY  - CTAS - 268 @74.49 Total=19971.32
Mon Jan 05 08:00:00 GMT+00:00 2015 SELL  - SSNC - 426 @53.47 Total=22770.22
Mon Jan 12 08:00:00 GMT+00:00 2015 SELL  - KNL - 975 @20.13 Total=19618.75
Wed Jan 14 08:00:00 GMT+00:00 2015 SELL  - V - 84 @255.56 Total=21459.04
Fri Jan 23 08:00:00 GMT+00:00 2015 BUY  - SBUX - 226 @88.22 Total=19945.72
Fri Jan 23 08:00:00 GMT+00:00 2015 BUY  - CSWC - 469 @42.59 Total=19982.71
Fri Feb 06 08:00:00 GMT+00:00 2015 BUY  - CME - 212 @94.21 Total=19980.52
Mon Feb 09 08:00:00 GMT+00:00 2015 SELL  - OGS - 512 @42.07 Total=21531.84
Mon Feb 09 08:00:00 GMT+00:00 2015 BUY  - HAS - 335 @59.66 Total=19994.1
Mon Apr 06 08:00:00 GMT+00:00 2015 SELL  - CME - 212 @92.095 Total=19516.14
Wed Apr 08 08:00:00 GMT+00:00 2015 BUY  - CHL - 277 @71.94 Total=19935.38
Fri Apr 17 08:00:00 GMT+00:00 2015 SELL  - CHL - 277 @67.68 Total=18739.36
Fri Apr 17 08:00:00 GMT+00:00 2015 SELL  - CSWC - 469 @47.01 Total=22039.69
Fri Apr 17 08:00:00 GMT+00:00 2015 BUY  - CE - 297 @67.18 Total=19960.46
Tue Apr 21 08:00:00 GMT+00:00 2015 BUY  - OCR - 246 @81.07 Total=19951.22
Wed Apr 29 08:00:00 GMT+00:00 2015 SELL  - CTAS - 268 @80.69 Total=21616.92
Wed Apr 29 08:00:00 GMT+00:00 2015 BUY  - VRSK - 260 @76.85 Total=19989.0
Wed May 06 08:00:00 GMT+00:00 2015 SELL  - VRSK - 260 @72.49 Total=18839.4
Tue May 12 08:00:00 GMT+00:00 2015 SELL  - CE - 297 @65.73 Total=19513.81
Wed May 20 08:00:00 GMT+00:00 2015 BUY  - TTPH - 441 @45.33 Total=19998.53
Wed May 20 08:00:00 GMT+00:00 2015 BUY  - TWC - 120 @166.55 Total=19994.0
Thu May 21 08:00:00 GMT+00:00 2015 SELL  - OCR - 246 @96.26 Total=23671.96
Thu May 21 08:00:00 GMT+00:00 2015 BUY  - ACET - 845 @23.65 Total=19992.25
Fri May 22 08:00:00 GMT+00:00 2015 SELL  - TTPH - 441 @42.94 Total=18928.54
Tue May 26 08:00:00 GMT+00:00 2015 SELL  - TWC - 120 @183.6 Total=22024.0
Wed May 27 08:00:00 GMT+00:00 2015 BUY  - AVGO - 141 @141.49 Total=19958.09
Wed May 27 08:00:00 GMT+00:00 2015 BUY  - AMED - 631 @31.67 Total=19991.77
