Start Date: Tue Jan 01 08:00:00 GMT+00:00 2013
End Date: Tue Jun 23 21:43:15 GMT+00:00 2015
Initial Cash: 100000.0
Num Positions: 5
-----------------
Wed Jan 02 08:00:00 GMT+00:00 2013 BUY: 1428 shares of CDNS cost-basis=14.0 for $20000.0 CASH-BAL=80000.0
Wed Jan 02 08:00:00 GMT+00:00 2013 BUY: 346 shares of FEIC cost-basis=57.8 for $19996.42 CASH-BAL=60003.58
Wed Jan 02 08:00:00 GMT+00:00 2013 BUY: 598 shares of MEOH cost-basis=33.4 for $19987.18 CASH-BAL=40016.4
Fri Jan 04 08:00:00 GMT+00:00 2013 BUY: 1070 shares of AB cost-basis=18.7 for $19995.6 CASH-BAL=20020.8
Mon Jan 07 08:00:00 GMT+00:00 2013 BUY: 514 shares of NSM cost-basis=38.8 for $19966.62 CASH-BAL=54.18
Thu Jan 17 08:00:00 GMT+00:00 2013 StopLoss SELL: (-5.34%)514 shares of NSM for -5.34
Thu Jan 17 08:00:00 GMT+00:00 2013 SELL NSM x514 for $18891.78 CASH-BAL=18945.96
Thu Jan 17 08:00:00 GMT+00:00 2013 BUY: 451 shares of CLW cost-basis=44.3 for $19960.24 CASH-BAL=-1014.28
Mon Mar 18 08:00:00 GMT+00:00 2013 TA-SELL 50SMA: (-3.43%)1428 shares of CDNS for -2.9
Mon Mar 18 08:00:00 GMT+00:00 2013 SELL CDNS x1428 for $19412.8 CASH-BAL=18398.52
Wed Mar 20 08:00:00 GMT+00:00 2013 BUY: 460 shares of LEN cost-basis=43.4 for $19972.0 CASH-BAL=-1573.48
Mon Apr 01 08:00:00 GMT+00:00 2013 StopLoss SELL: (-6.47%)460 shares of LEN for -6.47
Mon Apr 01 08:00:00 GMT+00:00 2013 SELL LEN x460 for $18672.6 CASH-BAL=17099.12
Wed Apr 03 08:00:00 GMT+00:00 2013 TA-SELL 50SMA: (-2.19%)1070 shares of AB for 12.6
Wed Apr 03 08:00:00 GMT+00:00 2013 SELL AB x1070 for $22515.5 CASH-BAL=39614.62
Fri Apr 05 08:00:00 GMT+00:00 2013 BUY: 187 shares of TM cost-basis=107 for $19923.5 CASH-BAL=19691.12
Mon Apr 15 08:00:00 GMT+00:00 2013 TA-SELL 50SMA: (-2.6%)451 shares of CLW for 7.82
Mon Apr 15 08:00:00 GMT+00:00 2013 SELL CLW x451 for $21513.72 CASH-BAL=41204.84
Thu Apr 18 08:00:00 GMT+00:00 2013 TA-SELL 50SMA: (-1.57%)598 shares of MEOH for 12.3
Thu Apr 18 08:00:00 GMT+00:00 2013 SELL MEOH x598 for $22428.96 CASH-BAL=63633.8
Fri Apr 19 08:00:00 GMT+00:00 2013 TA-SELL 50SMA: (-1.54%)346 shares of FEIC for 7.99
Fri Apr 19 08:00:00 GMT+00:00 2013 SELL FEIC x346 for $21585.86 CASH-BAL=85219.66
Tue Apr 23 08:00:00 GMT+00:00 2013 BUY: 431 shares of ARMH cost-basis=46.3 for $19971.92 CASH-BAL=65247.74
Thu Apr 25 08:00:00 GMT+00:00 2013 BUY: 444 shares of RYL cost-basis=45.0 for $19961.36 CASH-BAL=45286.38
Tue Apr 30 08:00:00 GMT+00:00 2013 BUY: 331 shares of MSG cost-basis=60.3 for $19957.37 CASH-BAL=25329.01
Wed May 01 08:00:00 GMT+00:00 2013 BUY: 507 shares of DORM cost-basis=39.4 for $19999.01 CASH-BAL=5330.0
Fri May 31 08:00:00 GMT+00:00 2013 StopLoss SELL: (-5.31%)431 shares of ARMH for -5.31
Fri May 31 08:00:00 GMT+00:00 2013 SELL ARMH x431 for $18904.28 CASH-BAL=24234.28
Mon Jun 03 08:00:00 GMT+00:00 2013 BUY: 920 shares of CSII cost-basis=21.7 for $19990.4 CASH-BAL=4243.88
Wed Jun 05 08:00:00 GMT+00:00 2013 StopLoss SELL: (-5.71%)444 shares of RYL for -5.71
Wed Jun 05 08:00:00 GMT+00:00 2013 SELL RYL x444 for $18813.16 CASH-BAL=23057.04
Tue Jun 18 08:00:00 GMT+00:00 2013 BUY: 319 shares of PRLB cost-basis=62.6 for $19955.07 CASH-BAL=3101.97
Thu Jun 20 08:00:00 GMT+00:00 2013Market-Downtrend-Sell -1.5%: (-4.27%)920 shares of CSII for -4.27
Thu Jun 20 08:00:00 GMT+00:00 2013Market-Downtrend-Sell -1.5%: (-2.23%)331 shares of MSG for -2.23
Thu Jun 20 08:00:00 GMT+00:00 2013Market-Downtrend-Sell -1.5%: (-2.47%)319 shares of PRLB for -2.47
Thu Jun 20 08:00:00 GMT+00:00 2013Market-Downtrend-Sell 20EMA: (-2.1%)187 shares of TM for 9.87
Thu Jun 20 08:00:00 GMT+00:00 2013 SELL CSII x920 for $19128.0 CASH-BAL=22229.97
Thu Jun 20 08:00:00 GMT+00:00 2013 SELL MSG x331 for $19504.45 CASH-BAL=41734.42
Thu Jun 20 08:00:00 GMT+00:00 2013 SELL PRLB x319 for $19454.19 CASH-BAL=61188.61
Thu Jun 20 08:00:00 GMT+00:00 2013 SELL TM x187 for $21882.22 CASH-BAL=83070.83
Mon Jun 24 08:00:00 GMT+00:00 2013Market-Downtrend-Sell 20EMA: (-1.66%)507 shares of DORM for 12.6
Mon Jun 24 08:00:00 GMT+00:00 2013 SELL DORM x507 for $22512.94 CASH-BAL=105583.77
Tue Jul 02 08:00:00 GMT+00:00 2013 BUY: 1050 shares of CVC cost-basis=19.0 for $19979.0 CASH-BAL=85604.77
Tue Jul 02 08:00:00 GMT+00:00 2013 BUY: 245 shares of AYI cost-basis=81.4 for $19948.55 CASH-BAL=65656.22
Tue Jul 09 08:00:00 GMT+00:00 2013 BUY: 597 shares of AWAY cost-basis=33.5 for $19989.59 CASH-BAL=45666.63
Wed Jul 10 08:00:00 GMT+00:00 2013 StopLoss SELL: (-5.57%)597 shares of AWAY for -5.57
Wed Jul 10 08:00:00 GMT+00:00 2013 SELL AWAY x597 for $18869.14 CASH-BAL=64535.77
Wed Jul 10 08:00:00 GMT+00:00 2013 BUY: 677 shares of YNDX cost-basis=29.5 for $19972.73 CASH-BAL=44563.04
Wed Jul 10 08:00:00 GMT+00:00 2013 BUY: 403 shares of LRCX cost-basis=49.5 for $19964.56 CASH-BAL=24598.48
Thu Jul 11 08:00:00 GMT+00:00 2013 BUY: 386 shares of PKG cost-basis=51.7 for $19960.34 CASH-BAL=4638.14
Thu Aug 15 08:00:00 GMT+00:00 2013Market-CautiousUp-Sell -3%: (-4.72%)403 shares of LRCX for -4.72
Thu Aug 15 08:00:00 GMT+00:00 2013 SELL LRCX x403 for $19013.6 CASH-BAL=23651.74
Fri Aug 16 08:00:00 GMT+00:00 2013Market-CautiousUp-Sell -3%: (-3.14%)1050 shares of CVC for -3.14
Fri Aug 16 08:00:00 GMT+00:00 2013 SELL CVC x1050 for $19343.5 CASH-BAL=42995.24
Wed Sep 04 08:00:00 GMT+00:00 2013 BUY: 566 shares of SALE cost-basis=35.3 for $19987.8 CASH-BAL=23007.44
Wed Sep 04 08:00:00 GMT+00:00 2013 BUY: 876 shares of RPRX cost-basis=22.8 for $19989.56 CASH-BAL=3017.88
Wed Sep 11 08:00:00 GMT+00:00 2013 StopLoss SELL: (-7.66%)566 shares of SALE for -7.66
Wed Sep 11 08:00:00 GMT+00:00 2013 SELL SALE x566 for $18449.26 CASH-BAL=21467.14
Thu Sep 12 08:00:00 GMT+00:00 2013 BUY: 375 shares of WBA cost-basis=53.3 for $19991.75 CASH-BAL=1475.39
Mon Sep 16 08:00:00 GMT+00:00 2013 StopLoss SELL: (-6.83%)876 shares of RPRX for -6.83
Mon Sep 16 08:00:00 GMT+00:00 2013 SELL RPRX x876 for $18615.76 CASH-BAL=20091.15
Mon Sep 16 08:00:00 GMT+00:00 2013 BUY: 812 shares of AVG cost-basis=24.6 for $19983.2 CASH-BAL=107.95
Thu Oct 03 08:00:00 GMT+00:00 2013 StopLoss SELL: (-5.53%)812 shares of AVG for -5.53
Thu Oct 03 08:00:00 GMT+00:00 2013 SELL AVG x812 for $18871.0 CASH-BAL=18978.95
Fri Oct 04 08:00:00 GMT+00:00 2013 BUY: 103 shares of ICE cost-basis=194 for $19953.95 CASH-BAL=-975.0
Thu Nov 07 08:00:00 GMT+00:00 2013 TA-SELL 50SMA: (-2.35%)677 shares of YNDX for 22.3
Thu Nov 07 08:00:00 GMT+00:00 2013 SELL YNDX x677 for $24424.93 CASH-BAL=23449.93
Fri Nov 08 08:00:00 GMT+00:00 2013 BUY: 462 shares of SF cost-basis=43.2 for $19966.4 CASH-BAL=3483.53
Thu Dec 05 08:00:00 GMT+00:00 2013 TA-SELL 50SMA: (-3.66%)375 shares of WBA for 5.25
Thu Dec 05 08:00:00 GMT+00:00 2013 SELL WBA x375 for $21033.25 CASH-BAL=24516.78
Thu Dec 05 08:00:00 GMT+00:00 2013 BUY: 806 shares of TNDM cost-basis=24.8 for $19996.8 CASH-BAL=4519.98
Wed Dec 11 08:00:00 GMT+00:00 2013 StopLoss SELL: (-5.28%)806 shares of TNDM for -5.28
Wed Dec 11 08:00:00 GMT+00:00 2013 SELL TNDM x806 for $18933.0 CASH-BAL=23452.98
Mon Dec 16 08:00:00 GMT+00:00 2013 BUY: 619 shares of GNTX cost-basis=32.3 for $19992.415 CASH-BAL=3460.565
Wed Jan 15 08:00:00 GMT+00:00 2014 TA-SELL 50SMA: (-2.14%)103 shares of ICE for 8.85
Wed Jan 15 08:00:00 GMT+00:00 2014 SELL ICE x103 for $21712.64 CASH-BAL=25173.205
Wed Jan 15 08:00:00 GMT+00:00 2014 BUY: 811 shares of PTCT cost-basis=24.6 for $19991.04 CASH-BAL=5182.165
Mon Jan 27 08:00:00 GMT+00:00 2014 TA-SELL 50SMA: (-1.83%)462 shares of SF for 5.44
Mon Jan 27 08:00:00 GMT+00:00 2014 SELL SF x462 for $21045.34 CASH-BAL=26227.505
Fri Jan 31 08:00:00 GMT+00:00 2014Market-Downtrend-Sell 20EMA: (-1.79%)619 shares of GNTX for 0.285
Fri Jan 31 08:00:00 GMT+00:00 2014 SELL GNTX x619 for $20041.41 CASH-BAL=46268.915
Mon Feb 03 08:00:00 GMT+00:00 2014 StopLoss SELL: (-9.53%)811 shares of PTCT for -9.53
Mon Feb 03 08:00:00 GMT+00:00 2014 SELL PTCT x811 for $18077.3 CASH-BAL=64346.215
Mon Feb 03 08:00:00 GMT+00:00 2014Market-Downtrend-Sell 20EMA: (-2.18%)386 shares of PKG for 20.6
Mon Feb 03 08:00:00 GMT+00:00 2014 SELL PKG x386 for $24062.96 CASH-BAL=88409.175
Fri Feb 07 08:00:00 GMT+00:00 2014 BUY: 158 shares of LVNTA cost-basis=126 for $19941.28 CASH-BAL=68467.895
Mon Feb 10 08:00:00 GMT+00:00 2014 BUY: 483 shares of SALE cost-basis=41.3 for $19970.39 CASH-BAL=48497.505
Tue Feb 11 08:00:00 GMT+00:00 2014 BUY: 61 shares of REGN cost-basis=327 for $19925.72 CASH-BAL=28571.785
Tue Feb 11 08:00:00 GMT+00:00 2014 BUY: 644 shares of SCOR cost-basis=31.0 for $19972.0 CASH-BAL=8599.785
Wed Mar 12 08:00:00 GMT+00:00 2014 StopLoss SELL: (-10.1%)483 shares of SALE for -10.1
Wed Mar 12 08:00:00 GMT+00:00 2014 SELL SALE x483 for $17954.77 CASH-BAL=26554.555
Tue Mar 18 08:00:00 GMT+00:00 2014 BUY: 2106 shares of ELY cost-basis=9.49 for $19993.94 CASH-BAL=6560.615
Mon Mar 24 08:00:00 GMT+00:00 2014 StopLoss SELL: (-6.21%)61 shares of REGN for -6.21
Mon Mar 24 08:00:00 GMT+00:00 2014 SELL REGN x61 for $18680.57 CASH-BAL=25241.185
Wed Mar 26 08:00:00 GMT+00:00 2014Market-Downtrend-Sell 20EMA: (-5.5%)158 shares of LVNTA for 3.27
Wed Mar 26 08:00:00 GMT+00:00 2014Market-Downtrend-Sell 20EMA: (-3.52%)245 shares of AYI for 64.8
Wed Mar 26 08:00:00 GMT+00:00 2014 SELL LVNTA x158 for $20585.72 CASH-BAL=45826.905
Wed Mar 26 08:00:00 GMT+00:00 2014 SELL AYI x245 for $32875.9 CASH-BAL=78702.805
Wed Apr 02 08:00:00 GMT+00:00 2014 BUY: 1279 shares of FSS cost-basis=15.6 for $19985.98 CASH-BAL=58716.825
Thu Apr 03 08:00:00 GMT+00:00 2014 BUY: 476 shares of NYLDA cost-basis=41.9 for $19966.68 CASH-BAL=38750.145
Thu Apr 03 08:00:00 GMT+00:00 2014 BUY: 201 shares of APC cost-basis=99.1 for $19911.02 CASH-BAL=18839.125
Fri Apr 04 08:00:00 GMT+00:00 2014Market-Downtrend-Sell 20EMA: (-1.82%)644 shares of SCOR for 1.93
Fri Apr 04 08:00:00 GMT+00:00 2014 SELL SCOR x644 for $20348.84 CASH-BAL=39187.965
Mon Apr 07 08:00:00 GMT+00:00 2014Market-Downtrend-Sell -1.5%: (-3.82%)1279 shares of FSS for -3.82
Mon Apr 07 08:00:00 GMT+00:00 2014Market-Downtrend-Sell -1.5%: (-2.19%)201 shares of APC for -2.19
Mon Apr 07 08:00:00 GMT+00:00 2014 SELL FSS x1279 for $19215.37 CASH-BAL=58403.335
Mon Apr 07 08:00:00 GMT+00:00 2014 SELL APC x201 for $19466.89 CASH-BAL=77870.225
Tue Apr 15 08:00:00 GMT+00:00 2014Market-Downtrend-Sell 20EMA: (-1.95%)2106 shares of ELY for -1.2
Tue Apr 15 08:00:00 GMT+00:00 2014 SELL ELY x2106 for $19746.28 CASH-BAL=97616.505
Tue May 27 08:00:00 GMT+00:00 2014 BUY: 404 shares of CAVM cost-basis=49.4 for $19957.52 CASH-BAL=77658.985
Tue May 27 08:00:00 GMT+00:00 2014 BUY: 2070 shares of NADL cost-basis=9.65 for $19983.5 CASH-BAL=57675.485
Wed May 28 08:00:00 GMT+00:00 2014 BUY: 682 shares of CAL cost-basis=29.3 for $19990.6 CASH-BAL=37684.885
Thu May 29 08:00:00 GMT+00:00 2014 BUY: 458 shares of PLKI cost-basis=43.6 for $19967.64 CASH-BAL=17717.245
Mon Jun 02 08:00:00 GMT+00:00 2014 StopLoss SELL: (-5.06%)682 shares of CAL for -5.06
Mon Jun 02 08:00:00 GMT+00:00 2014 SELL CAL x682 for $18972.06 CASH-BAL=36689.305
Tue Jun 03 08:00:00 GMT+00:00 2014 BUY: 590 shares of BMA cost-basis=33.8 for $19967.7 CASH-BAL=16721.605
Mon Jun 16 08:00:00 GMT+00:00 2014 StopLoss SELL: (-6.3%)590 shares of BMA for -6.3
Mon Jun 16 08:00:00 GMT+00:00 2014 SELL BMA x590 for $18700.9 CASH-BAL=35422.505
Tue Jun 17 08:00:00 GMT+00:00 2014 BUY: 159 shares of GMCR cost-basis=126 for $19960.91 CASH-BAL=15461.595
Fri Jul 11 08:00:00 GMT+00:00 2014 StopLoss SELL: (-5.04%)458 shares of PLKI for -5.04
Fri Jul 11 08:00:00 GMT+00:00 2014 SELL PLKI x458 for $18953.2 CASH-BAL=34414.795
Wed Jul 16 08:00:00 GMT+00:00 2014 BUY: 235 shares of SNI cost-basis=84.8 for $19931.3 CASH-BAL=14483.495
Thu Jul 17 08:00:00 GMT+00:00 2014 StopLoss SELL: (-6.19%)404 shares of CAVM for -6.19
Thu Jul 17 08:00:00 GMT+00:00 2014 StopLoss SELL: (-5.45%)159 shares of GMCR for -5.45
Thu Jul 17 08:00:00 GMT+00:00 2014 SELL CAVM x404 for $18713.36 CASH-BAL=33196.855
Thu Jul 17 08:00:00 GMT+00:00 2014 SELL GMCR x159 for $18865.3 CASH-BAL=52062.155
Mon Jul 21 08:00:00 GMT+00:00 2014 BUY: 847 shares of TSRA cost-basis=23.6 for $19980.26 CASH-BAL=32081.895
Tue Jul 22 08:00:00 GMT+00:00 2014 BUY: 137 shares of PII cost-basis=146 for $19944.24 CASH-BAL=12137.655
Thu Jul 24 08:00:00 GMT+00:00 2014 TA-SELL 50SMA: (-1.67%)2070 shares of NADL for 4.21
Thu Jul 24 08:00:00 GMT+00:00 2014 SELL NADL x2070 for $20816.2 CASH-BAL=32953.855
Thu Jul 24 08:00:00 GMT+00:00 2014 BUY: 669 shares of JMEI cost-basis=29.9 for $19984.34 CASH-BAL=12969.515
Thu Aug 07 08:00:00 GMT+00:00 2014 StopLoss SELL: (-8.71%)235 shares of SNI for -8.71
Thu Aug 07 08:00:00 GMT+00:00 2014 SELL SNI x235 for $18188.05 CASH-BAL=31157.565
Fri Aug 15 08:00:00 GMT+00:00 2014 BUY: 400 shares of AWK cost-basis=49.9 for $19972.0 CASH-BAL=11185.565
Wed Sep 03 08:00:00 GMT+00:00 2014 TA-SELL 50SMA: (-3.69%)669 shares of JMEI for -3.02
Wed Sep 03 08:00:00 GMT+00:00 2014 SELL JMEI x669 for $19372.93 CASH-BAL=30558.495
Thu Sep 04 08:00:00 GMT+00:00 2014 BUY: 503 shares of MEI cost-basis=39.7 for $19987.16 CASH-BAL=10571.335
Fri Sep 12 08:00:00 GMT+00:00 2014 TA-SELL 50SMA: (-2.9%)476 shares of NYLDA for 21.9
Fri Sep 12 08:00:00 GMT+00:00 2014 SELL NYLDA x476 for $24329.88 CASH-BAL=34901.215
Tue Sep 16 08:00:00 GMT+00:00 2014 BUY: 396 shares of PLT cost-basis=50.5 for $19998.08 CASH-BAL=14903.135
Tue Sep 23 08:00:00 GMT+00:00 2014 TA-SELL 50SMA: (-1.61%)400 shares of AWK for -3.44
Tue Sep 23 08:00:00 GMT+00:00 2014 SELL AWK x400 for $19276.0 CASH-BAL=34179.135
Wed Sep 24 08:00:00 GMT+00:00 2014 BUY: 531 shares of ACOR cost-basis=37.6 for $19984.22 CASH-BAL=14194.915
Thu Sep 25 08:00:00 GMT+00:00 2014 StopLoss SELL: (-5.57%)531 shares of ACOR for -5.57
Thu Sep 25 08:00:00 GMT+00:00 2014 SELL ACOR x531 for $18863.74 CASH-BAL=33058.655
Thu Sep 25 08:00:00 GMT+00:00 2014Market-Downtrend-Sell -1.5%: (-4.27%)503 shares of MEI for -4.27
Thu Sep 25 08:00:00 GMT+00:00 2014Market-Downtrend-Sell -1.5%: (-4.54%)396 shares of PLT for -4.54
Thu Sep 25 08:00:00 GMT+00:00 2014Market-Downtrend-Sell 20EMA: (-3.89%)847 shares of TSRA for 14.4
Thu Sep 25 08:00:00 GMT+00:00 2014 SELL MEI x503 for $19126.12 CASH-BAL=52184.775
Thu Sep 25 08:00:00 GMT+00:00 2014 SELL PLT x396 for $19083.16 CASH-BAL=71267.935
Thu Sep 25 08:00:00 GMT+00:00 2014 SELL TSRA x847 for $22852.53 CASH-BAL=94120.465
Wed Oct 01 08:00:00 GMT+00:00 2014 TA-SELL 50SMA: (-2.06%)137 shares of PII for -0.473
Wed Oct 01 08:00:00 GMT+00:00 2014 SELL PII x137 for $19841.93 CASH-BAL=113962.395
Tue Oct 21 08:00:00 GMT+00:00 2014 BUY: 484 shares of AKRX cost-basis=41.3 for $19992.36 CASH-BAL=93970.035
Tue Oct 21 08:00:00 GMT+00:00 2014 BUY: 233 shares of CSL cost-basis=85.8 for $19992.41 CASH-BAL=73977.625
Tue Oct 28 08:00:00 GMT+00:00 2014 BUY: 426 shares of SSNC cost-basis=46.9 for $19987.4 CASH-BAL=53990.225
Thu Oct 30 08:00:00 GMT+00:00 2014 BUY: 84 shares of V cost-basis=237 for $19886.6 CASH-BAL=34103.625
Thu Oct 30 08:00:00 GMT+00:00 2014 BUY: 338 shares of BMY cost-basis=59.0 for $19943.24 CASH-BAL=14160.385
Thu Nov 06 08:00:00 GMT+00:00 2014 StopLoss SELL: (-8.3%)484 shares of AKRX for -8.3
Thu Nov 06 08:00:00 GMT+00:00 2014 SELL AKRX x484 for $18325.92 CASH-BAL=32486.305
Thu Nov 06 08:00:00 GMT+00:00 2014 BUY: 512 shares of OGS cost-basis=39.0 for $19986.24 CASH-BAL=12500.065
Tue Dec 16 08:00:00 GMT+00:00 2014Market-Downtrend-Sell 20EMA: (-1.79%)338 shares of BMY for -2.23
Tue Dec 16 08:00:00 GMT+00:00 2014Market-Downtrend-Sell 20EMA: (-1.84%)233 shares of CSL for 0.648
Tue Dec 16 08:00:00 GMT+00:00 2014 SELL BMY x338 for $19491.22 CASH-BAL=31991.285
Tue Dec 16 08:00:00 GMT+00:00 2014 SELL CSL x233 for $20113.88 CASH-BAL=52105.165
Thu Dec 18 08:00:00 GMT+00:00 2014 BUY: 975 shares of KNL cost-basis=20.5 for $19995.5 CASH-BAL=32109.665
Thu Dec 18 08:00:00 GMT+00:00 2014 BUY: 268 shares of CTAS cost-basis=74.5 for $19971.32 CASH-BAL=12138.345
Mon Jan 05 08:00:00 GMT+00:00 2015Market-Downtrend-Sell 20EMA: (-3.26%)426 shares of SSNC for 14.0
Mon Jan 05 08:00:00 GMT+00:00 2015 SELL SSNC x426 for $22770.22 CASH-BAL=34908.565
Mon Jan 12 08:00:00 GMT+00:00 2015Market-Downtrend-Sell -1.5%: (-1.84%)975 shares of KNL for -1.84
Mon Jan 12 08:00:00 GMT+00:00 2015 SELL KNL x975 for $19618.75 CASH-BAL=54527.315
Wed Jan 14 08:00:00 GMT+00:00 2015Market-Downtrend-Sell 20EMA: (-1.92%)84 shares of V for 7.95
Wed Jan 14 08:00:00 GMT+00:00 2015 SELL V x84 for $21459.04 CASH-BAL=75986.355
Fri Jan 23 08:00:00 GMT+00:00 2015 BUY: 226 shares of SBUX cost-basis=88.3 for $19945.72 CASH-BAL=56040.635
Fri Jan 23 08:00:00 GMT+00:00 2015 BUY: 469 shares of CSWC cost-basis=42.6 for $19982.71 CASH-BAL=36057.925
Fri Feb 06 08:00:00 GMT+00:00 2015 BUY: 212 shares of CME cost-basis=94.2 for $19980.52 CASH-BAL=16077.405
Mon Feb 09 08:00:00 GMT+00:00 2015 TA-SELL 50SMA: (-2.01%)512 shares of OGS for 7.77
Mon Feb 09 08:00:00 GMT+00:00 2015 SELL OGS x512 for $21531.84 CASH-BAL=37609.245
Mon Feb 09 08:00:00 GMT+00:00 2015 BUY: 335 shares of HAS cost-basis=59.7 for $19994.1 CASH-BAL=17615.145
Mon Apr 06 08:00:00 GMT+00:00 2015 TA-SELL 50SMA: (-2.26%)212 shares of CME for -2.28
Mon Apr 06 08:00:00 GMT+00:00 2015 SELL CME x212 for $19516.14 CASH-BAL=37131.285
Wed Apr 08 08:00:00 GMT+00:00 2015 BUY: 277 shares of CHL cost-basis=72.0 for $19935.38 CASH-BAL=17195.905
Thu Apr 09 08:00:00 GMT+00:00 2015 SBUX: Applying split factor of: 2.0
Fri Apr 17 08:00:00 GMT+00:00 2015 StopLoss SELL: (-5.96%)277 shares of CHL for -5.96
Fri Apr 17 08:00:00 GMT+00:00 2015 SELL CHL x277 for $18739.36 CASH-BAL=35935.265
Fri Apr 17 08:00:00 GMT+00:00 2015 TA-SELL 50SMA: (-1.56%)469 shares of CSWC for 10.3
Fri Apr 17 08:00:00 GMT+00:00 2015 SELL CSWC x469 for $22039.69 CASH-BAL=57974.955
Fri Apr 17 08:00:00 GMT+00:00 2015 BUY: 297 shares of CE cost-basis=67.2 for $19960.46 CASH-BAL=38014.495
Tue Apr 21 08:00:00 GMT+00:00 2015 BUY: 246 shares of OCR cost-basis=81.1 for $19951.22 CASH-BAL=18063.275
Wed Apr 29 08:00:00 GMT+00:00 2015 TA-SELL 50SMA: (-2.34%)268 shares of CTAS for 8.28
Wed Apr 29 08:00:00 GMT+00:00 2015 SELL CTAS x268 for $21616.92 CASH-BAL=39680.195
Wed Apr 29 08:00:00 GMT+00:00 2015 BUY: 260 shares of VRSK cost-basis=76.9 for $19989.0 CASH-BAL=19691.195
Wed May 06 08:00:00 GMT+00:00 2015 StopLoss SELL: (-5.71%)260 shares of VRSK for -5.71
Wed May 06 08:00:00 GMT+00:00 2015 SELL VRSK x260 for $18839.4 CASH-BAL=38530.595
Tue May 12 08:00:00 GMT+00:00 2015Market-Downtrend-Sell -1.5%: (-2.2%)297 shares of CE for -2.2
Tue May 12 08:00:00 GMT+00:00 2015 SELL CE x297 for $19513.81 CASH-BAL=58044.405
Wed May 20 08:00:00 GMT+00:00 2015 BUY: 441 shares of TTPH cost-basis=45.3 for $19998.53 CASH-BAL=38045.875
Wed May 20 08:00:00 GMT+00:00 2015 BUY: 120 shares of TWC cost-basis=167 for $19994.0 CASH-BAL=18051.875
Thu May 21 08:00:00 GMT+00:00 2015 Got Acquired/Merged: 246 shares of OCR for 18.7
Thu May 21 08:00:00 GMT+00:00 2015 SELL OCR x246 for $23671.96 CASH-BAL=41723.835
Thu May 21 08:00:00 GMT+00:00 2015 BUY: 845 shares of ACET cost-basis=23.7 for $19992.25 CASH-BAL=21731.585
Fri May 22 08:00:00 GMT+00:00 2015 StopLoss SELL: (-5.31%)441 shares of TTPH for -5.31
Fri May 22 08:00:00 GMT+00:00 2015 SELL TTPH x441 for $18928.54 CASH-BAL=40660.125
Tue May 26 08:00:00 GMT+00:00 2015 Got Acquired/Merged: 120 shares of TWC for 10.2
Tue May 26 08:00:00 GMT+00:00 2015 SELL TWC x120 for $22024.0 CASH-BAL=62684.125
Wed May 27 08:00:00 GMT+00:00 2015 BUY: 141 shares of AVGO cost-basis=142 for $19958.09 CASH-BAL=42726.035
Wed May 27 08:00:00 GMT+00:00 2015 BUY: 631 shares of AMED cost-basis=31.7 for $19991.77 CASH-BAL=22734.265

---- Final Portfolio Holdings as of Tue Jun 23 21:43:15 GMT+00:00 2015 ----
null 452 of SBUX with cost basis of 44.1 and pct-chg: 22.6%
null 335 of HAS with cost basis of 59.7 and pct-chg: 30.3%
null 845 of ACET with cost basis of 23.7 and pct-chg: 7.65%
null 141 of AVGO with cost basis of 142.0 and pct-chg: 0.0659%
null 631 of AMED with cost basis of 31.7 and pct-chg: 27.6%

Total Invested Amount = 117522.87
Cash Bal = 22734.265
Net Value = 140257.135

---- Run stats ----
Start-Date: Tue Jan 01 08:00:00 GMT+00:00 2013
End-Date: Tue Jun 23 21:43:15 GMT+00:00 2015
Total Trading days: 904
Net Gain/Loss = 40257.135
Pct Chg = 40.3%
