Fri Jan 09 08:00:00 GMT+00:00 2015 BUY  - AYI - 65 @151.5 Total=9847.5
Thu Jan 15 08:00:00 GMT+00:00 2015 BUY  - HDB - 179 @55.66 Total=9963.14
Fri Jan 23 08:00:00 GMT+00:00 2015 BUY  - SBUX - 113 @88.22 Total=9968.86
Wed Jan 28 08:00:00 GMT+00:00 2015 BUY  - KLIC - 634 @15.75 Total=9985.5
Thu Jan 29 08:00:00 GMT+00:00 2015 BUY  - VAR - 106 @94.04 Total=9968.24
Fri Jan 30 08:00:00 GMT+00:00 2015 SELL  - KLIC - 634 @15.17 Total=9617.78
Tue Feb 03 08:00:00 GMT+00:00 2015 BUY  - PRE - 82 @120.86 Total=9910.52
Thu Feb 05 08:00:00 GMT+00:00 2015 BUY  - EL - 127 @78.4 Total=9956.8
Thu Feb 05 08:00:00 GMT+00:00 2015 BUY  - BLL - 138 @72.03 Total=9940.14
Mon Feb 09 08:00:00 GMT+00:00 2015 BUY  - HAS - 167 @59.66 Total=9963.22
Tue Feb 10 08:00:00 GMT+00:00 2015 BUY  - MOH - 177 @56.26 Total=9958.02
Tue Feb 10 08:00:00 GMT+00:00 2015 BUY  - SEE - 220 @45.27 Total=9959.4
Tue Feb 24 08:00:00 GMT+00:00 2015 SELL  - PRE - 82 @115.35 Total=9458.7
Tue Feb 24 08:00:00 GMT+00:00 2015 BUY  - CBRL - 68 @145.81 Total=9915.08
Wed Mar 11 08:00:00 GMT+00:00 2015 SELL  - BLL - 138 @68.97 Total=9517.86
Mon Mar 16 08:00:00 GMT+00:00 2015 BUY  - HDB - 97 @61.51 Total=5966.47
Wed Mar 25 08:00:00 GMT+00:00 2015 SELL  - HDB - 276 @57.31 Total=15817.56
Wed Mar 25 08:00:00 GMT+00:00 2015 SELL  - SEE - 220 @45.1 Total=9922.0
Thu Mar 26 08:00:00 GMT+00:00 2015 BUY  - SIG - 74 @135.0 Total=9990.0
Mon Mar 30 08:00:00 GMT+00:00 2015 BUY  - SBUX - 62 @95.98 Total=5950.76
Wed Apr 08 08:00:00 GMT+00:00 2015 BUY  - AYI - 35 @168.96 Total=5913.6
Thu Apr 09 08:00:00 GMT+00:00 2015 SELL  - CBRL - 68 @147.7 Total=10043.6
Thu Apr 09 08:00:00 GMT+00:00 2015 BUY  - APOG - 200 @49.78 Total=9956.0
Fri Apr 17 08:00:00 GMT+00:00 2015 SELL  - SIG - 74 @132.41 Total=9798.34
Fri Apr 17 08:00:00 GMT+00:00 2015 BUY  - CE - 148 @67.18 Total=9942.64
Tue Apr 21 08:00:00 GMT+00:00 2015 BUY  - MOH - 94 @63.73 Total=5990.62
Mon Apr 27 08:00:00 GMT+00:00 2015 SELL  - MOH - 271 @62.09 Total=16826.39
Mon Apr 27 08:00:00 GMT+00:00 2015 BUY  - EL - 72 @83.17 Total=5988.24
Thu Apr 30 08:00:00 GMT+00:00 2015 SELL  - VAR - 106 @88.85 Total=9418.1
Thu Apr 30 08:00:00 GMT+00:00 2015 BUY  - HAS - 84 @70.79 Total=5946.36
Wed May 06 08:00:00 GMT+00:00 2015 SELL  - SBUX - 350 @48.93 Total=17125.5
Wed May 06 08:00:00 GMT+00:00 2015 BUY  - PLCE - 148 @67.08 Total=9927.84
Thu May 21 08:00:00 GMT+00:00 2015 BUY  - EL - 44 @89.35 Total=3931.4
Wed May 27 08:00:00 GMT+00:00 2015 BUY  - APOG - 110 @54.01 Total=5941.1
Wed May 27 08:00:00 GMT+00:00 2015 SELL  - PLCE - 148 @65.93 Total=9757.64
Wed May 27 08:00:00 GMT+00:00 2015 BUY  - AVGO - 70 @141.49 Total=9904.3
Tue Jun 02 08:00:00 GMT+00:00 2015 BUY  - AYI - 22 @178.51 Total=3927.22
Wed Jun 03 08:00:00 GMT+00:00 2015 BUY  - HAS - 54 @72.78 Total=3930.12
Thu Jun 25 08:00:00 GMT+00:00 2015 SELL  - AVGO - 70 @139.23 Total=9746.1
Thu Jun 25 08:00:00 GMT+00:00 2015 BUY  - TMH - 150 @66.41 Total=9961.5
Fri Jun 26 08:00:00 GMT+00:00 2015 SELL  - APOG - 310 @53.02 Total=16436.2
Wed Jul 08 08:00:00 GMT+00:00 2015 SELL  - CE - 148 @68.16 Total=10087.68
Wed Jul 08 08:00:00 GMT+00:00 2015 SELL  - EL - 243 @86.2 Total=20946.6
