Date,Action,Symbol,Shares,Price,Cost
01/02/2014,BUY,VWDRY,960,10.4034,7.0
01/03/2014,BUY,PFPT,292,34.18,7.0
01/07/2014,BUY,SPLK,132,75.39,7.0
01/09/2014,BUY,M,179,55.8,7.0
01/09/2014,BUY,NTDOY,547,18.25,7.0
01/10/2014,BUY,FDML,485,20.57,7.0
01/13/2014,SELL,FDML,485,19.52,7.0
01/13/2014,BUY,ENV,233,42.75,7.0
01/17/2014,SELL,NTDOY,547,14.9,7.0
01/21/2014,BUY,NVDQ,508,19.66,7.0
01/23/2014,BUY,HUBB,84,118.04,7.0
01/24/2014,SELL,NVDQ,508,18.84,7.0
01/27/2014,SELL,VWDRY,960,10.01,7.0
01/27/2014,SELL,HUBB,84,113.28,7.0
01/27/2014,SELL,SPLK,132,73.97,7.0
01/29/2014,SELL,M,179,53.39,7.0
01/29/2014,SELL,ENV,233,42.52,7.0
02/06/2014,BUY,GMT,176,56.74,7.0
02/07/2014,BUY,LVNTA,79,126.16,7.0
02/12/2014,BUY,SN,315,31.72,7.0
02/18/2014,SELL,SN,315,29.74,7.0
02/18/2014,BUY,PFPT,150,39.77,7.0
02/18/2014,BUY,NMBL,199,49.99,7.0
02/19/2014,BUY,FLS,123,80.6,7.0
02/21/2014,BUY,STRZA,320,31.15,7.0
02/24/2014,BUY,LEAF,352,28.36,7.0
02/25/2014,BUY,HUM,90,110.49,7.0
02/28/2014,SELL,NMBL,199,48.01,7.0
02/28/2014,BUY,HEI,160,62.19,7.0
03/12/2014,SELL,LEAF,352,26.15,7.0
03/12/2014,BUY,NUVA,266,37.48,7.0
03/13/2014,SELL,FLS,123,75.74,7.0
03/18/2014,BUY,LVNTA,42,142.31,7.0
03/18/2014,BUY,MFRM,209,47.76,7.0
03/21/2014,BUY,GMT,90,66.0,7.0
03/24/2014,SELL,PFPT,442,37.1,7.0
03/26/2014,SELL,LVNTA,121,130.34,7.0
03/26/2014,SELL,HEI,160,58.74,7.0
03/26/2014,SELL,NUVA,266,37.23,7.0
04/03/2014,BUY,BCPC,163,61.27,7.0
04/07/2014,SELL,BCPC,163,59.2,7.0
04/10/2014,SELL,MFRM,209,45.87,7.0
04/10/2014,SELL,HUM,90,109.66,7.0
04/10/2014,SELL,STRZA,320,31.46,7.0
04/17/2014,BUY,WSO,95,104.18,7.0
04/21/2014,BUY,AZN,144,69.1,7.0
04/22/2014,SELL,AZN,144,66.86,7.0
04/25/2014,BUY,ZBH,99,100.54,7.0
04/28/2014,SELL,GMT,266,64.87,7.0
04/30/2014,SELL,ZBH,99,96.8,7.0
05/01/2014,BUY,KEX,92,107.84,7.0
05/14/2014,SELL,WSO,95,100.69,7.0
05/28/2014,BUY,CAL,341,29.3,7.0
06/02/2014,SELL,CAL,341,27.83,7.0
06/09/2014,BUY,MTSI,454,21.99,7.0
06/11/2014,BUY,LNG,150,66.58,7.0
06/11/2014,BUY,FCNCA,39,251.91,7.0
06/17/2014,BUY,JWA,166,60.1,7.0
06/19/2014,BUY,GLOG,334,29.88,7.0
06/19/2014,BUY,FNV,180,55.47,7.0
06/19/2014,BUY,TAHO,392,25.49,7.0
06/19/2014,BUY,APD,77,129.7,7.0
07/01/2014,SELL,FCNCA,39,242.5,7.0
07/01/2014,BUY,ANET,131,76.0,7.0
07/07/2014,SELL,GLOG,334,28.23,7.0
07/07/2014,SELL,ANET,131,72.17,7.0
07/07/2014,BUY,MEI,270,37.01,7.0
07/07/2014,BUY,TGNA,313,31.88,7.0
07/08/2014,SELL,MTSI,454,21.03,7.0
07/10/2014,SELL,MEI,270,34.89,7.0
07/11/2014,BUY,KEX,46,116.49,7.0
07/23/2014,BUY,LEJU,683,13.15,7.0
07/28/2014,SELL,JWA,166,60.12,7.0
07/28/2014,BUY,JMEI,296,30.28,7.0
07/29/2014,BUY,LNG,72,74.46,7.0
07/31/2014,SELL,JMEI,296,28.54,7.0
08/01/2014,BUY,THC,171,52.34,7.0
08/05/2014,SELL,LEJU,683,11.94,7.0
08/07/2014,SELL,LNG,222,70.47,7.0
08/07/2014,SELL,APD,77,131.16,7.0
08/07/2014,BUY,LEAF,303,29.65,7.0
08/13/2014,BUY,KMI,231,38.77,7.0
08/15/2014,SELL,TAHO,392,25.74,7.0
08/21/2014,SELL,FNV,180,55.43,7.0
08/27/2014,BUY,ANET,108,83.16,7.0
08/28/2014,BUY,SIG,77,116.37,7.0
08/29/2014,BUY,GPRO,173,51.8,7.0
09/02/2014,BUY,KEX,29,120.63,7.0
09/04/2014,SELL,KMI,231,39.05,7.0
09/04/2014,BUY,MEI,226,39.72,7.0
09/05/2014,BUY,TGNA,160,33.5,7.0
09/08/2014,BUY,THC,91,58.99,7.0
09/09/2014,SELL,TGNA,473,32.38,7.0
09/10/2014,BUY,HQY,415,21.62,7.0
09/16/2014,SELL,HQY,415,20.1,7.0
09/16/2014,BUY,ALR,223,40.25,7.0
09/17/2014,BUY,LEAF,160,33.66,7.0
09/22/2014,SELL,SIG,77,114.26,7.0
09/22/2014,BUY,CLX,92,97.23,7.0
09/25/2014,SELL,MEI,226,38.04,7.0
09/25/2014,SELL,KEX,167,117.07,7.0
09/30/2014,SELL,ALR,223,38.78,7.0
09/30/2014,SELL,LEAF,463,31.93,7.0
09/30/2014,BUY,MYCC,453,19.83,7.0
10/01/2014,SELL,MYCC,453,19.2,7.0
10/01/2014,SELL,THC,262,57.74,7.0
10/03/2014,BUY,GPN,117,76.32,7.0
10/06/2014,BUY,KITE,273,32.83,7.0
10/07/2014,SELL,KITE,273,31.8,7.0
10/07/2014,SELL,ANET,108,82.81,7.0
10/09/2014,SELL,GPN,117,73.97,7.0
10/13/2014,BUY,CMN,231,38.86,7.0
10/14/2014,BUY,BDX,71,125.07,7.0
10/15/2014,BUY,AVA,268,33.53,7.0
10/16/2014,SELL,CMN,231,37.28,7.0
10/16/2014,SELL,BDX,71,120.78,7.0
10/21/2014,BUY,AKRX,217,41.29,7.0
10/27/2014,SELL,GPRO,173,64.91,7.0
10/27/2014,BUY,EPAM,191,46.91,7.0
10/30/2014,BUY,BMY,152,58.98,7.0
10/30/2014,BUY,BIN,318,28.25,7.0
10/30/2014,BUY,CACI,109,82.05,7.0
10/31/2014,BUY,FLT,59,150.56,7.0
11/03/2014,BUY,ZEN,340,26.4,7.0
11/05/2014,SELL,ZEN,340,24.96,7.0
11/06/2014,SELL,AKRX,217,37.88,7.0
11/12/2014,BUY,MSG,120,74.74,7.0
11/14/2014,SELL,AVA,268,33.46,7.0
11/19/2014,BUY,ENV,171,52.58,7.0
11/21/2014,BUY,SWIR,245,36.62,7.0
12/01/2014,SELL,ENV,171,49.55,7.0
12/05/2014,BUY,ENB,175,51.15,7.0
12/10/2014,SELL,ENB,175,47.99,7.0
12/10/2014,SELL,FLT,59,143.9,7.0
12/10/2014,SELL,MSG,120,72.21,7.0
12/16/2014,SELL,EPAM,191,46.24,7.0
12/16/2014,SELL,BMY,152,57.69,7.0
12/16/2014,SELL,CACI,109,83.36,7.0
12/18/2014,BUY,FGEN,320,28.05,7.0
12/18/2014,BUY,KRFT,141,63.38,7.0
12/22/2014,SELL,FGEN,320,26.32,7.0
12/24/2014,BUY,BIN,177,30.43,7.0
12/24/2014,BUY,VA,219,41.0,7.0
01/07/2015,SELL,VA,219,39.75,7.0
01/09/2015,BUY,AYI,59,151.5,7.0
01/12/2015,SELL,BIN,495,28.85,7.0
01/16/2015,SELL,SWIR,245,40.07,7.0
01/22/2015,BUY,HELE,115,77.53,7.0
01/22/2015,BUY,AGU,83,107.2,7.0
01/23/2015,BUY,SBUX,101,88.22,7.0
01/30/2015,SELL,HELE,115,75.22,7.0
01/30/2015,BUY,VAR,97,92.56,7.0
02/02/2015,BUY,CLX,50,107.83,7.0
02/05/2015,BUY,KLIC,564,15.92,7.0
02/06/2015,BUY,BLL,127,70.61,7.0
02/11/2015,SELL,KRFT,141,65.07,7.0
02/11/2015,BUY,SCI,368,24.39,7.0
03/06/2015,SELL,BLL,127,70.82,7.0
03/06/2015,BUY,AMBA,140,64.22,7.0
03/10/2015,SELL,AGU,83,110.1,7.0
03/10/2015,BUY,BMY,137,65.53,7.0
03/25/2015,SELL,KLIC,564,15.6,7.0
03/25/2015,SELL,BMY,137,64.7,7.0
03/25/2015,BUY,JUNO,168,53.48,7.0
03/25/2015,SELL,VAR,97,92.72,7.0
03/25/2015,BUY,NVRO,187,48.04,7.0
03/30/2015,BUY,CLX,32,110.76,7.0
03/30/2015,BUY,SBUX,56,95.98,7.0
04/01/2015,BUY,SCI,205,26.25,7.0
04/08/2015,BUY,AYI,31,168.96,7.0
04/17/2015,SELL,CLX,174,109.26,7.0
04/17/2015,BUY,TSE,408,22.0,7.0
04/20/2015,BUY,AMBA,72,74.56,7.0
04/27/2015,SELL,JUNO,168,50.81,7.0
04/29/2015,SELL,NVRO,187,47.08,7.0
04/29/2015,BUY,XPO,184,48.83,7.0
04/30/2015,BUY,AVG,375,23.92,7.0
05/01/2015,BUY,SCI,128,27.98,7.0
05/05/2015,SELL,TSE,408,21.83,7.0
05/05/2015,BUY,BFAM,166,53.95,7.0
05/08/2015,BUY,SBUX,72,49.78,7.0
06/02/2015,BUY,AYI,20,178.51,7.0
06/05/2015,SELL,XPO,184,48.63,7.0
06/05/2015,BUY,DGX,121,73.96,7.0
06/15/2015,SELL,DGX,121,72.67,7.0
06/15/2015,BUY,MBLY,178,50.34,7.0
06/17/2015,BUY,RDUS,173,51.73,7.0
06/17/2015,BUY,CMN,173,51.94,7.0
06/24/2015,BUY,ITCI,281,31.95,7.0
06/29/2015,SELL,ITCI,281,30.94,7.0
07/01/2015,BUY,AVG,196,27.43,7.0
