Thu Jan 02 08:00:00 GMT+00:00 2014 BUY  - VWDRY - 960 @10.4034 Total=9987.264
Fri Jan 03 08:00:00 GMT+00:00 2014 BUY  - PFPT - 292 @34.18 Total=9980.56
Tue Jan 07 08:00:00 GMT+00:00 2014 BUY  - SPLK - 132 @75.39 Total=9951.48
Thu Jan 09 08:00:00 GMT+00:00 2014 BUY  - M - 179 @55.8 Total=9988.2
Thu Jan 09 08:00:00 GMT+00:00 2014 BUY  - NTDOY - 547 @18.25 Total=9982.75
Fri Jan 10 08:00:00 GMT+00:00 2014 BUY  - FDML - 485 @20.57 Total=9976.45
Mon Jan 13 08:00:00 GMT+00:00 2014 SELL  - FDML - 485 @19.52 Total=9467.2
Mon Jan 13 08:00:00 GMT+00:00 2014 BUY  - ENV - 233 @42.75 Total=9960.75
Fri Jan 17 08:00:00 GMT+00:00 2014 SELL  - NTDOY - 547 @14.9 Total=8150.3
Tue Jan 21 08:00:00 GMT+00:00 2014 BUY  - NVDQ - 508 @19.66 Total=9987.28
Thu Jan 23 08:00:00 GMT+00:00 2014 BUY  - HUBB - 84 @118.04 Total=9915.36
Fri Jan 24 08:00:00 GMT+00:00 2014 SELL  - NVDQ - 508 @18.84 Total=9570.72
Mon Jan 27 08:00:00 GMT+00:00 2014 SELL  - VWDRY - 960 @10.01 Total=9609.6
Mon Jan 27 08:00:00 GMT+00:00 2014 SELL  - HUBB - 84 @113.28 Total=9515.52
Mon Jan 27 08:00:00 GMT+00:00 2014 SELL  - SPLK - 132 @73.97 Total=9764.04
Wed Jan 29 08:00:00 GMT+00:00 2014 SELL  - M - 179 @53.39 Total=9556.81
Wed Jan 29 08:00:00 GMT+00:00 2014 SELL  - ENV - 233 @42.52 Total=9907.16
Thu Feb 06 08:00:00 GMT+00:00 2014 BUY  - GMT - 176 @56.74 Total=9986.24
Fri Feb 07 08:00:00 GMT+00:00 2014 BUY  - LVNTA - 79 @126.16 Total=9966.64
Wed Feb 12 08:00:00 GMT+00:00 2014 BUY  - SN - 315 @31.72 Total=9991.8
Tue Feb 18 08:00:00 GMT+00:00 2014 SELL  - SN - 315 @29.74 Total=9368.1
Tue Feb 18 08:00:00 GMT+00:00 2014 BUY  - PFPT - 150 @39.77 Total=5965.5
Tue Feb 18 08:00:00 GMT+00:00 2014 BUY  - NMBL - 199 @49.99 Total=9948.01
Wed Feb 19 08:00:00 GMT+00:00 2014 BUY  - FLS - 123 @80.6 Total=9913.8
Fri Feb 21 08:00:00 GMT+00:00 2014 BUY  - STRZA - 320 @31.15 Total=9968.0
Mon Feb 24 08:00:00 GMT+00:00 2014 BUY  - LEAF - 352 @28.36 Total=9982.72
Tue Feb 25 08:00:00 GMT+00:00 2014 BUY  - HUM - 90 @110.49 Total=9944.1
Fri Feb 28 08:00:00 GMT+00:00 2014 SELL  - NMBL - 199 @48.01 Total=9553.99
Fri Feb 28 08:00:00 GMT+00:00 2014 BUY  - HEI - 160 @62.19 Total=9950.4
Wed Mar 12 08:00:00 GMT+00:00 2014 SELL  - LEAF - 352 @26.15 Total=9204.8
Wed Mar 12 08:00:00 GMT+00:00 2014 BUY  - NUVA - 266 @37.48 Total=9969.68
Thu Mar 13 08:00:00 GMT+00:00 2014 SELL  - FLS - 123 @75.74 Total=9316.02
Tue Mar 18 08:00:00 GMT+00:00 2014 BUY  - LVNTA - 42 @142.31 Total=5977.02
Tue Mar 18 08:00:00 GMT+00:00 2014 BUY  - MFRM - 209 @47.76 Total=9981.84
Fri Mar 21 08:00:00 GMT+00:00 2014 BUY  - GMT - 90 @66.0 Total=5940.0
Mon Mar 24 08:00:00 GMT+00:00 2014 SELL  - PFPT - 442 @37.1 Total=16398.2
Wed Mar 26 08:00:00 GMT+00:00 2014 SELL  - LVNTA - 121 @130.34 Total=15771.14
Wed Mar 26 08:00:00 GMT+00:00 2014 SELL  - HEI - 160 @58.74 Total=9398.4
Wed Mar 26 08:00:00 GMT+00:00 2014 SELL  - NUVA - 266 @37.23 Total=9903.18
Thu Apr 03 08:00:00 GMT+00:00 2014 BUY  - BCPC - 163 @61.27 Total=9987.01
Mon Apr 07 08:00:00 GMT+00:00 2014 SELL  - BCPC - 163 @59.2 Total=9649.6
Thu Apr 10 08:00:00 GMT+00:00 2014 SELL  - MFRM - 209 @45.87 Total=9586.83
Thu Apr 10 08:00:00 GMT+00:00 2014 SELL  - HUM - 90 @109.66 Total=9869.4
Thu Apr 10 08:00:00 GMT+00:00 2014 SELL  - STRZA - 320 @31.46 Total=10067.2
Thu Apr 17 08:00:00 GMT+00:00 2014 BUY  - WSO - 95 @104.18 Total=9897.1
Mon Apr 21 08:00:00 GMT+00:00 2014 BUY  - AZN - 144 @69.1 Total=9950.4
Tue Apr 22 08:00:00 GMT+00:00 2014 SELL  - AZN - 144 @66.86 Total=9627.84
Fri Apr 25 08:00:00 GMT+00:00 2014 BUY  - ZBH - 99 @100.54 Total=9953.46
Mon Apr 28 08:00:00 GMT+00:00 2014 SELL  - GMT - 266 @64.87 Total=17255.42
Wed Apr 30 08:00:00 GMT+00:00 2014 SELL  - ZBH - 99 @96.8 Total=9583.2
Thu May 01 08:00:00 GMT+00:00 2014 BUY  - KEX - 92 @107.84 Total=9921.28
Wed May 14 08:00:00 GMT+00:00 2014 SELL  - WSO - 95 @100.69 Total=9565.55
Wed May 28 08:00:00 GMT+00:00 2014 BUY  - CAL - 341 @29.3 Total=9991.3
Mon Jun 02 08:00:00 GMT+00:00 2014 SELL  - CAL - 341 @27.83 Total=9490.03
Mon Jun 09 08:00:00 GMT+00:00 2014 BUY  - MTSI - 454 @21.99 Total=9983.46
Wed Jun 11 08:00:00 GMT+00:00 2014 BUY  - LNG - 150 @66.58 Total=9987.0
Wed Jun 11 08:00:00 GMT+00:00 2014 BUY  - FCNCA - 39 @251.91 Total=9824.49
Tue Jun 17 08:00:00 GMT+00:00 2014 BUY  - JWA - 166 @60.1 Total=9976.6
Thu Jun 19 08:00:00 GMT+00:00 2014 BUY  - GLOG - 334 @29.88 Total=9979.92
Thu Jun 19 08:00:00 GMT+00:00 2014 BUY  - FNV - 180 @55.47 Total=9984.6
Thu Jun 19 08:00:00 GMT+00:00 2014 BUY  - TAHO - 392 @25.49 Total=9992.08
Thu Jun 19 08:00:00 GMT+00:00 2014 BUY  - APD - 77 @129.7 Total=9986.9
Tue Jul 01 08:00:00 GMT+00:00 2014 SELL  - FCNCA - 39 @242.5 Total=9457.5
Tue Jul 01 08:00:00 GMT+00:00 2014 BUY  - ANET - 131 @76.0 Total=9956.0
Mon Jul 07 08:00:00 GMT+00:00 2014 SELL  - GLOG - 334 @28.23 Total=9428.82
Mon Jul 07 08:00:00 GMT+00:00 2014 SELL  - ANET - 131 @72.17 Total=9454.27
Mon Jul 07 08:00:00 GMT+00:00 2014 BUY  - MEI - 270 @37.01 Total=9992.7
Mon Jul 07 08:00:00 GMT+00:00 2014 BUY  - TGNA - 313 @31.88 Total=9978.44
Tue Jul 08 08:00:00 GMT+00:00 2014 SELL  - MTSI - 454 @21.03 Total=9547.62
Thu Jul 10 08:00:00 GMT+00:00 2014 SELL  - MEI - 270 @34.89 Total=9420.3
Fri Jul 11 08:00:00 GMT+00:00 2014 BUY  - KEX - 46 @116.49 Total=5358.54
Wed Jul 23 08:00:00 GMT+00:00 2014 BUY  - LEJU - 683 @13.15 Total=8981.45
Mon Jul 28 08:00:00 GMT+00:00 2014 SELL  - JWA - 166 @60.12 Total=9979.92
Mon Jul 28 08:00:00 GMT+00:00 2014 BUY  - JMEI - 296 @30.28 Total=8962.88
Tue Jul 29 08:00:00 GMT+00:00 2014 BUY  - LNG - 72 @74.46 Total=5361.12
Thu Jul 31 08:00:00 GMT+00:00 2014 SELL  - JMEI - 296 @28.54 Total=8447.84
Fri Aug 01 08:00:00 GMT+00:00 2014 BUY  - THC - 171 @52.34 Total=8950.14
Tue Aug 05 08:00:00 GMT+00:00 2014 SELL  - LEJU - 683 @11.94 Total=8155.02
Thu Aug 07 08:00:00 GMT+00:00 2014 SELL  - LNG - 222 @70.47 Total=15644.34
Thu Aug 07 08:00:00 GMT+00:00 2014 SELL  - APD - 77 @131.16 Total=10099.32
Thu Aug 07 08:00:00 GMT+00:00 2014 BUY  - LEAF - 303 @29.65 Total=8983.95
Wed Aug 13 08:00:00 GMT+00:00 2014 BUY  - KMI - 231 @38.77 Total=8955.87
Fri Aug 15 08:00:00 GMT+00:00 2014 SELL  - TAHO - 392 @25.74 Total=10090.08
Thu Aug 21 08:00:00 GMT+00:00 2014 SELL  - FNV - 180 @55.43 Total=9977.4
Wed Aug 27 08:00:00 GMT+00:00 2014 BUY  - ANET - 108 @83.16 Total=8981.28
Thu Aug 28 08:00:00 GMT+00:00 2014 BUY  - SIG - 77 @116.37 Total=8960.49
Fri Aug 29 08:00:00 GMT+00:00 2014 BUY  - GPRO - 173 @51.8 Total=8961.4
Tue Sep 02 08:00:00 GMT+00:00 2014 BUY  - KEX - 29 @120.63 Total=3498.27
Thu Sep 04 08:00:00 GMT+00:00 2014 SELL  - KMI - 231 @39.05 Total=9020.55
Thu Sep 04 08:00:00 GMT+00:00 2014 BUY  - MEI - 226 @39.72 Total=8976.72
Fri Sep 05 08:00:00 GMT+00:00 2014 BUY  - TGNA - 160 @33.5 Total=5360.0
Mon Sep 08 08:00:00 GMT+00:00 2014 BUY  - THC - 91 @58.99 Total=5368.09
Tue Sep 09 08:00:00 GMT+00:00 2014 SELL  - TGNA - 473 @32.38 Total=15315.74
Wed Sep 10 08:00:00 GMT+00:00 2014 BUY  - HQY - 415 @21.62 Total=8972.3
Tue Sep 16 08:00:00 GMT+00:00 2014 SELL  - HQY - 415 @20.1 Total=8341.5
Tue Sep 16 08:00:00 GMT+00:00 2014 BUY  - ALR - 223 @40.25 Total=8975.75
Wed Sep 17 08:00:00 GMT+00:00 2014 BUY  - LEAF - 160 @33.66 Total=5385.6
Mon Sep 22 08:00:00 GMT+00:00 2014 SELL  - SIG - 77 @114.26 Total=8798.02
Mon Sep 22 08:00:00 GMT+00:00 2014 BUY  - CLX - 92 @97.23 Total=8945.16
Thu Sep 25 08:00:00 GMT+00:00 2014 SELL  - MEI - 226 @38.04 Total=8597.04
Thu Sep 25 08:00:00 GMT+00:00 2014 SELL  - KEX - 167 @117.07 Total=19550.69
Tue Sep 30 08:00:00 GMT+00:00 2014 SELL  - ALR - 223 @38.78 Total=8647.94
Tue Sep 30 08:00:00 GMT+00:00 2014 SELL  - LEAF - 463 @31.93 Total=14783.59
Tue Sep 30 08:00:00 GMT+00:00 2014 BUY  - MYCC - 453 @19.83 Total=8982.99
Wed Oct 01 08:00:00 GMT+00:00 2014 SELL  - MYCC - 453 @19.2 Total=8697.6
Wed Oct 01 08:00:00 GMT+00:00 2014 SELL  - THC - 262 @57.74 Total=15127.88
Fri Oct 03 08:00:00 GMT+00:00 2014 BUY  - GPN - 117 @76.32 Total=8929.44
Mon Oct 06 08:00:00 GMT+00:00 2014 BUY  - KITE - 273 @32.83 Total=8962.59
Tue Oct 07 08:00:00 GMT+00:00 2014 SELL  - KITE - 273 @31.8 Total=8681.4
Tue Oct 07 08:00:00 GMT+00:00 2014 SELL  - ANET - 108 @82.81 Total=8943.48
Thu Oct 09 08:00:00 GMT+00:00 2014 SELL  - GPN - 117 @73.97 Total=8654.49
Mon Oct 13 08:00:00 GMT+00:00 2014 BUY  - CMN - 231 @38.86 Total=8976.66
Tue Oct 14 08:00:00 GMT+00:00 2014 BUY  - BDX - 71 @125.07 Total=8879.97
Wed Oct 15 08:00:00 GMT+00:00 2014 BUY  - AVA - 268 @33.53 Total=8986.04
Thu Oct 16 08:00:00 GMT+00:00 2014 SELL  - CMN - 231 @37.28 Total=8611.68
Thu Oct 16 08:00:00 GMT+00:00 2014 SELL  - BDX - 71 @120.78 Total=8575.38
Tue Oct 21 08:00:00 GMT+00:00 2014 BUY  - AKRX - 217 @41.29 Total=8959.93
Mon Oct 27 08:00:00 GMT+00:00 2014 SELL  - GPRO - 173 @64.91 Total=11229.43
Mon Oct 27 08:00:00 GMT+00:00 2014 BUY  - EPAM - 191 @46.91 Total=8959.81
Thu Oct 30 08:00:00 GMT+00:00 2014 BUY  - BMY - 152 @58.98 Total=8964.96
Thu Oct 30 08:00:00 GMT+00:00 2014 BUY  - BIN - 318 @28.25 Total=8983.5
Thu Oct 30 08:00:00 GMT+00:00 2014 BUY  - CACI - 109 @82.05 Total=8943.45
Fri Oct 31 08:00:00 GMT+00:00 2014 BUY  - FLT - 59 @150.56 Total=8883.04
Mon Nov 03 08:00:00 GMT+00:00 2014 BUY  - ZEN - 340 @26.4 Total=8976.0
Wed Nov 05 08:00:00 GMT+00:00 2014 SELL  - ZEN - 340 @24.96 Total=8486.4
Thu Nov 06 08:00:00 GMT+00:00 2014 SELL  - AKRX - 217 @37.88 Total=8219.96
Wed Nov 12 08:00:00 GMT+00:00 2014 BUY  - MSG - 120 @74.74 Total=8968.8
Fri Nov 14 08:00:00 GMT+00:00 2014 SELL  - AVA - 268 @33.46 Total=8967.28
Wed Nov 19 08:00:00 GMT+00:00 2014 BUY  - ENV - 171 @52.58 Total=8991.18
Fri Nov 21 08:00:00 GMT+00:00 2014 BUY  - SWIR - 245 @36.62 Total=8971.9
Mon Dec 01 08:00:00 GMT+00:00 2014 SELL  - ENV - 171 @49.55 Total=8473.05
Fri Dec 05 08:00:00 GMT+00:00 2014 BUY  - ENB - 175 @51.15 Total=8951.25
Wed Dec 10 08:00:00 GMT+00:00 2014 SELL  - ENB - 175 @47.99 Total=8398.25
Wed Dec 10 08:00:00 GMT+00:00 2014 SELL  - FLT - 59 @143.9 Total=8490.1
Wed Dec 10 08:00:00 GMT+00:00 2014 SELL  - MSG - 120 @72.21 Total=8665.2
Tue Dec 16 08:00:00 GMT+00:00 2014 SELL  - EPAM - 191 @46.24 Total=8831.84
Tue Dec 16 08:00:00 GMT+00:00 2014 SELL  - BMY - 152 @57.69 Total=8768.88
Tue Dec 16 08:00:00 GMT+00:00 2014 SELL  - CACI - 109 @83.36 Total=9086.24
Thu Dec 18 08:00:00 GMT+00:00 2014 BUY  - FGEN - 320 @28.05 Total=8976.0
Thu Dec 18 08:00:00 GMT+00:00 2014 BUY  - KRFT - 141 @63.38 Total=8936.58
Mon Dec 22 08:00:00 GMT+00:00 2014 SELL  - FGEN - 320 @26.32 Total=8422.4
Wed Dec 24 08:00:00 GMT+00:00 2014 BUY  - BIN - 177 @30.43 Total=5386.11
Wed Dec 24 08:00:00 GMT+00:00 2014 BUY  - VA - 219 @41.0 Total=8979.0
Wed Jan 07 08:00:00 GMT+00:00 2015 SELL  - VA - 219 @39.75 Total=8705.25
Fri Jan 09 08:00:00 GMT+00:00 2015 BUY  - AYI - 59 @151.5 Total=8938.5
Mon Jan 12 08:00:00 GMT+00:00 2015 SELL  - BIN - 495 @28.85 Total=14280.75
Fri Jan 16 08:00:00 GMT+00:00 2015 SELL  - SWIR - 245 @40.07 Total=9817.15
Thu Jan 22 08:00:00 GMT+00:00 2015 BUY  - HELE - 115 @77.53 Total=8915.95
Thu Jan 22 08:00:00 GMT+00:00 2015 BUY  - AGU - 83 @107.2 Total=8897.6
Fri Jan 23 08:00:00 GMT+00:00 2015 BUY  - SBUX - 101 @88.22 Total=8910.22
Fri Jan 30 08:00:00 GMT+00:00 2015 SELL  - HELE - 115 @75.22 Total=8650.3
Fri Jan 30 08:00:00 GMT+00:00 2015 BUY  - VAR - 97 @92.56 Total=8978.32
Mon Feb 02 08:00:00 GMT+00:00 2015 BUY  - CLX - 50 @107.83 Total=5391.5
Thu Feb 05 08:00:00 GMT+00:00 2015 BUY  - KLIC - 564 @15.92 Total=8978.88
Fri Feb 06 08:00:00 GMT+00:00 2015 BUY  - BLL - 127 @70.61 Total=8967.47
Wed Feb 11 08:00:00 GMT+00:00 2015 SELL  - KRFT - 141 @65.07 Total=9174.87
Wed Feb 11 08:00:00 GMT+00:00 2015 BUY  - SCI - 368 @24.39 Total=8975.52
Fri Mar 06 08:00:00 GMT+00:00 2015 SELL  - BLL - 127 @70.82 Total=8994.14
Fri Mar 06 08:00:00 GMT+00:00 2015 BUY  - AMBA - 140 @64.22 Total=8990.8
Tue Mar 10 08:00:00 GMT+00:00 2015 SELL  - AGU - 83 @110.1 Total=9138.3
Tue Mar 10 08:00:00 GMT+00:00 2015 BUY  - BMY - 137 @65.53 Total=8977.61
Wed Mar 25 08:00:00 GMT+00:00 2015 SELL  - KLIC - 564 @15.6 Total=8798.4
Wed Mar 25 08:00:00 GMT+00:00 2015 SELL  - BMY - 137 @64.7 Total=8863.9
Wed Mar 25 08:00:00 GMT+00:00 2015 BUY  - JUNO - 168 @53.48 Total=8984.64
Wed Mar 25 08:00:00 GMT+00:00 2015 SELL  - VAR - 97 @92.72 Total=8993.84
Wed Mar 25 08:00:00 GMT+00:00 2015 BUY  - NVRO - 187 @48.04 Total=8983.48
Mon Mar 30 08:00:00 GMT+00:00 2015 BUY  - CLX - 32 @110.76 Total=3544.32
Mon Mar 30 08:00:00 GMT+00:00 2015 BUY  - SBUX - 56 @95.98 Total=5374.88
Wed Apr 01 08:00:00 GMT+00:00 2015 BUY  - SCI - 205 @26.25 Total=5381.25
Wed Apr 08 08:00:00 GMT+00:00 2015 BUY  - AYI - 31 @168.96 Total=5237.76
Fri Apr 17 08:00:00 GMT+00:00 2015 SELL  - CLX - 174 @109.26 Total=19011.24
Fri Apr 17 08:00:00 GMT+00:00 2015 BUY  - TSE - 408 @22.0 Total=8976.0
Mon Apr 20 08:00:00 GMT+00:00 2015 BUY  - AMBA - 72 @74.56 Total=5368.32
Mon Apr 27 08:00:00 GMT+00:00 2015 SELL  - JUNO - 168 @50.81 Total=8536.08
Wed Apr 29 08:00:00 GMT+00:00 2015 SELL  - NVRO - 187 @47.08 Total=8803.96
Wed Apr 29 08:00:00 GMT+00:00 2015 BUY  - XPO - 184 @48.83 Total=8984.72
Thu Apr 30 08:00:00 GMT+00:00 2015 BUY  - AVG - 375 @23.92 Total=8970.0
Fri May 01 08:00:00 GMT+00:00 2015 BUY  - SCI - 128 @27.98 Total=3581.44
Tue May 05 08:00:00 GMT+00:00 2015 SELL  - TSE - 408 @21.83 Total=8906.64
Tue May 05 08:00:00 GMT+00:00 2015 BUY  - BFAM - 166 @53.95 Total=8955.7
Fri May 08 08:00:00 GMT+00:00 2015 BUY  - SBUX - 72 @49.78 Total=3584.16
Tue Jun 02 08:00:00 GMT+00:00 2015 BUY  - AYI - 20 @178.51 Total=3570.2
Fri Jun 05 08:00:00 GMT+00:00 2015 SELL  - XPO - 184 @48.63 Total=8947.92
Fri Jun 05 08:00:00 GMT+00:00 2015 BUY  - DGX - 121 @73.96 Total=8949.16
Mon Jun 15 08:00:00 GMT+00:00 2015 SELL  - DGX - 121 @72.67 Total=8793.07
Mon Jun 15 08:00:00 GMT+00:00 2015 BUY  - MBLY - 178 @50.34 Total=8960.52
Wed Jun 17 08:00:00 GMT+00:00 2015 BUY  - RDUS - 173 @51.73 Total=8949.29
Wed Jun 17 08:00:00 GMT+00:00 2015 BUY  - CMN - 173 @51.94 Total=8985.62
Wed Jun 24 08:00:00 GMT+00:00 2015 BUY  - ITCI - 281 @31.95 Total=8977.95
Mon Jun 29 08:00:00 GMT+00:00 2015 SELL  - ITCI - 281 @30.94 Total=8694.14
Wed Jul 01 08:00:00 GMT+00:00 2015 BUY  - AVG - 196 @27.43 Total=5376.28
