Fri Jan 03 08:00:00 GMT+00:00 2014 BUY  - MKTO - 242 @41.22 Total=9975.24
Fri Jan 03 08:00:00 GMT+00:00 2014 BUY  - PFPT - 292 @34.18 Total=9980.56
Tue Jan 07 08:00:00 GMT+00:00 2014 BUY  - SPLK - 132 @75.39 Total=9951.48
Thu Jan 09 08:00:00 GMT+00:00 2014 BUY  - M - 179 @55.8 Total=9988.2
Wed Jan 29 08:00:00 GMT+00:00 2014 SELL  - M - 179 @53.39 Total=9556.81
Wed Jan 29 08:00:00 GMT+00:00 2014 SELL  - SPLK - 132 @73.03 Total=9639.96
Wed Jan 29 08:00:00 GMT+00:00 2014 SELL  - PFPT - 292 @34.91 Total=10193.72
Mon Feb 03 08:00:00 GMT+00:00 2014 SELL  - MKTO - 242 @38.83 Total=9396.86
Mon Feb 10 08:00:00 GMT+00:00 2014 BUY  - SALE - 241 @41.33 Total=9960.53
Wed Feb 12 08:00:00 GMT+00:00 2014 BUY  - SN - 315 @31.72 Total=9991.8
Thu Feb 13 08:00:00 GMT+00:00 2014 BUY  - TWC - 69 @144.81 Total=9991.89
Tue Feb 18 08:00:00 GMT+00:00 2014 SELL  - SN - 315 @29.74 Total=9368.1
Wed Feb 19 08:00:00 GMT+00:00 2014 BUY  - FLS - 123 @80.6 Total=9913.8
Wed Feb 26 08:00:00 GMT+00:00 2014 BUY  - HEI - 159 @62.7 Total=9969.3
Tue Mar 04 08:00:00 GMT+00:00 2014 BUY  - NUVA - 254 @39.29 Total=9979.66
Thu Mar 06 08:00:00 GMT+00:00 2014 SELL  - NUVA - 254 @37.29 Total=9471.66
Mon Mar 10 08:00:00 GMT+00:00 2014 SELL  - SALE - 241 @40.6 Total=9784.6
Tue Mar 11 08:00:00 GMT+00:00 2014 BUY  - EMES - 199 @50.1 Total=9969.9
Thu Mar 13 08:00:00 GMT+00:00 2014 SELL  - TWC - 69 @137.49 Total=9486.81
Thu Mar 13 08:00:00 GMT+00:00 2014 SELL  - FLS - 123 @75.74 Total=9316.02
Wed Mar 26 08:00:00 GMT+00:00 2014 SELL  - HEI - 159 @58.74 Total=9339.66
Fri May 16 08:00:00 GMT+00:00 2014 SELL  - EMES - 199 @76.4 Total=15203.6
Wed May 28 08:00:00 GMT+00:00 2014 BUY  - CAL - 341 @29.3 Total=9991.3
Mon Jun 02 08:00:00 GMT+00:00 2014 SELL  - CAL - 341 @27.83 Total=9490.03
Tue Jun 17 08:00:00 GMT+00:00 2014 BUY  - JWA - 166 @60.1 Total=9976.6
Thu Jun 19 08:00:00 GMT+00:00 2014 BUY  - GLOG - 334 @29.88 Total=9979.92
Fri Jun 20 08:00:00 GMT+00:00 2014 BUY  - GMLP - 269 @37.08 Total=9974.52
Fri Jun 20 08:00:00 GMT+00:00 2014 BUY  - KS - 300 @33.21 Total=9963.0
Wed Jun 25 08:00:00 GMT+00:00 2014 BUY  - GCI - 325 @30.67 Total=9967.75
Mon Jul 07 08:00:00 GMT+00:00 2014 SELL  - GLOG - 334 @28.23 Total=9428.82
Mon Jul 07 08:00:00 GMT+00:00 2014 SELL  - KS - 300 @30.55 Total=9165.0
Fri Jul 11 08:00:00 GMT+00:00 2014 SELL  - GMLP - 269 @35.05 Total=9428.45
Thu Aug 07 08:00:00 GMT+00:00 2014 SELL  - JWA - 166 @58.94 Total=9784.04
Thu Sep 04 08:00:00 GMT+00:00 2014 BUY  - MEI - 251 @39.72 Total=9969.72
Fri Sep 05 08:00:00 GMT+00:00 2014 BUY  - GCI - 178 @33.5 Total=5963.0
Tue Sep 09 08:00:00 GMT+00:00 2014 SELL  - GCI - 503 @32.38 Total=16287.14
Thu Sep 25 08:00:00 GMT+00:00 2014 SELL  - MEI - 251 @38.04 Total=9548.04
Tue Oct 21 08:00:00 GMT+00:00 2014 BUY  - AKRX - 242 @41.29 Total=9992.18
Mon Oct 27 08:00:00 GMT+00:00 2014 BUY  - EPAM - 213 @46.91 Total=9991.83
Thu Oct 30 08:00:00 GMT+00:00 2014 BUY  - BMY - 169 @58.98 Total=9967.62
Thu Oct 30 08:00:00 GMT+00:00 2014 BUY  - BIN - 353 @28.25 Total=9972.25
Thu Oct 30 08:00:00 GMT+00:00 2014 BUY  - CACI - 121 @82.05 Total=9928.05
Thu Nov 06 08:00:00 GMT+00:00 2014 SELL  - AKRX - 242 @37.88 Total=9166.96
Tue Dec 16 08:00:00 GMT+00:00 2014 SELL  - EPAM - 213 @46.24 Total=9849.12
Tue Dec 16 08:00:00 GMT+00:00 2014 SELL  - BMY - 169 @57.69 Total=9749.61
Tue Dec 16 08:00:00 GMT+00:00 2014 SELL  - CACI - 121 @83.36 Total=10086.56
Thu Dec 18 08:00:00 GMT+00:00 2014 BUY  - KRFT - 157 @63.38 Total=9950.66
Wed Dec 24 08:00:00 GMT+00:00 2014 BUY  - BIN - 196 @30.43 Total=5964.28
Mon Jan 12 08:00:00 GMT+00:00 2015 SELL  - BIN - 549 @28.85 Total=15838.65
Fri Jan 23 08:00:00 GMT+00:00 2015 BUY  - SBUX - 113 @88.22 Total=9968.86
Tue Feb 10 08:00:00 GMT+00:00 2015 BUY  - SEE - 220 @45.27 Total=9959.4
Wed Feb 11 08:00:00 GMT+00:00 2015 BUY  - SCI - 409 @24.39 Total=9975.51
Fri Feb 13 08:00:00 GMT+00:00 2015 BUY  - EIGI - 512 @19.49 Total=9978.88
Fri Mar 06 08:00:00 GMT+00:00 2015 SELL  - KRFT - 157 @62.02 Total=9737.14
Wed Mar 11 08:00:00 GMT+00:00 2015 SELL  - EIGI - 512 @18.11 Total=9272.32
Thu Mar 12 08:00:00 GMT+00:00 2015 BUY  - SBUX - 64 @93.38 Total=5976.32
Thu Apr 09 08:00:00 GMT+00:00 2015 BUY  - SBUX - 83 @47.96 Total=3980.68
Wed Apr 15 08:00:00 GMT+00:00 2015 SELL  - SEE - 220 @44.46 Total=9781.2
Tue Apr 28 08:00:00 GMT+00:00 2015 BUY  - HQY - 359 @27.76 Total=9965.84
Wed Apr 29 08:00:00 GMT+00:00 2015 BUY  - XPO - 204 @48.83 Total=9961.32
Thu Apr 30 08:00:00 GMT+00:00 2015 SELL  - HQY - 359 @26.21 Total=9409.39
Wed May 20 08:00:00 GMT+00:00 2015 BUY  - TWC - 60 @166.55 Total=9993.0
Tue May 26 08:00:00 GMT+00:00 2015 SELL  - TWC - 60 @183.6 Total=11016.0
Wed May 27 08:00:00 GMT+00:00 2015 BUY  - AMED - 315 @31.67 Total=9976.05
Fri Jun 05 08:00:00 GMT+00:00 2015 BUY  - JUNO - 146 @68.36 Total=9980.56
Tue Jun 09 08:00:00 GMT+00:00 2015 SELL  - JUNO - 146 @62.14 Total=9072.44
Tue Jun 09 08:00:00 GMT+00:00 2015 BUY  - CMN - 192 @52.0 Total=9984.0
Fri Jun 12 08:00:00 GMT+00:00 2015 SELL  - XPO - 204 @47.46 Total=9681.84
Wed Jun 17 08:00:00 GMT+00:00 2015 BUY  - RDUS - 193 @51.73 Total=9983.89
