Fri Jan 16 08:00:00 GMT+00:00 2015 BUY  - AYI - 66 @150.64 Total=9942.24
Thu Jan 22 08:00:00 GMT+00:00 2015 BUY  - HELE - 128 @77.53 Total=9923.84
Thu Jan 22 08:00:00 GMT+00:00 2015 BUY  - AGU - 93 @107.2 Total=9969.6
Fri Jan 23 08:00:00 GMT+00:00 2015 BUY  - SBUX - 113 @88.22 Total=9968.86
Fri Jan 30 08:00:00 GMT+00:00 2015 SELL  - HELE - 128 @75.22 Total=9628.16
Thu Feb 05 08:00:00 GMT+00:00 2015 BUY  - BLL - 138 @72.03 Total=9940.14
Fri Feb 06 08:00:00 GMT+00:00 2015 BUY  - VAR - 107 @92.53 Total=9900.71
Wed Mar 04 08:00:00 GMT+00:00 2015 SELL  - BLL - 138 @71.3 Total=9839.4
Wed Mar 04 08:00:00 GMT+00:00 2015 BUY  - EIGI - 515 @19.39 Total=9985.85
Fri Mar 06 08:00:00 GMT+00:00 2015 SELL  - AGU - 93 @110.42 Total=10269.06
Fri Mar 06 08:00:00 GMT+00:00 2015 BUY  - EPAM - 168 @59.45 Total=9987.6
Tue Mar 10 08:00:00 GMT+00:00 2015 SELL  - VAR - 107 @92.53 Total=9900.71
Tue Mar 10 08:00:00 GMT+00:00 2015 BUY  - CBPO - 122 @81.58 Total=9952.76
Wed Mar 11 08:00:00 GMT+00:00 2015 SELL  - EIGI - 515 @18.11 Total=9326.65
Wed Mar 11 08:00:00 GMT+00:00 2015 BUY  - LCI - 156 @63.82 Total=9955.92
Mon Mar 30 08:00:00 GMT+00:00 2015 BUY  - SBUX - 62 @95.98 Total=5950.76
Wed Apr 08 08:00:00 GMT+00:00 2015 BUY  - AYI - 35 @168.96 Total=5913.6
Thu Apr 23 08:00:00 GMT+00:00 2015 BUY  - LCI - 88 @67.4 Total=5931.2
Mon Apr 27 08:00:00 GMT+00:00 2015 SELL  - LCI - 244 @61.9 Total=15103.6
Mon Apr 27 08:00:00 GMT+00:00 2015 BUY  - SIG - 73 @136.62 Total=9973.26
Thu Apr 30 08:00:00 GMT+00:00 2015 SELL  - AYI - 101 @166.95 Total=16861.95
Thu Apr 30 08:00:00 GMT+00:00 2015 BUY  - AVG - 417 @23.92 Total=9974.64
Fri May 01 08:00:00 GMT+00:00 2015 BUY  - EPAM - 89 @66.79 Total=5944.31
Fri May 01 08:00:00 GMT+00:00 2015 BUY  - CBPO - 61 @98.2 Total=5990.2
Fri May 08 08:00:00 GMT+00:00 2015 BUY  - SBUX - 80 @49.78 Total=3982.4
Wed May 13 08:00:00 GMT+00:00 2015 SELL  - SIG - 73 @135.23 Total=9871.79
Wed May 13 08:00:00 GMT+00:00 2015 BUY  - AMBA - 136 @73.11 Total=9942.96
Mon Jun 15 08:00:00 GMT+00:00 2015 BUY  - EPAM - 56 @70.98 Total=3974.88
Mon Jun 15 08:00:00 GMT+00:00 2015 BUY  - CBPO - 36 @109.91 Total=3956.76
Mon Jun 29 08:00:00 GMT+00:00 2015 SELL  - EPAM - 313 @69.58 Total=21778.54
Mon Jun 29 08:00:00 GMT+00:00 2015 BUY  - BRLI - 249 @40.02 Total=9964.98
Wed Jul 01 08:00:00 GMT+00:00 2015 BUY  - AVG - 218 @27.43 Total=5979.74
