Fri Jan 02 08:00:00 GMT+00:00 2015: Bases processed : DDS-W, GPX-W, SJI-W, SYNL-W, WRE-W, GAS-W, BIO-W, ASMI-D, ASMI-W, ABM-W, CTWS-W, GFI-D, QDEL-W, AN-W, UTMD-W, UAM-W, ONB-W, HCSG-W, SBCF-W, TPHS-D, TPHS-W, ASYS-D, WSM-W, FULT-W, MBVT-W, MVF-D, MVF-W, DJCO-W, SKYW-W, SUBK-W, WTS-W, DNP-W, NQS-D, NQS-W, DMF-W, MHF-W, NIO-W, HALL-W, NBTB-W, GSBC-W, DV-W, VMO-D, VMO-W, WINA-W, SYBT-W, BYD-W, RWT-W, ALLB-W, TDF-W, DVA-W, MIG-W, ALV-W, AXTI-W, REIS-W, SASR-W, MFL-W, MMV-W, GBL-W, MUE-D, MUE-W, BSRR-W, PFSW-W, XLI-W, FCBC-W, EMI-W, INAP-W, HOFT-D, HOFT-W, CHFN-W, PWOD-W, BLJ-W, VBR-W, DRAD-W, MFLX-W, HEOP-W, SNX-W, EBTC-W, PFBC-W, PXSG-W, PEJ-W, PBIP-W, FDL-W, ISBC-W, QVCB-W, GFN-W, COWN-D, COWN-W, PGF-D, PGF-W, UWM-W, TTGT-W, VRTU-W, SEP-W, TLO-D, TLO-W, FGB-W, SCHA-W, HI-W, IQNT-W, APEI-W, FSFG-W, MTT-W, LTPZ-D, LTPZ-W, CPI-W, IRWD-W, BBN-W, KRU-W, CJJD-W, IVOO-W, IPHI-W, SBRA-W, SIBC-W, XMPT-D, XMPT-W, NLNK-D, NLNK-W, RLGT-D, RLGT-W, BOTJ-W, BV-W, ARGS-W, ALSN-W, EMLP-W, LOCK-W, CAPL-W, MPLX-W, CONE-W, BCC-D, BCC-W, XSLV-W, PGEM-W, IBDD-D, IBDD-W, CVT-W, DOOR-W, HMHC-W, EGRX-D, EGRX-W, GEUR-W, FNFV-W, CDC-W, VRTV-D, VRTV-W, MRNS-W, BHBK-W, TRTL-W, PRQR-W, BCLI-W, XENE-W, DBVT-W, CHRS-W, BGSF-W, ARKK-D, ARKK-W, NDRM-W, CNV-W, PGRE-W, HDP-W, NEWR-W, 
Fri Jan 02 08:00:00 GMT+00:00 2015: signals : 
Fri Jan 02 08:00:00 GMT+00:00 2015: Signals ordered by strength : 
Thu Jan 08 08:00:00 GMT+00:00 2015: Bases processed : PCH-D, TMO-D, TAP-D, BAM-D, LABL-D, NMA-D, NQP-D, ZBRA-D, BSX-D, DHI-D, MCRI-D, BKS-D, WMAR-D, PENN-D, WAT-D, IMH-D, NLS-D, EPR-D, MRVL-D, ILMN-D, UMC-D, ANTM-D, MANT-D, NRK-D, HPF-D, HPS-D, FXI-D, CMG-D, ITB-D, MSBF-D, GXC-D, IDI-D, TREE-D, TRNO-D, FSL-D, TSRO-D, XPLR-D, QTS-D, PFNX-D, WK-D, 
Thu Jan 08 08:00:00 GMT+00:00 2015: signals : 
Thu Jan 08 08:00:00 GMT+00:00 2015: Signals ordered by strength : 
Fri Jan 09 08:00:00 GMT+00:00 2015: Bases processed : BDX-W, CPB-D, FRS-W, PCH-W, PHM-W, PSA-W, TMO-W, WMT-W, TAP-W, EDUC-W, HELE-D, HELE-W, TAYD-W, VLGEA-W, BAM-W, SRSC-W, MNST-W, ARKR-D, ARKR-W, NVR-W, NUV-W, EBIX-W, LABL-W, MNR-W, NMI-W, CMT-D, CMT-W, KTF-D, KTF-W, MEN-W, CXH-W, NPP-W, NMA-W, MOC-W, NQI-W, NQP-W, VKQ-W, MYM-W, MYI-W, MYJ-D, MYJ-W, BSX-W, NXQ-W, DHI-W, CHN-W, MFT-W, MIY-W, STLY-D, STLY-W, VFL-W, MVT-W, MCRI-W, BKS-W, VKI-W, WMAR-W, PULB-W, PENN-W, LPT-W, SCKT-W, SMSI-D, WAT-W, IMH-W, ORFR-W, NLS-W, EPR-W, AIII-W, MUC-W, NAN-D, NAN-W, CRME-W, MRVL-W, CRL-W, ILMN-W, ARNA-W, UMC-W, MIFI-W, NXZ-W, DGICA-W, IDT-W, PMF-W, BFZ-W, BNY-W, ANTM-W, ALR-D, ALR-W, AYI-D, AYI-W, ACH-W, MANT-W, EIM-W, ENX-W, NBO-D, NBO-W, BAF-W, BSE-W, PMX-W, PYN-W, NEA-W, NRK-W, EIA-W, HPF-W, HPS-W, MUI-W, GBLI-W, EXR-W, JOBS-W, FXI-W, HALO-W, SRC-W, CF-W, DHT-D, DHT-W, CMG-W, BTA-W, ITB-W, DEI-W, TAST-D, TAST-W, MSBF-W, TLH-W, CENTA-D, CENTA-W, GXC-W, SSFN-D, SSFN-W, BLV-W, PZA-W, PZT-W, MSCI-W, ATHX-W, EDV-W, IDI-W, PGX-W, TREE-W, TYD-W, NYV-W, BAB-W, VGLT-W, ILTB-W, TRNO-W, NXPI-D, NXPI-W, GBAB-W, NBD-W, JGBT-D, JGBT-W, MCHI-W, STAG-W, HYMB-W, IGU-W, FSL-W, PPSI-W, SCHZ-W, CLVS-W, GOVT-W, TSRO-W, CJNK-W, BTT-W, XPLR-W, NID-W, PTLA-D, PTLA-W, OTEL-W, PBPB-W, QTS-W, BRX-W, FMB-W, NERV-W, AMPH-W, PSG-D, PFNX-W, SYTL-W, MBSD-W, VBLT-W, PRTO-D, PRTO-W, VBND-W, FGEN-W, SKOR-W, WK-W, CNXR-W, JRVR-D, BLCM-W, 
Fri Jan 09 08:00:00 GMT+00:00 2015: signals : 
Fri Jan 09 08:00:00 GMT+00:00 2015: Signals ordered by strength : 
Thu Jan 22 08:00:00 GMT+00:00 2015: Bases processed : ADP-D, HL-D, TXT-D, VMC-D, CCF-D, HURC-D, HLS-D, WETF-D, ISLE-D, AGU-D, IMAX-D, TSM-D, CCI-D, CEV-D, ARRY-D, DWAQ-D, RNP-D, VDC-D, BLKB-D, STON-D, TTM-D, NRF-D, PBH-D, RLGY-D, CNK-D, TUR-D, FCHI-D, CLNY-D, IVOG-D, FCA-D, RMAX-D, EMCG-D, HLT-D, AHP-D, FTLB-D, HEWG-D, SABR-D, FBND-D, BAESY-D, 
Thu Jan 22 08:00:00 GMT+00:00 2015: signals : TSM,
Thu Jan 22 08:00:00 GMT+00:00 2015: Signals ordered by strength : TSM(115.0), 
Fri Jan 23 08:00:00 GMT+00:00 2015: Bases processed : ADP-W, WEN-W, GD-D, GD-W, MCI-W, SJM-W, SNE-D, SNE-W, TSO-D, TSO-W, TXT-W, UNP-D, UNP-W, UTX-W, VMC-W, CCF-W, CSWC-D, CSWC-W, TM-W, VISI-W, PAYX-D, PAYX-W, SPAR-D, SPAR-W, RMCF-D, RMCF-W, CLDX-W, HLS-W, FUN-W, HQH-W, NCA-W, CRUS-W, PDT-W, WETF-W, ICUI-W, SBUX-D, SBUX-W, ISLE-W, AGU-W, BRLI-W, IIF-W, IMAX-W, GEO-W, TSEM-W, UNFI-W, TSM-W, CHL-W, FDP-W, MRCY-W, LVLT-D, LVLT-W, CCI-W, CEV-W, INFY-W, HPTO-D, HPTO-W, PPH-W, IBN-W, PUK-D, PUK-W, TKC-W, ASR-W, ARRY-W, JPS-D, JPS-W, EIO-W, DWAQ-W, RNP-W, VDC-W, ERH-D, ERH-W, BLKB-W, STON-W, TTM-W, NRF-W, PBH-W, PJP-D, PJP-W, RLGY-W, HF-W, PDP-D, PDP-W, CNK-W, BX-D, BX-W, OWW-W, WX-W, TFI-W, ULTA-D, ULTA-W, PIN-W, TUR-W, CNY-W, FCHI-W, LWC-W, PMT-W, CLNY-W, BUD-W, ABCD-W, HEDJ-D, HEDJ-W, INDL-W, KKR-W, IVOG-W, FCA-W, ACWV-W, DRGS-W, FHK-D, FHK-W, VIPS-D, VIPS-W, SBGL-W, IBCE-W, TEP-W, RMAX-W, EMCG-W, DXGE-D, DXGE-W, RLYP-W, HLT-W, AHP-W, FTLB-W, HEWG-W, SABR-W, INDA-W, TCEHY-W, WBII-D, WBII-W, DWAT-W, FBND-W, KEYS-W, BAESY-W, SMIN-W, 
Fri Jan 23 08:00:00 GMT+00:00 2015: signals : SBUX,
Fri Jan 23 08:00:00 GMT+00:00 2015: Signals ordered by strength : SBUX(140.0), 
Thu Feb 05 08:00:00 GMT+00:00 2015: Bases processed : APD-D, BCE-D, BLL-D, CDI-D, DD-D, FSS-D, SNA-D, TYL-D, SIGI-D, MKL-D, JOUT-D, AKRX-D, JMM-D, EXPO-D, MSON-D, ROP-D, SMRT-D, QUMU-D, ORLY-D, HHS-D, RWT-D, KFRC-D, EL-D, NICE-D, DASTY-D, PAG-D, BRCM-D, DLPH-D, CEB-D, CHTR-D, SLAB-D, RVP-D, VXF-D, NNI-D, VBK-D, ABR-D, JKH-D, PPA-D, AMSF-D, AWH-D, RTM-D, SBH-D, FAD-D, V-D, MOFG-D, KKR-D, KBWP-D, EWRM-D, PCRX-D, FONE-D, QLYS-D, ADT-D, DKL-D, DATA-D, LDRH-D, BOOT-D, 
Thu Feb 05 08:00:00 GMT+00:00 2015: signals : SBH,
Thu Feb 05 08:00:00 GMT+00:00 2015: Signals ordered by strength : SBH(75.0), 
Fri Feb 06 08:00:00 GMT+00:00 2015: Bases processed : APD-W, BCE-W, BLL-W, BMI-W, CDI-W, CSC-D, CSC-W, DAN-W, DD-W, FSS-W, GCI-D, GCI-W, AJRD-D, AJRD-W, HEI-W, HRB-W, HRS-D, HRS-W, ITW-D, ITW-W, LPX-W, MHFI-W, NI-W, PAI-W, SNA-W, TYL-W, SXT-D, SXT-W, ALOG-D, ALOG-W, APOG-W, BOH-D, BOH-W, SNV-D, SNV-W, FTR-W, FHN-D, FHN-W, GK-W, HNI-D, HNI-W, MSCC-W, OMI-W, SEIC-W, SIGI-W, TARO-W, ESND-D, ESND-W, LM-W, NPBC-W, MENT-W, HCSG-W, RFP-D, RFP-W, BRC-W, NANO-W, EXAR-W, COST-W, DTV-W, FRPH-W, AMWD-W, SUBK-W, FRC-D, FRC-W, INT-W, WSFS-D, WSFS-W, MKL-W, WBS-D, WBS-W, FBP-W, CMU-W, CPF-W, CBM-D, CBM-W, JOUT-W, AKRX-W, JMM-W, LWAY-W, SPLS-W, FRME-D, FRME-W, TG-W, DSM-W, GSBC-W, MMSI-W, EXPO-W, CATY-D, CATY-W, MLI-W, ZBRA-W, NUO-W, EEP-W, ROP-W, SBI-W, SMRT-W, KSS-W, CACC-W, HCC-W, QUMU-W, NMT-W, ORLY-W, PRE-W, HHS-W, OSBC-W, RGCO-W, DSPG-W, CPRT-D, CPRT-W, FLEX-W, MTSN-W, UHAL-W, RWT-W, KFRC-W, MDY-W, RE-W, DST-W, EL-W, NICE-W, SSNC-W, DASTY-W, ETFC-W, PAG-W, PLUS-W, DTEGY-W, SLGN-W, AMTD-D, AMTD-W, ALV-W, MTD-W, VRSN-D, VRSN-W, BRCM-W, FII-D, FII-W, ULTI-W, MSTR-D, MSTR-W, CSGP-W, XLY-W, DLPH-W, EWBC-W, CEB-W, TREX-W, ATLC-D, ATLC-W, PVTB-D, PVTB-W, FLWS-W, CHTR-W, MFSF-W, FBR-W, IJH-W, IWF-D, IWF-W, IYC-W, IWO-D, IWO-W, IJT-W, BKMU-D, BKMU-W, RVP-W, IWS-W, IWR-D, IWR-W, IWP-W, OMCL-W, CHFN-W, BHK-W, VXF-W, CCOI-W, ABG-W, PNFP-W, WTBA-W, PCK-W, SAFT-W, EIV-W, CME-D, CME-W, FPT-W, PFS-D, PFS-W, FFC-W, TLKGY-W, AHL-W, NNI-W, VBK-W, VCR-W, VO-D, VO-W, VUG-D, VUG-W, ABR-W, JKE-W, JKG-D, JKG-W, JKH-W, JKK-D, JKK-W, MIC-W, PWB-W, WAL-D, WAL-W, ISBC-W, PPA-W, ICE-D, ICE-W, AMSF-W, RPG-D, RPG-W, RZG-D, RZG-W, MWA-W, VG-W, DON-W, DXJ-W, MVV-W, AWH-W, VOE-D, VOE-W, RXI-W, PTF-D, PTF-W, RTM-W, SBH-W, IPGP-W, UCC-W, FAD-W, FEX-W, FTA-D, FTA-W, LLNW-W, VR-D, VR-W, MOO-W, FFNW-W, LPSB-W, IFEU-W, KW-W, V-W, MOFG-W, MHLD-W, MGK-D, MGK-W, AOR-D, AOR-W, ICI-W, TIPZ-W, MG-W, VRSK-W, SCHG-W, MSG-W, FNGN-W, TNAV-W, ENV-D, ENV-W, IVOO-W, VTWG-D, VTWG-W, ZGNX-W, KBWP-W, EWRI-D, EWRI-W, SCHM-W, PCRX-W, ANCB-W, FONE-W, LNKD-D, LNKD-W, DBGR-W, LMOS-W, BCOV-D, BCOV-W, CUBI-W, GIVE-W, ALFA-D, ALFA-W, EGL-W, LVNTA-W, QLYS-W, ADT-W, DKL-W, QDEF-D, QDEF-W, AFH-D, DATA-W, COTY-W, PGZ-W, KCG-W, LDRH-W, RDIV-W, FDIS-W, FCOM-D, FCOM-W, ALLE-W, USDU-W, ALQA-W, HEWJ-W, HEFA-W, GYEN-W, SQBK-W, HRTG-W, ASHS-W, TIME-W, FBGX-D, FBGX-W, WIL-W, MDLL-D, MDLL-W, LDRI-W, QTWN-W, ICL-W, DVP-W, FCAU-W, BOOT-W, JPIN-W, DIVC-D, DIVC-W, 
Fri Feb 06 08:00:00 GMT+00:00 2015: signals : 
Fri Feb 06 08:00:00 GMT+00:00 2015: Signals ordered by strength : 
Mon Feb 09 08:00:00 GMT+00:00 2015: Bases processed : HAS-D, MSI-D, IRIX-D, RTEC-D, AHS-D, HPI-D, ANIP-D, ORA-D, 
Mon Feb 09 08:00:00 GMT+00:00 2015: signals : 
Mon Feb 09 08:00:00 GMT+00:00 2015: Signals ordered by strength : 
Tue Feb 10 08:00:00 GMT+00:00 2015: Bases processed : AON-D, SEE-D, SIAL-D, APH-D, URBN-D, MLM-D, FWV-D, HIHO-D, BLK-D, TW-D, FVL-D, MOH-D, PSI-D, NHF-D, RAX-D, TTFS-D, FRGI-D, MODN-D, PINC-D, VTTI-D, 
Tue Feb 10 08:00:00 GMT+00:00 2015: signals : SEE,
Tue Feb 10 08:00:00 GMT+00:00 2015: Signals ordered by strength : SEE(75.0), 
Wed Feb 11 08:00:00 GMT+00:00 2015: Bases processed : AIR-D, ARW-D, IP-D, PEP-D, RAD-D, SCI-D, TXN-D, WBA-D, APOG-D, NTRS-D, BT-D, MIDD-D, PII-D, MOS-D, PNRA-D, MCRL-D, GCV-D, SGU-D, PLCM-D, EGBN-D, DNB-D, MON-D, WSH-D, SBFG-D, PSJ-D, XPH-D, VOT-D, WU-D, PKW-D, CAP-D, FTC-D, BZQ-D, IWY-D, TMH-D, ASMB-D, INXN-D, ZTS-D, VOYA-D, FIBG-D, SEMI-D, BLBD-D, CTLT-D, WBIH-D, ARKK-D, ICBK-D, 
Wed Feb 11 08:00:00 GMT+00:00 2015: signals : SCI,
Wed Feb 11 08:00:00 GMT+00:00 2015: Signals ordered by strength : SCI(85.0), 
Thu Feb 12 08:00:00 GMT+00:00 2015: Bases processed : ADX-D, AVT-D, BMS-D, GM-D, IPG-D, AFG-D, TY-D, STC-D, DXYN-D, CYAN-D, MRTN-D, LVMUY-D, MERC-D, GIII-D, SNPS-D, CIGI-D, SSD-D, INTL-D, MDCA-D, OTEX-D, STNR-D, ICLR-D, XLB-D, NVDA-D, STMP-D, CYRN-D, AKAM-D, EXPE-D, NTWK-D, IVW-D, IWB-D, IWV-D, IJJ-D, IUSG-D, SPYG-D, THRK-D, VTI-D, RSP-D, NXST-D, ONEQ-D, VB-D, VV-D, NDAQ-D, PXMG-D, PXMV-D, PBS-D, AMP-D, ONEK-D, RFG-D, BMA-D, FPX-D, QQEW-D, XRT-D, FDN-D, RCD-D, EQWS-D, QQXT-D, EZM-D, EZY-D, CZA-D, FXL-D, FXD-D, SCOR-D, MASI-D, SATS-D, RWK-D, RWL-D, CPI-D, SCHA-D, SCHB-D, SCHX-D, PSCT-D, EUSA-D, IVOV-D, VOO-D, VOOG-D, VONE-D, VONG-D, SFLA-D, FMK-D, DBGR-D, MATL-D, XSW-D, TNDQ-D, EPAM-D, FBG-D, QEH-D, QDYN-D, SIZE-D, IELG-D, DGRW-D, BFOR-D, LXFT-D, QUAL-D, FNDA-D, SAIC-D, FTEC-D, RDVY-D, VUSE-D, EQLT-D, TACO-D, FLGE-D, CFA-D, LMCK-D, CYBR-D, HUBS-D, CRBN-D, 
Thu Feb 12 08:00:00 GMT+00:00 2015: signals : 
Thu Feb 12 08:00:00 GMT+00:00 2015: Signals ordered by strength : 
Fri Feb 13 08:00:00 GMT+00:00 2015: Bases processed : ADX-W, AIR-W, ARW-W, BMS-W, GM-W, HAS-W, HRL-D, HRL-W, IP-W, IPG-W, MSI-W, AFG-W, PEP-W, AON-W, RAD-W, SEE-W, SCI-W, SWK-D, SWK-W, TXN-W, TY-W, WBA-W, CMCSA-D, CMCSA-W, EMCI-D, EMCI-W, HBAN-D, HBAN-W, NTRS-W, SIAL-W, STC-W, BT-W, BIG-D, BIG-W, DXYN-W, NHYDY-D, NHYDY-W, CYAN-W, MRTN-W, CMCSK-D, CMCSK-W, MIDD-W, PII-W, LVMUY-W, MERC-W, GIII-W, RTI-D, RTI-W, OA-D, PNRA-W, APH-W, SNPS-W, CIGI-W, URBN-W, FWRD-W, MLM-W, BPFH-D, SSD-W, MCRL-W, ISSI-D, ISSI-W, INTL-W, FWV-W, GCV-W, MDCA-W, WAB-D, WAB-W, SGU-W, OTEX-W, IRIX-W, EWN-W, PLCM-W, IMN-W, DAVE-D, DAVE-W, STNR-W, HIHO-W, WTFC-D, AMG-W, COLM-D, COLM-W, ALTV-D, ALTV-W, ICLR-W, CLS-D, CLS-W, XLB-W, XLK-D, XLK-W, NVDA-W, QQQ-D, QQQ-W, SBAC-D, SBAC-W, STMP-W, CYRN-W, JCOM-D, JCOM-W, BLK-W, EGBN-W, WWE-D, WWE-W, AKAM-W, EXPE-W, RTEC-W, NTWK-W, KKD-W, IJR-D, IJR-W, IVV-D, IVV-W, IVW-W, IWB-W, IWM-D, IWM-W, IWV-W, IYW-D, IYW-W, IYY-D, IYY-W, IYJ-D, IYJ-W, IJJ-W, IUSG-W, RTIX-D, RTIX-W, VRML-D, VRML-W, SPYG-W, MTK-D, MTK-W, DNB-W, MON-W, THRK-W, TW-W, IGM-D, IGM-W, CIVB-D, CIVB-W, VTI-W, IGV-D, IGV-W, SBFG-W, AHS-W, IXN-D, IXN-W, HPI-W, RSP-W, PWC-D, PWC-W, FVL-W, MOH-W, NXST-W, ANIP-W, ONEQ-W, SNX-D, SNX-W, ITOT-D, ITOT-W, VB-W, VBR-D, VBR-W, VGT-D, VGT-W, VV-W, XPO-D, XPO-W, LBTYA-D, LBTYA-W, JKI-D, JKI-W, JKJ-D, JKJ-W, ORA-W, MPWR-D, MPWR-W, NDAQ-W, PXMG-W, PXMV-W, PBS-W, PSI-W, PSJ-W, LBTYK-D, LBTYK-W, AMP-W, BKD-D, BKD-W, ONEK-W, RFG-W, RFV-D, RFV-W, BMA-W, FPX-W, QQEW-W, RYJ-D, DTD-D, DTD-W, QLD-D, QLD-W, SSO-D, SSO-W, XPH-W, XRT-W, FDN-W, NHF-W, FTCS-D, FTCS-W, VOT-W, WU-W, RCD-W, RYT-D, RYT-W, EQWM-D, EQWM-W, EQWS-W, PKW-W, ROM-D, ROM-W, UXI-D, UXI-W, QQXT-W, EXT-D, EXT-W, EZM-W, EZY-W, CZA-W, CAP-W, FAB-D, FAB-W, FTC-W, FXL-W, FXD-W, SCOR-W, MASI-W, WBC-D, WBC-W, SATS-W, RWK-W, RWL-W, RAX-W, MGC-D, MGC-W, SPXL-D, SPXL-W, AOA-D, AOA-W, TECL-D, TECL-W, BZQ-W, UPRO-D, UPRO-W, EQL-D, EQL-W, CSM-D, CSM-W, IWY-W, IWL-D, IWL-W, PAM-D, PAM-W, CPI-W, SCHA-W, SCHB-W, SCHX-W, KAR-D, KAR-W, TMH-W, TQQQ-D, TQQQ-W, PSCT-W, EUSA-W, QLIK-D, QLIK-W, IVOV-W, VIOO-D, VIOO-W, VOO-W, VOOG-W, VONE-W, VONG-W, VTWO-D, VTWO-W, SFLA-W, EWRM-W, ASMB-W, INXN-W, SPHB-D, SPHB-W, FMK-W, DBEF-D, DBEF-W, MATL-W, PXLG-D, PXLG-W, SKYY-D, SKYY-W, HDG-D, HDG-W, XSW-W, TTFS-W, TNDQ-W, AVG-D, AVG-W, EPAM-W, FRGI-W, FBG-W, HBMD-D, HBMD-W, QEH-W, TDIV-D, TDIV-W, CAPE-D, CAPE-W, WWAV-D, WWAV-W, QDF-D, QDF-W, QDYN-W, ZTS-W, MODN-W, HASI-D, HASI-W, SIZE-W, VLUE-D, VLUE-W, IELG-W, IESM-D, IESM-W, VOYA-W, DGRW-W, BFOR-W, LXFT-W, TWOK-D, TWOK-W, QUAL-W, FNDB-D, FNDB-W, FNDX-D, FNDX-W, FNDA-W, PINC-W, SAIC-W, DBEU-D, DBEU-W, EIGI-D, EIGI-W, FIBG-W, FTEC-W, RDVY-W, VUSE-W, INGN-D, EQLT-W, TACO-W, QTWO-D, QTWO-W, KING-D, KING-W, SEMI-W, SPUU-D, SPUU-W, FLGE-W, CFA-W, CFO-D, CFO-W, VRTV-W, BLBD-W, CTLT-W, VTTI-W, LMCK-W, WBIH-W, CFG-D, CFG-W, CYBR-W, BSCO-D, BSCO-W, HEEM-D, HEEM-W, HUBS-W, OMAM-D, OMAM-W, IPOS-D, IPOS-W, DAX-D, ARKK-W, HACK-D, HACK-W, LOWC-D, LOWC-W, NEWR-D, CRBN-W, BBP-D, BBP-W, ENTL-D, 
Fri Feb 13 08:00:00 GMT+00:00 2015: signals : HRL,EIGI,
Fri Feb 13 08:00:00 GMT+00:00 2015: Signals ordered by strength : EIGI(190.0), HRL(85.0), 
Mon Mar 16 08:00:00 GMT+00:00 2015: Bases processed : PKI-D, FEIM-D, ROL-D, FCNCA-D, CRMT-D, UBSI-D, JOF-D, REGN-D, VRTX-D, SPNC-D, STBA-D, STE-D, ORLY-D, GPIC-D, ESS-D, MATW-D, IVZ-D, WAT-D, REV-D, QGEN-D, SSI-D, ZNH-D, BHB-D, DHIL-D, EW-D, CUK-D, CSFL-D, GOOD-D, SBNY-D, KCE-D, WMCR-D, CAF-D, PFI-D, JPP-D, DTO-D, SZO-D, CSLS-D, PEK-D, PFSI-D, TRVN-D, SC-D, TLMR-D, KBA-D, ZOES-D, IHDG-D, QDEU-D, CTSO-D, 
Mon Mar 16 08:00:00 GMT+00:00 2015: signals : 
Mon Mar 16 08:00:00 GMT+00:00 2015: Signals ordered by strength : 
Tue Mar 17 08:00:00 GMT+00:00 2015: Bases processed : AIN-D, ODFL-D, PRGO-D, TEO-D, SUNE-D, QRVO-D, REIS-D, BDE-D, BGCP-D, PRSC-D, ISBC-D, CENTA-D, NTDOY-D, FXO-D, CLNY-D, XTN-D, GNE-D, WFBI-D, CEN-D, QUNR-D, ASHR-D, AKER-D, TCEHY-D, AFMD-D, AUPH-D, 
Tue Mar 17 08:00:00 GMT+00:00 2015: signals : 
Tue Mar 17 08:00:00 GMT+00:00 2015: Signals ordered by strength : 
Wed Mar 18 08:00:00 GMT+00:00 2015: Bases processed : MCO-D, NVO-D, SEB-D, SXI-D, AIG-D, CAJ-D, FUJIY-D, PGR-D, TEVA-D, CSH-D, CMT-D, BTX-D, TWX-D, JFC-D, ACIW-D, AVX-D, SSB-D, CCBG-D, CRESY-D, HTBK-D, CVG-D, IWN-D, CBG-D, PXSG-D, RSCO-D, KIE-D, DFJ-D, UYG-D, EES-D, CPLP-D, SSFN-D, JAZZ-D, FAS-D, RWW-D, CMD-D, MDSO-D, DNO-D, TRNM-D, AMCX-D, INCO-D, AAIT-D, FINU-D, TGTX-D, GLPI-D, CANF-D, DBAW-D, IPKW-D, OEC-D, CDK-D, EFFE-D, 
Wed Mar 18 08:00:00 GMT+00:00 2015: signals : 
Wed Mar 18 08:00:00 GMT+00:00 2015: Signals ordered by strength : 
Thu Mar 19 08:00:00 GMT+00:00 2015: Bases processed : CET-D, MDP-D, RYL-D, STRN-D, MGCD-D, SONC-D, ISIS-D, ELS-D, SCVL-D, THRM-D, LAD-D, MTD-D, DENN-D, QBAK-D, INSM-D, VASC-D, TMUS-D, TWO-D, RPX-D, CO-D, RNDY-D, FB-D, GNMA-D, TLYS-D, EVHC-D, THQ-D, NXTD-D, SFS-D, ARKQ-D, NVRO-D, JUNO-D, 
Thu Mar 19 08:00:00 GMT+00:00 2015: signals : 
Thu Mar 19 08:00:00 GMT+00:00 2015: Signals ordered by strength : 
Fri Mar 20 08:00:00 GMT+00:00 2015: Bases processed : AAL-D, AAL-W, MTRN-D, MTRN-W, CET-W, MCO-W, PKI-W, FEIM-W, FRT-D, FRT-W, FRM-D, LLY-D, LLY-W, LXU-D, LXU-W, MDP-W, NVO-W, OC-D, OC-W, ROL-W, RTN-D, RYL-W, SEB-W, SGC-D, SGC-W, SOR-W, SXI-W, TER-D, TER-W, AIG-W, CAJ-W, ESCA-D, ESCA-W, HELE-W, HNI-D, HNI-W, KEY-W, MTSC-D, MTSC-W, NKE-D, NKE-W, UDR-D, UDR-W, PGR-W, AWR-D, AWR-W, TEVA-W, UTMD-D, UTMD-W, SUBK-W, FCNCA-W, UHT-D, UHT-W, CSH-W, CRMT-W, UBSI-W, AIN-W, MGCD-W, CMT-W, JOF-W, REGN-W, ISIS-W, VRTX-W, PRGS-D, PRGS-W, ODFL-W, HMN-D, HMN-W, PRGO-W, OFC-D, OFC-W, SPNC-W, BTX-W, STE-W, JFC-W, TRIB-W, ELS-W, SCVL-W, ORLY-W, THRM-W, EQR-D, EQR-W, SUI-D, SUI-W, GPIC-W, ESS-W, MATW-W, GEO-D, GEO-W, KNX-D, KNX-W, TEO-W, ACIW-W, SUNE-W, AVX-W, HPT-D, HPT-W, IVZ-W, WAT-W, REV-W, QGEN-W, SSI-W, PLUS-W, LAD-W, CCBG-W, CRESY-W, ARE-D, ARE-W, QRVO-W, REIS-W, ZNH-W, SLG-D, SLG-W, HILL-D, BHB-W, MTD-W, HW-W, BDE-W, HTBK-W, CVG-W, BGCP-W, ERB-D, ERB-W, CRWN-D, CRWN-W, EW-W, QBAK-W, INSM-W, VASC-W, INFI-D, INFI-W, IJS-D, IJS-W, IWN-W, PSO-W, ASR-D, ASR-W, CUK-W, SHEN-D, CSFL-W, EVBN-D, EVBN-W, EFA-W, WTBA-D, WTBA-W, NCT-W, PKBK-D, PKBK-W, CLBH-D, CLBH-W, PRSC-W, GOOD-W, SBNY-W, CBG-W, BLKB-D, BLKB-W, GPT-D, GPT-W, ELOS-D, ELOS-W, EXR-D, EXR-W, KNL-D, KNL-W, PXSG-W, IWC-W, ISBC-W, RSCO-W, KCE-W, KIE-W, UCBA-D, UCBA-W, DES-D, DES-W, DFJ-W, ICFI-D, ICFI-W, CAF-W, PFI-W, JPP-W, UYG-W, CENTA-W, EES-W, CPLP-W, SSFN-W, TMUS-W, NTDOY-W, JMP-D, JMP-W, FNX-D, FNX-W, FXO-W, JAZZ-W, ENSG-D, ENSG-W, ROIC-D, ROIC-W, TWO-W, TAN-D, TAN-W, DTO-W, FAS-W, AOM-D, AOM-W, RWW-W, CMD-W, SZO-W, MIDU-W, MDSO-W, CLNY-W, DNO-W, RPX-W, RWG-D, RWG-W, CO-W, UMDD-W, CSLS-W, EIRL-D, EIRL-W, HPP-D, HPP-W, WSR-D, WSR-W, VIOV-D, VIOV-W, VTWV-D, VTWV-W, PEK-W, HHC-W, SBRA-D, SBRA-W, TRNM-W, XTN-W, FDT-W, AMCX-W, FWDD-D, FWDD-W, INCO-W, EFAV-D, EFAV-W, GNE-W, SYNC-W, AAIT-W, FGM-D, FGM-W, GNMA-W, BOND-D, BOND-W, TLYS-W, TROV-W, FINU-W, WFBI-W, XSLV-D, XSLV-W, XMLV-D, XMLV-W, HMTV-D, HMTV-W, PFSI-W, TGTX-W, EVHC-W, ESRT-D, ESRT-W, MGNX-D, MGNX-W, QUNR-W, ASHR-W, TRVN-W, CANF-W, SC-W, DBAW-W, AKER-W, TLMR-W, IPKW-W, KBA-W, ZOES-W, FRSH-W, SGBK-D, SGBK-W, TCEHY-W, QDEU-W, IPAC-D, IPAC-W, FNFV-W, OEC-W, THQ-W, AFMD-W, AUPH-W, NXTD-W, SFS-W, ARKQ-W, CDK-W, DAX-W, EFFE-W, NVRO-W, STOR-D, STOR-W, PGRE-D, PGRE-W, MORE-D, MORE-W, JBAXY-D, JBAXY-W, JRVR-D, JRVR-W, JUNO-W, CTSO-W, XHR-D, XHR-W, 
Fri Mar 20 08:00:00 GMT+00:00 2015: signals : OC,HNI,
Fri Mar 20 08:00:00 GMT+00:00 2015: Signals ordered by strength : HNI(90.0), OC(50.0), 
Thu Apr 09 08:00:00 GMT+00:00 2015: Bases processed : SHW-D, APOG-D, EVI-D, NSEC-D, TPHS-D, ESRX-D, IX-D, SYNA-D, DXCM-D, SIMO-D, CCO-D, TLO-D, WPS-D, PGX-D, PIN-D, DL-D, CJJD-D, QLIK-D, EWRM-D, ASMB-D, KOLD-D, NOW-D, KWEB-D, RNG-D, EIGI-D, BCHP-D, WBIE-D, WBIH-D, SMIN-D, 
Thu Apr 09 08:00:00 GMT+00:00 2015: signals : EIGI,
Thu Apr 09 08:00:00 GMT+00:00 2015: Signals ordered by strength : EIGI(195.0), 
Wed Apr 15 08:00:00 GMT+00:00 2015: Bases processed : FSS-D, KMI-D, ECL-D, MSA-D, NEWP-D, PLXS-D, ECF-D, DXLG-D, DDC-D, GVA-D, MW-D, RDN-D, WINA-D, WVFC-D, CBAN-D, GSIG-D, ROIA-D, CYRN-D, NTCT-D, OCLR-D, DCM-D, CLSN-D, ROIAK-D, CKSW-D, SLYV-D, SWHC-D, RSP-D, JDD-D, DCA-D, IGA-D, PRF-D, KXI-D, EXLP-D, FSLR-D, TAST-D, FAB-D, FEX-D, TTHI-D, QABA-D, TMH-D, EWRI-D, EWRS-D, JGBL-D, SPHB-D, FSZ-D, ACIM-D, HAWK-D, CNHI-D, CNTR-D, NGHC-D, WBIB-D, WBIG-D, AAC-D, GAA-D, ABEO-D, EQAL-D, ZSML-D, 
Wed Apr 15 08:00:00 GMT+00:00 2015: signals : 
Wed Apr 15 08:00:00 GMT+00:00 2015: Signals ordered by strength : 
Thu Apr 16 08:00:00 GMT+00:00 2015: Bases processed : ACU-D, UL-D, UN-D, ENZN-D, FBP-D, VGR-D, PNRA-D, ISL-D, MHE-D, EOC-D, TRQ-D, TASR-D, NJ-D, VEOEY-D, IXG-D, NFLX-D, ADRA-D, EZA-D, FDN-D, IPHS-D, MNOV-D, GII-D, SDT-D, FPA-D, SKYY-D, VEGA-D, DATA-D, BRSS-D, MRIC-D, EFAD-D, CYBR-D, GTOMY-D, ARKK-D, HACK-D, PN-D, SBEU-D, SUM-D, 
Thu Apr 16 08:00:00 GMT+00:00 2015: signals : 
Thu Apr 16 08:00:00 GMT+00:00 2015: Signals ordered by strength : 
Fri Apr 17 08:00:00 GMT+00:00 2015: Bases processed : ACU-W, JPM-W, DCO-W, FSS-W, IR-W, KMI-W, LGL-W, UL-W, UN-W, ECL-W, FELE-W, NEWP-W, DXR-W, SRCE-W, NPBC-W, ENZN-W, IVC-W, AMS-D, AMS-W, AEPI-W, PLXS-W, LSBG-D, LSBG-W, ECF-W, PTSI-W, FBP-W, DXLG-W, VGR-W, DDC-W, GVA-W, CHKE-W, PNRA-W, RGS-W, KALU-D, KALU-W, MW-W, GIB-W, ISL-W, RDN-W, MHE-W, WINA-W, PRE-W, WVFC-W, EOC-W, NTT-W, RICK-D, TRQ-W, CBAN-W, ETM-W, GSIG-W, GS-W, ROIA-W, NAN-D, NAN-W, CYRN-W, CE-D, CE-W, TDY-W, SQNM-W, OCLR-W, DCM-W, CLSN-W, ROIAK-W, ISRG-W, CKSW-W, RTIX-W, SLYV-W, MIFI-D, MIFI-W, YORW-W, TASR-W, VEOEY-W, NFLX-W, EVM-D, EVM-W, ADRA-W, SWHC-W, EZA-W, RSP-W, AXS-W, JDD-W, SOCB-D, SOCB-W, ETO-W, MFLX-W, DCA-W, XRM-W, BLDR-W, IGA-W, DOVR-W, VIMC-D, VIMC-W, PRF-W, GLO-W, PGTI-W, FDN-W, PBIB-W, KXI-W, EXLP-W, FSLR-W, MNOV-W, TAST-W, GII-W, FAB-W, FEX-W, TTHI-W, CUT-W, QABA-W, STK-W, TMH-W, INDL-W, FIBK-W, SCIN-W, EWRI-W, EWRS-W, SDT-W, SPHB-W, FWDI-D, FWDI-W, SKYY-W, FSZ-W, IDHB-W, ACIM-W, RWXL-D, RWXL-W, GMED-W, VEGA-W, CRDT-D, CRDT-W, MODN-W, SRLN-W, HAWK-W, IBCE-W, GWPH-W, DATA-W, PGEM-W, DFP-W, KFYP-W, STCK-W, CGIX-W, FATE-D, FATE-W, MRIC-W, EVOK-W, CNHI-W, AERI-W, WUBA-W, DXKW-W, CNTR-W, ACSF-W, CARA-W, NGHC-W, KING-W, CORI-W, DXJF-W, TSE-W, MOKO-D, MOKO-W, IFV-D, IFV-W, EFAD-W, WBIB-W, WBIG-W, VWR-D, VWR-W, HEEM-W, GTOMY-W, ARKK-W, HACK-W, GAA-W, ABEO-W, EQAL-W, PN-W, IQLT-W, ENTL-W, ZSML-W, SBEU-W, SUM-W, STDY-W, 
Fri Apr 17 08:00:00 GMT+00:00 2015: signals : 
Fri Apr 17 08:00:00 GMT+00:00 2015: Signals ordered by strength : 
Mon Apr 20 08:00:00 GMT+00:00 2015: Bases processed : EMCI-D, SIAL-D, JBSS-D, FCAP-D, PMF-D, COOL-D, PZG-D, INR-D, FAF-D, UJB-D, SEAS-D, KMDA-D, BSCM-D, KCNY-D, 
Mon Apr 20 08:00:00 GMT+00:00 2015: signals : 
Mon Apr 20 08:00:00 GMT+00:00 2015: Signals ordered by strength : 
Tue Apr 21 08:00:00 GMT+00:00 2015: Bases processed : OCR-D, NSANY-D, ASTE-D, AKRX-D, HIFS-D, PFO-D, PPR-D, MMU-D, TSCO-D, DASTY-D, SIRO-D, CLS-D, RDWR-D, ALSK-D, LNBB-D, EMJ-D, IHG-D, AEL-D, SNCR-D, GSL-D, DEF-D, ECHO-D, AGA-D, GURU-D, SFBC-D, FEYE-D, DXJC-D, SFBS-D, SMLL-D, FSB-D, RELY-D, 
Tue Apr 21 08:00:00 GMT+00:00 2015: signals : 
Tue Apr 21 08:00:00 GMT+00:00 2015: Signals ordered by strength : 
Wed Apr 22 08:00:00 GMT+00:00 2015: Bases processed : ABT-D, TFX-D, VAR-D, STJ-D, AMGN-D, DNP-D, WPPGY-D, HNP-D, WAB-D, PBHC-D, YUM-D, PCCC-D, RAI-D, CRNT-D, ATSG-D, AYR-D, GLUU-D, SAR-D, UEC-D, V-D, CYOU-D, AVEO-D, XRS-D, CARZ-D, SOCL-D, JPI-D, QEH-D, GLYC-D, VLP-D, WIL-D, 
Wed Apr 22 08:00:00 GMT+00:00 2015: signals : 
Wed Apr 22 08:00:00 GMT+00:00 2015: Signals ordered by strength : 
Thu Apr 23 08:00:00 GMT+00:00 2015: Bases processed : CSL-D, EFX-D, NEU-D, JCI-D, SWK-D, CMCSA-D, CLGX-D, NDSN-D, RGR-D, ESND-D, SLM-D, ADSK-D, BMTC-D, DTV-D, FRC-D, HAR-D, TWN-D, CMCSK-D, ZIXI-D, EXPO-D, COLB-D, ARRS-D, ENI-D, ATVI-D, BPFH-D, IGTE-D, QQQ-D, IMMR-D, NTWK-D, EWT-D, UNB-D, TTMI-D, THRK-D, IGV-D, IXN-D, ANIP-D, DPZ-D, FFA-D, VOX-D, PXMG-D, DRC-D, MGU-D, GLP-D, NXTM-D, ONEK-D, QLD-D, ORIT-D, TFSL-D, PMC-D, XIN-D, IGF-D, FLT-D, SQNS-D, PXLG-D, FRAN-D, TNDQ-D, VCRA-D, GIG-D, WGP-D, FPF-D, KCG-D, NFRA-D, FCOM-D, SPUU-D, FBGX-D, ARKW-D, FLRT-D, 
Thu Apr 23 08:00:00 GMT+00:00 2015: signals : JCI,
Thu Apr 23 08:00:00 GMT+00:00 2015: Signals ordered by strength : JCI(55.0), 
Fri Apr 24 08:00:00 GMT+00:00 2015: Bases processed : ABT-W, BCR-D, BCR-W, BK-W, CSL-W, EFX-W, NEU-W, JCI-W, NI-D, NI-W, OCR-W, OXM-W, SWK-W, TFX-W, UVV-W, VAR-W, WWW-D, CMCSA-W, EMCI-W, CLGX-W, NSANY-W, SIAL-W, STJ-W, RGR-W, ESND-W, AMGN-W, SLM-W, MENT-W, BT-D, BT-W, ADSK-W, BMTC-W, DTV-W, FRC-W, HAR-W, VSR-D, VSR-W, TWN-W, CMCSK-W, DNP-W, SIVB-D, SIVB-W, WPPGY-W, AKRX-W, HIFS-W, CRH-D, CRH-W, ZIXI-W, MMSI-D, MMSI-W, EXPO-W, JBSS-W, PFO-W, PPR-W, COLB-W, MMU-W, ARRS-W, ENI-W, ATVI-W, TSCO-W, PENN-D, PENN-W, HNP-W, WAB-W, SSNC-D, SSNC-W, DASTY-W, IGTE-W, AMZN-D, AMZN-W, PBHC-W, SIRO-W, YUM-W, PCCC-W, CLS-W, FCAP-W, QQQ-W, RAI-W, RDWR-W, IMMR-W, ALSK-W, NTWK-W, AGEN-D, AGEN-W, LNBB-W, EWT-W, UNB-W, CRNT-W, SPYG-D, SPYG-W, XXIA-D, THRK-W, IGM-D, IGM-W, IGV-W, IXN-W, EMJ-W, EEM-W, IHG-W, JQC-D, JQC-W, ANIP-W, AEL-W, CII-D, CII-W, DPZ-W, GOOGL-W, FFA-W, VOX-W, PGJ-W, OSHC-D, OSHC-W, COOL-W, PXMG-W, VWO-D, VWO-W, DSW-D, DRC-W, EFG-W, GLP-W, NXTM-W, FNF-D, FNF-W, ONEK-W, SNCR-W, DFE-D, AXJL-W, QLD-W, SSO-D, SSO-W, AYR-W, GSL-W, DEF-W, ORIT-W, GLUU-W, SAR-W, TFSL-W, BGS-D, BGS-W, PMC-W, PZG-W, UEC-W, XIN-W, V-W, IGF-W, ACWX-W, INR-W, EDC-W, CYOU-W, EET-W, EMIF-W, ECHO-W, SCHE-D, SCHE-W, TQQQ-D, TQQQ-W, AVEO-W, SPSC-D, SPSC-W, FAF-W, XRS-W, VNQI-W, MOBI-W, FLT-W, QADA-D, SQNS-W, UJB-W, FEM-W, FPA-W, CARZ-W, TAOM-D, TAOM-W, PXLG-W, FRAN-W, DNKN-D, DNKN-W, EEMV-W, SOCL-W, AGA-W, TNDQ-W, EGRW-W, VCRA-W, GIG-W, GIVE-D, GIVE-W, GURU-W, JPI-W, QEH-W, SFBC-W, TLTE-W, IEMG-W, WGP-W, INBK-D, INBK-W, SEAS-W, IBCD-D, IBCD-W, KMDA-W, FPF-W, BSCM-W, NFRA-W, FCOM-W, GLYC-W, VIDI-W, IMS-D, IMS-W, DXJC-W, SFBS-W, SPUU-W, FBGX-W, BLBD-W, WIL-W, INNL-D, INNL-W, SMLL-W, BNK-W, AAC-W, EMQQ-D, EMQQ-W, AVOL-D, AVOL-W, KCNY-W, VSTO-W, FLRT-W, FSB-W, RELY-W, 
Fri Apr 24 08:00:00 GMT+00:00 2015: signals : DNKN,IMS,
Fri Apr 24 08:00:00 GMT+00:00 2015: Signals ordered by strength : IMS(190.0), DNKN(150.0), 
Tue Apr 28 08:00:00 GMT+00:00 2015: Bases processed : BRN-D, AAPL-D, MSEX-D, MEOH-D, MBVT-D, CDNS-D, AGCO-D, FDEF-D, MZA-D, SBBX-D, XLK-D, RTEC-D, PGC-D, JPC-D, JOBS-D, CZFC-D, IPGP-D, MOFG-D, CNY-D, TECL-D, ARPI-D, GTT-D, SC-D, OPB-D, HQY-D, BHBK-D, 
Tue Apr 28 08:00:00 GMT+00:00 2015: signals : JOBS,SC,HQY,
Tue Apr 28 08:00:00 GMT+00:00 2015: Signals ordered by strength : SC(90.0), HQY(90.0), JOBS(65.0), 
Tue May 05 08:00:00 GMT+00:00 2015: Bases processed : KEY-D, STT-D, SCHW-D, GTIM-D, GTNA-D, NOM-D, EL-D, GTN-D, XEC-D, RPV-D, PRMW-D, GTWN-D, GGAC-D, NCOM-D, 
Tue May 05 08:00:00 GMT+00:00 2015: signals : 
Tue May 05 08:00:00 GMT+00:00 2015: Signals ordered by strength : 
Fri May 15 08:00:00 GMT+00:00 2015: Bases processed : HON-W, AME-W, BFA-W, CAG-D, DHR-W, MCK-W, GAM-W, NPK-W, PHH-W, PLL-W, TTDKY-W, AEM-W, ASB-W, CSWC-D, CSWC-W, FMER-W, KOSS-W, INTG-W, NKE-D, NKE-W, TRR-W, STRN-W, IDTI-W, LOJN-W, EMRI-W, CNO-W, JJSF-W, BCS-W, FISV-W, C-W, FFKT-W, WBS-W, PLAB-W, ICCC-W, ELUXY-D, ELUXY-W, SNFCA-W, SEV-W, IPAR-W, VOD-W, PTC-W, CGA-W, REGN-W, SCLN-W, ICUI-W, USPH-W, CCU-W, JAH-W, PERY-W, FLL-W, IT-W, BTO-W, COF-D, COF-W, CTRX-W, ISSI-W, ASML-D, ASML-W, RE-W, RICK-W, OPK-W, SGU-D, SGU-W, EWK-W, EWL-W, TCX-D, TCX-W, FDS-W, IMN-W, BSI-W, TACT-D, TACT-W, CALM-W, CIEN-D, CIEN-W, WTFC-W, EBAY-W, XLF-W, MKSI-W, RHT-W, EGBN-W, BSQR-D, BSQR-W, SPTN-W, SPYV-D, SPYV-W, TW-D, TW-W, JHX-W, ANTM-W, ALR-D, NMR-W, OEF-W, SNX-W, CTRP-W, GTXI-W, VTV-W, MGN-W, MCHX-W, HSP-W, ANCX-W, EXR-W, CSCD-W, NDAQ-W, FFNM-W, ALJ-W, ICE-W, TDG-W, IAI-W, IAT-W, DNL-W, DOL-D, DOL-W, DWM-W, WNS-W, RWX-D, RWX-W, GDL-W, UGE-W, EPS-D, EPS-W, EXT-W, SSFN-W, HOLI-D, HOLI-W, FXO-W, SCOR-D, SCOR-W, BKCC-W, VRTU-W, PXF-W, PDN-W, IFGL-D, IFGL-W, MGV-W, FSFG-W, FAS-D, FAS-W, GRN-W, ALN-W, TAT-W, PSCC-D, PSCC-W, SANW-W, NPTN-W, CROP-W, GSVC-D, GSVC-W, CSRE-W, TTFS-D, TTFS-W, KBWI-W, LVNTB-D, LVNTB-W, ICPT-W, CAPE-D, CAPE-W, PF-D, VOYA-W, DGRW-D, DGRW-W, STRP-W, PINC-W, CRTO-W, FTEC-D, FTEC-W, SRNE-D, SRNE-W, TFLO-W, PCTY-W, PAHC-W, EUMV-W, SERV-D, SERV-W, SBCP-W, FCB-W, WBII-W, YDLE-W, KE-D, KLXI-W, LLSP-W, GDXX-W, GDDY-W, KMPH-W, PRTY-W, 
Fri May 15 08:00:00 GMT+00:00 2015: signals : 
Fri May 15 08:00:00 GMT+00:00 2015: Signals ordered by strength : 
Mon May 18 08:00:00 GMT+00:00 2015: Bases processed : ADX-D, SWKS-D, LPX-D, LUK-D, SNV-D, MEI-D, NBN-D, ANN-D, SPY-D, AEIS-D, QRVO-D, BHB-D, DIA-D, IJH-D, IVE-D, IUSV-D, CVGW-D, ADRD-D, JKG-D, JKI-D, PPO-D, KLD-D, PWV-D, ITRN-D, DLN-D, DDM-D, SFLY-D, PTF-D, EQWL-D, CZA-D, FXL-D, RWL-D, MLVF-D, ORRF-D, ABCD-D, SCHV-D, UDOW-D, MXL-D, VONV-D, BLOX-D, ANGL-D, MMTM-D, NCLH-D, FNDB-D, FNDX-D, LDRH-D, SRLP-D, CQH-D, RDVY-D, SIEN-D, RMP-D, KRNT-D, NSA-D, 
Mon May 18 08:00:00 GMT+00:00 2015: signals : 
Mon May 18 08:00:00 GMT+00:00 2015: Signals ordered by strength : 
Tue May 19 08:00:00 GMT+00:00 2015: Bases processed : BIOB-D, MMC-D, WFC-D, SHW-D, FL-D, BOKF-D, FHN-D, SUSQ-D, STI-D, EXAR-D, FNB-D, PBCT-D, MHK-D, MS-D, RGA-D, AMTD-D, IYF-D, DGT-D, MIW-D, VFH-D, UEPS-D, IHF-D, UYG-D, STV-D, SCJ-D, SEM-D, VTHR-D, CPS-D, TRNM-D, SREV-D, CURE-D, PXLV-D, ALFA-D, FINU-D, ESPR-D, TRSK-D, ZSPH-D, CFO-D, CVRS-D, 
Tue May 19 08:00:00 GMT+00:00 2015: signals : 
Tue May 19 08:00:00 GMT+00:00 2015: Signals ordered by strength : 
Wed May 20 08:00:00 GMT+00:00 2015: Bases processed : ABM-D, ADI-D, BMY-D, WEN-D, HEI-D, HRL-D, RBC-D, GHC-D, Y-D, ATRI-D, MENT-D, AJG-D, CVC-D, NVR-D, COT-D, MIDD-D, LVMUY-D, MGPI-D, ULBI-D, CSGS-D, AXAHY-D, ALTV-D, IWD-D, FSI-D, MBTF-D, VHT-D, LBTYA-D, EFSC-D, BME-D, IAK-D, FBT-D, OSIR-D, AGD-D, VYM-D, DSI-D, MSBF-D, RXL-D, TWC-D, PIO-D, FLY-D, CSM-D, DMO-D, SST-D, QDEF-D, FLAG-D, TTPH-D, FNCL-D, DXJR-D, DGRO-D, EHIC-D, MOMO-D, 
Wed May 20 08:00:00 GMT+00:00 2015: signals : ADI,TWC,
Wed May 20 08:00:00 GMT+00:00 2015: Signals ordered by strength : TWC(90.0), ADI(85.0), 
Tue May 26 08:00:00 GMT+00:00 2015: Bases processed : ARKR-D, UBCP-D, CNTY-D, EWH-D, IPN-D, YCS-D, ABBV-D, PFSI-D, 
Tue May 26 08:00:00 GMT+00:00 2015: signals : 
Tue May 26 08:00:00 GMT+00:00 2015: Signals ordered by strength : 
Wed May 27 08:00:00 GMT+00:00 2015: Bases processed : CBSA-D, FUN-D, JNP-D, BSTC-D, TV-D, AMED-D, RSYS-D, SMH-D, SOXX-D, PSI-D, XSD-D, QTEC-D, RYT-D, USD-D, BR-D, AVGO-D, SOXL-D, NXPI-D, FSL-D, HZNP-D, ACHC-D, IBTX-D, PTLA-D, SNOW-D, TRTL-D, LMBS-D, CLLS-D, 
Wed May 27 08:00:00 GMT+00:00 2015: signals : AMED,
Wed May 27 08:00:00 GMT+00:00 2015: Signals ordered by strength : AMED(80.0), 
