Fri Jan 02 08:00:00 GMT+00:00 2015 : Watchlists added : 
Fri Jan 02 08:00:00 GMT+00:00 2015: Bases processed : MUE-D,NQS-D,PGF-D,TLO-D,VMO-D,XMPT-D,MVF-D,IBDD-D,HOFT-D,GFI-D,ARKK-D,VRTV-D,RLGT-D,NLNK-D,LTPZ-D,EGRX-D,COWN-D,BCC-D,ASYS-D,ASMI-D,TPHS-D,
Fri Jan 02 08:00:00 GMT+00:00 2015: signals : 
Fri Jan 02 08:00:00 GMT+00:00 2015: Signals ordered by strength : 
Mon Jan 05 08:00:00 GMT+00:00 2015 : Watchlists added : 
Mon Jan 05 08:00:00 GMT+00:00 2015: Bases processed : CJNK-D,FMB-D,NBD-D,NID-D,NXQ-D,PYN-D,VBLT-D,SCKT-D,PBPB-D,NEA-D,EDV-D,BNY-D,ATHX-D,ARGS-D,VGLT-D,MIFI-D,GSH-D,FRS-D,DGICA-D,CRME-D,PULB-D,JOBS-D,GBAB-D,
Mon Jan 05 08:00:00 GMT+00:00 2015: signals : 
Mon Jan 05 08:00:00 GMT+00:00 2015: Signals ordered by strength : 
Tue Jan 06 08:00:00 GMT+00:00 2015 : Watchlists added : 
Tue Jan 06 08:00:00 GMT+00:00 2015: Bases processed : BLV-D,BSE-D,EXR-D,GOVT-D,HYMB-D,IGU-D,MIY-D,MOC-D,MSCI-D,MUC-D,MVT-D,MYI-D,MYM-D,NQI-D,NXZ-D,SCHZ-D,VKI-D,VKQ-D,VBND-D,TYD-D,TLH-D,SYTL-D,PZT-D,NYV-D,NERV-D,ILTB-D,GBLI-D,EVOK-D,EIM-D,EDUC-D,DEI-D,CNXR-D,CHN-D,BTT-D,BFZ-D,BAF-D,BAB-D,SRC-D,PPSI-D,ORFR-D,LPT-D,ACH-D,
Tue Jan 06 08:00:00 GMT+00:00 2015: signals : 
Tue Jan 06 08:00:00 GMT+00:00 2015: Signals ordered by strength : 
Wed Jan 07 08:00:00 GMT+00:00 2015 : Watchlists added : 
Wed Jan 07 08:00:00 GMT+00:00 2015: Bases processed : ARNA-D,BTA-D,CF-D,CLVS-D,EIA-D,HALO-D,MCHI-D,MEN-D,MFT-D,NMO-D,NPP-D,NUV-D,NVSL-D,PMF-D,PMX-D,PZA-D,STAG-D,VFL-D,MUI-D,ENX-D,CXH-D,BLCM-D,TAYD-D,WMT-D,MNR-D,IDT-D,BRX-D,AMPH-D,CRL-D,
Wed Jan 07 08:00:00 GMT+00:00 2015: signals : 
Wed Jan 07 08:00:00 GMT+00:00 2015: Signals ordered by strength : 
Thu Jan 08 08:00:00 GMT+00:00 2015 : Watchlists added : 
Thu Jan 08 08:00:00 GMT+00:00 2015: Bases processed : BAM-D,FSL-D,FXI-D,IMH-D,ITB-D,NMA-D,NQP-D,NRK-D,WAT-D,TRNO-D,TREE-D,TMO-D,TAP-D,MSBF-D,MRVL-D,MCRI-D,LABL-D,HPS-D,HPF-D,GXC-D,EPR-D,BSX-D,WMAR-D,WK-D,PFNX-D,PCH-D,NLS-D,MANT-D,IDI-D,DHI-D,CMG-D,BKS-D,ANTM-D,ZBRA-D,XPLR-D,UMC-D,TSRO-D,QTS-D,PENN-D,ILMN-D,
Thu Jan 08 08:00:00 GMT+00:00 2015: signals : 
Thu Jan 08 08:00:00 GMT+00:00 2015: Signals ordered by strength : 
Fri Jan 09 08:00:00 GMT+00:00 2015 : Watchlists added : 
Fri Jan 09 08:00:00 GMT+00:00 2015: Bases processed : JGBT-D,MYJ-D,NBO-D,STLY-D,SSFN-D,SMSI-D,PRTO-D,NAN-D,KTF-D,HELE-D,TAST-D,PTLA-D,PSG-D,JRVR-D,CPB-D,CENTA-D,AYI-D,ARKR-D,ALR-D,NXPI-D,DHT-D,CMT-D,
Fri Jan 09 08:00:00 GMT+00:00 2015: signals : 
Fri Jan 09 08:00:00 GMT+00:00 2015: Signals ordered by strength : 
Mon Jan 12 08:00:00 GMT+00:00 2015 : Watchlists added : 
Mon Jan 12 08:00:00 GMT+00:00 2015: Bases processed : CCA-D,CPT-D,VLRS-D,OFC-D,MLN-D,IGR-D,FMI-D,ENGN-D,CZWI-D,CLUB-D,WMS-D,UNIS-D,MCUR-D,HOLX-D,BPY-D,AGN-D,VASC-D,NMS-D,TSRI-D,
Mon Jan 12 08:00:00 GMT+00:00 2015: signals : 
Mon Jan 12 08:00:00 GMT+00:00 2015: Signals ordered by strength : 
Tue Jan 13 08:00:00 GMT+00:00 2015 : Watchlists added : 
Tue Jan 13 08:00:00 GMT+00:00 2015: Bases processed : IBDH-D,LAG-D,MLNX-D,PMM-D,QUNR-D,SIRI-D,PERY-D,OCIR-D,NVS-D,NORD-D,NAP-D,LEN-D,IRWD-D,IDXX-D,HSII-D,GFF-D,FCEB-D,FCEA-D,ELNK-D,DPS-D,CRY-D,CNXT-D,CNS-D,CA-D,BABS-D,VSEC-D,UNB-D,TUES-D,MNRO-D,LENB-D,JCE-D,IRET-D,INTG-D,INCO-D,IFN-D,FRSH-D,BDN-D,BZH-D,
Tue Jan 13 08:00:00 GMT+00:00 2015: signals : 
Tue Jan 13 08:00:00 GMT+00:00 2015: Signals ordered by strength : 
Wed Jan 14 08:00:00 GMT+00:00 2015 : Watchlists added : 
Wed Jan 14 08:00:00 GMT+00:00 2015: Bases processed : AMPS-D,EPHE-D,HYD-D,IEF-D,NYF-D,VGIT-D,VCLT-D,UST-D,TENZ-D,RUTH-D,OWW-D,NVCN-D,NMZ-D,ITCI-D,GBF-D,EEI-D,DLR-D,CLGX-D,BSCN-D,BSCL-D,BOM-D,BIE-D,BBRY-D,ADVS-D,
Wed Jan 14 08:00:00 GMT+00:00 2015: signals : 
Wed Jan 14 08:00:00 GMT+00:00 2015: Signals ordered by strength : 
Thu Jan 15 08:00:00 GMT+00:00 2015 : Watchlists added : 
Thu Jan 15 08:00:00 GMT+00:00 2015: Bases processed : CXA-D,IEI-D,MNP-D,MYN-D,NXJ-D,NXN-D,NZF-D,PML-D,WDTI-D,SCHR-D,NIQ-D,MUB-D,MGF-D,ITM-D,IBMI-D,CRED-D,BOS-D,RAI-D,NTES-D,MNE-D,INP-D,HDB-D,EGP-D,
Thu Jan 15 08:00:00 GMT+00:00 2015: signals : 
Thu Jan 15 08:00:00 GMT+00:00 2015: Signals ordered by strength : 
Fri Jan 16 08:00:00 GMT+00:00 2015 : Watchlists added : AYI,
Fri Jan 16 08:00:00 GMT+00:00 2015: Bases processed : LFUS-D,WNS-D,VLGEA-D,SUBD-D,RAVE-D,IPHS-D,INDY-D,GGAC-D,FXF-D,BEP-D,AUMA-D,WRI-D,NCB-D,GPN-D,GGAL-D,EPI-D,COKE-D,WSR-D,
Fri Jan 16 08:00:00 GMT+00:00 2015: signals : 
Fri Jan 16 08:00:00 GMT+00:00 2015: Signals ordered by strength : AYI(100.0), 
Tue Jan 20 08:00:00 GMT+00:00 2015 : Watchlists added : 
Tue Jan 20 08:00:00 GMT+00:00 2015: Bases processed : DWAT-D,LWC-D,MCI-D,PDT-D,TM-D,PPH-D,INFY-D,INDA-D,IBCE-D,GEO-D,EIO-D,CLDX-D,BUD-D,ACWV-D,TEP-D,ICUI-D,
Tue Jan 20 08:00:00 GMT+00:00 2015: signals : 
Tue Jan 20 08:00:00 GMT+00:00 2015: Signals ordered by strength : 
Wed Jan 21 08:00:00 GMT+00:00 2015 : Watchlists added : 
Wed Jan 21 08:00:00 GMT+00:00 2015: Bases processed : ASR-D,DRGS-D,PIN-D,PSO-D,SJM-D,TFI-D,TKC-D,TSEM-D,WX-D,UNFI-D,NSP-D,MRCY-D,KEYS-D,INDL-D,CNY-D,BRLI-D,ABCD-D,WEN-D,IIF-D,CRUS-D,UTX-D,SBGL-D,CHL-D,
Wed Jan 21 08:00:00 GMT+00:00 2015: signals : 
Wed Jan 21 08:00:00 GMT+00:00 2015: Signals ordered by strength : 
Thu Jan 22 08:00:00 GMT+00:00 2015 : Watchlists added : HELE,
Thu Jan 22 08:00:00 GMT+00:00 2015: Bases processed : CEV-D,CNK-D,FBND-D,FCHI-D,PBH-D,RLGY-D,SABR-D,TSM-D,TTM-D,TUR-D,TXT-D,VDC-D,VMC-D,STON-D,RNP-D,RMAX-D,NRF-D,KO-D,IVOG-D,ISLE-D,IMAX-D,HURC-D,HLT-D,HLS-D,HL-D,HEWG-D,FTLB-D,FCA-D,EMCG-D,CLNY-D,CCI-D,CCF-D,BLKB-D,BAESY-D,AHP-D,AGU-D,ADP-D,WETF-D,DWAQ-D,ARRY-D,
Thu Jan 22 08:00:00 GMT+00:00 2015: signals : AGU,
Thu Jan 22 08:00:00 GMT+00:00 2015: Signals ordered by strength : HELE(95.0), AGU(50.0), 
Fri Jan 23 08:00:00 GMT+00:00 2015 : Watchlists added : 
Fri Jan 23 08:00:00 GMT+00:00 2015: Bases processed : JPS-D,LVLT-D,PAYX-D,PDP-D,PUK-D,SNE-D,ULTA-D,VIPS-D,WBII-D,TSO-D,SBUX-D,RMCF-D,PJP-D,HPTO-D,HEDJ-D,FHK-D,ERH-D,DXGE-D,CSWC-D,UNP-D,SPAR-D,GD-D,BX-D,
Fri Jan 23 08:00:00 GMT+00:00 2015: signals : SBUX,
Fri Jan 23 08:00:00 GMT+00:00 2015: Signals ordered by strength : SBUX(140.0), 
Mon Jan 26 08:00:00 GMT+00:00 2015 : Watchlists added : 
Tue Jan 27 08:00:00 GMT+00:00 2015 : Watchlists added : 
Tue Jan 27 08:00:00 GMT+00:00 2015: Bases processed : CLY-D,JTP-D,LQD-D,NQU-D,PLBC-D,WTT-D,VHT-D,TCEHY-D,SMG-D,SHYD-D,RUK-D,RALY-D,PSXP-D,PDM-D,OIA-D,NYLDA-D,IXJ-D,INFA-D,HURN-D,GTS-D,GMOM-D,ESP-D,DL-D,CSTE-D,COSI-D,CARB-D,ANAC-D,AFB-D,VGR-D,SRI-D,PSB-D,JWB-D,JWA-D,INCY-D,HDRA-D,
Tue Jan 27 08:00:00 GMT+00:00 2015: signals : 
Tue Jan 27 08:00:00 GMT+00:00 2015: Signals ordered by strength : 
Wed Jan 28 08:00:00 GMT+00:00 2015 : Watchlists added : 
Wed Jan 28 08:00:00 GMT+00:00 2015: Bases processed : BND-D,ENDP-D,EVO-D,FLC-D,KCG-D,LPL-D,MATX-D,MMU-D,NKG-D,NNC-D,NPV-D,NVG-D,ORAN-D,PAYC-D,PBM-D,PEBK-D,SKX-D,SPR-D,WOOD-D,TTC-D,SIMO-D,NJ-D,KSM-D,KLIC-D,HBI-D,GIB-D,FWP-D,FDIV-D,DTYL-D,DOX-D,CGI-D,CDXS-D,BFR-D,ASX-D,ALDX-D,AGG-D,YARIY-D,SOCB-D,OC-D,KONA-D,FRFHF-D,COMM-D,AWRE-D,
Wed Jan 28 08:00:00 GMT+00:00 2015: signals : KLIC,
Wed Jan 28 08:00:00 GMT+00:00 2015: Signals ordered by strength : KLIC(40.0), 
Thu Jan 29 08:00:00 GMT+00:00 2015 : Watchlists added : 
Thu Jan 29 08:00:00 GMT+00:00 2015: Bases processed : HAE-D,ISIL-D,ISTB-D,MKTO-D,NIM-D,NMY-D,VAR-D,TTDKY-D,TRR-D,JHP-D,GHC-D,FUTS-D,ELUXY-D,EBSB-D,CXE-D,CCMP-D,BUNL-D,BA-D,LRLCY-D,HAR-D,AZUR-D,
Thu Jan 29 08:00:00 GMT+00:00 2015: signals : VAR,BA,
Thu Jan 29 08:00:00 GMT+00:00 2015: Signals ordered by strength : VAR(110.0), BA(70.0), 
Fri Jan 30 08:00:00 GMT+00:00 2015 : Watchlists added : 
Fri Jan 30 08:00:00 GMT+00:00 2015: Bases processed : AAPL-D,AKP-D,BOND-D,BSCJ-D,BSCM-D,DFP-D,IPE-D,ITR-D,LEO-D,MX-D,MZF-D,PNF-D,ZAIS-D,UA-D,TROV-D,SRDX-D,SLQD-D,RGC-D,MPC-D,MCHP-D,JYNT-D,ICB-D,HLIT-D,GVI-D,ENL-D,ENFC-D,CPRX-D,CEA-D,AGTC-D,BDL-D,AINC-D,VPV-D,
Fri Jan 30 08:00:00 GMT+00:00 2015: signals : 
Fri Jan 30 08:00:00 GMT+00:00 2015: Signals ordered by strength : 
Mon Feb 02 08:00:00 GMT+00:00 2015 : Watchlists added : 
Mon Feb 02 08:00:00 GMT+00:00 2015: Bases processed : BHK-D,DSM-D,EIV-D,FFC-D,NUO-D,PCK-D,RGCO-D,SBI-D,TIPZ-D,ZGNX-D,USDU-D,FRPH-D,FLWS-D,CUBI-D,CACC-D,GYEN-D,
Mon Feb 02 08:00:00 GMT+00:00 2015: signals : 
Mon Feb 02 08:00:00 GMT+00:00 2015: Signals ordered by strength : 
Tue Feb 03 08:00:00 GMT+00:00 2015 : Watchlists added : 
Tue Feb 03 08:00:00 GMT+00:00 2015: Bases processed : COST-D,LLNW-D,MHFI-D,MSCC-D,NMT-D,PAI-D,PRE-D,TIME-D,VRSK-D,UHAL-D,SEIC-D,NFRA-D,MENT-D,LDRI-D,KW-D,KSS-D,JPIN-D,IFEU-D,HRTG-D,HEFA-D,FPT-D,FNGN-D,FCAU-D,DSPG-D,BRC-D,WTBA-D,LMOS-D,MWA-D,INT-D,HEI-D,AMWD-D,ALQA-D,LPSB-D,FTR-D,DTEGY-D,DST-D,DAN-D,CSGP-D,ANCB-D,
Tue Feb 03 08:00:00 GMT+00:00 2015: signals : 
Tue Feb 03 08:00:00 GMT+00:00 2015: Signals ordered by strength : 
Wed Feb 04 08:00:00 GMT+00:00 2015 : Watchlists added : 
Wed Feb 04 08:00:00 GMT+00:00 2015: Bases processed : CCOI-D,CMU-D,ETFC-D,GIVE-D,ICL-D,JKE-D,JPGE-D,LM-D,MIC-D,QTWN-D,RXI-D,SLGN-D,TLKGY-D,TREX-D,TARO-D,RE-D,OMCL-D,MSG-D,MHLD-D,MFSF-D,MCY-D,LPX-D,IPGP-D,HRB-D,EGL-D,DTV-D,ASHS-D,ULTI-D,TNAV-D,LWAY-D,FBR-D,AHL-D,
Wed Feb 04 08:00:00 GMT+00:00 2015: signals : 
Wed Feb 04 08:00:00 GMT+00:00 2015: Signals ordered by strength : 
Thu Feb 05 08:00:00 GMT+00:00 2015 : Watchlists added : 
Thu Feb 05 08:00:00 GMT+00:00 2015: Bases processed : AKRX-D,APD-D,BCE-D,DASTY-D,DLPH-D,EL-D,EWRM-D,EXPO-D,FSS-D,JKH-D,JMM-D,JOUT-D,MKL-D,PCRX-D,PPA-D,QLYS-D,RVP-D,SLAB-D,SNA-D,V-D,VXF-D,VBK-D,SMRT-D,SIGI-D,SBH-D,RWT-D,RTM-D,ROP-D,PAG-D,ORLY-D,NNI-D,NICE-D,MOFG-D,LDRH-D,KKR-D,KFRC-D,KBWP-D,HHS-D,FONE-D,FAD-D,DKL-D,DD-D,DATA-D,CHTR-D,CEB-D,CDI-D,BRCM-D,BOOT-D,AWH-D,AMSF-D,ADT-D,ABR-D,TYL-D,QUMU-D,MSON-D,BLL-D,
Thu Feb 05 08:00:00 GMT+00:00 2015: signals : BLL,
Thu Feb 05 08:00:00 GMT+00:00 2015: Signals ordered by strength : BLL(45.0), 
Fri Feb 06 08:00:00 GMT+00:00 2015 : Watchlists added : VAR,
Fri Feb 06 08:00:00 GMT+00:00 2015: Bases processed : ALFA-D,BCOV-D,CPRT-D,EWRI-D,FBGX-D,HRS-D,ITW-D,IWR-D,JKG-D,MGK-D,PVTB-D,QDEF-D,RPG-D,VO-D,VUG-D,WBS-D,WAL-D,VTWG-D,VRSN-D,VR-D,VOE-D,TGNA-D,SXT-D,RZG-D,RFP-D,PFS-D,MSTR-D,MDLL-D,LNKD-D,JKK-D,IWF-D,HNI-D,FTA-D,FRME-D,FRC-D,FCOM-D,ENV-D,CSC-D,CME-D,CBM-D,CATY-D,BOH-D,BKMU-D,AOR-D,AMTD-D,ALOG-D,WSFS-D,AFH-D,SNV-D,ICE-D,PTF-D,FII-D,ESND-D,DIVC-D,ATLC-D,AJRD-D,IWO-D,FHN-D,
Fri Feb 06 08:00:00 GMT+00:00 2015: signals : 
Fri Feb 06 08:00:00 GMT+00:00 2015: Signals ordered by strength : VAR(95.0), 
Mon Feb 09 08:00:00 GMT+00:00 2015 : Watchlists added : KLIC,
Mon Feb 09 08:00:00 GMT+00:00 2015: Bases processed : HPI-D,RTEC-D,ORA-D,MSI-D,IRIX-D,HAS-D,ANIP-D,AHS-D,
Mon Feb 09 08:00:00 GMT+00:00 2015: signals : HAS,
Mon Feb 09 08:00:00 GMT+00:00 2015: Signals ordered by strength : KLIC(75.0), HAS(45.0), 
Tue Feb 10 08:00:00 GMT+00:00 2015 : Watchlists added : 
Tue Feb 10 08:00:00 GMT+00:00 2015: Bases processed : APH-D,BLK-D,FVL-D,TTFS-D,URBN-D,VTTI-D,TW-D,SIAL-D,RAX-D,PINC-D,NHF-D,MOH-D,MODN-D,FWV-D,FRGI-D,AON-D,SEE-D,MLM-D,PSI-D,HIHO-D,
Tue Feb 10 08:00:00 GMT+00:00 2015: signals : SEE,
Tue Feb 10 08:00:00 GMT+00:00 2015: Signals ordered by strength : SEE(75.0), 
Wed Feb 11 08:00:00 GMT+00:00 2015 : Watchlists added : 
Wed Feb 11 08:00:00 GMT+00:00 2015: Bases processed : ARW-D,MCRL-D,PEP-D,SBFG-D,SCI-D,TXN-D,VOT-D,WBA-D,WBIH-D,WSH-D,WU-D,XPH-D,ZTS-D,VOYA-D,SGU-D,RAD-D,PSJ-D,PLCM-D,PKW-D,PII-D,NTRS-D,MOS-D,MON-D,MIDD-D,IWY-D,IP-D,INXN-D,ICBK-D,GCV-D,EGBN-D,DNB-D,CAP-D,BLBD-D,ASMB-D,ARKK-D,APOG-D,TMH-D,SEMI-D,PNRA-D,FTC-D,FIBG-D,CTLT-D,BZQ-D,BT-D,AIR-D,
Wed Feb 11 08:00:00 GMT+00:00 2015: signals : SCI,
Wed Feb 11 08:00:00 GMT+00:00 2015: Signals ordered by strength : SCI(85.0), 
Thu Feb 12 08:00:00 GMT+00:00 2015 : Watchlists added : 
Thu Feb 12 08:00:00 GMT+00:00 2015: Bases processed : ADX-D,AKAM-D,AVT-D,CFA-D,CPI-D,DGRW-D,EPAM-D,EUSA-D,FLGE-D,FXD-D,IELG-D,INTL-D,IVW-D,IWB-D,IWV-D,LXFT-D,MDCA-D,MERC-D,PXMV-D,QDYN-D,QUAL-D,RFG-D,RSP-D,RWK-D,RWL-D,SATS-D,SCHB-D,SFLA-D,SIZE-D,SPYG-D,TACO-D,THRK-D,TNDQ-D,TY-D,VONE-D,VONG-D,VOO-D,VOOG-D,VTI-D,XLB-D,XRT-D,XSW-D,VV-D,VUSE-D,STNR-D,STMP-D,STC-D,SSD-D,SNPS-D,SCOR-D,SCHX-D,SCHA-D,SAIC-D,RDVY-D,RCD-D,QQXT-D,QQEW-D,QEH-D,PXMG-D,PSCT-D,PBS-D,OTEX-D,ONEQ-D,ONEK-D,NXST-D,NVDA-D,NTWK-D,NDAQ-D,MRTN-D,MATL-D,MASI-D,LVMUY-D,LMCK-D,IVOV-D,IUSG-D,IJJ-D,ICLR-D,HUBS-D,GIII-D,FXL-D,FPX-D,FNDA-D,FMK-D,FDN-D,FBG-D,EZY-D,EZM-D,EXPE-D,EQWS-D,EQLT-D,DXYN-D,DBGR-D,CYBR-D,CYAN-D,CRBN-D,CIGI-D,BMS-D,BFOR-D,AMP-D,AFG-D,VB-D,FTEC-D,CYRN-D,BMA-D,IPG-D,GM-D,CZA-D,
Thu Feb 12 08:00:00 GMT+00:00 2015: signals : 
Thu Feb 12 08:00:00 GMT+00:00 2015: Signals ordered by strength : 
Fri Feb 13 08:00:00 GMT+00:00 2015 : Watchlists added : 
Fri Feb 13 08:00:00 GMT+00:00 2015: Bases processed : ALTV-D,BKD-D,BPFH-D,BSCO-D,CAPE-D,CIVB-D,CSM-D,DBEF-D,DBEU-D,EQL-D,EQWM-D,EXT-D,FAB-D,FTCS-D,HDG-D,HEEM-D,HRL-D,IESM-D,IWL-D,IXN-D,IYJ-D,JCOM-D,JKI-D,KAR-D,MGC-D,MTK-D,NEWR-D,OMAM-D,QDF-D,QLD-D,QQQ-D,RFV-D,SPUU-D,SSO-D,TDIV-D,TECL-D,TQQQ-D,UPRO-D,UXI-D,VGT-D,VLUE-D,WBC-D,WWAV-D,XLK-D,XPO-D,WTFC-D,WAB-D,VTWO-D,VRML-D,VIOO-D,VBR-D,TWOK-D,SWK-D,SPXL-D,SPHB-D,SBAC-D,RYJ-D,RTIX-D,RTI-D,ROM-D,QTWO-D,PXLG-D,PWC-D,PAM-D,OA-D,NHYDY-D,MPWR-D,LOWC-D,LBTYK-D,LBTYA-D,JKJ-D,IYY-D,IYW-D,IWM-D,IVV-D,ITOT-D,IPOS-D,INGN-D,IJR-D,IGV-D,IGM-D,HBMD-D,HBAN-D,HASI-D,FNDX-D,FNDB-D,ENTL-D,EMCI-D,EIGI-D,DTD-D,DAVE-D,COLM-D,CMCSK-D,CMCSA-D,CLS-D,CFO-D,CFG-D,BBP-D,AVG-D,AOA-D,WWE-D,SNX-D,SKYY-D,RYT-D,QLIK-D,KING-D,ISSI-D,HACK-D,DAX-D,BIG-D,
Fri Feb 13 08:00:00 GMT+00:00 2015: signals : EIGI,
Fri Feb 13 08:00:00 GMT+00:00 2015: Signals ordered by strength : EIGI(190.0), 
Tue Feb 17 08:00:00 GMT+00:00 2015 : Watchlists added : 
Tue Feb 17 08:00:00 GMT+00:00 2015: Bases processed : ATRO-D,BZM-D,CBPO-D,CFNL-D,EPS-D,GV-D,INKM-D,LCI-D,LNG-D,MBFI-D,MMTM-D,OEF-D,PATK-D,PRF-D,PRXL-D,PSK-D,RBC-D,RGA-D,RIGL-D,RPV-D,SCS-D,VDSI-D,VIG-D,XLG-D,WGP-D,VT-D,TUSA-D,SLY-D,RWC-D,ROG-D,PXQ-D,PAHC-D,NEWT-D,MPG-D,MGU-D,FMAT-D,DWAS-D,CVT-D,CFGE-D,BANR-D,B-D,AFL-D,ADI-D,ABT-D,TOFR-D,WTM-D,WEA-D,UWM-D,SMH-D,PRTA-D,MNA-D,UCBI-D,SKUL-D,
Tue Feb 17 08:00:00 GMT+00:00 2015: signals : CBPO,LCI,
Tue Feb 17 08:00:00 GMT+00:00 2015: Signals ordered by strength : CBPO(130.0), LCI(125.0), 
Wed Feb 18 08:00:00 GMT+00:00 2015 : Watchlists added : LNKD,
Wed Feb 18 08:00:00 GMT+00:00 2015: Bases processed : CHE-D,CKX-D,DHR-D,DXJ-D,ESMC-D,FJP-D,GAM-D,IGN-D,IPO-D,JBT-D,NCT-D,TXRH-D,VEGA-D,WGBS-D,WNC-D,VEEV-D,SGMO-D,SAA-D,RUBI-D,PMCS-D,MCS-D,MATH-D,KE-D,HIFS-D,HEWJ-D,HAIN-D,CNI-D,BSQR-D,ATE-D,ADBE-D,A-D,VSAT-D,DE-D,MLR-D,HXL-D,
Wed Feb 18 08:00:00 GMT+00:00 2015: signals : 
Wed Feb 18 08:00:00 GMT+00:00 2015: Signals ordered by strength : LNKD(180.0), 
Thu Feb 19 08:00:00 GMT+00:00 2015 : Watchlists added : EPAM,
Thu Feb 19 08:00:00 GMT+00:00 2015: Bases processed : ATROB-D,BJRI-D,DGRS-D,EWJ-D,EWN-D,FCCO-D,FIDU-D,INGIY-D,IRY-D,JEQ-D,JPMV-D,KXI-D,MA-D,NCLH-D,NICK-D,NOBL-D,PBF-D,PCTY-D,QJPN-D,SYNT-D,WBIE-D,WERN-D,WST-D,XLI-D,VLO-D,VHC-D,VAW-D,SLYG-D,R-D,PRFZ-D,MJN-D,LVNTA-D,LDOS-D,FYX-D,FXR-D,FORM-D,FNFV-D,FIF-D,CNCE-D,CNA-D,CHDN-D,AYR-D,AXLL-D,AVOL-D,ADSK-D,ADPT-D,XLV-D,WPPGY-D,RLD-D,NSAM-D,EBAY-D,CLFD-D,IBLN-D,
Thu Feb 19 08:00:00 GMT+00:00 2015: signals : 
Thu Feb 19 08:00:00 GMT+00:00 2015: Signals ordered by strength : EPAM(175.0), 
Fri Feb 20 08:00:00 GMT+00:00 2015 : Watchlists added : 
Fri Feb 20 08:00:00 GMT+00:00 2015: Bases processed : CSD-D,DDM-D,DIA-D,DLN-D,DSI-D,EQWL-D,FRP-D,JWN-D,MDYV-D,MMM-D,MOO-D,PCLN-D,RGI-D,ROST-D,SAAS-D,SPHQ-D,TMO-D,UDOW-D,URTH-D,VIS-D,WCG-D,Y-D,ZSPH-D,WRLD-D,VEC-D,THO-D,TFX-D,ST-D,SOXX-D,SOXL-D,QUAD-D,QQQE-D,ONCE-D,LOGM-D,LL-D,KS-D,IYK-D,INTU-D,GTT-D,EQIX-D,EIG-D,DISH-D,BCV-D,ARIA-D,CURE-D,CPHI-D,CIZ-D,AMOT-D,
Fri Feb 20 08:00:00 GMT+00:00 2015: signals : 
Fri Feb 20 08:00:00 GMT+00:00 2015: Signals ordered by strength : 
Mon Feb 23 08:00:00 GMT+00:00 2015 : Watchlists added : EIGI,LNKD,
Mon Feb 23 08:00:00 GMT+00:00 2015: Bases processed : AVY-D,AXTA-D,AZO-D,BDX-D,FLTX-D,GAL-D,JBHT-D,JGBL-D,KMG-D,SPLP-D,STWD-D,TECH-D,UGE-D,TERP-D,STS-D,SIXD-D,RGEN-D,PRN-D,PPO-D,NVMI-D,NRZ-D,MDVN-D,IG-D,FUN-D,FIG-D,FIA-D,FDP-D,ESRX-D,ESLT-D,EEFT-D,DPZ-D,DG-D,COWN-D,CMRX-D,ISDR-D,AAC-D,
Mon Feb 23 08:00:00 GMT+00:00 2015: signals : NRZ,
Mon Feb 23 08:00:00 GMT+00:00 2015: Signals ordered by strength : EIGI(195.0), LNKD(175.0), NRZ(50.0), 
Tue Feb 24 08:00:00 GMT+00:00 2015 : Watchlists added : EIGI,LNKD,
Tue Feb 24 08:00:00 GMT+00:00 2015: Bases processed : DGRO-D,EMAN-D,EOS-D,EVT-D,EXPD-D,ITF-D,IWC-D,JKL-D,NKY-D,PWV-D,RORO-D,SCHD-D,SYLD-D,TMK-D,VAL-D,VTV-D,VYM-D,UFPI-D,TWC-D,TILT-D,TCON-D,STT-D,SMTC-D,SHLM-D,SF-D,SCHW-D,RWJ-D,RJF-D,QSR-D,PXLV-D,PHM-D,PCLB-D,OZRK-D,OTTR-D,OMN-D,MOGA-D,MGLN-D,LGF-D,LBTYB-D,LBRDA-D,KNOW-D,KBWB-D,JPM-D,JBL-D,ING-D,IDCC-D,IAI-D,HDS-D,GIL-D,FDM-D,FCCY-D,ECON-D,DW-D,DSW-D,DK-D,DDS-D,CSII-D,CSF-D,CR-D,CHT-D,CGEMY-D,CBRL-D,BK-D,ARMH-D,AMG-D,AGO-D,SYE-D,CHGG-D,ASML-D,ANCX-D,ASMI-D,
Tue Feb 24 08:00:00 GMT+00:00 2015: signals : 
Tue Feb 24 08:00:00 GMT+00:00 2015: Signals ordered by strength : EIGI(195.0), LNKD(175.0), 
Wed Feb 25 08:00:00 GMT+00:00 2015 : Watchlists added : LNKD,
Wed Feb 25 08:00:00 GMT+00:00 2015: Bases processed : AOK-D,GRUB-D,KLD-D,LQ-D,OMC-D,SSP-D,TJX-D,VFC-D,WFC-D,WCIC-D,VOOV-D,USCR-D,TGT-D,SUSQ-D,STRZA-D,SSH-D,SPIL-D,SFBC-D,OSIR-D,ORFR-D,ONFC-D,NEOG-D,NDSN-D,MTX-D,MAG-D,LARK-D,IL-D,HMHC-D,ECL-D,CW-D,CVU-D,CMN-D,CERU-D,CCK-D,CBAN-D,BSFT-D,BNFT-D,ARQL-D,AGA-D,ZAGG-D,VG-D,SYG-D,SPNS-D,ACN-D,QTNT-D,
Wed Feb 25 08:00:00 GMT+00:00 2015: signals : 
Wed Feb 25 08:00:00 GMT+00:00 2015: Signals ordered by strength : LNKD(175.0), 
Thu Feb 26 08:00:00 GMT+00:00 2015 : Watchlists added : CBPO,
Thu Feb 26 08:00:00 GMT+00:00 2015: Bases processed : ARI-D,ESE-D,IPK-D,IUSB-D,PNQI-D,WBB-D,WNR-D,VLRS-D,UVE-D,TGS-D,STXX-D,SPOK-D,SIGM-D,OTEL-D,NEWM-D,NEON-D,NASH-D,MEI-D,LHCG-D,KYO-D,JNP-D,IPS-D,IPCC-D,HAWK-D,GLOB-D,FYT-D,ELGX-D,EEMA-D,DGII-D,CYBX-D,CRM-D,CRI-D,CHCO-D,CBPX-D,BKS-D,BHLB-D,ATOS-D,AMED-D,ALN-D,AIA-D,XXIA-D,SOIL-D,AB-D,
Thu Feb 26 08:00:00 GMT+00:00 2015: signals : 
Thu Feb 26 08:00:00 GMT+00:00 2015: Signals ordered by strength : CBPO(125.0), 
Fri Feb 27 08:00:00 GMT+00:00 2015 : Watchlists added : LCI,
Fri Feb 27 08:00:00 GMT+00:00 2015: Bases processed : CMK-D,CSU-D,NWYF-D,PFF-D,VRNT-D,TUMI-D,SOR-D,NYCB-D,NPTN-D,LAWS-D,KAI-D,IDI-D,GMK-D,GCAP-D,FIX-D,FCB-D,DHG-D,DBAP-D,CN-D,BLOX-D,ABTL-D,SUNS-D,BIO-D,AVID-D,ARES-D,SPLK-D,FLY-D,
Fri Feb 27 08:00:00 GMT+00:00 2015: signals : 
Fri Feb 27 08:00:00 GMT+00:00 2015: Signals ordered by strength : LCI(125.0), 
Mon Mar 02 08:00:00 GMT+00:00 2015 : Watchlists added : EIGI,LCI,
Mon Mar 02 08:00:00 GMT+00:00 2015: Bases processed : BPOP-D,MKSI-D,NLNK-D,PSF-D,QTEC-D,SMMF-D,SRCL-D,WMC-D,XBKS-D,XL-D,VICR-D,USD-D,TSQ-D,STM-D,STBZ-D,RVSB-D,PXSV-D,PSCI-D,PLOW-D,PGTI-D,PETX-D,OHRP-D,OFIX-D,NVEE-D,MACK-D,KOPN-D,GBNK-D,FCS-D,FCH-D,DVAX-D,DAC-D,CPIX-D,CGNX-D,AMAT-D,UHS-D,NTT-D,LEG-D,CHMT-D,ARG-D,LTRPA-D,GWB-D,CISG-D,
Mon Mar 02 08:00:00 GMT+00:00 2015: signals : 
Mon Mar 02 08:00:00 GMT+00:00 2015: Signals ordered by strength : EIGI(195.0), LCI(130.0), 
Tue Mar 03 08:00:00 GMT+00:00 2015 : Watchlists added : EIGI,
Tue Mar 03 08:00:00 GMT+00:00 2015: Bases processed : DKS-D,ERI-D,FLKS-D,JD-D,NTK-D,PIN-D,SBBX-D,UN-D,OUT-D,OREX-D,NTRI-D,NTN-D,MTG-D,LEAF-D,GLP-D,EPI-D,DTSI-D,DPLO-D,DNBF-D,AT-D,ALLB-D,TSRI-D,DCM-D,
Tue Mar 03 08:00:00 GMT+00:00 2015: signals : 
Tue Mar 03 08:00:00 GMT+00:00 2015: Signals ordered by strength : EIGI(200.0), 
Wed Mar 04 08:00:00 GMT+00:00 2015 : Watchlists added : LCI,EIGI,
Wed Mar 04 08:00:00 GMT+00:00 2015: Bases processed : IBP-D,MRCC-D,SPTN-D,SYBT-D,UEPS-D,RSSS-D,OMER-D,OLN-D,HCA-D,FLXN-D,DRR-D,DDAIF-D,ECOL-D,BMY-D,AMBA-D,ALNY-D,AJX-D,ADMP-D,ACHC-D,
Wed Mar 04 08:00:00 GMT+00:00 2015: signals : OLN,BMY,
Wed Mar 04 08:00:00 GMT+00:00 2015: Signals ordered by strength : EIGI(200.0), LCI(130.0), BMY(65.0), OLN(30.0), 
Thu Mar 05 08:00:00 GMT+00:00 2015 : Watchlists added : 
Thu Mar 05 08:00:00 GMT+00:00 2015: Bases processed : ALDW-D,CL-D,GTN-D,MXIM-D,USPH-D,TRCB-D,SIEN-D,RCPT-D,RARE-D,QURE-D,PTX-D,POWR-D,MVIS-D,MRTX-D,ICLN-D,HCBK-D,FMER-D,CY-D,CPGI-D,CORT-D,CLDN-D,CFI-D,CBF-D,BME-D,BLUE-D,BFIN-D,ATRS-D,
Thu Mar 05 08:00:00 GMT+00:00 2015: signals : 
Thu Mar 05 08:00:00 GMT+00:00 2015: Signals ordered by strength : 
Fri Mar 06 08:00:00 GMT+00:00 2015 : Watchlists added : EPAM,LCI,NRZ,
Fri Mar 06 08:00:00 GMT+00:00 2015: Bases processed : AUMA-D,COO-D,STI-D,USB-D,TYPE-D,TRMK-D,TBRA-D,SYA-D,PNC-D,PCTI-D,ORBK-D,LNC-D,KRU-D,KRE-D,KLXI-D,KBE-D,IYG-D,IRS-D,IAT-D,IAK-D,HIG-D,FULT-D,FBMS-D,BBY-D,XLF-D,PRQR-D,FL-D,BBT-D,ATSG-D,
Fri Mar 06 08:00:00 GMT+00:00 2015: signals : 
Fri Mar 06 08:00:00 GMT+00:00 2015: Signals ordered by strength : EPAM(185.0), LCI(130.0), NRZ(85.0), 
Mon Mar 09 08:00:00 GMT+00:00 2015 : Watchlists added : LCI,NRZ,LNKD,
Mon Mar 09 08:00:00 GMT+00:00 2015: Bases processed : GARS-D,PLT-D,PNK-D,RMD-D,RKUS-D,REPH-D,MSBF-D,MAN-D,MAC-D,GILT-D,FSNN-D,FCBC-D,BLMT-D,UTIW-D,GBR-D,SCAI-D,AGRO-D,
Mon Mar 09 08:00:00 GMT+00:00 2015: signals : 
Mon Mar 09 08:00:00 GMT+00:00 2015: Signals ordered by strength : LNKD(175.0), LCI(125.0), NRZ(55.0), 
Tue Mar 10 08:00:00 GMT+00:00 2015 : Watchlists added : LCI,NRZ,CBPO,
Tue Mar 10 08:00:00 GMT+00:00 2015: Bases processed : PBCP-D,WBIA-D,MLVF-D,GLL-D,GERN-D,FOLD-D,BSJM-D,OTIC-D,BWINA-D,
Tue Mar 10 08:00:00 GMT+00:00 2015: signals : 
Tue Mar 10 08:00:00 GMT+00:00 2015: Signals ordered by strength : CBPO(135.0), LCI(130.0), NRZ(80.0), 
Wed Mar 11 08:00:00 GMT+00:00 2015 : Watchlists added : OLN,NRZ,
Wed Mar 11 08:00:00 GMT+00:00 2015: Bases processed : FMD-D,MYL-D,SIFI-D,SURG-D,RPTP-D,RDI-D,HCHC-D,DGLD-D,CHNB-D,
Wed Mar 11 08:00:00 GMT+00:00 2015: signals : 
Wed Mar 11 08:00:00 GMT+00:00 2015: Signals ordered by strength : NRZ(55.0), OLN(30.0), 
Thu Mar 12 08:00:00 GMT+00:00 2015 : Watchlists added : OLN,LNKD,
Thu Mar 12 08:00:00 GMT+00:00 2015: Bases processed : AMFC-D,CSBK-D,METR-D,MYRG-D,OLED-D,VSTM-D,VTL-D,TXMD-D,TWOU-D,TBNK-D,SYNC-D,STRP-D,SGMS-D,SFNC-D,SCLN-D,SBCF-D,SASR-D,RLI-D,PLCE-D,PBIP-D,PARR-D,MTN-D,LBRDK-D,KEY-D,KBWR-D,KBWC-D,INDB-D,HYH-D,HOMB-D,DXJS-D,DXJH-D,DVCR-D,CZFC-D,CVGW-D,BIOB-D,BAYRY-D,TR-D,TOWN-D,AFSI-D,
Thu Mar 12 08:00:00 GMT+00:00 2015: signals : 
Thu Mar 12 08:00:00 GMT+00:00 2015: Signals ordered by strength : LNKD(175.0), OLN(30.0), 
Fri Mar 13 08:00:00 GMT+00:00 2015 : Watchlists added : 
Fri Mar 13 08:00:00 GMT+00:00 2015: Bases processed : BHV-D,QADA-D,VLGEA-D,UAM-D,SUPN-D,SMLL-D,SAGE-D,PRMW-D,PACW-D,MSO-D,MBUU-D,DSPG-D,DGX-D,CHFC-D,CENT-D,DXJF-D,
Fri Mar 13 08:00:00 GMT+00:00 2015: signals : 
Fri Mar 13 08:00:00 GMT+00:00 2015: Signals ordered by strength : 
Mon Mar 16 08:00:00 GMT+00:00 2015 : Watchlists added : 
Mon Mar 16 08:00:00 GMT+00:00 2015: Bases processed : BHB-D,CSLS-D,DHIL-D,ESS-D,EW-D,GOOD-D,GPIC-D,IVZ-D,JPP-D,PFI-D,REV-D,SPNC-D,SSI-D,STBA-D,STE-D,SZO-D,ZOES-D,WMCR-D,WAT-D,VRTX-D,UBSI-D,TRVN-D,TLMR-D,SC-D,SBNY-D,ROL-D,REGN-D,QGEN-D,QDEU-D,PKI-D,PFSI-D,PEK-D,ORLY-D,MATW-D,KCE-D,KBA-D,JOF-D,IHDG-D,FEIM-D,FCNCA-D,DTO-D,CUK-D,CTSO-D,CSFL-D,CRMT-D,CAF-D,ZNH-D,
Mon Mar 16 08:00:00 GMT+00:00 2015: signals : 
Mon Mar 16 08:00:00 GMT+00:00 2015: Signals ordered by strength : 
Tue Mar 17 08:00:00 GMT+00:00 2015 : Watchlists added : 
Tue Mar 17 08:00:00 GMT+00:00 2015: Bases processed : AUPH-D,ISBC-D,QUNR-D,SUNE-D,TCEHY-D,TEO-D,XTN-D,WFBI-D,REIS-D,PRSC-D,PRGO-D,NTDOY-D,GNE-D,FXO-D,CLNY-D,CENTA-D,CEN-D,BGCP-D,BDE-D,ASHR-D,AKER-D,AIN-D,AFMD-D,QRVO-D,ODFL-D,
Tue Mar 17 08:00:00 GMT+00:00 2015: signals : 
Tue Mar 17 08:00:00 GMT+00:00 2015: Signals ordered by strength : 
Wed Mar 18 08:00:00 GMT+00:00 2015 : Watchlists added : AMBA,BMY,
Wed Mar 18 08:00:00 GMT+00:00 2015: Bases processed : AAIT-D,AVX-D,CBG-D,CMD-D,DFJ-D,EES-D,EFFE-D,JFC-D,MCO-D,MDSO-D,OEC-D,RWW-D,SEB-D,SSFN-D,SXI-D,UYG-D,TWX-D,TRNM-D,TGTX-D,TEVA-D,SSB-D,RSCO-D,PGR-D,NVO-D,KIE-D,JAZZ-D,IWN-D,IPKW-D,INCO-D,HTBK-D,GLPI-D,FUJIY-D,FINU-D,FAS-D,DNO-D,DBAW-D,CVG-D,CSH-D,CRESY-D,CPLP-D,CMT-D,CDK-D,CCBG-D,CAJ-D,BTX-D,AMCX-D,AIG-D,ACIW-D,PXSG-D,CANF-D,
Wed Mar 18 08:00:00 GMT+00:00 2015: signals : 
Wed Mar 18 08:00:00 GMT+00:00 2015: Signals ordered by strength : AMBA(185.0), BMY(115.0), 
Thu Mar 19 08:00:00 GMT+00:00 2015 : Watchlists added : 
Thu Mar 19 08:00:00 GMT+00:00 2015: Bases processed : ARKQ-D,CET-D,ELS-D,GNMA-D,MDP-D,NVRO-D,RYL-D,SFS-D,TWO-D,VASC-D,TMUS-D,TLYS-D,THRM-D,THQ-D,STRN-D,SONC-D,SCVL-D,RPX-D,RNDY-D,QBAK-D,NXTD-D,MTD-D,MGCD-D,LAD-D,JUNO-D,ISIS-D,INSM-D,FB-D,DENN-D,CO-D,EVHC-D,
Thu Mar 19 08:00:00 GMT+00:00 2015: signals : 
Thu Mar 19 08:00:00 GMT+00:00 2015: Signals ordered by strength : 
Fri Mar 20 08:00:00 GMT+00:00 2015 : Watchlists added : OLN,LNKD,
Fri Mar 20 08:00:00 GMT+00:00 2015: Bases processed : AOM-D,BOND-D,DES-D,EFAV-D,ESCA-D,EVBN-D,EXR-D,FRM-D,INFI-D,IPAC-D,JMP-D,JRVR-D,LXU-D,OFC-D,RWG-D,SBRA-D,SGBK-D,SHEN-D,TAN-D,TER-D,UDR-D,XMLV-D,XSLV-D,XHR-D,WTBA-D,WSR-D,VTWV-D,VIOV-D,UTMD-D,UHT-D,UCBA-D,SUI-D,STOR-D,SLG-D,SGC-D,RTN-D,ROIC-D,PRGS-D,PKBK-D,PGRE-D,OC-D,NKE-D,MTSC-D,MTRN-D,MORE-D,MGNX-D,LLY-D,KNX-D,JBAXY-D,IJS-D,ICFI-D,HPT-D,HPP-D,HNI-D,HMTV-D,HMN-D,HILL-D,GPT-D,GEO-D,FWDD-D,FRT-D,FNX-D,FGM-D,ESRT-D,ERB-D,EQR-D,ENSG-D,ELOS-D,EIRL-D,CRWN-D,CLBH-D,BLKB-D,AWR-D,ASR-D,ARE-D,AAL-D,KNL-D,
Fri Mar 20 08:00:00 GMT+00:00 2015: signals : 
Fri Mar 20 08:00:00 GMT+00:00 2015: Signals ordered by strength : LNKD(170.0), OLN(30.0), 
Mon Mar 23 08:00:00 GMT+00:00 2015 : Watchlists added : BMY,
Mon Mar 23 08:00:00 GMT+00:00 2015: Bases processed : AADR-D,ACWI-D,ALG-D,BNDX-D,CLX-D,EXAM-D,NP-D,PFE-D,QINC-D,SMLV-D,WDFC-D,VR-D,VFH-D,TSYS-D,SYV-D,SSS-D,SFLY-D,SEM-D,PZE-D,PSG-D,OLP-D,NAP-D,MTB-D,MRLN-D,MRKT-D,MRH-D,MINI-D,LPNT-D,LNCE-D,KWT-D,KBWI-D,JSC-D,IPD-D,GNCMA-D,FRPT-D,FEUZ-D,ELY-D,DIM-D,CUNB-D,BABY-D,AXR-D,AWI-D,AVB-D,ATRC-D,ARLUF-D,APF-D,ABG-D,NBBC-D,FUR-D,AEC-D,
Mon Mar 23 08:00:00 GMT+00:00 2015: signals : 
Mon Mar 23 08:00:00 GMT+00:00 2015: Signals ordered by strength : BMY(90.0), 
Tue Mar 24 08:00:00 GMT+00:00 2015 : Watchlists added : LNKD,
Tue Mar 24 08:00:00 GMT+00:00 2015: Bases processed : ACG-D,CEA-D,MBB-D,SYKE-D,TRGT-D,WGO-D,TWTR-D,SHAK-D,POOL-D,PLPM-D,OVAS-D,ODC-D,MLNK-D,MKCV-D,MKC-D,LWAY-D,INUV-D,HIFR-D,HEIA-D,HECO-D,GZT-D,CYTR-D,BEP-D,AIRT-D,KEN-D,
Tue Mar 24 08:00:00 GMT+00:00 2015: signals : 
Tue Mar 24 08:00:00 GMT+00:00 2015: Signals ordered by strength : LNKD(170.0), 
Wed Mar 25 08:00:00 GMT+00:00 2015 : Watchlists added : AMBA,
Wed Mar 25 08:00:00 GMT+00:00 2015: Bases processed : BSCL-D,CPE-D,FBND-D,KRFT-D,LB-D,LNDC-D,MONY-D,MTS-D,SUBD-D,SNX-D,SCJ-D,IESC-D,EFO-D,DBOEF-D,RXDX-D,RDIB-D,
Wed Mar 25 08:00:00 GMT+00:00 2015: signals : 
Wed Mar 25 08:00:00 GMT+00:00 2015: Signals ordered by strength : AMBA(185.0), 
Thu Mar 26 08:00:00 GMT+00:00 2015 : Watchlists added : 
Thu Mar 26 08:00:00 GMT+00:00 2015: Bases processed : SIG-D,RHT-D,LAZ-D,HOT-D,FSGI-D,HDRA-D,
Thu Mar 26 08:00:00 GMT+00:00 2015: signals : SIG,
Thu Mar 26 08:00:00 GMT+00:00 2015: Signals ordered by strength : SIG(50.0), 
Fri Mar 27 08:00:00 GMT+00:00 2015 : Watchlists added : EW,AMBA,OLN,
Fri Mar 27 08:00:00 GMT+00:00 2015: Bases processed : FBR-D,MHF-D,TDF-D,TIK-D,ROLL-D,RAD-D,KTCC-D,GTPS-D,FWP-D,CCL-D,ALTR-D,
Fri Mar 27 08:00:00 GMT+00:00 2015: signals : 
Fri Mar 27 08:00:00 GMT+00:00 2015: Signals ordered by strength : AMBA(190.0), EW(95.0), OLN(25.0), 
Mon Mar 30 08:00:00 GMT+00:00 2015 : Watchlists added : EW,
Mon Mar 30 08:00:00 GMT+00:00 2015: Bases processed : ADS-D,AN-D,CACI-D,CHN-D,FCEA-D,FCEB-D,GIS-D,YINN-D,SHI-D,RH-D,PRFT-D,PLMT-D,PETS-D,OSIS-D,MUSA-D,MMAC-D,KMX-D,KFY-D,HRC-D,HMPR-D,EWH-D,CNXR-D,CHNA-D,CHIX-D,CHII-D,AMSF-D,ABAX-D,AAON-D,XPP-D,WGL-D,NWHM-D,
Mon Mar 30 08:00:00 GMT+00:00 2015: signals : 
Mon Mar 30 08:00:00 GMT+00:00 2015: Signals ordered by strength : EW(95.0), 
Tue Mar 31 08:00:00 GMT+00:00 2015 : Watchlists added : NTDOY,
Tue Mar 31 08:00:00 GMT+00:00 2015: Bases processed : FIVZ-D,FMF-D,HRS-D,IBDH-D,LBF-D,LZB-D,QAI-D,VRP-D,USNA-D,TPZ-D,STON-D,SPXH-D,SONA-D,PKB-D,PGJ-D,MCRI-D,JXSB-D,GPS-D,EFT-D,DST-D,DKL-D,BUSE-D,BAMM-D,ABCB-D,
Tue Mar 31 08:00:00 GMT+00:00 2015: signals : 
Tue Mar 31 08:00:00 GMT+00:00 2015: Signals ordered by strength : NTDOY(55.0), 
Wed Apr 01 08:00:00 GMT+00:00 2015 : Watchlists added : AMBA,NTDOY,
Wed Apr 01 08:00:00 GMT+00:00 2015: Bases processed : CMPR-D,DFVL-D,ECON-D,ENGN-D,EPHE-D,HCKT-D,MUA-D,PAI-D,UWN-D,SRLP-D,SEMG-D,PFBC-D,OSBC-D,NVSL-D,NAT-D,MCBK-D,LMNS-D,IRDM-D,BRKL-D,
Wed Apr 01 08:00:00 GMT+00:00 2015: signals : 
Wed Apr 01 08:00:00 GMT+00:00 2015: Signals ordered by strength : AMBA(190.0), NTDOY(55.0), 
Thu Apr 02 08:00:00 GMT+00:00 2015 : Watchlists added : AMBA,
Thu Apr 02 08:00:00 GMT+00:00 2015: Bases processed : AGO-D,AXJV-D,GOVT-D,LANC-D,M-D,TAYD-D,TRI-D,UCFC-D,XSOE-D,YAO-D,TNP-D,STRZB-D,STFC-D,SPWH-D,SPG-D,SFG-D,RNST-D,RLGT-D,PAG-D,OCFC-D,NAVG-D,NATH-D,MCY-D,JPEM-D,HF-D,HBIO-D,HAO-D,GSM-D,GSBC-D,FFNW-D,EXPR-D,ENTG-D,EMCG-D,ECNS-D,CSGS-D,CQQQ-D,CHIM-D,CHA-D,CAG-D,ATNI-D,ARAY-D,
Thu Apr 02 08:00:00 GMT+00:00 2015: signals : 
Thu Apr 02 08:00:00 GMT+00:00 2015: Signals ordered by strength : AMBA(190.0), 
Mon Apr 06 08:00:00 GMT+00:00 2015 : Watchlists added : NTDOY,
Mon Apr 06 08:00:00 GMT+00:00 2015: Bases processed : BIP-D,GMF-D,IDHQ-D,NXST-D,OMAB-D,OMCL-D,PRTO-D,PULB-D,RFV-D,SIX-D,SKOR-D,TXT-D,VDC-D,VXUS-D,TRTL-D,THG-D,SYUT-D,SCZ-D,RZV-D,ROAM-D,RDY-D,PMD-D,NWL-D,NNA-D,NECB-D,MIG-D,IMAX-D,HIW-D,GBX-D,FSBW-D,FNDC-D,EVOK-D,EMDD-D,ELNK-D,EFG-D,DXJT-D,DRW-D,DOC-D,DIVC-D,CXSE-D,CPK-D,BWLA-D,BHK-D,ALX-D,ACH-D,TOL-D,
Mon Apr 06 08:00:00 GMT+00:00 2015: signals : 
Mon Apr 06 08:00:00 GMT+00:00 2015: Signals ordered by strength : NTDOY(50.0), 
Tue Apr 07 08:00:00 GMT+00:00 2015 : Watchlists added : AMBA,
Tue Apr 07 08:00:00 GMT+00:00 2015: Bases processed : BAL-D,DHG-D,DXYN-D,HOFT-D,IRMD-D,KTWO-D,MYCC-D,SMED-D,UMH-D,TRK-D,TAP-D,SKYAY-D,RMBS-D,PMBC-D,NLS-D,MRGE-D,LOAN-D,ISRA-D,IPOS-D,IEFA-D,FNI-D,DBJP-D,CYNO-D,CUDA-D,CHU-D,CBZ-D,BLBD-D,AROW-D,ADUS-D,ZBRA-D,CLAC-D,
Tue Apr 07 08:00:00 GMT+00:00 2015: signals : 
Tue Apr 07 08:00:00 GMT+00:00 2015: Signals ordered by strength : AMBA(210.0), 
Wed Apr 08 08:00:00 GMT+00:00 2015 : Watchlists added : AMBA,
Wed Apr 08 08:00:00 GMT+00:00 2015: Bases processed : AAXJ-D,CYN-D,EVF-D,FLTB-D,GHII-D,GSH-D,IBCC-D,JPIN-D,PDFS-D,QQQC-D,SMI-D,SNPS-D,SOHU-D,TAO-D,WD-D,VPL-D,VEA-D,PXR-D,PSJ-D,NTES-D,NOAH-D,MHO-D,LULU-D,LGND-D,JRO-D,IEIL-D,GWL-D,FPXI-D,ETE-D,DZK-D,DSGX-D,CLACU-D,CHL-D,CHIQ-D,BONA-D,BNY-D,ASGN-D,APB-D,AMCN-D,
Wed Apr 08 08:00:00 GMT+00:00 2015: signals : 
Wed Apr 08 08:00:00 GMT+00:00 2015: Signals ordered by strength : AMBA(205.0), 
Thu Apr 09 08:00:00 GMT+00:00 2015 : Watchlists added : OLN,SIG,AMBA,
Thu Apr 09 08:00:00 GMT+00:00 2015: Bases processed : CCO-D,EWRM-D,PGX-D,PIN-D,SHW-D,TPHS-D,WBIE-D,WBIH-D,WPS-D,TLO-D,SYNA-D,SMIN-D,SIMO-D,RNG-D,QLIK-D,NSEC-D,NOW-D,KWEB-D,KOLD-D,IX-D,EVI-D,ESRX-D,EIGI-D,DXCM-D,DL-D,CJJD-D,ASMB-D,BCHP-D,APOG-D,
Thu Apr 09 08:00:00 GMT+00:00 2015: signals : 
Thu Apr 09 08:00:00 GMT+00:00 2015: Signals ordered by strength : AMBA(205.0), SIG(90.0), OLN(75.0), 
Fri Apr 10 08:00:00 GMT+00:00 2015 : Watchlists added : EW,SIG,
Fri Apr 10 08:00:00 GMT+00:00 2015: Bases processed : A-D,AOD-D,AXJS-D,BXMT-D,CCA-D,EMRE-D,EXL-D,GE-D,NVS-D,SANW-D,QTM-D,QCLN-D,NFO-D,NEO-D,MOAT-D,MELR-D,MDGN-D,DXR-D,CYT-D,CDW-D,BRO-D,GSBD-D,ALU-D,
Fri Apr 10 08:00:00 GMT+00:00 2015: signals : GE,
Fri Apr 10 08:00:00 GMT+00:00 2015: Signals ordered by strength : EW(110.0), SIG(90.0), GE(20.0), 
Mon Apr 13 08:00:00 GMT+00:00 2015 : Watchlists added : EW,
Mon Apr 13 08:00:00 GMT+00:00 2015: Bases processed : CCC-D,DFP-D,DXKW-D,ENTL-D,GLO-D,HEEM-D,INDL-D,IQLT-D,IR-D,ISRG-D,KFYP-D,SPAN-D,SRLN-D,STK-D,TDY-D,TSE-D,TNGO-D,STCK-D,SQNM-D,SCIN-D,RTIX-D,PTSI-D,PBIB-D,MFLX-D,KING-D,IVC-D,GMED-D,FELE-D,FARO-D,ETO-D,ETM-D,DCO-D,CGIX-D,BLDR-D,AEPI-D,AERI-D,
Mon Apr 13 08:00:00 GMT+00:00 2015: signals : 
Mon Apr 13 08:00:00 GMT+00:00 2015: Signals ordered by strength : EW(95.0), 
Tue Apr 14 08:00:00 GMT+00:00 2015 : Watchlists added : EW,AMBA,
Tue Apr 14 08:00:00 GMT+00:00 2015: Bases processed : GIB-D,IBCE-D,KLXI-D,PRE-D,RGS-D,XRM-D,WUBA-D,STDY-D,PGTI-D,PGEM-D,NPBC-D,MODN-D,LGL-D,IDHB-D,GWPH-D,GS-D,CUT-D,CORI-D,CHKE-D,CARA-D,BMI-D,AXS-D,YORW-D,JPM-D,
Tue Apr 14 08:00:00 GMT+00:00 2015: signals : 
Tue Apr 14 08:00:00 GMT+00:00 2015: Signals ordered by strength : AMBA(205.0), EW(110.0), 
Wed Apr 15 08:00:00 GMT+00:00 2015 : Watchlists added : OLN,AMBA,
Wed Apr 15 08:00:00 GMT+00:00 2015: Bases processed : DCA-D,ECL-D,EQAL-D,EWRI-D,FAB-D,FEX-D,GAA-D,JDD-D,JGBL-D,KXI-D,MSA-D,MW-D,NGHC-D,PRF-D,ROIA-D,ROIAK-D,RSP-D,SPHB-D,WBIG-D,WVFC-D,ZSML-D,WBIB-D,TTHI-D,TMH-D,TAST-D,SWHC-D,SLYV-D,RDN-D,QABA-D,PLXS-D,OCLR-D,NTCT-D,NEWP-D,KMI-D,IGA-D,HAWK-D,GVA-D,GSIG-D,FSZ-D,FSLR-D,EXLP-D,EWRS-D,ECF-D,DXLG-D,DDC-D,DCM-D,CYRN-D,CNTR-D,CNHI-D,CLSN-D,CKSW-D,CBAN-D,WINA-D,FSS-D,ABEO-D,AAC-D,ACIM-D,
Wed Apr 15 08:00:00 GMT+00:00 2015: signals : 
Wed Apr 15 08:00:00 GMT+00:00 2015: Signals ordered by strength : AMBA(210.0), OLN(45.0), 
Thu Apr 16 08:00:00 GMT+00:00 2015 : Watchlists added : OLN,AMBA,EW,
Thu Apr 16 08:00:00 GMT+00:00 2015: Bases processed : ARKK-D,GII-D,MHE-D,PN-D,SBEU-D,SDT-D,UN-D,VEGA-D,VEOEY-D,VGR-D,UL-D,TRQ-D,TASR-D,SUM-D,SKYY-D,PNRA-D,NJ-D,NFLX-D,MRIC-D,MNOV-D,IXG-D,ISL-D,IPHS-D,HACK-D,GTOMY-D,FPA-D,FDN-D,FBP-D,EZA-D,EOC-D,EFAD-D,DATA-D,CYBR-D,BRSS-D,ADRA-D,ACU-D,ENZN-D,
Thu Apr 16 08:00:00 GMT+00:00 2015: signals : 
Thu Apr 16 08:00:00 GMT+00:00 2015: Signals ordered by strength : AMBA(210.0), EW(110.0), OLN(45.0), 
Fri Apr 17 08:00:00 GMT+00:00 2015 : Watchlists added : 
Fri Apr 17 08:00:00 GMT+00:00 2015: Bases processed : CRDT-D,EVM-D,NAN-D,RICK-D,SOCB-D,VWR-D,VIMC-D,RWXL-D,MOKO-D,MIFI-D,LSBG-D,KALU-D,IFV-D,FWDI-D,FATE-D,CE-D,AMS-D,
Fri Apr 17 08:00:00 GMT+00:00 2015: signals : 
Fri Apr 17 08:00:00 GMT+00:00 2015: Signals ordered by strength : 
Mon Apr 20 08:00:00 GMT+00:00 2015 : Watchlists added : OLN,EW,AMBA,SIG,
Mon Apr 20 08:00:00 GMT+00:00 2015: Bases processed : BSCM-D,FAF-D,UJB-D,SIAL-D,SEAS-D,PZG-D,PMF-D,KMDA-D,KCNY-D,JBSS-D,INR-D,FCAP-D,EMCI-D,COOL-D,
Mon Apr 20 08:00:00 GMT+00:00 2015: signals : 
Mon Apr 20 08:00:00 GMT+00:00 2015: Signals ordered by strength : AMBA(205.0), EW(90.0), SIG(90.0), OLN(45.0), 
Tue Apr 21 08:00:00 GMT+00:00 2015 : Watchlists added : SIG,AMBA,
Tue Apr 21 08:00:00 GMT+00:00 2015: Bases processed : DASTY-D,MMU-D,OCR-D,SMLL-D,TSCO-D,SNCR-D,SIRO-D,SFBS-D,SFBC-D,RELY-D,RDWR-D,PPR-D,PFO-D,NSANY-D,LNBB-D,IHG-D,HIFS-D,GURU-D,GSL-D,FSB-D,FEYE-D,EMJ-D,ECHO-D,DXJC-D,DEF-D,CLS-D,ASTE-D,ALSK-D,AKRX-D,AGA-D,AEL-D,
Tue Apr 21 08:00:00 GMT+00:00 2015: signals : 
Tue Apr 21 08:00:00 GMT+00:00 2015: Signals ordered by strength : AMBA(200.0), SIG(90.0), 
Wed Apr 22 08:00:00 GMT+00:00 2015 : Watchlists added : SIG,AMBA,
Wed Apr 22 08:00:00 GMT+00:00 2015: Bases processed : GLUU-D,SAR-D,V-D,VAR-D,WPPGY-D,YUM-D,WIL-D,WAB-D,VLP-D,UEC-D,TFX-D,STJ-D,SOCL-D,RAI-D,QEH-D,PCCC-D,PBHC-D,HNP-D,GLYC-D,DNP-D,CYOU-D,CARZ-D,AYR-D,AVEO-D,ATSG-D,AMGN-D,ABT-D,XRS-D,CRNT-D,
Wed Apr 22 08:00:00 GMT+00:00 2015: signals : 
Wed Apr 22 08:00:00 GMT+00:00 2015: Signals ordered by strength : AMBA(205.0), SIG(95.0), 
Thu Apr 23 08:00:00 GMT+00:00 2015 : Watchlists added : EW,
Thu Apr 23 08:00:00 GMT+00:00 2015: Bases processed : ENI-D,EWT-D,EXPO-D,FLRT-D,FPF-D,KCG-D,NDSN-D,PMC-D,QLD-D,SPUU-D,TWN-D,VOX-D,WGP-D,XIN-D,ZIXI-D,VCRA-D,UNB-D,TTMI-D,TNDQ-D,THRK-D,TFSL-D,SWK-D,SQNS-D,SLM-D,RGR-D,QQQ-D,PXMG-D,PXLG-D,ONEK-D,NXTM-D,NTWK-D,NFRA-D,NEU-D,MGU-D,JCI-D,IXN-D,IMMR-D,IGV-D,IGF-D,HAR-D,GLP-D,GIG-D,FRC-D,FRAN-D,FLT-D,FFA-D,FCOM-D,FBGX-D,EFX-D,DTV-D,DPZ-D,CSL-D,COLB-D,CMCSK-D,CMCSA-D,CLGX-D,BPFH-D,BMTC-D,ATVI-D,ARRS-D,ARKW-D,ANIP-D,ADSK-D,ESND-D,
Thu Apr 23 08:00:00 GMT+00:00 2015: signals : 
Thu Apr 23 08:00:00 GMT+00:00 2015: Signals ordered by strength : EW(105.0), 
Fri Apr 24 08:00:00 GMT+00:00 2015 : Watchlists added : SIG,
Fri Apr 24 08:00:00 GMT+00:00 2015: Bases processed : AGEN-D,BGS-D,CRH-D,FNF-D,IBCD-D,PENN-D,QADA-D,SPYG-D,SSNC-D,SSO-D,XXIA-D,WWW-D,VWO-D,VSR-D,TQQQ-D,TAOM-D,SPSC-D,SIVB-D,SCHE-D,OSHC-D,NI-D,MMSI-D,JQC-D,INNL-D,INBK-D,IMS-D,IGM-D,GIVE-D,EMQQ-D,DSW-D,DNKN-D,DFE-D,CII-D,BT-D,BCR-D,AVOL-D,AMZN-D,
Fri Apr 24 08:00:00 GMT+00:00 2015: signals : 
Fri Apr 24 08:00:00 GMT+00:00 2015: Signals ordered by strength : SIG(95.0), 
Mon Apr 27 08:00:00 GMT+00:00 2015 : Watchlists added : SIG,
Mon Apr 27 08:00:00 GMT+00:00 2015: Bases processed : ARKG-D,AVL-D,IVV-D,IYW-D,MNST-D,PFSW-D,QLGC-D,QUAL-D,ROM-D,SMMF-D,SPXL-D,TOK-D,TRND-D,VGT-D,XTL-D,VV-D,VOO-D,VNQI-D,VC-D,UPRO-D,TSM-D,SOIL-D,SCHX-D,PZZA-D,MGC-D,LMNR-D,KND-D,IPF-D,IGN-D,IDCC-D,HME-D,GRO-D,EEMV-D,DGAZ-D,DCIX-D,DBEM-D,BIK-D,ARMH-D,AAN-D,
Mon Apr 27 08:00:00 GMT+00:00 2015: signals : 
Mon Apr 27 08:00:00 GMT+00:00 2015: Signals ordered by strength : SIG(95.0), 
Tue Apr 28 08:00:00 GMT+00:00 2015 : Watchlists added : 
Tue Apr 28 08:00:00 GMT+00:00 2015: Bases processed : CNY-D,JPC-D,MSEX-D,RTEC-D,XLK-D,TECL-D,SC-D,SBBX-D,PGC-D,OPB-D,MZA-D,MOFG-D,MEOH-D,MBVT-D,JOBS-D,IPGP-D,HQY-D,GTT-D,FDEF-D,CZFC-D,CDNS-D,BRN-D,BHBK-D,AGCO-D,AAPL-D,ARPI-D,
Tue Apr 28 08:00:00 GMT+00:00 2015: signals : 
Tue Apr 28 08:00:00 GMT+00:00 2015: Signals ordered by strength : 
Wed Apr 29 08:00:00 GMT+00:00 2015 : Watchlists added : AMBA,
Wed Apr 29 08:00:00 GMT+00:00 2015: Bases processed : XPO-D,VRSK-D,UBSI-D,TSS-D,TRCB-D,TPX-D,NEM-D,MSTR-D,MA-D,LVLT-D,KBE-D,JCTCF-D,GT-D,FRBA-D,EXAM-D,DHT-D,CRM-D,AVY-D,AU-D,LFUS-D,FI-D,
Wed Apr 29 08:00:00 GMT+00:00 2015: signals : XPO,
Wed Apr 29 08:00:00 GMT+00:00 2015: Signals ordered by strength : AMBA(195.0), XPO(80.0), 
Thu Apr 30 08:00:00 GMT+00:00 2015 : Watchlists added : 
Thu Apr 30 08:00:00 GMT+00:00 2015: Bases processed : ASH-D,BRBW-D,IVZ-D,WX-D,WIFI-D,VAC-D,UAN-D,SVCBY-D,MLM-D,JCAP-D,IPHI-D,IEUS-D,BLVD-D,BAA-D,AVG-D,ATTU-D,AAWW-D,
Thu Apr 30 08:00:00 GMT+00:00 2015: signals : AVG,
Thu Apr 30 08:00:00 GMT+00:00 2015: Signals ordered by strength : AVG(160.0), 
Fri May 01 08:00:00 GMT+00:00 2015 : Watchlists added : AMBA,
Fri May 01 08:00:00 GMT+00:00 2015: Bases processed : VMC-D,VWDRY-D,TER-D,TDS-D,RTI-D,NTLS-D,MOCO-D,LLNW-D,GCAP-D,DTUL-D,CMFN-D,CIF-D,FNFV-D,BFAM-D,BCOR-D,EGRW-D,
Fri May 01 08:00:00 GMT+00:00 2015: signals : BFAM,
Fri May 01 08:00:00 GMT+00:00 2015: Signals ordered by strength : AMBA(205.0), BFAM(50.0), 
Mon May 04 08:00:00 GMT+00:00 2015 : Watchlists added : 
Mon May 04 08:00:00 GMT+00:00 2015: Bases processed : DRA-D,EVBS-D,FTA-D,IWL-D,LYV-D,QKOR-D,VLUE-D,VOOV-D,UBS-D,SHLX-D,SGMS-D,SBFG-D,RWW-D,RLGY-D,PFLT-D,PCLN-D,OZM-D,MAS-D,LMLP-D,KNOW-D,KBWB-D,IYG-D,HIL-D,GIGA-D,ENFC-D,EBIO-D,DM-D,CTSH-D,XLG-D,PTC-D,
Mon May 04 08:00:00 GMT+00:00 2015: signals : 
Mon May 04 08:00:00 GMT+00:00 2015: Signals ordered by strength : 
Tue May 05 08:00:00 GMT+00:00 2015 : Watchlists added : CLGX,
Tue May 05 08:00:00 GMT+00:00 2015: Bases processed : RPV-D,STT-D,SCHW-D,PRMW-D,NOM-D,NCOM-D,KEY-D,GTNA-D,GTIM-D,EL-D,XEC-D,GGAC-D,GTWN-D,GTN-D,
Tue May 05 08:00:00 GMT+00:00 2015: signals : 
Tue May 05 08:00:00 GMT+00:00 2015: Signals ordered by strength : CLGX(75.0), 
Wed May 06 08:00:00 GMT+00:00 2015 : Watchlists added : 
Wed May 06 08:00:00 GMT+00:00 2015: Bases processed : PLCE-D,RNR-D,OBAS-D,IACI-D,CSV-D,WIX-D,HDSN-D,HLF-D,
Wed May 06 08:00:00 GMT+00:00 2015: signals : 
Wed May 06 08:00:00 GMT+00:00 2015: Signals ordered by strength : 
Thu May 07 08:00:00 GMT+00:00 2015 : Watchlists added : CLGX,
Thu May 07 08:00:00 GMT+00:00 2015: Bases processed : HUBS-D,MTSL-D,TFSC-D,TBRA-D,SSRG-D,QLTY-D,PRAH-D,NICE-D,GURE-D,EMKR-D,CRF-D,CDK-D,ACLS-D,PEGA-D,BWXT-D,ALDR-D,
Thu May 07 08:00:00 GMT+00:00 2015: signals : 
Thu May 07 08:00:00 GMT+00:00 2015: Signals ordered by strength : CLGX(75.0), 
Fri May 08 08:00:00 GMT+00:00 2015 : Watchlists added : BFAM,CLGX,
Fri May 08 08:00:00 GMT+00:00 2015: Bases processed : AYN-D,CBS-D,MOO-D,NTDOY-D,PLPM-D,WRLD-D,UVV-D,SYV-D,SYT-D,SYE-D,SWZ-D,STMP-D,SSNI-D,SPLK-D,SEE-D,RLH-D,RBA-D,QTWO-D,POST-D,PAYC-D,MYTAY-D,MRTX-D,MMI-D,MMAC-D,MGA-D,MDLZ-D,LEG-D,IMPV-D,GEX-D,FFIV-D,EUDG-D,ESNT-D,DDAIF-D,CUTR-D,BYBK-D,BCA-D,WNC-D,EBIX-D,CCS-D,
Fri May 08 08:00:00 GMT+00:00 2015: signals : IMPV,
Fri May 08 08:00:00 GMT+00:00 2015: Signals ordered by strength : IMPV(160.0), BFAM(80.0), CLGX(75.0), 
Mon May 11 08:00:00 GMT+00:00 2015 : Watchlists added : BFAM,
Mon May 11 08:00:00 GMT+00:00 2015: Bases processed : XLF-D,VOYA-D,USPH-D,TFLO-D,SPTN-D,SEV-D,SBCP-D,REGN-D,PHH-D,PCTY-D,NPTN-D,NMR-D,MET-D,LOJN-D,KOSS-D,KMPH-D,ICUI-D,ICE-D,IAI-D,FMER-D,CALM-D,VTV-D,BCS-D,
Mon May 11 08:00:00 GMT+00:00 2015: signals : 
Mon May 11 08:00:00 GMT+00:00 2015: Signals ordered by strength : BFAM(80.0), 
Tue May 12 08:00:00 GMT+00:00 2015 : Watchlists added : XPO,
Tue May 12 08:00:00 GMT+00:00 2015: Bases processed : WBS-D,VRTU-D,TRR-D,RF-D,PLL-D,PLAB-D,PINC-D,PAHC-D,MCHX-D,KBWI-D,IPAR-D,INTG-D,IMN-D,GRN-D,GDDY-D,GBCI-D,FFNM-D,FFKT-D,FCB-D,CSRE-D,CCU-D,SNFCA-D,ANCX-D,
Tue May 12 08:00:00 GMT+00:00 2015: signals : IPAR,
Tue May 12 08:00:00 GMT+00:00 2015: Signals ordered by strength : XPO(85.0), IPAR(75.0), 
Wed May 13 08:00:00 GMT+00:00 2015 : Watchlists added : AMBA,XPO,
Wed May 13 08:00:00 GMT+00:00 2015: Bases processed : MGN-D,VOD-D,WBII-D,WNS-D,YDLE-D,TTDKY-D,STRN-D,SMEZ-D,SCLN-D,RPTP-D,PZD-D,PRTY-D,PDN-D,OPK-D,NG-D,MCK-D,IDTI-D,ICCC-D,IAT-D,HSP-D,FLL-D,FISV-D,EXR-D,EWL-D,EFV-D,DHR-D,CROP-D,BSI-D,AME-D,BTO-D,
Wed May 13 08:00:00 GMT+00:00 2015: signals : 
Wed May 13 08:00:00 GMT+00:00 2015: Signals ordered by strength : AMBA(195.0), XPO(80.0), 
Thu May 14 08:00:00 GMT+00:00 2015 : Watchlists added : BFAM,CLGX,XPO,
Thu May 14 08:00:00 GMT+00:00 2015: Bases processed : DNL-D,GAM-D,ISSI-D,LLSP-D,MGV-D,NSU-D,PXF-D,SNX-D,UGE-D,TDG-D,TCBI-D,STRP-D,SSFN-D,SPNS-D,RHT-D,RE-D,PERY-D,OEF-D,NPK-D,NDAQ-D,MKSI-D,MKC-D,JJSF-D,JAH-D,IT-D,ICPT-D,GTXI-D,GDXX-D,GDL-D,FXO-D,FSFG-D,FGM-D,EXT-D,EWK-D,EUMV-D,ETV-D,EGBN-D,DWM-D,CTRX-D,CTRP-D,CSCD-D,CRTO-D,CGA-D,C-D,BKCC-D,BFA-D,ASB-D,ANTM-D,ANSS-D,ALN-D,ALJ-D,NXRT-D,JHX-D,HON-D,ACN-D,
Thu May 14 08:00:00 GMT+00:00 2015: signals : 
Thu May 14 08:00:00 GMT+00:00 2015: Signals ordered by strength : BFAM(80.0), XPO(80.0), CLGX(65.0), 
Fri May 15 08:00:00 GMT+00:00 2015 : Watchlists added : XPO,BFAM,
Fri May 15 08:00:00 GMT+00:00 2015: Bases processed : EPS-D,RWX-D,SPYV-D,SRNE-D,TW-D,TTFS-D,TCX-D,TACT-D,SGU-D,SERV-D,SCOR-D,PSCC-D,PF-D,NKE-D,LVNTB-D,KE-D,IFGL-D,HOLI-D,GSVC-D,FTEC-D,ELUXY-D,DOL-D,DGRW-D,CSWC-D,COF-D,CIEN-D,CAPE-D,CAG-D,BSQR-D,ASML-D,FAS-D,ALR-D,
Fri May 15 08:00:00 GMT+00:00 2015: signals : 
Fri May 15 08:00:00 GMT+00:00 2015: Signals ordered by strength : BFAM(85.0), XPO(80.0), 
Mon May 18 08:00:00 GMT+00:00 2015 : Watchlists added : BFAM,IPAR,
Mon May 18 08:00:00 GMT+00:00 2015: Bases processed : BHB-D,DDM-D,DIA-D,FNDB-D,FNDX-D,IVE-D,KLD-D,MMTM-D,NCLH-D,PWV-D,VONV-D,UDOW-D,SWKS-D,SPY-D,SNV-D,SIEN-D,SFLY-D,SCHV-D,RWL-D,RMP-D,RDVY-D,QRVO-D,PTF-D,PPO-D,ORRF-D,NSA-D,NBN-D,MXL-D,MLVF-D,MEI-D,LUK-D,LPX-D,LDRH-D,KRNT-D,JKI-D,JKG-D,IUSV-D,ITRN-D,IJH-D,FXL-D,EQWL-D,DLN-D,CZA-D,CVGW-D,CQH-D,BLOX-D,ANN-D,ANGL-D,ADRD-D,SRLP-D,ADX-D,AEIS-D,ABCD-D,
Mon May 18 08:00:00 GMT+00:00 2015: signals : 
Mon May 18 08:00:00 GMT+00:00 2015: Signals ordered by strength : BFAM(85.0), IPAR(70.0), 
Tue May 19 08:00:00 GMT+00:00 2015 : Watchlists added : BFAM,
Tue May 19 08:00:00 GMT+00:00 2015: Bases processed : PXLV-D,TRNM-D,VTHR-D,WFC-D,ZSPH-D,VFH-D,UYG-D,UEPS-D,TRSK-D,SUSQ-D,STV-D,STI-D,SREV-D,SHW-D,SEM-D,SCJ-D,RGA-D,PBCT-D,MS-D,MMC-D,MIW-D,MHK-D,IYF-D,IHF-D,FNB-D,FL-D,FINU-D,FHN-D,EXAR-D,ESPR-D,DGT-D,CVRS-D,CURE-D,CPS-D,CFO-D,BIOB-D,AMTD-D,ALFA-D,BOKF-D,
Tue May 19 08:00:00 GMT+00:00 2015: signals : 
Tue May 19 08:00:00 GMT+00:00 2015: Signals ordered by strength : BFAM(85.0), 
Wed May 20 08:00:00 GMT+00:00 2015 : Watchlists added : IPAR,XPO,
Wed May 20 08:00:00 GMT+00:00 2015: Bases processed : AXAHY-D,CSM-D,DSI-D,FLAG-D,IWD-D,OSIR-D,QDEF-D,RBC-D,TWC-D,VYM-D,Y-D,WEN-D,VHT-D,ULBI-D,TTPH-D,SST-D,RXL-D,PIO-D,NVR-D,MSBF-D,MOMO-D,MIDD-D,MGPI-D,MENT-D,MBTF-D,LVMUY-D,LBTYA-D,IAK-D,HRL-D,HEI-D,GHC-D,FSI-D,FNCL-D,FLY-D,FBT-D,EHIC-D,EFSC-D,DXJR-D,DMO-D,DGRO-D,CVC-D,CSGS-D,COT-D,BMY-D,BME-D,ATRI-D,ALTV-D,AJG-D,AGD-D,ADI-D,ABM-D,
Wed May 20 08:00:00 GMT+00:00 2015: signals : TWC,TTPH,
Wed May 20 08:00:00 GMT+00:00 2015: Signals ordered by strength : TTPH(160.0), IPAR(95.0), TWC(90.0), XPO(80.0), 
Thu May 21 08:00:00 GMT+00:00 2015 : Watchlists added : CLGX,XPO,
Thu May 21 08:00:00 GMT+00:00 2015: Bases processed : CSMA-D,DRAGF-D,HNT-D,QADB-D,SHPG-D,TNK-D,URI-D,VRML-D,TNAV-D,SFEF-D,NVMI-D,NEP-D,KIRK-D,IDI-D,FLM-D,ESRX-D,EQAL-D,ENZY-D,EGHT-D,DIVC-D,DIRI-D,CVBF-D,CNTR-D,CNHI-D,CF-D,ADBE-D,ACET-D,
Thu May 21 08:00:00 GMT+00:00 2015: signals : 
Thu May 21 08:00:00 GMT+00:00 2015: Signals ordered by strength : XPO(80.0), CLGX(75.0), 
Fri May 22 08:00:00 GMT+00:00 2015 : Watchlists added : CLGX,XPO,
Fri May 22 08:00:00 GMT+00:00 2015: Bases processed : CI-D,FLML-D,FRS-D,OUTR-D,VSTO-D,TTC-D,LONG-D,LBTYK-D,JGBB-D,FINL-D,DGX-D,DE-D,CMRX-D,CHIQ-D,CASH-D,ATAI-D,XHS-D,LPG-D,
Fri May 22 08:00:00 GMT+00:00 2015: signals : 
Fri May 22 08:00:00 GMT+00:00 2015: Signals ordered by strength : XPO(85.0), CLGX(75.0), 
Tue May 26 08:00:00 GMT+00:00 2015 : Watchlists added : BFAM,IPAR,
Tue May 26 08:00:00 GMT+00:00 2015: Bases processed : EWH-D,UBCP-D,PFSI-D,IPN-D,CNTY-D,BGFV-D,ARKR-D,YCS-D,ABBV-D,
Tue May 26 08:00:00 GMT+00:00 2015: signals : 
Tue May 26 08:00:00 GMT+00:00 2015: Signals ordered by strength : BFAM(95.0), IPAR(80.0), 
Wed May 27 08:00:00 GMT+00:00 2015 : Watchlists added : IPAR,BFAM,CLGX,
Wed May 27 08:00:00 GMT+00:00 2015: Bases processed : LMBS-D,SNOW-D,TRTL-D,XSD-D,USD-D,TV-D,SOXX-D,SOXL-D,SMH-D,RYT-D,RSYS-D,QTEC-D,PTLA-D,PSI-D,NXPI-D,JNP-D,IBTX-D,HZNP-D,FUN-D,FSL-D,CGNX-D,BSTC-D,BR-D,AVGO-D,AMED-D,ACHC-D,CLLS-D,CBSA-D,
Wed May 27 08:00:00 GMT+00:00 2015: signals : AMED,
Wed May 27 08:00:00 GMT+00:00 2015: Signals ordered by strength : BFAM(90.0), IPAR(80.0), AMED(80.0), CLGX(75.0), 
Thu May 28 08:00:00 GMT+00:00 2015 : Watchlists added : TTPH,XPO,IPAR,
Thu May 28 08:00:00 GMT+00:00 2015: Bases processed : KCNY-D,RALY-D,MTSI-D,MBFI-D,INDB-D,HMPR-D,HCCI-D,EPAM-D,DRGS-D,CTLT-D,CPB-D,BBC-D,ARES-D,ALGN-D,WGO-D,ABR-D,
Thu May 28 08:00:00 GMT+00:00 2015: signals : 
Thu May 28 08:00:00 GMT+00:00 2015: Signals ordered by strength : TTPH(160.0), XPO(85.0), IPAR(80.0), 
Fri May 29 08:00:00 GMT+00:00 2015 : Watchlists added : IPAR,TTPH,DGX,AMED,
Fri May 29 08:00:00 GMT+00:00 2015: Bases processed : ON-D,SAL-D,TITN-D,RSSS-D,RDHL-D,PKBK-D,NUVA-D,MNA-D,LLY-D,KTOS-D,IYH-D,HUM-D,GRIF-D,GMK-D,FOE-D,FHLC-D,EBAY-D,DATE-D,CFP-D,ADM-D,YCB-D,XUE-D,XBI-D,CPK-D,CTAS-D,
Fri May 29 08:00:00 GMT+00:00 2015: signals : 
Fri May 29 08:00:00 GMT+00:00 2015: Signals ordered by strength : TTPH(160.0), AMED(85.0), IPAR(80.0), DGX(75.0), 
Mon Jun 01 08:00:00 GMT+00:00 2015 : Watchlists added : DGX,AMED,
Mon Jun 01 08:00:00 GMT+00:00 2015: Bases processed : GSBD-D,MXPT-D,NSIT-D,SMDV-D,UUU-D,TXTR-D,TOFR-D,STNR-D,RXDX-D,PFNX-D,PAY-D,NEU-D,MSLI-D,MRK-D,LG-D,INCY-D,IMGN-D,FONE-D,FLXS-D,ESND-D,ESGR-D,ENTG-D,EFUT-D,DAC-D,CWCO-D,COKE-D,CLCD-D,BYLK-D,AMPH-D,WSO-D,BID-D,
Mon Jun 01 08:00:00 GMT+00:00 2015: signals : 
Mon Jun 01 08:00:00 GMT+00:00 2015: Signals ordered by strength : AMED(80.0), DGX(75.0), 
Tue Jun 02 08:00:00 GMT+00:00 2015 : Watchlists added : IPAR,
Tue Jun 02 08:00:00 GMT+00:00 2015: Bases processed : PBIP-D,ZAGG-D,TIA-D,TI-D,TANH-D,STLD-D,SGEN-D,RLGT-D,PSP-D,OSN-D,NAT-D,MORN-D,M-D,KYTH-D,HTGM-D,GUID-D,GIII-D,FMBI-D,FIA-D,ETG-D,ENSG-D,CRIS-D,COTY-D,AER-D,WIBC-D,ALLB-D,
Tue Jun 02 08:00:00 GMT+00:00 2015: signals : 
Tue Jun 02 08:00:00 GMT+00:00 2015: Signals ordered by strength : IPAR(80.0), 
Wed Jun 03 08:00:00 GMT+00:00 2015 : Watchlists added : TTPH,
Wed Jun 03 08:00:00 GMT+00:00 2015: Bases processed : FTHI-D,LPTH-D,NCR-D,NVEC-D,RYJ-D,WCN-D,VR-D,UMPQ-D,TRMR-D,TLMR-D,TGNA-D,TEN-D,TBBK-D,SYF-D,STCK-D,SRI-D,SGYP-D,QED-D,PXSG-D,PXQ-D,PXLW-D,PSCT-D,PRU-D,PRTA-D,PRAA-D,ONFC-D,ONEQ-D,OFLX-D,NUAN-D,LGF-D,LAD-D,KCE-D,KBAL-D,JNS-D,JKJ-D,JAKK-D,HOMB-D,HACK-D,FMS-D,EWD-D,EROS-D,CSTE-D,CSL-D,COMM-D,CFR-D,CEMI-D,CBM-D,BYD-D,BLFS-D,XXIA-D,WSFS-D,AFOP-D,ADMS-D,
Wed Jun 03 08:00:00 GMT+00:00 2015: signals : 
Wed Jun 03 08:00:00 GMT+00:00 2015: Signals ordered by strength : TTPH(155.0), 
Thu Jun 04 08:00:00 GMT+00:00 2015 : Watchlists added : 
Thu Jun 04 08:00:00 GMT+00:00 2015: Bases processed : WOWO-D,VISN-D,RRTS-D,RDI-D,PETS-D,NVSL-D,NBY-D,MBVT-D,HRMN-D,CS-D,CAVM-D,BRLI-D,BFB-D,BBT-D,AMWD-D,NTRI-D,ADHD-D,
Thu Jun 04 08:00:00 GMT+00:00 2015: signals : 
Thu Jun 04 08:00:00 GMT+00:00 2015: Signals ordered by strength : 
Fri Jun 05 08:00:00 GMT+00:00 2015 : Watchlists added : TTPH,BFAM,
Fri Jun 05 08:00:00 GMT+00:00 2015: Bases processed : SIXD-D,UCBI-D,RSTI-D,RJF-D,PTN-D,PNC-D,PFPT-D,PAH-D,NPBC-D,LXFT-D,LTXB-D,KMX-D,JUNO-D,JAXB-D,ISLE-D,GALE-D,FNFG-D,FII-D,CLFD-D,BBP-D,ABG-D,ZOES-D,CBYL-D,BOFI-D,CCXI-D,ANTH-D,
Fri Jun 05 08:00:00 GMT+00:00 2015: signals : 
Fri Jun 05 08:00:00 GMT+00:00 2015: Signals ordered by strength : TTPH(160.0), BFAM(90.0), 
Mon Jun 08 08:00:00 GMT+00:00 2015 : Watchlists added : IPAR,BFAM,
Mon Jun 08 08:00:00 GMT+00:00 2015: Bases processed : RDWR-D,ZNH-D,SOHU-D,SFUN-D,SF-D,ROL-D,POZN-D,PCYO-D,OKSB-D,NWBO-D,NBIX-D,MSFG-D,LMNS-D,LIOX-D,KMG-D,JD-D,IXYS-D,HTM-D,HBK-D,GMED-D,FNGN-D,FFTY-D,FCSC-D,EURN-D,CUBI-D,CFNL-D,BBCN-D,BANR-D,ATML-D,AF-D,XNCR-D,WAFD-D,BRID-D,AMRI-D,POWR-D,
Mon Jun 08 08:00:00 GMT+00:00 2015: signals : 
Mon Jun 08 08:00:00 GMT+00:00 2015: Signals ordered by strength : BFAM(90.0), IPAR(85.0), 
Tue Jun 09 08:00:00 GMT+00:00 2015 : Watchlists added : IPAR,
Tue Jun 09 08:00:00 GMT+00:00 2015: Bases processed : TISA-D,ROSYY-D,PMBC-D,OXM-D,NWL-D,LOXO-D,KZ-D,KNL-D,ISNS-D,ILMN-D,HTLF-D,HDS-D,FRME-D,FOLD-D,CMN-D,CBAN-D,CASY-D,BXS-D,BKU-D,
Tue Jun 09 08:00:00 GMT+00:00 2015: signals : CMN,
Tue Jun 09 08:00:00 GMT+00:00 2015: Signals ordered by strength : CMN(100.0), IPAR(85.0), 
Wed Jun 10 08:00:00 GMT+00:00 2015 : Watchlists added : IPAR,
Wed Jun 10 08:00:00 GMT+00:00 2015: Bases processed : HFFC-D,HUBG-D,INGN-D,PXSLY-D,RNST-D,SASR-D,SCHL-D,STZB-D,TNXP-D,TX-D,VDSI-D,VDTH-D,XENT-D,XVIX-D,WFBI-D,WETF-D,WCIC-D,VIOO-D,UBSI-D,TPS-D,TCB-D,SYBT-D,STZ-D,SLYG-D,SLY-D,SFBS-D,RZG-D,RWJ-D,RNG-D,PRGS-D,PPP-D,PENN-D,PACW-D,OGXI-D,MGYR-D,MFC-D,MDAS-D,MAN-D,LNC-D,LLSC-D,LENS-D,IWC-D,INSY-D,IJT-D,IBP-D,HQY-D,HELE-D,HCC-D,GTS-D,GILD-D,FIBK-D,FDX-D,FCF-D,FCBC-D,EME-D,ELLI-D,DWAQ-D,DG-D,CPIX-D,CORT-D,CME-D,CMA-D,CHFC-D,BVXV-D,BSFT-D,BPFH-D,BNCN-D,BMI-D,ATLC-D,AIZ-D,
Wed Jun 10 08:00:00 GMT+00:00 2015: signals : 
Wed Jun 10 08:00:00 GMT+00:00 2015: Signals ordered by strength : IPAR(80.0), 
Thu Jun 11 08:00:00 GMT+00:00 2015 : Watchlists added : IPAR,
Thu Jun 11 08:00:00 GMT+00:00 2015: Bases processed : IBCP-D,PSCD-D,WLH-D,VTWG-D,SYUT-D,STJ-D,STBZ-D,RRGB-D,RAD-D,MBLY-D,LSBK-D,IWO-D,HTHT-D,GD-D,EQWS-D,DXYN-D,CJJD-D,BHBK-D,CTXS-D,CTRN-D,CRWN-D,BPMC-D,
Thu Jun 11 08:00:00 GMT+00:00 2015: signals : 
Thu Jun 11 08:00:00 GMT+00:00 2015: Signals ordered by strength : IPAR(95.0), 
Fri Jun 12 08:00:00 GMT+00:00 2015 : Watchlists added : BFAM,
Fri Jun 12 08:00:00 GMT+00:00 2015: Bases processed : JYNT-D,MOBI-D,REI-D,SHOP-D,RIVR-D,OPB-D,MCOX-D,KFY-D,KEYW-D,HTBK-D,GWB-D,EMQQ-D,BNFT-D,AON-D,AGII-D,AAP-D,
Fri Jun 12 08:00:00 GMT+00:00 2015: signals : 
Fri Jun 12 08:00:00 GMT+00:00 2015: Signals ordered by strength : BFAM(90.0), 
Mon Jun 15 08:00:00 GMT+00:00 2015 : Watchlists added : BFAM,
Mon Jun 15 08:00:00 GMT+00:00 2015: Bases processed : VHI-D,VCRA-D,UBOH-D,SPU-D,QURE-D,OLBK-D,NMBL-D,NIB-D,MCBK-D,HWBK-D,HSPX-D,HFBL-D,FRSH-D,FOXF-D,ESXB-D,ENFC-D,DXLG-D,AVHI-D,ADAP-D,
Mon Jun 15 08:00:00 GMT+00:00 2015: signals : 
Mon Jun 15 08:00:00 GMT+00:00 2015: Signals ordered by strength : BFAM(85.0), 
Tue Jun 16 08:00:00 GMT+00:00 2015 : Watchlists added : BFAM,IPAR,
Tue Jun 16 08:00:00 GMT+00:00 2015: Bases processed : MATW-D,SPB-D,WYY-D,VLP-D,VIRT-D,VIOG-D,TSCO-D,SOHO-D,RDN-D,PSCH-D,PFS-D,NSTG-D,MPB-D,MNE-D,MGLN-D,KBWP-D,HF-D,GSBC-D,FCCY-D,CZFC-D,CASI-D,BNK-D,BHAC-D,AZPN-D,AFG-D,ACUR-D,WSM-D,
Tue Jun 16 08:00:00 GMT+00:00 2015: signals : 
Tue Jun 16 08:00:00 GMT+00:00 2015: Signals ordered by strength : BFAM(90.0), IPAR(80.0), 
Wed Jun 17 08:00:00 GMT+00:00 2015 : Watchlists added : IPAR,
Wed Jun 17 08:00:00 GMT+00:00 2015: Bases processed : LAZ-D,LNBB-D,MCRI-D,PGR-D,ZAIS-D,VGR-D,VBK-D,TREE-D,THG-D,SYG-D,SMCP-D,SCHA-D,SAA-D,RDUS-D,RATE-D,PSJ-D,OPOF-D,NVAX-D,MPAA-D,MMSI-D,LPSB-D,JKK-D,IJR-D,HRC-D,HAWK-D,HAS-D,FYC-D,DKL-D,CAKE-D,BRO-D,BLDR-D,BKS-D,AGMA-D,ADUS-D,TSLA-D,INCR-D,AMCX-D,AFCB-D,
Wed Jun 17 08:00:00 GMT+00:00 2015: signals : RDUS,
Wed Jun 17 08:00:00 GMT+00:00 2015: Signals ordered by strength : RDUS(210.0), IPAR(80.0), 
Thu Jun 18 08:00:00 GMT+00:00 2015 : Watchlists added : IPAR,
Thu Jun 18 08:00:00 GMT+00:00 2015: Bases processed : FV-D,FXH-D,IJS-D,JRVR-D,LPNT-D,MDYG-D,PLT-D,PSCF-D,RFG-D,RSCO-D,SMLL-D,SSRI-D,URTY-D,VCR-D,WWD-D,XLY-D,XLV-D,XL-D,WMCR-D,WHF-D,W-D,VXF-D,VTWO-D,VB-D,UWM-D,TWX-D,TWOK-D,TNA-D,TG-D,SQBG-D,RPXC-D,QQQE-D,QQEW-D,PXMG-D,PEGA-D,PBE-D,OSIS-D,MTUM-D,MDXG-D,MANH-D,LACO-D,IWM-D,IMPR-D,IL-D,IJK-D,ICD-D,IBB-D,HSIC-D,HIHO-D,HIFR-D,HAIN-D,GCBC-D,FTC-D,FPX-D,FIVN-D,FDM-D,FDIS-D,FCN-D,EZY-D,EZM-D,EVC-D,ECL-D,DIS-D,CVS-D,CMCSK-D,CCL-D,BOTJ-D,BMRN-D,BIB-D,BABY-D,AUBN-D,ASGN-D,AMSF-D,ALSK-D,ANCB-D,
Thu Jun 18 08:00:00 GMT+00:00 2015: signals : 
Thu Jun 18 08:00:00 GMT+00:00 2015: Signals ordered by strength : IPAR(80.0), 
Fri Jun 19 08:00:00 GMT+00:00 2015 : Watchlists added : IPAR,BRLI,
Fri Jun 19 08:00:00 GMT+00:00 2015: Bases processed : BZH-D,PGC-D,PLMT-D,RYAAY-D,SCAI-D,TTEC-D,XRM-D,XON-D,XHR-D,VG-D,TTHI-D,TGT-D,TBI-D,SFNC-D,QQXT-D,PTH-D,ORLY-D,ORFR-D,NOC-D,NECB-D,MTN-D,MSO-D,MKTX-D,MHLD-D,LOCK-D,LGIH-D,LABC-D,JBSS-D,IPCM-D,INUV-D,HTBI-D,HLS-D,HBCP-D,GLPI-D,FNLC-D,FDTS-D,EXAS-D,ETY-D,ECHO-D,DWRE-D,CUK-D,CSF-D,CMCSA-D,CHRS-D,CHFN-D,CFI-D,BDGE-D,BCRX-D,ASBB-D,AHL-D,AGCO-D,
Fri Jun 19 08:00:00 GMT+00:00 2015: signals : 
Fri Jun 19 08:00:00 GMT+00:00 2015: Signals ordered by strength : BRLI(85.0), IPAR(80.0), 
Mon Jun 22 08:00:00 GMT+00:00 2015 : Watchlists added : BRLI,IPAR,
Mon Jun 22 08:00:00 GMT+00:00 2015: Bases processed : BKMU-D,DCOM-D,FLIC-D,FXG-D,IYK-D,MCZ-D,MDCO-D,NWHM-D,PGNX-D,PRXL-D,PSL-D,RNR-D,SLYV-D,TOWN-D,VTWV-D,XIV-D,XHE-D,WMB-D,WEX-D,VUZI-D,VIOV-D,VBR-D,VASC-D,UFCS-D,UAM-D,TQQQ-D,TNDQ-D,SVXY-D,SVCBY-D,SNCR-D,PXSV-D,PSCI-D,PEZ-D,PBJ-D,ORA-D,OCFC-D,NFBK-D,MYE-D,MTB-D,MRH-D,MCUR-D,IWN-D,IUSG-D,ITCI-D,HQH-D,HNSN-D,HIG-D,HECO-D,GTOMY-D,FNDA-D,FIBG-D,FAD-D,EPZM-D,DSGX-D,DCM-D,DBOEF-D,CYAN-D,CRY-D,CNOB-D,CNO-D,CBZ-D,CBB-D,BTN-D,BOS-D,BECN-D,BBH-D,ARRY-D,ACAD-D,YDKN-D,ATTO-D,
Mon Jun 22 08:00:00 GMT+00:00 2015: signals : 
Mon Jun 22 08:00:00 GMT+00:00 2015: Signals ordered by strength : BRLI(85.0), IPAR(80.0), 
Tue Jun 23 08:00:00 GMT+00:00 2015 : Watchlists added : BRLI,IPAR,
Tue Jun 23 08:00:00 GMT+00:00 2015: Bases processed : IGA-D,IIVI-D,LPCN-D,PWC-D,THFF-D,UNM-D,WABC-D,SXT-D,RLI-D,PRK-D,PRFZ-D,LULU-D,IJJ-D,HVB-D,HDP-D,GLYC-D,FDN-D,FB-D,EVI-D,ENH-D,DXJH-D,DRI-D,DNKN-D,DMRC-D,DMD-D,DHT-D,CHCO-D,CBPX-D,BT-D,BFOR-D,BAC-D,XYL-D,STL-D,XHB-D,
Tue Jun 23 08:00:00 GMT+00:00 2015: signals : 
Tue Jun 23 08:00:00 GMT+00:00 2015: Signals ordered by strength : IPAR(95.0), BRLI(85.0), 
Wed Jun 24 08:00:00 GMT+00:00 2015 : Watchlists added : BRLI,IPAR,BFAM,
Wed Jun 24 08:00:00 GMT+00:00 2015: Bases processed : LBTYB-D,SMI-D,STMP-D,VNOM-D,VNDA-D,USCR-D,TTWO-D,TSN-D,TMHC-D,SVBI-D,SNGX-D,PMFG-D,PFLT-D,PBY-D,PAG-D,MHO-D,MD-D,LENB-D,HCBK-D,GIG-D,GASS-D,EIS-D,ECF-D,CUTR-D,BUSE-D,DBVT-D,
Wed Jun 24 08:00:00 GMT+00:00 2015: signals : 
Wed Jun 24 08:00:00 GMT+00:00 2015: Signals ordered by strength : IPAR(95.0), BFAM(95.0), BRLI(85.0), 
Thu Jun 25 08:00:00 GMT+00:00 2015 : Watchlists added : BRLI,IPAR,BFAM,
Thu Jun 25 08:00:00 GMT+00:00 2015: Bases processed : USNA-D,TMH-D,TBNK-D,STS-D,RUTH-D,PFBC-D,NHC-D,LNN-D,LNCE-D,JXSB-D,HRG-D,HQL-D,HBNC-D,GCAP-D,FFIC-D,EVHC-D,EQGP-D,EBSB-D,CYH-D,CENTA-D,CENT-D,RLH-D,CMC-D,AFH-D,
Thu Jun 25 08:00:00 GMT+00:00 2015: signals : 
Thu Jun 25 08:00:00 GMT+00:00 2015: Signals ordered by strength : IPAR(95.0), BFAM(95.0), BRLI(85.0), 
Fri Jun 26 08:00:00 GMT+00:00 2015 : Watchlists added : BRLI,
Fri Jun 26 08:00:00 GMT+00:00 2015: Bases processed : CPHD-D,LKFN-D,NX-D,WWWW-D,WTBA-D,UNH-D,TTS-D,SYN-D,SPTN-D,SHOO-D,SCVL-D,RH-D,RBPAA-D,NGHC-D,NC-D,NBTB-D,HSNI-D,FCNCA-D,DPZ-D,DEL-D,CNBKA-D,CLGX-D,BHLB-D,ABIO-D,ABCW-D,
Fri Jun 26 08:00:00 GMT+00:00 2015: signals : 
Fri Jun 26 08:00:00 GMT+00:00 2015: Signals ordered by strength : BRLI(90.0), 
Mon Jun 29 08:00:00 GMT+00:00 2015 : Watchlists added : BRLI,
Mon Jun 29 08:00:00 GMT+00:00 2015: Bases processed : WIL-D,SPRO-D,ROLA-D,RGEN-D,PGND-D,HRTG-D,FFNW-D,FDEF-D,CHOC-D,CHNR-D,ASBI-D,AGX-D,
Mon Jun 29 08:00:00 GMT+00:00 2015: signals : 
Mon Jun 29 08:00:00 GMT+00:00 2015: Signals ordered by strength : BRLI(95.0), 
Tue Jun 30 08:00:00 GMT+00:00 2015 : Watchlists added : 
Tue Jun 30 08:00:00 GMT+00:00 2015: Bases processed : LION-D,GNCA-D,GAIN-D,FXCB-D,FPT-D,CTRV-D,CACC-D,ASMB-D,
Tue Jun 30 08:00:00 GMT+00:00 2015: signals : 
Tue Jun 30 08:00:00 GMT+00:00 2015: Signals ordered by strength : 
Wed Jul 01 08:00:00 GMT+00:00 2015 : Watchlists added : IPAR,ITCI,
Wed Jul 01 08:00:00 GMT+00:00 2015: Bases processed : CB-D,SIGI-D,VLO-D,WRB-D,VWDRY-D,TYL-D,STON-D,SRCE-D,SCLN-D,RMAX-D,RGR-D,RCPT-D,PAHC-D,NMR-D,NJ-D,NEWR-D,NEOT-D,MPC-D,MLPS-D,MIG-D,MFSF-D,HFWA-D,GERN-D,FKO-D,DTUL-D,BSRR-D,BSET-D,BFY-D,AME-D,AIRT-D,
Wed Jul 01 08:00:00 GMT+00:00 2015: signals : 
Wed Jul 01 08:00:00 GMT+00:00 2015: Signals ordered by strength : ITCI(110.0), IPAR(85.0), 
Thu Jul 02 08:00:00 GMT+00:00 2015 : Watchlists added : ITCI,
Thu Jul 02 08:00:00 GMT+00:00 2015: Bases processed : PRA-D,OIIM-D,NWYF-D,GIS-D,EVH-D,EPC-D,AEPI-D,
Thu Jul 02 08:00:00 GMT+00:00 2015: signals : 
Thu Jul 02 08:00:00 GMT+00:00 2015: Signals ordered by strength : ITCI(110.0), 
Fri Jul 03 08:00:00 GMT+00:00 2015 : Watchlists added : 
