Thu Jan 22 08:00:00 GMT+00:00 2015 BUY  - AGU - 93 @107.2 Total=9969.6
Fri Jan 23 08:00:00 GMT+00:00 2015 BUY  - SBUX - 113 @88.22 Total=9968.86
Wed Jan 28 08:00:00 GMT+00:00 2015 BUY  - KLIC - 634 @15.75 Total=9985.5
Thu Jan 29 08:00:00 GMT+00:00 2015 SELL  - AGU - 93 @105.61 Total=9821.73
Thu Jan 29 08:00:00 GMT+00:00 2015 BUY  - VAR - 106 @94.04 Total=9968.24
Fri Jan 30 08:00:00 GMT+00:00 2015 SELL  - KLIC - 634 @15.17 Total=9617.78
Thu Feb 05 08:00:00 GMT+00:00 2015 BUY  - BLL - 138 @72.03 Total=9940.14
Mon Feb 09 08:00:00 GMT+00:00 2015 BUY  - HAS - 167 @59.66 Total=9963.22
Tue Feb 10 08:00:00 GMT+00:00 2015 BUY  - SEE - 220 @45.27 Total=9959.4
Wed Feb 11 08:00:00 GMT+00:00 2015 SELL  - VAR - 106 @92.32 Total=9785.92
Wed Feb 11 08:00:00 GMT+00:00 2015 BUY  - SCI - 409 @24.39 Total=9975.51
Mon Mar 02 08:00:00 GMT+00:00 2015 BUY  - SBUX - 63 @94.225 Total=5936.175
Wed Mar 04 08:00:00 GMT+00:00 2015 SELL  - BLL - 138 @71.3 Total=9839.4
Wed Mar 04 08:00:00 GMT+00:00 2015 BUY  - BMY - 152 @65.67 Total=9981.84
Wed Mar 04 08:00:00 GMT+00:00 2015 SELL  - SEE - 220 @46.58 Total=10247.6
Wed Mar 04 08:00:00 GMT+00:00 2015 BUY  - OLN - 330 @30.25 Total=9982.5
Tue Mar 10 08:00:00 GMT+00:00 2015 SELL  - OLN - 330 @29.0 Total=9570.0
Thu Mar 26 08:00:00 GMT+00:00 2015 BUY  - SIG - 74 @135.0 Total=9990.0
Wed Apr 01 08:00:00 GMT+00:00 2015 SELL  - BMY - 152 @63.56 Total=9661.12
Wed Apr 01 08:00:00 GMT+00:00 2015 BUY  - SCI - 228 @26.25 Total=5985.0
Fri Apr 10 08:00:00 GMT+00:00 2015 BUY  - GE - 350 @28.51 Total=9978.5
Tue Apr 14 08:00:00 GMT+00:00 2015 BUY  - HAS - 92 @64.48 Total=5932.16
Wed Apr 15 08:00:00 GMT+00:00 2015 BUY  - SCI - 147 @26.98 Total=3966.06
Tue Apr 21 08:00:00 GMT+00:00 2015 SELL  - GE - 350 @26.62 Total=9317.0
Tue Apr 21 08:00:00 GMT+00:00 2015 BUY  - SBUX - 82 @48.37 Total=3966.34
Tue Apr 28 08:00:00 GMT+00:00 2015 BUY  - HQY - 359 @27.76 Total=9965.84
Wed Apr 29 08:00:00 GMT+00:00 2015 SELL  - SIG - 74 @135.84 Total=10052.16
Wed Apr 29 08:00:00 GMT+00:00 2015 BUY  - XPO - 204 @48.83 Total=9961.32
Thu Apr 30 08:00:00 GMT+00:00 2015 SELL  - HQY - 359 @26.21 Total=9409.39
Thu Apr 30 08:00:00 GMT+00:00 2015 BUY  - HAS - 56 @70.79 Total=3964.24
Thu Apr 30 08:00:00 GMT+00:00 2015 BUY  - AVG - 417 @23.92 Total=9974.64
Fri May 01 08:00:00 GMT+00:00 2015 SELL  - SBUX - 434 @50.29 Total=21825.86
Fri May 01 08:00:00 GMT+00:00 2015 BUY  - BFAM - 184 @54.05 Total=9945.2
Fri May 08 08:00:00 GMT+00:00 2015 SELL  - XPO - 204 @48.56 Total=9906.24
Fri May 08 08:00:00 GMT+00:00 2015 BUY  - IMPV - 185 @53.98 Total=9986.3
Tue May 12 08:00:00 GMT+00:00 2015 SELL  - BFAM - 184 @52.84 Total=9722.56
Tue May 12 08:00:00 GMT+00:00 2015 BUY  - IPAR - 296 @33.65 Total=9960.4
Fri May 15 08:00:00 GMT+00:00 2015 SELL  - IPAR - 296 @31.93 Total=9451.28
Wed May 20 08:00:00 GMT+00:00 2015 BUY  - TTPH - 220 @45.33 Total=9972.6
Wed May 20 08:00:00 GMT+00:00 2015 SELL  - AVG - 417 @24.53 Total=10229.01
Wed May 20 08:00:00 GMT+00:00 2015 BUY  - TWC - 60 @166.55 Total=9993.0
Fri May 22 08:00:00 GMT+00:00 2015 SELL  - TTPH - 220 @42.94 Total=9446.8
Tue May 26 08:00:00 GMT+00:00 2015 SELL  - TWC - 60 @183.6 Total=11016.0
Wed May 27 08:00:00 GMT+00:00 2015 BUY  - AMED - 315 @31.67 Total=9976.05
Fri Jun 05 08:00:00 GMT+00:00 2015 BUY  - JUNO - 146 @68.36 Total=9980.56
Tue Jun 09 08:00:00 GMT+00:00 2015 SELL  - JUNO - 146 @62.14 Total=9072.44
Tue Jun 09 08:00:00 GMT+00:00 2015 BUY  - CMN - 192 @52.0 Total=9984.0
Wed Jun 17 08:00:00 GMT+00:00 2015 SELL  - CMN - 192 @51.94 Total=9972.48
Wed Jun 17 08:00:00 GMT+00:00 2015 BUY  - RDUS - 193 @51.73 Total=9983.89
Thu Jun 25 08:00:00 GMT+00:00 2015 BUY  - AMED - 149 @39.96 Total=5954.04
