Fri Jan 16 08:00:00 GMT+00:00 2015 BUY  - AYI - 66 @150.64 Total=9942.24
Thu Jan 22 08:00:00 GMT+00:00 2015 BUY  - HELE - 128 @77.53 Total=9923.84
Thu Jan 22 08:00:00 GMT+00:00 2015 BUY  - AGU - 93 @107.2 Total=9969.6
Fri Jan 23 08:00:00 GMT+00:00 2015 BUY  - SBUX - 113 @88.22 Total=9968.86
Fri Jan 30 08:00:00 GMT+00:00 2015 SELL  - HELE - 128 @75.22 Total=9628.16
Thu Feb 05 08:00:00 GMT+00:00 2015 BUY  - BLL - 138 @72.03 Total=9940.14
Mon Feb 09 08:00:00 GMT+00:00 2015 BUY  - HAS - 167 @59.66 Total=9963.22
Wed Mar 04 08:00:00 GMT+00:00 2015 SELL  - BLL - 138 @71.3 Total=9839.4
Wed Mar 04 08:00:00 GMT+00:00 2015 BUY  - BMY - 152 @65.67 Total=9981.84
Thu Mar 19 08:00:00 GMT+00:00 2015 SELL  - AGU - 93 @106.95 Total=9946.35
Thu Mar 26 08:00:00 GMT+00:00 2015 BUY  - SIG - 74 @135.0 Total=9990.0
Fri Mar 27 08:00:00 GMT+00:00 2015 SELL  - BMY - 152 @65.26 Total=9919.52
Fri Mar 27 08:00:00 GMT+00:00 2015 BUY  - EW - 69 @143.68 Total=9913.92
Mon Mar 30 08:00:00 GMT+00:00 2015 BUY  - SBUX - 62 @95.98 Total=5950.76
Tue Apr 07 08:00:00 GMT+00:00 2015 SELL  - EW - 69 @138.75 Total=9573.75
Wed Apr 08 08:00:00 GMT+00:00 2015 BUY  - AYI - 35 @168.96 Total=5913.6
Fri Apr 10 08:00:00 GMT+00:00 2015 BUY  - GE - 350 @28.51 Total=9978.5
Tue Apr 21 08:00:00 GMT+00:00 2015 SELL  - GE - 350 @26.62 Total=9317.0
Wed Apr 29 08:00:00 GMT+00:00 2015 BUY  - XPO - 204 @48.83 Total=9961.32
Thu Apr 30 08:00:00 GMT+00:00 2015 BUY  - HAS - 84 @70.79 Total=5946.36
Thu Apr 30 08:00:00 GMT+00:00 2015 SELL  - SIG - 74 @134.13 Total=9925.62
Thu Apr 30 08:00:00 GMT+00:00 2015 BUY  - AVG - 417 @23.92 Total=9974.64
Fri May 08 08:00:00 GMT+00:00 2015 BUY  - SBUX - 80 @49.78 Total=3982.4
Tue Jun 02 08:00:00 GMT+00:00 2015 BUY  - AYI - 22 @178.51 Total=3927.22
Wed Jun 03 08:00:00 GMT+00:00 2015 BUY  - HAS - 54 @72.78 Total=3930.12
Tue Jun 09 08:00:00 GMT+00:00 2015 SELL  - XPO - 204 @48.13 Total=9818.52
Tue Jun 09 08:00:00 GMT+00:00 2015 BUY  - CMN - 192 @52.0 Total=9984.0
Wed Jul 01 08:00:00 GMT+00:00 2015 BUY  - AVG - 218 @27.43 Total=5979.74
