Start Date: Thu Jan 01 08:00:00 GMT+00:00 2015
End Date: Sat Jul 04 05:10:46 GMT+00:00 2015
Initial Cash: 100000.0
Num Positions: 5
-----------------
Fri Jan 16 08:00:00 GMT+00:00 2015 BUY: 66 shares of AYI cost-basis=151 for $9942.24 CASH-BAL=90050.76
Thu Jan 22 08:00:00 GMT+00:00 2015 BUY: 128 shares of HELE cost-basis=77.5 for $9923.84 CASH-BAL=80119.92
Thu Jan 22 08:00:00 GMT+00:00 2015 BUY: 93 shares of AGU cost-basis=107 for $9969.6 CASH-BAL=70143.32
Fri Jan 23 08:00:00 GMT+00:00 2015 BUY: 113 shares of SBUX cost-basis=88.2 for $9968.86 CASH-BAL=60167.46
Fri Jan 30 08:00:00 GMT+00:00 2015Market-Downtrend-Sell -3%: (-3.05%)128 shares of HELE for -3.05
Fri Jan 30 08:00:00 GMT+00:00 2015 SELL HELE x128 for $9628.16 -100.0%
Thu Feb 05 08:00:00 GMT+00:00 2015 BUY: 138 shares of BLL cost-basis=72.0 for $9940.14 CASH-BAL=59841.48
Mon Feb 09 08:00:00 GMT+00:00 2015 BUY: 167 shares of HAS cost-basis=59.7 for $9963.22 CASH-BAL=49871.26
Wed Mar 04 08:00:00 GMT+00:00 2015 Selling due to underperformance: BLL -1.08% in 27
Wed Mar 04 08:00:00 GMT+00:00 2015 SELL BLL x138 for $9839.4 -100.0%
Wed Mar 04 08:00:00 GMT+00:00 2015 BUY: 152 shares of BMY cost-basis=65.7 for $9981.84 CASH-BAL=49714.82
Thu Mar 19 08:00:00 GMT+00:00 2015 Market-Uptrend-Sell 20EMA: (-3.31%)93 shares of AGU for -0.303
Thu Mar 19 08:00:00 GMT+00:00 2015 SELL AGU x93 for $9946.35 -100.0%
Thu Mar 26 08:00:00 GMT+00:00 2015 BUY: 74 shares of SIG cost-basis=135 for $9990.0 CASH-BAL=49657.17
Fri Mar 27 08:00:00 GMT+00:00 2015 Selling due to underperformance: BMY -0.694% in 23
Fri Mar 27 08:00:00 GMT+00:00 2015 SELL BMY x152 for $9919.52 -100.0%
Fri Mar 27 08:00:00 GMT+00:00 2015 BUY: 69 shares of EW cost-basis=144 for $9913.92 CASH-BAL=49648.77
Mon Mar 30 08:00:00 GMT+00:00 2015 BUY: 62 shares of SBUX cost-basis=91.0 for $5950.76 CASH-BAL=43691.01
Tue Apr 07 08:00:00 GMT+00:00 2015Market-CautiousUp-Sell -3%: (-3.5%)69 shares of EW for -3.5
Tue Apr 07 08:00:00 GMT+00:00 2015 SELL EW x69 for $9573.75 -100.0%
Wed Apr 08 08:00:00 GMT+00:00 2015 BUY: 35 shares of AYI cost-basis=157 for $5913.6 CASH-BAL=47337.16
Thu Apr 09 08:00:00 GMT+00:00 2015 SBUX: Applying split factor of: 2.0
Fri Apr 10 08:00:00 GMT+00:00 2015 BUY: 350 shares of GE cost-basis=28.5 for $9978.5 CASH-BAL=37351.66
Tue Apr 21 08:00:00 GMT+00:00 2015 StopLoss-SoftStop SELL: (-6.7%)350 shares of GE for -6.7
Tue Apr 21 08:00:00 GMT+00:00 2015 SELL GE x350 for $9317.0 -100.0%
Wed Apr 29 08:00:00 GMT+00:00 2015 BUY: 204 shares of XPO cost-basis=48.8 for $9961.32 CASH-BAL=36693.34
Thu Apr 30 08:00:00 GMT+00:00 2015 BUY: 84 shares of HAS cost-basis=63.4 for $5946.36 CASH-BAL=30739.98
Thu Apr 30 08:00:00 GMT+00:00 2015 Selling due to underperformance: SIG -0.715% in 35
Thu Apr 30 08:00:00 GMT+00:00 2015 SELL SIG x74 for $9925.62 -100.0%
Thu Apr 30 08:00:00 GMT+00:00 2015 BUY: 417 shares of AVG cost-basis=23.9 for $9974.64 CASH-BAL=30676.96
Fri May 08 08:00:00 GMT+00:00 2015 BUY: 80 shares of SBUX cost-basis=46.3 for $3982.4 CASH-BAL=26687.56
Tue Jun 02 08:00:00 GMT+00:00 2015 BUY: 22 shares of AYI cost-basis=161 for $3927.22 CASH-BAL=22753.34
Wed Jun 03 08:00:00 GMT+00:00 2015 BUY: 54 shares of HAS cost-basis=65.0 for $3930.12 CASH-BAL=18816.22
Tue Jun 09 08:00:00 GMT+00:00 2015 Selling due to underperformance: XPO -1.5% in 41
Tue Jun 09 08:00:00 GMT+00:00 2015 SELL XPO x204 for $9818.52 -100.0%
Tue Jun 09 08:00:00 GMT+00:00 2015 BUY: 192 shares of CMN cost-basis=52.0 for $9984.0 CASH-BAL=18636.74
Wed Jul 01 08:00:00 GMT+00:00 2015 BUY: 218 shares of AVG cost-basis=25.1 for $5979.74 CASH-BAL=12650.0

---- Final Portfolio Holdings as of Sat Jul 04 05:10:46 GMT+00:00 2015 ----
null 123 of AYI with cost basis of 161.0 and pct-chg: 17.4% with % of portfolio weight=21.1%
null 430 of SBUX with cost basis of 46.3 and pct-chg: 17.1% with % of portfolio weight=21.2%
null 305 of HAS with cost basis of 65.0 and pct-chg: 16.6% with % of portfolio weight=21.0%
null 635 of AVG with cost basis of 25.1 and pct-chg: 9.64% with % of portfolio weight=15.9%
null 192 of CMN with cost basis of 52.0 and pct-chg: 3.03% with % of portfolio weight=9.34%

Total Invested Amount = 97441.87 with % of portfolio weight=88.5%
Cash Bal = 12650.0 with % of portfolio weight=11.5%
Net Value = 110091.87

---- Run stats ----
Start-Date: Thu Jan 01 08:00:00 GMT+00:00 2015
End-Date: Sat Jul 04 05:10:46 GMT+00:00 2015
Total Trading days: 184
Net Gain/Loss = 10091.87
Pct Chg = 10.1%
