Fri Jan 16 08:00:00 GMT+00:00 2015 BUY  - AYI - 55 @150.64 Total=8285.2
Thu Jan 22 08:00:00 GMT+00:00 2015 BUY  - HELE - 107 @77.53 Total=8295.71
Thu Jan 22 08:00:00 GMT+00:00 2015 BUY  - AGU - 77 @107.2 Total=8254.4
Fri Jan 23 08:00:00 GMT+00:00 2015 BUY  - SBUX - 94 @88.22 Total=8292.68
Fri Jan 30 08:00:00 GMT+00:00 2015 SELL  - HELE - 107 @75.22 Total=8048.54
Thu Feb 05 08:00:00 GMT+00:00 2015 BUY  - BLL - 115 @72.03 Total=8283.45
Fri Feb 06 08:00:00 GMT+00:00 2015 BUY  - VAR - 90 @92.53 Total=8327.7
Mon Feb 09 08:00:00 GMT+00:00 2015 BUY  - KLIC - 529 @15.76 Total=8337.04
Wed Mar 04 08:00:00 GMT+00:00 2015 SELL  - BLL - 115 @71.3 Total=8199.5
Wed Mar 04 08:00:00 GMT+00:00 2015 BUY  - EIGI - 430 @19.39 Total=8337.7
Fri Mar 06 08:00:00 GMT+00:00 2015 SELL  - AGU - 77 @110.42 Total=8502.34
Fri Mar 06 08:00:00 GMT+00:00 2015 BUY  - EPAM - 140 @59.45 Total=8323.0
Tue Mar 10 08:00:00 GMT+00:00 2015 SELL  - VAR - 90 @92.53 Total=8327.7
Tue Mar 10 08:00:00 GMT+00:00 2015 BUY  - CBPO - 102 @81.58 Total=8321.16
Tue Mar 10 08:00:00 GMT+00:00 2015 SELL  - KLIC - 529 @15.99 Total=8458.71
Tue Mar 10 08:00:00 GMT+00:00 2015 BUY  - LCI - 131 @63.36 Total=8300.16
Wed Mar 11 08:00:00 GMT+00:00 2015 SELL  - EIGI - 430 @18.11 Total=7787.3
Wed Mar 11 08:00:00 GMT+00:00 2015 BUY  - OLN - 282 @29.54 Total=8330.28
Thu Mar 19 08:00:00 GMT+00:00 2015 SELL  - OLN - 282 @28.05 Total=7910.1
Fri Mar 20 08:00:00 GMT+00:00 2015 BUY  - LNKD - 31 @264.25 Total=8191.75
Wed Mar 25 08:00:00 GMT+00:00 2015 SELL  - LNKD - 31 @256.05 Total=7937.55
Wed Mar 25 08:00:00 GMT+00:00 2015 BUY  - AMBA - 119 @69.56 Total=8277.64
Mon Mar 30 08:00:00 GMT+00:00 2015 BUY  - SBUX - 52 @95.98 Total=4990.96
Wed Apr 08 08:00:00 GMT+00:00 2015 BUY  - AYI - 29 @168.96 Total=4899.84
Mon Apr 20 08:00:00 GMT+00:00 2015 BUY  - LCI - 74 @66.75 Total=4939.5
Mon Apr 27 08:00:00 GMT+00:00 2015 SELL  - LCI - 205 @61.9 Total=12689.5
Mon Apr 27 08:00:00 GMT+00:00 2015 BUY  - SIG - 61 @136.62 Total=8333.82
Thu Apr 30 08:00:00 GMT+00:00 2015 SELL  - AYI - 84 @166.95 Total=14023.8
Thu Apr 30 08:00:00 GMT+00:00 2015 BUY  - AVG - 348 @23.92 Total=8324.16
Fri May 01 08:00:00 GMT+00:00 2015 BUY  - EPAM - 74 @66.79 Total=4942.46
Fri May 01 08:00:00 GMT+00:00 2015 BUY  - CBPO - 50 @98.2 Total=4910.0
Fri May 08 08:00:00 GMT+00:00 2015 BUY  - SBUX - 66 @49.78 Total=3285.48
Wed May 13 08:00:00 GMT+00:00 2015 SELL  - SIG - 61 @135.23 Total=8249.03
Wed May 13 08:00:00 GMT+00:00 2015 BUY  - XPO - 173 @48.14 Total=8328.22
Fri Jun 05 08:00:00 GMT+00:00 2015 SELL  - XPO - 173 @48.63 Total=8412.99
Fri Jun 05 08:00:00 GMT+00:00 2015 BUY  - TTPH - 195 @42.73 Total=8332.35
Mon Jun 15 08:00:00 GMT+00:00 2015 BUY  - EPAM - 46 @70.98 Total=3265.08
Mon Jun 15 08:00:00 GMT+00:00 2015 BUY  - CBPO - 30 @109.91 Total=3297.3
Mon Jun 29 08:00:00 GMT+00:00 2015 SELL  - TTPH - 195 @43.17 Total=8418.15
Mon Jun 29 08:00:00 GMT+00:00 2015 SELL  - EPAM - 260 @69.58 Total=18090.8
Mon Jun 29 08:00:00 GMT+00:00 2015 BUY  - BRLI - 208 @40.02 Total=8324.16
Wed Jul 01 08:00:00 GMT+00:00 2015 BUY  - AVG - 182 @27.43 Total=4992.26
