Date,Action,Symbol,Shares,Price,Cost
01/03/2014,BUY,YY,172,58.02,7.0
01/09/2014,BUY,M,179,55.8,7.0
01/10/2014,BUY,FDML,485,20.57,7.0
01/13/2014,SELL,FDML,485,19.52,7.0
01/21/2014,BUY,NVDQ,508,19.66,7.0
01/23/2014,BUY,HUBB,84,118.04,7.0
01/24/2014,SELL,NVDQ,508,18.84,7.0
01/27/2014,SELL,HUBB,84,113.28,7.0
01/27/2014,SELL,YY,172,56.99,7.0
01/29/2014,SELL,M,179,53.39,7.0
02/06/2014,BUY,GMT,176,56.74,7.0
02/07/2014,BUY,LVNTA,79,126.16,7.0
02/12/2014,BUY,SN,315,31.72,7.0
02/18/2014,SELL,SN,315,29.74,7.0
02/19/2014,BUY,FLS,123,80.6,7.0
02/21/2014,BUY,STRZA,320,31.15,7.0
02/24/2014,BUY,LEAF,352,28.36,7.0
02/25/2014,BUY,HUM,90,110.49,7.0
02/26/2014,BUY,HEI,159,62.7,7.0
03/04/2014,BUY,NUVA,254,39.29,7.0
03/06/2014,SELL,NUVA,254,37.29,7.0
03/07/2014,BUY,RARE,176,56.625,7.0
03/10/2014,BUY,ZU,175,56.88,7.0
03/12/2014,SELL,LEAF,352,26.15,7.0
03/13/2014,SELL,FLS,123,75.74,7.0
03/14/2014,BUY,MFRM,212,46.99,7.0
03/18/2014,BUY,LVNTA,42,142.31,7.0
03/21/2014,SELL,RARE,176,55.05,7.0
03/21/2014,BUY,GMT,90,66.0,7.0
03/24/2014,SELL,ZU,175,54.91,7.0
03/26/2014,SELL,LVNTA,121,130.34,7.0
03/26/2014,SELL,HEI,159,58.74,7.0
03/26/2014,BUY,FF,502,19.9,7.0
04/03/2014,BUY,BCPC,163,61.27,7.0
04/07/2014,SELL,FF,502,18.77,7.0
04/07/2014,SELL,BCPC,163,59.2,7.0
04/10/2014,SELL,MFRM,212,45.87,7.0
04/10/2014,SELL,HUM,90,109.66,7.0
04/10/2014,SELL,STRZA,320,31.46,7.0
04/10/2014,BUY,ECOL,242,41.24,7.0
04/21/2014,BUY,AZN,144,69.1,7.0
04/22/2014,SELL,AZN,144,66.86,7.0
04/25/2014,BUY,ZBH,99,100.54,7.0
04/28/2014,SELL,GMT,266,64.87,7.0
04/30/2014,SELL,ZBH,99,96.8,7.0
05/28/2014,BUY,CAL,341,29.3,7.0
06/02/2014,SELL,CAL,341,27.83,7.0
06/05/2014,BUY,ECOL,123,48.57,7.0
06/11/2014,BUY,LNG,150,66.58,7.0
06/17/2014,BUY,JWA,166,60.1,7.0
06/19/2014,BUY,GLOG,334,29.88,7.0
06/19/2014,BUY,APD,77,129.7,7.0
06/20/2014,BUY,KS,300,33.21,7.0
06/26/2014,BUY,MEI,265,37.68,7.0
07/01/2014,BUY,ANET,131,76.0,7.0
07/07/2014,SELL,GLOG,334,28.23,7.0
07/07/2014,SELL,KS,300,30.55,7.0
07/07/2014,SELL,ANET,131,72.17,7.0
07/08/2014,SELL,MEI,265,35.76,7.0
07/17/2014,SELL,ECOL,365,47.9,7.0
07/23/2014,BUY,LEJU,759,13.15,7.0
07/24/2014,BUY,JMEI,334,29.86,7.0
07/29/2014,BUY,LNG,80,74.46,7.0
08/01/2014,BUY,THC,190,52.34,7.0
08/05/2014,SELL,LEJU,759,11.94,7.0
08/07/2014,SELL,JWA,166,58.94,7.0
08/07/2014,SELL,LNG,230,70.47,7.0
08/07/2014,BUY,LEAF,337,29.65,7.0
08/12/2014,BUY,KMI,258,38.73,7.0
08/25/2014,BUY,JMEI,182,32.86,7.0
08/28/2014,BUY,SIG,85,116.37,7.0
08/29/2014,SELL,JMEI,516,30.57,7.0
08/29/2014,BUY,GPRO,192,51.8,7.0
09/04/2014,BUY,MEI,251,39.72,7.0
09/08/2014,BUY,THC,101,58.99,7.0
09/09/2014,SELL,KMI,258,38.3,7.0
09/10/2014,BUY,HQY,462,21.62,7.0
09/11/2014,SELL,APD,77,128.43,7.0
09/16/2014,SELL,HQY,462,20.1,7.0
09/16/2014,BUY,ALR,248,40.25,7.0
09/17/2014,BUY,LEAF,178,33.66,7.0
09/22/2014,BUY,CLX,102,97.23,7.0
09/25/2014,SELL,MEI,251,38.04,7.0
09/30/2014,SELL,ALR,248,38.78,7.0
10/01/2014,SELL,SIG,85,112.14,7.0
10/01/2014,SELL,THC,291,57.74,7.0
10/03/2014,BUY,GPN,117,76.32,7.0
10/06/2014,BUY,KITE,273,32.83,7.0
10/07/2014,SELL,KITE,273,31.8,7.0
10/09/2014,SELL,GPN,117,73.97,7.0
10/13/2014,BUY,BDX,71,125.83,7.0
10/14/2014,BUY,AVA,264,34.03,7.0
10/16/2014,SELL,BDX,71,120.78,7.0
10/21/2014,BUY,AKRX,217,41.29,7.0
10/27/2014,SELL,GPRO,192,64.91,7.0
10/27/2014,BUY,EPAM,213,46.91,7.0
10/30/2014,BUY,BMY,169,58.98,7.0
10/30/2014,BUY,BIN,353,28.25,7.0
10/30/2014,BUY,CACI,121,82.05,7.0
11/06/2014,SELL,AKRX,217,37.88,7.0
11/06/2014,BUY,ZEN,396,25.22,7.0
11/11/2014,SELL,ZEN,396,23.34,7.0
11/11/2014,BUY,LEAF,106,37.34,7.0
11/11/2014,BUY,FLT,67,148.03,7.0
11/13/2014,SELL,AVA,264,33.91,7.0
11/13/2014,BUY,AMED,398,25.09,7.0
12/08/2014,SELL,FLT,67,148.11,7.0
12/08/2014,BUY,ENB,203,48.99,7.0
12/12/2014,SELL,ENB,203,46.95,7.0
12/15/2014,SELL,LEAF,621,35.07,7.0
12/16/2014,SELL,EPAM,213,46.24,7.0
12/16/2014,SELL,BMY,169,57.69,7.0
12/16/2014,SELL,CACI,121,83.36,7.0
12/18/2014,BUY,FGEN,356,28.05,7.0
12/22/2014,SELL,FGEN,356,26.32,7.0
12/22/2014,BUY,NVRO,253,39.37,7.0
12/24/2014,BUY,BIN,196,30.43,7.0
12/24/2014,BUY,VA,243,41.0,7.0
01/06/2015,SELL,NVRO,253,37.13,7.0
01/07/2015,SELL,VA,243,39.75,7.0
01/09/2015,BUY,AYI,65,151.5,7.0
01/12/2015,SELL,BIN,549,28.85,7.0
01/16/2015,BUY,AMED,190,28.26,7.0
01/22/2015,BUY,HELE,115,77.53,7.0
01/23/2015,BUY,SBUX,101,88.22,7.0
01/28/2015,BUY,KLIC,570,15.75,7.0
01/30/2015,SELL,HELE,115,75.22,7.0
01/30/2015,SELL,KLIC,570,15.17,7.0
01/30/2015,BUY,VAR,97,92.56,7.0
02/02/2015,BUY,CLX,50,107.83,7.0
02/05/2015,BUY,BA,60,148.6,7.0
02/06/2015,BUY,BLL,127,70.61,7.0
02/09/2015,BUY,HAS,150,59.66,7.0
03/06/2015,SELL,AMED,588,27.62,7.0
03/06/2015,BUY,AMBA,155,64.22,7.0
03/06/2015,SELL,BLL,127,70.82,7.0
03/06/2015,BUY,BMY,153,65.12,7.0
03/13/2015,SELL,HAS,150,60.73,7.0
03/13/2015,BUY,OLN,343,29.12,7.0
03/19/2015,SELL,OLN,343,28.05,7.0
03/19/2015,BUY,NVRO,199,50.01,7.0
03/25/2015,SELL,NVRO,199,48.04,7.0
03/25/2015,SELL,BA,60,148.23,7.0
03/25/2015,BUY,JUNO,168,53.48,7.0
03/25/2015,SELL,VAR,97,92.72,7.0
03/25/2015,BUY,EW,63,142.25,7.0
03/25/2015,SELL,BMY,153,64.7,7.0
03/25/2015,BUY,OVAS,180,49.8,7.0
03/26/2015,SELL,OVAS,180,48.29,7.0
03/26/2015,BUY,SFS,506,17.77,7.0
03/30/2015,BUY,CLX,32,110.76,7.0
03/30/2015,BUY,SBUX,56,95.98,7.0
04/06/2015,SELL,EW,63,139.85,7.0
04/06/2015,BUY,SIG,64,139.76,7.0
04/08/2015,BUY,AYI,31,168.96,7.0
04/17/2015,SELL,SIG,64,132.41,7.0
04/17/2015,BUY,TSE,408,22.0,7.0
04/20/2015,BUY,AMBA,72,74.56,7.0
04/24/2015,SELL,SFS,506,17.9,7.0
04/24/2015,BUY,MMSI,436,20.58,7.0
04/27/2015,SELL,JUNO,168,50.81,7.0
04/29/2015,SELL,CLX,184,107.11,7.0
04/29/2015,BUY,XPO,184,48.83,7.0
04/30/2015,SELL,MMSI,436,19.41,7.0
04/30/2015,BUY,AVG,375,23.92,7.0
05/05/2015,BUY,CLGX,232,38.7,7.0
05/08/2015,BUY,SBUX,72,49.78,7.0
06/02/2015,BUY,AYI,20,178.51,7.0
06/04/2015,SELL,CLGX,232,38.77,7.0
06/04/2015,BUY,DGX,120,74.94,7.0
06/09/2015,SELL,XPO,184,48.13,7.0
06/09/2015,BUY,CMN,172,52.0,7.0
06/15/2015,SELL,DGX,120,72.67,7.0
06/15/2015,BUY,MBLY,178,50.34,7.0
06/23/2015,BUY,TSE,191,28.14,7.0
06/29/2015,SELL,TSE,599,26.06,7.0
07/01/2015,BUY,AVG,196,27.43,7.0
