Fri Jan 03 08:00:00 GMT+00:00 2014 BUY  - YY - 172 @58.02 Total=9979.44
Thu Jan 09 08:00:00 GMT+00:00 2014 BUY  - M - 179 @55.8 Total=9988.2
Fri Jan 10 08:00:00 GMT+00:00 2014 BUY  - FDML - 485 @20.57 Total=9976.45
Mon Jan 13 08:00:00 GMT+00:00 2014 SELL  - FDML - 485 @19.52 Total=9467.2
Tue Jan 21 08:00:00 GMT+00:00 2014 BUY  - NVDQ - 508 @19.66 Total=9987.28
Thu Jan 23 08:00:00 GMT+00:00 2014 BUY  - HUBB - 84 @118.04 Total=9915.36
Fri Jan 24 08:00:00 GMT+00:00 2014 SELL  - NVDQ - 508 @18.84 Total=9570.72
Mon Jan 27 08:00:00 GMT+00:00 2014 SELL  - HUBB - 84 @113.28 Total=9515.52
Mon Jan 27 08:00:00 GMT+00:00 2014 SELL  - YY - 172 @56.99 Total=9802.28
Wed Jan 29 08:00:00 GMT+00:00 2014 SELL  - M - 179 @53.39 Total=9556.81
Thu Feb 06 08:00:00 GMT+00:00 2014 BUY  - GMT - 176 @56.74 Total=9986.24
Fri Feb 07 08:00:00 GMT+00:00 2014 BUY  - LVNTA - 79 @126.16 Total=9966.64
Wed Feb 12 08:00:00 GMT+00:00 2014 BUY  - SN - 315 @31.72 Total=9991.8
Tue Feb 18 08:00:00 GMT+00:00 2014 SELL  - SN - 315 @29.74 Total=9368.1
Wed Feb 19 08:00:00 GMT+00:00 2014 BUY  - FLS - 123 @80.6 Total=9913.8
Fri Feb 21 08:00:00 GMT+00:00 2014 BUY  - STRZA - 320 @31.15 Total=9968.0
Mon Feb 24 08:00:00 GMT+00:00 2014 BUY  - LEAF - 352 @28.36 Total=9982.72
Tue Feb 25 08:00:00 GMT+00:00 2014 BUY  - HUM - 90 @110.49 Total=9944.1
Wed Feb 26 08:00:00 GMT+00:00 2014 BUY  - HEI - 159 @62.7 Total=9969.3
Tue Mar 04 08:00:00 GMT+00:00 2014 BUY  - NUVA - 254 @39.29 Total=9979.66
Thu Mar 06 08:00:00 GMT+00:00 2014 SELL  - NUVA - 254 @37.29 Total=9471.66
Fri Mar 07 08:00:00 GMT+00:00 2014 BUY  - RARE - 176 @56.625 Total=9966.0
Mon Mar 10 08:00:00 GMT+00:00 2014 BUY  - ZU - 175 @56.88 Total=9954.0
Wed Mar 12 08:00:00 GMT+00:00 2014 SELL  - LEAF - 352 @26.15 Total=9204.8
Thu Mar 13 08:00:00 GMT+00:00 2014 SELL  - FLS - 123 @75.74 Total=9316.02
Fri Mar 14 08:00:00 GMT+00:00 2014 BUY  - MFRM - 212 @46.99 Total=9961.88
Tue Mar 18 08:00:00 GMT+00:00 2014 BUY  - LVNTA - 42 @142.31 Total=5977.02
Fri Mar 21 08:00:00 GMT+00:00 2014 SELL  - RARE - 176 @55.05 Total=9688.8
Fri Mar 21 08:00:00 GMT+00:00 2014 BUY  - GMT - 90 @66.0 Total=5940.0
Mon Mar 24 08:00:00 GMT+00:00 2014 SELL  - ZU - 175 @54.91 Total=9609.25
Wed Mar 26 08:00:00 GMT+00:00 2014 SELL  - LVNTA - 121 @130.34 Total=15771.14
Wed Mar 26 08:00:00 GMT+00:00 2014 SELL  - HEI - 159 @58.74 Total=9339.66
Wed Mar 26 08:00:00 GMT+00:00 2014 BUY  - FF - 502 @19.9 Total=9989.8
Thu Apr 03 08:00:00 GMT+00:00 2014 BUY  - BCPC - 163 @61.27 Total=9987.01
Mon Apr 07 08:00:00 GMT+00:00 2014 SELL  - FF - 502 @18.77 Total=9422.54
Mon Apr 07 08:00:00 GMT+00:00 2014 SELL  - BCPC - 163 @59.2 Total=9649.6
Thu Apr 10 08:00:00 GMT+00:00 2014 SELL  - MFRM - 212 @45.87 Total=9724.44
Thu Apr 10 08:00:00 GMT+00:00 2014 SELL  - HUM - 90 @109.66 Total=9869.4
Thu Apr 10 08:00:00 GMT+00:00 2014 SELL  - STRZA - 320 @31.46 Total=10067.2
Thu Apr 10 08:00:00 GMT+00:00 2014 BUY  - ECOL - 242 @41.24 Total=9980.08
Mon Apr 21 08:00:00 GMT+00:00 2014 BUY  - AZN - 144 @69.1 Total=9950.4
Tue Apr 22 08:00:00 GMT+00:00 2014 SELL  - AZN - 144 @66.86 Total=9627.84
Fri Apr 25 08:00:00 GMT+00:00 2014 BUY  - ZBH - 99 @100.54 Total=9953.46
Mon Apr 28 08:00:00 GMT+00:00 2014 SELL  - GMT - 266 @64.87 Total=17255.42
Wed Apr 30 08:00:00 GMT+00:00 2014 SELL  - ZBH - 99 @96.8 Total=9583.2
Wed May 28 08:00:00 GMT+00:00 2014 BUY  - CAL - 341 @29.3 Total=9991.3
Mon Jun 02 08:00:00 GMT+00:00 2014 SELL  - CAL - 341 @27.83 Total=9490.03
Thu Jun 05 08:00:00 GMT+00:00 2014 BUY  - ECOL - 123 @48.57 Total=5974.11
Wed Jun 11 08:00:00 GMT+00:00 2014 BUY  - LNG - 150 @66.58 Total=9987.0
Tue Jun 17 08:00:00 GMT+00:00 2014 BUY  - JWA - 166 @60.1 Total=9976.6
Thu Jun 19 08:00:00 GMT+00:00 2014 BUY  - GLOG - 334 @29.88 Total=9979.92
Thu Jun 19 08:00:00 GMT+00:00 2014 BUY  - APD - 77 @129.7 Total=9986.9
Fri Jun 20 08:00:00 GMT+00:00 2014 BUY  - KS - 300 @33.21 Total=9963.0
Thu Jun 26 08:00:00 GMT+00:00 2014 BUY  - MEI - 265 @37.68 Total=9985.2
Tue Jul 01 08:00:00 GMT+00:00 2014 BUY  - ANET - 131 @76.0 Total=9956.0
Mon Jul 07 08:00:00 GMT+00:00 2014 SELL  - GLOG - 334 @28.23 Total=9428.82
Mon Jul 07 08:00:00 GMT+00:00 2014 SELL  - KS - 300 @30.55 Total=9165.0
Mon Jul 07 08:00:00 GMT+00:00 2014 SELL  - ANET - 131 @72.17 Total=9454.27
Tue Jul 08 08:00:00 GMT+00:00 2014 SELL  - MEI - 265 @35.76 Total=9476.4
Thu Jul 17 08:00:00 GMT+00:00 2014 SELL  - ECOL - 365 @47.9 Total=17483.5
Wed Jul 23 08:00:00 GMT+00:00 2014 BUY  - LEJU - 759 @13.15 Total=9980.85
Thu Jul 24 08:00:00 GMT+00:00 2014 BUY  - JMEI - 334 @29.86 Total=9973.24
Tue Jul 29 08:00:00 GMT+00:00 2014 BUY  - LNG - 80 @74.46 Total=5956.8
Fri Aug 01 08:00:00 GMT+00:00 2014 BUY  - THC - 190 @52.34 Total=9944.6
Tue Aug 05 08:00:00 GMT+00:00 2014 SELL  - LEJU - 759 @11.94 Total=9062.46
Thu Aug 07 08:00:00 GMT+00:00 2014 SELL  - JWA - 166 @58.94 Total=9784.04
Thu Aug 07 08:00:00 GMT+00:00 2014 SELL  - LNG - 230 @70.47 Total=16208.1
Thu Aug 07 08:00:00 GMT+00:00 2014 BUY  - LEAF - 337 @29.65 Total=9992.05
Tue Aug 12 08:00:00 GMT+00:00 2014 BUY  - KMI - 258 @38.73 Total=9992.34
Mon Aug 25 08:00:00 GMT+00:00 2014 BUY  - JMEI - 182 @32.86 Total=5980.52
Thu Aug 28 08:00:00 GMT+00:00 2014 BUY  - SIG - 85 @116.37 Total=9891.45
Fri Aug 29 08:00:00 GMT+00:00 2014 SELL  - JMEI - 516 @30.57 Total=15774.12
Fri Aug 29 08:00:00 GMT+00:00 2014 BUY  - GPRO - 192 @51.8 Total=9945.6
Thu Sep 04 08:00:00 GMT+00:00 2014 BUY  - MEI - 251 @39.72 Total=9969.72
Mon Sep 08 08:00:00 GMT+00:00 2014 BUY  - THC - 101 @58.99 Total=5957.99
Tue Sep 09 08:00:00 GMT+00:00 2014 SELL  - KMI - 258 @38.3 Total=9881.4
Wed Sep 10 08:00:00 GMT+00:00 2014 BUY  - HQY - 462 @21.62 Total=9988.44
Thu Sep 11 08:00:00 GMT+00:00 2014 SELL  - APD - 77 @128.43 Total=9889.11
Tue Sep 16 08:00:00 GMT+00:00 2014 SELL  - HQY - 462 @20.1 Total=9286.2
Tue Sep 16 08:00:00 GMT+00:00 2014 BUY  - ALR - 248 @40.25 Total=9982.0
Wed Sep 17 08:00:00 GMT+00:00 2014 BUY  - LEAF - 178 @33.66 Total=5991.48
Mon Sep 22 08:00:00 GMT+00:00 2014 BUY  - CLX - 102 @97.23 Total=9917.46
Thu Sep 25 08:00:00 GMT+00:00 2014 SELL  - MEI - 251 @38.04 Total=9548.04
Tue Sep 30 08:00:00 GMT+00:00 2014 SELL  - ALR - 248 @38.78 Total=9617.44
Wed Oct 01 08:00:00 GMT+00:00 2014 SELL  - SIG - 85 @112.14 Total=9531.9
Wed Oct 01 08:00:00 GMT+00:00 2014 SELL  - THC - 291 @57.74 Total=16802.34
Fri Oct 03 08:00:00 GMT+00:00 2014 BUY  - GPN - 117 @76.32 Total=8929.44
Mon Oct 06 08:00:00 GMT+00:00 2014 BUY  - KITE - 273 @32.83 Total=8962.59
Tue Oct 07 08:00:00 GMT+00:00 2014 SELL  - KITE - 273 @31.8 Total=8681.4
Thu Oct 09 08:00:00 GMT+00:00 2014 SELL  - GPN - 117 @73.97 Total=8654.49
Mon Oct 13 08:00:00 GMT+00:00 2014 BUY  - BDX - 71 @125.83 Total=8933.93
Tue Oct 14 08:00:00 GMT+00:00 2014 BUY  - AVA - 264 @34.03 Total=8983.92
Thu Oct 16 08:00:00 GMT+00:00 2014 SELL  - BDX - 71 @120.78 Total=8575.38
Tue Oct 21 08:00:00 GMT+00:00 2014 BUY  - AKRX - 217 @41.29 Total=8959.93
Mon Oct 27 08:00:00 GMT+00:00 2014 SELL  - GPRO - 192 @64.91 Total=12462.72
Mon Oct 27 08:00:00 GMT+00:00 2014 BUY  - EPAM - 213 @46.91 Total=9991.83
Thu Oct 30 08:00:00 GMT+00:00 2014 BUY  - BMY - 169 @58.98 Total=9967.62
Thu Oct 30 08:00:00 GMT+00:00 2014 BUY  - BIN - 353 @28.25 Total=9972.25
Thu Oct 30 08:00:00 GMT+00:00 2014 BUY  - CACI - 121 @82.05 Total=9928.05
Thu Nov 06 08:00:00 GMT+00:00 2014 SELL  - AKRX - 217 @37.88 Total=8219.96
Thu Nov 06 08:00:00 GMT+00:00 2014 BUY  - ZEN - 396 @25.22 Total=9987.12
Tue Nov 11 08:00:00 GMT+00:00 2014 SELL  - ZEN - 396 @23.34 Total=9242.64
Tue Nov 11 08:00:00 GMT+00:00 2014 BUY  - LEAF - 106 @37.34 Total=3958.04
Tue Nov 11 08:00:00 GMT+00:00 2014 BUY  - FLT - 67 @148.03 Total=9918.01
Thu Nov 13 08:00:00 GMT+00:00 2014 SELL  - AVA - 264 @33.91 Total=8952.24
Thu Nov 13 08:00:00 GMT+00:00 2014 BUY  - AMED - 398 @25.09 Total=9985.82
Mon Dec 08 08:00:00 GMT+00:00 2014 SELL  - FLT - 67 @148.11 Total=9923.37
Mon Dec 08 08:00:00 GMT+00:00 2014 BUY  - ENB - 203 @48.99 Total=9944.97
Fri Dec 12 08:00:00 GMT+00:00 2014 SELL  - ENB - 203 @46.95 Total=9530.85
Mon Dec 15 08:00:00 GMT+00:00 2014 SELL  - LEAF - 621 @35.07 Total=21778.47
Tue Dec 16 08:00:00 GMT+00:00 2014 SELL  - EPAM - 213 @46.24 Total=9849.12
Tue Dec 16 08:00:00 GMT+00:00 2014 SELL  - BMY - 169 @57.69 Total=9749.61
Tue Dec 16 08:00:00 GMT+00:00 2014 SELL  - CACI - 121 @83.36 Total=10086.56
Thu Dec 18 08:00:00 GMT+00:00 2014 BUY  - FGEN - 356 @28.05 Total=9985.8
Mon Dec 22 08:00:00 GMT+00:00 2014 SELL  - FGEN - 356 @26.32 Total=9369.92
Mon Dec 22 08:00:00 GMT+00:00 2014 BUY  - NVRO - 253 @39.37 Total=9960.61
Wed Dec 24 08:00:00 GMT+00:00 2014 BUY  - BIN - 196 @30.43 Total=5964.28
Wed Dec 24 08:00:00 GMT+00:00 2014 BUY  - VA - 243 @41.0 Total=9963.0
Tue Jan 06 08:00:00 GMT+00:00 2015 SELL  - NVRO - 253 @37.13 Total=9393.89
Wed Jan 07 08:00:00 GMT+00:00 2015 SELL  - VA - 243 @39.75 Total=9659.25
Fri Jan 09 08:00:00 GMT+00:00 2015 BUY  - AYI - 65 @151.5 Total=9847.5
Mon Jan 12 08:00:00 GMT+00:00 2015 SELL  - BIN - 549 @28.85 Total=15838.65
Fri Jan 16 08:00:00 GMT+00:00 2015 BUY  - AMED - 190 @28.26 Total=5369.4
Thu Jan 22 08:00:00 GMT+00:00 2015 BUY  - HELE - 115 @77.53 Total=8915.95
Fri Jan 23 08:00:00 GMT+00:00 2015 BUY  - SBUX - 101 @88.22 Total=8910.22
Wed Jan 28 08:00:00 GMT+00:00 2015 BUY  - KLIC - 570 @15.75 Total=8977.5
Fri Jan 30 08:00:00 GMT+00:00 2015 SELL  - HELE - 115 @75.22 Total=8650.3
Fri Jan 30 08:00:00 GMT+00:00 2015 SELL  - KLIC - 570 @15.17 Total=8646.9
Fri Jan 30 08:00:00 GMT+00:00 2015 BUY  - VAR - 97 @92.56 Total=8978.32
Mon Feb 02 08:00:00 GMT+00:00 2015 BUY  - CLX - 50 @107.83 Total=5391.5
Thu Feb 05 08:00:00 GMT+00:00 2015 BUY  - BA - 60 @148.6 Total=8916.0
Fri Feb 06 08:00:00 GMT+00:00 2015 BUY  - BLL - 127 @70.61 Total=8967.47
Mon Feb 09 08:00:00 GMT+00:00 2015 BUY  - HAS - 150 @59.66 Total=8949.0
Fri Mar 06 08:00:00 GMT+00:00 2015 SELL  - AMED - 588 @27.62 Total=16240.56
Fri Mar 06 08:00:00 GMT+00:00 2015 BUY  - AMBA - 155 @64.22 Total=9954.1
Fri Mar 06 08:00:00 GMT+00:00 2015 SELL  - BLL - 127 @70.82 Total=8994.14
Fri Mar 06 08:00:00 GMT+00:00 2015 BUY  - BMY - 153 @65.12 Total=9963.36
Fri Mar 13 08:00:00 GMT+00:00 2015 SELL  - HAS - 150 @60.73 Total=9109.5
Fri Mar 13 08:00:00 GMT+00:00 2015 BUY  - OLN - 343 @29.12 Total=9988.16
Thu Mar 19 08:00:00 GMT+00:00 2015 SELL  - OLN - 343 @28.05 Total=9621.15
Thu Mar 19 08:00:00 GMT+00:00 2015 BUY  - NVRO - 199 @50.01 Total=9951.99
Wed Mar 25 08:00:00 GMT+00:00 2015 SELL  - NVRO - 199 @48.04 Total=9559.96
Wed Mar 25 08:00:00 GMT+00:00 2015 SELL  - BA - 60 @148.23 Total=8893.8
Wed Mar 25 08:00:00 GMT+00:00 2015 BUY  - JUNO - 168 @53.48 Total=8984.64
Wed Mar 25 08:00:00 GMT+00:00 2015 SELL  - VAR - 97 @92.72 Total=8993.84
Wed Mar 25 08:00:00 GMT+00:00 2015 BUY  - EW - 63 @142.25 Total=8961.75
Wed Mar 25 08:00:00 GMT+00:00 2015 SELL  - BMY - 153 @64.7 Total=9899.1
Wed Mar 25 08:00:00 GMT+00:00 2015 BUY  - OVAS - 180 @49.8 Total=8964.0
Thu Mar 26 08:00:00 GMT+00:00 2015 SELL  - OVAS - 180 @48.29 Total=8692.2
Thu Mar 26 08:00:00 GMT+00:00 2015 BUY  - SFS - 506 @17.77 Total=8991.62
Mon Mar 30 08:00:00 GMT+00:00 2015 BUY  - CLX - 32 @110.76 Total=3544.32
Mon Mar 30 08:00:00 GMT+00:00 2015 BUY  - SBUX - 56 @95.98 Total=5374.88
Mon Apr 06 08:00:00 GMT+00:00 2015 SELL  - EW - 63 @139.85 Total=8810.55
Mon Apr 06 08:00:00 GMT+00:00 2015 BUY  - SIG - 64 @139.76 Total=8944.64
Wed Apr 08 08:00:00 GMT+00:00 2015 BUY  - AYI - 31 @168.96 Total=5237.76
Fri Apr 17 08:00:00 GMT+00:00 2015 SELL  - SIG - 64 @132.41 Total=8474.24
Fri Apr 17 08:00:00 GMT+00:00 2015 BUY  - TSE - 408 @22.0 Total=8976.0
Mon Apr 20 08:00:00 GMT+00:00 2015 BUY  - AMBA - 72 @74.56 Total=5368.32
Fri Apr 24 08:00:00 GMT+00:00 2015 SELL  - SFS - 506 @17.9 Total=9057.4
Fri Apr 24 08:00:00 GMT+00:00 2015 BUY  - MMSI - 436 @20.58 Total=8972.88
Mon Apr 27 08:00:00 GMT+00:00 2015 SELL  - JUNO - 168 @50.81 Total=8536.08
Wed Apr 29 08:00:00 GMT+00:00 2015 SELL  - CLX - 184 @107.11 Total=19708.24
Wed Apr 29 08:00:00 GMT+00:00 2015 BUY  - XPO - 184 @48.83 Total=8984.72
Thu Apr 30 08:00:00 GMT+00:00 2015 SELL  - MMSI - 436 @19.41 Total=8462.76
Thu Apr 30 08:00:00 GMT+00:00 2015 BUY  - AVG - 375 @23.92 Total=8970.0
Tue May 05 08:00:00 GMT+00:00 2015 BUY  - CLGX - 232 @38.7 Total=8978.4
Fri May 08 08:00:00 GMT+00:00 2015 BUY  - SBUX - 72 @49.78 Total=3584.16
Tue Jun 02 08:00:00 GMT+00:00 2015 BUY  - AYI - 20 @178.51 Total=3570.2
Thu Jun 04 08:00:00 GMT+00:00 2015 SELL  - CLGX - 232 @38.77 Total=8994.64
Thu Jun 04 08:00:00 GMT+00:00 2015 BUY  - DGX - 120 @74.94 Total=8992.8
Tue Jun 09 08:00:00 GMT+00:00 2015 SELL  - XPO - 184 @48.13 Total=8855.92
Tue Jun 09 08:00:00 GMT+00:00 2015 BUY  - CMN - 172 @52.0 Total=8944.0
Mon Jun 15 08:00:00 GMT+00:00 2015 SELL  - DGX - 120 @72.67 Total=8720.4
Mon Jun 15 08:00:00 GMT+00:00 2015 BUY  - MBLY - 178 @50.34 Total=8960.52
Tue Jun 23 08:00:00 GMT+00:00 2015 BUY  - TSE - 191 @28.14 Total=5374.74
Mon Jun 29 08:00:00 GMT+00:00 2015 SELL  - TSE - 599 @26.06 Total=15609.94
Wed Jul 01 08:00:00 GMT+00:00 2015 BUY  - AVG - 196 @27.43 Total=5376.28
