Start Date: Wed Jan 01 08:00:00 GMT+00:00 2014
End Date: Tue Jul 07 06:27:11 GMT+00:00 2015
Initial Cash: 100000.0
Num Positions: 5
-----------------
Fri Jan 03 08:00:00 GMT+00:00 2014 BUY: 172 shares of YY cost-basis=58.0 for $9979.44 CASH-BAL=90013.56
Tue Jan 07 08:00:00 GMT+00:00 2014 YY ATR Sell signal. atr=2.3898629633445547; vol-rate: 109% ;cls-rng=84.7524752475247
Thu Jan 09 08:00:00 GMT+00:00 2014 BUY: 179 shares of M cost-basis=55.8 for $9988.2 CASH-BAL=80018.36
Fri Jan 10 08:00:00 GMT+00:00 2014 BUY: 485 shares of FDML cost-basis=20.6 for $9976.45 CASH-BAL=70034.91
Mon Jan 13 08:00:00 GMT+00:00 2014 StopLoss-SoftStop SELL: (-5.17%)485 shares of FDML for -5.17
Mon Jan 13 08:00:00 GMT+00:00 2014 SELL FDML x485 for $9467.2 -5.17%
Tue Jan 21 08:00:00 GMT+00:00 2014 BUY: 508 shares of NVDQ cost-basis=19.7 for $9987.28 CASH-BAL=69500.83
Thu Jan 23 08:00:00 GMT+00:00 2014 BUY: 84 shares of HUBB cost-basis=118 for $9915.36 CASH-BAL=59578.47
Fri Jan 24 08:00:00 GMT+00:00 2014 Market-CautiousUp-Sell -3%: (-4.24%)508 shares of NVDQ for -4.24
Fri Jan 24 08:00:00 GMT+00:00 2014 SELL NVDQ x508 for $9570.72 -4.24%
Mon Jan 27 08:00:00 GMT+00:00 2014 Market-CautiousUp-Sell -3%: (-4.1%)84 shares of HUBB for -4.1
Mon Jan 27 08:00:00 GMT+00:00 2014 Market-CautiousUp-Sell 20EMA: (-7.28%)172 shares of YY for -1.85
Mon Jan 27 08:00:00 GMT+00:00 2014 SELL HUBB x84 for $9515.52 -4.1%
Mon Jan 27 08:00:00 GMT+00:00 2014 SELL YY x172 for $9802.28 -1.85%
Wed Jan 29 08:00:00 GMT+00:00 2014 Market-Downtrend-Sell 20EMA: (-1.73%)179 shares of M for -4.39
Wed Jan 29 08:00:00 GMT+00:00 2014 SELL M x179 for $9556.81 -4.39%
Thu Feb 06 08:00:00 GMT+00:00 2014 BUY: 176 shares of GMT cost-basis=56.7 for $9986.24 CASH-BAL=88002.56
Fri Feb 07 08:00:00 GMT+00:00 2014 BUY: 79 shares of LVNTA cost-basis=126 for $9966.64 CASH-BAL=78028.92
Wed Feb 12 08:00:00 GMT+00:00 2014 BUY: 315 shares of SN cost-basis=31.7 for $9991.8 CASH-BAL=68030.12
Tue Feb 18 08:00:00 GMT+00:00 2014 StopLoss-SoftStop SELL: (-6.31%)315 shares of SN for -6.31
Tue Feb 18 08:00:00 GMT+00:00 2014 SELL SN x315 for $9368.1 -6.31%
Wed Feb 19 08:00:00 GMT+00:00 2014 BUY: 123 shares of FLS cost-basis=80.6 for $9913.8 CASH-BAL=67470.42
Fri Feb 21 08:00:00 GMT+00:00 2014 BUY: 320 shares of STRZA cost-basis=31.2 for $9968.0 CASH-BAL=57495.42
Mon Feb 24 08:00:00 GMT+00:00 2014 BUY: 352 shares of LEAF cost-basis=28.4 for $9982.72 CASH-BAL=47505.7
Tue Feb 25 08:00:00 GMT+00:00 2014 BUY: 90 shares of HUM cost-basis=110 for $9944.1 CASH-BAL=37554.6
Wed Feb 26 08:00:00 GMT+00:00 2014 BUY: 159 shares of HEI cost-basis=62.7 for $9969.3 CASH-BAL=27578.3
Tue Mar 04 08:00:00 GMT+00:00 2014 BUY: 254 shares of NUVA cost-basis=39.3 for $9979.66 CASH-BAL=17591.64
Thu Mar 06 08:00:00 GMT+00:00 2014 StopLoss-SoftStop SELL: (-5.16%)254 shares of NUVA for -5.16
Thu Mar 06 08:00:00 GMT+00:00 2014 SELL NUVA x254 for $9471.66 -5.16%
Fri Mar 07 08:00:00 GMT+00:00 2014 BUY: 176 shares of RARE cost-basis=56.6 for $9966.0 CASH-BAL=17083.3
Mon Mar 10 08:00:00 GMT+00:00 2014 BUY: 175 shares of ZU cost-basis=56.9 for $9954.0 CASH-BAL=7122.3
Mon Mar 10 08:00:00 GMT+00:00 2014 Adding unprocessed symbols to watchlist: [CUDA]
Wed Mar 12 08:00:00 GMT+00:00 2014 StopLoss-HardStop SELL: (-7.86%)352 shares of LEAF for -7.86
Wed Mar 12 08:00:00 GMT+00:00 2014 SELL LEAF x352 for $9204.8 -7.86%
Thu Mar 13 08:00:00 GMT+00:00 2014 StopLoss-SoftStop SELL: (-6.1%)123 shares of FLS for -6.1
Thu Mar 13 08:00:00 GMT+00:00 2014 SELL FLS x123 for $9316.02 -6.1%
Fri Mar 14 08:00:00 GMT+00:00 2014 BUY: 212 shares of MFRM cost-basis=47.0 for $9961.88 CASH-BAL=15660.24
Tue Mar 18 08:00:00 GMT+00:00 2014 BUY: 42 shares of LVNTA cost-basis=132 for $5977.02 CASH-BAL=9676.22
Fri Mar 21 08:00:00 GMT+00:00 2014 Market-Uptrend-Sell 20EMA: (-2.92%)176 shares of RARE for -2.85
Fri Mar 21 08:00:00 GMT+00:00 2014 SELL RARE x176 for $9688.8 -2.85%
Fri Mar 21 08:00:00 GMT+00:00 2014 BUY: 90 shares of GMT cost-basis=59.9 for $5940.0 CASH-BAL=13411.02
Mon Mar 24 08:00:00 GMT+00:00 2014 Market-Uptrend-Sell 20EMA: (-5.18%)175 shares of ZU for -3.53
Mon Mar 24 08:00:00 GMT+00:00 2014 SELL ZU x175 for $9609.25 -3.53%
Wed Mar 26 08:00:00 GMT+00:00 2014 StopLoss-ScaledSoftStop SELL: ($133.32)121 @$130.34 shares of LVNTA for -1.17
Wed Mar 26 08:00:00 GMT+00:00 2014 StopLoss-SoftStop SELL: (-6.39%)159 shares of HEI for -6.39
Wed Mar 26 08:00:00 GMT+00:00 2014 SELL LVNTA x121 for $15771.14 -1.17%
Wed Mar 26 08:00:00 GMT+00:00 2014 SELL HEI x159 for $9339.66 -6.39%
Wed Mar 26 08:00:00 GMT+00:00 2014 BUY: 502 shares of FF cost-basis=19.9 for $9989.8 CASH-BAL=38113.27
Thu Apr 03 08:00:00 GMT+00:00 2014 BUY: 163 shares of BCPC cost-basis=61.3 for $9987.01 CASH-BAL=28119.26
Mon Apr 07 08:00:00 GMT+00:00 2014 StopLoss-SoftStop SELL: (-5.75%)502 shares of FF for -5.75
Mon Apr 07 08:00:00 GMT+00:00 2014 SELL FF x502 for $9422.54 -5.75%
Mon Apr 07 08:00:00 GMT+00:00 2014Market-Downtrend-Sell -3%: (-3.45%)163 shares of BCPC for -3.45
Mon Apr 07 08:00:00 GMT+00:00 2014 SELL BCPC x163 for $9649.6 -3.45%
Thu Apr 10 08:00:00 GMT+00:00 2014 Market-Downtrend-Sell 20EMA: (-1.93%)212 shares of MFRM for -2.45
Thu Apr 10 08:00:00 GMT+00:00 2014 Market-Downtrend-Sell 20EMA: (-2.19%)90 shares of HUM for -0.822
Thu Apr 10 08:00:00 GMT+00:00 2014 Market-Downtrend-Sell 20EMA: (-2.4%)320 shares of STRZA for 0.925
Thu Apr 10 08:00:00 GMT+00:00 2014 SELL MFRM x212 for $9724.44 -2.45%
Thu Apr 10 08:00:00 GMT+00:00 2014 SELL HUM x90 for $9869.4 -0.822%
Thu Apr 10 08:00:00 GMT+00:00 2014 SELL STRZA x320 for $10067.2 0.925%
Thu Apr 10 08:00:00 GMT+00:00 2014 BUY: 242 shares of ECOL cost-basis=41.2 for $9980.08 CASH-BAL=66830.36
Mon Apr 21 08:00:00 GMT+00:00 2014 BUY: 144 shares of AZN cost-basis=69.1 for $9950.4 CASH-BAL=56872.96
Tue Apr 22 08:00:00 GMT+00:00 2014Market-Downtrend-Sell -3%: (-3.31%)144 shares of AZN for -3.31
Tue Apr 22 08:00:00 GMT+00:00 2014 SELL AZN x144 for $9627.84 -3.31%
Fri Apr 25 08:00:00 GMT+00:00 2014 BUY: 99 shares of ZBH cost-basis=101 for $9953.46 CASH-BAL=56533.34
Mon Apr 28 08:00:00 GMT+00:00 2014Market-Downtrend-Sell 50EDMA: (-1.22%)266 shares of GMT for 8.26
Mon Apr 28 08:00:00 GMT+00:00 2014 SELL GMT x266 for $17255.42 8.26%
Wed Apr 30 08:00:00 GMT+00:00 2014Market-Downtrend-Sell -3%: (-3.79%)99 shares of ZBH for -3.79
Wed Apr 30 08:00:00 GMT+00:00 2014 SELL ZBH x99 for $9583.2 -3.79%
Wed May 28 08:00:00 GMT+00:00 2014 BUY: 341 shares of CAL cost-basis=29.3 for $9991.3 CASH-BAL=73359.66
Mon Jun 02 08:00:00 GMT+00:00 2014 StopLoss-SoftStop SELL: (-5.09%)341 shares of CAL for -5.09
Mon Jun 02 08:00:00 GMT+00:00 2014 SELL CAL x341 for $9490.03 -5.09%
Thu Jun 05 08:00:00 GMT+00:00 2014 BUY: 123 shares of ECOL cost-basis=43.7 for $5974.11 CASH-BAL=76861.58
Wed Jun 11 08:00:00 GMT+00:00 2014 BUY: 150 shares of LNG cost-basis=66.6 for $9987.0 CASH-BAL=66867.58
Tue Jun 17 08:00:00 GMT+00:00 2014 BUY: 166 shares of JWA cost-basis=60.1 for $9976.6 CASH-BAL=56883.98
Thu Jun 19 08:00:00 GMT+00:00 2014 BUY: 334 shares of GLOG cost-basis=29.9 for $9979.92 CASH-BAL=46897.06
Thu Jun 19 08:00:00 GMT+00:00 2014 BUY: 77 shares of APD cost-basis=130 for $9986.9 CASH-BAL=36903.16
Fri Jun 20 08:00:00 GMT+00:00 2014 BUY: 300 shares of KS cost-basis=33.2 for $9963.0 CASH-BAL=26933.16
Thu Jun 26 08:00:00 GMT+00:00 2014 BUY: 265 shares of MEI cost-basis=37.7 for $9985.2 CASH-BAL=16940.96
Tue Jul 01 08:00:00 GMT+00:00 2014 BUY: 131 shares of ANET cost-basis=76.0 for $9956.0 CASH-BAL=6977.96
Mon Jul 07 08:00:00 GMT+00:00 2014 StopLoss-SoftStop SELL: (-5.59%)334 shares of GLOG for -5.59
Mon Jul 07 08:00:00 GMT+00:00 2014 StopLoss-HardStop SELL: (-8.08%)300 shares of KS for -8.08
Mon Jul 07 08:00:00 GMT+00:00 2014 StopLoss-SoftStop SELL: (-5.11%)131 shares of ANET for -5.11
Mon Jul 07 08:00:00 GMT+00:00 2014 SELL GLOG x334 for $9428.82 -5.59%
Mon Jul 07 08:00:00 GMT+00:00 2014 SELL KS x300 for $9165.0 -8.08%
Mon Jul 07 08:00:00 GMT+00:00 2014 SELL ANET x131 for $9454.27 -5.11%
Tue Jul 08 08:00:00 GMT+00:00 2014 StopLoss-SoftStop SELL: (-5.17%)265 shares of MEI for -5.17
Tue Jul 08 08:00:00 GMT+00:00 2014 SELL MEI x265 for $9476.4 -5.17%
Thu Jul 17 08:00:00 GMT+00:00 2014 Market-CautiousUp-Sell 50EMA: (-1.7%)365 shares of ECOL for 9.5
Thu Jul 17 08:00:00 GMT+00:00 2014 SELL ECOL x365 for $17483.5 9.5%
Wed Jul 23 08:00:00 GMT+00:00 2014 APD ATR Sell signal. atr=1.503925636646318; vol-rate: 280% ;cls-rng=96.4856230031949
Wed Jul 23 08:00:00 GMT+00:00 2014 BUY: 759 shares of LEJU cost-basis=13.2 for $9980.85 CASH-BAL=51963.1
Thu Jul 24 08:00:00 GMT+00:00 2014 BUY: 334 shares of JMEI cost-basis=29.9 for $9973.24 CASH-BAL=41982.86
Tue Jul 29 08:00:00 GMT+00:00 2014 BUY: 80 shares of LNG cost-basis=69.3 for $5956.8 CASH-BAL=36019.06
Fri Aug 01 08:00:00 GMT+00:00 2014 BUY: 190 shares of THC cost-basis=52.3 for $9944.6 CASH-BAL=26067.46
Tue Aug 05 08:00:00 GMT+00:00 2014 StopLoss-HardStop SELL: (-9.27%)759 shares of LEJU for -9.27
Tue Aug 05 08:00:00 GMT+00:00 2014 SELL LEJU x759 for $9062.46 -9.27%
Thu Aug 07 08:00:00 GMT+00:00 2014 Market-Downtrend-Sell 20EMA: (-2.0%)166 shares of JWA for -2.0
Thu Aug 07 08:00:00 GMT+00:00 2014 Market-Downtrend-Sell 20EMA: (-1.82%)230 shares of LNG for 1.57
Thu Aug 07 08:00:00 GMT+00:00 2014 SELL JWA x166 for $9784.04 -2.0%
Thu Aug 07 08:00:00 GMT+00:00 2014 SELL LNG x230 for $16208.1 1.57%
Thu Aug 07 08:00:00 GMT+00:00 2014 BUY: 337 shares of LEAF cost-basis=29.7 for $9992.05 CASH-BAL=51102.01
Fri Aug 08 08:00:00 GMT+00:00 2014 LEAF ATR Sell signal. atr=1.0145828412701274; vol-rate: 230% ;cls-rng=87.93565683646123
Tue Aug 12 08:00:00 GMT+00:00 2014 BUY: 258 shares of KMI cost-basis=38.7 for $9992.34 CASH-BAL=41102.67
Mon Aug 25 08:00:00 GMT+00:00 2014 BUY: 182 shares of JMEI cost-basis=30.9 for $5980.52 CASH-BAL=35115.15
Thu Aug 28 08:00:00 GMT+00:00 2014 BUY: 85 shares of SIG cost-basis=116 for $9891.45 CASH-BAL=25216.7
Fri Aug 29 08:00:00 GMT+00:00 2014 StopLoss-ScaledSoftStop SELL: ($31.209)516 @$30.57 shares of JMEI for -1.21
Fri Aug 29 08:00:00 GMT+00:00 2014 SELL JMEI x516 for $15774.12 -1.21%
Fri Aug 29 08:00:00 GMT+00:00 2014 BUY: 192 shares of GPRO cost-basis=51.8 for $9945.6 CASH-BAL=31031.22
Thu Sep 04 08:00:00 GMT+00:00 2014 BUY: 251 shares of MEI cost-basis=39.7 for $9969.72 CASH-BAL=21054.5
Fri Sep 05 08:00:00 GMT+00:00 2014 GPRO ATR Sell signal. atr=2.7139578491583873; vol-rate: -21.7% ;cls-rng=91.44851657940661
Mon Sep 08 08:00:00 GMT+00:00 2014 BUY: 101 shares of THC cost-basis=54.6 for $5957.99 CASH-BAL=15089.51
Tue Sep 09 08:00:00 GMT+00:00 2014 Market-Uptrend-Sell 20EMA: (-2.49%)258 shares of KMI for -1.18
Tue Sep 09 08:00:00 GMT+00:00 2014 SELL KMI x258 for $9881.4 -1.18%
Wed Sep 10 08:00:00 GMT+00:00 2014 BUY: 462 shares of HQY cost-basis=21.6 for $9988.44 CASH-BAL=14968.47
Thu Sep 11 08:00:00 GMT+00:00 2014 Market-Uptrend-Sell 20EMA: (-2.73%)77 shares of APD for -1.05
Thu Sep 11 08:00:00 GMT+00:00 2014 SELL APD x77 for $9889.11 -1.05%
Tue Sep 16 08:00:00 GMT+00:00 2014 StopLoss-HardStop SELL: (-7.1%)462 shares of HQY for -7.1
Tue Sep 16 08:00:00 GMT+00:00 2014 SELL HQY x462 for $9286.2 -7.1%
Tue Sep 16 08:00:00 GMT+00:00 2014 BUY: 248 shares of ALR cost-basis=40.3 for $9982.0 CASH-BAL=24140.78
Wed Sep 17 08:00:00 GMT+00:00 2014 BUY: 178 shares of LEAF cost-basis=31.0 for $5991.48 CASH-BAL=18142.3
Mon Sep 22 08:00:00 GMT+00:00 2014 BUY: 102 shares of CLX cost-basis=97.2 for $9917.46 CASH-BAL=8217.84
Thu Sep 25 08:00:00 GMT+00:00 2014Market-Downtrend-Sell -3%: (-4.3%)251 shares of MEI for -4.3
Thu Sep 25 08:00:00 GMT+00:00 2014 SELL MEI x251 for $9548.04 -4.3%
Mon Sep 29 08:00:00 GMT+00:00 2014 GPRO ATR Sell signal. atr=3.909212426579901; vol-rate: 270% ;cls-rng=92.9481733220051
Tue Sep 30 08:00:00 GMT+00:00 2014Market-Downtrend-Sell -3%: (-3.72%)248 shares of ALR for -3.72
Tue Sep 30 08:00:00 GMT+00:00 2014 SELL ALR x248 for $9617.44 -3.72%
Realized-Gain-Loss: -10594.9 adjusted-to-%: -10% max-amt-per-position is: 18000.0
Wed Oct 01 08:00:00 GMT+00:00 2014 Market-Downtrend-Sell 20EMA: (-1.98%)85 shares of SIG for -3.71
Wed Oct 01 08:00:00 GMT+00:00 2014Market-Downtrend-Sell 50EDMA: (-1.38%)291 shares of THC for 5.57
Wed Oct 01 08:00:00 GMT+00:00 2014 SELL SIG x85 for $9531.9 -3.71%
Wed Oct 01 08:00:00 GMT+00:00 2014 SELL THC x291 for $16802.34 5.57%
Fri Oct 03 08:00:00 GMT+00:00 2014 BUY: 117 shares of GPN cost-basis=76.3 for $8929.44 CASH-BAL=44753.12
Mon Oct 06 08:00:00 GMT+00:00 2014 BUY: 273 shares of KITE cost-basis=32.8 for $8962.59 CASH-BAL=35783.53
Mon Oct 06 08:00:00 GMT+00:00 2014 Adding unprocessed symbols to watchlist: [BDX]
Tue Oct 07 08:00:00 GMT+00:00 2014Market-Downtrend-Sell -3%: (-3.22%)273 shares of KITE for -3.22
Tue Oct 07 08:00:00 GMT+00:00 2014 SELL KITE x273 for $8681.4 -3.22%
Thu Oct 09 08:00:00 GMT+00:00 2014Market-Downtrend-Sell -3%: (-3.16%)117 shares of GPN for -3.16
Thu Oct 09 08:00:00 GMT+00:00 2014 SELL GPN x117 for $8654.49 -3.16%
Mon Oct 13 08:00:00 GMT+00:00 2014 BUY: 71 shares of BDX cost-basis=126 for $8933.93 CASH-BAL=44164.49
Tue Oct 14 08:00:00 GMT+00:00 2014 BUY: 264 shares of AVA cost-basis=34.0 for $8983.92 CASH-BAL=35173.57
Thu Oct 16 08:00:00 GMT+00:00 2014Market-Downtrend-Sell -3%: (-4.09%)71 shares of BDX for -4.09
Thu Oct 16 08:00:00 GMT+00:00 2014 SELL BDX x71 for $8575.38 -4.09%
Tue Oct 21 08:00:00 GMT+00:00 2014 BUY: 217 shares of AKRX cost-basis=41.3 for $8959.93 CASH-BAL=34775.02
Mon Oct 27 08:00:00 GMT+00:00 2014 Market-CautiousUp-Sell 50EMA: (-5.9%)192 shares of GPRO for 25.2
Mon Oct 27 08:00:00 GMT+00:00 2014 SELL GPRO x192 for $12462.72 25.2%
Mon Oct 27 08:00:00 GMT+00:00 2014 BUY: 213 shares of EPAM cost-basis=46.9 for $9991.83 CASH-BAL=37231.91
Thu Oct 30 08:00:00 GMT+00:00 2014 BUY: 169 shares of BMY cost-basis=59.0 for $9967.62 CASH-BAL=27257.29
Thu Oct 30 08:00:00 GMT+00:00 2014 BUY: 353 shares of BIN cost-basis=28.3 for $9972.25 CASH-BAL=17278.04
Thu Oct 30 08:00:00 GMT+00:00 2014 BUY: 121 shares of CACI cost-basis=82.1 for $9928.05 CASH-BAL=7342.99
Fri Oct 31 08:00:00 GMT+00:00 2014 Adding unprocessed symbols to watchlist: [FLT]
Mon Nov 03 08:00:00 GMT+00:00 2014 Adding unprocessed symbols to watchlist: [ZEN, FLT]
Tue Nov 04 08:00:00 GMT+00:00 2014 Adding unprocessed symbols to watchlist: [ZEN, FLT]
Wed Nov 05 08:00:00 GMT+00:00 2014 Adding unprocessed symbols to watchlist: [ZEN, FLT]
Thu Nov 06 08:00:00 GMT+00:00 2014 StopLoss-HardStop SELL: (-8.34%)217 shares of AKRX for -8.34
Thu Nov 06 08:00:00 GMT+00:00 2014 SELL AKRX x217 for $8219.96 -8.34%
Thu Nov 06 08:00:00 GMT+00:00 2014 BUY: 396 shares of ZEN cost-basis=25.2 for $9987.12 CASH-BAL=5561.83
Thu Nov 06 08:00:00 GMT+00:00 2014 Adding unprocessed symbols to watchlist: [FLT]
Fri Nov 07 08:00:00 GMT+00:00 2014 Adding unprocessed symbols to watchlist: [AMED, FLT]
Mon Nov 10 08:00:00 GMT+00:00 2014 Adding unprocessed symbols to watchlist: [AMED, FLT]
Tue Nov 11 08:00:00 GMT+00:00 2014 StopLoss-HardStop SELL: (-7.52%)396 shares of ZEN for -7.52
Tue Nov 11 08:00:00 GMT+00:00 2014 SELL ZEN x396 for $9242.64 -7.52%
Tue Nov 11 08:00:00 GMT+00:00 2014 BUY: 106 shares of LEAF cost-basis=32.1 for $3958.04 CASH-BAL=10832.43
Tue Nov 11 08:00:00 GMT+00:00 2014 BUY: 67 shares of FLT cost-basis=148 for $9918.01 CASH-BAL=907.42
Tue Nov 11 08:00:00 GMT+00:00 2014 Adding unprocessed symbols to watchlist: [AMED]
Wed Nov 12 08:00:00 GMT+00:00 2014 Adding unprocessed symbols to watchlist: [MSG, AMED]
Thu Nov 13 08:00:00 GMT+00:00 2014 Selling due to underperformance: AVA -0.431% in 29
Thu Nov 13 08:00:00 GMT+00:00 2014 SELL AVA x264 for $8952.24 -0.431%
Thu Nov 13 08:00:00 GMT+00:00 2014 BUY: 398 shares of AMED cost-basis=25.1 for $9985.82 CASH-BAL=-140.16
Mon Nov 17 08:00:00 GMT+00:00 2014 LEAF ATR Sell signal. atr=0.9683437373030508; vol-rate: 73.9% ;cls-rng=82.35294117647068
Wed Nov 19 08:00:00 GMT+00:00 2014 Adding unprocessed symbols to watchlist: [ENV]
Thu Nov 20 08:00:00 GMT+00:00 2014 Adding unprocessed symbols to watchlist: [ENV]
Fri Nov 21 08:00:00 GMT+00:00 2014 Adding unprocessed symbols to watchlist: [SWIR, ENV]
Fri Dec 05 08:00:00 GMT+00:00 2014 Adding unprocessed symbols to watchlist: [ENB]
Mon Dec 08 08:00:00 GMT+00:00 2014 Selling due to underperformance: FLT -0.0165% in 27
Mon Dec 08 08:00:00 GMT+00:00 2014 SELL FLT x67 for $9923.37 -0.0165%
Mon Dec 08 08:00:00 GMT+00:00 2014 BUY: 203 shares of ENB cost-basis=49.0 for $9944.97 CASH-BAL=-175.76
Fri Dec 12 08:00:00 GMT+00:00 2014 Market-CautiousUp-Sell -3%: (-4.23%)203 shares of ENB for -4.23
Fri Dec 12 08:00:00 GMT+00:00 2014 SELL ENB x203 for $9530.85 -4.23%
Realized-Gain-Loss: -10337.3 adjusted-to-%: -10% max-amt-per-position is: 18000.0
Mon Dec 15 08:00:00 GMT+00:00 2014 Market-CautiousUp-Sell 50EMA: (-4.07%)621 shares of LEAF for 9.11
Mon Dec 15 08:00:00 GMT+00:00 2014 SELL LEAF x621 for $21778.47 9.11%
Tue Dec 16 08:00:00 GMT+00:00 2014 Market-Downtrend-Sell 20EMA: (-6.3%)213 shares of EPAM for -1.5
Tue Dec 16 08:00:00 GMT+00:00 2014 Market-Downtrend-Sell 20EMA: (-1.79%)169 shares of BMY for -2.26
Tue Dec 16 08:00:00 GMT+00:00 2014 Market-Downtrend-Sell 20EMA: (-3.56%)121 shares of CACI for 1.53
Tue Dec 16 08:00:00 GMT+00:00 2014 SELL EPAM x213 for $9849.12 -1.5%
Tue Dec 16 08:00:00 GMT+00:00 2014 SELL BMY x169 for $9749.61 -2.26%
Tue Dec 16 08:00:00 GMT+00:00 2014 SELL CACI x121 for $10086.56 1.53%
Thu Dec 18 08:00:00 GMT+00:00 2014 BUY: 356 shares of FGEN cost-basis=28.1 for $9985.8 CASH-BAL=50791.05
Mon Dec 22 08:00:00 GMT+00:00 2014 StopLoss-SoftStop SELL: (-6.24%)356 shares of FGEN for -6.24
Mon Dec 22 08:00:00 GMT+00:00 2014 SELL FGEN x356 for $9369.92 -6.24%
Mon Dec 22 08:00:00 GMT+00:00 2014 BUY: 253 shares of NVRO cost-basis=39.4 for $9960.61 CASH-BAL=50186.36
Wed Dec 24 08:00:00 GMT+00:00 2014 BUY: 196 shares of BIN cost-basis=29.0 for $5964.28 CASH-BAL=44215.08
Wed Dec 24 08:00:00 GMT+00:00 2014 BUY: 243 shares of VA cost-basis=41.0 for $9963.0 CASH-BAL=34245.08
Tue Jan 06 08:00:00 GMT+00:00 2015 StopLoss-SoftStop SELL: (-5.76%)253 shares of NVRO for -5.76
Tue Jan 06 08:00:00 GMT+00:00 2015 SELL NVRO x253 for $9393.89 -5.76%
Wed Jan 07 08:00:00 GMT+00:00 2015Market-Downtrend-Sell -3%: (-3.12%)243 shares of VA for -3.12
Wed Jan 07 08:00:00 GMT+00:00 2015 SELL VA x243 for $9659.25 -3.12%
Fri Jan 09 08:00:00 GMT+00:00 2015 BUY: 65 shares of AYI cost-basis=152 for $9847.5 CASH-BAL=43429.72
Mon Jan 12 08:00:00 GMT+00:00 2015 StopLoss-ScaledSoftStop SELL: ($29.29)549 @$28.85 shares of BIN for -0.702
Mon Jan 12 08:00:00 GMT+00:00 2015 SELL BIN x549 for $15838.65 -0.702%
Realized-Gain-Loss: -10255.0 adjusted-to-%: -10% max-amt-per-position is: 18000.0
Fri Jan 16 08:00:00 GMT+00:00 2015 BUY: 190 shares of AMED cost-basis=26.1 for $5369.4 CASH-BAL=53884.97
Thu Jan 22 08:00:00 GMT+00:00 2015 BUY: 115 shares of HELE cost-basis=77.5 for $8915.95 CASH-BAL=44962.02
Fri Jan 23 08:00:00 GMT+00:00 2015 BUY: 101 shares of SBUX cost-basis=88.2 for $8910.22 CASH-BAL=36044.8
Wed Jan 28 08:00:00 GMT+00:00 2015 BUY: 570 shares of KLIC cost-basis=15.8 for $8977.5 CASH-BAL=27060.3
Thu Jan 29 08:00:00 GMT+00:00 2015 Adding unprocessed symbols to watchlist: [VAR, BA]
Fri Jan 30 08:00:00 GMT+00:00 2015Market-Downtrend-Sell -3%: (-3.06%)115 shares of HELE for -3.06
Fri Jan 30 08:00:00 GMT+00:00 2015Market-Downtrend-Sell -3%: (-3.76%)570 shares of KLIC for -3.76
Fri Jan 30 08:00:00 GMT+00:00 2015 SELL HELE x115 for $8650.3 -3.06%
Fri Jan 30 08:00:00 GMT+00:00 2015 SELL KLIC x570 for $8646.9 -3.76%
Fri Jan 30 08:00:00 GMT+00:00 2015 BUY: 97 shares of VAR cost-basis=92.6 for $8978.32 CASH-BAL=35358.18
Fri Jan 30 08:00:00 GMT+00:00 2015 Adding unprocessed symbols to watchlist: [BA]
Mon Feb 02 08:00:00 GMT+00:00 2015 BUY: 50 shares of CLX cost-basis=101 for $5391.5 CASH-BAL=29959.68
Mon Feb 02 08:00:00 GMT+00:00 2015 Adding unprocessed symbols to watchlist: [BA]
Tue Feb 03 08:00:00 GMT+00:00 2015 Adding unprocessed symbols to watchlist: [BA]
Wed Feb 04 08:00:00 GMT+00:00 2015 Adding unprocessed symbols to watchlist: [BA]
Thu Feb 05 08:00:00 GMT+00:00 2015 BUY: 60 shares of BA cost-basis=149 for $8916.0 CASH-BAL=21036.68
Thu Feb 05 08:00:00 GMT+00:00 2015 Adding unprocessed symbols to watchlist: [BLL]
Fri Feb 06 08:00:00 GMT+00:00 2015 BUY: 127 shares of BLL cost-basis=70.6 for $8967.47 CASH-BAL=12062.21
Mon Feb 09 08:00:00 GMT+00:00 2015 BUY: 150 shares of HAS cost-basis=59.7 for $8949.0 CASH-BAL=3106.21
Tue Feb 10 08:00:00 GMT+00:00 2015 Adding unprocessed symbols to watchlist: [SEE]
Wed Feb 11 08:00:00 GMT+00:00 2015 Adding unprocessed symbols to watchlist: [SEE, SCI]
Wed Feb 18 08:00:00 GMT+00:00 2015 Adding unprocessed symbols to watchlist: [LNKD]
Wed Mar 04 08:00:00 GMT+00:00 2015 Adding unprocessed symbols to watchlist: [OLN, BMY]
Fri Mar 06 08:00:00 GMT+00:00 2015Market-Uptrend-Sell 50EDMA: (-3.84%)588 shares of AMED for 5.67
Fri Mar 06 08:00:00 GMT+00:00 2015 SELL AMED x588 for $16240.56 5.67%
Fri Mar 06 08:00:00 GMT+00:00 2015 BUY: 155 shares of AMBA cost-basis=64.2 for $9954.1 CASH-BAL=9378.67
Fri Mar 06 08:00:00 GMT+00:00 2015 Selling due to underperformance: BLL 0.219% in 28
Fri Mar 06 08:00:00 GMT+00:00 2015 SELL BLL x127 for $8994.14 0.219%
Fri Mar 06 08:00:00 GMT+00:00 2015 BUY: 153 shares of BMY cost-basis=65.1 for $9963.36 CASH-BAL=8395.45
Fri Mar 06 08:00:00 GMT+00:00 2015 Adding unprocessed symbols to watchlist: [OLN]
Mon Mar 09 08:00:00 GMT+00:00 2015 Adding unprocessed symbols to watchlist: [OLN]
Tue Mar 10 08:00:00 GMT+00:00 2015 Adding unprocessed symbols to watchlist: [OLN]
Wed Mar 11 08:00:00 GMT+00:00 2015 Adding unprocessed symbols to watchlist: [OLN]
Thu Mar 12 08:00:00 GMT+00:00 2015 Adding unprocessed symbols to watchlist: [OLN]
Fri Mar 13 08:00:00 GMT+00:00 2015 Selling due to underperformance: HAS 1.72% in 32
Fri Mar 13 08:00:00 GMT+00:00 2015 SELL HAS x150 for $9109.5 1.72%
Fri Mar 13 08:00:00 GMT+00:00 2015 BUY: 343 shares of OLN cost-basis=29.1 for $9988.16 CASH-BAL=7502.79
Wed Mar 18 08:00:00 GMT+00:00 2015 AYI ATR Sell signal. atr=2.7500584333570126; vol-rate: 6.59% ;cls-rng=81.75399479747315
Thu Mar 19 08:00:00 GMT+00:00 2015 Market-Uptrend-Sell 20EMA: (-2.18%)343 shares of OLN for -3.74
Thu Mar 19 08:00:00 GMT+00:00 2015 SELL OLN x343 for $9621.15 -3.74%
Thu Mar 19 08:00:00 GMT+00:00 2015 BUY: 199 shares of NVRO cost-basis=50.0 for $9951.99 CASH-BAL=7157.95
Wed Mar 25 08:00:00 GMT+00:00 2015 Market-CautiousUp-Sell -3%: (-4.01%)199 shares of NVRO for -4.01
Wed Mar 25 08:00:00 GMT+00:00 2015 Market-CautiousUp-Sell 20EMA: (-2.61%)60 shares of BA for -0.328
Wed Mar 25 08:00:00 GMT+00:00 2015 SELL NVRO x199 for $9559.96 -4.01%
Wed Mar 25 08:00:00 GMT+00:00 2015 SELL BA x60 for $8893.8 -0.328%
Realized-Gain-Loss: -10605.1 adjusted-to-%: -10% max-amt-per-position is: 18000.0
Wed Mar 25 08:00:00 GMT+00:00 2015 BUY: 168 shares of JUNO cost-basis=53.5 for $8984.64 CASH-BAL=16606.07
Wed Mar 25 08:00:00 GMT+00:00 2015 Selling due to underperformance: VAR 0.0949% in 54
Wed Mar 25 08:00:00 GMT+00:00 2015 SELL VAR x97 for $8993.84 0.0949%
Wed Mar 25 08:00:00 GMT+00:00 2015 BUY: 63 shares of EW cost-basis=142 for $8961.75 CASH-BAL=16624.16
Wed Mar 25 08:00:00 GMT+00:00 2015 Selling due to underperformance: BMY -0.715% in 19
Wed Mar 25 08:00:00 GMT+00:00 2015 SELL BMY x153 for $9899.1 -0.715%
Wed Mar 25 08:00:00 GMT+00:00 2015 BUY: 180 shares of OVAS cost-basis=49.8 for $8964.0 CASH-BAL=17545.26
Thu Mar 26 08:00:00 GMT+00:00 2015 Market-CautiousUp-Sell -3%: (-3.11%)180 shares of OVAS for -3.11
Thu Mar 26 08:00:00 GMT+00:00 2015 SELL OVAS x180 for $8692.2 -3.11%
Thu Mar 26 08:00:00 GMT+00:00 2015 BUY: 506 shares of SFS cost-basis=17.8 for $8991.62 CASH-BAL=17231.84
Thu Mar 26 08:00:00 GMT+00:00 2015 Adding unprocessed symbols to watchlist: [SIG]
Fri Mar 27 08:00:00 GMT+00:00 2015 Adding unprocessed symbols to watchlist: [SIG]
Mon Mar 30 08:00:00 GMT+00:00 2015 BUY: 32 shares of CLX cost-basis=102 for $3544.32 CASH-BAL=13680.52
Mon Mar 30 08:00:00 GMT+00:00 2015 BUY: 56 shares of SBUX cost-basis=91.0 for $5374.88 CASH-BAL=8298.64
Mon Mar 30 08:00:00 GMT+00:00 2015 Adding unprocessed symbols to watchlist: [SIG]
Tue Mar 31 08:00:00 GMT+00:00 2015 Adding unprocessed symbols to watchlist: [SIG]
Wed Apr 01 08:00:00 GMT+00:00 2015 Adding unprocessed symbols to watchlist: [SIG]
Thu Apr 02 08:00:00 GMT+00:00 2015 Adding unprocessed symbols to watchlist: [SIG]
Mon Apr 06 08:00:00 GMT+00:00 2015 Selling due to underperformance: EW -1.77% in 12
Mon Apr 06 08:00:00 GMT+00:00 2015 SELL EW x63 for $8810.55 -1.77%
Mon Apr 06 08:00:00 GMT+00:00 2015 BUY: 64 shares of SIG cost-basis=140 for $8944.64 CASH-BAL=8150.55
Wed Apr 08 08:00:00 GMT+00:00 2015 BUY: 31 shares of AYI cost-basis=157 for $5237.76 CASH-BAL=2905.79
Thu Apr 09 08:00:00 GMT+00:00 2015 SBUX: Applying split factor of: 2.0
Fri Apr 10 08:00:00 GMT+00:00 2015 Adding unprocessed symbols to watchlist: [GE]
Mon Apr 13 08:00:00 GMT+00:00 2015 Adding unprocessed symbols to watchlist: [TSE, GE]
Tue Apr 14 08:00:00 GMT+00:00 2015 Adding unprocessed symbols to watchlist: [GE]
Fri Apr 17 08:00:00 GMT+00:00 2015 StopLoss-SoftStop SELL: (-5.34%)64 shares of SIG for -5.34
Fri Apr 17 08:00:00 GMT+00:00 2015 SELL SIG x64 for $8474.24 -5.34%
Fri Apr 17 08:00:00 GMT+00:00 2015 BUY: 408 shares of TSE cost-basis=22.0 for $8976.0 CASH-BAL=2390.03
Mon Apr 20 08:00:00 GMT+00:00 2015 BUY: 72 shares of AMBA cost-basis=67.5 for $5368.32 CASH-BAL=-2985.29
Fri Apr 24 08:00:00 GMT+00:00 2015 SBUX ATR Sell signal. atr=0.7644492663891888; vol-rate: 169% ;cls-rng=82.99319727891164
Fri Apr 24 08:00:00 GMT+00:00 2015 Selling due to underperformance: SFS 0.654% in 29
Fri Apr 24 08:00:00 GMT+00:00 2015 SELL SFS x506 for $9057.4 0.654%
Fri Apr 24 08:00:00 GMT+00:00 2015 BUY: 436 shares of MMSI cost-basis=20.6 for $8972.88 CASH-BAL=-2914.77
Mon Apr 27 08:00:00 GMT+00:00 2015 StopLoss-SoftStop SELL: (-5.07%)168 shares of JUNO for -5.07
Mon Apr 27 08:00:00 GMT+00:00 2015 SELL JUNO x168 for $8536.08 -5.07%
Wed Apr 29 08:00:00 GMT+00:00 2015Market-Uptrend-Sell 50EDMA: (-2.34%)184 shares of CLX for 4.42
Wed Apr 29 08:00:00 GMT+00:00 2015 SELL CLX x184 for $19708.24 4.42%
Wed Apr 29 08:00:00 GMT+00:00 2015 BUY: 184 shares of XPO cost-basis=48.8 for $8984.72 CASH-BAL=16323.83
Thu Apr 30 08:00:00 GMT+00:00 2015 StopLoss-SoftStop SELL: (-5.76%)436 shares of MMSI for -5.76
Thu Apr 30 08:00:00 GMT+00:00 2015 SELL MMSI x436 for $8462.76 -5.76%
Thu Apr 30 08:00:00 GMT+00:00 2015 BUY: 375 shares of AVG cost-basis=23.9 for $8970.0 CASH-BAL=15802.59
Tue May 05 08:00:00 GMT+00:00 2015 BUY: 232 shares of CLGX cost-basis=38.7 for $8978.4 CASH-BAL=6817.19
Wed May 06 08:00:00 GMT+00:00 2015 TSE ATR Sell signal. atr=0.6583772627170699; vol-rate: 341% ;cls-rng=79.16666666666663
Fri May 08 08:00:00 GMT+00:00 2015 BUY: 72 shares of SBUX cost-basis=46.3 for $3584.16 CASH-BAL=3226.03
Fri May 08 08:00:00 GMT+00:00 2015 Adding unprocessed symbols to watchlist: [IMPV]
Mon May 11 08:00:00 GMT+00:00 2015 Adding unprocessed symbols to watchlist: [IMPV]
Tue May 12 08:00:00 GMT+00:00 2015 Adding unprocessed symbols to watchlist: [IMPV]
Wed May 13 08:00:00 GMT+00:00 2015 Adding unprocessed symbols to watchlist: [IMPV]
Thu May 14 08:00:00 GMT+00:00 2015 Adding unprocessed symbols to watchlist: [IMPV]
Tue May 26 08:00:00 GMT+00:00 2015 Adding unprocessed symbols to watchlist: [DGX]
Wed May 27 08:00:00 GMT+00:00 2015 Adding unprocessed symbols to watchlist: [DGX, AMED]
Thu May 28 08:00:00 GMT+00:00 2015 Adding unprocessed symbols to watchlist: [DGX, AMED]
Fri May 29 08:00:00 GMT+00:00 2015 Adding unprocessed symbols to watchlist: [DGX, AMED]
Mon Jun 01 08:00:00 GMT+00:00 2015 Adding unprocessed symbols to watchlist: [DGX, AMED]
Tue Jun 02 08:00:00 GMT+00:00 2015 BUY: 20 shares of AYI cost-basis=161 for $3570.2 CASH-BAL=-351.17
Tue Jun 02 08:00:00 GMT+00:00 2015 Adding unprocessed symbols to watchlist: [DGX, AMED]
Wed Jun 03 08:00:00 GMT+00:00 2015 Adding unprocessed symbols to watchlist: [DGX]
Thu Jun 04 08:00:00 GMT+00:00 2015 Selling due to underperformance: CLGX 0.103% in 30
Thu Jun 04 08:00:00 GMT+00:00 2015 SELL CLGX x232 for $8994.64 0.103%
Thu Jun 04 08:00:00 GMT+00:00 2015 BUY: 120 shares of DGX cost-basis=74.9 for $8992.8 CASH-BAL=-363.33
Tue Jun 09 08:00:00 GMT+00:00 2015 Selling due to underperformance: XPO -1.51% in 41
Tue Jun 09 08:00:00 GMT+00:00 2015 SELL XPO x184 for $8855.92 -1.51%
Tue Jun 09 08:00:00 GMT+00:00 2015 BUY: 172 shares of CMN cost-basis=52.0 for $8944.0 CASH-BAL=-465.41
Thu Jun 11 08:00:00 GMT+00:00 2015 Adding unprocessed symbols to watchlist: [MBLY]
Mon Jun 15 08:00:00 GMT+00:00 2015 Selling due to underperformance: DGX -3.11% in 11
Mon Jun 15 08:00:00 GMT+00:00 2015 SELL DGX x120 for $8720.4 -3.11%
Mon Jun 15 08:00:00 GMT+00:00 2015 BUY: 178 shares of MBLY cost-basis=50.3 for $8960.52 CASH-BAL=-719.53
Tue Jun 23 08:00:00 GMT+00:00 2015 BUY: 191 shares of TSE cost-basis=24.0 for $5374.74 CASH-BAL=-6101.27
Wed Jun 24 08:00:00 GMT+00:00 2015 Adding unprocessed symbols to watchlist: [ITCI]
Thu Jun 25 08:00:00 GMT+00:00 2015 Adding unprocessed symbols to watchlist: [ITCI]
Fri Jun 26 08:00:00 GMT+00:00 2015 Adding unprocessed symbols to watchlist: [ITCI]
Mon Jun 29 08:00:00 GMT+00:00 2015Market-Downtrend-Sell 50EDMA: (-2.24%)599 shares of TSE for 8.68
Mon Jun 29 08:00:00 GMT+00:00 2015 SELL TSE x599 for $15609.94 8.68%
Mon Jun 29 08:00:00 GMT+00:00 2015 Adding unprocessed symbols to watchlist: [ITCI]
Tue Jun 30 08:00:00 GMT+00:00 2015 Adding unprocessed symbols to watchlist: [ITCI]
Wed Jul 01 08:00:00 GMT+00:00 2015 AYI ATR Sell signal. atr=3.0898531662053625; vol-rate: 91.7% ;cls-rng=76.92428452565981
Wed Jul 01 08:00:00 GMT+00:00 2015 BUY: 196 shares of AVG cost-basis=25.1 for $5376.28 CASH-BAL=4118.39
Wed Jul 01 08:00:00 GMT+00:00 2015 Adding unprocessed symbols to watchlist: [ITCI]
Thu Jul 02 08:00:00 GMT+00:00 2015 Adding unprocessed symbols to watchlist: [ITCI]
Mon Jul 06 08:00:00 GMT+00:00 2015 Adding unprocessed symbols to watchlist: [ITCI]

---- Final Portfolio Holdings as of Tue Jul 07 06:27:11 GMT+00:00 2015 ----
null 116 of AYI with cost basis of 161.0 and pct-chg: 17.4% with % of portfolio weight=21.0%
null 386 of SBUX with cost basis of 46.3 and pct-chg: 17.0% with % of portfolio weight=20.0%
null 227 of AMBA with cost basis of 67.5 and pct-chg: 49.9% with % of portfolio weight=22.0%
null 571 of AVG with cost basis of 25.1 and pct-chg: 9.63% with % of portfolio weight=15.0%
null 172 of CMN with cost basis of 52.0 and pct-chg: 3.02% with % of portfolio weight=8.81%
null 178 of MBLY with cost basis of 50.3 and pct-chg: 8.21% with % of portfolio weight=9.28%

Total Invested Amount = 100417.48 with % of portfolio weight=96.1%
Cash Bal = 4118.39 with % of portfolio weight=3.94%
Net Value = 104535.87

---- Run stats ----
Start-Date: Wed Jan 01 08:00:00 GMT+00:00 2014
End-Date: Tue Jul 07 06:27:11 GMT+00:00 2015
Total Trading days: 552
Net Gain/Loss = 4535.869999999999
Pct Chg = 4.54%
