Mon Jan 07 08:00:00 GMT+00:00 2013 BUY  - NSM - 257 @38.83 Total=9979.31
Wed Jan 09 08:00:00 GMT+00:00 2013 BUY  - HCSG - 404 @24.72 Total=9986.88
Tue Jan 15 08:00:00 GMT+00:00 2013 BUY  - ASGN - 435 @22.94 Total=9978.9
Wed Jan 16 08:00:00 GMT+00:00 2013 BUY  - PRLB - 233 @42.71 Total=9951.43
Fri Jan 18 08:00:00 GMT+00:00 2013 SELL  - NSM - 257 @35.81 Total=9203.17
Tue Jan 29 08:00:00 GMT+00:00 2013 BUY  - DHI - 419 @23.82 Total=9980.58
Wed Jan 30 08:00:00 GMT+00:00 2013 BUY  - HES - 147 @67.88 Total=9978.36
Wed Jan 30 08:00:00 GMT+00:00 2013 BUY  - PLT - 240 @41.53 Total=9967.2
Thu Jan 31 08:00:00 GMT+00:00 2013 BUY  - TIVO - 749 @13.34 Total=9991.66
Mon Feb 04 08:00:00 GMT+00:00 2013 SELL  - PLT - 240 @39.34 Total=9441.6
Wed Feb 06 08:00:00 GMT+00:00 2013 SELL  - PRLB - 233 @39.99 Total=9317.67
Wed Feb 06 08:00:00 GMT+00:00 2013 BUY  - AGO - 510 @19.56 Total=9975.6
Fri Feb 15 08:00:00 GMT+00:00 2013 SELL  - ASGN - 435 @21.87 Total=9513.45
Wed Feb 20 08:00:00 GMT+00:00 2013 SELL  - DHI - 419 @21.93 Total=9188.67
Wed Feb 20 08:00:00 GMT+00:00 2013 SELL  - AGO - 510 @18.55 Total=9460.5
Wed Feb 20 08:00:00 GMT+00:00 2013 BUY  - SFLY - 244 @40.79 Total=9952.76
Thu Feb 21 08:00:00 GMT+00:00 2013 SELL  - HES - 147 @64.4 Total=9466.8
Thu Feb 21 08:00:00 GMT+00:00 2013 SELL  - TIVO - 749 @12.66 Total=9482.34
Fri Feb 22 08:00:00 GMT+00:00 2013 SELL  - HCSG - 404 @23.89 Total=9651.56
Mon Feb 25 08:00:00 GMT+00:00 2013 BUY  - JCOM - 285 @34.98 Total=9969.3
Wed Feb 27 08:00:00 GMT+00:00 2013 BUY  - BLOX - 467 @21.38 Total=9984.46
Fri Mar 01 08:00:00 GMT+00:00 2013 BUY  - SSTK - 307 @32.52 Total=9983.64
Fri Mar 08 08:00:00 GMT+00:00 2013 BUY  - MBI - 799 @12.5 Total=9987.5
Mon Mar 18 08:00:00 GMT+00:00 2013 SELL  - MBI - 799 @11.79 Total=9420.21
Mon Mar 18 08:00:00 GMT+00:00 2013 BUY  - CVLT - 121 @82.45 Total=9976.45
Mon Mar 25 08:00:00 GMT+00:00 2013 SELL  - BLOX - 467 @20.89 Total=9755.63
Thu Mar 28 08:00:00 GMT+00:00 2013 BUY  - SIG - 149 @67.0 Total=9983.0
Tue Apr 02 08:00:00 GMT+00:00 2013 BUY  - JCOM - 155 @38.46 Total=5961.3
Wed Apr 03 08:00:00 GMT+00:00 2013 SELL  - CVLT - 121 @76.41 Total=9245.61
Wed Apr 03 08:00:00 GMT+00:00 2013 BUY  - TSLA - 243 @41.1 Total=9987.3
Fri Apr 05 08:00:00 GMT+00:00 2013 BUY  - SSTK - 147 @40.57 Total=5963.79
Fri Apr 05 08:00:00 GMT+00:00 2013 BUY  - NKE - 169 @58.97 Total=9965.93
Wed Apr 10 08:00:00 GMT+00:00 2013 BUY  - FSLR - 275 @36.32 Total=9988.0
Wed Apr 17 08:00:00 GMT+00:00 2013 BUY  - SSTK - 94 @42.43 Total=3988.42
Thu Apr 18 08:00:00 GMT+00:00 2013 SELL  - SIG - 149 @65.63 Total=9778.87
Thu Apr 18 08:00:00 GMT+00:00 2013 BUY  - THRX - 306 @32.56 Total=9963.36
Fri Apr 19 08:00:00 GMT+00:00 2013 BUY  - SFLY - 136 @44.06 Total=5992.16
Wed Apr 24 08:00:00 GMT+00:00 2013 SELL  - THRX - 306 @30.54 Total=9345.24
Wed Apr 24 08:00:00 GMT+00:00 2013 BUY  - ARMH - 221 @45.06 Total=9958.26
Thu May 02 08:00:00 GMT+00:00 2013 BUY  - JCOM - 99 @40.1 Total=3969.9
Mon May 06 08:00:00 GMT+00:00 2013 SELL  - SFLY - 380 @43.38 Total=16484.4
Mon May 06 08:00:00 GMT+00:00 2013 BUY  - TREX - 189 @52.7 Total=9960.3
Fri May 17 08:00:00 GMT+00:00 2013 BUY  - NKE - 91 @65.32 Total=5944.12
Thu May 23 08:00:00 GMT+00:00 2013 SELL  - ARMH - 221 @45.37 Total=10026.77
Tue May 28 08:00:00 GMT+00:00 2013 SELL  - NKE - 260 @63.28 Total=16452.8
Tue May 28 08:00:00 GMT+00:00 2013 BUY  - INXN - 370 @27.0 Total=9990.0
Wed May 29 08:00:00 GMT+00:00 2013 BUY  - FSLR - 115 @51.76 Total=5952.4
Wed Jun 05 08:00:00 GMT+00:00 2013 SELL  - TREX - 189 @52.26 Total=9877.14
Thu Jun 06 08:00:00 GMT+00:00 2013 SELL  - SSTK - 548 @44.04 Total=24133.92
Thu Jun 06 08:00:00 GMT+00:00 2013 BUY  - TIVO - 728 @13.71 Total=9980.88
Fri Jun 07 08:00:00 GMT+00:00 2013 SELL  - TIVO - 728 @11.1 Total=8080.8
Thu Jun 13 08:00:00 GMT+00:00 2013 BUY  - KKD - 578 @17.26 Total=9976.28
Fri Jun 14 08:00:00 GMT+00:00 2013 SELL  - FSLR - 390 @44.71 Total=17436.9
Thu Jun 20 08:00:00 GMT+00:00 2013 SELL  - INXN - 370 @25.05 Total=9268.5
Fri Jun 21 08:00:00 GMT+00:00 2013 BUY  - CIEN - 504 @19.79 Total=9974.16
Mon Jun 24 08:00:00 GMT+00:00 2013 SELL  - KKD - 578 @16.64 Total=9617.92
Thu Jun 27 08:00:00 GMT+00:00 2013 BUY  - PTLA - 414 @24.13 Total=9989.82
Mon Jul 01 08:00:00 GMT+00:00 2013 BUY  - ICPT - 227 @43.89 Total=9963.03
Tue Jul 02 08:00:00 GMT+00:00 2013 BUY  - AYI - 122 @81.39 Total=9929.58
Wed Jul 17 08:00:00 GMT+00:00 2013 BUY  - TSLA - 49 @120.25 Total=5892.25
Fri Jul 19 08:00:00 GMT+00:00 2013 BUY  - SVU - 1350 @7.39 Total=9976.5
Mon Jul 22 08:00:00 GMT+00:00 2013 BUY  - SFUN - 329 @30.32 Total=9975.28
Mon Jul 29 08:00:00 GMT+00:00 2013 SELL  - ICPT - 227 @44.07 Total=10003.89
Mon Jul 29 08:00:00 GMT+00:00 2013 BUY  - LL - 106 @93.68 Total=9930.08
Tue Jul 30 08:00:00 GMT+00:00 2013 BUY  - CIEN - 268 @22.35 Total=5989.8
Tue Jul 30 08:00:00 GMT+00:00 2013 SELL  - PTLA - 414 @23.07 Total=9550.98
Tue Jul 30 08:00:00 GMT+00:00 2013 BUY  - POWI - 191 @52.07 Total=9945.37
Thu Aug 15 08:00:00 GMT+00:00 2013 SELL  - SVU - 1350 @7.3 Total=9855.0
Fri Aug 16 08:00:00 GMT+00:00 2013 SELL  - CIEN - 772 @21.04 Total=16242.88
Fri Aug 16 08:00:00 GMT+00:00 2013 BUY  - LOCK - 815 @12.26 Total=9991.9
Wed Sep 04 08:00:00 GMT+00:00 2013 BUY  - AYI - 69 @86.61 Total=5976.09
Tue Sep 10 08:00:00 GMT+00:00 2013 BUY  - TSLA - 24 @166.37 Total=3992.88
Thu Sep 26 08:00:00 GMT+00:00 2013 BUY  - AYI - 43 @92.15 Total=3962.45
Mon Sep 30 08:00:00 GMT+00:00 2013 SELL  - POWI - 191 @54.16 Total=10344.56
Mon Sep 30 08:00:00 GMT+00:00 2013 BUY  - AVG - 417 @23.94 Total=9982.98
Tue Oct 01 08:00:00 GMT+00:00 2013 BUY  - LL - 55 @108.69 Total=5977.95
Fri Oct 04 08:00:00 GMT+00:00 2013 BUY  - SFUN - 119 @50.36 Total=5992.84
Fri Oct 04 08:00:00 GMT+00:00 2013 BUY  - GDOT - 390 @25.6 Total=9984.0
Fri Oct 04 08:00:00 GMT+00:00 2013 BUY  - VIP - 805 @12.4 Total=9982.0
Fri Oct 04 08:00:00 GMT+00:00 2013 BUY  - AMAT - 568 @17.57 Total=9979.76
Mon Oct 07 08:00:00 GMT+00:00 2013 SELL  - AVG - 417 @23.55 Total=9820.35
Mon Oct 07 08:00:00 GMT+00:00 2013 BUY  - FUL - 226 @44.04 Total=9953.04
Tue Oct 08 08:00:00 GMT+00:00 2013 BUY  - CERN - 187 @53.17 Total=9942.79
Wed Oct 09 08:00:00 GMT+00:00 2013 SELL  - GDOT - 390 @22.55 Total=8794.5
Thu Oct 10 08:00:00 GMT+00:00 2013 BUY  - LOCK - 430 @13.92 Total=5985.6
Fri Oct 11 08:00:00 GMT+00:00 2013 BUY  - TTM - 309 @32.32 Total=9986.88
Wed Oct 16 08:00:00 GMT+00:00 2013 BUY  - MTG - 1199 @8.33 Total=9987.67
Thu Oct 17 08:00:00 GMT+00:00 2013 BUY  - LOCK - 277 @14.37 Total=3980.49
Thu Oct 17 08:00:00 GMT+00:00 2013 BUY  - STNG - 916 @10.9 Total=9984.4
Fri Oct 18 08:00:00 GMT+00:00 2013 BUY  - VRTU - 313 @31.92 Total=9990.96
Fri Oct 18 08:00:00 GMT+00:00 2013 BUY  - EGOV - 399 @24.99 Total=9971.01
Tue Oct 22 08:00:00 GMT+00:00 2013 BUY  - NOAH - 515 @19.37 Total=9975.55
Wed Oct 23 08:00:00 GMT+00:00 2013 SELL  - TTM - 309 @30.46 Total=9412.14
Wed Oct 23 08:00:00 GMT+00:00 2013 SELL  - TSLA - 316 @164.5 Total=51982.0
Wed Oct 23 08:00:00 GMT+00:00 2013 BUY  - CP - 83 @142.99 Total=11868.17
Fri Oct 25 08:00:00 GMT+00:00 2013 SELL  - NOAH - 515 @17.93 Total=9233.95
Fri Oct 25 08:00:00 GMT+00:00 2013 BUY  - NXPI - 300 @39.9 Total=11970.0
Fri Oct 25 08:00:00 GMT+00:00 2013 BUY  - CHH - 256 @46.78 Total=11975.68
Mon Oct 28 08:00:00 GMT+00:00 2013 BUY  - LOGM - 367 @32.65 Total=11982.55
Mon Oct 28 08:00:00 GMT+00:00 2013 BUY  - AVY - 250 @47.84 Total=11960.0
Tue Oct 29 08:00:00 GMT+00:00 2013 BUY  - BDBD - 684 @17.52 Total=11983.68
Tue Oct 29 08:00:00 GMT+00:00 2013 BUY  - CGNX - 362 @33.06 Total=11967.72
Wed Oct 30 08:00:00 GMT+00:00 2013 BUY  - AZPN - 317 @37.81 Total=11985.77
Wed Oct 30 08:00:00 GMT+00:00 2013 BUY  - ACHC - 281 @42.67 Total=11990.27
Wed Oct 30 08:00:00 GMT+00:00 2013 BUY  - GLW - 705 @17.0 Total=11985.0
Thu Oct 31 08:00:00 GMT+00:00 2013 SELL  - BDBD - 684 @16.39 Total=11210.76
Thu Oct 31 08:00:00 GMT+00:00 2013 SELL  - CGNX - 362 @31.25 Total=11312.5
Thu Oct 31 08:00:00 GMT+00:00 2013 BUY  - KS - 230 @51.96 Total=11950.8
Thu Oct 31 08:00:00 GMT+00:00 2013 BUY  - PRGO - 86 @137.89 Total=11858.54
Thu Oct 31 08:00:00 GMT+00:00 2013 BUY  - MCHP - 279 @42.96 Total=11985.84
Thu Oct 31 08:00:00 GMT+00:00 2013 BUY  - TCBI - 230 @52.05 Total=11971.5
Fri Nov 01 08:00:00 GMT+00:00 2013 SELL  - EGOV - 399 @23.47 Total=9364.53
Fri Nov 01 08:00:00 GMT+00:00 2013 SELL  - LOGM - 367 @30.62 Total=11237.54
Fri Nov 01 08:00:00 GMT+00:00 2013 BUY  - GMED - 631 @18.98 Total=11976.38
Fri Nov 01 08:00:00 GMT+00:00 2013 BUY  - TRMB - 358 @33.41 Total=11960.78
Fri Nov 01 08:00:00 GMT+00:00 2013 BUY  - HBI - 177 @67.61 Total=11966.97
Fri Nov 01 08:00:00 GMT+00:00 2013 BUY  - APOL - 460 @26.05 Total=11983.0
Tue Nov 05 08:00:00 GMT+00:00 2013 BUY  - GNRC - 249 @48.1 Total=11976.9
Tue Nov 05 08:00:00 GMT+00:00 2013 BUY  - NSC - 138 @86.43 Total=11927.34
Tue Nov 05 08:00:00 GMT+00:00 2013 BUY  - ORIG - 592 @20.25 Total=11988.0
Wed Nov 06 08:00:00 GMT+00:00 2013 SELL  - JCOM - 539 @49.95 Total=26923.05
Wed Nov 06 08:00:00 GMT+00:00 2013 BUY  - AEIS - 540 @24.055 Total=12989.7
Wed Nov 06 08:00:00 GMT+00:00 2013 BUY  - ABMD - 502 @25.84 Total=12971.68
Wed Nov 06 08:00:00 GMT+00:00 2013 BUY  - DWA - 408 @31.81 Total=12978.48
Thu Nov 07 08:00:00 GMT+00:00 2013 SELL  - MTG - 1199 @7.59 Total=9100.41
Thu Nov 07 08:00:00 GMT+00:00 2013 SELL  - KS - 230 @48.25 Total=11097.5
Thu Nov 07 08:00:00 GMT+00:00 2013 SELL  - TRMB - 358 @31.28 Total=11198.24
Thu Nov 07 08:00:00 GMT+00:00 2013 SELL  - CHH - 256 @44.97 Total=11512.32
Thu Nov 07 08:00:00 GMT+00:00 2013 SELL  - AVY - 250 @46.17 Total=11542.5
Thu Nov 07 08:00:00 GMT+00:00 2013 SELL  - GLW - 705 @16.31 Total=11498.55
Thu Nov 07 08:00:00 GMT+00:00 2013 SELL  - APOL - 460 @25.06 Total=11527.6
Thu Nov 07 08:00:00 GMT+00:00 2013 BUY  - VOYA - 363 @32.95 Total=11960.85
Thu Nov 07 08:00:00 GMT+00:00 2013 BUY  - PTC - 394 @30.43 Total=11989.42
Fri Nov 08 08:00:00 GMT+00:00 2013 BUY  - LL - 42 @113.33 Total=4759.86
Fri Nov 08 08:00:00 GMT+00:00 2013 BUY  - CLGX - 350 @34.26 Total=11991.0
Fri Nov 08 08:00:00 GMT+00:00 2013 BUY  - TREX - 175 @68.51 Total=11989.25
Fri Nov 08 08:00:00 GMT+00:00 2013 BUY  - FDML - 582 @20.6 Total=11989.2
Tue Nov 12 08:00:00 GMT+00:00 2013 BUY  - FUL - 147 @48.75 Total=7166.25
Thu Nov 14 08:00:00 GMT+00:00 2013 SELL  - AEIS - 540 @22.79 Total=12306.6
Thu Nov 14 08:00:00 GMT+00:00 2013 SELL  - VIP - 805 @12.47 Total=10038.35
Fri Nov 15 08:00:00 GMT+00:00 2013 BUY  - A - 218 @54.93 Total=11974.74
Mon Nov 18 08:00:00 GMT+00:00 2013 SELL  - AMAT - 568 @16.94 Total=9621.92
Tue Nov 19 08:00:00 GMT+00:00 2013 SELL  - FDML - 582 @19.12 Total=11127.84
Fri Nov 22 08:00:00 GMT+00:00 2013 SELL  - LL - 203 @101.81 Total=20667.43
Mon Nov 25 08:00:00 GMT+00:00 2013 BUY  - BLMN - 445 @26.91 Total=11974.95
Tue Nov 26 08:00:00 GMT+00:00 2013 BUY  - SFUN - 73 @65.62 Total=4790.26
Mon Dec 02 08:00:00 GMT+00:00 2013 SELL  - BLMN - 445 @25.36 Total=11285.2
Wed Dec 04 08:00:00 GMT+00:00 2013 BUY  - FUL - 95 @50.16 Total=4765.2
Fri Dec 06 08:00:00 GMT+00:00 2013 BUY  - CERN - 125 @57.42 Total=7177.5
Tue Dec 10 08:00:00 GMT+00:00 2013 SELL  - ORIG - 592 @19.65 Total=11632.8
Tue Dec 10 08:00:00 GMT+00:00 2013 SELL  - STNG - 916 @10.92 Total=10002.72
Tue Dec 10 08:00:00 GMT+00:00 2013 BUY  - TWTR - 230 @51.99 Total=11957.7
Wed Dec 11 08:00:00 GMT+00:00 2013 SELL  - CERN - 312 @54.6 Total=17035.2
Thu Dec 12 08:00:00 GMT+00:00 2013 SELL  - HBI - 177 @67.2 Total=11894.4
Thu Dec 12 08:00:00 GMT+00:00 2013 BUY  - PRGO - 46 @153.68 Total=7069.28
Fri Dec 13 08:00:00 GMT+00:00 2013 SELL  - MCHP - 279 @41.53 Total=11586.87
Mon Dec 16 08:00:00 GMT+00:00 2013 BUY  - NXPI - 167 @42.84 Total=7154.28
Tue Dec 17 08:00:00 GMT+00:00 2013 SELL  - LOCK - 1522 @15.14 Total=23043.08
Fri Dec 20 08:00:00 GMT+00:00 2013 BUY  - CONN - 159 @75.0 Total=11925.0
Mon Dec 30 08:00:00 GMT+00:00 2013 BUY  - AZPN - 171 @41.92 Total=7168.32
Mon Dec 30 08:00:00 GMT+00:00 2013 BUY  - ACHC - 150 @47.76 Total=7164.0
Tue Dec 31 08:00:00 GMT+00:00 2013 BUY  - HTZ - 419 @28.62 Total=11991.78
Tue Dec 31 08:00:00 GMT+00:00 2013 BUY  - QDEL - 388 @30.89 Total=11985.32
Fri Jan 03 08:00:00 GMT+00:00 2014 BUY  - YY - 206 @58.02 Total=11952.12
Fri Jan 03 08:00:00 GMT+00:00 2014 BUY  - SGMO - 884 @13.56 Total=11987.04
Mon Jan 06 08:00:00 GMT+00:00 2014 BUY  - VRTU - 192 @37.41 Total=7182.72
Tue Jan 07 08:00:00 GMT+00:00 2014 BUY  - TCBI - 117 @61.26 Total=7167.42
Wed Jan 08 08:00:00 GMT+00:00 2014 SELL  - CP - 83 @146.16 Total=12131.28
Wed Jan 08 08:00:00 GMT+00:00 2014 BUY  - DWA - 206 @34.91 Total=7191.46
Wed Jan 08 08:00:00 GMT+00:00 2014 BUY  - TREX - 99 @72.47 Total=7174.53
Wed Jan 08 08:00:00 GMT+00:00 2014 BUY  - SNDK - 163 @73.45 Total=11972.35
Thu Jan 09 08:00:00 GMT+00:00 2014 SELL  - VRTU - 505 @34.12 Total=17230.6
Thu Jan 09 08:00:00 GMT+00:00 2014 SELL  - CONN - 159 @72.24 Total=11486.16
Thu Jan 09 08:00:00 GMT+00:00 2014 BUY  - M - 214 @55.8 Total=11941.2
Fri Jan 10 08:00:00 GMT+00:00 2014 BUY  - FDML - 583 @20.57 Total=11992.31
Fri Jan 10 08:00:00 GMT+00:00 2014 BUY  - APOL - 394 @30.42 Total=11985.48
Mon Jan 13 08:00:00 GMT+00:00 2014 SELL  - HTZ - 419 @27.15 Total=11375.85
Mon Jan 13 08:00:00 GMT+00:00 2014 SELL  - FDML - 583 @19.52 Total=11380.16
Mon Jan 13 08:00:00 GMT+00:00 2014 BUY  - HTH - 494 @24.25 Total=11979.5
Tue Jan 14 08:00:00 GMT+00:00 2014 BUY  - NXPI - 108 @44.12 Total=4764.96
Tue Jan 14 08:00:00 GMT+00:00 2014 BUY  - PTC - 204 @35.16 Total=7172.64
Wed Jan 15 08:00:00 GMT+00:00 2014 BUY  - GNRC - 130 @55.24 Total=7181.2
Wed Jan 15 08:00:00 GMT+00:00 2014 BUY  - VOYA - 197 @36.36 Total=7162.92
Wed Jan 15 08:00:00 GMT+00:00 2014 BUY  - CRAY - 387 @30.91 Total=11962.17
Thu Jan 16 08:00:00 GMT+00:00 2014 SELL  - GNRC - 379 @50.89 Total=19287.31
Fri Jan 17 08:00:00 GMT+00:00 2014 SELL  - TREX - 274 @69.99 Total=19177.26
Tue Jan 21 08:00:00 GMT+00:00 2014 SELL  - FUL - 468 @49.43 Total=23133.24
Tue Jan 21 08:00:00 GMT+00:00 2014 BUY  - NVDQ - 610 @19.66 Total=11992.6
Wed Jan 22 08:00:00 GMT+00:00 2014 BUY  - EAT - 241 @49.72 Total=11982.52
Thu Jan 23 08:00:00 GMT+00:00 2014 SELL  - CLGX - 350 @33.72 Total=11802.0
Thu Jan 23 08:00:00 GMT+00:00 2014 SELL  - VOYA - 560 @34.45 Total=19292.0
Thu Jan 23 08:00:00 GMT+00:00 2014 BUY  - HUBB - 101 @118.04 Total=11922.04
Fri Jan 24 08:00:00 GMT+00:00 2014 SELL  - DWA - 614 @32.81 Total=20145.34
Fri Jan 24 08:00:00 GMT+00:00 2014 SELL  - SNDK - 163 @69.48 Total=11325.24
Fri Jan 24 08:00:00 GMT+00:00 2014 SELL  - NVDQ - 610 @18.84 Total=11492.4
Fri Jan 24 08:00:00 GMT+00:00 2014 SELL  - ABMD - 502 @26.42 Total=13262.84
Mon Jan 27 08:00:00 GMT+00:00 2014 SELL  - CRAY - 387 @29.21 Total=11304.27
Mon Jan 27 08:00:00 GMT+00:00 2014 SELL  - HUBB - 101 @113.28 Total=11441.28
Mon Jan 27 08:00:00 GMT+00:00 2014 SELL  - YY - 206 @56.99 Total=11739.94
Wed Jan 29 08:00:00 GMT+00:00 2014 SELL  - M - 214 @53.39 Total=11425.46
Wed Jan 29 08:00:00 GMT+00:00 2014 SELL  - EAT - 241 @48.05 Total=11580.05
Fri Jan 31 08:00:00 GMT+00:00 2014 SELL  - QDEL - 388 @29.56 Total=11469.28
Mon Feb 03 08:00:00 GMT+00:00 2014 SELL  - HTH - 494 @23.19 Total=11455.86
Mon Feb 03 08:00:00 GMT+00:00 2014 SELL  - A - 218 @56.15 Total=12240.7
Mon Feb 03 08:00:00 GMT+00:00 2014 SELL  - TCBI - 347 @57.03 Total=19789.41
Mon Feb 03 08:00:00 GMT+00:00 2014 SELL  - PRGO - 132 @152.07 Total=20073.24
Tue Feb 04 08:00:00 GMT+00:00 2014 BUY  - NSC - 78 @91.79 Total=7159.62
Tue Feb 04 08:00:00 GMT+00:00 2014 BUY  - VGR - 674 @17.78 Total=11983.72
Wed Feb 05 08:00:00 GMT+00:00 2014 SELL  - ACHC - 431 @48.12 Total=20739.72
Wed Feb 05 08:00:00 GMT+00:00 2014 SELL  - SFUN - 521 @72.26 Total=37647.46
Thu Feb 06 08:00:00 GMT+00:00 2014 SELL  - TWTR - 230 @50.03 Total=11506.9
Thu Feb 13 08:00:00 GMT+00:00 2014 BUY  - GMED - 355 @23.64 Total=8392.2
Thu Feb 13 08:00:00 GMT+00:00 2014 BUY  - SN - 438 @31.88 Total=13963.44
Thu Feb 13 08:00:00 GMT+00:00 2014 BUY  - REGN - 42 @326.98 Total=13733.16
Thu Feb 13 08:00:00 GMT+00:00 2014 BUY  - SCOR - 448 @31.18 Total=13968.64
Thu Feb 13 08:00:00 GMT+00:00 2014 BUY  - SKX - 391 @35.76 Total=13982.16
Thu Feb 13 08:00:00 GMT+00:00 2014 BUY  - IDTI - 1190 @11.75 Total=13982.5
Fri Feb 14 08:00:00 GMT+00:00 2014 BUY  - UFPI - 246 @56.8 Total=13972.8
Tue Feb 18 08:00:00 GMT+00:00 2014 SELL  - SN - 438 @29.74 Total=13026.12
Wed Feb 19 08:00:00 GMT+00:00 2014 BUY  - FLS - 173 @80.6 Total=13943.8
Wed Feb 19 08:00:00 GMT+00:00 2014 BUY  - GRMN - 270 @51.68 Total=13953.6
Fri Feb 21 08:00:00 GMT+00:00 2014 SELL  - UFPI - 246 @53.31 Total=13114.26
Fri Feb 21 08:00:00 GMT+00:00 2014 BUY  - STRZA - 449 @31.15 Total=13986.35
Mon Feb 24 08:00:00 GMT+00:00 2014 BUY  - LEAF - 493 @28.36 Total=13981.48
Tue Feb 25 08:00:00 GMT+00:00 2014 BUY  - KATE - 397 @35.24 Total=13990.28
Tue Feb 25 08:00:00 GMT+00:00 2014 BUY  - HUM - 126 @110.49 Total=13921.74
Wed Feb 26 08:00:00 GMT+00:00 2014 BUY  - HEI - 223 @62.7 Total=13982.1
Thu Feb 27 08:00:00 GMT+00:00 2014 BUY  - SGMO - 434 @19.32 Total=8384.88
Thu Feb 27 08:00:00 GMT+00:00 2014 BUY  - CRAY - 388 @36.06 Total=13991.28
Fri Feb 28 08:00:00 GMT+00:00 2014 SELL  - SKX - 391 @33.73 Total=13188.43
Tue Mar 04 08:00:00 GMT+00:00 2014 BUY  - NUVA - 330 @39.29 Total=12965.7
Thu Mar 06 08:00:00 GMT+00:00 2014 SELL  - NUVA - 330 @37.29 Total=12305.7
Thu Mar 06 08:00:00 GMT+00:00 2014 BUY  - WOOF - 373 @34.82 Total=12987.86
Fri Mar 07 08:00:00 GMT+00:00 2014 BUY  - RARE - 229 @56.625 Total=12967.125
Fri Mar 07 08:00:00 GMT+00:00 2014 BUY  - AGIO - 285 @45.45 Total=12953.25
Mon Mar 10 08:00:00 GMT+00:00 2014 BUY  - ZU - 228 @56.88 Total=12968.64
Mon Mar 10 08:00:00 GMT+00:00 2014 BUY  - CUDA - 340 @38.14 Total=12967.6
Mon Mar 10 08:00:00 GMT+00:00 2014 BUY  - TSL - 759 @17.1 Total=12978.9
Mon Mar 10 08:00:00 GMT+00:00 2014 BUY  - HIMX - 838 @15.5 Total=12989.0
Tue Mar 11 08:00:00 GMT+00:00 2014 SELL  - AGIO - 285 @42.96 Total=12243.6
Tue Mar 11 08:00:00 GMT+00:00 2014 SELL  - CUDA - 340 @36.23 Total=12318.2
Tue Mar 11 08:00:00 GMT+00:00 2014 SELL  - TSL - 759 @16.22 Total=12310.98
Tue Mar 11 08:00:00 GMT+00:00 2014 BUY  - EMES - 259 @50.1 Total=12975.9
Wed Mar 12 08:00:00 GMT+00:00 2014 SELL  - LEAF - 493 @26.15 Total=12891.95
Wed Mar 12 08:00:00 GMT+00:00 2014 BUY  - ICFI - 331 @39.25 Total=12991.75
Thu Mar 13 08:00:00 GMT+00:00 2014 SELL  - FLS - 173 @75.74 Total=13103.02
Fri Mar 14 08:00:00 GMT+00:00 2014 SELL  - HIMX - 838 @14.69 Total=12310.22
Fri Mar 14 08:00:00 GMT+00:00 2014 BUY  - MFRM - 276 @46.99 Total=12969.24
Fri Mar 14 08:00:00 GMT+00:00 2014 BUY  - WSM - 201 @64.51 Total=12966.51
Tue Mar 18 08:00:00 GMT+00:00 2014 BUY  - AZPN - 110 @47.1 Total=5181.0
Tue Mar 18 08:00:00 GMT+00:00 2014 BUY  - APOL - 237 @32.75 Total=7761.75
Fri Mar 21 08:00:00 GMT+00:00 2014 SELL  - REGN - 42 @310.79 Total=13053.18
Fri Mar 21 08:00:00 GMT+00:00 2014 SELL  - WOOF - 373 @32.96 Total=12294.08
Fri Mar 21 08:00:00 GMT+00:00 2014 SELL  - RARE - 229 @55.05 Total=12606.45
Mon Mar 24 08:00:00 GMT+00:00 2014 SELL  - ZU - 228 @54.91 Total=12519.48
Mon Mar 24 08:00:00 GMT+00:00 2014 SELL  - AZPN - 598 @43.79 Total=26186.42
Mon Mar 24 08:00:00 GMT+00:00 2014 SELL  - PTC - 598 @36.21 Total=21653.58
Tue Mar 25 08:00:00 GMT+00:00 2014 SELL  - SGMO - 1318 @18.8 Total=24778.4
Tue Mar 25 08:00:00 GMT+00:00 2014 BUY  - GMED - 216 @25.86 Total=5585.76
Tue Mar 25 08:00:00 GMT+00:00 2014 BUY  - VGR - 395 @21.23 Total=8385.85
Wed Mar 26 08:00:00 GMT+00:00 2014 SELL  - HEI - 223 @58.74 Total=13099.02
Wed Mar 26 08:00:00 GMT+00:00 2014 SELL  - CRAY - 388 @36.14 Total=14022.32
Wed Mar 26 08:00:00 GMT+00:00 2014 BUY  - FSLR - 189 @68.49 Total=12944.61
Wed Mar 26 08:00:00 GMT+00:00 2014 BUY  - FF - 652 @19.9 Total=12974.8
Thu Mar 27 08:00:00 GMT+00:00 2014 SELL  - IDTI - 1190 @11.85 Total=14101.5
Thu Mar 27 08:00:00 GMT+00:00 2014 SELL  - APOL - 631 @32.4 Total=20444.4
Thu Mar 27 08:00:00 GMT+00:00 2014 SELL  - AYI - 234 @128.15 Total=29987.1
Fri Mar 28 08:00:00 GMT+00:00 2014 BUY  - NSC - 62 @96.35 Total=5973.7
Thu Apr 03 08:00:00 GMT+00:00 2014 BUY  - BCPC - 244 @61.27 Total=14949.88
Thu Apr 03 08:00:00 GMT+00:00 2014 BUY  - APC - 151 @99.02 Total=14952.02
Fri Apr 04 08:00:00 GMT+00:00 2014 SELL  - KATE - 397 @34.75 Total=13795.75
Fri Apr 04 08:00:00 GMT+00:00 2014 SELL  - SCOR - 448 @31.61 Total=14161.28
Mon Apr 07 08:00:00 GMT+00:00 2014 SELL  - FF - 652 @18.77 Total=12238.04
Mon Apr 07 08:00:00 GMT+00:00 2014 SELL  - BCPC - 244 @59.2 Total=14444.8
Wed Apr 09 08:00:00 GMT+00:00 2014 SELL  - GMED - 1202 @24.35 Total=29268.7
Thu Apr 10 08:00:00 GMT+00:00 2014 SELL  - MFRM - 276 @45.87 Total=12660.12
Thu Apr 10 08:00:00 GMT+00:00 2014 SELL  - WSM - 201 @62.79 Total=12620.79
Thu Apr 10 08:00:00 GMT+00:00 2014 SELL  - HUM - 126 @109.66 Total=13817.16
Thu Apr 10 08:00:00 GMT+00:00 2014 SELL  - STRZA - 449 @31.46 Total=14125.54
Fri Apr 11 08:00:00 GMT+00:00 2014 SELL  - NSC - 278 @93.15 Total=25895.7
Tue Apr 15 08:00:00 GMT+00:00 2014 SELL  - FSLR - 189 @66.39 Total=12547.71
Wed Apr 16 08:00:00 GMT+00:00 2014 BUY  - GRMN - 161 @55.82 Total=8987.02
Wed Apr 23 08:00:00 GMT+00:00 2014 SELL  - ICFI - 331 @39.15 Total=12958.65
Wed Apr 23 08:00:00 GMT+00:00 2014 BUY  - AZN - 221 @67.78 Total=14979.38
Fri Apr 25 08:00:00 GMT+00:00 2014 SELL  - GRMN - 431 @54.24 Total=23377.44
Fri Apr 25 08:00:00 GMT+00:00 2014 BUY  - ZBH - 149 @100.54 Total=14980.46
Wed Apr 30 08:00:00 GMT+00:00 2014 SELL  - ZBH - 149 @96.8 Total=14423.2
Wed Apr 30 08:00:00 GMT+00:00 2014 BUY  - HURN - 210 @71.2 Total=14952.0
Thu May 01 08:00:00 GMT+00:00 2014 SELL  - HURN - 210 @68.61 Total=14408.1
Thu May 01 08:00:00 GMT+00:00 2014 BUY  - WLK - 211 @70.86 Total=14951.46
Tue May 13 08:00:00 GMT+00:00 2014 SELL  - VGR - 1069 @20.18 Total=21572.42
Tue May 13 08:00:00 GMT+00:00 2014 BUY  - CBG - 524 @28.59 Total=14981.16
Tue May 20 08:00:00 GMT+00:00 2014 BUY  - AZN - 124 @72.2 Total=8952.8
Fri May 23 08:00:00 GMT+00:00 2014 BUY  - TIF - 155 @96.59 Total=14971.45
Tue May 27 08:00:00 GMT+00:00 2014 BUY  - WSM - 222 @67.53 Total=14991.66
Fri Jun 13 08:00:00 GMT+00:00 2014 BUY  - EMES - 88 @101.95 Total=8971.6
Fri Jun 13 08:00:00 GMT+00:00 2014 BUY  - WLK - 109 @82.41 Total=8982.69
Wed Jun 25 08:00:00 GMT+00:00 2014 BUY  - APC - 82 @109.57 Total=8984.74
Wed Jun 25 08:00:00 GMT+00:00 2014 BUY  - AZN - 80 @74.31 Total=5944.8
Wed Jun 25 08:00:00 GMT+00:00 2014 BUY  - MTRX - 443 @33.81 Total=14977.83
Wed Jun 25 08:00:00 GMT+00:00 2014 BUY  - KS - 450 @33.29 Total=14980.5
Wed Jun 25 08:00:00 GMT+00:00 2014 BUY  - BWLD - 91 @163.87 Total=14912.17
Wed Jun 25 08:00:00 GMT+00:00 2014 BUY  - JWA - 249 @60.21 Total=14992.29
Wed Jun 25 08:00:00 GMT+00:00 2014 BUY  - APD - 115 @129.54 Total=14897.1
Thu Jun 26 08:00:00 GMT+00:00 2014 BUY  - MEI - 397 @37.68 Total=14958.96
Mon Jun 30 08:00:00 GMT+00:00 2014 SELL  - MTRX - 443 @32.79 Total=14525.97
Tue Jul 01 08:00:00 GMT+00:00 2014 BUY  - GLOG - 475 @31.54 Total=14981.5
Tue Jul 01 08:00:00 GMT+00:00 2014 BUY  - ANET - 197 @76.0 Total=14972.0
Tue Jul 01 08:00:00 GMT+00:00 2014 BUY  - COO - 102 @146.95 Total=14988.9
Wed Jul 02 08:00:00 GMT+00:00 2014 BUY  - EEP - 420 @35.62 Total=14960.4
Mon Jul 07 08:00:00 GMT+00:00 2014 SELL  - KS - 450 @30.55 Total=13747.5
Mon Jul 07 08:00:00 GMT+00:00 2014 SELL  - GLOG - 475 @28.23 Total=13409.25
Mon Jul 07 08:00:00 GMT+00:00 2014 SELL  - ANET - 197 @72.17 Total=14217.49
Tue Jul 08 08:00:00 GMT+00:00 2014 SELL  - MEI - 397 @35.76 Total=14196.72
Wed Jul 09 08:00:00 GMT+00:00 2014 BUY  - WLK - 65 @85.38 Total=5549.7
Tue Jul 15 08:00:00 GMT+00:00 2014 SELL  - BWLD - 91 @154.63 Total=14071.33
Wed Jul 16 08:00:00 GMT+00:00 2014 BUY  - CBG - 255 @32.9 Total=8389.5
Thu Jul 17 08:00:00 GMT+00:00 2014 SELL  - AZN - 425 @72.94 Total=30999.5
Fri Jul 18 08:00:00 GMT+00:00 2014 BUY  - EMES - 51 @109.16 Total=5567.16
Wed Jul 23 08:00:00 GMT+00:00 2014 BUY  - LEJU - 1060 @13.15 Total=13939.0
Thu Jul 24 08:00:00 GMT+00:00 2014 BUY  - JMEI - 468 @29.86 Total=13974.48
Mon Jul 28 08:00:00 GMT+00:00 2014 SELL  - NXPI - 575 @62.34 Total=35845.5
Mon Jul 28 08:00:00 GMT+00:00 2014 BUY  - DECK - 176 @90.76 Total=15973.76
Tue Jul 29 08:00:00 GMT+00:00 2014 SELL  - TIF - 155 @97.6 Total=15128.0
Tue Jul 29 08:00:00 GMT+00:00 2014 SELL  - WSM - 222 @67.98 Total=15091.56
Tue Jul 29 08:00:00 GMT+00:00 2014 BUY  - SNCR - 402 @39.72 Total=15967.44
Wed Jul 30 08:00:00 GMT+00:00 2014 BUY  - CTL - 402 @39.77 Total=15987.54
Thu Jul 31 08:00:00 GMT+00:00 2014 BUY  - STLD - 754 @21.21 Total=15992.34
Fri Aug 01 08:00:00 GMT+00:00 2014 SELL  - EEP - 420 @33.67 Total=14141.4
Fri Aug 01 08:00:00 GMT+00:00 2014 BUY  - THC - 286 @52.34 Total=14969.24
Fri Aug 01 08:00:00 GMT+00:00 2014 BUY  - OTEX - 272 @54.97 Total=14951.84
Tue Aug 05 08:00:00 GMT+00:00 2014 SELL  - LEJU - 1060 @11.94 Total=12656.4
Tue Aug 05 08:00:00 GMT+00:00 2014 SELL  - CBG - 779 @30.59 Total=23829.61
Wed Aug 06 08:00:00 GMT+00:00 2014 BUY  - UA - 219 @68.24 Total=14944.56
Thu Aug 07 08:00:00 GMT+00:00 2014 SELL  - SNCR - 402 @38.2 Total=15356.4
Thu Aug 07 08:00:00 GMT+00:00 2014 SELL  - JWA - 249 @58.94 Total=14676.06
Thu Aug 07 08:00:00 GMT+00:00 2014 BUY  - LEAF - 505 @29.65 Total=14973.25
Fri Aug 08 08:00:00 GMT+00:00 2014 BUY  - AIRM - 250 @59.81 Total=14952.5
Mon Aug 11 08:00:00 GMT+00:00 2014 BUY  - ICLR - 294 @50.97 Total=14985.18
Tue Aug 12 08:00:00 GMT+00:00 2014 SELL  - APC - 233 @106.06 Total=24711.98
Tue Aug 12 08:00:00 GMT+00:00 2014 BUY  - KMI - 387 @38.73 Total=14988.51
Thu Aug 21 08:00:00 GMT+00:00 2014 BUY  - COO - 55 @162.8 Total=8954.0
Thu Aug 21 08:00:00 GMT+00:00 2014 BUY  - SNPS - 359 @41.75 Total=14988.25
Fri Aug 22 08:00:00 GMT+00:00 2014 BUY  - GMCR - 112 @133.36 Total=14936.32
Mon Aug 25 08:00:00 GMT+00:00 2014 BUY  - JMEI - 273 @32.86 Total=8970.78
Wed Aug 27 08:00:00 GMT+00:00 2014 BUY  - ATHM - 297 @50.44 Total=14980.68
Thu Aug 28 08:00:00 GMT+00:00 2014 SELL  - ATHM - 297 @46.86 Total=13917.42
Thu Aug 28 08:00:00 GMT+00:00 2014 BUY  - SIG - 128 @116.37 Total=14895.36
Fri Aug 29 08:00:00 GMT+00:00 2014 SELL  - JMEI - 741 @30.57 Total=22652.37
Fri Aug 29 08:00:00 GMT+00:00 2014 SELL  - ICLR - 294 @49.54 Total=14564.76
Fri Aug 29 08:00:00 GMT+00:00 2014 BUY  - STLD - 386 @23.24 Total=8970.64
Fri Aug 29 08:00:00 GMT+00:00 2014 BUY  - GPRO - 289 @51.8 Total=14970.2
Wed Sep 03 08:00:00 GMT+00:00 2014 BUY  - UTHR - 131 @113.6 Total=14881.6
Thu Sep 04 08:00:00 GMT+00:00 2014 BUY  - MEI - 377 @39.72 Total=14974.44
Mon Sep 08 08:00:00 GMT+00:00 2014 BUY  - THC - 152 @58.99 Total=8966.48
Tue Sep 09 08:00:00 GMT+00:00 2014 SELL  - KMI - 387 @38.3 Total=14822.1
Wed Sep 10 08:00:00 GMT+00:00 2014 BUY  - HQY - 693 @21.62 Total=14982.66
Thu Sep 11 08:00:00 GMT+00:00 2014 SELL  - APD - 115 @128.43 Total=14769.45
Fri Sep 12 08:00:00 GMT+00:00 2014 SELL  - AIRM - 250 @56.11 Total=14027.5
Mon Sep 15 08:00:00 GMT+00:00 2014 SELL  - UA - 219 @67.19 Total=14714.61
Tue Sep 16 08:00:00 GMT+00:00 2014 SELL  - HQY - 693 @20.1 Total=13929.3
Tue Sep 16 08:00:00 GMT+00:00 2014 BUY  - ALR - 372 @40.25 Total=14973.0
Wed Sep 17 08:00:00 GMT+00:00 2014 BUY  - LEAF - 267 @33.66 Total=8987.22
Thu Sep 18 08:00:00 GMT+00:00 2014 BUY  - MSCI - 306 @48.98 Total=14987.88
Mon Sep 22 08:00:00 GMT+00:00 2014 BUY  - CLX - 154 @97.23 Total=14973.42
Tue Sep 23 08:00:00 GMT+00:00 2014 SELL  - COO - 157 @156.0 Total=24492.0
Tue Sep 23 08:00:00 GMT+00:00 2014 SELL  - EMES - 398 @110.98 Total=44170.04
Wed Sep 24 08:00:00 GMT+00:00 2014 BUY  - DECK - 104 @97.42 Total=10131.68
Thu Sep 25 08:00:00 GMT+00:00 2014 SELL  - SNPS - 359 @39.98 Total=14352.82
Thu Sep 25 08:00:00 GMT+00:00 2014 SELL  - MSCI - 306 @46.77 Total=14311.62
Thu Sep 25 08:00:00 GMT+00:00 2014 SELL  - GMCR - 112 @128.92 Total=14439.04
Thu Sep 25 08:00:00 GMT+00:00 2014 SELL  - MEI - 377 @38.04 Total=14341.08
Thu Sep 25 08:00:00 GMT+00:00 2014 SELL  - OTEX - 272 @54.81 Total=14908.32
Thu Sep 25 08:00:00 GMT+00:00 2014 SELL  - WLK - 385 @90.13 Total=34700.05
Tue Sep 30 08:00:00 GMT+00:00 2014 SELL  - ALR - 372 @38.78 Total=14426.16
Tue Sep 30 08:00:00 GMT+00:00 2014 SELL  - STLD - 1140 @22.61 Total=25775.4
Wed Oct 01 08:00:00 GMT+00:00 2014 SELL  - DECK - 280 @91.0 Total=25480.0
Wed Oct 01 08:00:00 GMT+00:00 2014 SELL  - SIG - 128 @112.14 Total=14353.92
Wed Oct 01 08:00:00 GMT+00:00 2014 SELL  - THC - 438 @57.74 Total=25290.12
Fri Oct 03 08:00:00 GMT+00:00 2014 BUY  - GPN - 222 @76.32 Total=16943.04
Mon Oct 06 08:00:00 GMT+00:00 2014 BUY  - KITE - 517 @32.83 Total=16973.11
Tue Oct 07 08:00:00 GMT+00:00 2014 SELL  - KITE - 517 @31.8 Total=16440.6
Thu Oct 09 08:00:00 GMT+00:00 2014 SELL  - GPN - 222 @73.97 Total=16421.34
Thu Oct 09 08:00:00 GMT+00:00 2014 SELL  - CTL - 402 @39.73 Total=15971.46
Thu Oct 09 08:00:00 GMT+00:00 2014 BUY  - RENT - 235 @72.07 Total=16936.45
Mon Oct 13 08:00:00 GMT+00:00 2014 SELL  - RENT - 235 @69.79 Total=16400.65
Mon Oct 13 08:00:00 GMT+00:00 2014 BUY  - BDX - 135 @125.83 Total=16987.05
Tue Oct 14 08:00:00 GMT+00:00 2014 BUY  - AVA - 499 @34.03 Total=16980.97
Thu Oct 16 08:00:00 GMT+00:00 2014 SELL  - BDX - 135 @120.78 Total=16305.3
Fri Oct 17 08:00:00 GMT+00:00 2014 BUY  - REGN - 45 @369.64 Total=16633.8
Tue Oct 21 08:00:00 GMT+00:00 2014 BUY  - UTHR - 79 @127.61 Total=10081.19
Tue Oct 21 08:00:00 GMT+00:00 2014 BUY  - AKRX - 411 @41.29 Total=16970.19
Mon Oct 27 08:00:00 GMT+00:00 2014 SELL  - GPRO - 289 @64.91 Total=18758.99
Mon Oct 27 08:00:00 GMT+00:00 2014 BUY  - EPAM - 362 @46.91 Total=16981.42
Thu Oct 30 08:00:00 GMT+00:00 2014 BUY  - V - 71 @236.65 Total=16802.15
Thu Oct 30 08:00:00 GMT+00:00 2014 BUY  - BMY - 288 @58.98 Total=16986.24
Wed Nov 05 08:00:00 GMT+00:00 2014 SELL  - REGN - 45 @368.51 Total=16582.95
Wed Nov 05 08:00:00 GMT+00:00 2014 BUY  - ZEN - 680 @24.96 Total=16972.8
Wed Nov 05 08:00:00 GMT+00:00 2014 SELL  - UTHR - 210 @123.21 Total=25874.1
Wed Nov 05 08:00:00 GMT+00:00 2014 BUY  - FLT - 114 @148.51 Total=16930.14
Thu Nov 06 08:00:00 GMT+00:00 2014 SELL  - AKRX - 411 @37.88 Total=15568.68
Thu Nov 06 08:00:00 GMT+00:00 2014 BUY  - KAR - 511 @33.22 Total=16975.42
Tue Nov 11 08:00:00 GMT+00:00 2014 SELL  - ZEN - 680 @23.34 Total=15871.2
Tue Nov 11 08:00:00 GMT+00:00 2014 BUY  - LEAF - 181 @37.34 Total=6758.54
Tue Nov 11 08:00:00 GMT+00:00 2014 BUY  - AMED - 681 @24.95 Total=16990.95
Thu Nov 13 08:00:00 GMT+00:00 2014 SELL  - AVA - 499 @33.91 Total=16921.09
Thu Nov 13 08:00:00 GMT+00:00 2014 BUY  - SYKE - 705 @24.09 Total=16983.45
Wed Nov 19 08:00:00 GMT+00:00 2014 SELL  - SYKE - 705 @22.86 Total=16116.3
Wed Nov 19 08:00:00 GMT+00:00 2014 BUY  - ENV - 323 @52.58 Total=16983.34
Mon Dec 01 08:00:00 GMT+00:00 2014 SELL  - ENV - 323 @49.55 Total=16004.65
Thu Dec 04 08:00:00 GMT+00:00 2014 BUY  - GIII - 176 @96.1 Total=16913.6
Mon Dec 08 08:00:00 GMT+00:00 2014 SELL  - FLT - 114 @148.11 Total=16884.54
Mon Dec 08 08:00:00 GMT+00:00 2014 BUY  - ENB - 346 @48.99 Total=16950.54
Fri Dec 12 08:00:00 GMT+00:00 2014 SELL  - ENB - 346 @46.95 Total=16244.7
Mon Dec 15 08:00:00 GMT+00:00 2014 SELL  - LEAF - 953 @35.07 Total=33421.71
Mon Dec 15 08:00:00 GMT+00:00 2014 BUY  - ADBE - 232 @73.04 Total=16945.28
Tue Dec 16 08:00:00 GMT+00:00 2014 SELL  - EPAM - 362 @46.24 Total=16738.88
Tue Dec 16 08:00:00 GMT+00:00 2014 SELL  - BMY - 288 @57.69 Total=16614.72
Wed Dec 17 08:00:00 GMT+00:00 2014 BUY  - V - 39 @259.08 Total=10104.12
Thu Dec 18 08:00:00 GMT+00:00 2014 BUY  - FGEN - 605 @28.05 Total=16970.25
Mon Dec 22 08:00:00 GMT+00:00 2014 SELL  - FGEN - 605 @26.32 Total=15923.6
Mon Dec 22 08:00:00 GMT+00:00 2014 BUY  - NVRO - 431 @39.37 Total=16968.47
Wed Dec 24 08:00:00 GMT+00:00 2014 BUY  - VA - 414 @41.0 Total=16974.0
Mon Jan 05 08:00:00 GMT+00:00 2015 SELL  - ADBE - 232 @71.98 Total=16699.36
Tue Jan 06 08:00:00 GMT+00:00 2015 SELL  - NVRO - 431 @37.13 Total=16003.03
Wed Jan 07 08:00:00 GMT+00:00 2015 SELL  - VA - 414 @39.75 Total=16456.5
Fri Jan 09 08:00:00 GMT+00:00 2015 BUY  - AYI - 112 @151.5 Total=16968.0
Thu Jan 15 08:00:00 GMT+00:00 2015 SELL  - GIII - 176 @94.76 Total=16677.76
Thu Jan 15 08:00:00 GMT+00:00 2015 SELL  - V - 110 @253.13 Total=27844.3
Thu Jan 15 08:00:00 GMT+00:00 2015 BUY  - HDB - 305 @55.66 Total=16976.3
Fri Jan 16 08:00:00 GMT+00:00 2015 BUY  - AMED - 360 @28.26 Total=10173.6
Tue Jan 20 08:00:00 GMT+00:00 2015 SELL  - KAR - 511 @33.77 Total=17256.47
Thu Jan 22 08:00:00 GMT+00:00 2015 BUY  - HELE - 219 @77.53 Total=16979.07
Fri Jan 23 08:00:00 GMT+00:00 2015 BUY  - SBUX - 192 @88.22 Total=16938.24
Fri Jan 30 08:00:00 GMT+00:00 2015 SELL  - HELE - 219 @75.22 Total=16473.18
Fri Jan 30 08:00:00 GMT+00:00 2015 BUY  - VAR - 183 @92.56 Total=16938.48
Mon Feb 02 08:00:00 GMT+00:00 2015 BUY  - CLX - 94 @107.83 Total=10136.02
Thu Feb 05 08:00:00 GMT+00:00 2015 BUY  - PRE - 140 @121.09 Total=16952.6
Fri Feb 06 08:00:00 GMT+00:00 2015 BUY  - EL - 213 @79.55 Total=16944.15
Mon Feb 09 08:00:00 GMT+00:00 2015 SELL  - HDB - 305 @56.28 Total=17165.4
Mon Feb 09 08:00:00 GMT+00:00 2015 BUY  - ORLY - 82 @205.07 Total=16815.74
Mon Feb 23 08:00:00 GMT+00:00 2015 SELL  - PRE - 140 @115.28 Total=16139.2
Mon Feb 23 08:00:00 GMT+00:00 2015 BUY  - BJRI - 318 @53.43 Total=16990.74
Fri Mar 06 08:00:00 GMT+00:00 2015 SELL  - AMED - 1041 @27.62 Total=28752.42
Fri Mar 06 08:00:00 GMT+00:00 2015 BUY  - AMBA - 264 @64.22 Total=16954.08
Fri Mar 06 08:00:00 GMT+00:00 2015 BUY  - CBRL - 115 @147.51 Total=16963.65
Fri Mar 06 08:00:00 GMT+00:00 2015 SELL  - ORLY - 82 @204.19 Total=16743.58
Fri Mar 06 08:00:00 GMT+00:00 2015 BUY  - UVE - 679 @25.0 Total=16975.0
Tue Mar 10 08:00:00 GMT+00:00 2015 SELL  - BJRI - 318 @51.41 Total=16348.38
Tue Mar 10 08:00:00 GMT+00:00 2015 SELL  - UVE - 679 @24.19 Total=16425.01
Tue Mar 10 08:00:00 GMT+00:00 2015 BUY  - BMY - 259 @65.53 Total=16972.27
Wed Mar 11 08:00:00 GMT+00:00 2015 SELL  - EL - 213 @80.5 Total=17146.5
Wed Mar 11 08:00:00 GMT+00:00 2015 BUY  - OLN - 575 @29.54 Total=16985.5
Thu Mar 19 08:00:00 GMT+00:00 2015 BUY  - NVRO - 339 @50.01 Total=16953.39
Tue Mar 24 08:00:00 GMT+00:00 2015 SELL  - OLN - 575 @28.05 Total=16128.75
Wed Mar 25 08:00:00 GMT+00:00 2015 SELL  - NVRO - 339 @48.04 Total=16285.56
Wed Mar 25 08:00:00 GMT+00:00 2015 BUY  - JUNO - 317 @53.48 Total=16953.16
Wed Mar 25 08:00:00 GMT+00:00 2015 SELL  - BMY - 259 @64.7 Total=16757.3
Wed Mar 25 08:00:00 GMT+00:00 2015 BUY  - EW - 112 @142.25 Total=15932.0
Wed Mar 25 08:00:00 GMT+00:00 2015 SELL  - VAR - 183 @92.72 Total=16967.76
Wed Mar 25 08:00:00 GMT+00:00 2015 BUY  - OVAS - 321 @49.8 Total=15985.8
Thu Mar 26 08:00:00 GMT+00:00 2015 SELL  - OVAS - 321 @48.29 Total=15501.09
Thu Mar 26 08:00:00 GMT+00:00 2015 BUY  - SFS - 900 @17.77 Total=15993.0
Mon Mar 30 08:00:00 GMT+00:00 2015 BUY  - CLX - 57 @110.76 Total=6313.32
Mon Mar 30 08:00:00 GMT+00:00 2015 BUY  - SBUX - 99 @95.98 Total=9502.02
Mon Apr 06 08:00:00 GMT+00:00 2015 SELL  - EW - 112 @139.85 Total=15663.2
Mon Apr 06 08:00:00 GMT+00:00 2015 BUY  - SIG - 114 @139.76 Total=15932.64
Tue Apr 07 08:00:00 GMT+00:00 2015 SELL  - CBRL - 115 @147.61 Total=16975.15
Tue Apr 07 08:00:00 GMT+00:00 2015 BUY  - ALTR - 386 @41.36 Total=15964.96
Wed Apr 08 08:00:00 GMT+00:00 2015 BUY  - AYI - 56 @168.96 Total=9461.76
Fri Apr 17 08:00:00 GMT+00:00 2015 SELL  - SIG - 114 @132.41 Total=15094.74
Fri Apr 17 08:00:00 GMT+00:00 2015 SELL  - CLX - 305 @109.26 Total=33324.3
Fri Apr 17 08:00:00 GMT+00:00 2015 BUY  - TSE - 726 @22.0 Total=15972.0
Mon Apr 20 08:00:00 GMT+00:00 2015 BUY  - AMBA - 128 @74.56 Total=9543.68
Mon Apr 20 08:00:00 GMT+00:00 2015 BUY  - CE - 240 @66.54 Total=15969.6
Fri Apr 24 08:00:00 GMT+00:00 2015 SELL  - ALTR - 386 @40.89 Total=15783.54
Fri Apr 24 08:00:00 GMT+00:00 2015 BUY  - SIMO - 526 @30.4 Total=15990.4
Fri Apr 24 08:00:00 GMT+00:00 2015 SELL  - SFS - 900 @17.9 Total=16110.0
Fri Apr 24 08:00:00 GMT+00:00 2015 BUY  - ARRS - 447 @35.76 Total=15984.72
Mon Apr 27 08:00:00 GMT+00:00 2015 SELL  - JUNO - 317 @50.81 Total=16106.77
Mon Apr 27 08:00:00 GMT+00:00 2015 BUY  - MMSI - 777 @20.58 Total=15990.66
Thu Apr 30 08:00:00 GMT+00:00 2015 SELL  - MMSI - 777 @19.41 Total=15081.57
Thu Apr 30 08:00:00 GMT+00:00 2015 SELL  - SIMO - 526 @29.31 Total=15417.06
Thu Apr 30 08:00:00 GMT+00:00 2015 BUY  - AVG - 668 @23.92 Total=15978.56
Thu Apr 30 08:00:00 GMT+00:00 2015 BUY  - CRM - 219 @72.82 Total=15947.58
Tue May 05 08:00:00 GMT+00:00 2015 SELL  - TSE - 726 @21.83 Total=15848.58
Tue May 05 08:00:00 GMT+00:00 2015 BUY  - STJ - 224 @71.33 Total=15977.92
Wed May 06 08:00:00 GMT+00:00 2015 SELL  - ARRS - 447 @33.44 Total=14947.68
Wed May 06 08:00:00 GMT+00:00 2015 SELL  - SBUX - 582 @48.93 Total=28477.26
Wed May 06 08:00:00 GMT+00:00 2015 BUY  - AMZN - 38 @419.1 Total=15925.8
Thu May 14 08:00:00 GMT+00:00 2015 BUY  - IMPV - 287 @55.63 Total=15965.81
Fri May 15 08:00:00 GMT+00:00 2015 BUY  - STMP - 228 @69.94 Total=15946.32
Wed May 20 08:00:00 GMT+00:00 2015 SELL  - CRM - 219 @70.16 Total=15365.04
Wed May 20 08:00:00 GMT+00:00 2015 BUY  - PLCE - 234 @68.28 Total=15977.52
Fri May 29 08:00:00 GMT+00:00 2015 SELL  - STMP - 228 @67.29 Total=15342.12
Fri May 29 08:00:00 GMT+00:00 2015 BUY  - AMED - 515 @31.02 Total=15975.3
Tue Jun 02 08:00:00 GMT+00:00 2015 BUY  - AYI - 35 @178.51 Total=6247.85
Mon Jun 08 08:00:00 GMT+00:00 2015 SELL  - PLCE - 234 @65.4 Total=15303.6
Mon Jun 08 08:00:00 GMT+00:00 2015 BUY  - AVGO - 115 @138.63 Total=15942.45
Mon Jun 15 08:00:00 GMT+00:00 2015 SELL  - AMZN - 38 @423.67 Total=16099.46
Mon Jun 15 08:00:00 GMT+00:00 2015 BUY  - MBLY - 317 @50.34 Total=15957.78
Thu Jun 25 08:00:00 GMT+00:00 2015 BUY  - AMED - 240 @39.96 Total=9590.4
Thu Jun 25 08:00:00 GMT+00:00 2015 BUY  - TMH - 240 @66.41 Total=15938.4
Thu Jun 25 08:00:00 GMT+00:00 2015 BUY  - HRC - 287 @55.69 Total=15983.03
Thu Jun 25 08:00:00 GMT+00:00 2015 BUY  - ITCI - 501 @31.92 Total=15991.92
Thu Jun 25 08:00:00 GMT+00:00 2015 BUY  - BCRX - 1097 @14.57 Total=15983.29
Thu Jun 25 08:00:00 GMT+00:00 2015 BUY  - BMRN - 118 @135.36 Total=15972.48
Fri Jun 26 08:00:00 GMT+00:00 2015 SELL  - AVGO - 115 @135.15 Total=15542.25
Mon Jun 29 08:00:00 GMT+00:00 2015 SELL  - ITCI - 501 @30.94 Total=15500.94
Mon Jun 29 08:00:00 GMT+00:00 2015 BUY  - IPCM - 289 @55.3 Total=15981.7
Wed Jul 01 08:00:00 GMT+00:00 2015 BUY  - AVG - 349 @27.43 Total=9573.07
