Start Date: Tue Jan 01 08:00:00 GMT+00:00 2013
End Date: Wed Jul 08 01:05:43 GMT+00:00 2015
Initial Cash: 100000.0
Num Positions: 5
-----------------
Mon Jan 07 08:00:00 GMT+00:00 2013 BUY: 257 shares of NSM cost-basis=38.8 for $9979.31 CASH-BAL=90013.69
Wed Jan 09 08:00:00 GMT+00:00 2013 BUY: 404 shares of HCSG cost-basis=24.7 for $9986.88 CASH-BAL=80019.81
Tue Jan 15 08:00:00 GMT+00:00 2013 BUY: 435 shares of ASGN cost-basis=22.9 for $9978.9 CASH-BAL=70033.91
Wed Jan 16 08:00:00 GMT+00:00 2013 BUY: 233 shares of PRLB cost-basis=42.7 for $9951.43 CASH-BAL=60075.48
Fri Jan 18 08:00:00 GMT+00:00 2013 StopLoss-HardStop SELL: (-7.85%)257 shares of NSM for -7.85
Fri Jan 18 08:00:00 GMT+00:00 2013 SELL NSM x257 for $9203.17 -7.85%
Tue Jan 29 08:00:00 GMT+00:00 2013 BUY: 419 shares of DHI cost-basis=23.8 for $9980.58 CASH-BAL=59284.07
Wed Jan 30 08:00:00 GMT+00:00 2013 BUY: 147 shares of HES cost-basis=67.9 for $9978.36 CASH-BAL=49298.71
Wed Jan 30 08:00:00 GMT+00:00 2013 BUY: 240 shares of PLT cost-basis=41.5 for $9967.2 CASH-BAL=39324.51
Thu Jan 31 08:00:00 GMT+00:00 2013 BUY: 749 shares of TIVO cost-basis=13.3 for $9991.66 CASH-BAL=29325.85
Mon Feb 04 08:00:00 GMT+00:00 2013 StopLoss-SoftStop SELL: (-5.34%)240 shares of PLT for -5.34
Mon Feb 04 08:00:00 GMT+00:00 2013 SELL PLT x240 for $9441.6 -5.34%
Wed Feb 06 08:00:00 GMT+00:00 2013 StopLoss-SoftStop SELL: (-6.44%)233 shares of PRLB for -6.44
Wed Feb 06 08:00:00 GMT+00:00 2013 SELL PRLB x233 for $9317.67 -6.44%
Wed Feb 06 08:00:00 GMT+00:00 2013 BUY: 510 shares of AGO cost-basis=19.6 for $9975.6 CASH-BAL=38088.52
Fri Feb 15 08:00:00 GMT+00:00 2013 Market-Uptrend-Sell 20EMA: (-7.94%)435 shares of ASGN for -4.73
Fri Feb 15 08:00:00 GMT+00:00 2013 SELL ASGN x435 for $9513.45 -4.73%
Wed Feb 20 08:00:00 GMT+00:00 2013 StopLoss-HardStop SELL: (-8.0%)419 shares of DHI for -8.0
Wed Feb 20 08:00:00 GMT+00:00 2013 StopLoss-SoftStop SELL: (-5.23%)510 shares of AGO for -5.23
Wed Feb 20 08:00:00 GMT+00:00 2013 SELL DHI x419 for $9188.67 -8.0%
Wed Feb 20 08:00:00 GMT+00:00 2013 SELL AGO x510 for $9460.5 -5.23%
Wed Feb 20 08:00:00 GMT+00:00 2013 BUY: 244 shares of SFLY cost-basis=40.8 for $9952.76 CASH-BAL=56270.38
Thu Feb 21 08:00:00 GMT+00:00 2013 StopLoss-SoftStop SELL: (-5.2%)147 shares of HES for -5.2
Thu Feb 21 08:00:00 GMT+00:00 2013 StopLoss-SoftStop SELL: (-5.17%)749 shares of TIVO for -5.17
Thu Feb 21 08:00:00 GMT+00:00 2013 SELL HES x147 for $9466.8 -5.2%
Thu Feb 21 08:00:00 GMT+00:00 2013 SELL TIVO x749 for $9482.34 -5.17%
Fri Feb 22 08:00:00 GMT+00:00 2013 Market-CautiousUp-Sell -3%: (-3.43%)404 shares of HCSG for -3.43
Fri Feb 22 08:00:00 GMT+00:00 2013 SELL HCSG x404 for $9651.56 -3.43%
Mon Feb 25 08:00:00 GMT+00:00 2013 BUY: 285 shares of JCOM cost-basis=35.0 for $9969.3 CASH-BAL=74873.78
Wed Feb 27 08:00:00 GMT+00:00 2013 BUY: 467 shares of BLOX cost-basis=21.4 for $9984.46 CASH-BAL=64882.32
Fri Mar 01 08:00:00 GMT+00:00 2013 BUY: 307 shares of SSTK cost-basis=32.5 for $9983.64 CASH-BAL=54891.68
Fri Mar 08 08:00:00 GMT+00:00 2013 BUY: 799 shares of MBI cost-basis=12.5 for $9987.5 CASH-BAL=44897.18
Mon Mar 18 08:00:00 GMT+00:00 2013 StopLoss-SoftStop SELL: (-5.75%)799 shares of MBI for -5.75
Mon Mar 18 08:00:00 GMT+00:00 2013 SELL MBI x799 for $9420.21 -5.75%
Mon Mar 18 08:00:00 GMT+00:00 2013 BUY: 121 shares of CVLT cost-basis=82.5 for $9976.45 CASH-BAL=44326.94
Mon Mar 25 08:00:00 GMT+00:00 2013 Market-Uptrend-Sell 20EMA: (-2.97%)467 shares of BLOX for -2.36
Mon Mar 25 08:00:00 GMT+00:00 2013 SELL BLOX x467 for $9755.63 -2.36%
Thu Mar 28 08:00:00 GMT+00:00 2013 BUY: 149 shares of SIG cost-basis=67.0 for $9983.0 CASH-BAL=44085.57
Tue Apr 02 08:00:00 GMT+00:00 2013 BUY: 155 shares of JCOM cost-basis=36.2 for $5961.3 CASH-BAL=38117.27
Wed Apr 03 08:00:00 GMT+00:00 2013 StopLoss-HardStop SELL: (-7.4%)121 shares of CVLT for -7.4
Wed Apr 03 08:00:00 GMT+00:00 2013 SELL CVLT x121 for $9245.61 -7.4%
Wed Apr 03 08:00:00 GMT+00:00 2013 BUY: 243 shares of TSLA cost-basis=41.1 for $9987.3 CASH-BAL=37361.58
Fri Apr 05 08:00:00 GMT+00:00 2013 BUY: 147 shares of SSTK cost-basis=35.1 for $5963.79 CASH-BAL=31390.79
Fri Apr 05 08:00:00 GMT+00:00 2013 BUY: 169 shares of NKE cost-basis=59.0 for $9965.93 CASH-BAL=21417.86
Wed Apr 10 08:00:00 GMT+00:00 2013 BUY: 275 shares of FSLR cost-basis=36.3 for $9988.0 CASH-BAL=11422.86
Wed Apr 17 08:00:00 GMT+00:00 2013 BUY: 94 shares of SSTK cost-basis=36.4 for $3988.42 CASH-BAL=7427.44
Thu Apr 18 08:00:00 GMT+00:00 2013 Selling due to underperformance: SIG -2.11% in 21
Thu Apr 18 08:00:00 GMT+00:00 2013 SELL SIG x149 for $9778.87 -2.11%
Thu Apr 18 08:00:00 GMT+00:00 2013 BUY: 306 shares of THRX cost-basis=32.6 for $9963.36 CASH-BAL=7228.95
Fri Apr 19 08:00:00 GMT+00:00 2013 BUY: 136 shares of SFLY cost-basis=42.0 for $5992.16 CASH-BAL=1229.79
Tue Apr 23 08:00:00 GMT+00:00 2013 Adding unprocessed symbols to watchlist: [ARMH]
Wed Apr 24 08:00:00 GMT+00:00 2013 StopLoss-SoftStop SELL: (-6.27%)306 shares of THRX for -6.27
Wed Apr 24 08:00:00 GMT+00:00 2013 SELL THRX x306 for $9345.24 -6.27%
Wed Apr 24 08:00:00 GMT+00:00 2013 FSLR ATR Sell signal. atr=2.1604684750709406; vol-rate: 138% ;cls-rng=84.16988416988417
Wed Apr 24 08:00:00 GMT+00:00 2013 BUY: 221 shares of ARMH cost-basis=45.1 for $9958.26 CASH-BAL=602.77
Fri Apr 26 08:00:00 GMT+00:00 2013 Adding unprocessed symbols to watchlist: [CAB]
Mon Apr 29 08:00:00 GMT+00:00 2013 Adding unprocessed symbols to watchlist: [CAB]
Tue Apr 30 08:00:00 GMT+00:00 2013 Adding unprocessed symbols to watchlist: [CAB]
Wed May 01 08:00:00 GMT+00:00 2013 Adding unprocessed symbols to watchlist: [CAB]
Thu May 02 08:00:00 GMT+00:00 2013 BUY: 99 shares of JCOM cost-basis=36.9 for $3969.9 CASH-BAL=-3374.13
Thu May 02 08:00:00 GMT+00:00 2013 Adding unprocessed symbols to watchlist: [CAB, STX]
Fri May 03 08:00:00 GMT+00:00 2013 Adding unprocessed symbols to watchlist: [CAB, TREX]
Mon May 06 08:00:00 GMT+00:00 2013 TSLA ATR Sell signal. atr=2.4010393234459215; vol-rate: 62.7% ;cls-rng=96.15384615384623
Mon May 06 08:00:00 GMT+00:00 2013 Selling due to underperformance: SFLY 3.3% in 75
Mon May 06 08:00:00 GMT+00:00 2013 SELL SFLY x380 for $16484.4 3.3%
Mon May 06 08:00:00 GMT+00:00 2013 BUY: 189 shares of TREX cost-basis=52.7 for $9960.3 CASH-BAL=3135.97
Mon May 06 08:00:00 GMT+00:00 2013 Adding unprocessed symbols to watchlist: [AGO]
Wed May 08 08:00:00 GMT+00:00 2013 Adding unprocessed symbols to watchlist: [NFLX]
Thu May 09 08:00:00 GMT+00:00 2013 TSLA ATR Sell signal. atr=2.9101360755521215; vol-rate: 731% ;cls-rng=47.26821192052987
Fri May 10 08:00:00 GMT+00:00 2013 Adding unprocessed symbols to watchlist: [STX]
Mon May 13 08:00:00 GMT+00:00 2013 TSLA ATR Sell signal. atr=4.673971922420612; vol-rate: 419% ;cls-rng=97.73985761102946
Mon May 13 08:00:00 GMT+00:00 2013 Adding unprocessed symbols to watchlist: [STX]
Tue May 14 08:00:00 GMT+00:00 2013 Adding unprocessed symbols to watchlist: [QIHU, STX]
Thu May 16 08:00:00 GMT+00:00 2013 Adding unprocessed symbols to watchlist: [STX]
Fri May 17 08:00:00 GMT+00:00 2013 BUY: 91 shares of NKE cost-basis=61.2 for $5944.12 CASH-BAL=-2815.15
Fri May 17 08:00:00 GMT+00:00 2013 Adding unprocessed symbols to watchlist: [STX]
Tue May 21 08:00:00 GMT+00:00 2013 Adding unprocessed symbols to watchlist: [AGO, EA]
Wed May 22 08:00:00 GMT+00:00 2013 Adding unprocessed symbols to watchlist: [INXN]
Thu May 23 08:00:00 GMT+00:00 2013 Market-Uptrend-Sell 20EMA: (-4.27%)221 shares of ARMH for 0.618
Thu May 23 08:00:00 GMT+00:00 2013 SELL ARMH x221 for $10026.77 0.618%
Thu May 23 08:00:00 GMT+00:00 2013 Adding unprocessed symbols to watchlist: [INXN, PCP, ICUI]
Fri May 24 08:00:00 GMT+00:00 2013 Adding unprocessed symbols to watchlist: [INXN, PCP]
Tue May 28 08:00:00 GMT+00:00 2013 TSLA ATR Sell signal. atr=6.347053475448745; vol-rate: 167% ;cls-rng=96.01913875598089
Tue May 28 08:00:00 GMT+00:00 2013 Selling due to underperformance: NKE 3.32% in 53
Tue May 28 08:00:00 GMT+00:00 2013 SELL NKE x260 for $16452.8 3.32%
Tue May 28 08:00:00 GMT+00:00 2013 BUY: 370 shares of INXN cost-basis=27.0 for $9990.0 CASH-BAL=13653.42
Wed May 29 08:00:00 GMT+00:00 2013 BUY: 115 shares of FSLR cost-basis=40.9 for $5952.4 CASH-BAL=7694.02
Wed Jun 05 08:00:00 GMT+00:00 2013 Market-CautiousUp-Sell 20EMA: (-3.81%)189 shares of TREX for -0.905
Wed Jun 05 08:00:00 GMT+00:00 2013 SELL TREX x189 for $9877.14 -0.905%
Thu Jun 06 08:00:00 GMT+00:00 2013 Market-CautiousUp-Sell 50EMA: (-2.12%)548 shares of SSTK for 21.0
Thu Jun 06 08:00:00 GMT+00:00 2013 SELL SSTK x548 for $24133.92 21.0%
Thu Jun 06 08:00:00 GMT+00:00 2013 BUY: 728 shares of TIVO cost-basis=13.7 for $9980.88 CASH-BAL=31703.2
Fri Jun 07 08:00:00 GMT+00:00 2013 StopLoss-HardStop SELL: (-19.1%)728 shares of TIVO for -19.1
Fri Jun 07 08:00:00 GMT+00:00 2013 SELL TIVO x728 for $8080.8 -19.1%
Thu Jun 13 08:00:00 GMT+00:00 2013 BUY: 578 shares of KKD cost-basis=17.3 for $9976.28 CASH-BAL=29793.72
Fri Jun 14 08:00:00 GMT+00:00 2013 Market-CautiousUp-Sell 50EMA: (-2.94%)390 shares of FSLR for 9.3
Fri Jun 14 08:00:00 GMT+00:00 2013 SELL FSLR x390 for $17436.9 9.3%
Thu Jun 20 08:00:00 GMT+00:00 2013 StopLoss-HardStop SELL: (-7.29%)370 shares of INXN for -7.29
Thu Jun 20 08:00:00 GMT+00:00 2013 SELL INXN x370 for $9268.5 -7.29%
Fri Jun 21 08:00:00 GMT+00:00 2013 BUY: 504 shares of CIEN cost-basis=19.8 for $9974.16 CASH-BAL=46503.96
Mon Jun 24 08:00:00 GMT+00:00 2013Market-Downtrend-Sell -3%: (-3.66%)578 shares of KKD for -3.66
Mon Jun 24 08:00:00 GMT+00:00 2013 SELL KKD x578 for $9617.92 -3.66%
Thu Jun 27 08:00:00 GMT+00:00 2013 BUY: 414 shares of PTLA cost-basis=24.1 for $9989.82 CASH-BAL=46118.06
Thu Jun 27 08:00:00 GMT+00:00 2013 Adding unprocessed symbols to watchlist: [SSTK, ICPT]
Mon Jul 01 08:00:00 GMT+00:00 2013 BUY: 227 shares of ICPT cost-basis=43.9 for $9963.03 CASH-BAL=36148.03
Tue Jul 02 08:00:00 GMT+00:00 2013 BUY: 122 shares of AYI cost-basis=81.4 for $9929.58 CASH-BAL=26211.45
Thu Jul 11 08:00:00 GMT+00:00 2013 CIEN ATR Sell signal. atr=0.5531142910180511; vol-rate: 95.6% ;cls-rng=98.91304347826069
Wed Jul 17 08:00:00 GMT+00:00 2013 BUY: 49 shares of TSLA cost-basis=54.4 for $5892.25 CASH-BAL=20312.2
Fri Jul 19 08:00:00 GMT+00:00 2013 BUY: 1350 shares of SVU cost-basis=7.39 for $9976.5 CASH-BAL=10328.7
Mon Jul 22 08:00:00 GMT+00:00 2013 BUY: 329 shares of SFUN cost-basis=30.3 for $9975.28 CASH-BAL=346.42
Thu Jul 25 08:00:00 GMT+00:00 2013 Adding unprocessed symbols to watchlist: [LL]
Fri Jul 26 08:00:00 GMT+00:00 2013 SFUN ATR Sell signal. atr=1.2612154057529497; vol-rate: 261% ;cls-rng=96.86800894854585
Fri Jul 26 08:00:00 GMT+00:00 2013 Adding unprocessed symbols to watchlist: [LL, POWI, FB]
Mon Jul 29 08:00:00 GMT+00:00 2013 Market-Uptrend-Sell 20EMA: (-4.79%)227 shares of ICPT for 0.34
Mon Jul 29 08:00:00 GMT+00:00 2013 SELL ICPT x227 for $10003.89 0.34%
Mon Jul 29 08:00:00 GMT+00:00 2013 BUY: 106 shares of LL cost-basis=93.7 for $9930.08 CASH-BAL=406.23
Mon Jul 29 08:00:00 GMT+00:00 2013 Adding unprocessed symbols to watchlist: [POWI]
Tue Jul 30 08:00:00 GMT+00:00 2013 BUY: 268 shares of CIEN cost-basis=20.7 for $5989.8 CASH-BAL=-5590.57
Tue Jul 30 08:00:00 GMT+00:00 2013 Selling due to underperformance: PTLA -4.46% in 33
Tue Jul 30 08:00:00 GMT+00:00 2013 SELL PTLA x414 for $9550.98 -4.46%
Tue Jul 30 08:00:00 GMT+00:00 2013 BUY: 191 shares of POWI cost-basis=52.1 for $9945.37 CASH-BAL=-5998.96
Tue Jul 30 08:00:00 GMT+00:00 2013 Adding unprocessed symbols to watchlist: [OSK]
Wed Jul 31 08:00:00 GMT+00:00 2013 POWI ATR Sell signal. atr=1.429283954156489; vol-rate: 165% ;cls-rng=85.28428093645469
Wed Jul 31 08:00:00 GMT+00:00 2013 Adding unprocessed symbols to watchlist: [JCI, SNCR]
Thu Aug 01 08:00:00 GMT+00:00 2013 Adding unprocessed symbols to watchlist: [JCI]
Fri Aug 02 08:00:00 GMT+00:00 2013 Adding unprocessed symbols to watchlist: [GIB, SNCR]
Mon Aug 05 08:00:00 GMT+00:00 2013 Adding unprocessed symbols to watchlist: [LOCK]
Tue Aug 06 08:00:00 GMT+00:00 2013 Adding unprocessed symbols to watchlist: [GIB, LOCK]
Wed Aug 07 08:00:00 GMT+00:00 2013 Adding unprocessed symbols to watchlist: [GIB, OSK, LOCK, ATVI, GNC]
Thu Aug 08 08:00:00 GMT+00:00 2013 TSLA ATR Sell signal. atr=6.353190784819725; vol-rate: 164% ;cls-rng=35.86698337292145
Thu Aug 08 08:00:00 GMT+00:00 2013 SFUN ATR Sell signal. atr=1.4601959659563057; vol-rate: 245% ;cls-rng=88.16425120772958
Thu Aug 08 08:00:00 GMT+00:00 2013 Adding unprocessed symbols to watchlist: [GIB, CSC, OSK, LOCK, SNCR]
Fri Aug 09 08:00:00 GMT+00:00 2013 Adding unprocessed symbols to watchlist: [GIB, CSC, OSK, LOCK, GNC]
Mon Aug 12 08:00:00 GMT+00:00 2013 Adding unprocessed symbols to watchlist: [CSC, OSK, LOCK]
Tue Aug 13 08:00:00 GMT+00:00 2013 Adding unprocessed symbols to watchlist: [CSC, LOCK]
Wed Aug 14 08:00:00 GMT+00:00 2013 Adding unprocessed symbols to watchlist: [CSC, LOCK]
Thu Aug 15 08:00:00 GMT+00:00 2013 Market-CautiousUp-Sell 20EMA: (-5.0%)1350 shares of SVU for -1.29
Thu Aug 15 08:00:00 GMT+00:00 2013 SELL SVU x1350 for $9855.0 -1.29%
Thu Aug 15 08:00:00 GMT+00:00 2013 Adding unprocessed symbols to watchlist: [CSC, LOCK, HMIN, SNCR]
Fri Aug 16 08:00:00 GMT+00:00 2013 Selling due to underperformance: CIEN 1.66% in 56
Fri Aug 16 08:00:00 GMT+00:00 2013 SELL CIEN x772 for $16242.88 1.66%
Fri Aug 16 08:00:00 GMT+00:00 2013 BUY: 815 shares of LOCK cost-basis=12.3 for $9991.9 CASH-BAL=10086.02
Fri Aug 16 08:00:00 GMT+00:00 2013 Adding unprocessed symbols to watchlist: [CSC, HMIN]
Tue Aug 20 08:00:00 GMT+00:00 2013 Adding unprocessed symbols to watchlist: [CSC]
Wed Aug 21 08:00:00 GMT+00:00 2013 Adding unprocessed symbols to watchlist: [HMIN]
Thu Aug 22 08:00:00 GMT+00:00 2013 Adding unprocessed symbols to watchlist: [CSC, HMIN]
Tue Sep 03 08:00:00 GMT+00:00 2013 SFUN ATR Sell signal. atr=2.063041281022097; vol-rate: 219% ;cls-rng=92.60780287474333
Wed Sep 04 08:00:00 GMT+00:00 2013 BUY: 69 shares of AYI cost-basis=83.3 for $5976.09 CASH-BAL=4102.93
Wed Sep 04 08:00:00 GMT+00:00 2013 Adding unprocessed symbols to watchlist: [SALE]
Fri Sep 06 08:00:00 GMT+00:00 2013 Adding unprocessed symbols to watchlist: [SALE, HIMX, KFY]
Mon Sep 09 08:00:00 GMT+00:00 2013 Adding unprocessed symbols to watchlist: [SALE, TW, KFY]
Tue Sep 10 08:00:00 GMT+00:00 2013 SFUN ATR Sell signal. atr=2.3949583221930255; vol-rate: 100% ;cls-rng=95.05703422053223
Tue Sep 10 08:00:00 GMT+00:00 2013 BUY: 24 shares of TSLA cost-basis=62.9 for $3992.88 CASH-BAL=103.05
Tue Sep 10 08:00:00 GMT+00:00 2013 Adding unprocessed symbols to watchlist: [SALE]
Wed Sep 11 08:00:00 GMT+00:00 2013 Adding unprocessed symbols to watchlist: [TW, AKRX, KFY]
Thu Sep 12 08:00:00 GMT+00:00 2013 Adding unprocessed symbols to watchlist: [TW, KFY]
Fri Sep 13 08:00:00 GMT+00:00 2013 Adding unprocessed symbols to watchlist: [SALE, KFY]
Mon Sep 16 08:00:00 GMT+00:00 2013 Adding unprocessed symbols to watchlist: [SALE, AVG, HTH, KFY]
Tue Sep 17 08:00:00 GMT+00:00 2013 Adding unprocessed symbols to watchlist: [SALE, AVG, KS, HIMX, HTH, KFY]
Wed Sep 18 08:00:00 GMT+00:00 2013 Adding unprocessed symbols to watchlist: [HTH, KFY]
Thu Sep 19 08:00:00 GMT+00:00 2013 Adding unprocessed symbols to watchlist: [SALE, HTH, KFY]
Fri Sep 20 08:00:00 GMT+00:00 2013 Adding unprocessed symbols to watchlist: [HTH, KFY]
Mon Sep 23 08:00:00 GMT+00:00 2013 Adding unprocessed symbols to watchlist: [CRR, SRPT, PKG, HTH]
Tue Sep 24 08:00:00 GMT+00:00 2013 Adding unprocessed symbols to watchlist: [AMAT, SRPT, PKG]
Wed Sep 25 08:00:00 GMT+00:00 2013 Adding unprocessed symbols to watchlist: [FIVE, SRPT, PKG, HTH]
Thu Sep 26 08:00:00 GMT+00:00 2013 BUY: 43 shares of AYI cost-basis=84.9 for $3962.45 CASH-BAL=-3866.4
Thu Sep 26 08:00:00 GMT+00:00 2013 Adding unprocessed symbols to watchlist: [CRR, GDOT, SRPT, FUL, PKG, HTH]
Fri Sep 27 08:00:00 GMT+00:00 2013 Adding unprocessed symbols to watchlist: [CERN, AMAT, AVG, CRR, GDOT, SRPT, FUL, PKG]
Mon Sep 30 08:00:00 GMT+00:00 2013 Selling due to underperformance: POWI 3.94% in 62
Mon Sep 30 08:00:00 GMT+00:00 2013 SELL POWI x191 for $10344.56 3.94%
Mon Sep 30 08:00:00 GMT+00:00 2013 BUY: 417 shares of AVG cost-basis=23.9 for $9982.98 CASH-BAL=-3518.82
Mon Sep 30 08:00:00 GMT+00:00 2013 Adding unprocessed symbols to watchlist: [CERN, AMAT, GDOT, SRPT, PKG, HTH]
Tue Oct 01 08:00:00 GMT+00:00 2013 AYI ATR Sell signal. atr=2.051142977922618; vol-rate: 292% ;cls-rng=94.01574803149592
Tue Oct 01 08:00:00 GMT+00:00 2013 BUY: 55 shares of LL cost-basis=98.8 for $5977.95 CASH-BAL=-9503.77
Tue Oct 01 08:00:00 GMT+00:00 2013 Adding unprocessed symbols to watchlist: [AMAT, GDOT, SRPT, KS, PKG, HTH]
Wed Oct 02 08:00:00 GMT+00:00 2013 Adding unprocessed symbols to watchlist: [AMAT, GDOT, SRPT]
Thu Oct 03 08:00:00 GMT+00:00 2013 Adding unprocessed symbols to watchlist: [AMAT, GDOT, VIP]
Fri Oct 04 08:00:00 GMT+00:00 2013 BUY: 119 shares of SFUN cost-basis=35.6 for $5992.84 CASH-BAL=-15503.61
Fri Oct 04 08:00:00 GMT+00:00 2013 BUY: 390 shares of GDOT cost-basis=25.6 for $9984.0 CASH-BAL=-25494.61
Fri Oct 04 08:00:00 GMT+00:00 2013 BUY: 805 shares of VIP cost-basis=12.4 for $9982.0 CASH-BAL=-35483.61
Fri Oct 04 08:00:00 GMT+00:00 2013 BUY: 568 shares of AMAT cost-basis=17.6 for $9979.76 CASH-BAL=-45470.37
Mon Oct 07 08:00:00 GMT+00:00 2013 Market-Uptrend-Sell 20EMA: (-2.07%)417 shares of AVG for -1.7
Mon Oct 07 08:00:00 GMT+00:00 2013 SELL AVG x417 for $9820.35 -1.7%
Mon Oct 07 08:00:00 GMT+00:00 2013 BUY: 226 shares of FUL cost-basis=44.0 for $9953.04 CASH-BAL=-45617.06
Tue Oct 08 08:00:00 GMT+00:00 2013 BUY: 187 shares of CERN cost-basis=53.2 for $9942.79 CASH-BAL=-55566.85
Wed Oct 09 08:00:00 GMT+00:00 2013 StopLoss-HardStop SELL: (-12.0%)390 shares of GDOT for -12.0
Wed Oct 09 08:00:00 GMT+00:00 2013 SELL GDOT x390 for $8794.5 -12.0%
Thu Oct 10 08:00:00 GMT+00:00 2013 BUY: 430 shares of LOCK cost-basis=12.8 for $5985.6 CASH-BAL=-52771.95
Fri Oct 11 08:00:00 GMT+00:00 2013 BUY: 309 shares of TTM cost-basis=32.3 for $9986.88 CASH-BAL=-62765.83
Wed Oct 16 08:00:00 GMT+00:00 2013 VIP ATR Sell signal. atr=0.24505847593034855; vol-rate: 125% ;cls-rng=56.41025641025627
Wed Oct 16 08:00:00 GMT+00:00 2013 BUY: 1199 shares of MTG cost-basis=8.33 for $9987.67 CASH-BAL=-72760.5
Thu Oct 17 08:00:00 GMT+00:00 2013 BUY: 277 shares of LOCK cost-basis=13.1 for $3980.49 CASH-BAL=-76747.99
Thu Oct 17 08:00:00 GMT+00:00 2013 BUY: 916 shares of STNG cost-basis=10.9 for $9984.4 CASH-BAL=-86739.39
Fri Oct 18 08:00:00 GMT+00:00 2013 BUY: 313 shares of VRTU cost-basis=31.9 for $9990.96 CASH-BAL=-96737.35
Fri Oct 18 08:00:00 GMT+00:00 2013 BUY: 399 shares of EGOV cost-basis=25.0 for $9971.01 CASH-BAL=-106715.36
Tue Oct 22 08:00:00 GMT+00:00 2013 VIP ATR Sell signal. atr=0.27452142680914177; vol-rate: 446% ;cls-rng=60.0
Tue Oct 22 08:00:00 GMT+00:00 2013 BUY: 515 shares of NOAH cost-basis=19.4 for $9975.55 CASH-BAL=-116697.91
Wed Oct 23 08:00:00 GMT+00:00 2013 StopLoss-SoftStop SELL: (-5.83%)309 shares of TTM for -5.83
Wed Oct 23 08:00:00 GMT+00:00 2013 SELL TTM x309 for $9412.14 -5.83%
Wed Oct 23 08:00:00 GMT+00:00 2013Market-Uptrend-Sell 50EDMA: (-3.5%)316 shares of TSLA for 161.0
Wed Oct 23 08:00:00 GMT+00:00 2013 SELL TSLA x316 for $51982.0 161.0%
Realized-Gain-Loss: 26931.6 adjusted-to-%: 20% max-amt-per-position is: 24000.0
Wed Oct 23 08:00:00 GMT+00:00 2013 BUY: 83 shares of CP cost-basis=143 for $11868.17 CASH-BAL=-67192.94
Fri Oct 25 08:00:00 GMT+00:00 2013 StopLoss-HardStop SELL: (-7.5%)515 shares of NOAH for -7.5
Fri Oct 25 08:00:00 GMT+00:00 2013 SELL NOAH x515 for $9233.95 -7.5%
Fri Oct 25 08:00:00 GMT+00:00 2013 BUY: 300 shares of NXPI cost-basis=39.9 for $11970.0 CASH-BAL=-69942.99
Fri Oct 25 08:00:00 GMT+00:00 2013 BUY: 256 shares of CHH cost-basis=46.8 for $11975.68 CASH-BAL=-81925.67
Mon Oct 28 08:00:00 GMT+00:00 2013 BUY: 367 shares of LOGM cost-basis=32.7 for $11982.55 CASH-BAL=-93915.22
Mon Oct 28 08:00:00 GMT+00:00 2013 BUY: 250 shares of AVY cost-basis=47.8 for $11960.0 CASH-BAL=-105882.22
Tue Oct 29 08:00:00 GMT+00:00 2013 BUY: 684 shares of BDBD cost-basis=17.5 for $11983.68 CASH-BAL=-117872.9
Tue Oct 29 08:00:00 GMT+00:00 2013 BUY: 362 shares of CGNX cost-basis=33.1 for $11967.72 CASH-BAL=-129847.62
Wed Oct 30 08:00:00 GMT+00:00 2013 LOCK ATR Sell signal. atr=0.4377186476144687; vol-rate: 357% ;cls-rng=45.77114427860697
Wed Oct 30 08:00:00 GMT+00:00 2013 BUY: 317 shares of AZPN cost-basis=37.8 for $11985.77 CASH-BAL=-141840.39
Wed Oct 30 08:00:00 GMT+00:00 2013 BUY: 281 shares of ACHC cost-basis=42.7 for $11990.27 CASH-BAL=-153837.66
Wed Oct 30 08:00:00 GMT+00:00 2013 BUY: 705 shares of GLW cost-basis=17.0 for $11985.0 CASH-BAL=-165829.66
Thu Oct 31 08:00:00 GMT+00:00 2013 StopLoss-SoftStop SELL: (-6.51%)684 shares of BDBD for -6.51
Thu Oct 31 08:00:00 GMT+00:00 2013 StopLoss-SoftStop SELL: (-5.53%)362 shares of CGNX for -5.53
Thu Oct 31 08:00:00 GMT+00:00 2013 SELL BDBD x684 for $11210.76 -6.51%
Thu Oct 31 08:00:00 GMT+00:00 2013 SELL CGNX x362 for $11312.5 -5.53%
Thu Oct 31 08:00:00 GMT+00:00 2013 BUY: 230 shares of KS cost-basis=52.0 for $11950.8 CASH-BAL=-155278.2
Thu Oct 31 08:00:00 GMT+00:00 2013 BUY: 86 shares of PRGO cost-basis=138 for $11858.54 CASH-BAL=-167143.74
Thu Oct 31 08:00:00 GMT+00:00 2013 BUY: 279 shares of MCHP cost-basis=43.0 for $11985.84 CASH-BAL=-179136.58
Thu Oct 31 08:00:00 GMT+00:00 2013 BUY: 230 shares of TCBI cost-basis=52.1 for $11971.5 CASH-BAL=-191115.08
Fri Nov 01 08:00:00 GMT+00:00 2013 StopLoss-SoftStop SELL: (-6.15%)399 shares of EGOV for -6.15
Fri Nov 01 08:00:00 GMT+00:00 2013 StopLoss-SoftStop SELL: (-6.28%)367 shares of LOGM for -6.28
Fri Nov 01 08:00:00 GMT+00:00 2013 SELL EGOV x399 for $9364.53 -6.15%
Fri Nov 01 08:00:00 GMT+00:00 2013 SELL LOGM x367 for $11237.54 -6.28%
Fri Nov 01 08:00:00 GMT+00:00 2013 BUY: 631 shares of GMED cost-basis=19.0 for $11976.38 CASH-BAL=-182510.39
Fri Nov 01 08:00:00 GMT+00:00 2013 BUY: 358 shares of TRMB cost-basis=33.4 for $11960.78 CASH-BAL=-194478.17
Fri Nov 01 08:00:00 GMT+00:00 2013 BUY: 177 shares of HBI cost-basis=67.6 for $11966.97 CASH-BAL=-206452.14
Fri Nov 01 08:00:00 GMT+00:00 2013 BUY: 460 shares of APOL cost-basis=26.1 for $11983.0 CASH-BAL=-218442.14
Tue Nov 05 08:00:00 GMT+00:00 2013 VRTU ATR Sell signal. atr=1.0101993136332739; vol-rate: 213% ;cls-rng=74.28034424770007
Tue Nov 05 08:00:00 GMT+00:00 2013 BUY: 249 shares of GNRC cost-basis=48.1 for $11976.9 CASH-BAL=-230426.04
Tue Nov 05 08:00:00 GMT+00:00 2013 BUY: 138 shares of NSC cost-basis=86.4 for $11927.34 CASH-BAL=-242360.38
Tue Nov 05 08:00:00 GMT+00:00 2013 BUY: 592 shares of ORIG cost-basis=20.3 for $11988.0 CASH-BAL=-254355.38
Wed Nov 06 08:00:00 GMT+00:00 2013Market-Uptrend-Sell 50EDMA: (-3.58%)539 shares of JCOM for 35.2
Wed Nov 06 08:00:00 GMT+00:00 2013 SELL JCOM x539 for $26923.05 35.2%
Realized-Gain-Loss: 30446.8 adjusted-to-%: 30% max-amt-per-position is: 26000.0
Wed Nov 06 08:00:00 GMT+00:00 2013 BUY: 540 shares of AEIS cost-basis=24.1 for $12989.7 CASH-BAL=-240436.03
Wed Nov 06 08:00:00 GMT+00:00 2013 BUY: 502 shares of ABMD cost-basis=25.8 for $12971.68 CASH-BAL=-253414.71
Wed Nov 06 08:00:00 GMT+00:00 2013 BUY: 408 shares of DWA cost-basis=31.8 for $12978.48 CASH-BAL=-266400.19
Thu Nov 07 08:00:00 GMT+00:00 2013 StopLoss-HardStop SELL: (-8.95%)1199 shares of MTG for -8.95
Thu Nov 07 08:00:00 GMT+00:00 2013 StopLoss-HardStop SELL: (-7.2%)230 shares of KS for -7.2
Thu Nov 07 08:00:00 GMT+00:00 2013 SELL MTG x1199 for $9100.41 -8.95%
Thu Nov 07 08:00:00 GMT+00:00 2013 SELL KS x230 for $11097.5 -7.2%
Thu Nov 07 08:00:00 GMT+00:00 2013 Market-CautiousUp-Sell -3%: (-6.43%)358 shares of TRMB for -6.43
Thu Nov 07 08:00:00 GMT+00:00 2013 Market-CautiousUp-Sell -3%: (-3.93%)256 shares of CHH for -3.93
Thu Nov 07 08:00:00 GMT+00:00 2013 Market-CautiousUp-Sell -3%: (-3.55%)250 shares of AVY for -3.55
Thu Nov 07 08:00:00 GMT+00:00 2013 Market-CautiousUp-Sell -3%: (-4.12%)705 shares of GLW for -4.12
Thu Nov 07 08:00:00 GMT+00:00 2013 Market-CautiousUp-Sell -3%: (-3.86%)460 shares of APOL for -3.86
Thu Nov 07 08:00:00 GMT+00:00 2013 SELL TRMB x358 for $11198.24 -6.43%
Thu Nov 07 08:00:00 GMT+00:00 2013 SELL CHH x256 for $11512.32 -3.93%
Thu Nov 07 08:00:00 GMT+00:00 2013 SELL AVY x250 for $11542.5 -3.55%
Thu Nov 07 08:00:00 GMT+00:00 2013 SELL GLW x705 for $11498.55 -4.12%
Thu Nov 07 08:00:00 GMT+00:00 2013 SELL APOL x460 for $11527.6 -3.86%
Realized-Gain-Loss: 26142.44 adjusted-to-%: 20% max-amt-per-position is: 24000.0
Thu Nov 07 08:00:00 GMT+00:00 2013 BUY: 363 shares of VOYA cost-basis=33.0 for $11960.85 CASH-BAL=-200939.92
Thu Nov 07 08:00:00 GMT+00:00 2013 BUY: 394 shares of PTC cost-basis=30.4 for $11989.42 CASH-BAL=-212936.34
Fri Nov 08 08:00:00 GMT+00:00 2013 BUY: 42 shares of LL cost-basis=102 for $4759.86 CASH-BAL=-217703.2
Fri Nov 08 08:00:00 GMT+00:00 2013 BUY: 350 shares of CLGX cost-basis=34.3 for $11991.0 CASH-BAL=-229701.2
Fri Nov 08 08:00:00 GMT+00:00 2013 BUY: 175 shares of TREX cost-basis=68.5 for $11989.25 CASH-BAL=-241697.45
Fri Nov 08 08:00:00 GMT+00:00 2013 BUY: 582 shares of FDML cost-basis=20.6 for $11989.2 CASH-BAL=-253693.65
Tue Nov 12 08:00:00 GMT+00:00 2013 BUY: 147 shares of FUL cost-basis=45.9 for $7166.25 CASH-BAL=-260866.9
Thu Nov 14 08:00:00 GMT+00:00 2013 StopLoss-SoftStop SELL: (-5.31%)540 shares of AEIS for -5.31
Thu Nov 14 08:00:00 GMT+00:00 2013 SELL AEIS x540 for $12306.6 -5.31%
Thu Nov 14 08:00:00 GMT+00:00 2013 Market-Uptrend-Sell 20EMA: (-6.37%)805 shares of VIP for 0.494
Thu Nov 14 08:00:00 GMT+00:00 2013 SELL VIP x805 for $10038.35 0.494%
Fri Nov 15 08:00:00 GMT+00:00 2013 BUY: 218 shares of A cost-basis=54.9 for $11974.74 CASH-BAL=-250517.69
Mon Nov 18 08:00:00 GMT+00:00 2013 Market-Uptrend-Sell 20EMA: (-3.75%)568 shares of AMAT for -3.66
Mon Nov 18 08:00:00 GMT+00:00 2013 SELL AMAT x568 for $9621.92 -3.66%
Tue Nov 19 08:00:00 GMT+00:00 2013 StopLoss-HardStop SELL: (-7.24%)582 shares of FDML for -7.24
Tue Nov 19 08:00:00 GMT+00:00 2013 SELL FDML x582 for $11127.84 -7.24%
Fri Nov 22 08:00:00 GMT+00:00 2013 StopLoss-ScaledSoftStop SELL: ($104.04)203 @$101.81 shares of LL for -0.104
Fri Nov 22 08:00:00 GMT+00:00 2013 SELL LL x203 for $20667.43 -0.104%
Mon Nov 25 08:00:00 GMT+00:00 2013 BUY: 445 shares of BLMN cost-basis=26.9 for $11974.95 CASH-BAL=-221103.45
Tue Nov 26 08:00:00 GMT+00:00 2013 BUY: 73 shares of SFUN cost-basis=39.8 for $4790.26 CASH-BAL=-225900.71
Mon Dec 02 08:00:00 GMT+00:00 2013 StopLoss-SoftStop SELL: (-5.82%)445 shares of BLMN for -5.82
Mon Dec 02 08:00:00 GMT+00:00 2013 SELL BLMN x445 for $11285.2 -5.82%
Wed Dec 04 08:00:00 GMT+00:00 2013 BUY: 95 shares of FUL cost-basis=46.8 for $4765.2 CASH-BAL=-219394.71
Fri Dec 06 08:00:00 GMT+00:00 2013 BUY: 125 shares of CERN cost-basis=54.9 for $7177.5 CASH-BAL=-226579.21
Tue Dec 10 08:00:00 GMT+00:00 2013 Market-Uptrend-Sell 20EMA: (-2.92%)592 shares of ORIG for -3.02
Tue Dec 10 08:00:00 GMT+00:00 2013 Market-Uptrend-Sell 20EMA: (-3.38%)916 shares of STNG for 0.113
Tue Dec 10 08:00:00 GMT+00:00 2013 SELL ORIG x592 for $11632.8 -3.02%
Tue Dec 10 08:00:00 GMT+00:00 2013 SELL STNG x916 for $10002.72 0.113%
Tue Dec 10 08:00:00 GMT+00:00 2013 BUY: 230 shares of TWTR cost-basis=52.0 for $11957.7 CASH-BAL=-216922.39
Wed Dec 11 08:00:00 GMT+00:00 2013 StopLoss-ScaledSoftStop SELL: ($55.449)312 @$54.6 shares of CERN for -0.579
Wed Dec 11 08:00:00 GMT+00:00 2013 SELL CERN x312 for $17035.2 -0.579%
Thu Dec 12 08:00:00 GMT+00:00 2013 Market-Uptrend-Sell 20EMA: (-2.28%)177 shares of HBI for -0.665
Thu Dec 12 08:00:00 GMT+00:00 2013 SELL HBI x177 for $11894.4 -0.665%
Thu Dec 12 08:00:00 GMT+00:00 2013 BUY: 46 shares of PRGO cost-basis=143 for $7069.28 CASH-BAL=-195083.07
Fri Dec 13 08:00:00 GMT+00:00 2013 Market-Uptrend-Sell 20EMA: (-2.56%)279 shares of MCHP for -3.39
Fri Dec 13 08:00:00 GMT+00:00 2013 SELL MCHP x279 for $11586.87 -3.39%
Mon Dec 16 08:00:00 GMT+00:00 2013 BUY: 167 shares of NXPI cost-basis=41.0 for $7154.28 CASH-BAL=-190664.48
Tue Dec 17 08:00:00 GMT+00:00 2013Market-Uptrend-Sell 50EDMA: (-4.27%)1522 shares of LOCK for 15.4
Tue Dec 17 08:00:00 GMT+00:00 2013 SELL LOCK x1522 for $23043.08 15.4%
Fri Dec 20 08:00:00 GMT+00:00 2013 BUY: 159 shares of CONN cost-basis=75.0 for $11925.0 CASH-BAL=-179560.4
Mon Dec 30 08:00:00 GMT+00:00 2013 BUY: 171 shares of AZPN cost-basis=39.3 for $7168.32 CASH-BAL=-186735.72
Mon Dec 30 08:00:00 GMT+00:00 2013 BUY: 150 shares of ACHC cost-basis=44.4 for $7164.0 CASH-BAL=-193906.72
Tue Dec 31 08:00:00 GMT+00:00 2013 BUY: 419 shares of HTZ cost-basis=28.6 for $11991.78 CASH-BAL=-205905.5
Tue Dec 31 08:00:00 GMT+00:00 2013 BUY: 388 shares of QDEL cost-basis=30.9 for $11985.32 CASH-BAL=-217897.82
Fri Jan 03 08:00:00 GMT+00:00 2014 BUY: 206 shares of YY cost-basis=58.0 for $11952.12 CASH-BAL=-229856.94
Fri Jan 03 08:00:00 GMT+00:00 2014 BUY: 884 shares of SGMO cost-basis=13.6 for $11987.04 CASH-BAL=-241850.98
Mon Jan 06 08:00:00 GMT+00:00 2014 BUY: 192 shares of VRTU cost-basis=34.0 for $7182.72 CASH-BAL=-249040.7
Tue Jan 07 08:00:00 GMT+00:00 2014 SFUN ATR Sell signal. atr=3.531888861945927; vol-rate: 78.4% ;cls-rng=84.85742379547696
Tue Jan 07 08:00:00 GMT+00:00 2014 YY ATR Sell signal. atr=2.3898629633445547; vol-rate: 109% ;cls-rng=84.7524752475247
Tue Jan 07 08:00:00 GMT+00:00 2014 BUY: 117 shares of TCBI cost-basis=55.2 for $7167.42 CASH-BAL=-256215.12
Wed Jan 08 08:00:00 GMT+00:00 2014Market-Uptrend-Sell 50EDMA: (-2.22%)83 shares of CP for 2.16
Wed Jan 08 08:00:00 GMT+00:00 2014 SELL CP x83 for $12131.28 2.16%
Wed Jan 08 08:00:00 GMT+00:00 2014 BUY: 206 shares of DWA cost-basis=32.9 for $7191.46 CASH-BAL=-251289.3
Wed Jan 08 08:00:00 GMT+00:00 2014 BUY: 99 shares of TREX cost-basis=69.9 for $7174.53 CASH-BAL=-258470.83
Wed Jan 08 08:00:00 GMT+00:00 2014 BUY: 163 shares of SNDK cost-basis=73.5 for $11972.35 CASH-BAL=-270450.18
Thu Jan 09 08:00:00 GMT+00:00 2014 StopLoss-ScaledSoftStop SELL: ($34.34)505 @$34.12 shares of VRTU for 0.25
Thu Jan 09 08:00:00 GMT+00:00 2014 SELL VRTU x505 for $17230.6 0.25%
Thu Jan 09 08:00:00 GMT+00:00 2014 AYI ATR Sell signal. atr=2.1148342497484784; vol-rate: 555% ;cls-rng=25.517241379310324
Thu Jan 09 08:00:00 GMT+00:00 2014 SGMO ATR Sell signal. atr=0.5981799793993601; vol-rate: 990% ;cls-rng=92.98368707244337
Thu Jan 09 08:00:00 GMT+00:00 2014 Market-Uptrend-Sell 20EMA: (-2.94%)159 shares of CONN for -3.74
Thu Jan 09 08:00:00 GMT+00:00 2014 SELL CONN x159 for $11486.16 -3.74%
Thu Jan 09 08:00:00 GMT+00:00 2014 BUY: 214 shares of M cost-basis=55.8 for $11941.2 CASH-BAL=-253695.62
Fri Jan 10 08:00:00 GMT+00:00 2014 AYI ATR Sell signal. atr=3.851631803254175; vol-rate: 309% ;cls-rng=80.38067349926789
Fri Jan 10 08:00:00 GMT+00:00 2014 ACHC ATR Sell signal. atr=1.2579605885028367; vol-rate: 146% ;cls-rng=86.64945547345617
Fri Jan 10 08:00:00 GMT+00:00 2014 BUY: 583 shares of FDML cost-basis=20.6 for $11992.31 CASH-BAL=-265694.93
Fri Jan 10 08:00:00 GMT+00:00 2014 BUY: 394 shares of APOL cost-basis=30.4 for $11985.48 CASH-BAL=-277687.41
Mon Jan 13 08:00:00 GMT+00:00 2014 StopLoss-SoftStop SELL: (-5.19%)419 shares of HTZ for -5.19
Mon Jan 13 08:00:00 GMT+00:00 2014 StopLoss-SoftStop SELL: (-5.16%)583 shares of FDML for -5.16
Mon Jan 13 08:00:00 GMT+00:00 2014 SELL HTZ x419 for $11375.85 -5.19%
Mon Jan 13 08:00:00 GMT+00:00 2014 SELL FDML x583 for $11380.16 -5.16%
Mon Jan 13 08:00:00 GMT+00:00 2014 BUY: 494 shares of HTH cost-basis=24.3 for $11979.5 CASH-BAL=-266931.9
Tue Jan 14 08:00:00 GMT+00:00 2014 BUY: 108 shares of NXPI cost-basis=41.5 for $4764.96 CASH-BAL=-271703.86
Tue Jan 14 08:00:00 GMT+00:00 2014 BUY: 204 shares of PTC cost-basis=32.0 for $7172.64 CASH-BAL=-278883.5
Wed Jan 15 08:00:00 GMT+00:00 2014 GMED ATR Sell signal. atr=0.4004956108494522; vol-rate: 387% ;cls-rng=90.76923076923082
Wed Jan 15 08:00:00 GMT+00:00 2014 BUY: 130 shares of GNRC cost-basis=50.5 for $7181.2 CASH-BAL=-286071.7
Wed Jan 15 08:00:00 GMT+00:00 2014 BUY: 197 shares of VOYA cost-basis=34.1 for $7162.92 CASH-BAL=-293241.62
Wed Jan 15 08:00:00 GMT+00:00 2014 BUY: 387 shares of CRAY cost-basis=30.9 for $11962.17 CASH-BAL=-305210.79
Thu Jan 16 08:00:00 GMT+00:00 2014 StopLoss-ScaledSoftStop SELL: ($51.005)379 @$50.89 shares of GNRC for 0.601
Thu Jan 16 08:00:00 GMT+00:00 2014 SELL GNRC x379 for $19287.31 0.601%
Fri Jan 17 08:00:00 GMT+00:00 2014 StopLoss-ScaledSoftStop SELL: ($70.599)274 @$69.99 shares of TREX for -0.00271
Fri Jan 17 08:00:00 GMT+00:00 2014 SELL TREX x274 for $19177.26 -0.00271%
Tue Jan 21 08:00:00 GMT+00:00 2014Market-Uptrend-Sell 50EDMA: (-2.07%)468 shares of FUL for 5.61
Tue Jan 21 08:00:00 GMT+00:00 2014 SELL FUL x468 for $23133.24 5.61%
Tue Jan 21 08:00:00 GMT+00:00 2014 BUY: 610 shares of NVDQ cost-basis=19.7 for $11992.6 CASH-BAL=-255633.58
Wed Jan 22 08:00:00 GMT+00:00 2014 NSC ATR Sell signal. atr=1.5581393144430284; vol-rate: 271% ;cls-rng=47.39749927304445
Wed Jan 22 08:00:00 GMT+00:00 2014 BUY: 241 shares of EAT cost-basis=49.7 for $11982.52 CASH-BAL=-267623.1
Thu Jan 23 08:00:00 GMT+00:00 2014 Market-Uptrend-Sell 20EMA: (-3.2%)350 shares of CLGX for -1.63
Thu Jan 23 08:00:00 GMT+00:00 2014 Market-Uptrend-Sell 20EMA: (-3.39%)560 shares of VOYA for 0.806
Thu Jan 23 08:00:00 GMT+00:00 2014 SELL CLGX x350 for $11802.0 -1.63%
Thu Jan 23 08:00:00 GMT+00:00 2014 SELL VOYA x560 for $19292.0 0.806%
Thu Jan 23 08:00:00 GMT+00:00 2014 BUY: 101 shares of HUBB cost-basis=118 for $11922.04 CASH-BAL=-248472.14
Fri Jan 24 08:00:00 GMT+00:00 2014 StopLoss-ScaledSoftStop SELL: ($33.229)614 @$32.81 shares of DWA for -0.191
Fri Jan 24 08:00:00 GMT+00:00 2014 StopLoss-SoftStop SELL: (-5.46%)163 shares of SNDK for -5.46
Fri Jan 24 08:00:00 GMT+00:00 2014 SELL DWA x614 for $20145.34 -0.191%
Fri Jan 24 08:00:00 GMT+00:00 2014 SELL SNDK x163 for $11325.24 -5.46%
Fri Jan 24 08:00:00 GMT+00:00 2014 Market-CautiousUp-Sell -3%: (-4.23%)610 shares of NVDQ for -4.23
Fri Jan 24 08:00:00 GMT+00:00 2014 Market-CautiousUp-Sell 50EMA: (-4.37%)502 shares of ABMD for 2.19
Fri Jan 24 08:00:00 GMT+00:00 2014 SELL NVDQ x610 for $11492.4 -4.23%
Fri Jan 24 08:00:00 GMT+00:00 2014 SELL ABMD x502 for $13262.84 2.19%
Mon Jan 27 08:00:00 GMT+00:00 2014 StopLoss-SoftStop SELL: (-5.56%)387 shares of CRAY for -5.56
Mon Jan 27 08:00:00 GMT+00:00 2014 SELL CRAY x387 for $11304.27 -5.56%
Mon Jan 27 08:00:00 GMT+00:00 2014 Market-CautiousUp-Sell -3%: (-4.09%)101 shares of HUBB for -4.09
Mon Jan 27 08:00:00 GMT+00:00 2014 Market-CautiousUp-Sell 20EMA: (-7.28%)206 shares of YY for -1.83
Mon Jan 27 08:00:00 GMT+00:00 2014 SELL HUBB x101 for $11441.28 -4.09%
Mon Jan 27 08:00:00 GMT+00:00 2014 SELL YY x206 for $11739.94 -1.83%
Wed Jan 29 08:00:00 GMT+00:00 2014 Market-Downtrend-Sell 20EMA: (-1.73%)214 shares of M for -4.38
Wed Jan 29 08:00:00 GMT+00:00 2014Market-Downtrend-Sell -3%: (-3.42%)241 shares of EAT for -3.42
Wed Jan 29 08:00:00 GMT+00:00 2014 SELL M x214 for $11425.46 -4.38%
Wed Jan 29 08:00:00 GMT+00:00 2014 SELL EAT x241 for $11580.05 -3.42%
Fri Jan 31 08:00:00 GMT+00:00 2014 AZPN ATR Sell signal. atr=0.9584735670084001; vol-rate: 195% ;cls-rng=84.93150684931511
Fri Jan 31 08:00:00 GMT+00:00 2014 Market-Downtrend-Sell 20EMA: (-2.31%)388 shares of QDEL for -4.36
Fri Jan 31 08:00:00 GMT+00:00 2014 SELL QDEL x388 for $11469.28 -4.36%
Mon Feb 03 08:00:00 GMT+00:00 2014 Market-Downtrend-Sell 20EMA: (-3.18%)494 shares of HTH for -4.43
Mon Feb 03 08:00:00 GMT+00:00 2014Market-Downtrend-Sell 50EDMA: (-1.05%)218 shares of A for 2.16
Mon Feb 03 08:00:00 GMT+00:00 2014Market-Downtrend-Sell 50EDMA: (-3.63%)347 shares of TCBI for 3.33
Mon Feb 03 08:00:00 GMT+00:00 2014Market-Downtrend-Sell 50EDMA: (-1.77%)132 shares of PRGO for 5.98
Mon Feb 03 08:00:00 GMT+00:00 2014 SELL HTH x494 for $11455.86 -4.43%
Mon Feb 03 08:00:00 GMT+00:00 2014 SELL A x218 for $12240.7 2.16%
Mon Feb 03 08:00:00 GMT+00:00 2014 SELL TCBI x347 for $19789.41 3.33%
Mon Feb 03 08:00:00 GMT+00:00 2014 SELL PRGO x132 for $20073.24 5.98%
Tue Feb 04 08:00:00 GMT+00:00 2014 BUY: 78 shares of NSC cost-basis=88.4 for $7159.62 CASH-BAL=-66991.45
Tue Feb 04 08:00:00 GMT+00:00 2014 BUY: 674 shares of VGR cost-basis=17.8 for $11983.72 CASH-BAL=-78982.17
Wed Feb 05 08:00:00 GMT+00:00 2014Market-Downtrend-Sell 50EDMA: (-1.11%)431 shares of ACHC for 8.2
Wed Feb 05 08:00:00 GMT+00:00 2014Market-Downtrend-Sell 50EDMA: (-8.66%)521 shares of SFUN for 81.3
Wed Feb 05 08:00:00 GMT+00:00 2014 SELL ACHC x431 for $20739.72 8.2%
Wed Feb 05 08:00:00 GMT+00:00 2014 SELL SFUN x521 for $37647.46 81.3%
Realized-Gain-Loss: 42071.04 adjusted-to-%: 40% max-amt-per-position is: 28000.0
Thu Feb 06 08:00:00 GMT+00:00 2014 Market-Downtrend-Sell 20EMA: (-18.1%)230 shares of TWTR for -3.83
Thu Feb 06 08:00:00 GMT+00:00 2014 SELL TWTR x230 for $11506.9 -3.83%
Thu Feb 06 08:00:00 GMT+00:00 2014 Adding unprocessed symbols to watchlist: [GMT]
Fri Feb 07 08:00:00 GMT+00:00 2014 Adding unprocessed symbols to watchlist: [LVNTA, GMT]
Mon Feb 10 08:00:00 GMT+00:00 2014 Adding unprocessed symbols to watchlist: [SALE, LVNTA]
Tue Feb 11 08:00:00 GMT+00:00 2014 Adding unprocessed symbols to watchlist: [SALE, SCOR, LVNTA, REGN]
Wed Feb 12 08:00:00 GMT+00:00 2014 Adding unprocessed symbols to watchlist: [IDTI, SCOR, SN, REGN]
Thu Feb 13 08:00:00 GMT+00:00 2014 BUY: 355 shares of GMED cost-basis=20.7 for $8392.2 CASH-BAL=-17508.29
Thu Feb 13 08:00:00 GMT+00:00 2014 BUY: 438 shares of SN cost-basis=31.9 for $13963.44 CASH-BAL=-31478.73
Thu Feb 13 08:00:00 GMT+00:00 2014 BUY: 42 shares of REGN cost-basis=327 for $13733.16 CASH-BAL=-45218.89
Thu Feb 13 08:00:00 GMT+00:00 2014 BUY: 448 shares of SCOR cost-basis=31.2 for $13968.64 CASH-BAL=-59194.53
Thu Feb 13 08:00:00 GMT+00:00 2014 BUY: 391 shares of SKX cost-basis=35.8 for $13982.16 CASH-BAL=-73183.69
Thu Feb 13 08:00:00 GMT+00:00 2014 BUY: 1190 shares of IDTI cost-basis=11.8 for $13982.5 CASH-BAL=-87173.19
Fri Feb 14 08:00:00 GMT+00:00 2014 BUY: 246 shares of UFPI cost-basis=56.8 for $13972.8 CASH-BAL=-101152.99
Tue Feb 18 08:00:00 GMT+00:00 2014 StopLoss-SoftStop SELL: (-6.76%)438 shares of SN for -6.76
Tue Feb 18 08:00:00 GMT+00:00 2014 SELL SN x438 for $13026.12 -6.76%
Wed Feb 19 08:00:00 GMT+00:00 2014 BUY: 173 shares of FLS cost-basis=80.6 for $13943.8 CASH-BAL=-102084.67
Wed Feb 19 08:00:00 GMT+00:00 2014 BUY: 270 shares of GRMN cost-basis=51.7 for $13953.6 CASH-BAL=-116045.27
Fri Feb 21 08:00:00 GMT+00:00 2014 StopLoss-SoftStop SELL: (-6.19%)246 shares of UFPI for -6.19
Fri Feb 21 08:00:00 GMT+00:00 2014 SELL UFPI x246 for $13114.26 -6.19%
Fri Feb 21 08:00:00 GMT+00:00 2014 BUY: 449 shares of STRZA cost-basis=31.2 for $13986.35 CASH-BAL=-116931.36
Mon Feb 24 08:00:00 GMT+00:00 2014 BUY: 493 shares of LEAF cost-basis=28.4 for $13981.48 CASH-BAL=-130919.84
Tue Feb 25 08:00:00 GMT+00:00 2014 BUY: 397 shares of KATE cost-basis=35.2 for $13990.28 CASH-BAL=-144917.12
Tue Feb 25 08:00:00 GMT+00:00 2014 BUY: 126 shares of HUM cost-basis=110 for $13921.74 CASH-BAL=-158845.86
Wed Feb 26 08:00:00 GMT+00:00 2014 BUY: 223 shares of HEI cost-basis=62.7 for $13982.1 CASH-BAL=-172834.96
Thu Feb 27 08:00:00 GMT+00:00 2014 BUY: 434 shares of SGMO cost-basis=15.5 for $8384.88 CASH-BAL=-181226.84
Thu Feb 27 08:00:00 GMT+00:00 2014 BUY: 388 shares of CRAY cost-basis=36.1 for $13991.28 CASH-BAL=-195225.12
Fri Feb 28 08:00:00 GMT+00:00 2014 StopLoss-SoftStop SELL: (-5.73%)391 shares of SKX for -5.73
Fri Feb 28 08:00:00 GMT+00:00 2014 SELL SKX x391 for $13188.43 -5.73%
Realized-Gain-Loss: 38965.34 adjusted-to-%: 30% max-amt-per-position is: 26000.0
Tue Mar 04 08:00:00 GMT+00:00 2014 BUY: 330 shares of NUVA cost-basis=39.3 for $12965.7 CASH-BAL=-195016.39
Thu Mar 06 08:00:00 GMT+00:00 2014 StopLoss-SoftStop SELL: (-5.14%)330 shares of NUVA for -5.14
Thu Mar 06 08:00:00 GMT+00:00 2014 SELL NUVA x330 for $12305.7 -5.14%
Thu Mar 06 08:00:00 GMT+00:00 2014 SGMO ATR Sell signal. atr=1.049686774892873; vol-rate: 745% ;cls-rng=50.84745762711863
Thu Mar 06 08:00:00 GMT+00:00 2014 BUY: 373 shares of WOOF cost-basis=34.8 for $12987.86 CASH-BAL=-195712.55
Fri Mar 07 08:00:00 GMT+00:00 2014 BUY: 229 shares of RARE cost-basis=56.6 for $12967.125 CASH-BAL=-208686.675
Fri Mar 07 08:00:00 GMT+00:00 2014 BUY: 285 shares of AGIO cost-basis=45.5 for $12953.25 CASH-BAL=-221646.925
Mon Mar 10 08:00:00 GMT+00:00 2014 BUY: 228 shares of ZU cost-basis=56.9 for $12968.64 CASH-BAL=-234622.565
Mon Mar 10 08:00:00 GMT+00:00 2014 BUY: 340 shares of CUDA cost-basis=38.1 for $12967.6 CASH-BAL=-247597.165
Mon Mar 10 08:00:00 GMT+00:00 2014 BUY: 759 shares of TSL cost-basis=17.1 for $12978.9 CASH-BAL=-260583.065
Mon Mar 10 08:00:00 GMT+00:00 2014 BUY: 838 shares of HIMX cost-basis=15.5 for $12989.0 CASH-BAL=-273579.065
Tue Mar 11 08:00:00 GMT+00:00 2014 StopLoss-SoftStop SELL: (-5.53%)285 shares of AGIO for -5.53
Tue Mar 11 08:00:00 GMT+00:00 2014 StopLoss-SoftStop SELL: (-5.06%)340 shares of CUDA for -5.06
Tue Mar 11 08:00:00 GMT+00:00 2014 StopLoss-SoftStop SELL: (-5.2%)759 shares of TSL for -5.2
Tue Mar 11 08:00:00 GMT+00:00 2014 SELL AGIO x285 for $12243.6 -5.53%
Tue Mar 11 08:00:00 GMT+00:00 2014 SELL CUDA x340 for $12318.2 -5.06%
Tue Mar 11 08:00:00 GMT+00:00 2014 SELL TSL x759 for $12310.98 -5.2%
Tue Mar 11 08:00:00 GMT+00:00 2014 BUY: 259 shares of EMES cost-basis=50.1 for $12975.9 CASH-BAL=-249710.185
Wed Mar 12 08:00:00 GMT+00:00 2014 StopLoss-HardStop SELL: (-7.84%)493 shares of LEAF for -7.84
Wed Mar 12 08:00:00 GMT+00:00 2014 SELL LEAF x493 for $12891.95 -7.84%
Wed Mar 12 08:00:00 GMT+00:00 2014 BUY: 331 shares of ICFI cost-basis=39.3 for $12991.75 CASH-BAL=-249823.985
Thu Mar 13 08:00:00 GMT+00:00 2014 StopLoss-SoftStop SELL: (-6.08%)173 shares of FLS for -6.08
Thu Mar 13 08:00:00 GMT+00:00 2014 SELL FLS x173 for $13103.02 -6.08%
Fri Mar 14 08:00:00 GMT+00:00 2014 EMES ATR Sell signal. atr=1.164000340953642; vol-rate: 281% ;cls-rng=71.44530334973058
Fri Mar 14 08:00:00 GMT+00:00 2014 Market-CautiousUp-Sell -3%: (-5.28%)838 shares of HIMX for -5.28
Fri Mar 14 08:00:00 GMT+00:00 2014 SELL HIMX x838 for $12310.22 -5.28%
Fri Mar 14 08:00:00 GMT+00:00 2014 BUY: 276 shares of MFRM cost-basis=47.0 for $12969.24 CASH-BAL=-237400.985
Fri Mar 14 08:00:00 GMT+00:00 2014 BUY: 201 shares of WSM cost-basis=64.5 for $12966.51 CASH-BAL=-250374.495
Tue Mar 18 08:00:00 GMT+00:00 2014 BUY: 110 shares of AZPN cost-basis=40.7 for $5181.0 CASH-BAL=-255562.495
Tue Mar 18 08:00:00 GMT+00:00 2014 BUY: 237 shares of APOL cost-basis=31.3 for $7761.75 CASH-BAL=-263331.245
Thu Mar 20 08:00:00 GMT+00:00 2014 SCOR ATR Sell signal. atr=0.840361140408221; vol-rate: 69.8% ;cls-rng=91.81286549707599
Fri Mar 21 08:00:00 GMT+00:00 2014 StopLoss-SoftStop SELL: (-5.0%)42 shares of REGN for -5.0
Fri Mar 21 08:00:00 GMT+00:00 2014 StopLoss-SoftStop SELL: (-5.4%)373 shares of WOOF for -5.4
Fri Mar 21 08:00:00 GMT+00:00 2014 SELL REGN x42 for $13053.18 -5.0%
Fri Mar 21 08:00:00 GMT+00:00 2014 SELL WOOF x373 for $12294.08 -5.4%
Fri Mar 21 08:00:00 GMT+00:00 2014 Market-Uptrend-Sell 20EMA: (-2.92%)229 shares of RARE for -2.84
Fri Mar 21 08:00:00 GMT+00:00 2014 SELL RARE x229 for $12606.45 -2.84%
Mon Mar 24 08:00:00 GMT+00:00 2014 Market-Uptrend-Sell 20EMA: (-5.18%)228 shares of ZU for -3.52
Mon Mar 24 08:00:00 GMT+00:00 2014Market-Uptrend-Sell 50EDMA: (-2.48%)598 shares of AZPN for 7.52
Mon Mar 24 08:00:00 GMT+00:00 2014Market-Uptrend-Sell 50EDMA: (-2.47%)598 shares of PTC for 12.9
Mon Mar 24 08:00:00 GMT+00:00 2014 SELL ZU x228 for $12519.48 -3.52%
Mon Mar 24 08:00:00 GMT+00:00 2014 SELL AZPN x598 for $26186.42 7.52%
Mon Mar 24 08:00:00 GMT+00:00 2014 SELL PTC x598 for $21653.58 12.9%
Tue Mar 25 08:00:00 GMT+00:00 2014Market-Uptrend-Sell 50EDMA: (-5.95%)1318 shares of SGMO for 21.6
Tue Mar 25 08:00:00 GMT+00:00 2014 SELL SGMO x1318 for $24778.4 21.6%
Realized-Gain-Loss: 40232.94 adjusted-to-%: 40% max-amt-per-position is: 28000.0
Tue Mar 25 08:00:00 GMT+00:00 2014 BUY: 216 shares of GMED cost-basis=21.6 for $5585.76 CASH-BAL=-145881.415
Tue Mar 25 08:00:00 GMT+00:00 2014 BUY: 395 shares of VGR cost-basis=19.1 for $8385.85 CASH-BAL=-154274.265
Wed Mar 26 08:00:00 GMT+00:00 2014 StopLoss-SoftStop SELL: (-6.37%)223 shares of HEI for -6.37
Wed Mar 26 08:00:00 GMT+00:00 2014 SELL HEI x223 for $13099.02 -6.37%
Wed Mar 26 08:00:00 GMT+00:00 2014 Market-Downtrend-Sell 20EMA: (-4.15%)388 shares of CRAY for 0.172
Wed Mar 26 08:00:00 GMT+00:00 2014 SELL CRAY x388 for $14022.32 0.172%
Realized-Gain-Loss: 39340.94 adjusted-to-%: 30% max-amt-per-position is: 26000.0
Wed Mar 26 08:00:00 GMT+00:00 2014 BUY: 189 shares of FSLR cost-basis=68.5 for $12944.61 CASH-BAL=-140118.535
Wed Mar 26 08:00:00 GMT+00:00 2014 BUY: 652 shares of FF cost-basis=19.9 for $12974.8 CASH-BAL=-153100.335
Thu Mar 27 08:00:00 GMT+00:00 2014 Market-Downtrend-Sell 20EMA: (-3.19%)1190 shares of IDTI for 0.801
Thu Mar 27 08:00:00 GMT+00:00 2014Market-Downtrend-Sell 50EDMA: (-1.89%)631 shares of APOL for 3.46
Thu Mar 27 08:00:00 GMT+00:00 2014Market-Downtrend-Sell 50EDMA: (-4.94%)234 shares of AYI for 50.8
Thu Mar 27 08:00:00 GMT+00:00 2014 SELL IDTI x1190 for $14101.5 0.801%
Thu Mar 27 08:00:00 GMT+00:00 2014 SELL APOL x631 for $20444.4 3.46%
Thu Mar 27 08:00:00 GMT+00:00 2014 SELL AYI x234 for $29987.1 50.8%
Realized-Gain-Loss: 50239.44 adjusted-to-%: 50% max-amt-per-position is: 30000.0
Fri Mar 28 08:00:00 GMT+00:00 2014 BUY: 62 shares of NSC cost-basis=90.1 for $5973.7 CASH-BAL=-94569.035
Mon Mar 31 08:00:00 GMT+00:00 2014 EMES ATR Sell signal. atr=1.4493552704239698; vol-rate: 96.4% ;cls-rng=88.45208845208847
Wed Apr 02 08:00:00 GMT+00:00 2014 EMES ATR Sell signal. atr=1.8286277586818922; vol-rate: 183% ;cls-rng=90.5389685924777
Thu Apr 03 08:00:00 GMT+00:00 2014 BUY: 244 shares of BCPC cost-basis=61.3 for $14949.88 CASH-BAL=-109525.915
Thu Apr 03 08:00:00 GMT+00:00 2014 BUY: 151 shares of APC cost-basis=99.0 for $14952.02 CASH-BAL=-124484.935
Fri Apr 04 08:00:00 GMT+00:00 2014 EMES ATR Sell signal. atr=2.423122914373672; vol-rate: 302% ;cls-rng=98.35466179159043
Fri Apr 04 08:00:00 GMT+00:00 2014 Market-Downtrend-Sell 20EMA: (-5.77%)397 shares of KATE for -1.44
Fri Apr 04 08:00:00 GMT+00:00 2014 Market-Downtrend-Sell 20EMA: (-1.82%)448 shares of SCOR for 1.33
Fri Apr 04 08:00:00 GMT+00:00 2014 SELL KATE x397 for $13795.75 -1.44%
Fri Apr 04 08:00:00 GMT+00:00 2014 SELL SCOR x448 for $14161.28 1.33%
Mon Apr 07 08:00:00 GMT+00:00 2014 StopLoss-SoftStop SELL: (-5.73%)652 shares of FF for -5.73
Mon Apr 07 08:00:00 GMT+00:00 2014 SELL FF x652 for $12238.04 -5.73%
Mon Apr 07 08:00:00 GMT+00:00 2014Market-Downtrend-Sell -3%: (-3.43%)244 shares of BCPC for -3.43
Mon Apr 07 08:00:00 GMT+00:00 2014 SELL BCPC x244 for $14444.8 -3.43%
Realized-Gain-Loss: 49030.24 adjusted-to-%: 40% max-amt-per-position is: 28000.0
Wed Apr 09 08:00:00 GMT+00:00 2014Market-Downtrend-Sell 50EDMA: (-2.0%)1202 shares of GMED for 12.7
Wed Apr 09 08:00:00 GMT+00:00 2014 SELL GMED x1202 for $29268.7 12.7%
Realized-Gain-Loss: 52395.84 adjusted-to-%: 50% max-amt-per-position is: 30000.0
Thu Apr 10 08:00:00 GMT+00:00 2014 Market-Downtrend-Sell 20EMA: (-1.93%)276 shares of MFRM for -2.44
Thu Apr 10 08:00:00 GMT+00:00 2014 Market-Downtrend-Sell 20EMA: (-2.61%)201 shares of WSM for -2.72
Thu Apr 10 08:00:00 GMT+00:00 2014 Market-Downtrend-Sell 20EMA: (-2.19%)126 shares of HUM for -0.801
Thu Apr 10 08:00:00 GMT+00:00 2014 Market-Downtrend-Sell 20EMA: (-2.4%)449 shares of STRZA for 0.945
Thu Apr 10 08:00:00 GMT+00:00 2014 SELL MFRM x276 for $12660.12 -2.44%
Thu Apr 10 08:00:00 GMT+00:00 2014 SELL WSM x201 for $12620.79 -2.72%
Thu Apr 10 08:00:00 GMT+00:00 2014 SELL HUM x126 for $13817.16 -0.801%
Thu Apr 10 08:00:00 GMT+00:00 2014 SELL STRZA x449 for $14125.54 0.945%
Thu Apr 10 08:00:00 GMT+00:00 2014 Adding unprocessed symbols to watchlist: [ECOL]
Fri Apr 11 08:00:00 GMT+00:00 2014Market-Downtrend-Sell 50EDMA: (-1.09%)278 shares of NSC for 3.25
Fri Apr 11 08:00:00 GMT+00:00 2014 SELL NSC x278 for $25895.7 3.25%
Tue Apr 15 08:00:00 GMT+00:00 2014 Market-Downtrend-Sell 20EMA: (-1.91%)189 shares of FSLR for -3.12
Tue Apr 15 08:00:00 GMT+00:00 2014 SELL FSLR x189 for $12547.71 -3.12%
Wed Apr 16 08:00:00 GMT+00:00 2014 BUY: 161 shares of GRMN cost-basis=53.2 for $8987.02 CASH-BAL=42019.635
Mon Apr 21 08:00:00 GMT+00:00 2014 Adding unprocessed symbols to watchlist: [AZN]
Tue Apr 22 08:00:00 GMT+00:00 2014 Adding unprocessed symbols to watchlist: [AZN, ECOL]
Wed Apr 23 08:00:00 GMT+00:00 2014 Selling due to underperformance: ICFI -0.309% in 42
Wed Apr 23 08:00:00 GMT+00:00 2014 SELL ICFI x331 for $12958.65 -0.309%
Wed Apr 23 08:00:00 GMT+00:00 2014 BUY: 221 shares of AZN cost-basis=67.8 for $14979.38 CASH-BAL=39984.905
Fri Apr 25 08:00:00 GMT+00:00 2014 Market-Downtrend-Sell 20EMA: (-2.2%)431 shares of GRMN for 1.84
Fri Apr 25 08:00:00 GMT+00:00 2014 SELL GRMN x431 for $23377.44 1.84%
Fri Apr 25 08:00:00 GMT+00:00 2014 BUY: 149 shares of ZBH cost-basis=101 for $14980.46 CASH-BAL=48367.885
Mon Apr 28 08:00:00 GMT+00:00 2014 AZN ATR Sell signal. atr=1.4374469162285013; vol-rate: 764% ;cls-rng=52.231404958677764
Tue Apr 29 08:00:00 GMT+00:00 2014 Adding unprocessed symbols to watchlist: [WLK]
Wed Apr 30 08:00:00 GMT+00:00 2014Market-Downtrend-Sell -3%: (-3.77%)149 shares of ZBH for -3.77
Wed Apr 30 08:00:00 GMT+00:00 2014 SELL ZBH x149 for $14423.2 -3.77%
Wed Apr 30 08:00:00 GMT+00:00 2014 BUY: 210 shares of HURN cost-basis=71.2 for $14952.0 CASH-BAL=47825.085
Wed Apr 30 08:00:00 GMT+00:00 2014 Adding unprocessed symbols to watchlist: [FISV, WLK, KFRC]
Thu May 01 08:00:00 GMT+00:00 2014Market-Downtrend-Sell -3%: (-3.68%)210 shares of HURN for -3.68
Thu May 01 08:00:00 GMT+00:00 2014 SELL HURN x210 for $14408.1 -3.68%
Thu May 01 08:00:00 GMT+00:00 2014 BUY: 211 shares of WLK cost-basis=70.9 for $14951.46 CASH-BAL=47267.725
Thu May 01 08:00:00 GMT+00:00 2014 Adding unprocessed symbols to watchlist: [FISV, CBG, KFRC]
Fri May 02 08:00:00 GMT+00:00 2014 Adding unprocessed symbols to watchlist: [FISV, CBG, KFRC]
Mon May 05 08:00:00 GMT+00:00 2014 WLK ATR Sell signal. atr=1.9140210442891443; vol-rate: 211% ;cls-rng=75.40394973070006
Mon May 05 08:00:00 GMT+00:00 2014 Adding unprocessed symbols to watchlist: [FISV, CBG, KFRC]
Tue May 06 08:00:00 GMT+00:00 2014 EMES ATR Sell signal. atr=2.8106000759719194; vol-rate: 158% ;cls-rng=84.10596026490069
Tue May 06 08:00:00 GMT+00:00 2014 Adding unprocessed symbols to watchlist: [FISV, CBG, CKEC]
Wed May 07 08:00:00 GMT+00:00 2014 Adding unprocessed symbols to watchlist: [FISV, CBG, CKEC, KFRC, HNT]
Thu May 08 08:00:00 GMT+00:00 2014 Adding unprocessed symbols to watchlist: [FISV, CBG, CKEC, SANM, KFRC, HNT]
Fri May 09 08:00:00 GMT+00:00 2014 Adding unprocessed symbols to watchlist: [FISV, CBG]
Mon May 12 08:00:00 GMT+00:00 2014 Adding unprocessed symbols to watchlist: [FISV, CBG, KFRC]
Tue May 13 08:00:00 GMT+00:00 2014Market-Downtrend-Sell 50EDMA: (-3.95%)1069 shares of VGR for 5.84
Tue May 13 08:00:00 GMT+00:00 2014 SELL VGR x1069 for $21572.42 5.84%
Tue May 13 08:00:00 GMT+00:00 2014 BUY: 524 shares of CBG cost-basis=28.6 for $14981.16 CASH-BAL=53844.985
Tue May 13 08:00:00 GMT+00:00 2014 Adding unprocessed symbols to watchlist: [FISV, CKEC, KFRC]
Wed May 14 08:00:00 GMT+00:00 2014 Adding unprocessed symbols to watchlist: [FISV]
Thu May 15 08:00:00 GMT+00:00 2014 Adding unprocessed symbols to watchlist: [IBN, FISV]
Fri May 16 08:00:00 GMT+00:00 2014 Adding unprocessed symbols to watchlist: [IBN]
Mon May 19 08:00:00 GMT+00:00 2014 Adding unprocessed symbols to watchlist: [CKEC]
Tue May 20 08:00:00 GMT+00:00 2014 BUY: 124 shares of AZN cost-basis=69.4 for $8952.8 CASH-BAL=44885.185
Wed May 21 08:00:00 GMT+00:00 2014 Adding unprocessed symbols to watchlist: [TIF]
Thu May 22 08:00:00 GMT+00:00 2014 Adding unprocessed symbols to watchlist: [TIF, WSM]
Fri May 23 08:00:00 GMT+00:00 2014 BUY: 155 shares of TIF cost-basis=96.6 for $14971.45 CASH-BAL=29906.735
Fri May 23 08:00:00 GMT+00:00 2014 Adding unprocessed symbols to watchlist: [WSM]
Tue May 27 08:00:00 GMT+00:00 2014 BUY: 222 shares of WSM cost-basis=67.5 for $14991.66 CASH-BAL=14908.075
Wed May 28 08:00:00 GMT+00:00 2014 Adding unprocessed symbols to watchlist: [JWN, CAL]
Thu May 29 08:00:00 GMT+00:00 2014 Adding unprocessed symbols to watchlist: [JWN, CAL]
Fri May 30 08:00:00 GMT+00:00 2014 Adding unprocessed symbols to watchlist: [CAL]
Mon Jun 02 08:00:00 GMT+00:00 2014 Adding unprocessed symbols to watchlist: [CAL]
Tue Jun 03 08:00:00 GMT+00:00 2014 Adding unprocessed symbols to watchlist: [CAL]
Wed Jun 04 08:00:00 GMT+00:00 2014 Adding unprocessed symbols to watchlist: [CAL]
Thu Jun 05 08:00:00 GMT+00:00 2014 Adding unprocessed symbols to watchlist: [CAL]
Fri Jun 06 08:00:00 GMT+00:00 2014 Adding unprocessed symbols to watchlist: [VRNT, CAL]
Mon Jun 09 08:00:00 GMT+00:00 2014 Adding unprocessed symbols to watchlist: [VRNT, CAL]
Tue Jun 10 08:00:00 GMT+00:00 2014 Adding unprocessed symbols to watchlist: [MTRX, VRNT, CAL]
Wed Jun 11 08:00:00 GMT+00:00 2014 APC ATR Sell signal. atr=1.647741861919812; vol-rate: 121% ;cls-rng=88.25561312607934
Wed Jun 11 08:00:00 GMT+00:00 2014 Adding unprocessed symbols to watchlist: [LNG, MTRX, VRNT, CAL]
Thu Jun 12 08:00:00 GMT+00:00 2014 Adding unprocessed symbols to watchlist: [GIII, LNG, MTRX, CAL]
Fri Jun 13 08:00:00 GMT+00:00 2014 BUY: 88 shares of EMES cost-basis=63.2 for $8971.6 CASH-BAL=5929.475
Fri Jun 13 08:00:00 GMT+00:00 2014 BUY: 109 shares of WLK cost-basis=74.8 for $8982.69 CASH-BAL=-3060.215
Fri Jun 13 08:00:00 GMT+00:00 2014 Adding unprocessed symbols to watchlist: [GIII, LNG, MTRX, VRNT]
Mon Jun 16 08:00:00 GMT+00:00 2014 Adding unprocessed symbols to watchlist: [GIII, VRNT]
Tue Jun 17 08:00:00 GMT+00:00 2014 Adding unprocessed symbols to watchlist: [JWA, MTRX, VRNT]
Wed Jun 18 08:00:00 GMT+00:00 2014 Adding unprocessed symbols to watchlist: [GIII, JWA, MTRX, VRNT]
Thu Jun 19 08:00:00 GMT+00:00 2014 Adding unprocessed symbols to watchlist: [JWA, APD, MTRX, VRNT, GLOG]
Fri Jun 20 08:00:00 GMT+00:00 2014 Adding unprocessed symbols to watchlist: [EEP, JWA, KS, MTRX, VRNT]
Mon Jun 23 08:00:00 GMT+00:00 2014 Adding unprocessed symbols to watchlist: [BWLD, JWA, APD, KS, MTRX]
Tue Jun 24 08:00:00 GMT+00:00 2014 Adding unprocessed symbols to watchlist: [BWLD, JWA, APD, KS, MTRX, GLOG]
Wed Jun 25 08:00:00 GMT+00:00 2014 BUY: 82 shares of APC cost-basis=103 for $8984.74 CASH-BAL=-12051.955
Wed Jun 25 08:00:00 GMT+00:00 2014 BUY: 80 shares of AZN cost-basis=70.3 for $5944.8 CASH-BAL=-18003.755
Wed Jun 25 08:00:00 GMT+00:00 2014 BUY: 443 shares of MTRX cost-basis=33.8 for $14977.83 CASH-BAL=-32988.585
Wed Jun 25 08:00:00 GMT+00:00 2014 BUY: 450 shares of KS cost-basis=33.3 for $14980.5 CASH-BAL=-47976.085
Wed Jun 25 08:00:00 GMT+00:00 2014 BUY: 91 shares of BWLD cost-basis=164 for $14912.17 CASH-BAL=-62895.255
Wed Jun 25 08:00:00 GMT+00:00 2014 BUY: 249 shares of JWA cost-basis=60.2 for $14992.29 CASH-BAL=-77894.545
Wed Jun 25 08:00:00 GMT+00:00 2014 BUY: 115 shares of APD cost-basis=130 for $14897.1 CASH-BAL=-92798.645
Thu Jun 26 08:00:00 GMT+00:00 2014 BUY: 397 shares of MEI cost-basis=37.7 for $14958.96 CASH-BAL=-107764.605
Mon Jun 30 08:00:00 GMT+00:00 2014 Market-Uptrend-Sell 20EMA: (-3.88%)443 shares of MTRX for -3.06
Mon Jun 30 08:00:00 GMT+00:00 2014 SELL MTRX x443 for $14525.97 -3.06%
Tue Jul 01 08:00:00 GMT+00:00 2014 BUY: 475 shares of GLOG cost-basis=31.5 for $14981.5 CASH-BAL=-108234.135
Tue Jul 01 08:00:00 GMT+00:00 2014 BUY: 197 shares of ANET cost-basis=76.0 for $14972.0 CASH-BAL=-123213.135
Tue Jul 01 08:00:00 GMT+00:00 2014 BUY: 102 shares of COO cost-basis=147 for $14988.9 CASH-BAL=-138209.035
Wed Jul 02 08:00:00 GMT+00:00 2014 BUY: 420 shares of EEP cost-basis=35.6 for $14960.4 CASH-BAL=-153176.435
Mon Jul 07 08:00:00 GMT+00:00 2014 StopLoss-HardStop SELL: (-8.28%)450 shares of KS for -8.28
Mon Jul 07 08:00:00 GMT+00:00 2014 StopLoss-HardStop SELL: (-10.5%)475 shares of GLOG for -10.5
Mon Jul 07 08:00:00 GMT+00:00 2014 StopLoss-SoftStop SELL: (-5.09%)197 shares of ANET for -5.09
Mon Jul 07 08:00:00 GMT+00:00 2014 SELL KS x450 for $13747.5 -8.28%
Mon Jul 07 08:00:00 GMT+00:00 2014 SELL GLOG x475 for $13409.25 -10.5%
Mon Jul 07 08:00:00 GMT+00:00 2014 SELL ANET x197 for $14217.49 -5.09%
Realized-Gain-Loss: 48778.04 adjusted-to-%: 40% max-amt-per-position is: 28000.0
Tue Jul 08 08:00:00 GMT+00:00 2014 StopLoss-SoftStop SELL: (-5.14%)397 shares of MEI for -5.14
Tue Jul 08 08:00:00 GMT+00:00 2014 SELL MEI x397 for $14196.72 -5.14%
Wed Jul 09 08:00:00 GMT+00:00 2014 BUY: 65 shares of WLK cost-basis=76.6 for $5549.7 CASH-BAL=-103190.175
Tue Jul 15 08:00:00 GMT+00:00 2014 StopLoss-SoftStop SELL: (-5.69%)91 shares of BWLD for -5.69
Tue Jul 15 08:00:00 GMT+00:00 2014 SELL BWLD x91 for $14071.33 -5.69%
Tue Jul 15 08:00:00 GMT+00:00 2014 APC ATR Sell signal. atr=1.8679287681835004; vol-rate: 160% ;cls-rng=78.14814814814804
Wed Jul 16 08:00:00 GMT+00:00 2014 BUY: 255 shares of CBG cost-basis=30.0 for $8389.5 CASH-BAL=-97522.345
Thu Jul 17 08:00:00 GMT+00:00 2014 Market-CautiousUp-Sell 50EMA: (-2.14%)425 shares of AZN for 3.69
Thu Jul 17 08:00:00 GMT+00:00 2014 SELL AZN x425 for $30999.5 3.69%
Fri Jul 18 08:00:00 GMT+00:00 2014 BUY: 51 shares of EMES cost-basis=69.1 for $5567.16 CASH-BAL=-72104.005
Wed Jul 23 08:00:00 GMT+00:00 2014 APD ATR Sell signal. atr=1.503925636646318; vol-rate: 280% ;cls-rng=96.4856230031949
Wed Jul 23 08:00:00 GMT+00:00 2014 BUY: 1060 shares of LEJU cost-basis=13.2 for $13939.0 CASH-BAL=-86050.005
Thu Jul 24 08:00:00 GMT+00:00 2014 BUY: 468 shares of JMEI cost-basis=29.9 for $13974.48 CASH-BAL=-100031.485
Mon Jul 28 08:00:00 GMT+00:00 2014Market-Uptrend-Sell 50EDMA: (-2.71%)575 shares of NXPI for 50.0
Mon Jul 28 08:00:00 GMT+00:00 2014 SELL NXPI x575 for $35845.5 50.0%
Realized-Gain-Loss: 60269.74 adjusted-to-%: 60% max-amt-per-position is: 32000.0
Mon Jul 28 08:00:00 GMT+00:00 2014 BUY: 176 shares of DECK cost-basis=90.8 for $15973.76 CASH-BAL=-80173.745
Tue Jul 29 08:00:00 GMT+00:00 2014 Market-Uptrend-Sell 20EMA: (-2.05%)155 shares of TIF for 0.999
Tue Jul 29 08:00:00 GMT+00:00 2014 Market-Uptrend-Sell 20EMA: (-2.55%)222 shares of WSM for 0.62
Tue Jul 29 08:00:00 GMT+00:00 2014 SELL TIF x155 for $15128.0 0.999%
Tue Jul 29 08:00:00 GMT+00:00 2014 SELL WSM x222 for $15091.56 0.62%
Tue Jul 29 08:00:00 GMT+00:00 2014 BUY: 402 shares of SNCR cost-basis=39.7 for $15967.44 CASH-BAL=-65942.625
Wed Jul 30 08:00:00 GMT+00:00 2014 BUY: 402 shares of CTL cost-basis=39.8 for $15987.54 CASH-BAL=-81937.165
Thu Jul 31 08:00:00 GMT+00:00 2014 BUY: 754 shares of STLD cost-basis=21.2 for $15992.34 CASH-BAL=-97936.505
Fri Aug 01 08:00:00 GMT+00:00 2014 StopLoss-SoftStop SELL: (-5.52%)420 shares of EEP for -5.52
Fri Aug 01 08:00:00 GMT+00:00 2014 SELL EEP x420 for $14141.4 -5.52%
Realized-Gain-Loss: 59737.74 adjusted-to-%: 50% max-amt-per-position is: 30000.0
Fri Aug 01 08:00:00 GMT+00:00 2014 BUY: 286 shares of THC cost-basis=52.3 for $14969.24 CASH-BAL=-98778.345
Fri Aug 01 08:00:00 GMT+00:00 2014 BUY: 272 shares of OTEX cost-basis=55.0 for $14951.84 CASH-BAL=-113737.185
Mon Aug 04 08:00:00 GMT+00:00 2014 APC ATR Sell signal. atr=2.489957059383358; vol-rate: 83.3% ;cls-rng=76.33711507293366
Tue Aug 05 08:00:00 GMT+00:00 2014 StopLoss-HardStop SELL: (-9.25%)1060 shares of LEJU for -9.25
Tue Aug 05 08:00:00 GMT+00:00 2014 SELL LEJU x1060 for $12656.4 -9.25%
Tue Aug 05 08:00:00 GMT+00:00 2014Market-Uptrend-Sell 50EDMA: (-2.99%)779 shares of CBG for 1.9
Tue Aug 05 08:00:00 GMT+00:00 2014 SELL CBG x779 for $23829.61 1.9%
Wed Aug 06 08:00:00 GMT+00:00 2014 BUY: 219 shares of UA cost-basis=68.2 for $14944.56 CASH-BAL=-92216.735
Thu Aug 07 08:00:00 GMT+00:00 2014Market-Downtrend-Sell -3%: (-3.87%)402 shares of SNCR for -3.87
Thu Aug 07 08:00:00 GMT+00:00 2014 Market-Downtrend-Sell 20EMA: (-2.0%)249 shares of JWA for -2.16
Thu Aug 07 08:00:00 GMT+00:00 2014 SELL SNCR x402 for $15356.4 -3.87%
Thu Aug 07 08:00:00 GMT+00:00 2014 SELL JWA x249 for $14676.06 -2.16%
Thu Aug 07 08:00:00 GMT+00:00 2014 BUY: 505 shares of LEAF cost-basis=29.7 for $14973.25 CASH-BAL=-77178.525
Fri Aug 08 08:00:00 GMT+00:00 2014 LEAF ATR Sell signal. atr=1.0145828412701274; vol-rate: 230% ;cls-rng=87.93565683646123
Fri Aug 08 08:00:00 GMT+00:00 2014 BUY: 250 shares of AIRM cost-basis=59.8 for $14952.5 CASH-BAL=-92138.025
Mon Aug 11 08:00:00 GMT+00:00 2014 BUY: 294 shares of ICLR cost-basis=51.0 for $14985.18 CASH-BAL=-107130.205
Tue Aug 12 08:00:00 GMT+00:00 2014Market-Downtrend-Sell 50EDMA: (-1.61%)233 shares of APC for 3.18
Tue Aug 12 08:00:00 GMT+00:00 2014 SELL APC x233 for $24711.98 3.18%
Tue Aug 12 08:00:00 GMT+00:00 2014 BUY: 387 shares of KMI cost-basis=38.7 for $14988.51 CASH-BAL=-97420.735
Thu Aug 21 08:00:00 GMT+00:00 2014 BUY: 55 shares of COO cost-basis=153 for $8954.0 CASH-BAL=-106381.735
Thu Aug 21 08:00:00 GMT+00:00 2014 BUY: 359 shares of SNPS cost-basis=41.8 for $14988.25 CASH-BAL=-121376.985
Fri Aug 22 08:00:00 GMT+00:00 2014 BUY: 112 shares of GMCR cost-basis=133 for $14936.32 CASH-BAL=-136320.305
Mon Aug 25 08:00:00 GMT+00:00 2014 BUY: 273 shares of JMEI cost-basis=31.0 for $8970.78 CASH-BAL=-145298.085
Wed Aug 27 08:00:00 GMT+00:00 2014 BUY: 297 shares of ATHM cost-basis=50.4 for $14980.68 CASH-BAL=-160285.765
Thu Aug 28 08:00:00 GMT+00:00 2014 StopLoss-HardStop SELL: (-7.14%)297 shares of ATHM for -7.14
Thu Aug 28 08:00:00 GMT+00:00 2014 SELL ATHM x297 for $13917.42 -7.14%
Thu Aug 28 08:00:00 GMT+00:00 2014 BUY: 128 shares of SIG cost-basis=116 for $14895.36 CASH-BAL=-161277.705
Fri Aug 29 08:00:00 GMT+00:00 2014 StopLoss-ScaledSoftStop SELL: ($31.31)741 @$30.57 shares of JMEI for -1.34
Fri Aug 29 08:00:00 GMT+00:00 2014 SELL JMEI x741 for $22652.37 -1.34%
Fri Aug 29 08:00:00 GMT+00:00 2014 Market-Uptrend-Sell 20EMA: (-2.76%)294 shares of ICLR for -2.85
Fri Aug 29 08:00:00 GMT+00:00 2014 SELL ICLR x294 for $14564.76 -2.85%
Fri Aug 29 08:00:00 GMT+00:00 2014 BUY: 386 shares of STLD cost-basis=21.9 for $8970.64 CASH-BAL=-133052.215
Fri Aug 29 08:00:00 GMT+00:00 2014 BUY: 289 shares of GPRO cost-basis=51.8 for $14970.2 CASH-BAL=-148029.415
Wed Sep 03 08:00:00 GMT+00:00 2014 BUY: 131 shares of UTHR cost-basis=114 for $14881.6 CASH-BAL=-162918.015
Thu Sep 04 08:00:00 GMT+00:00 2014 BUY: 377 shares of MEI cost-basis=39.7 for $14974.44 CASH-BAL=-177899.455
Fri Sep 05 08:00:00 GMT+00:00 2014 GPRO ATR Sell signal. atr=2.7139578491583873; vol-rate: -21.7% ;cls-rng=91.44851657940661
Mon Sep 08 08:00:00 GMT+00:00 2014 BUY: 152 shares of THC cost-basis=54.6 for $8966.48 CASH-BAL=-186872.935
Tue Sep 09 08:00:00 GMT+00:00 2014 Market-Uptrend-Sell 20EMA: (-2.49%)387 shares of KMI for -1.16
Tue Sep 09 08:00:00 GMT+00:00 2014 SELL KMI x387 for $14822.1 -1.16%
Wed Sep 10 08:00:00 GMT+00:00 2014 BUY: 693 shares of HQY cost-basis=21.6 for $14982.66 CASH-BAL=-187047.495
Thu Sep 11 08:00:00 GMT+00:00 2014 Market-Uptrend-Sell 20EMA: (-2.73%)115 shares of APD for -0.904
Thu Sep 11 08:00:00 GMT+00:00 2014 SELL APD x115 for $14769.45 -0.904%
Fri Sep 12 08:00:00 GMT+00:00 2014 StopLoss-SoftStop SELL: (-6.23%)250 shares of AIRM for -6.23
Fri Sep 12 08:00:00 GMT+00:00 2014 SELL AIRM x250 for $14027.5 -6.23%
Mon Sep 15 08:00:00 GMT+00:00 2014 Market-Uptrend-Sell 20EMA: (-3.59%)219 shares of UA for -1.59
Mon Sep 15 08:00:00 GMT+00:00 2014 SELL UA x219 for $14714.61 -1.59%
Tue Sep 16 08:00:00 GMT+00:00 2014 StopLoss-HardStop SELL: (-7.08%)693 shares of HQY for -7.08
Tue Sep 16 08:00:00 GMT+00:00 2014 SELL HQY x693 for $13929.3 -7.08%
Tue Sep 16 08:00:00 GMT+00:00 2014 BUY: 372 shares of ALR cost-basis=40.3 for $14973.0 CASH-BAL=-144614.635
Wed Sep 17 08:00:00 GMT+00:00 2014 BUY: 267 shares of LEAF cost-basis=31.0 for $8987.22 CASH-BAL=-153608.855
Thu Sep 18 08:00:00 GMT+00:00 2014 BUY: 306 shares of MSCI cost-basis=49.0 for $14987.88 CASH-BAL=-168603.735
Mon Sep 22 08:00:00 GMT+00:00 2014 BUY: 154 shares of CLX cost-basis=97.2 for $14973.42 CASH-BAL=-183584.155
Tue Sep 23 08:00:00 GMT+00:00 2014Market-Uptrend-Sell 50EDMA: (-2.08%)157 shares of COO for 2.23
Tue Sep 23 08:00:00 GMT+00:00 2014Market-Uptrend-Sell 50EDMA: (-7.64%)398 shares of EMES for 60.5
Tue Sep 23 08:00:00 GMT+00:00 2014 SELL COO x157 for $24492.0 2.23%
Tue Sep 23 08:00:00 GMT+00:00 2014 SELL EMES x398 for $44170.04 60.5%
Realized-Gain-Loss: 71401.44 adjusted-to-%: 70% max-amt-per-position is: 34000.0
Wed Sep 24 08:00:00 GMT+00:00 2014 BUY: 104 shares of DECK cost-basis=93.2 for $10131.68 CASH-BAL=-125074.795
Thu Sep 25 08:00:00 GMT+00:00 2014Market-Downtrend-Sell -3%: (-4.29%)359 shares of SNPS for -4.29
Thu Sep 25 08:00:00 GMT+00:00 2014Market-Downtrend-Sell -3%: (-4.56%)306 shares of MSCI for -4.56
Thu Sep 25 08:00:00 GMT+00:00 2014 Market-Downtrend-Sell 20EMA: (-1.65%)112 shares of GMCR for -3.38
Thu Sep 25 08:00:00 GMT+00:00 2014Market-Downtrend-Sell -3%: (-4.28%)377 shares of MEI for -4.28
Thu Sep 25 08:00:00 GMT+00:00 2014 Market-Downtrend-Sell 20EMA: (-2.78%)272 shares of OTEX for -0.338
Thu Sep 25 08:00:00 GMT+00:00 2014Market-Downtrend-Sell 50EDMA: (-1.81%)385 shares of WLK for 17.6
Thu Sep 25 08:00:00 GMT+00:00 2014 SELL SNPS x359 for $14352.82 -4.29%
Thu Sep 25 08:00:00 GMT+00:00 2014 SELL MSCI x306 for $14311.62 -4.56%
Thu Sep 25 08:00:00 GMT+00:00 2014 SELL GMCR x112 for $14439.04 -3.38%
Thu Sep 25 08:00:00 GMT+00:00 2014 SELL MEI x377 for $14341.08 -4.28%
Thu Sep 25 08:00:00 GMT+00:00 2014 SELL OTEX x272 for $14908.32 -0.338%
Thu Sep 25 08:00:00 GMT+00:00 2014 SELL WLK x385 for $34700.05 17.6%
Mon Sep 29 08:00:00 GMT+00:00 2014 GPRO ATR Sell signal. atr=3.909212426579901; vol-rate: 270% ;cls-rng=92.9481733220051
Tue Sep 30 08:00:00 GMT+00:00 2014Market-Downtrend-Sell -3%: (-3.7%)372 shares of ALR for -3.7
Tue Sep 30 08:00:00 GMT+00:00 2014Market-Downtrend-Sell 50EDMA: (-1.04%)1140 shares of STLD for 3.2
Tue Sep 30 08:00:00 GMT+00:00 2014 SELL ALR x372 for $14426.16 -3.7%
Tue Sep 30 08:00:00 GMT+00:00 2014 SELL STLD x1140 for $25775.4 3.2%
Wed Oct 01 08:00:00 GMT+00:00 2014 StopLoss-ScaledSoftStop SELL: ($94.132)280 @$91.0 shares of DECK for -2.45
Wed Oct 01 08:00:00 GMT+00:00 2014 SELL DECK x280 for $25480.0 -2.45%
Wed Oct 01 08:00:00 GMT+00:00 2014 Market-Downtrend-Sell 20EMA: (-1.98%)128 shares of SIG for -3.68
Wed Oct 01 08:00:00 GMT+00:00 2014Market-Downtrend-Sell 50EDMA: (-1.38%)438 shares of THC for 5.6
Wed Oct 01 08:00:00 GMT+00:00 2014 SELL SIG x128 for $14353.92 -3.68%
Wed Oct 01 08:00:00 GMT+00:00 2014 SELL THC x438 for $25290.12 5.6%
Fri Oct 03 08:00:00 GMT+00:00 2014 BUY: 222 shares of GPN cost-basis=76.3 for $16943.04 CASH-BAL=70276.695
Mon Oct 06 08:00:00 GMT+00:00 2014 BUY: 517 shares of KITE cost-basis=32.8 for $16973.11 CASH-BAL=53296.585
Mon Oct 06 08:00:00 GMT+00:00 2014 Adding unprocessed symbols to watchlist: [BDX]
Tue Oct 07 08:00:00 GMT+00:00 2014Market-Downtrend-Sell -3%: (-3.18%)517 shares of KITE for -3.18
Tue Oct 07 08:00:00 GMT+00:00 2014 SELL KITE x517 for $16440.6 -3.18%
Thu Oct 09 08:00:00 GMT+00:00 2014Market-Downtrend-Sell -3%: (-3.12%)222 shares of GPN for -3.12
Thu Oct 09 08:00:00 GMT+00:00 2014 Market-Downtrend-Sell 20EMA: (-1.7%)402 shares of CTL for -0.144
Thu Oct 09 08:00:00 GMT+00:00 2014 SELL GPN x222 for $16421.34 -3.12%
Thu Oct 09 08:00:00 GMT+00:00 2014 SELL CTL x402 for $15971.46 -0.144%
Thu Oct 09 08:00:00 GMT+00:00 2014 BUY: 235 shares of RENT cost-basis=72.1 for $16936.45 CASH-BAL=85165.535
Mon Oct 13 08:00:00 GMT+00:00 2014Market-Downtrend-Sell -3%: (-3.2%)235 shares of RENT for -3.2
Mon Oct 13 08:00:00 GMT+00:00 2014 SELL RENT x235 for $16400.65 -3.2%
Mon Oct 13 08:00:00 GMT+00:00 2014 BUY: 135 shares of BDX cost-basis=126 for $16987.05 CASH-BAL=84565.135
Tue Oct 14 08:00:00 GMT+00:00 2014 BUY: 499 shares of AVA cost-basis=34.0 for $16980.97 CASH-BAL=67577.165
Thu Oct 16 08:00:00 GMT+00:00 2014Market-Downtrend-Sell -3%: (-4.05%)135 shares of BDX for -4.05
Thu Oct 16 08:00:00 GMT+00:00 2014 SELL BDX x135 for $16305.3 -4.05%
Fri Oct 17 08:00:00 GMT+00:00 2014 BUY: 45 shares of REGN cost-basis=370 for $16633.8 CASH-BAL=67234.665
Tue Oct 21 08:00:00 GMT+00:00 2014 BUY: 79 shares of UTHR cost-basis=119 for $10081.19 CASH-BAL=57146.475
Tue Oct 21 08:00:00 GMT+00:00 2014 BUY: 411 shares of AKRX cost-basis=41.3 for $16970.19 CASH-BAL=40169.285
Mon Oct 27 08:00:00 GMT+00:00 2014 Market-CautiousUp-Sell 50EMA: (-5.9%)289 shares of GPRO for 25.3
Mon Oct 27 08:00:00 GMT+00:00 2014 SELL GPRO x289 for $18758.99 25.3%
Mon Oct 27 08:00:00 GMT+00:00 2014 BUY: 362 shares of EPAM cost-basis=46.9 for $16981.42 CASH-BAL=41932.855
Thu Oct 30 08:00:00 GMT+00:00 2014 BUY: 71 shares of V cost-basis=237 for $16802.15 CASH-BAL=25123.705
Thu Oct 30 08:00:00 GMT+00:00 2014 BUY: 288 shares of BMY cost-basis=59.0 for $16986.24 CASH-BAL=8130.465
Thu Oct 30 08:00:00 GMT+00:00 2014 Adding unprocessed symbols to watchlist: [ABMD, BIN, CACI, TTWO]
Fri Oct 31 08:00:00 GMT+00:00 2014 Adding unprocessed symbols to watchlist: [TSRA, CACI, FLT]
Mon Nov 03 08:00:00 GMT+00:00 2014 Adding unprocessed symbols to watchlist: [ZEN, TSRA, CACI, FLT]
Tue Nov 04 08:00:00 GMT+00:00 2014 Adding unprocessed symbols to watchlist: [ZEN, ABMD, SYKE, TSRA, CACI, FLT]
Wed Nov 05 08:00:00 GMT+00:00 2014 Market-Uptrend-Sell 20EMA: (-2.26%)45 shares of REGN for -0.348
Wed Nov 05 08:00:00 GMT+00:00 2014 SELL REGN x45 for $16582.95 -0.348%
Wed Nov 05 08:00:00 GMT+00:00 2014 BUY: 680 shares of ZEN cost-basis=25.0 for $16972.8 CASH-BAL=7726.615
Wed Nov 05 08:00:00 GMT+00:00 2014 Selling due to underperformance: UTHR 3.59% in 62
Wed Nov 05 08:00:00 GMT+00:00 2014 SELL UTHR x210 for $25874.1 3.59%
Wed Nov 05 08:00:00 GMT+00:00 2014 BUY: 114 shares of FLT cost-basis=149 for $16930.14 CASH-BAL=16656.575
Wed Nov 05 08:00:00 GMT+00:00 2014 Adding unprocessed symbols to watchlist: [ABMD, SYKE, TSRA, CACI, KAR]
Thu Nov 06 08:00:00 GMT+00:00 2014 StopLoss-HardStop SELL: (-8.3%)411 shares of AKRX for -8.3
Thu Nov 06 08:00:00 GMT+00:00 2014 SELL AKRX x411 for $15568.68 -8.3%
Thu Nov 06 08:00:00 GMT+00:00 2014 BUY: 511 shares of KAR cost-basis=33.2 for $16975.42 CASH-BAL=15235.835
Thu Nov 06 08:00:00 GMT+00:00 2014 Adding unprocessed symbols to watchlist: [ABMD, SYKE, TSRA, CACI]
Fri Nov 07 08:00:00 GMT+00:00 2014 Adding unprocessed symbols to watchlist: [AMED, ABMD, SYKE, NXTM, CACI]
Mon Nov 10 08:00:00 GMT+00:00 2014 Adding unprocessed symbols to watchlist: [CMPR, AMED, CACI]
Tue Nov 11 08:00:00 GMT+00:00 2014 StopLoss-SoftStop SELL: (-6.53%)680 shares of ZEN for -6.53
Tue Nov 11 08:00:00 GMT+00:00 2014 SELL ZEN x680 for $15871.2 -6.53%
Tue Nov 11 08:00:00 GMT+00:00 2014 BUY: 181 shares of LEAF cost-basis=32.2 for $6758.54 CASH-BAL=24334.495
Tue Nov 11 08:00:00 GMT+00:00 2014 BUY: 681 shares of AMED cost-basis=25.0 for $16990.95 CASH-BAL=7336.545
Tue Nov 11 08:00:00 GMT+00:00 2014 Adding unprocessed symbols to watchlist: [SYKE]
Wed Nov 12 08:00:00 GMT+00:00 2014 Adding unprocessed symbols to watchlist: [MSG, SWI, SYKE]
Thu Nov 13 08:00:00 GMT+00:00 2014 Selling due to underperformance: AVA -0.394% in 29
Thu Nov 13 08:00:00 GMT+00:00 2014 SELL AVA x499 for $16921.09 -0.394%
Thu Nov 13 08:00:00 GMT+00:00 2014 BUY: 705 shares of SYKE cost-basis=24.1 for $16983.45 CASH-BAL=7260.185
Thu Nov 13 08:00:00 GMT+00:00 2014 Adding unprocessed symbols to watchlist: [TTWO]
Fri Nov 14 08:00:00 GMT+00:00 2014 Adding unprocessed symbols to watchlist: [CMPR, TTWO]
Mon Nov 17 08:00:00 GMT+00:00 2014 LEAF ATR Sell signal. atr=0.9683437373030508; vol-rate: 73.9% ;cls-rng=82.35294117647068
Wed Nov 19 08:00:00 GMT+00:00 2014 StopLoss-SoftStop SELL: (-5.15%)705 shares of SYKE for -5.15
Wed Nov 19 08:00:00 GMT+00:00 2014 SELL SYKE x705 for $16116.3 -5.15%
Wed Nov 19 08:00:00 GMT+00:00 2014 BUY: 323 shares of ENV cost-basis=52.6 for $16983.34 CASH-BAL=6379.145
Wed Nov 19 08:00:00 GMT+00:00 2014 Adding unprocessed symbols to watchlist: [PPO]
Thu Nov 20 08:00:00 GMT+00:00 2014 Adding unprocessed symbols to watchlist: [DXCM, PPO]
Fri Nov 21 08:00:00 GMT+00:00 2014 Adding unprocessed symbols to watchlist: [NXTM, SWIR]
Mon Dec 01 08:00:00 GMT+00:00 2014 StopLoss-SoftStop SELL: (-5.8%)323 shares of ENV for -5.8
Mon Dec 01 08:00:00 GMT+00:00 2014 SELL ENV x323 for $16004.65 -5.8%
Thu Dec 04 08:00:00 GMT+00:00 2014 BUY: 176 shares of GIII cost-basis=96.1 for $16913.6 CASH-BAL=5456.195
Fri Dec 05 08:00:00 GMT+00:00 2014 Adding unprocessed symbols to watchlist: [ENB]
Mon Dec 08 08:00:00 GMT+00:00 2014 Selling due to underperformance: FLT -0.311% in 33
Mon Dec 08 08:00:00 GMT+00:00 2014 SELL FLT x114 for $16884.54 -0.311%
Mon Dec 08 08:00:00 GMT+00:00 2014 BUY: 346 shares of ENB cost-basis=49.0 for $16950.54 CASH-BAL=5376.195
Fri Dec 12 08:00:00 GMT+00:00 2014 Market-CautiousUp-Sell -3%: (-4.21%)346 shares of ENB for -4.21
Fri Dec 12 08:00:00 GMT+00:00 2014 SELL ENB x346 for $16244.7 -4.21%
Fri Dec 12 08:00:00 GMT+00:00 2014 Adding unprocessed symbols to watchlist: [ADBE]
Mon Dec 15 08:00:00 GMT+00:00 2014 Market-CautiousUp-Sell 50EMA: (-4.07%)953 shares of LEAF for 8.73
Mon Dec 15 08:00:00 GMT+00:00 2014 SELL LEAF x953 for $33421.71 8.73%
Mon Dec 15 08:00:00 GMT+00:00 2014 BUY: 232 shares of ADBE cost-basis=73.0 for $16945.28 CASH-BAL=38076.325
Tue Dec 16 08:00:00 GMT+00:00 2014 Market-Downtrend-Sell 20EMA: (-6.3%)362 shares of EPAM for -1.47
Tue Dec 16 08:00:00 GMT+00:00 2014 Market-Downtrend-Sell 20EMA: (-1.79%)288 shares of BMY for -2.23
Tue Dec 16 08:00:00 GMT+00:00 2014 SELL EPAM x362 for $16738.88 -1.47%
Tue Dec 16 08:00:00 GMT+00:00 2014 SELL BMY x288 for $16614.72 -2.23%
Wed Dec 17 08:00:00 GMT+00:00 2014 BUY: 39 shares of V cost-basis=245 for $10104.12 CASH-BAL=61304.805
Thu Dec 18 08:00:00 GMT+00:00 2014 BUY: 605 shares of FGEN cost-basis=28.1 for $16970.25 CASH-BAL=44327.555
Mon Dec 22 08:00:00 GMT+00:00 2014 StopLoss-SoftStop SELL: (-6.21%)605 shares of FGEN for -6.21
Mon Dec 22 08:00:00 GMT+00:00 2014 SELL FGEN x605 for $15923.6 -6.21%
Mon Dec 22 08:00:00 GMT+00:00 2014 BUY: 431 shares of NVRO cost-basis=39.4 for $16968.47 CASH-BAL=43268.685
Wed Dec 24 08:00:00 GMT+00:00 2014 BUY: 414 shares of VA cost-basis=41.0 for $16974.0 CASH-BAL=26287.685
Mon Jan 05 08:00:00 GMT+00:00 2015 Market-Downtrend-Sell 20EMA: (-1.5%)232 shares of ADBE for -1.49
Mon Jan 05 08:00:00 GMT+00:00 2015 SELL ADBE x232 for $16699.36 -1.49%
Tue Jan 06 08:00:00 GMT+00:00 2015 StopLoss-SoftStop SELL: (-5.73%)431 shares of NVRO for -5.73
Tue Jan 06 08:00:00 GMT+00:00 2015 SELL NVRO x431 for $16003.03 -5.73%
Wed Jan 07 08:00:00 GMT+00:00 2015Market-Downtrend-Sell -3%: (-3.09%)414 shares of VA for -3.09
Wed Jan 07 08:00:00 GMT+00:00 2015 SELL VA x414 for $16456.5 -3.09%
Fri Jan 09 08:00:00 GMT+00:00 2015 BUY: 112 shares of AYI cost-basis=152 for $16968.0 CASH-BAL=58450.575
Thu Jan 15 08:00:00 GMT+00:00 2015 Market-Downtrend-Sell 20EMA: (-2.77%)176 shares of GIII for -1.44
Thu Jan 15 08:00:00 GMT+00:00 2015Market-Downtrend-Sell 50EDMA: (-1.81%)110 shares of V for 3.43
Thu Jan 15 08:00:00 GMT+00:00 2015 SELL GIII x176 for $16677.76 -1.44%
Thu Jan 15 08:00:00 GMT+00:00 2015 SELL V x110 for $27844.3 3.43%
Thu Jan 15 08:00:00 GMT+00:00 2015 BUY: 305 shares of HDB cost-basis=55.7 for $16976.3 CASH-BAL=85975.335
Fri Jan 16 08:00:00 GMT+00:00 2015 BUY: 360 shares of AMED cost-basis=26.1 for $10173.6 CASH-BAL=75794.735
Tue Jan 20 08:00:00 GMT+00:00 2015 Market-Downtrend-Sell 20EMA: (-1.73%)511 shares of KAR for 1.61
Tue Jan 20 08:00:00 GMT+00:00 2015 SELL KAR x511 for $17256.47 1.61%
Thu Jan 22 08:00:00 GMT+00:00 2015 BUY: 219 shares of HELE cost-basis=77.5 for $16979.07 CASH-BAL=76058.135
Fri Jan 23 08:00:00 GMT+00:00 2015 BUY: 192 shares of SBUX cost-basis=88.2 for $16938.24 CASH-BAL=59112.895
Wed Jan 28 08:00:00 GMT+00:00 2015 Adding unprocessed symbols to watchlist: [KLIC]
Thu Jan 29 08:00:00 GMT+00:00 2015 Adding unprocessed symbols to watchlist: [VAR, KLIC, BA]
Fri Jan 30 08:00:00 GMT+00:00 2015Market-Downtrend-Sell -3%: (-3.02%)219 shares of HELE for -3.02
Fri Jan 30 08:00:00 GMT+00:00 2015 SELL HELE x219 for $16473.18 -3.02%
Fri Jan 30 08:00:00 GMT+00:00 2015 BUY: 183 shares of VAR cost-basis=92.6 for $16938.48 CASH-BAL=58633.595
Fri Jan 30 08:00:00 GMT+00:00 2015 Adding unprocessed symbols to watchlist: [KLIC, BA]
Mon Feb 02 08:00:00 GMT+00:00 2015 BUY: 94 shares of CLX cost-basis=101 for $10136.02 CASH-BAL=48490.575
Mon Feb 02 08:00:00 GMT+00:00 2015 Adding unprocessed symbols to watchlist: [KLIC, BA]
Tue Feb 03 08:00:00 GMT+00:00 2015 Adding unprocessed symbols to watchlist: [PRE, KLIC, NSP, BA]
Wed Feb 04 08:00:00 GMT+00:00 2015 Adding unprocessed symbols to watchlist: [PRE, KLIC, BA]
Thu Feb 05 08:00:00 GMT+00:00 2015 BUY: 140 shares of PRE cost-basis=121 for $16952.6 CASH-BAL=31530.975
Thu Feb 05 08:00:00 GMT+00:00 2015 Adding unprocessed symbols to watchlist: [BLL, EL, KLIC, BA]
Fri Feb 06 08:00:00 GMT+00:00 2015 BUY: 213 shares of EL cost-basis=79.6 for $16944.15 CASH-BAL=14579.825
Fri Feb 06 08:00:00 GMT+00:00 2015 Adding unprocessed symbols to watchlist: [BLL, KLIC, BA]
Mon Feb 09 08:00:00 GMT+00:00 2015 Selling due to underperformance: HDB 1.07% in 25
Mon Feb 09 08:00:00 GMT+00:00 2015 SELL HDB x305 for $17165.4 1.07%
Mon Feb 09 08:00:00 GMT+00:00 2015 BUY: 82 shares of ORLY cost-basis=205 for $16815.74 CASH-BAL=14915.485
Mon Feb 09 08:00:00 GMT+00:00 2015 Adding unprocessed symbols to watchlist: [BLL, KLIC, HAS, BA]
Tue Feb 10 08:00:00 GMT+00:00 2015 Adding unprocessed symbols to watchlist: [SEE, BLL, MOH, KLIC, HAS, MLM, BA]
Wed Feb 11 08:00:00 GMT+00:00 2015 Adding unprocessed symbols to watchlist: [SEE, BLL, SCI, HAS, MLM, BA]
Thu Feb 12 08:00:00 GMT+00:00 2015 Adding unprocessed symbols to watchlist: [NVDA, AKAM, HAS, MLM, BA]
Fri Feb 13 08:00:00 GMT+00:00 2015 Adding unprocessed symbols to watchlist: [NVDA, JCOM, BA]
Tue Feb 17 08:00:00 GMT+00:00 2015 Adding unprocessed symbols to watchlist: [JCOM]
Wed Feb 18 08:00:00 GMT+00:00 2015 Adding unprocessed symbols to watchlist: [NVDA, CHE, JCOM, LNKD, HAS]
Thu Feb 19 08:00:00 GMT+00:00 2015 Adding unprocessed symbols to watchlist: [BJRI, NVDA, CHE, BLL, JCOM, HAS]
Fri Feb 20 08:00:00 GMT+00:00 2015 Adding unprocessed symbols to watchlist: [BJRI, JWN, CHE, BLL, INTU, JCOM, HAS]
Mon Feb 23 08:00:00 GMT+00:00 2015 Selling due to underperformance: PRE -4.84% in 18
Mon Feb 23 08:00:00 GMT+00:00 2015 SELL PRE x140 for $16139.2 -4.84%
Mon Feb 23 08:00:00 GMT+00:00 2015 BUY: 318 shares of BJRI cost-basis=53.4 for $16990.74 CASH-BAL=14049.945
Mon Feb 23 08:00:00 GMT+00:00 2015 Adding unprocessed symbols to watchlist: [JWN, NVDA, CHE, INTU, JCOM, HAS]
Tue Feb 24 08:00:00 GMT+00:00 2015 Adding unprocessed symbols to watchlist: [JWN, NVDA, CHE, INTU, CBRL, HAS]
Wed Feb 25 08:00:00 GMT+00:00 2015 Adding unprocessed symbols to watchlist: [JWN, NVDA, CHE, INTU, CBRL, MLM]
Thu Feb 26 08:00:00 GMT+00:00 2015 Adding unprocessed symbols to watchlist: [JWN, NVDA, CHE, INTU, UVE, AKAM, BKS]
Fri Feb 27 08:00:00 GMT+00:00 2015 Adding unprocessed symbols to watchlist: [JWN, NVDA, CHE, STMP, INTU, UVE, JCOM, AKAM, BKS]
Mon Mar 02 08:00:00 GMT+00:00 2015 Adding unprocessed symbols to watchlist: [JWN, INTU, BKS]
Tue Mar 03 08:00:00 GMT+00:00 2015 Adding unprocessed symbols to watchlist: [JWN, INTU, BKS, CRM]
Wed Mar 04 08:00:00 GMT+00:00 2015 Adding unprocessed symbols to watchlist: [JWN, OLN, CHE, INTU, UVE, CBRL, BKS, BMY]
Fri Mar 06 08:00:00 GMT+00:00 2015Market-Uptrend-Sell 50EDMA: (-3.84%)1041 shares of AMED for 5.79
Fri Mar 06 08:00:00 GMT+00:00 2015 SELL AMED x1041 for $28752.42 5.79%
Fri Mar 06 08:00:00 GMT+00:00 2015 BUY: 264 shares of AMBA cost-basis=64.2 for $16954.08 CASH-BAL=25834.285
Fri Mar 06 08:00:00 GMT+00:00 2015 BUY: 115 shares of CBRL cost-basis=148 for $16963.65 CASH-BAL=8863.635
Fri Mar 06 08:00:00 GMT+00:00 2015 Selling due to underperformance: ORLY -0.471% in 25
Fri Mar 06 08:00:00 GMT+00:00 2015 SELL ORLY x82 for $16743.58 -0.471%
Fri Mar 06 08:00:00 GMT+00:00 2015 BUY: 679 shares of UVE cost-basis=25.0 for $16975.0 CASH-BAL=8618.215
Fri Mar 06 08:00:00 GMT+00:00 2015 Adding unprocessed symbols to watchlist: [JWN, OLN, INTU, BKS, BMY]
Mon Mar 09 08:00:00 GMT+00:00 2015 Adding unprocessed symbols to watchlist: [OLN, BKS, BMY, CRM]
Tue Mar 10 08:00:00 GMT+00:00 2015 Market-CautiousUp-Sell -3%: (-3.82%)318 shares of BJRI for -3.82
Tue Mar 10 08:00:00 GMT+00:00 2015 Market-CautiousUp-Sell -3%: (-3.28%)679 shares of UVE for -3.28
Tue Mar 10 08:00:00 GMT+00:00 2015 SELL BJRI x318 for $16348.38 -3.82%
Tue Mar 10 08:00:00 GMT+00:00 2015 SELL UVE x679 for $16425.01 -3.28%
Tue Mar 10 08:00:00 GMT+00:00 2015 BUY: 259 shares of BMY cost-basis=65.5 for $16972.27 CASH-BAL=24398.335
Tue Mar 10 08:00:00 GMT+00:00 2015 Adding unprocessed symbols to watchlist: [OLN]
Wed Mar 11 08:00:00 GMT+00:00 2015 Selling due to underperformance: EL 1.15% in 33
Wed Mar 11 08:00:00 GMT+00:00 2015 SELL EL x213 for $17146.5 1.15%
Wed Mar 11 08:00:00 GMT+00:00 2015 BUY: 575 shares of OLN cost-basis=29.5 for $16985.5 CASH-BAL=24545.335
Thu Mar 12 08:00:00 GMT+00:00 2015 Adding unprocessed symbols to watchlist: [TWOU, CRM]
Fri Mar 13 08:00:00 GMT+00:00 2015 Adding unprocessed symbols to watchlist: [TWOU]
Wed Mar 18 08:00:00 GMT+00:00 2015 AYI ATR Sell signal. atr=2.7500584333570126; vol-rate: 6.59% ;cls-rng=81.75399479747315
Thu Mar 19 08:00:00 GMT+00:00 2015 BUY: 339 shares of NVRO cost-basis=50.0 for $16953.39 CASH-BAL=7584.945
Fri Mar 20 08:00:00 GMT+00:00 2015 Adding unprocessed symbols to watchlist: [PRSC, TWOU]
Tue Mar 24 08:00:00 GMT+00:00 2015 StopLoss-SoftStop SELL: (-5.09%)575 shares of OLN for -5.09
Tue Mar 24 08:00:00 GMT+00:00 2015 SELL OLN x575 for $16128.75 -5.09%
Wed Mar 25 08:00:00 GMT+00:00 2015 Market-CautiousUp-Sell -3%: (-3.98%)339 shares of NVRO for -3.98
Wed Mar 25 08:00:00 GMT+00:00 2015 SELL NVRO x339 for $16285.56 -3.98%
Wed Mar 25 08:00:00 GMT+00:00 2015 BUY: 317 shares of JUNO cost-basis=53.5 for $16953.16 CASH-BAL=23025.095
Wed Mar 25 08:00:00 GMT+00:00 2015 Selling due to underperformance: BMY -1.31% in 15
Wed Mar 25 08:00:00 GMT+00:00 2015 SELL BMY x259 for $16757.3 -1.31%
Realized-Gain-Loss: 69605.04 adjusted-to-%: 60% max-amt-per-position is: 32000.0
Wed Mar 25 08:00:00 GMT+00:00 2015 BUY: 112 shares of EW cost-basis=142 for $15932.0 CASH-BAL=23836.395
Wed Mar 25 08:00:00 GMT+00:00 2015 Selling due to underperformance: VAR 0.132% in 54
Wed Mar 25 08:00:00 GMT+00:00 2015 SELL VAR x183 for $16967.76 0.132%
Wed Mar 25 08:00:00 GMT+00:00 2015 BUY: 321 shares of OVAS cost-basis=49.8 for $15985.8 CASH-BAL=24804.355
Thu Mar 26 08:00:00 GMT+00:00 2015 Market-CautiousUp-Sell -3%: (-3.08%)321 shares of OVAS for -3.08
Thu Mar 26 08:00:00 GMT+00:00 2015 SELL OVAS x321 for $15501.09 -3.08%
Thu Mar 26 08:00:00 GMT+00:00 2015 BUY: 900 shares of SFS cost-basis=17.8 for $15993.0 CASH-BAL=24298.445
Thu Mar 26 08:00:00 GMT+00:00 2015 Adding unprocessed symbols to watchlist: [SIG]
Fri Mar 27 08:00:00 GMT+00:00 2015 Adding unprocessed symbols to watchlist: [SIG]
Mon Mar 30 08:00:00 GMT+00:00 2015 BUY: 57 shares of CLX cost-basis=103 for $6313.32 CASH-BAL=17978.125
Mon Mar 30 08:00:00 GMT+00:00 2015 BUY: 99 shares of SBUX cost-basis=90.9 for $9502.02 CASH-BAL=8469.105
Mon Mar 30 08:00:00 GMT+00:00 2015 Adding unprocessed symbols to watchlist: [SIG]
Tue Mar 31 08:00:00 GMT+00:00 2015 Adding unprocessed symbols to watchlist: [SIG]
Wed Apr 01 08:00:00 GMT+00:00 2015 Adding unprocessed symbols to watchlist: [SIG, PRSC]
Thu Apr 02 08:00:00 GMT+00:00 2015 Adding unprocessed symbols to watchlist: [SIG]
Mon Apr 06 08:00:00 GMT+00:00 2015 Selling due to underperformance: EW -1.73% in 12
Mon Apr 06 08:00:00 GMT+00:00 2015 SELL EW x112 for $15663.2 -1.73%
Mon Apr 06 08:00:00 GMT+00:00 2015 BUY: 114 shares of SIG cost-basis=140 for $15932.64 CASH-BAL=8185.665
Tue Apr 07 08:00:00 GMT+00:00 2015 Selling due to underperformance: CBRL 0.0265% in 32
Tue Apr 07 08:00:00 GMT+00:00 2015 SELL CBRL x115 for $16975.15 0.0265%
Tue Apr 07 08:00:00 GMT+00:00 2015 BUY: 386 shares of ALTR cost-basis=41.4 for $15964.96 CASH-BAL=9181.855
Wed Apr 08 08:00:00 GMT+00:00 2015 BUY: 56 shares of AYI cost-basis=157 for $9461.76 CASH-BAL=-286.905
Thu Apr 09 08:00:00 GMT+00:00 2015 SBUX: Applying split factor of: 2.0
Thu Apr 09 08:00:00 GMT+00:00 2015 Adding unprocessed symbols to watchlist: [APOG, RHT]
Fri Apr 10 08:00:00 GMT+00:00 2015 Adding unprocessed symbols to watchlist: [SIMO, GE, RHT]
Mon Apr 13 08:00:00 GMT+00:00 2015 Adding unprocessed symbols to watchlist: [TSE, GE]
Tue Apr 14 08:00:00 GMT+00:00 2015 Adding unprocessed symbols to watchlist: [SIMO, GE]
Thu Apr 16 08:00:00 GMT+00:00 2015 Adding unprocessed symbols to watchlist: [PNRA]
Fri Apr 17 08:00:00 GMT+00:00 2015 StopLoss-SoftStop SELL: (-5.3%)114 shares of SIG for -5.3
Fri Apr 17 08:00:00 GMT+00:00 2015 SELL SIG x114 for $15094.74 -5.3%
Fri Apr 17 08:00:00 GMT+00:00 2015 Selling due to underperformance: CLX 5.98% in 207
Fri Apr 17 08:00:00 GMT+00:00 2015 SELL CLX x305 for $33324.3 5.98%
Fri Apr 17 08:00:00 GMT+00:00 2015 BUY: 726 shares of TSE cost-basis=22.0 for $15972.0 CASH-BAL=32139.135
Fri Apr 17 08:00:00 GMT+00:00 2015 Adding unprocessed symbols to watchlist: [CE, PNRA]
Mon Apr 20 08:00:00 GMT+00:00 2015 BUY: 128 shares of AMBA cost-basis=67.6 for $9543.68 CASH-BAL=22588.455
Mon Apr 20 08:00:00 GMT+00:00 2015 BUY: 240 shares of CE cost-basis=66.5 for $15969.6 CASH-BAL=6611.855
Tue Apr 21 08:00:00 GMT+00:00 2015 Adding unprocessed symbols to watchlist: [PNRA, APOG]
Wed Apr 22 08:00:00 GMT+00:00 2015 Adding unprocessed symbols to watchlist: [STJ, PNRA, APOG, SIMO]
Thu Apr 23 08:00:00 GMT+00:00 2015 Adding unprocessed symbols to watchlist: [PNRA, APOG, ARRS, DPZ]
Fri Apr 24 08:00:00 GMT+00:00 2015 SBUX ATR Sell signal. atr=0.7644492663891888; vol-rate: 169% ;cls-rng=82.99319727891164
Fri Apr 24 08:00:00 GMT+00:00 2015 Market-Uptrend-Sell 20EMA: (-2.2%)386 shares of ALTR for -1.18
Fri Apr 24 08:00:00 GMT+00:00 2015 SELL ALTR x386 for $15783.54 -1.18%
Fri Apr 24 08:00:00 GMT+00:00 2015 BUY: 526 shares of SIMO cost-basis=30.4 for $15990.4 CASH-BAL=6390.995
Fri Apr 24 08:00:00 GMT+00:00 2015 Selling due to underperformance: SFS 0.688% in 29
Fri Apr 24 08:00:00 GMT+00:00 2015 SELL SFS x900 for $16110.0 0.688%
Fri Apr 24 08:00:00 GMT+00:00 2015 BUY: 447 shares of ARRS cost-basis=35.8 for $15984.72 CASH-BAL=6502.275
Fri Apr 24 08:00:00 GMT+00:00 2015 Adding unprocessed symbols to watchlist: [MMSI, STJ, PNRA, APOG]
Mon Apr 27 08:00:00 GMT+00:00 2015 StopLoss-SoftStop SELL: (-5.03%)317 shares of JUNO for -5.03
Mon Apr 27 08:00:00 GMT+00:00 2015 SELL JUNO x317 for $16106.77 -5.03%
Mon Apr 27 08:00:00 GMT+00:00 2015 BUY: 777 shares of MMSI cost-basis=20.6 for $15990.66 CASH-BAL=6604.385
Mon Apr 27 08:00:00 GMT+00:00 2015 Adding unprocessed symbols to watchlist: [PRE, STJ, PNRA, DPZ]
Tue Apr 28 08:00:00 GMT+00:00 2015 Adding unprocessed symbols to watchlist: [STJ, PNRA]
Wed Apr 29 08:00:00 GMT+00:00 2015 Adding unprocessed symbols to watchlist: [XPO, PNRA, STJ, DPZ]
Thu Apr 30 08:00:00 GMT+00:00 2015 StopLoss-SoftStop SELL: (-5.73%)777 shares of MMSI for -5.73
Thu Apr 30 08:00:00 GMT+00:00 2015 SELL MMSI x777 for $15081.57 -5.73%
Thu Apr 30 08:00:00 GMT+00:00 2015 Market-Uptrend-Sell 20EMA: (-4.79%)526 shares of SIMO for -3.63
Thu Apr 30 08:00:00 GMT+00:00 2015 SELL SIMO x526 for $15417.06 -3.63%
Thu Apr 30 08:00:00 GMT+00:00 2015 BUY: 668 shares of AVG cost-basis=23.9 for $15978.56 CASH-BAL=21103.455
Thu Apr 30 08:00:00 GMT+00:00 2015 BUY: 219 shares of CRM cost-basis=72.8 for $15947.58 CASH-BAL=5148.875
Thu Apr 30 08:00:00 GMT+00:00 2015 Adding unprocessed symbols to watchlist: [XPO, PNRA, AMZN, DPZ]
Fri May 01 08:00:00 GMT+00:00 2015 Adding unprocessed symbols to watchlist: [NFLX, XPO, PNRA, STJ, AMZN, DPZ]
Mon May 04 08:00:00 GMT+00:00 2015 Adding unprocessed symbols to watchlist: [XPO, STJ, AMZN, DPZ]
Tue May 05 08:00:00 GMT+00:00 2015 Selling due to underperformance: TSE -0.817% in 18
Tue May 05 08:00:00 GMT+00:00 2015 SELL TSE x726 for $15848.58 -0.817%
Tue May 05 08:00:00 GMT+00:00 2015 BUY: 224 shares of STJ cost-basis=71.3 for $15977.92 CASH-BAL=5005.535
Tue May 05 08:00:00 GMT+00:00 2015 Adding unprocessed symbols to watchlist: [CLGX, XPO, AMZN]
Wed May 06 08:00:00 GMT+00:00 2015 StopLoss-SoftStop SELL: (-6.53%)447 shares of ARRS for -6.53
Wed May 06 08:00:00 GMT+00:00 2015 SELL ARRS x447 for $14947.68 -6.53%
Wed May 06 08:00:00 GMT+00:00 2015 Selling due to underperformance: SBUX 7.65% in 103
Wed May 06 08:00:00 GMT+00:00 2015 SELL SBUX x582 for $28477.26 7.65%
Wed May 06 08:00:00 GMT+00:00 2015 BUY: 38 shares of AMZN cost-basis=419 for $15925.8 CASH-BAL=32483.675
Wed May 06 08:00:00 GMT+00:00 2015 Adding unprocessed symbols to watchlist: [XPO, PLCE]
Thu May 07 08:00:00 GMT+00:00 2015 Adding unprocessed symbols to watchlist: [CLGX, XPO, DPZ]
Fri May 08 08:00:00 GMT+00:00 2015 Adding unprocessed symbols to watchlist: [STMP, CLGX, XPO, IMPV, DPZ]
Mon May 11 08:00:00 GMT+00:00 2015 Adding unprocessed symbols to watchlist: [RBA, CALM, STMP, XPO, IMPV, HUBS]
Tue May 12 08:00:00 GMT+00:00 2015 Adding unprocessed symbols to watchlist: [RBA, STMP, VRTU, XPO, IMPV]
Wed May 13 08:00:00 GMT+00:00 2015 Adding unprocessed symbols to watchlist: [RBA, STMP, XPO, IMPV, PLCE]
Thu May 14 08:00:00 GMT+00:00 2015 STJ ATR Sell signal. atr=1.323274025420146; vol-rate: 29.3% ;cls-rng=93.60902255639091
Thu May 14 08:00:00 GMT+00:00 2015 BUY: 287 shares of IMPV cost-basis=55.6 for $15965.81 CASH-BAL=16510.865
Thu May 14 08:00:00 GMT+00:00 2015 Adding unprocessed symbols to watchlist: [RBA, STMP, XPO, PLCE]
Fri May 15 08:00:00 GMT+00:00 2015 BUY: 228 shares of STMP cost-basis=69.9 for $15946.32 CASH-BAL=557.545
Fri May 15 08:00:00 GMT+00:00 2015 Adding unprocessed symbols to watchlist: [RBA, PLCE]
Mon May 18 08:00:00 GMT+00:00 2015 Adding unprocessed symbols to watchlist: [RBA, PLCE]
Tue May 19 08:00:00 GMT+00:00 2015 Adding unprocessed symbols to watchlist: [RBA, PLCE]
Wed May 20 08:00:00 GMT+00:00 2015 Selling due to underperformance: CRM -3.7% in 20
Wed May 20 08:00:00 GMT+00:00 2015 SELL CRM x219 for $15365.04 -3.7%
Wed May 20 08:00:00 GMT+00:00 2015 BUY: 234 shares of PLCE cost-basis=68.3 for $15977.52 CASH-BAL=-68.935
Fri May 22 08:00:00 GMT+00:00 2015 Adding unprocessed symbols to watchlist: [RBA, VRTU]
Tue May 26 08:00:00 GMT+00:00 2015 Adding unprocessed symbols to watchlist: [DGX, VRTU]
Wed May 27 08:00:00 GMT+00:00 2015 Adding unprocessed symbols to watchlist: [AVGO, DGX, VRTU, AMED]
Thu May 28 08:00:00 GMT+00:00 2015 Adding unprocessed symbols to watchlist: [AVGO, DGX, AMED]
Fri May 29 08:00:00 GMT+00:00 2015 Selling due to underperformance: STMP -3.83% in 14
Fri May 29 08:00:00 GMT+00:00 2015 SELL STMP x228 for $15342.12 -3.83%
Fri May 29 08:00:00 GMT+00:00 2015 BUY: 515 shares of AMED cost-basis=31.0 for $15975.3 CASH-BAL=-716.115
Fri May 29 08:00:00 GMT+00:00 2015 Adding unprocessed symbols to watchlist: [DGX]
Mon Jun 01 08:00:00 GMT+00:00 2015 Adding unprocessed symbols to watchlist: [DGX]
Tue Jun 02 08:00:00 GMT+00:00 2015 BUY: 35 shares of AYI cost-basis=161 for $6247.85 CASH-BAL=-6970.965
Tue Jun 02 08:00:00 GMT+00:00 2015 Adding unprocessed symbols to watchlist: [CVC, DGX]
Wed Jun 03 08:00:00 GMT+00:00 2015 Adding unprocessed symbols to watchlist: [AVGO, DGX]
Thu Jun 04 08:00:00 GMT+00:00 2015 Adding unprocessed symbols to watchlist: [AVGO, DGX]
Fri Jun 05 08:00:00 GMT+00:00 2015 Adding unprocessed symbols to watchlist: [AVGO, DGX]
Mon Jun 08 08:00:00 GMT+00:00 2015 Selling due to underperformance: PLCE -4.26% in 19
Mon Jun 08 08:00:00 GMT+00:00 2015 SELL PLCE x234 for $15303.6 -4.26%
Mon Jun 08 08:00:00 GMT+00:00 2015 BUY: 115 shares of AVGO cost-basis=139 for $15942.45 CASH-BAL=-7623.815
Tue Jun 09 08:00:00 GMT+00:00 2015 Adding unprocessed symbols to watchlist: [NWBO, CMN]
Wed Jun 10 08:00:00 GMT+00:00 2015 Adding unprocessed symbols to watchlist: [CMN, WETF]
Thu Jun 11 08:00:00 GMT+00:00 2015 Adding unprocessed symbols to watchlist: [CMN, MBLY, WETF]
Fri Jun 12 08:00:00 GMT+00:00 2015 Adding unprocessed symbols to watchlist: [CMN, WETF]
Mon Jun 15 08:00:00 GMT+00:00 2015 Selling due to underperformance: AMZN 1.05% in 40
Mon Jun 15 08:00:00 GMT+00:00 2015 SELL AMZN x38 for $16099.46 1.05%
Mon Jun 15 08:00:00 GMT+00:00 2015 BUY: 317 shares of MBLY cost-basis=50.3 for $15957.78 CASH-BAL=-7496.135
Mon Jun 15 08:00:00 GMT+00:00 2015 Adding unprocessed symbols to watchlist: [CMN]
Wed Jun 17 08:00:00 GMT+00:00 2015 Adding unprocessed symbols to watchlist: [NWBO, CMN]
Thu Jun 18 08:00:00 GMT+00:00 2015 Adding unprocessed symbols to watchlist: [NWBO, HRC]
Fri Jun 19 08:00:00 GMT+00:00 2015 Adding unprocessed symbols to watchlist: [HRC, BMRN]
Mon Jun 22 08:00:00 GMT+00:00 2015 Adding unprocessed symbols to watchlist: [HRC]
Wed Jun 24 08:00:00 GMT+00:00 2015 Adding unprocessed symbols to watchlist: [ITCI, BCRX, HRC, BMRN]
Thu Jun 25 08:00:00 GMT+00:00 2015 BUY: 240 shares of AMED cost-basis=33.9 for $9590.4 CASH-BAL=-17093.535
Thu Jun 25 08:00:00 GMT+00:00 2015 BUY: 240 shares of TMH cost-basis=66.4 for $15938.4 CASH-BAL=-33038.935
Thu Jun 25 08:00:00 GMT+00:00 2015 BUY: 287 shares of HRC cost-basis=55.7 for $15983.03 CASH-BAL=-49028.965
Thu Jun 25 08:00:00 GMT+00:00 2015 BUY: 501 shares of ITCI cost-basis=31.9 for $15991.92 CASH-BAL=-65027.885
Thu Jun 25 08:00:00 GMT+00:00 2015 BUY: 1097 shares of BCRX cost-basis=14.6 for $15983.29 CASH-BAL=-81018.175
Thu Jun 25 08:00:00 GMT+00:00 2015 BUY: 118 shares of BMRN cost-basis=135 for $15972.48 CASH-BAL=-96997.655
Fri Jun 26 08:00:00 GMT+00:00 2015 Market-Uptrend-Sell 20EMA: (-3.18%)115 shares of AVGO for -2.55
Fri Jun 26 08:00:00 GMT+00:00 2015 SELL AVGO x115 for $15542.25 -2.55%
Mon Jun 29 08:00:00 GMT+00:00 2015Market-Downtrend-Sell -3%: (-3.11%)501 shares of ITCI for -3.11
Mon Jun 29 08:00:00 GMT+00:00 2015 SELL ITCI x501 for $15500.94 -3.11%
Mon Jun 29 08:00:00 GMT+00:00 2015 BUY: 289 shares of IPCM cost-basis=55.3 for $15981.7 CASH-BAL=-81957.165
Wed Jul 01 08:00:00 GMT+00:00 2015 AYI ATR Sell signal. atr=3.0898531662053625; vol-rate: 91.7% ;cls-rng=76.92428452565981
Wed Jul 01 08:00:00 GMT+00:00 2015 BUY: 349 shares of AVG cost-basis=25.1 for $9573.07 CASH-BAL=-91537.235

---- Final Portfolio Holdings as of Wed Jul 08 01:05:43 GMT+00:00 2015 ----
null 203 of AYI with cost basis of 161.0 and pct-chg: 17.4% with % of portfolio weight=19.4%
null 392 of AMBA with cost basis of 67.6 and pct-chg: 49.2% with % of portfolio weight=20.0%
null 240 of CE with cost basis of 66.5 and pct-chg: 7.91% with % of portfolio weight=8.73%
null 1017 of AVG with cost basis of 25.1 and pct-chg: 8.33% with % of portfolio weight=14.0%
null 224 of STJ with cost basis of 71.3 and pct-chg: 3.78% with % of portfolio weight=8.4%
null 287 of IMPV with cost basis of 55.6 and pct-chg: 16.9% with % of portfolio weight=9.45%
null 755 of AMED with cost basis of 33.9 and pct-chg: 22.3% with % of portfolio weight=15.8%
null 317 of MBLY with cost basis of 50.3 and pct-chg: 11.0% with % of portfolio weight=8.98%
null 240 of TMH with cost basis of 66.4 and pct-chg: 0.649% with % of portfolio weight=8.13%
null 287 of HRC with cost basis of 55.7 and pct-chg: -2.7% with % of portfolio weight=7.88%
null 1097 of BCRX with cost basis of 14.6 and pct-chg: 6.2% with % of portfolio weight=8.6%
null 118 of BMRN with cost basis of 135.0 and pct-chg: 3.23% with % of portfolio weight=8.36%
null 289 of IPCM with cost basis of 55.3 and pct-chg: 4.93% with % of portfolio weight=8.5%

Total Invested Amount = 288862.67 with % of portfolio weight=146.0%
Cash Bal = -91537.235 with % of portfolio weight=-46.4%
Net Value = 197325.435

---- Run stats ----
Start-Date: Tue Jan 01 08:00:00 GMT+00:00 2013
End-Date: Wed Jul 08 01:05:43 GMT+00:00 2015
Total Trading days: 918
Net Gain/Loss = 97325.435
Pct Chg = 97.3%
