Thu Jan 08 08:00:00 GMT+00:00 2015 - LABL - FLAT_BASE
Thu Jan 08 08:00:00 GMT+00:00 2015 - BSX - CONSOLIDATION
Thu Jan 08 08:00:00 GMT+00:00 2015 - CMG - FLAT_BASE
Thu Jan 08 08:00:00 GMT+00:00 2015 - TSRO - CUP
Thu Jan 22 08:00:00 GMT+00:00 2015 - AGU - CUP
Thu Jan 22 08:00:00 GMT+00:00 2015 - TSM - FLAT_BASE
Thu Jan 22 08:00:00 GMT+00:00 2015 - TTM - DOUBLE_BOTTOM
Fri Jan 23 08:00:00 GMT+00:00 2015 - CSWC - CUP_HANDLE
Fri Jan 23 08:00:00 GMT+00:00 2015 - SBUX - FLAT_BASE
Fri Feb 06 08:00:00 GMT+00:00 2015 - CME - FLAT_BASE
Tue Feb 10 08:00:00 GMT+00:00 2015 - SEE - FLAT_BASE
Tue Feb 10 08:00:00 GMT+00:00 2015 - MOH - FLAT_BASE
Tue Feb 10 08:00:00 GMT+00:00 2015 - PINC - CUP_HANDLE
Wed Apr 08 08:00:00 GMT+00:00 2015 - CHL - FLAT_BASE
Wed Apr 15 08:00:00 GMT+00:00 2015 - SWHC - CUP_HANDLE
Fri Apr 17 08:00:00 GMT+00:00 2015 - CE - CONSOLIDATION
Tue Apr 21 08:00:00 GMT+00:00 2015 - OCR - FLAT_BASE
Tue Apr 28 08:00:00 GMT+00:00 2015 - SC - FLAT_BASE
Tue Apr 28 08:00:00 GMT+00:00 2015 - HQY - CUP_HANDLE
Wed May 20 08:00:00 GMT+00:00 2015 - ADI - FLAT_BASE
Wed May 20 08:00:00 GMT+00:00 2015 - ATRI - FLAT_BASE
Wed May 20 08:00:00 GMT+00:00 2015 - TWC - FLAT_BASE
Wed May 20 08:00:00 GMT+00:00 2015 - FLY - FLAT_BASE
Wed May 20 08:00:00 GMT+00:00 2015 - TTPH - CONSOLIDATION
