Thu Jan 08 08:00:00 GMT+00:00 2015 BUY  - LABL - 344 @58.0 Total=19960.0
Thu Jan 08 08:00:00 GMT+00:00 2015 BUY  - BSX - 1370 @14.59 Total=19996.3
Mon Jan 12 08:00:00 GMT+00:00 2015 SELL  - LABL - 344 @56.93 Total=19575.92
Thu Jan 15 08:00:00 GMT+00:00 2015 SELL  - BSX - 1370 @14.31 Total=19596.7
Thu Jan 22 08:00:00 GMT+00:00 2015 BUY  - AGU - 186 @107.2 Total=19947.2
Thu Jan 22 08:00:00 GMT+00:00 2015 BUY  - TSM - 843 @23.71 Total=19995.53
Fri Jan 23 08:00:00 GMT+00:00 2015 BUY  - CSWC - 469 @42.59 Total=19982.71
Fri Jan 23 08:00:00 GMT+00:00 2015 BUY  - SBUX - 226 @88.22 Total=19945.72
Wed Jan 28 08:00:00 GMT+00:00 2015 SELL  - AGU - 186 @104.39 Total=19408.54
Thu Jan 29 08:00:00 GMT+00:00 2015 SELL  - TSM - 843 @23.29 Total=19625.47
Fri Feb 06 08:00:00 GMT+00:00 2015 BUY  - CME - 212 @94.21 Total=19980.52
Tue Feb 10 08:00:00 GMT+00:00 2015 BUY  - SEE - 441 @45.27 Total=19972.07
Tue Feb 10 08:00:00 GMT+00:00 2015 BUY  - MOH - 355 @56.26 Total=19980.3
Mon Apr 06 08:00:00 GMT+00:00 2015 SELL  - CME - 212 @92.095 Total=19516.14
Wed Apr 08 08:00:00 GMT+00:00 2015 BUY  - CHL - 277 @71.94 Total=19935.38
Wed Apr 15 08:00:00 GMT+00:00 2015 SELL  - SEE - 441 @44.46 Total=19598.86
Wed Apr 15 08:00:00 GMT+00:00 2015 BUY  - SWHC - 1335 @14.97 Total=19992.95
Fri Apr 17 08:00:00 GMT+00:00 2015 SELL  - CHL - 277 @67.68 Total=18739.36
Fri Apr 17 08:00:00 GMT+00:00 2015 SELL  - CSWC - 469 @47.01 Total=22039.69
Fri Apr 17 08:00:00 GMT+00:00 2015 BUY  - CE - 297 @67.18 Total=19960.46
Tue Apr 21 08:00:00 GMT+00:00 2015 BUY  - OCR - 246 @81.07 Total=19951.22
Mon Apr 27 08:00:00 GMT+00:00 2015 SELL  - MOH - 355 @62.09 Total=22033.95
Tue Apr 28 08:00:00 GMT+00:00 2015 BUY  - SC - 833 @24.0 Total=20000.0
Thu May 07 08:00:00 GMT+00:00 2015 SELL  - CE - 297 @66.5 Total=19742.5
Wed May 20 08:00:00 GMT+00:00 2015 BUY  - ADI - 302 @66.18 Total=19994.36
