Thu Jan 22 08:00:00 GMT+00:00 2015 BUY  - TSM - 421 @23.71 Total=9981.91
Fri Jan 23 08:00:00 GMT+00:00 2015 BUY  - SBUX - 113 @88.22 Total=9968.86
Fri Jan 30 08:00:00 GMT+00:00 2015 SELL  - TSM - 421 @22.71 Total=9560.91
Thu Feb 05 08:00:00 GMT+00:00 2015 BUY  - SBH - 309 @32.24 Total=9962.16
Tue Feb 10 08:00:00 GMT+00:00 2015 BUY  - SEE - 220 @45.27 Total=9959.4
Wed Feb 11 08:00:00 GMT+00:00 2015 BUY  - SCI - 409 @24.39 Total=9975.51
Fri Feb 13 08:00:00 GMT+00:00 2015 BUY  - EIGI - 512 @19.49 Total=9978.88
Mon Mar 09 08:00:00 GMT+00:00 2015 BUY  - SBUX - 64 @93.04 Total=5954.56
Tue Mar 10 08:00:00 GMT+00:00 2015 SELL  - SBUX - 177 @92.18 Total=16315.86
Wed Mar 11 08:00:00 GMT+00:00 2015 SELL  - EIGI - 512 @18.11 Total=9272.32
Fri Mar 20 08:00:00 GMT+00:00 2015 BUY  - HNI - 185 @53.85 Total=9962.25
Fri Mar 20 08:00:00 GMT+00:00 2015 BUY  - OC - 235 @42.43 Total=9971.05
Wed Apr 01 08:00:00 GMT+00:00 2015 BUY  - SCI - 228 @26.25 Total=5985.0
Thu Apr 09 08:00:00 GMT+00:00 2015 SELL  - SBH - 309 @33.2 Total=10258.8
Thu Apr 09 08:00:00 GMT+00:00 2015 BUY  - EIGI - 476 @20.98 Total=9986.48
Wed Apr 15 08:00:00 GMT+00:00 2015 SELL  - SEE - 220 @44.46 Total=9781.2
Thu Apr 23 08:00:00 GMT+00:00 2015 SELL  - HNI - 185 @51.27 Total=9484.95
Thu Apr 23 08:00:00 GMT+00:00 2015 SELL  - OC - 235 @41.22 Total=9686.7
Thu Apr 23 08:00:00 GMT+00:00 2015 BUY  - JCI - 188 @52.9 Total=9945.2
Fri Apr 24 08:00:00 GMT+00:00 2015 BUY  - IMS - 344 @29.0 Total=9976.0
Fri Apr 24 08:00:00 GMT+00:00 2015 BUY  - DNKN - 184 @54.03 Total=9941.52
Tue Apr 28 08:00:00 GMT+00:00 2015 SELL  - EIGI - 476 @19.7 Total=9377.2
Tue Apr 28 08:00:00 GMT+00:00 2015 BUY  - SC - 416 @24.0 Total=9984.0
Tue May 05 08:00:00 GMT+00:00 2015 SELL  - JCI - 188 @50.18 Total=9433.84
Tue May 05 08:00:00 GMT+00:00 2015 SELL  - IMS - 344 @27.47 Total=9449.68
Tue May 05 08:00:00 GMT+00:00 2015 SELL  - DNKN - 184 @51.22 Total=9424.48
Wed May 20 08:00:00 GMT+00:00 2015 BUY  - TWC - 60 @166.55 Total=9993.0
Wed May 20 08:00:00 GMT+00:00 2015 BUY  - ADI - 150 @66.18 Total=9927.0
Tue May 26 08:00:00 GMT+00:00 2015 SELL  - TWC - 60 @183.6 Total=11016.0
Wed May 27 08:00:00 GMT+00:00 2015 BUY  - AMED - 315 @31.67 Total=9976.05
Thu May 28 08:00:00 GMT+00:00 2015 BUY  - EPAM - 138 @72.01 Total=9937.38
Tue Jun 09 08:00:00 GMT+00:00 2015 BUY  - SCI - 137 @29.11 Total=3988.07
