Fri Jan 04 08:00:00 GMT+00:00 2013 BUY  - IEP - 196 @50.74 Total=9945.04
Mon Jan 07 08:00:00 GMT+00:00 2013 BUY  - NSM - 257 @38.83 Total=9979.31
Mon Jan 07 08:00:00 GMT+00:00 2013 BUY  - RNF - 234 @42.57 Total=9961.38
Fri Jan 11 08:00:00 GMT+00:00 2013 BUY  - HTHT - 557 @17.92 Total=9981.44
Wed Jan 16 08:00:00 GMT+00:00 2013 BUY  - PRLB - 233 @42.71 Total=9951.43
Thu Jan 17 08:00:00 GMT+00:00 2013 SELL  - NSM - 257 @36.77 Total=9449.89
Thu Jan 17 08:00:00 GMT+00:00 2013 BUY  - CLW - 225 @44.24 Total=9954.0
Fri Jan 25 08:00:00 GMT+00:00 2013 BUY  - RNF - 132 @45.37 Total=5988.84
Wed Feb 06 08:00:00 GMT+00:00 2013 SELL  - PRLB - 233 @39.99 Total=9317.67
Wed Feb 06 08:00:00 GMT+00:00 2013 BUY  - RNF - 83 @47.8 Total=3967.4
Mon Feb 11 08:00:00 GMT+00:00 2013 SELL  - RNF - 449 @43.65 Total=19598.85
Wed Feb 20 08:00:00 GMT+00:00 2013 SELL  - HTHT - 557 @17.84 Total=9936.88
Mon Mar 04 08:00:00 GMT+00:00 2013 SELL  - IEP - 196 @61.38 Total=12030.48
Wed Apr 10 08:00:00 GMT+00:00 2013 BUY  - CLW - 117 @51.09 Total=5977.53
Mon Apr 15 08:00:00 GMT+00:00 2013 SELL  - CLW - 342 @47.72 Total=16320.24
Tue May 14 08:00:00 GMT+00:00 2013 BUY  - QIHU - 257 @38.77 Total=9963.89
Wed May 15 08:00:00 GMT+00:00 2013 BUY  - SMTC - 278 @35.92 Total=9985.76
Tue Jun 18 08:00:00 GMT+00:00 2013 BUY  - PRLB - 159 @62.53 Total=9942.27
Fri Jun 21 08:00:00 GMT+00:00 2013 SELL  - PRLB - 159 @60.0 Total=9540.0
Mon Jun 24 08:00:00 GMT+00:00 2013 SELL  - SMTC - 278 @34.51 Total=9593.78
Thu Jun 27 08:00:00 GMT+00:00 2013 BUY  - SSTK - 186 @53.56 Total=9962.16
Tue Jul 23 08:00:00 GMT+00:00 2013 SELL  - SSTK - 186 @54.17 Total=10075.62
Wed Sep 04 08:00:00 GMT+00:00 2013 BUY  - SALE - 283 @35.3 Total=9989.9
Wed Sep 11 08:00:00 GMT+00:00 2013 SELL  - SALE - 283 @32.61 Total=9228.63
Thu Sep 12 08:00:00 GMT+00:00 2013 BUY  - WBA - 187 @53.29 Total=9965.23
Mon Sep 16 08:00:00 GMT+00:00 2013 BUY  - AVG - 406 @24.6 Total=9987.6
Wed Sep 18 08:00:00 GMT+00:00 2013 BUY  - QIHU - 69 @85.94 Total=5929.86
Thu Sep 26 08:00:00 GMT+00:00 2013 BUY  - FUL - 230 @43.28 Total=9954.4
Thu Oct 03 08:00:00 GMT+00:00 2013 SELL  - AVG - 406 @23.25 Total=9439.5
Tue Oct 08 08:00:00 GMT+00:00 2013 SELL  - QIHU - 326 @77.24 Total=25180.24
Thu Oct 10 08:00:00 GMT+00:00 2013 BUY  - WBA - 107 @56.0 Total=5992.0
Wed Oct 16 08:00:00 GMT+00:00 2013 BUY  - TMH - 230 @43.43 Total=9988.9
Wed Oct 23 08:00:00 GMT+00:00 2013 BUY  - CP - 69 @142.99 Total=9866.31
Tue Oct 29 08:00:00 GMT+00:00 2013 BUY  - BDBD - 570 @17.52 Total=9986.4
Wed Oct 30 08:00:00 GMT+00:00 2013 SELL  - TMH - 230 @43.37 Total=9975.1
Wed Oct 30 08:00:00 GMT+00:00 2013 BUY  - AZPN - 264 @37.81 Total=9981.84
Thu Oct 31 08:00:00 GMT+00:00 2013 SELL  - BDBD - 570 @16.39 Total=9342.3
Thu Oct 31 08:00:00 GMT+00:00 2013 BUY  - WBA - 67 @59.24 Total=3969.08
Thu Oct 31 08:00:00 GMT+00:00 2013 BUY  - FUL - 125 @47.87 Total=5983.75
Thu Oct 31 08:00:00 GMT+00:00 2013 BUY  - KS - 192 @51.96 Total=9976.32
Thu Nov 07 08:00:00 GMT+00:00 2013 SELL  - KS - 192 @48.25 Total=9264.0
Thu Nov 21 08:00:00 GMT+00:00 2013 BUY  - FUL - 80 @49.6 Total=3968.0
Mon Nov 25 08:00:00 GMT+00:00 2013 BUY  - BLMN - 371 @26.91 Total=9983.61
Mon Dec 02 08:00:00 GMT+00:00 2013 SELL  - BLMN - 371 @25.36 Total=9408.56
Wed Dec 04 08:00:00 GMT+00:00 2013 SELL  - WBA - 361 @57.57 Total=20782.77
Fri Dec 06 08:00:00 GMT+00:00 2013 BUY  - CP - 38 @154.19 Total=5859.22
Mon Dec 16 08:00:00 GMT+00:00 2013 BUY  - GNTX - 309 @32.285 Total=9976.065
Mon Dec 30 08:00:00 GMT+00:00 2013 BUY  - AZPN - 142 @41.92 Total=5952.64
Fri Jan 03 08:00:00 GMT+00:00 2014 BUY  - MKTO - 242 @41.22 Total=9975.24
Fri Jan 03 08:00:00 GMT+00:00 2014 SELL  - GNTX - 309 @32.3 Total=9980.7
Fri Jan 03 08:00:00 GMT+00:00 2014 BUY  - PFPT - 292 @34.18 Total=9980.56
Mon Jan 06 08:00:00 GMT+00:00 2014 SELL  - CP - 107 @147.47 Total=15779.29
Tue Jan 07 08:00:00 GMT+00:00 2014 BUY  - SPLK - 132 @75.39 Total=9951.48
Thu Jan 09 08:00:00 GMT+00:00 2014 SELL  - MKTO - 242 @39.84 Total=9641.28
Thu Jan 09 08:00:00 GMT+00:00 2014 BUY  - M - 179 @55.8 Total=9988.2
Fri Jan 17 08:00:00 GMT+00:00 2014 SELL  - FUL - 435 @49.51 Total=21536.85
Wed Jan 29 08:00:00 GMT+00:00 2014 SELL  - M - 179 @53.39 Total=9556.81
Wed Jan 29 08:00:00 GMT+00:00 2014 SELL  - SPLK - 132 @73.03 Total=9639.96
Wed Jan 29 08:00:00 GMT+00:00 2014 SELL  - AZPN - 406 @40.46 Total=16426.76
Wed Jan 29 08:00:00 GMT+00:00 2014 SELL  - PFPT - 292 @34.91 Total=10193.72
Mon Feb 10 08:00:00 GMT+00:00 2014 BUY  - SALE - 241 @41.33 Total=9960.53
Wed Feb 12 08:00:00 GMT+00:00 2014 BUY  - SN - 315 @31.72 Total=9991.8
Thu Feb 13 08:00:00 GMT+00:00 2014 BUY  - TWC - 69 @144.81 Total=9991.89
Tue Feb 18 08:00:00 GMT+00:00 2014 SELL  - SN - 315 @29.74 Total=9368.1
Wed Feb 19 08:00:00 GMT+00:00 2014 BUY  - FLS - 123 @80.6 Total=9913.8
Wed Feb 26 08:00:00 GMT+00:00 2014 BUY  - HEI - 159 @62.7 Total=9969.3
Tue Mar 04 08:00:00 GMT+00:00 2014 BUY  - NUVA - 254 @39.29 Total=9979.66
Wed Mar 05 08:00:00 GMT+00:00 2014 BUY  - SALE - 136 @43.78 Total=5954.08
Thu Mar 06 08:00:00 GMT+00:00 2014 SELL  - NUVA - 254 @37.29 Total=9471.66
Mon Mar 10 08:00:00 GMT+00:00 2014 SELL  - SALE - 377 @40.6 Total=15306.2
Tue Mar 11 08:00:00 GMT+00:00 2014 BUY  - EMES - 199 @50.1 Total=9969.9
Thu Mar 13 08:00:00 GMT+00:00 2014 SELL  - TWC - 69 @137.49 Total=9486.81
Thu Mar 13 08:00:00 GMT+00:00 2014 SELL  - FLS - 123 @75.74 Total=9316.02
Wed Mar 26 08:00:00 GMT+00:00 2014 SELL  - HEI - 159 @58.74 Total=9339.66
Thu Apr 17 08:00:00 GMT+00:00 2014 BUY  - WSO - 95 @104.18 Total=9897.1
Thu May 01 08:00:00 GMT+00:00 2014 BUY  - KEX - 92 @107.84 Total=9921.28
Wed May 14 08:00:00 GMT+00:00 2014 SELL  - WSO - 95 @100.69 Total=9565.55
Wed May 28 08:00:00 GMT+00:00 2014 BUY  - CAL - 341 @29.3 Total=9991.3
Mon Jun 02 08:00:00 GMT+00:00 2014 SELL  - CAL - 341 @27.83 Total=9490.03
Mon Jun 09 08:00:00 GMT+00:00 2014 BUY  - MTSI - 454 @21.99 Total=9983.46
Wed Jun 11 08:00:00 GMT+00:00 2014 BUY  - KEX - 52 @114.04 Total=5930.08
Fri Jun 13 08:00:00 GMT+00:00 2014 BUY  - EMES - 58 @101.95 Total=5913.1
Tue Jun 17 08:00:00 GMT+00:00 2014 BUY  - JWA - 166 @60.1 Total=9976.6
Thu Jun 19 08:00:00 GMT+00:00 2014 BUY  - GLOG - 334 @29.88 Total=9979.92
Thu Jun 19 08:00:00 GMT+00:00 2014 SELL  - KEX - 144 @116.39 Total=16760.16
Thu Jun 19 08:00:00 GMT+00:00 2014 BUY  - TAHO - 392 @25.49 Total=9992.08
Fri Jun 20 08:00:00 GMT+00:00 2014 SELL  - EMES - 257 @98.3 Total=25263.1
Fri Jun 20 08:00:00 GMT+00:00 2014 BUY  - GMLP - 269 @37.08 Total=9974.52
Wed Jun 25 08:00:00 GMT+00:00 2014 SELL  - GMLP - 269 @36.29 Total=9762.01
Wed Jun 25 08:00:00 GMT+00:00 2014 BUY  - TGNA - 325 @30.67 Total=9967.75
Tue Jul 01 08:00:00 GMT+00:00 2014 SELL  - MTSI - 454 @22.43 Total=10183.22
Tue Jul 01 08:00:00 GMT+00:00 2014 BUY  - ANET - 131 @76.0 Total=9956.0
Mon Jul 07 08:00:00 GMT+00:00 2014 SELL  - GLOG - 334 @28.23 Total=9428.82
Mon Jul 07 08:00:00 GMT+00:00 2014 SELL  - ANET - 131 @72.17 Total=9454.27
Fri Jul 25 08:00:00 GMT+00:00 2014 BUY  - TAHO - 222 @26.9 Total=5971.8
Thu Aug 07 08:00:00 GMT+00:00 2014 SELL  - JWA - 166 @58.94 Total=9784.04
Thu Aug 14 08:00:00 GMT+00:00 2014 SELL  - TAHO - 614 @26.06 Total=16000.84
Thu Aug 14 08:00:00 GMT+00:00 2014 BUY  - TGNA - 176 @34.05 Total=5992.8
Fri Aug 29 08:00:00 GMT+00:00 2014 BUY  - GPRO - 192 @51.8 Total=9945.6
Thu Sep 04 08:00:00 GMT+00:00 2014 BUY  - MEI - 251 @39.72 Total=9969.72
Tue Sep 09 08:00:00 GMT+00:00 2014 SELL  - TGNA - 501 @32.38 Total=16222.38
Wed Sep 10 08:00:00 GMT+00:00 2014 BUY  - HQY - 462 @21.62 Total=9988.44
Tue Sep 16 08:00:00 GMT+00:00 2014 SELL  - HQY - 462 @20.1 Total=9286.2
Thu Sep 25 08:00:00 GMT+00:00 2014 SELL  - MEI - 251 @38.04 Total=9548.04
Fri Sep 26 08:00:00 GMT+00:00 2014 BUY  - EIGI - 602 @16.59 Total=9987.18
Wed Oct 01 08:00:00 GMT+00:00 2014 SELL  - EIGI - 602 @15.94 Total=9595.88
Fri Oct 03 08:00:00 GMT+00:00 2014 BUY  - GPN - 130 @76.32 Total=9921.6
Thu Oct 09 08:00:00 GMT+00:00 2014 SELL  - GPN - 130 @73.97 Total=9616.1
Mon Oct 13 08:00:00 GMT+00:00 2014 BUY  - CMN - 257 @38.86 Total=9987.02
Tue Oct 14 08:00:00 GMT+00:00 2014 BUY  - AVA - 293 @34.03 Total=9970.79
Thu Oct 16 08:00:00 GMT+00:00 2014 SELL  - CMN - 257 @37.28 Total=9580.96
Fri Oct 17 08:00:00 GMT+00:00 2014 BUY  - NAVI - 536 @18.61 Total=9974.96
Tue Oct 21 08:00:00 GMT+00:00 2014 BUY  - AKRX - 242 @41.29 Total=9992.18
Mon Oct 27 08:00:00 GMT+00:00 2014 SELL  - GPRO - 192 @64.91 Total=12462.72
Mon Oct 27 08:00:00 GMT+00:00 2014 BUY  - EPAM - 213 @46.91 Total=9991.83
Thu Oct 30 08:00:00 GMT+00:00 2014 BUY  - BMY - 169 @58.98 Total=9967.62
Thu Nov 06 08:00:00 GMT+00:00 2014 SELL  - AKRX - 242 @37.88 Total=9166.96
Fri Nov 14 08:00:00 GMT+00:00 2014 SELL  - AVA - 293 @33.46 Total=9803.78
Fri Nov 28 08:00:00 GMT+00:00 2014 BUY  - NAVI - 285 @20.96 Total=5973.6
Tue Dec 02 08:00:00 GMT+00:00 2014 BUY  - EPAM - 119 @50.05 Total=5955.95
Tue Dec 16 08:00:00 GMT+00:00 2014 SELL  - EPAM - 332 @46.24 Total=15351.68
Tue Dec 16 08:00:00 GMT+00:00 2014 SELL  - BMY - 169 @57.69 Total=9749.61
Thu Dec 18 08:00:00 GMT+00:00 2014 BUY  - KRFT - 157 @63.38 Total=9950.66
Wed Dec 24 08:00:00 GMT+00:00 2014 BUY  - VA - 243 @41.0 Total=9963.0
Tue Dec 30 08:00:00 GMT+00:00 2014 BUY  - NAVI - 181 @21.985 Total=3979.285
Mon Jan 05 08:00:00 GMT+00:00 2015 SELL  - NAVI - 1002 @21.1 Total=21142.2
Wed Jan 07 08:00:00 GMT+00:00 2015 SELL  - VA - 243 @39.75 Total=9659.25
Fri Jan 23 08:00:00 GMT+00:00 2015 BUY  - SBUX - 113 @88.22 Total=9968.86
Thu Jan 29 08:00:00 GMT+00:00 2015 BUY  - VAR - 106 @94.04 Total=9968.24
Tue Feb 10 08:00:00 GMT+00:00 2015 BUY  - KRFT - 89 @66.89 Total=5953.21
Tue Feb 10 08:00:00 GMT+00:00 2015 BUY  - SEE - 220 @45.27 Total=9959.4
Wed Feb 11 08:00:00 GMT+00:00 2015 SELL  - KRFT - 246 @65.07 Total=16007.22
Wed Feb 11 08:00:00 GMT+00:00 2015 BUY  - SCI - 409 @24.39 Total=9975.51
Fri Feb 13 08:00:00 GMT+00:00 2015 BUY  - EIGI - 512 @19.49 Total=9978.88
Mon Mar 02 08:00:00 GMT+00:00 2015 BUY  - SBUX - 63 @94.225 Total=5936.175
Wed Mar 11 08:00:00 GMT+00:00 2015 SELL  - EIGI - 512 @18.11 Total=9272.32
Wed Apr 01 08:00:00 GMT+00:00 2015 BUY  - SCI - 228 @26.25 Total=5985.0
Wed Apr 15 08:00:00 GMT+00:00 2015 SELL  - SEE - 220 @44.46 Total=9781.2
Wed Apr 15 08:00:00 GMT+00:00 2015 BUY  - SCI - 147 @26.98 Total=3966.06
Tue Apr 21 08:00:00 GMT+00:00 2015 BUY  - SBUX - 82 @48.37 Total=3966.34
Tue Apr 28 08:00:00 GMT+00:00 2015 BUY  - HQY - 359 @27.76 Total=9965.84
Wed Apr 29 08:00:00 GMT+00:00 2015 BUY  - XPO - 204 @48.83 Total=9961.32
Thu Apr 30 08:00:00 GMT+00:00 2015 SELL  - VAR - 106 @88.85 Total=9418.1
Thu Apr 30 08:00:00 GMT+00:00 2015 SELL  - HQY - 359 @26.21 Total=9409.39
Fri May 08 08:00:00 GMT+00:00 2015 SELL  - XPO - 204 @48.56 Total=9906.24
Fri May 08 08:00:00 GMT+00:00 2015 BUY  - IMPV - 185 @53.98 Total=9986.3
Tue May 12 08:00:00 GMT+00:00 2015 SELL  - SBUX - 434 @49.71 Total=21574.14
Tue May 12 08:00:00 GMT+00:00 2015 BUY  - IPAR - 296 @33.65 Total=9960.4
Fri May 15 08:00:00 GMT+00:00 2015 SELL  - IPAR - 296 @31.93 Total=9451.28
Wed May 20 08:00:00 GMT+00:00 2015 BUY  - TWC - 60 @166.55 Total=9993.0
Tue May 26 08:00:00 GMT+00:00 2015 SELL  - TWC - 60 @183.6 Total=11016.0
Wed May 27 08:00:00 GMT+00:00 2015 BUY  - AMED - 315 @31.67 Total=9976.05
Fri Jun 05 08:00:00 GMT+00:00 2015 BUY  - JUNO - 146 @68.36 Total=9980.56
Tue Jun 09 08:00:00 GMT+00:00 2015 SELL  - JUNO - 146 @62.14 Total=9072.44
Tue Jun 09 08:00:00 GMT+00:00 2015 BUY  - CMN - 192 @52.0 Total=9984.0
Wed Jun 17 08:00:00 GMT+00:00 2015 BUY  - RDUS - 193 @51.73 Total=9983.89
Thu Jun 25 08:00:00 GMT+00:00 2015 BUY  - AMED - 149 @39.96 Total=5954.04
