Start Date: Tue Jan 01 08:00:00 GMT+00:00 2013
End Date: Tue Jun 30 07:45:03 GMT+00:00 2015
Initial Cash: 100000.0
Num Positions: 5
-----------------
Fri Jan 04 08:00:00 GMT+00:00 2013 BUY: 196 shares of IEP cost-basis=50.7 for $9945.04 CASH-BAL=90047.96
Mon Jan 07 08:00:00 GMT+00:00 2013 BUY: 257 shares of NSM cost-basis=38.8 for $9979.31 CASH-BAL=80061.65
Mon Jan 07 08:00:00 GMT+00:00 2013 BUY: 234 shares of RNF cost-basis=42.6 for $9961.38 CASH-BAL=70093.27
Fri Jan 11 08:00:00 GMT+00:00 2013 BUY: 557 shares of HTHT cost-basis=17.9 for $9981.44 CASH-BAL=60104.83
Wed Jan 16 08:00:00 GMT+00:00 2013 BUY: 233 shares of PRLB cost-basis=42.7 for $9951.43 CASH-BAL=50146.4
Thu Jan 17 08:00:00 GMT+00:00 2013 Selling due to underperformance: NSM
Thu Jan 17 08:00:00 GMT+00:00 2013 SELL NSM x257 for $9449.89 CASH-BAL=59589.29
Thu Jan 17 08:00:00 GMT+00:00 2013 BUY: 225 shares of CLW cost-basis=44.2 for $9954.0 CASH-BAL=49628.29
Fri Jan 25 08:00:00 GMT+00:00 2013 BUY: 132 shares of RNF cost-basis=43.6 for $5988.84 CASH-BAL=43632.45
Wed Feb 06 08:00:00 GMT+00:00 2013 StopLoss-SoftStop SELL: (-6.44%)233 shares of PRLB for -6.44
Wed Feb 06 08:00:00 GMT+00:00 2013 SELL PRLB x233 for $9317.67 CASH-BAL=52943.12
Wed Feb 06 08:00:00 GMT+00:00 2013 BUY: 83 shares of RNF cost-basis=44.4 for $3967.4 CASH-BAL=48968.72
Mon Feb 11 08:00:00 GMT+00:00 2013 StopLoss-ScaledSoftStop SELL: ($45.288000000000004)449 @$43.65 shares of RNF for -1.71
Mon Feb 11 08:00:00 GMT+00:00 2013 SELL RNF x449 for $19598.85 CASH-BAL=68560.57
Wed Feb 20 08:00:00 GMT+00:00 2013Market-Uptrend-Sell 20EMA: (-4.56%)557 shares of HTHT for -0.517
Wed Feb 20 08:00:00 GMT+00:00 2013 SELL HTHT x557 for $9936.88 CASH-BAL=78490.45
Mon Mar 04 08:00:00 GMT+00:00 2013Market-Uptrend-Sell 20EMA: (-9.06%)196 shares of IEP for 20.9
Mon Mar 04 08:00:00 GMT+00:00 2013 SELL IEP x196 for $12030.48 CASH-BAL=90513.93
Wed Apr 10 08:00:00 GMT+00:00 2013 BUY: 117 shares of CLW cost-basis=46.6 for $5977.53 CASH-BAL=84529.4
Mon Apr 15 08:00:00 GMT+00:00 2013Market-Uptrend-Sell 20EMA: (-5.27%)342 shares of CLW for 2.35
Mon Apr 15 08:00:00 GMT+00:00 2013 SELL CLW x342 for $16320.24 CASH-BAL=100842.64
Tue May 14 08:00:00 GMT+00:00 2013 BUY: 257 shares of QIHU cost-basis=38.8 for $9963.89 CASH-BAL=90871.75
Wed May 15 08:00:00 GMT+00:00 2013 BUY: 278 shares of SMTC cost-basis=35.9 for $9985.76 CASH-BAL=80878.99
Tue Jun 18 08:00:00 GMT+00:00 2013 BUY: 159 shares of PRLB cost-basis=62.5 for $9942.27 CASH-BAL=70929.72
Fri Jun 21 08:00:00 GMT+00:00 2013Market-Downtrend-Sell -3%: (-4.12%)159 shares of PRLB for -4.12
Fri Jun 21 08:00:00 GMT+00:00 2013 SELL PRLB x159 for $9540.0 CASH-BAL=80462.72
Mon Jun 24 08:00:00 GMT+00:00 2013Market-Downtrend-Sell 20EMA: (-3.31%)278 shares of SMTC for -4.0
Mon Jun 24 08:00:00 GMT+00:00 2013 SELL SMTC x278 for $9593.78 CASH-BAL=90049.5
Thu Jun 27 08:00:00 GMT+00:00 2013 BUY: 186 shares of SSTK cost-basis=53.6 for $9962.16 CASH-BAL=80080.34
Tue Jul 23 08:00:00 GMT+00:00 2013Market-Uptrend-Sell 20EMA: (-2.57%)186 shares of SSTK for 1.07
Tue Jul 23 08:00:00 GMT+00:00 2013 SELL SSTK x186 for $10075.62 CASH-BAL=90148.96
Wed Sep 04 08:00:00 GMT+00:00 2013 BUY: 283 shares of SALE cost-basis=35.3 for $9989.9 CASH-BAL=80152.06
Wed Sep 11 08:00:00 GMT+00:00 2013 StopLoss-HardStop SELL: (-7.69%)283 shares of SALE for -7.69
Wed Sep 11 08:00:00 GMT+00:00 2013 SELL SALE x283 for $9228.63 CASH-BAL=89373.69
Thu Sep 12 08:00:00 GMT+00:00 2013 BUY: 187 shares of WBA cost-basis=53.3 for $9965.23 CASH-BAL=79401.46
Mon Sep 16 08:00:00 GMT+00:00 2013 BUY: 406 shares of AVG cost-basis=24.6 for $9987.6 CASH-BAL=69406.86
Wed Sep 18 08:00:00 GMT+00:00 2013 BUY: 69 shares of QIHU cost-basis=48.8 for $5929.86 CASH-BAL=63470.0
Thu Sep 26 08:00:00 GMT+00:00 2013 BUY: 230 shares of FUL cost-basis=43.3 for $9954.4 CASH-BAL=53508.6
Thu Oct 03 08:00:00 GMT+00:00 2013 StopLoss-SoftStop SELL: (-5.56%)406 shares of AVG for -5.56
Thu Oct 03 08:00:00 GMT+00:00 2013 SELL AVG x406 for $9439.5 CASH-BAL=62941.1
Tue Oct 08 08:00:00 GMT+00:00 2013Market-Uptrend-Sell 20EMA: (-8.03%)326 shares of QIHU for 58.3
Tue Oct 08 08:00:00 GMT+00:00 2013 SELL QIHU x326 for $25180.24 CASH-BAL=88114.34
Thu Oct 10 08:00:00 GMT+00:00 2013 BUY: 107 shares of WBA cost-basis=54.3 for $5992.0 CASH-BAL=82115.34
Wed Oct 16 08:00:00 GMT+00:00 2013 BUY: 230 shares of TMH cost-basis=43.4 for $9988.9 CASH-BAL=72119.44
Wed Oct 23 08:00:00 GMT+00:00 2013 BUY: 69 shares of CP cost-basis=143 for $9866.31 CASH-BAL=62246.13
Tue Oct 29 08:00:00 GMT+00:00 2013 BUY: 570 shares of BDBD cost-basis=17.5 for $9986.4 CASH-BAL=52252.73
Wed Oct 30 08:00:00 GMT+00:00 2013 Selling due to underperformance: TMH
Wed Oct 30 08:00:00 GMT+00:00 2013 SELL TMH x230 for $9975.1 CASH-BAL=62220.83
Wed Oct 30 08:00:00 GMT+00:00 2013 BUY: 264 shares of AZPN cost-basis=37.8 for $9981.84 CASH-BAL=52231.99
Thu Oct 31 08:00:00 GMT+00:00 2013 StopLoss-SoftStop SELL: (-6.52%)570 shares of BDBD for -6.52
Thu Oct 31 08:00:00 GMT+00:00 2013 SELL BDBD x570 for $9342.3 CASH-BAL=61567.29
Thu Oct 31 08:00:00 GMT+00:00 2013 BUY: 67 shares of WBA cost-basis=55.2 for $3969.08 CASH-BAL=57591.21
Thu Oct 31 08:00:00 GMT+00:00 2013 BUY: 125 shares of FUL cost-basis=44.9 for $5983.75 CASH-BAL=51600.46
Thu Oct 31 08:00:00 GMT+00:00 2013 BUY: 192 shares of KS cost-basis=52.0 for $9976.32 CASH-BAL=41617.14
Thu Nov 07 08:00:00 GMT+00:00 2013 StopLoss-HardStop SELL: (-7.21%)192 shares of KS for -7.21
Thu Nov 07 08:00:00 GMT+00:00 2013 SELL KS x192 for $9264.0 CASH-BAL=50874.14
Thu Nov 21 08:00:00 GMT+00:00 2013 BUY: 80 shares of FUL cost-basis=45.8 for $3968.0 CASH-BAL=46899.14
Mon Nov 25 08:00:00 GMT+00:00 2013 BUY: 371 shares of BLMN cost-basis=26.9 for $9983.61 CASH-BAL=36908.53
Mon Dec 02 08:00:00 GMT+00:00 2013 StopLoss-SoftStop SELL: (-5.83%)371 shares of BLMN for -5.83
Mon Dec 02 08:00:00 GMT+00:00 2013 SELL BLMN x371 for $9408.56 CASH-BAL=46310.09
Wed Dec 04 08:00:00 GMT+00:00 2013Market-Uptrend-Sell 20EMA: (-2.74%)361 shares of WBA for 4.19
Wed Dec 04 08:00:00 GMT+00:00 2013 SELL WBA x361 for $20782.77 CASH-BAL=67085.86
Fri Dec 06 08:00:00 GMT+00:00 2013 BUY: 38 shares of CP cost-basis=147 for $5859.22 CASH-BAL=61219.64
Mon Dec 16 08:00:00 GMT+00:00 2013 BUY: 309 shares of GNTX cost-basis=32.3 for $9976.065 CASH-BAL=51236.575
Mon Dec 30 08:00:00 GMT+00:00 2013 BUY: 142 shares of AZPN cost-basis=39.2 for $5952.64 CASH-BAL=45276.935
Fri Jan 03 08:00:00 GMT+00:00 2014 BUY: 242 shares of MKTO cost-basis=41.2 for $9975.24 CASH-BAL=35294.695
Fri Jan 03 08:00:00 GMT+00:00 2014 Selling due to underperformance: GNTX
Fri Jan 03 08:00:00 GMT+00:00 2014 SELL GNTX x309 for $9980.7 CASH-BAL=45268.395
Fri Jan 03 08:00:00 GMT+00:00 2014 BUY: 292 shares of PFPT cost-basis=34.2 for $9980.56 CASH-BAL=35280.835
Mon Jan 06 08:00:00 GMT+00:00 2014 StopLoss-ScaledSoftStop SELL: ($148.47)107 @$147.47 shares of CP for 0.253
Mon Jan 06 08:00:00 GMT+00:00 2014 SELL CP x107 for $15779.29 CASH-BAL=51053.125
Tue Jan 07 08:00:00 GMT+00:00 2014 BUY: 132 shares of SPLK cost-basis=75.4 for $9951.48 CASH-BAL=41094.645
Thu Jan 09 08:00:00 GMT+00:00 2014 Selling due to underperformance: MKTO
Thu Jan 09 08:00:00 GMT+00:00 2014 SELL MKTO x242 for $9641.28 CASH-BAL=50728.925
Thu Jan 09 08:00:00 GMT+00:00 2014 BUY: 179 shares of M cost-basis=55.8 for $9988.2 CASH-BAL=40733.725
Fri Jan 17 08:00:00 GMT+00:00 2014Market-Uptrend-Sell 20EMA: (-3.42%)435 shares of FUL for 8.09
Fri Jan 17 08:00:00 GMT+00:00 2014 SELL FUL x435 for $21536.85 CASH-BAL=62263.575
Wed Jan 29 08:00:00 GMT+00:00 2014Market-Downtrend-Sell 20EMA: (-1.73%)179 shares of M for -4.39
Wed Jan 29 08:00:00 GMT+00:00 2014Market-Downtrend-Sell 20EMA: (-3.09%)132 shares of SPLK for -3.2
Wed Jan 29 08:00:00 GMT+00:00 2014Market-Downtrend-Sell 20EMA: (-2.75%)406 shares of AZPN for 3.0
Wed Jan 29 08:00:00 GMT+00:00 2014Market-Downtrend-Sell 20EMA: (-1.59%)292 shares of PFPT for 2.07
Wed Jan 29 08:00:00 GMT+00:00 2014 SELL M x179 for $9556.81 CASH-BAL=71813.385
Wed Jan 29 08:00:00 GMT+00:00 2014 SELL SPLK x132 for $9639.96 CASH-BAL=81446.345
Wed Jan 29 08:00:00 GMT+00:00 2014 SELL AZPN x406 for $16426.76 CASH-BAL=97866.105
Wed Jan 29 08:00:00 GMT+00:00 2014 SELL PFPT x292 for $10193.72 CASH-BAL=108052.825
Mon Feb 10 08:00:00 GMT+00:00 2014 BUY: 241 shares of SALE cost-basis=41.3 for $9960.53 CASH-BAL=98085.295
Wed Feb 12 08:00:00 GMT+00:00 2014 BUY: 315 shares of SN cost-basis=31.7 for $9991.8 CASH-BAL=88086.495
Thu Feb 13 08:00:00 GMT+00:00 2014 BUY: 69 shares of TWC cost-basis=145 for $9991.89 CASH-BAL=78087.605
Tue Feb 18 08:00:00 GMT+00:00 2014 StopLoss-SoftStop SELL: (-6.31%)315 shares of SN for -6.31
Tue Feb 18 08:00:00 GMT+00:00 2014 SELL SN x315 for $9368.1 CASH-BAL=87448.705
Wed Feb 19 08:00:00 GMT+00:00 2014 BUY: 123 shares of FLS cost-basis=80.6 for $9913.8 CASH-BAL=77527.905
Wed Feb 26 08:00:00 GMT+00:00 2014 BUY: 159 shares of HEI cost-basis=62.7 for $9969.3 CASH-BAL=67551.605
Tue Mar 04 08:00:00 GMT+00:00 2014 BUY: 254 shares of NUVA cost-basis=39.3 for $9979.66 CASH-BAL=57564.945
Wed Mar 05 08:00:00 GMT+00:00 2014 BUY: 136 shares of SALE cost-basis=42.2 for $5954.08 CASH-BAL=51603.865
Thu Mar 06 08:00:00 GMT+00:00 2014 StopLoss-SoftStop SELL: (-5.16%)254 shares of NUVA for -5.16
Thu Mar 06 08:00:00 GMT+00:00 2014 SELL NUVA x254 for $9471.66 CASH-BAL=61068.525
Mon Mar 10 08:00:00 GMT+00:00 2014 StopLoss-ScaledSoftStop SELL: ($42.622)377 @$40.6 shares of SALE for -3.91
Mon Mar 10 08:00:00 GMT+00:00 2014 SELL SALE x377 for $15306.2 CASH-BAL=76367.725
Tue Mar 11 08:00:00 GMT+00:00 2014 BUY: 199 shares of EMES cost-basis=50.1 for $9969.9 CASH-BAL=66390.825
Thu Mar 13 08:00:00 GMT+00:00 2014 StopLoss-SoftStop SELL: (-5.12%)69 shares of TWC for -5.12
Thu Mar 13 08:00:00 GMT+00:00 2014 StopLoss-SoftStop SELL: (-6.1%)123 shares of FLS for -6.1
Thu Mar 13 08:00:00 GMT+00:00 2014 SELL TWC x69 for $9486.81 CASH-BAL=75870.635
Thu Mar 13 08:00:00 GMT+00:00 2014 SELL FLS x123 for $9316.02 CASH-BAL=85179.655
Wed Mar 26 08:00:00 GMT+00:00 2014 StopLoss-SoftStop SELL: (-6.39%)159 shares of HEI for -6.39
Wed Mar 26 08:00:00 GMT+00:00 2014 SELL HEI x159 for $9339.66 CASH-BAL=94512.315
Thu Apr 17 08:00:00 GMT+00:00 2014 BUY: 95 shares of WSO cost-basis=104 for $9897.1 CASH-BAL=84608.215
Thu May 01 08:00:00 GMT+00:00 2014 BUY: 92 shares of KEX cost-basis=108 for $9921.28 CASH-BAL=74679.935
Wed May 14 08:00:00 GMT+00:00 2014Market-Downtrend-Sell -3%: (-3.42%)95 shares of WSO for -3.42
Wed May 14 08:00:00 GMT+00:00 2014 SELL WSO x95 for $9565.55 CASH-BAL=84238.485
Wed May 28 08:00:00 GMT+00:00 2014 BUY: 341 shares of CAL cost-basis=29.3 for $9991.3 CASH-BAL=74240.185
Mon Jun 02 08:00:00 GMT+00:00 2014 StopLoss-SoftStop SELL: (-5.09%)341 shares of CAL for -5.09
Mon Jun 02 08:00:00 GMT+00:00 2014 SELL CAL x341 for $9490.03 CASH-BAL=83723.215
Mon Jun 09 08:00:00 GMT+00:00 2014 BUY: 454 shares of MTSI cost-basis=22.0 for $9983.46 CASH-BAL=73732.755
Wed Jun 11 08:00:00 GMT+00:00 2014 BUY: 52 shares of KEX cost-basis=110 for $5930.08 CASH-BAL=67795.675
Fri Jun 13 08:00:00 GMT+00:00 2014 BUY: 58 shares of EMES cost-basis=61.8 for $5913.1 CASH-BAL=61875.575
Tue Jun 17 08:00:00 GMT+00:00 2014 BUY: 166 shares of JWA cost-basis=60.1 for $9976.6 CASH-BAL=51891.975
Thu Jun 19 08:00:00 GMT+00:00 2014 BUY: 334 shares of GLOG cost-basis=29.9 for $9979.92 CASH-BAL=41905.055
Thu Jun 19 08:00:00 GMT+00:00 2014 Selling due to underperformance: KEX
Thu Jun 19 08:00:00 GMT+00:00 2014 SELL KEX x144 for $16760.16 CASH-BAL=58658.215
Thu Jun 19 08:00:00 GMT+00:00 2014 BUY: 392 shares of TAHO cost-basis=25.5 for $9992.08 CASH-BAL=48659.135
Fri Jun 20 08:00:00 GMT+00:00 2014Market-Uptrend-Sell 20EMA: (-2.55%)257 shares of EMES for 59.0
Fri Jun 20 08:00:00 GMT+00:00 2014 SELL EMES x257 for $25263.1 CASH-BAL=73915.235
Fri Jun 20 08:00:00 GMT+00:00 2014 BUY: 269 shares of GMLP cost-basis=37.1 for $9974.52 CASH-BAL=63933.715
Wed Jun 25 08:00:00 GMT+00:00 2014 Selling due to underperformance: GMLP
Wed Jun 25 08:00:00 GMT+00:00 2014 SELL GMLP x269 for $9762.01 CASH-BAL=73688.725
Wed Jun 25 08:00:00 GMT+00:00 2014 BUY: 325 shares of TGNA cost-basis=30.7 for $9967.75 CASH-BAL=63713.975
Tue Jul 01 08:00:00 GMT+00:00 2014 Selling due to underperformance: MTSI
Tue Jul 01 08:00:00 GMT+00:00 2014 SELL MTSI x454 for $10183.22 CASH-BAL=73890.195
Tue Jul 01 08:00:00 GMT+00:00 2014 BUY: 131 shares of ANET cost-basis=76.0 for $9956.0 CASH-BAL=63927.195
Mon Jul 07 08:00:00 GMT+00:00 2014 StopLoss-SoftStop SELL: (-5.59%)334 shares of GLOG for -5.59
Mon Jul 07 08:00:00 GMT+00:00 2014 StopLoss-SoftStop SELL: (-5.11%)131 shares of ANET for -5.11
Mon Jul 07 08:00:00 GMT+00:00 2014 SELL GLOG x334 for $9428.82 CASH-BAL=73349.015
Mon Jul 07 08:00:00 GMT+00:00 2014 SELL ANET x131 for $9454.27 CASH-BAL=82796.285
Fri Jul 25 08:00:00 GMT+00:00 2014 BUY: 222 shares of TAHO cost-basis=26.0 for $5971.8 CASH-BAL=76817.485
Thu Aug 07 08:00:00 GMT+00:00 2014Market-Downtrend-Sell 20EMA: (-2.0%)166 shares of JWA for -2.0
Thu Aug 07 08:00:00 GMT+00:00 2014 SELL JWA x166 for $9784.04 CASH-BAL=86594.525
Thu Aug 14 08:00:00 GMT+00:00 2014 StopLoss-ScaledSoftStop SELL: ($26.26)614 @$26.06 shares of TAHO for 0.144
Thu Aug 14 08:00:00 GMT+00:00 2014 SELL TAHO x614 for $16000.84 CASH-BAL=102588.365
Thu Aug 14 08:00:00 GMT+00:00 2014 BUY: 176 shares of TGNA cost-basis=31.9 for $5992.8 CASH-BAL=96588.565
Fri Aug 29 08:00:00 GMT+00:00 2014 BUY: 192 shares of GPRO cost-basis=51.8 for $9945.6 CASH-BAL=86635.965
Thu Sep 04 08:00:00 GMT+00:00 2014 BUY: 251 shares of MEI cost-basis=39.7 for $9969.72 CASH-BAL=76659.245
Tue Sep 09 08:00:00 GMT+00:00 2014Market-Uptrend-Sell 20EMA: (-3.58%)501 shares of TGNA for 1.55
Tue Sep 09 08:00:00 GMT+00:00 2014 SELL TGNA x501 for $16222.38 CASH-BAL=92874.625
Wed Sep 10 08:00:00 GMT+00:00 2014 BUY: 462 shares of HQY cost-basis=21.6 for $9988.44 CASH-BAL=82879.185
Tue Sep 16 08:00:00 GMT+00:00 2014 StopLoss-HardStop SELL: (-7.1%)462 shares of HQY for -7.1
Tue Sep 16 08:00:00 GMT+00:00 2014 SELL HQY x462 for $9286.2 CASH-BAL=92158.385
Thu Sep 25 08:00:00 GMT+00:00 2014Market-Downtrend-Sell -3%: (-4.3%)251 shares of MEI for -4.3
Thu Sep 25 08:00:00 GMT+00:00 2014 SELL MEI x251 for $9548.04 CASH-BAL=101699.425
Fri Sep 26 08:00:00 GMT+00:00 2014 BUY: 602 shares of EIGI cost-basis=16.6 for $9987.18 CASH-BAL=91705.245
Wed Oct 01 08:00:00 GMT+00:00 2014Market-Downtrend-Sell -3%: (-3.99%)602 shares of EIGI for -3.99
Wed Oct 01 08:00:00 GMT+00:00 2014 SELL EIGI x602 for $9595.88 CASH-BAL=101294.125
Fri Oct 03 08:00:00 GMT+00:00 2014 BUY: 130 shares of GPN cost-basis=76.3 for $9921.6 CASH-BAL=91365.525
Thu Oct 09 08:00:00 GMT+00:00 2014Market-Downtrend-Sell -3%: (-3.15%)130 shares of GPN for -3.15
Thu Oct 09 08:00:00 GMT+00:00 2014 SELL GPN x130 for $9616.1 CASH-BAL=100974.625
Mon Oct 13 08:00:00 GMT+00:00 2014 BUY: 257 shares of CMN cost-basis=38.9 for $9987.02 CASH-BAL=90980.605
Tue Oct 14 08:00:00 GMT+00:00 2014 BUY: 293 shares of AVA cost-basis=34.0 for $9970.79 CASH-BAL=81002.815
Thu Oct 16 08:00:00 GMT+00:00 2014Market-Downtrend-Sell -3%: (-4.14%)257 shares of CMN for -4.14
Thu Oct 16 08:00:00 GMT+00:00 2014 SELL CMN x257 for $9580.96 CASH-BAL=90576.775
Fri Oct 17 08:00:00 GMT+00:00 2014 BUY: 536 shares of NAVI cost-basis=18.6 for $9974.96 CASH-BAL=80594.815
Tue Oct 21 08:00:00 GMT+00:00 2014 BUY: 242 shares of AKRX cost-basis=41.3 for $9992.18 CASH-BAL=70595.635
Mon Oct 27 08:00:00 GMT+00:00 2014Market-CautiousUp-Sell 50EMA: (-5.9%)192 shares of GPRO for 25.2
Mon Oct 27 08:00:00 GMT+00:00 2014 SELL GPRO x192 for $12462.72 CASH-BAL=83051.355
Mon Oct 27 08:00:00 GMT+00:00 2014 BUY: 213 shares of EPAM cost-basis=46.9 for $9991.83 CASH-BAL=73052.525
Thu Oct 30 08:00:00 GMT+00:00 2014 BUY: 169 shares of BMY cost-basis=59.0 for $9967.62 CASH-BAL=63077.905
Thu Nov 06 08:00:00 GMT+00:00 2014 StopLoss-HardStop SELL: (-8.33%)242 shares of AKRX for -8.33
Thu Nov 06 08:00:00 GMT+00:00 2014 SELL AKRX x242 for $9166.96 CASH-BAL=72237.865
Fri Nov 14 08:00:00 GMT+00:00 2014Market-Uptrend-Sell 20EMA: (-2.59%)293 shares of AVA for -1.75
Fri Nov 14 08:00:00 GMT+00:00 2014 SELL AVA x293 for $9803.78 CASH-BAL=82034.645
Fri Nov 28 08:00:00 GMT+00:00 2014 BUY: 285 shares of NAVI cost-basis=19.4 for $5973.6 CASH-BAL=76054.045
Tue Dec 02 08:00:00 GMT+00:00 2014 BUY: 119 shares of EPAM cost-basis=48.0 for $5955.95 CASH-BAL=70091.095
Tue Dec 16 08:00:00 GMT+00:00 2014 StopLoss-ScaledSoftStop SELL: ($48.480000000000004)332 @$46.24 shares of EPAM for -3.83
Tue Dec 16 08:00:00 GMT+00:00 2014 SELL EPAM x332 for $15351.68 CASH-BAL=85435.775
Tue Dec 16 08:00:00 GMT+00:00 2014Market-Downtrend-Sell 20EMA: (-1.79%)169 shares of BMY for -2.26
Tue Dec 16 08:00:00 GMT+00:00 2014 SELL BMY x169 for $9749.61 CASH-BAL=95178.385
Thu Dec 18 08:00:00 GMT+00:00 2014 BUY: 157 shares of KRFT cost-basis=63.4 for $9950.66 CASH-BAL=85220.725
Wed Dec 24 08:00:00 GMT+00:00 2014 BUY: 243 shares of VA cost-basis=41.0 for $9963.0 CASH-BAL=75250.725
Tue Dec 30 08:00:00 GMT+00:00 2014 BUY: 181 shares of NAVI cost-basis=19.9 for $3979.285 CASH-BAL=71264.44
Mon Jan 05 08:00:00 GMT+00:00 2015Market-Downtrend-Sell 20EMA: (-2.03%)1002 shares of NAVI for 5.99
Mon Jan 05 08:00:00 GMT+00:00 2015 SELL NAVI x1002 for $21142.2 CASH-BAL=92399.64
Wed Jan 07 08:00:00 GMT+00:00 2015Market-Downtrend-Sell -3%: (-3.12%)243 shares of VA for -3.12
Wed Jan 07 08:00:00 GMT+00:00 2015 SELL VA x243 for $9659.25 CASH-BAL=102051.89
Fri Jan 23 08:00:00 GMT+00:00 2015 BUY: 113 shares of SBUX cost-basis=88.2 for $9968.86 CASH-BAL=92076.03
Thu Jan 29 08:00:00 GMT+00:00 2015 BUY: 106 shares of VAR cost-basis=94.0 for $9968.24 CASH-BAL=82100.79
Tue Feb 10 08:00:00 GMT+00:00 2015 BUY: 89 shares of KRFT cost-basis=64.6 for $5953.21 CASH-BAL=76140.58
Tue Feb 10 08:00:00 GMT+00:00 2015 BUY: 220 shares of SEE cost-basis=45.3 for $9959.4 CASH-BAL=66174.18
Wed Feb 11 08:00:00 GMT+00:00 2015 StopLoss-ScaledSoftStop SELL: ($65.246)246 @$65.07 shares of KRFT for 0.562
Wed Feb 11 08:00:00 GMT+00:00 2015 SELL KRFT x246 for $16007.22 CASH-BAL=82174.4
Wed Feb 11 08:00:00 GMT+00:00 2015 BUY: 409 shares of SCI cost-basis=24.4 for $9975.51 CASH-BAL=72191.89
Fri Feb 13 08:00:00 GMT+00:00 2015 BUY: 512 shares of EIGI cost-basis=19.5 for $9978.88 CASH-BAL=62206.01
Mon Mar 02 08:00:00 GMT+00:00 2015 BUY: 63 shares of SBUX cost-basis=90.4 for $5936.175 CASH-BAL=56262.835
Wed Mar 11 08:00:00 GMT+00:00 2015 StopLoss-HardStop SELL: (-7.15%)512 shares of EIGI for -7.15
Wed Mar 11 08:00:00 GMT+00:00 2015 SELL EIGI x512 for $9272.32 CASH-BAL=65528.155
Wed Apr 01 08:00:00 GMT+00:00 2015 BUY: 228 shares of SCI cost-basis=25.1 for $5985.0 CASH-BAL=59536.155
Thu Apr 09 08:00:00 GMT+00:00 2015 SBUX: Applying split factor of: 2.0
Wed Apr 15 08:00:00 GMT+00:00 2015Market-Uptrend-Sell 20EMA: (-2.67%)220 shares of SEE for -1.86
Wed Apr 15 08:00:00 GMT+00:00 2015 SELL SEE x220 for $9781.2 CASH-BAL=69310.355
Wed Apr 15 08:00:00 GMT+00:00 2015 BUY: 147 shares of SCI cost-basis=25.4 for $3966.06 CASH-BAL=65337.295
Tue Apr 21 08:00:00 GMT+00:00 2015 BUY: 82 shares of SBUX cost-basis=45.8 for $3966.34 CASH-BAL=61363.955
Tue Apr 28 08:00:00 GMT+00:00 2015 BUY: 359 shares of HQY cost-basis=27.8 for $9965.84 CASH-BAL=51391.115
Wed Apr 29 08:00:00 GMT+00:00 2015 BUY: 204 shares of XPO cost-basis=48.8 for $9961.32 CASH-BAL=41422.795
Thu Apr 30 08:00:00 GMT+00:00 2015 StopLoss-SoftStop SELL: (-5.59%)106 shares of VAR for -5.59
Thu Apr 30 08:00:00 GMT+00:00 2015 StopLoss-SoftStop SELL: (-5.65%)359 shares of HQY for -5.65
Thu Apr 30 08:00:00 GMT+00:00 2015 SELL VAR x106 for $9418.1 CASH-BAL=50833.895
Thu Apr 30 08:00:00 GMT+00:00 2015 SELL HQY x359 for $9409.39 CASH-BAL=60236.285
Fri May 08 08:00:00 GMT+00:00 2015 Selling due to underperformance: XPO
Fri May 08 08:00:00 GMT+00:00 2015 SELL XPO x204 for $9906.24 CASH-BAL=70135.525
Fri May 08 08:00:00 GMT+00:00 2015 BUY: 185 shares of IMPV cost-basis=54.0 for $9986.3 CASH-BAL=60142.225
Tue May 12 08:00:00 GMT+00:00 2015 Selling due to underperformance: SBUX
Tue May 12 08:00:00 GMT+00:00 2015 SELL SBUX x434 for $21574.14 CASH-BAL=81709.365
Tue May 12 08:00:00 GMT+00:00 2015 BUY: 296 shares of IPAR cost-basis=33.7 for $9960.4 CASH-BAL=71741.965
Fri May 15 08:00:00 GMT+00:00 2015 StopLoss-SoftStop SELL: (-5.18%)296 shares of IPAR for -5.18
Fri May 15 08:00:00 GMT+00:00 2015 SELL IPAR x296 for $9451.28 CASH-BAL=81186.245
Wed May 20 08:00:00 GMT+00:00 2015 BUY: 60 shares of TWC cost-basis=167 for $9993.0 CASH-BAL=71186.245
Tue May 26 08:00:00 GMT+00:00 2015 Got Acquired/Merged: 60 shares of TWC for 10.2
Tue May 26 08:00:00 GMT+00:00 2015 SELL TWC x60 for $11016.0 CASH-BAL=82195.245
Wed May 27 08:00:00 GMT+00:00 2015 BUY: 315 shares of AMED cost-basis=31.7 for $9976.05 CASH-BAL=72212.195
Fri Jun 05 08:00:00 GMT+00:00 2015 BUY: 146 shares of JUNO cost-basis=68.4 for $9980.56 CASH-BAL=62224.635
Tue Jun 09 08:00:00 GMT+00:00 2015 StopLoss-HardStop SELL: (-9.17%)146 shares of JUNO for -9.17
Tue Jun 09 08:00:00 GMT+00:00 2015 SELL JUNO x146 for $9072.44 CASH-BAL=71290.075
Tue Jun 09 08:00:00 GMT+00:00 2015 BUY: 192 shares of CMN cost-basis=52.0 for $9984.0 CASH-BAL=61299.075
Wed Jun 17 08:00:00 GMT+00:00 2015 BUY: 193 shares of RDUS cost-basis=51.7 for $9983.89 CASH-BAL=51308.185
Thu Jun 25 08:00:00 GMT+00:00 2015 BUY: 149 shares of AMED cost-basis=34.3 for $5954.04 CASH-BAL=45347.145

---- Final Portfolio Holdings as of Tue Jun 30 07:45:03 GMT+00:00 2015 ----
null 784 of SCI with cost basis of 25.4 and pct-chg: 14.3% with % of portfolio weight=18.9%
null 185 of IMPV with cost basis of 54.0 and pct-chg: 18.4% with % of portfolio weight=9.81%
null 464 of AMED with cost basis of 34.3 and pct-chg: 15.8% with % of portfolio weight=15.3%
null 192 of CMN with cost basis of 52.0 and pct-chg: 2.28% with % of portfolio weight=8.47%
null 193 of RDUS with cost basis of 51.7 and pct-chg: 19.2% with % of portfolio weight=9.88%

Total Invested Amount = 75157.81 with % of portfolio weight=62.4%
Cash Bal = 45347.145 with % of portfolio weight=37.6%
Net Value = 120504.955

---- Run stats ----
Start-Date: Tue Jan 01 08:00:00 GMT+00:00 2013
End-Date: Tue Jun 30 07:45:03 GMT+00:00 2015
Total Trading days: 910
Net Gain/Loss = 20504.954999999998
Pct Chg = 20.5%
