Start Date: Thu Jan 01 08:00:00 GMT+00:00 2015
End Date: Thu Jul 02 01:29:37 GMT+00:00 2015
Initial Cash: 100000.0
Num Positions: 5
-----------------
Thu Jan 22 08:00:00 GMT+00:00 2015 BUY: 128 shares of HELE cost-basis=77.5 for $9923.84 CASH-BAL=90069.16
Thu Jan 22 08:00:00 GMT+00:00 2015 BUY: 93 shares of AGU cost-basis=107 for $9969.6 CASH-BAL=80092.56
Fri Jan 23 08:00:00 GMT+00:00 2015 BUY: 113 shares of SBUX cost-basis=88.2 for $9968.86 CASH-BAL=70116.7
Fri Jan 30 08:00:00 GMT+00:00 2015Market-Downtrend-Sell -3%: (-3.05%)128 shares of HELE for -3.05
Fri Jan 30 08:00:00 GMT+00:00 2015 SELL HELE x128 for $9628.16 CASH-BAL=79737.86
Thu Feb 05 08:00:00 GMT+00:00 2015 BUY: 138 shares of BLL cost-basis=72.0 for $9940.14 CASH-BAL=69790.72
Mon Feb 09 08:00:00 GMT+00:00 2015 BUY: 167 shares of HAS cost-basis=59.7 for $9963.22 CASH-BAL=59820.5
Tue Feb 10 08:00:00 GMT+00:00 2015 BUY: 220 shares of SEE cost-basis=45.3 for $9959.4 CASH-BAL=49854.1
Wed Feb 11 08:00:00 GMT+00:00 2015 Selling due to underperformance: AGU
Wed Feb 11 08:00:00 GMT+00:00 2015 SELL AGU x93 for $9906.36 CASH-BAL=59753.46
Wed Feb 11 08:00:00 GMT+00:00 2015 BUY: 409 shares of SCI cost-basis=24.4 for $9975.51 CASH-BAL=49770.95
Mon Mar 02 08:00:00 GMT+00:00 2015 BUY: 63 shares of SBUX cost-basis=90.4 for $5936.175 CASH-BAL=43827.775
Wed Mar 04 08:00:00 GMT+00:00 2015 Selling due to underperformance: BLL
Wed Mar 04 08:00:00 GMT+00:00 2015 SELL BLL x138 for $9839.4 CASH-BAL=53660.175
Wed Mar 04 08:00:00 GMT+00:00 2015 BUY: 152 shares of BMY cost-basis=65.7 for $9981.84 CASH-BAL=43671.335
Wed Mar 18 08:00:00 GMT+00:00 2015 Selling due to underperformance: HAS
Wed Mar 18 08:00:00 GMT+00:00 2015 SELL HAS x167 for $10258.81 CASH-BAL=53923.145
Wed Mar 18 08:00:00 GMT+00:00 2015 BUY: 145 shares of AMBA cost-basis=68.5 for $9929.6 CASH-BAL=43986.545
Wed Mar 25 08:00:00 GMT+00:00 2015 Selling due to underperformance: BMY
Wed Mar 25 08:00:00 GMT+00:00 2015 SELL BMY x152 for $9834.4 CASH-BAL=53813.945
Wed Mar 25 08:00:00 GMT+00:00 2015 BUY: 70 shares of EW cost-basis=142 for $9957.5 CASH-BAL=43849.445
Thu Mar 26 08:00:00 GMT+00:00 2015 Selling due to underperformance: SEE
Thu Mar 26 08:00:00 GMT+00:00 2015 SELL SEE x220 for $9911.0 CASH-BAL=53753.445
Thu Mar 26 08:00:00 GMT+00:00 2015 BUY: 562 shares of SFS cost-basis=17.8 for $9986.74 CASH-BAL=43759.705
Thu Mar 26 08:00:00 GMT+00:00 2015 Selling due to underperformance: SBUX
Thu Mar 26 08:00:00 GMT+00:00 2015 SELL SBUX x176 for $16734.08 CASH-BAL=60486.785
Thu Mar 26 08:00:00 GMT+00:00 2015 BUY: 74 shares of SIG cost-basis=135 for $9990.0 CASH-BAL=50489.785
Wed Apr 01 08:00:00 GMT+00:00 2015 BUY: 228 shares of SCI cost-basis=25.1 for $5985.0 CASH-BAL=44497.785
Fri Apr 10 08:00:00 GMT+00:00 2015 Selling due to underperformance: EW
Fri Apr 10 08:00:00 GMT+00:00 2015 SELL EW x70 for $9917.6 CASH-BAL=54408.385
Fri Apr 10 08:00:00 GMT+00:00 2015 BUY: 350 shares of GE cost-basis=28.5 for $9978.5 CASH-BAL=44422.885
Wed Apr 15 08:00:00 GMT+00:00 2015 BUY: 147 shares of SCI cost-basis=25.4 for $3966.06 CASH-BAL=40449.825
Mon Apr 20 08:00:00 GMT+00:00 2015 BUY: 80 shares of AMBA cost-basis=70.6 for $5964.8 CASH-BAL=34478.025
Tue Apr 21 08:00:00 GMT+00:00 2015 StopLoss-SoftStop SELL: (-6.7%)350 shares of GE for -6.7
Tue Apr 21 08:00:00 GMT+00:00 2015 SELL GE x350 for $9317.0 CASH-BAL=43788.025
Mon Apr 27 08:00:00 GMT+00:00 2015 StopLoss-ScaledSoftStop SELL: ($71.306)225 @$70.63 shares of AMBA for -0.105
Mon Apr 27 08:00:00 GMT+00:00 2015 SELL AMBA x225 for $15891.75 CASH-BAL=59672.775
Mon Apr 27 08:00:00 GMT+00:00 2015Market-Uptrend-Sell 20EMA: (-2.06%)562 shares of SFS for -0.408
Mon Apr 27 08:00:00 GMT+00:00 2015 SELL SFS x562 for $9953.02 CASH-BAL=69618.795
Tue Apr 28 08:00:00 GMT+00:00 2015 BUY: 359 shares of HQY cost-basis=27.8 for $9965.84 CASH-BAL=59645.955
Wed Apr 29 08:00:00 GMT+00:00 2015 BUY: 204 shares of XPO cost-basis=48.8 for $9961.32 CASH-BAL=49677.635
Thu Apr 30 08:00:00 GMT+00:00 2015 StopLoss-SoftStop SELL: (-5.65%)359 shares of HQY for -5.65
Thu Apr 30 08:00:00 GMT+00:00 2015 SELL HQY x359 for $9409.39 CASH-BAL=59080.025
Thu Apr 30 08:00:00 GMT+00:00 2015 BUY: 417 shares of AVG cost-basis=23.9 for $9974.64 CASH-BAL=49098.385
Fri May 01 08:00:00 GMT+00:00 2015 BUY: 184 shares of BFAM cost-basis=54.1 for $9945.2 CASH-BAL=39146.185
Tue May 05 08:00:00 GMT+00:00 2015 Selling due to underperformance: SIG
Tue May 05 08:00:00 GMT+00:00 2015 SELL SIG x74 for $10040.32 CASH-BAL=49179.505
Tue May 05 08:00:00 GMT+00:00 2015 BUY: 258 shares of CLGX cost-basis=38.7 for $9984.6 CASH-BAL=39187.905
Fri May 08 08:00:00 GMT+00:00 2015 Selling due to underperformance: SCI
Fri May 08 08:00:00 GMT+00:00 2015 SELL SCI x784 for $21928.48 CASH-BAL=61109.385
Fri May 08 08:00:00 GMT+00:00 2015 BUY: 185 shares of IMPV cost-basis=54.0 for $9986.3 CASH-BAL=51116.085
Tue May 12 08:00:00 GMT+00:00 2015 Selling due to underperformance: BFAM
Tue May 12 08:00:00 GMT+00:00 2015 SELL BFAM x184 for $9722.56 CASH-BAL=60831.645
Tue May 12 08:00:00 GMT+00:00 2015 BUY: 296 shares of IPAR cost-basis=33.7 for $9960.4 CASH-BAL=50864.245
Fri May 15 08:00:00 GMT+00:00 2015 StopLoss-SoftStop SELL: (-5.18%)296 shares of IPAR for -5.18
Fri May 15 08:00:00 GMT+00:00 2015 SELL IPAR x296 for $9451.28 CASH-BAL=60308.525
Wed May 20 08:00:00 GMT+00:00 2015 BUY: 220 shares of TTPH cost-basis=45.3 for $9972.6 CASH-BAL=50328.925
Wed May 20 08:00:00 GMT+00:00 2015 Selling due to underperformance: XPO
Wed May 20 08:00:00 GMT+00:00 2015 SELL XPO x204 for $10085.76 CASH-BAL=60407.685
Wed May 20 08:00:00 GMT+00:00 2015 BUY: 60 shares of TWC cost-basis=167 for $9993.0 CASH-BAL=50407.685
Fri May 22 08:00:00 GMT+00:00 2015 StopLoss-SoftStop SELL: (-5.34%)220 shares of TTPH for -5.34
Fri May 22 08:00:00 GMT+00:00 2015 SELL TTPH x220 for $9446.8 CASH-BAL=59847.485
Tue May 26 08:00:00 GMT+00:00 2015 Got Acquired/Merged: 60 shares of TWC for 10.2
Tue May 26 08:00:00 GMT+00:00 2015 SELL TWC x60 for $11016.0 CASH-BAL=70856.485
Wed May 27 08:00:00 GMT+00:00 2015 BUY: 315 shares of AMED cost-basis=31.7 for $9976.05 CASH-BAL=60873.435
Fri Jun 05 08:00:00 GMT+00:00 2015 BUY: 146 shares of JUNO cost-basis=68.4 for $9980.56 CASH-BAL=50885.875
Tue Jun 09 08:00:00 GMT+00:00 2015 StopLoss-HardStop SELL: (-9.17%)146 shares of JUNO for -9.17
Tue Jun 09 08:00:00 GMT+00:00 2015 SELL JUNO x146 for $9072.44 CASH-BAL=59951.315
Tue Jun 09 08:00:00 GMT+00:00 2015 BUY: 192 shares of CMN cost-basis=52.0 for $9984.0 CASH-BAL=49960.315
Wed Jun 17 08:00:00 GMT+00:00 2015Market-Uptrend-Sell 20EMA: (-2.83%)258 shares of CLGX for -3.07
Wed Jun 17 08:00:00 GMT+00:00 2015 SELL CLGX x258 for $9685.32 CASH-BAL=59638.635
Wed Jun 17 08:00:00 GMT+00:00 2015 BUY: 193 shares of RDUS cost-basis=51.7 for $9983.89 CASH-BAL=49647.745
Thu Jun 25 08:00:00 GMT+00:00 2015 BUY: 149 shares of AMED cost-basis=34.3 for $5954.04 CASH-BAL=43686.705
Wed Jul 01 08:00:00 GMT+00:00 2015 BUY: 218 shares of AVG cost-basis=25.1 for $5979.74 CASH-BAL=37699.965

---- Final Portfolio Holdings as of Thu Jul 02 01:29:37 GMT+00:00 2015 ----
null 635 of AVG with cost basis of 25.1 and pct-chg: 9.13% with % of portfolio weight=15.9%
null 185 of IMPV with cost basis of 54.0 and pct-chg: 24.2% with % of portfolio weight=11.3%
null 464 of AMED with cost basis of 34.3 and pct-chg: 18.2% with % of portfolio weight=17.2%
null 192 of CMN with cost basis of 52.0 and pct-chg: 2.76% with % of portfolio weight=9.37%
null 193 of RDUS with cost basis of 51.7 and pct-chg: 29.3% with % of portfolio weight=11.8%

Total Invested Amount = 71822.89 with % of portfolio weight=65.6%
Cash Bal = 37699.965 with % of portfolio weight=34.4%
Net Value = 109522.855

---- Run stats ----
Start-Date: Thu Jan 01 08:00:00 GMT+00:00 2015
End-Date: Thu Jul 02 01:29:37 GMT+00:00 2015
Total Trading days: 182
Net Gain/Loss = 9522.855
Pct Chg = 9.52%
