Thu Jan 08 08:00:00 GMT+00:00 2015 BUY  - CMG - 13 @719.99 Total=9359.87
Thu Jan 08 08:00:00 GMT+00:00 2015 BUY  - MRVL - 623 @16.015 Total=9977.345
Tue Jan 13 08:00:00 GMT+00:00 2015 SELL  - MRVL - 623 @15.71 Total=9787.33
Wed Jan 14 08:00:00 GMT+00:00 2015 SELL  - CMG - 13 @709.74 Total=9226.62
Thu Jan 22 08:00:00 GMT+00:00 2015 BUY  - TSM - 421 @23.71 Total=9981.91
Fri Jan 23 08:00:00 GMT+00:00 2015 BUY  - SBUX - 113 @88.22 Total=9968.86
Thu Jan 29 08:00:00 GMT+00:00 2015 SELL  - TSM - 421 @23.29 Total=9805.09
Thu Feb 05 08:00:00 GMT+00:00 2015 BUY  - BOOT - 418 @23.87 Total=9977.66
Fri Feb 06 08:00:00 GMT+00:00 2015 BUY  - CME - 106 @94.21 Total=9986.26
Tue Feb 10 08:00:00 GMT+00:00 2015 BUY  - SBUX - 65 @91.18 Total=5926.7
Tue Feb 10 08:00:00 GMT+00:00 2015 BUY  - SEE - 220 @45.27 Total=9959.4
Wed Feb 11 08:00:00 GMT+00:00 2015 BUY  - SCI - 409 @24.39 Total=9975.51
Tue Feb 17 08:00:00 GMT+00:00 2015 SELL  - BOOT - 418 @22.24 Total=9296.32
Tue Feb 17 08:00:00 GMT+00:00 2015 BUY  - PAHC - 302 @33.0 Total=9966.0
Wed Feb 25 08:00:00 GMT+00:00 2015 BUY  - SBUX - 42 @94.26 Total=3958.92
Thu Feb 26 08:00:00 GMT+00:00 2015 BUY  - SEE - 124 @48.1 Total=5964.4
Mon Mar 02 08:00:00 GMT+00:00 2015 BUY  - CME - 61 @97.12 Total=5924.32
Mon Mar 02 08:00:00 GMT+00:00 2015 BUY  - SCI - 236 @25.34 Total=5980.24
Mon Mar 09 08:00:00 GMT+00:00 2015 BUY  - PAHC - 169 @35.3 Total=5965.7
Mon Mar 16 08:00:00 GMT+00:00 2015 BUY  - CME - 39 @100.06 Total=3902.34
Tue Mar 17 08:00:00 GMT+00:00 2015 BUY  - SCI - 153 @25.97 Total=3973.41
Thu Apr 02 08:00:00 GMT+00:00 2015 SELL  - CME - 206 @92.91 Total=19139.46
Thu Apr 09 08:00:00 GMT+00:00 2015 BUY  - EIGI - 476 @20.98 Total=9986.48
Wed Apr 15 08:00:00 GMT+00:00 2015 SELL  - SEE - 344 @44.46 Total=15294.24
Fri Apr 17 08:00:00 GMT+00:00 2015 SELL  - PAHC - 471 @33.39 Total=15726.69
Wed Apr 22 08:00:00 GMT+00:00 2015 BUY  - STJ - 135 @73.55 Total=9929.25
Thu Apr 23 08:00:00 GMT+00:00 2015 BUY  - EIGI - 260 @23.03 Total=5987.8
Thu Apr 23 08:00:00 GMT+00:00 2015 BUY  - ARRS - 267 @37.3 Total=9959.1
Mon Apr 27 08:00:00 GMT+00:00 2015 SELL  - ARRS - 267 @34.98 Total=9339.66
Tue Apr 28 08:00:00 GMT+00:00 2015 SELL  - EIGI - 736 @19.7 Total=14499.2
Tue Apr 28 08:00:00 GMT+00:00 2015 BUY  - SC - 416 @24.0 Total=9984.0
Tue Apr 28 08:00:00 GMT+00:00 2015 BUY  - HQY - 359 @27.76 Total=9965.84
Thu Apr 30 08:00:00 GMT+00:00 2015 SELL  - HQY - 359 @26.21 Total=9409.39
Thu Apr 30 08:00:00 GMT+00:00 2015 BUY  - IPHI - 465 @21.45 Total=9974.25
Tue May 05 08:00:00 GMT+00:00 2015 SELL  - IPHI - 465 @20.31 Total=9444.15
Wed May 06 08:00:00 GMT+00:00 2015 SELL  - STJ - 135 @71.07 Total=9594.45
Fri May 15 08:00:00 GMT+00:00 2015 BUY  - SC - 241 @24.81 Total=5979.21
Thu Jan 08 08:00:00 GMT+00:00 2015 BUY  - CMG - 13 @719.99 Total=9359.87
Thu Jan 08 08:00:00 GMT+00:00 2015 BUY  - MRVL - 623 @16.015 Total=9977.345
Tue Jan 13 08:00:00 GMT+00:00 2015 SELL  - MRVL - 623 @15.71 Total=9787.33
Wed Jan 14 08:00:00 GMT+00:00 2015 SELL  - CMG - 13 @709.74 Total=9226.62
Thu Jan 22 08:00:00 GMT+00:00 2015 BUY  - TSM - 421 @23.71 Total=9981.91
Fri Jan 23 08:00:00 GMT+00:00 2015 BUY  - SBUX - 113 @88.22 Total=9968.86
Thu Jan 29 08:00:00 GMT+00:00 2015 SELL  - TSM - 421 @23.29 Total=9805.09
Thu Feb 05 08:00:00 GMT+00:00 2015 BUY  - BOOT - 418 @23.87 Total=9977.66
Fri Feb 06 08:00:00 GMT+00:00 2015 BUY  - CME - 106 @94.21 Total=9986.26
Tue Feb 10 08:00:00 GMT+00:00 2015 BUY  - SBUX - 65 @91.18 Total=5926.7
Tue Feb 10 08:00:00 GMT+00:00 2015 BUY  - SEE - 220 @45.27 Total=9959.4
Wed Feb 11 08:00:00 GMT+00:00 2015 BUY  - SCI - 409 @24.39 Total=9975.51
Tue Feb 17 08:00:00 GMT+00:00 2015 SELL  - BOOT - 418 @22.24 Total=9296.32
Tue Feb 17 08:00:00 GMT+00:00 2015 BUY  - PAHC - 302 @33.0 Total=9966.0
Wed Feb 25 08:00:00 GMT+00:00 2015 BUY  - SBUX - 42 @94.26 Total=3958.92
Thu Feb 26 08:00:00 GMT+00:00 2015 BUY  - SEE - 124 @48.1 Total=5964.4
Mon Mar 02 08:00:00 GMT+00:00 2015 BUY  - CME - 61 @97.12 Total=5924.32
Mon Mar 02 08:00:00 GMT+00:00 2015 BUY  - SCI - 236 @25.34 Total=5980.24
Mon Mar 09 08:00:00 GMT+00:00 2015 BUY  - PAHC - 169 @35.3 Total=5965.7
Mon Mar 16 08:00:00 GMT+00:00 2015 BUY  - CME - 39 @100.06 Total=3902.34
Tue Mar 17 08:00:00 GMT+00:00 2015 BUY  - SCI - 153 @25.97 Total=3973.41
Thu Apr 02 08:00:00 GMT+00:00 2015 SELL  - CME - 206 @92.91 Total=19139.46
Thu Apr 09 08:00:00 GMT+00:00 2015 BUY  - EIGI - 476 @20.98 Total=9986.48
Wed Apr 15 08:00:00 GMT+00:00 2015 SELL  - SEE - 344 @44.46 Total=15294.24
Fri Apr 17 08:00:00 GMT+00:00 2015 SELL  - PAHC - 471 @33.39 Total=15726.69
Wed Apr 22 08:00:00 GMT+00:00 2015 BUY  - STJ - 135 @73.55 Total=9929.25
Thu Apr 23 08:00:00 GMT+00:00 2015 BUY  - EIGI - 260 @23.03 Total=5987.8
Thu Apr 23 08:00:00 GMT+00:00 2015 BUY  - ARRS - 267 @37.3 Total=9959.1
Mon Apr 27 08:00:00 GMT+00:00 2015 SELL  - ARRS - 267 @34.98 Total=9339.66
Tue Apr 28 08:00:00 GMT+00:00 2015 SELL  - EIGI - 736 @19.7 Total=14499.2
Tue Apr 28 08:00:00 GMT+00:00 2015 BUY  - SC - 416 @24.0 Total=9984.0
Tue Apr 28 08:00:00 GMT+00:00 2015 BUY  - HQY - 359 @27.76 Total=9965.84
Thu Apr 30 08:00:00 GMT+00:00 2015 SELL  - HQY - 359 @26.21 Total=9409.39
Thu Apr 30 08:00:00 GMT+00:00 2015 BUY  - IPHI - 465 @21.45 Total=9974.25
Tue May 05 08:00:00 GMT+00:00 2015 SELL  - IPHI - 465 @20.31 Total=9444.15
Wed May 06 08:00:00 GMT+00:00 2015 SELL  - STJ - 135 @71.07 Total=9594.45
Wed May 20 08:00:00 GMT+00:00 2015 BUY  - TWC - 60 @166.55 Total=9993.0
Wed May 20 08:00:00 GMT+00:00 2015 BUY  - FLY - 628 @15.91 Total=9991.48
Thu May 21 08:00:00 GMT+00:00 2015 BUY  - SC - 238 @25.18 Total=5992.84
Tue May 26 08:00:00 GMT+00:00 2015 SELL  - TWC - 60 @183.6 Total=11016.0
Wed May 27 08:00:00 GMT+00:00 2015 BUY  - AMED - 315 @31.67 Total=9976.05
