Fri Jan 03 08:00:00 GMT+00:00 2014 - PFPT - CUP
Fri Jan 03 08:00:00 GMT+00:00 2014 - YY - CONSOLIDATION
Fri Jan 03 08:00:00 GMT+00:00 2014 - MKTO - DOUBLE_BOTTOM
Mon Jan 06 08:00:00 GMT+00:00 2014 - ANFI - CONSOLIDATION
Mon Jan 06 08:00:00 GMT+00:00 2014 - VOYA - FLAT_BASE
Wed Jan 22 08:00:00 GMT+00:00 2014 - EAT - FLAT_BASE
Tue Feb 18 08:00:00 GMT+00:00 2014 - MYGN - CUP_HANDLE
Tue Feb 18 08:00:00 GMT+00:00 2014 - NMBL - IPO
Wed Feb 19 08:00:00 GMT+00:00 2014 - FLS - CUP
Wed Feb 19 08:00:00 GMT+00:00 2014 - GRMN - FLAT_BASE
Wed Feb 19 08:00:00 GMT+00:00 2014 - IMOS - CUP
Mon Mar 03 08:00:00 GMT+00:00 2014 - RNET - CONSOLIDATION
Tue Mar 11 08:00:00 GMT+00:00 2014 - EMES - FLAT_BASE
Fri Mar 14 08:00:00 GMT+00:00 2014 - MFRM - CUP_HANDLE
Tue Jul 01 08:00:00 GMT+00:00 2014 - MERC - CONSOLIDATION
Tue Jul 01 08:00:00 GMT+00:00 2014 - AMRI - CUP_HANDLE
Tue Jul 01 08:00:00 GMT+00:00 2014 - ANET - IPO
Mon Jul 07 08:00:00 GMT+00:00 2014 - ORBK - FLAT_BASE
Mon Jul 07 08:00:00 GMT+00:00 2014 - BBRY - CUP
Wed Jul 09 08:00:00 GMT+00:00 2014 - PZE - CUP_HANDLE
Wed Jul 16 08:00:00 GMT+00:00 2014 - JOY - FLAT_BASE
Mon Aug 18 08:00:00 GMT+00:00 2014 - AER - FLAT_BASE
Tue Aug 19 08:00:00 GMT+00:00 2014 - DEPO - DOUBLE_BOTTOM
Tue Aug 19 08:00:00 GMT+00:00 2014 - SWIR - CONSOLIDATION
Tue Aug 19 08:00:00 GMT+00:00 2014 - CAVM - CUP
Thu Aug 21 08:00:00 GMT+00:00 2014 - MRD - CUP
Thu Sep 04 08:00:00 GMT+00:00 2014 - MEI - CUP
Fri Sep 05 08:00:00 GMT+00:00 2014 - JAZZ - CUP_HANDLE
Wed Sep 10 08:00:00 GMT+00:00 2014 - HQY - IPO
Wed Sep 17 08:00:00 GMT+00:00 2014 - DRC - CUP_HANDLE
Wed Sep 17 08:00:00 GMT+00:00 2014 - DFS - CUP_HANDLE
Mon Sep 22 08:00:00 GMT+00:00 2014 - CLX - FLAT_BASE
Wed Sep 24 08:00:00 GMT+00:00 2014 - ACOR - CONSOLIDATION
Tue Oct 21 08:00:00 GMT+00:00 2014 - CSL - DOUBLE_BOTTOM
Tue Oct 21 08:00:00 GMT+00:00 2014 - AKRX - CONSOLIDATION
Wed Oct 22 08:00:00 GMT+00:00 2014 - ILMN - DOUBLE_BOTTOM
Tue Nov 11 08:00:00 GMT+00:00 2014 - IHG - DOUBLE_BOTTOM
Tue Nov 11 08:00:00 GMT+00:00 2014 - RAX - CUP_HANDLE
Tue Nov 11 08:00:00 GMT+00:00 2014 - OMER - CUP
Tue Nov 11 08:00:00 GMT+00:00 2014 - XON - CUP_HANDLE
Wed Nov 19 08:00:00 GMT+00:00 2014 - GRMN - DOUBLE_BOTTOM
Mon Dec 01 08:00:00 GMT+00:00 2014 - TRK - CUP
Tue Dec 02 08:00:00 GMT+00:00 2014 - MTSI - CUP
Fri Dec 12 08:00:00 GMT+00:00 2014 - ADBE - CONSOLIDATION
Thu Dec 18 08:00:00 GMT+00:00 2014 - CTAS - FLAT_BASE
Thu Dec 18 08:00:00 GMT+00:00 2014 - KNL - CUP
Thu Dec 18 08:00:00 GMT+00:00 2014 - KRFT - FLAT_BASE
Tue Jan 06 08:00:00 GMT+00:00 2015 - SRC - FLAT_BASE
Wed Jan 07 08:00:00 GMT+00:00 2015 - AMPH - CUP_HANDLE
Fri Jan 09 08:00:00 GMT+00:00 2015 - DHT - CONSOLIDATION
Thu Jan 15 08:00:00 GMT+00:00 2015 - HDB - FLAT_BASE
Thu Feb 19 08:00:00 GMT+00:00 2015 - BJRI - CONSOLIDATION
Mon Mar 02 08:00:00 GMT+00:00 2015 - CGNX - CONSOLIDATION
Thu Mar 26 08:00:00 GMT+00:00 2015 - SIG - FLAT_BASE
Tue Mar 31 08:00:00 GMT+00:00 2015 - DST - FLAT_BASE
Mon Apr 06 08:00:00 GMT+00:00 2015 - IMAX - FLAT_BASE
Mon Apr 06 08:00:00 GMT+00:00 2015 - SIX - FLAT_BASE
Tue Apr 21 08:00:00 GMT+00:00 2015 - OCR - FLAT_BASE
Thu Apr 23 08:00:00 GMT+00:00 2015 - CSL - FLAT_BASE
Thu Apr 23 08:00:00 GMT+00:00 2015 - EXPO - FLAT_BASE
Thu Apr 23 08:00:00 GMT+00:00 2015 - ARRS - CONSOLIDATION
Thu Apr 23 08:00:00 GMT+00:00 2015 - DPZ - FLAT_BASE
Thu Apr 23 08:00:00 GMT+00:00 2015 - PMC - CONSOLIDATION
Thu May 14 08:00:00 GMT+00:00 2015 - CRTO - CONSOLIDATION
Thu Jun 11 08:00:00 GMT+00:00 2015 - MBLY - CUP_HANDLE
Thu Jun 11 08:00:00 GMT+00:00 2015 - BPMC - IPO
