Date,Action,Symbol,Shares,Price,Cost
01/03/2014,BUY,PFPT,584,34.18,8.0
01/03/2014,BUY,YY,344,58.02,8.0
01/03/2014,BUY,MKTO,485,41.22,8.0
01/06/2014,BUY,ANFI,1099,18.19,8.0
01/06/2014,BUY,VOYA,545,36.65,8.0
01/22/2014,SELL,VOYA,545,35.25,8.0
01/22/2014,BUY,EAT,402,49.72,8.0
01/24/2014,SELL,YY,344,59.79,8.0
01/29/2014,SELL,PFPT,584,34.91,8.0
01/29/2014,SELL,ANFI,1099,17.5,8.0
02/03/2014,SELL,MKTO,485,38.83,8.0
02/03/2014,SELL,EAT,402,46.89,8.0
02/18/2014,BUY,MYGN,570,35.03,8.0
02/18/2014,BUY,NMBL,399,49.99,8.0
02/19/2014,BUY,FLS,248,80.6,8.0
02/19/2014,BUY,GRMN,386,51.68,8.0
02/19/2014,BUY,IMOS,934,21.4,8.0
03/03/2014,SELL,NMBL,399,46.15,8.0
03/03/2014,BUY,RNET,402,49.66,8.0
03/11/2014,SELL,MYGN,570,34.6,8.0
03/11/2014,BUY,EMES,399,50.1,8.0
03/13/2014,SELL,FLS,248,75.74,8.0
03/14/2014,BUY,MFRM,425,46.99,8.0
03/27/2014,SELL,IMOS,934,21.4,8.0
04/07/2014,SELL,RNET,402,51.16,8.0
04/10/2014,SELL,MFRM,425,45.87,8.0
04/25/2014,SELL,GRMN,386,54.24,8.0
05/16/2014,SELL,EMES,399,76.4,8.0
07/01/2014,BUY,MERC,1819,10.99,8.0
07/01/2014,BUY,AMRI,939,21.28,8.0
07/01/2014,BUY,ANET,263,76.0,8.0
07/07/2014,SELL,ANET,263,72.17,8.0
07/07/2014,BUY,ORBK,1216,16.44,8.0
07/07/2014,BUY,BBRY,1780,11.21,8.0
07/09/2014,BUY,PZE,2835,7.05,8.0
07/16/2014,SELL,BBRY,1780,9.97,8.0
07/16/2014,BUY,JOY,307,65.01,8.0
07/17/2014,SELL,AMRI,939,19.65,8.0
07/17/2014,SELL,PZE,2835,6.65,8.0
07/21/2014,SELL,MERC,1819,10.42,8.0
07/29/2014,SELL,JOY,307,61.24,8.0
08/04/2014,SELL,ORBK,1216,15.0,8.0
08/18/2014,BUY,AER,408,48.94,8.0
08/19/2014,BUY,DEPO,1338,14.94,8.0
08/19/2014,BUY,SWIR,787,25.4,8.0
08/19/2014,BUY,CAVM,364,54.81,8.0
08/21/2014,BUY,MRD,728,27.46,8.0
09/03/2014,SELL,DEPO,1338,13.99,8.0
09/04/2014,SELL,AER,408,46.32,8.0
09/04/2014,BUY,MEI,503,39.72,8.0
09/05/2014,BUY,JAZZ,118,168.02,8.0
09/10/2014,SELL,CAVM,364,52.65,8.0
09/10/2014,BUY,HQY,924,21.62,8.0
09/16/2014,SELL,HQY,924,20.1,8.0
09/17/2014,BUY,DRC,274,72.81,8.0
09/22/2014,SELL,MRD,728,27.18,8.0
09/22/2014,BUY,CLX,205,97.23,8.0
09/23/2014,SELL,JAZZ,118,158.82,8.0
09/23/2014,SELL,SWIR,787,27.27,8.0
09/24/2014,BUY,ACOR,531,37.62,8.0
09/25/2014,SELL,ACOR,531,35.54,8.0
09/30/2014,SELL,MEI,503,36.87,8.0
10/21/2014,BUY,CSL,233,85.77,8.0
10/21/2014,BUY,AKRX,484,41.29,8.0
10/22/2014,BUY,ILMN,108,184.82,8.0
11/06/2014,SELL,AKRX,484,37.88,8.0
11/11/2014,BUY,IHG,491,40.67,8.0
11/14/2014,SELL,ILMN,108,180.5,8.0
11/19/2014,BUY,GRMN,337,59.19,8.0
12/01/2014,SELL,GRMN,337,56.24,8.0
12/01/2014,SELL,DRC,274,80.0,8.0
12/01/2014,BUY,TRK,952,20.99,8.0
12/02/2014,BUY,MTSI,772,25.88,8.0
12/09/2014,SELL,IHG,491,39.6,8.0
12/10/2014,SELL,CSL,233,86.56,8.0
12/12/2014,BUY,ADBE,262,76.02,8.0
12/18/2014,BUY,CTAS,268,74.49,8.0
01/05/2015,SELL,ADBE,262,71.98,8.0
01/05/2015,SELL,MTSI,772,29.68,8.0
01/06/2015,BUY,SRC,1620,12.33,8.0
01/07/2015,BUY,AMPH,1560,12.78,8.0
01/09/2015,SELL,AMPH,1560,11.98,8.0
01/09/2015,BUY,DHT,2258,8.85,8.0
01/15/2015,SELL,DHT,2258,8.35,8.0
01/15/2015,BUY,HDB,359,55.66,8.0
02/19/2015,SELL,SRC,1620,12.36,8.0
02/19/2015,BUY,BJRI,372,53.6,8.0
03/02/2015,SELL,TRK,952,22.81,8.0
03/02/2015,BUY,CGNX,425,47.02,8.0
03/23/2015,SELL,HDB,359,59.67,8.0
03/25/2015,SELL,CTAS,268,81.7,8.0
03/26/2015,SELL,BJRI,372,50.9,8.0
03/26/2015,BUY,SIG,148,135.0,8.0
03/31/2015,BUY,DST,180,110.71,8.0
04/06/2015,BUY,IMAX,556,35.9,8.0
04/20/2015,SELL,CLX,205,108.47,8.0
04/21/2015,BUY,OCR,246,81.07,8.0
04/23/2015,SELL,CGNX,425,48.28,8.0
04/23/2015,BUY,CSL,201,99.08,8.0
05/14/2015,SELL,SIG,148,132.8,8.0
05/14/2015,BUY,CRTO,420,47.5,8.0
06/11/2015,SELL,CRTO,420,47.0,8.0
06/11/2015,BUY,MBLY,396,50.47,8.0
