Fri Jan 03 08:00:00 GMT+00:00 2014 BUY  - PFPT - 584 @34.18 Total=19969.12
Fri Jan 03 08:00:00 GMT+00:00 2014 BUY  - YY - 344 @58.02 Total=19966.88
Fri Jan 03 08:00:00 GMT+00:00 2014 BUY  - MKTO - 485 @41.22 Total=19999.7
Mon Jan 06 08:00:00 GMT+00:00 2014 BUY  - ANFI - 1099 @18.19 Total=19998.81
Mon Jan 06 08:00:00 GMT+00:00 2014 BUY  - VOYA - 545 @36.65 Total=19982.25
Wed Jan 22 08:00:00 GMT+00:00 2014 SELL  - VOYA - 545 @35.25 Total=19203.25
Wed Jan 22 08:00:00 GMT+00:00 2014 BUY  - EAT - 402 @49.72 Total=19995.44
Fri Jan 24 08:00:00 GMT+00:00 2014 SELL  - YY - 344 @59.79 Total=20559.76
Wed Jan 29 08:00:00 GMT+00:00 2014 SELL  - PFPT - 584 @34.91 Total=20379.44
Wed Jan 29 08:00:00 GMT+00:00 2014 SELL  - ANFI - 1099 @17.5 Total=19224.5
Mon Feb 03 08:00:00 GMT+00:00 2014 SELL  - MKTO - 485 @38.83 Total=18824.55
Mon Feb 03 08:00:00 GMT+00:00 2014 SELL  - EAT - 402 @46.89 Total=18841.78
Tue Feb 18 08:00:00 GMT+00:00 2014 BUY  - MYGN - 570 @35.03 Total=19975.1
Tue Feb 18 08:00:00 GMT+00:00 2014 BUY  - NMBL - 399 @49.99 Total=19954.01
Wed Feb 19 08:00:00 GMT+00:00 2014 BUY  - FLS - 248 @80.6 Total=19996.8
Wed Feb 19 08:00:00 GMT+00:00 2014 BUY  - GRMN - 386 @51.68 Total=19956.48
Wed Feb 19 08:00:00 GMT+00:00 2014 BUY  - IMOS - 934 @21.4 Total=19995.6
Mon Mar 03 08:00:00 GMT+00:00 2014 SELL  - NMBL - 399 @46.15 Total=18405.85
Mon Mar 03 08:00:00 GMT+00:00 2014 BUY  - RNET - 402 @49.66 Total=19971.32
Tue Mar 11 08:00:00 GMT+00:00 2014 SELL  - MYGN - 570 @34.6 Total=19714.0
Tue Mar 11 08:00:00 GMT+00:00 2014 BUY  - EMES - 399 @50.1 Total=19997.9
Thu Mar 13 08:00:00 GMT+00:00 2014 SELL  - FLS - 248 @75.74 Total=18775.52
Fri Mar 14 08:00:00 GMT+00:00 2014 BUY  - MFRM - 425 @46.99 Total=19978.75
Thu Mar 27 08:00:00 GMT+00:00 2014 SELL  - IMOS - 934 @21.4 Total=19979.6
Mon Apr 07 08:00:00 GMT+00:00 2014 SELL  - RNET - 402 @51.16 Total=20558.32
Thu Apr 10 08:00:00 GMT+00:00 2014 SELL  - MFRM - 425 @45.87 Total=19486.75
Fri Apr 25 08:00:00 GMT+00:00 2014 SELL  - GRMN - 386 @54.24 Total=20928.64
Fri May 16 08:00:00 GMT+00:00 2014 SELL  - EMES - 399 @76.4 Total=30475.6
Tue Jul 01 08:00:00 GMT+00:00 2014 BUY  - MERC - 1819 @10.99 Total=19998.81
Tue Jul 01 08:00:00 GMT+00:00 2014 BUY  - AMRI - 939 @21.28 Total=19989.92
Tue Jul 01 08:00:00 GMT+00:00 2014 BUY  - ANET - 263 @76.0 Total=19996.0
Mon Jul 07 08:00:00 GMT+00:00 2014 SELL  - ANET - 263 @72.17 Total=18972.71
Mon Jul 07 08:00:00 GMT+00:00 2014 BUY  - ORBK - 1216 @16.44 Total=19999.04
Mon Jul 07 08:00:00 GMT+00:00 2014 BUY  - BBRY - 1780 @11.21 Total=19961.8
Wed Jul 09 08:00:00 GMT+00:00 2014 BUY  - PZE - 2835 @7.05 Total=19994.75
Wed Jul 16 08:00:00 GMT+00:00 2014 SELL  - BBRY - 1780 @9.97 Total=17738.6
Wed Jul 16 08:00:00 GMT+00:00 2014 BUY  - JOY - 307 @65.01 Total=19966.07
Thu Jul 17 08:00:00 GMT+00:00 2014 SELL  - AMRI - 939 @19.65 Total=18443.35
Thu Jul 17 08:00:00 GMT+00:00 2014 SELL  - PZE - 2835 @6.65 Total=18844.75
Mon Jul 21 08:00:00 GMT+00:00 2014 SELL  - MERC - 1819 @10.42 Total=18945.98
Tue Jul 29 08:00:00 GMT+00:00 2014 SELL  - JOY - 307 @61.24 Total=18792.68
Mon Aug 04 08:00:00 GMT+00:00 2014 SELL  - ORBK - 1216 @15.0 Total=18232.0
Mon Aug 18 08:00:00 GMT+00:00 2014 BUY  - AER - 408 @48.94 Total=19975.52
Tue Aug 19 08:00:00 GMT+00:00 2014 BUY  - DEPO - 1338 @14.94 Total=19997.72
Tue Aug 19 08:00:00 GMT+00:00 2014 BUY  - SWIR - 787 @25.4 Total=19997.8
Tue Aug 19 08:00:00 GMT+00:00 2014 BUY  - CAVM - 364 @54.81 Total=19958.84
Thu Aug 21 08:00:00 GMT+00:00 2014 BUY  - MRD - 728 @27.46 Total=19998.88
Wed Sep 03 08:00:00 GMT+00:00 2014 SELL  - DEPO - 1338 @13.99 Total=18710.62
Thu Sep 04 08:00:00 GMT+00:00 2014 SELL  - AER - 408 @46.32 Total=18890.56
Thu Sep 04 08:00:00 GMT+00:00 2014 BUY  - MEI - 503 @39.72 Total=19987.16
Fri Sep 05 08:00:00 GMT+00:00 2014 BUY  - JAZZ - 118 @168.02 Total=19834.36
Wed Sep 10 08:00:00 GMT+00:00 2014 SELL  - CAVM - 364 @52.65 Total=19156.6
Wed Sep 10 08:00:00 GMT+00:00 2014 BUY  - HQY - 924 @21.62 Total=19984.88
Tue Sep 16 08:00:00 GMT+00:00 2014 SELL  - HQY - 924 @20.1 Total=18564.4
Wed Sep 17 08:00:00 GMT+00:00 2014 BUY  - DRC - 274 @72.81 Total=19957.94
Mon Sep 22 08:00:00 GMT+00:00 2014 SELL  - MRD - 728 @27.18 Total=19779.04
Mon Sep 22 08:00:00 GMT+00:00 2014 BUY  - CLX - 205 @97.23 Total=19940.15
Tue Sep 23 08:00:00 GMT+00:00 2014 SELL  - JAZZ - 118 @158.82 Total=18732.76
Tue Sep 23 08:00:00 GMT+00:00 2014 SELL  - SWIR - 787 @27.27 Total=21453.49
Wed Sep 24 08:00:00 GMT+00:00 2014 BUY  - ACOR - 531 @37.62 Total=19984.22
Thu Sep 25 08:00:00 GMT+00:00 2014 SELL  - ACOR - 531 @35.54 Total=18863.74
Tue Sep 30 08:00:00 GMT+00:00 2014 SELL  - MEI - 503 @36.87 Total=18537.61
Tue Oct 21 08:00:00 GMT+00:00 2014 BUY  - CSL - 233 @85.77 Total=19992.41
Tue Oct 21 08:00:00 GMT+00:00 2014 BUY  - AKRX - 484 @41.29 Total=19992.36
Wed Oct 22 08:00:00 GMT+00:00 2014 BUY  - ILMN - 108 @184.82 Total=19968.56
Thu Nov 06 08:00:00 GMT+00:00 2014 SELL  - AKRX - 484 @37.88 Total=18325.92
Tue Nov 11 08:00:00 GMT+00:00 2014 BUY  - IHG - 491 @40.67 Total=19976.97
Fri Nov 14 08:00:00 GMT+00:00 2014 SELL  - ILMN - 108 @180.5 Total=19486.0
Wed Nov 19 08:00:00 GMT+00:00 2014 BUY  - GRMN - 337 @59.19 Total=19955.03
Mon Dec 01 08:00:00 GMT+00:00 2014 SELL  - GRMN - 337 @56.24 Total=18944.88
Mon Dec 01 08:00:00 GMT+00:00 2014 SELL  - DRC - 274 @80.0 Total=21912.0
Mon Dec 01 08:00:00 GMT+00:00 2014 BUY  - TRK - 952 @20.99 Total=19990.48
Tue Dec 02 08:00:00 GMT+00:00 2014 BUY  - MTSI - 772 @25.88 Total=19987.36
Tue Dec 09 08:00:00 GMT+00:00 2014 SELL  - IHG - 491 @39.6 Total=19435.6
Wed Dec 10 08:00:00 GMT+00:00 2014 SELL  - CSL - 233 @86.56 Total=20160.48
Fri Dec 12 08:00:00 GMT+00:00 2014 BUY  - ADBE - 262 @76.02 Total=19925.24
Thu Dec 18 08:00:00 GMT+00:00 2014 BUY  - CTAS - 268 @74.49 Total=19971.32
Mon Jan 05 08:00:00 GMT+00:00 2015 SELL  - ADBE - 262 @71.98 Total=18850.76
Mon Jan 05 08:00:00 GMT+00:00 2015 SELL  - MTSI - 772 @29.68 Total=22904.96
Tue Jan 06 08:00:00 GMT+00:00 2015 BUY  - SRC - 1620 @12.33 Total=19982.6
Wed Jan 07 08:00:00 GMT+00:00 2015 BUY  - AMPH - 1560 @12.78 Total=19944.8
Fri Jan 09 08:00:00 GMT+00:00 2015 SELL  - AMPH - 1560 @11.98 Total=18680.8
Fri Jan 09 08:00:00 GMT+00:00 2015 BUY  - DHT - 2258 @8.85 Total=19991.3
Thu Jan 15 08:00:00 GMT+00:00 2015 SELL  - DHT - 2258 @8.35 Total=18846.3
Thu Jan 15 08:00:00 GMT+00:00 2015 BUY  - HDB - 359 @55.66 Total=19989.94
Thu Feb 19 08:00:00 GMT+00:00 2015 SELL  - SRC - 1620 @12.36 Total=20015.2
Thu Feb 19 08:00:00 GMT+00:00 2015 BUY  - BJRI - 372 @53.6 Total=19947.2
Mon Mar 02 08:00:00 GMT+00:00 2015 SELL  - TRK - 952 @22.81 Total=21707.12
Mon Mar 02 08:00:00 GMT+00:00 2015 BUY  - CGNX - 425 @47.02 Total=19991.5
Mon Mar 23 08:00:00 GMT+00:00 2015 SELL  - HDB - 359 @59.67 Total=21413.53
Wed Mar 25 08:00:00 GMT+00:00 2015 SELL  - CTAS - 268 @81.7 Total=21887.6
Thu Mar 26 08:00:00 GMT+00:00 2015 SELL  - BJRI - 372 @50.9 Total=18926.8
Thu Mar 26 08:00:00 GMT+00:00 2015 BUY  - SIG - 148 @135.0 Total=19988.0
Tue Mar 31 08:00:00 GMT+00:00 2015 BUY  - DST - 180 @110.71 Total=19935.8
Mon Apr 06 08:00:00 GMT+00:00 2015 BUY  - IMAX - 556 @35.9 Total=19968.4
Mon Apr 20 08:00:00 GMT+00:00 2015 SELL  - CLX - 205 @108.47 Total=22228.35
Tue Apr 21 08:00:00 GMT+00:00 2015 BUY  - OCR - 246 @81.07 Total=19951.22
Thu Apr 23 08:00:00 GMT+00:00 2015 SELL  - CGNX - 425 @48.28 Total=20511.0
Thu Apr 23 08:00:00 GMT+00:00 2015 BUY  - CSL - 201 @99.08 Total=19923.08
Thu May 14 08:00:00 GMT+00:00 2015 SELL  - SIG - 148 @132.8 Total=19646.4
Thu May 14 08:00:00 GMT+00:00 2015 BUY  - CRTO - 420 @47.5 Total=19958.0
Thu Jun 11 08:00:00 GMT+00:00 2015 SELL  - CRTO - 420 @47.0 Total=19732.0
Thu Jun 11 08:00:00 GMT+00:00 2015 BUY  - MBLY - 396 @50.47 Total=19994.12
