Start Date: Wed Jan 01 08:00:00 GMT+00:00 2014
End Date: Sun Jun 21 03:02:03 GMT+00:00 2015
Initial Cash: 100000.0
Num Positions: 5
-----------------
Fri Jan 03 08:00:00 GMT+00:00 2014 BUY: 584 shares of PFPT cost-basis=34.2
Fri Jan 03 08:00:00 GMT+00:00 2014 BUY PFPT x584 for $19969.12 CASH-BAL=80030.88
Fri Jan 03 08:00:00 GMT+00:00 2014 BUY: 344 shares of YY cost-basis=58.0
Fri Jan 03 08:00:00 GMT+00:00 2014 BUY YY x344 for $19966.88 CASH-BAL=60064.0
Fri Jan 03 08:00:00 GMT+00:00 2014 BUY: 485 shares of MKTO cost-basis=41.2
Fri Jan 03 08:00:00 GMT+00:00 2014 BUY MKTO x485 for $19999.7 CASH-BAL=40064.3
Mon Jan 06 08:00:00 GMT+00:00 2014 BUY: 1099 shares of ANFI cost-basis=18.2
Mon Jan 06 08:00:00 GMT+00:00 2014 BUY ANFI x1099 for $19998.81 CASH-BAL=20065.49
Mon Jan 06 08:00:00 GMT+00:00 2014 BUY: 545 shares of VOYA cost-basis=36.7
Mon Jan 06 08:00:00 GMT+00:00 2014 BUY VOYA x545 for $19982.25 CASH-BAL=83.24
Wed Jan 22 08:00:00 GMT+00:00 2014 TA-SELL 20EMA: (-1.5%)545 shares of VOYA for -3.86
Wed Jan 22 08:00:00 GMT+00:00 2014 SELL VOYA x545 for $19203.25 CASH-BAL=19286.49
Wed Jan 22 08:00:00 GMT+00:00 2014 BUY: 402 shares of EAT cost-basis=49.7
Wed Jan 22 08:00:00 GMT+00:00 2014 BUY EAT x402 for $19995.44 CASH-BAL=-708.95
Fri Jan 24 08:00:00 GMT+00:00 2014 TA-SELL 20EMA: (-3.47%)344 shares of YY for 3.01
Fri Jan 24 08:00:00 GMT+00:00 2014 SELL YY x344 for $20559.76 CASH-BAL=19850.81
Wed Jan 29 08:00:00 GMT+00:00 2014 TA-SELL 20EMA: (-1.59%)584 shares of PFPT for 2.09
Wed Jan 29 08:00:00 GMT+00:00 2014 TA-SELL 20EMA: (-4.2%)1099 shares of ANFI for -3.83
Wed Jan 29 08:00:00 GMT+00:00 2014 SELL PFPT x584 for $20379.44 CASH-BAL=40230.25
Wed Jan 29 08:00:00 GMT+00:00 2014 SELL ANFI x1099 for $19224.5 CASH-BAL=59454.75
Mon Feb 03 08:00:00 GMT+00:00 2014 StopLoss SELL: (-5.84%)485 shares of MKTO for -5.84
Mon Feb 03 08:00:00 GMT+00:00 2014 StopLoss SELL: (-5.73%)402 shares of EAT for -5.73
Mon Feb 03 08:00:00 GMT+00:00 2014 SELL MKTO x485 for $18824.55 CASH-BAL=78279.3
Mon Feb 03 08:00:00 GMT+00:00 2014 SELL EAT x402 for $18841.78 CASH-BAL=97121.08
Tue Feb 18 08:00:00 GMT+00:00 2014 BUY: 570 shares of MYGN cost-basis=35.0
Tue Feb 18 08:00:00 GMT+00:00 2014 BUY MYGN x570 for $19975.1 CASH-BAL=77145.98
Tue Feb 18 08:00:00 GMT+00:00 2014 BUY: 399 shares of NMBL cost-basis=50.0
Tue Feb 18 08:00:00 GMT+00:00 2014 BUY NMBL x399 for $19954.01 CASH-BAL=57191.97
Wed Feb 19 08:00:00 GMT+00:00 2014 BUY: 248 shares of FLS cost-basis=80.6
Wed Feb 19 08:00:00 GMT+00:00 2014 BUY FLS x248 for $19996.8 CASH-BAL=37195.17
Wed Feb 19 08:00:00 GMT+00:00 2014 BUY: 386 shares of GRMN cost-basis=51.7
Wed Feb 19 08:00:00 GMT+00:00 2014 BUY GRMN x386 for $19956.48 CASH-BAL=17238.69
Wed Feb 19 08:00:00 GMT+00:00 2014 BUY: 934 shares of IMOS cost-basis=21.4
Wed Feb 19 08:00:00 GMT+00:00 2014 BUY IMOS x934 for $19995.6 CASH-BAL=-2756.91
Mon Mar 03 08:00:00 GMT+00:00 2014 StopLoss SELL: (-7.72%)399 shares of NMBL for -7.72
Mon Mar 03 08:00:00 GMT+00:00 2014 SELL NMBL x399 for $18405.85 CASH-BAL=15648.94
Mon Mar 03 08:00:00 GMT+00:00 2014 BUY: 402 shares of RNET cost-basis=49.7
Mon Mar 03 08:00:00 GMT+00:00 2014 BUY RNET x402 for $19971.32 CASH-BAL=-4322.38
Tue Mar 11 08:00:00 GMT+00:00 2014 TA-SELL 20EMA: (-1.87%)570 shares of MYGN for -1.27
Tue Mar 11 08:00:00 GMT+00:00 2014 SELL MYGN x570 for $19714.0 CASH-BAL=15391.62
Tue Mar 11 08:00:00 GMT+00:00 2014 BUY: 399 shares of EMES cost-basis=50.1
Tue Mar 11 08:00:00 GMT+00:00 2014 BUY EMES x399 for $19997.9 CASH-BAL=-4606.28
Thu Mar 13 08:00:00 GMT+00:00 2014 StopLoss SELL: (-6.07%)248 shares of FLS for -6.07
Thu Mar 13 08:00:00 GMT+00:00 2014 SELL FLS x248 for $18775.52 CASH-BAL=14169.24
Fri Mar 14 08:00:00 GMT+00:00 2014 BUY: 425 shares of MFRM cost-basis=47.0
Fri Mar 14 08:00:00 GMT+00:00 2014 BUY MFRM x425 for $19978.75 CASH-BAL=-5809.51
Thu Mar 27 08:00:00 GMT+00:00 2014 TA-SELL 20EMA: (-4.28%)934 shares of IMOS for -0.04
Thu Mar 27 08:00:00 GMT+00:00 2014 SELL IMOS x934 for $19979.6 CASH-BAL=14170.09
Mon Apr 07 08:00:00 GMT+00:00 2014 TA-SELL 20EMA: (-3.2%)402 shares of RNET for 2.98
Mon Apr 07 08:00:00 GMT+00:00 2014 SELL RNET x402 for $20558.32 CASH-BAL=34728.41
Thu Apr 10 08:00:00 GMT+00:00 2014 TA-SELL 20EMA: (-1.93%)425 shares of MFRM for -2.42
Thu Apr 10 08:00:00 GMT+00:00 2014 SELL MFRM x425 for $19486.75 CASH-BAL=54215.16
Fri Apr 25 08:00:00 GMT+00:00 2014 TA-SELL 20EMA: (-2.2%)386 shares of GRMN for 4.91
Fri Apr 25 08:00:00 GMT+00:00 2014 SELL GRMN x386 for $20928.64 CASH-BAL=75143.8
Fri May 16 08:00:00 GMT+00:00 2014 TA-SELL 20EMA: (-2.99%)399 shares of EMES for 52.4
Fri May 16 08:00:00 GMT+00:00 2014 SELL EMES x399 for $30475.6 CASH-BAL=105619.4
Tue Jul 01 08:00:00 GMT+00:00 2014 BUY: 1819 shares of MERC cost-basis=11.0
Tue Jul 01 08:00:00 GMT+00:00 2014 BUY MERC x1819 for $19998.81 CASH-BAL=85620.59
Tue Jul 01 08:00:00 GMT+00:00 2014 BUY: 939 shares of AMRI cost-basis=21.3
Tue Jul 01 08:00:00 GMT+00:00 2014 BUY AMRI x939 for $19989.92 CASH-BAL=65630.67
Tue Jul 01 08:00:00 GMT+00:00 2014 BUY: 263 shares of ANET cost-basis=76.0
Tue Jul 01 08:00:00 GMT+00:00 2014 BUY ANET x263 for $19996.0 CASH-BAL=45634.67
Mon Jul 07 08:00:00 GMT+00:00 2014 StopLoss SELL: (-5.08%)263 shares of ANET for -5.08
Mon Jul 07 08:00:00 GMT+00:00 2014 SELL ANET x263 for $18972.71 CASH-BAL=64607.38
Mon Jul 07 08:00:00 GMT+00:00 2014 BUY: 1216 shares of ORBK cost-basis=16.4
Mon Jul 07 08:00:00 GMT+00:00 2014 BUY ORBK x1216 for $19999.04 CASH-BAL=44608.34
Mon Jul 07 08:00:00 GMT+00:00 2014 BUY: 1780 shares of BBRY cost-basis=11.2
Mon Jul 07 08:00:00 GMT+00:00 2014 BUY BBRY x1780 for $19961.8 CASH-BAL=24646.54
Wed Jul 09 08:00:00 GMT+00:00 2014 BUY: 2835 shares of PZE cost-basis=7.05
Wed Jul 09 08:00:00 GMT+00:00 2014 BUY PZE x2835 for $19994.75 CASH-BAL=4651.79
Wed Jul 16 08:00:00 GMT+00:00 2014 StopLoss SELL: (-11.1%)1780 shares of BBRY for -11.1
Wed Jul 16 08:00:00 GMT+00:00 2014 SELL BBRY x1780 for $17738.6 CASH-BAL=22390.39
Wed Jul 16 08:00:00 GMT+00:00 2014 BUY: 307 shares of JOY cost-basis=65.0
Wed Jul 16 08:00:00 GMT+00:00 2014 BUY JOY x307 for $19966.07 CASH-BAL=2424.32
Thu Jul 17 08:00:00 GMT+00:00 2014 StopLoss SELL: (-7.7%)939 shares of AMRI for -7.7
Thu Jul 17 08:00:00 GMT+00:00 2014 StopLoss SELL: (-5.71%)2835 shares of PZE for -5.71
Thu Jul 17 08:00:00 GMT+00:00 2014 SELL AMRI x939 for $18443.35 CASH-BAL=20867.67
Thu Jul 17 08:00:00 GMT+00:00 2014 SELL PZE x2835 for $18844.75 CASH-BAL=39712.42
Mon Jul 21 08:00:00 GMT+00:00 2014 StopLoss SELL: (-5.22%)1819 shares of MERC for -5.22
Mon Jul 21 08:00:00 GMT+00:00 2014 SELL MERC x1819 for $18945.98 CASH-BAL=58658.4
Tue Jul 29 08:00:00 GMT+00:00 2014 StopLoss SELL: (-5.84%)307 shares of JOY for -5.84
Tue Jul 29 08:00:00 GMT+00:00 2014 SELL JOY x307 for $18792.68 CASH-BAL=77451.08
Mon Aug 04 08:00:00 GMT+00:00 2014 StopLoss SELL: (-8.8%)1216 shares of ORBK for -8.8
Mon Aug 04 08:00:00 GMT+00:00 2014 SELL ORBK x1216 for $18232.0 CASH-BAL=95683.08
Mon Aug 18 08:00:00 GMT+00:00 2014 BUY: 408 shares of AER cost-basis=49.0
Mon Aug 18 08:00:00 GMT+00:00 2014 BUY AER x408 for $19975.52 CASH-BAL=75707.56
Tue Aug 19 08:00:00 GMT+00:00 2014 BUY: 1338 shares of DEPO cost-basis=14.9
Tue Aug 19 08:00:00 GMT+00:00 2014 BUY DEPO x1338 for $19997.72 CASH-BAL=55709.84
Tue Aug 19 08:00:00 GMT+00:00 2014 BUY: 787 shares of SWIR cost-basis=25.4
Tue Aug 19 08:00:00 GMT+00:00 2014 BUY SWIR x787 for $19997.8 CASH-BAL=35712.04
Tue Aug 19 08:00:00 GMT+00:00 2014 BUY: 364 shares of CAVM cost-basis=54.8
Tue Aug 19 08:00:00 GMT+00:00 2014 BUY CAVM x364 for $19958.84 CASH-BAL=15753.2
Thu Aug 21 08:00:00 GMT+00:00 2014 BUY: 728 shares of MRD cost-basis=27.5
Thu Aug 21 08:00:00 GMT+00:00 2014 BUY MRD x728 for $19998.88 CASH-BAL=-4245.68
Wed Sep 03 08:00:00 GMT+00:00 2014 StopLoss SELL: (-6.4%)1338 shares of DEPO for -6.4
Wed Sep 03 08:00:00 GMT+00:00 2014 SELL DEPO x1338 for $18710.62 CASH-BAL=14464.94
Thu Sep 04 08:00:00 GMT+00:00 2014 StopLoss SELL: (-5.39%)408 shares of AER for -5.39
Thu Sep 04 08:00:00 GMT+00:00 2014 SELL AER x408 for $18890.56 CASH-BAL=33355.5
Thu Sep 04 08:00:00 GMT+00:00 2014 BUY: 503 shares of MEI cost-basis=39.7
Thu Sep 04 08:00:00 GMT+00:00 2014 BUY MEI x503 for $19987.16 CASH-BAL=13368.34
Fri Sep 05 08:00:00 GMT+00:00 2014 BUY: 118 shares of JAZZ cost-basis=168
Fri Sep 05 08:00:00 GMT+00:00 2014 BUY JAZZ x118 for $19834.36 CASH-BAL=-6466.02
Wed Sep 10 08:00:00 GMT+00:00 2014 TA-SELL 20EMA: (-1.65%)364 shares of CAVM for -3.98
Wed Sep 10 08:00:00 GMT+00:00 2014 SELL CAVM x364 for $19156.6 CASH-BAL=12690.58
Wed Sep 10 08:00:00 GMT+00:00 2014 BUY: 924 shares of HQY cost-basis=21.6
Wed Sep 10 08:00:00 GMT+00:00 2014 BUY HQY x924 for $19984.88 CASH-BAL=-7294.3
Tue Sep 16 08:00:00 GMT+00:00 2014 StopLoss SELL: (-7.07%)924 shares of HQY for -7.07
Tue Sep 16 08:00:00 GMT+00:00 2014 SELL HQY x924 for $18564.4 CASH-BAL=11270.1
Wed Sep 17 08:00:00 GMT+00:00 2014 BUY: 274 shares of DRC cost-basis=72.8
Wed Sep 17 08:00:00 GMT+00:00 2014 BUY DRC x274 for $19957.94 CASH-BAL=-8687.84
Mon Sep 22 08:00:00 GMT+00:00 2014 TA-SELL 20EMA: (-1.85%)728 shares of MRD for -1.06
Mon Sep 22 08:00:00 GMT+00:00 2014 SELL MRD x728 for $19779.04 CASH-BAL=11091.2
Mon Sep 22 08:00:00 GMT+00:00 2014 BUY: 205 shares of CLX cost-basis=97.3
Mon Sep 22 08:00:00 GMT+00:00 2014 BUY CLX x205 for $19940.15 CASH-BAL=-8848.95
Tue Sep 23 08:00:00 GMT+00:00 2014 StopLoss SELL: (-5.51%)118 shares of JAZZ for -5.51
Tue Sep 23 08:00:00 GMT+00:00 2014 SELL JAZZ x118 for $18732.76 CASH-BAL=9883.81
Tue Sep 23 08:00:00 GMT+00:00 2014 TA-SELL 20EMA: (-3.09%)787 shares of SWIR for 7.32
Tue Sep 23 08:00:00 GMT+00:00 2014 SELL SWIR x787 for $21453.49 CASH-BAL=31337.3
Wed Sep 24 08:00:00 GMT+00:00 2014 BUY: 531 shares of ACOR cost-basis=37.6
Wed Sep 24 08:00:00 GMT+00:00 2014 BUY ACOR x531 for $19984.22 CASH-BAL=11353.08
Thu Sep 25 08:00:00 GMT+00:00 2014 StopLoss SELL: (-5.57%)531 shares of ACOR for -5.57
Thu Sep 25 08:00:00 GMT+00:00 2014 SELL ACOR x531 for $18863.74 CASH-BAL=30216.82
Tue Sep 30 08:00:00 GMT+00:00 2014 StopLoss SELL: (-7.21%)503 shares of MEI for -7.21
Tue Sep 30 08:00:00 GMT+00:00 2014 SELL MEI x503 for $18537.61 CASH-BAL=48754.43
Tue Oct 21 08:00:00 GMT+00:00 2014 BUY: 233 shares of CSL cost-basis=85.8
Tue Oct 21 08:00:00 GMT+00:00 2014 BUY CSL x233 for $19992.41 CASH-BAL=28762.02
Tue Oct 21 08:00:00 GMT+00:00 2014 BUY: 484 shares of AKRX cost-basis=41.3
Tue Oct 21 08:00:00 GMT+00:00 2014 BUY AKRX x484 for $19992.36 CASH-BAL=8769.66
Wed Oct 22 08:00:00 GMT+00:00 2014 BUY: 108 shares of ILMN cost-basis=185
Wed Oct 22 08:00:00 GMT+00:00 2014 BUY ILMN x108 for $19968.56 CASH-BAL=-11198.9
Thu Nov 06 08:00:00 GMT+00:00 2014 StopLoss SELL: (-8.3%)484 shares of AKRX for -8.3
Thu Nov 06 08:00:00 GMT+00:00 2014 SELL AKRX x484 for $18325.92 CASH-BAL=7127.02
Tue Nov 11 08:00:00 GMT+00:00 2014 BUY: 491 shares of IHG cost-basis=40.7
Tue Nov 11 08:00:00 GMT+00:00 2014 BUY IHG x491 for $19976.97 CASH-BAL=-12849.95
Fri Nov 14 08:00:00 GMT+00:00 2014 TA-SELL 20EMA: (-1.7%)108 shares of ILMN for -2.38
Fri Nov 14 08:00:00 GMT+00:00 2014 SELL ILMN x108 for $19486.0 CASH-BAL=6636.05
Wed Nov 19 08:00:00 GMT+00:00 2014 BUY: 337 shares of GRMN cost-basis=59.2
Wed Nov 19 08:00:00 GMT+00:00 2014 BUY GRMN x337 for $19955.03 CASH-BAL=-13318.98
Mon Dec 01 08:00:00 GMT+00:00 2014 StopLoss SELL: (-5.02%)337 shares of GRMN for -5.02
Mon Dec 01 08:00:00 GMT+00:00 2014 SELL GRMN x337 for $18944.88 CASH-BAL=5625.9
Mon Dec 01 08:00:00 GMT+00:00 2014 TA-SELL 20EMA: (-1.74%)274 shares of DRC for 9.83
Mon Dec 01 08:00:00 GMT+00:00 2014 SELL DRC x274 for $21912.0 CASH-BAL=27537.9
Mon Dec 01 08:00:00 GMT+00:00 2014 BUY: 952 shares of TRK cost-basis=21.0
Mon Dec 01 08:00:00 GMT+00:00 2014 BUY TRK x952 for $19990.48 CASH-BAL=7547.42
Tue Dec 02 08:00:00 GMT+00:00 2014 BUY: 772 shares of MTSI cost-basis=25.9
Tue Dec 02 08:00:00 GMT+00:00 2014 BUY MTSI x772 for $19987.36 CASH-BAL=-12439.94
Tue Dec 09 08:00:00 GMT+00:00 2014 TA-SELL 20EMA: (-2.08%)491 shares of IHG for -2.67
Tue Dec 09 08:00:00 GMT+00:00 2014 SELL IHG x491 for $19435.6 CASH-BAL=6995.66
Wed Dec 10 08:00:00 GMT+00:00 2014 TA-SELL 20EMA: (-2.51%)233 shares of CSL for 0.881
Wed Dec 10 08:00:00 GMT+00:00 2014 SELL CSL x233 for $20160.48 CASH-BAL=27156.14
Fri Dec 12 08:00:00 GMT+00:00 2014 BUY: 262 shares of ADBE cost-basis=76.1
Fri Dec 12 08:00:00 GMT+00:00 2014 BUY ADBE x262 for $19925.24 CASH-BAL=7230.9
Thu Dec 18 08:00:00 GMT+00:00 2014 BUY: 268 shares of CTAS cost-basis=74.5
Thu Dec 18 08:00:00 GMT+00:00 2014 BUY CTAS x268 for $19971.32 CASH-BAL=-12740.42
Mon Jan 05 08:00:00 GMT+00:00 2015 StopLoss SELL: (-5.35%)262 shares of ADBE for -5.35
Mon Jan 05 08:00:00 GMT+00:00 2015 SELL ADBE x262 for $18850.76 CASH-BAL=6110.34
Mon Jan 05 08:00:00 GMT+00:00 2015 TA-SELL 20EMA: (-1.58%)772 shares of MTSI for 14.6
Mon Jan 05 08:00:00 GMT+00:00 2015 SELL MTSI x772 for $22904.96 CASH-BAL=29015.3
Tue Jan 06 08:00:00 GMT+00:00 2015 BUY: 1620 shares of SRC cost-basis=12.3
Tue Jan 06 08:00:00 GMT+00:00 2015 BUY SRC x1620 for $19982.6 CASH-BAL=9032.7
Wed Jan 07 08:00:00 GMT+00:00 2015 BUY: 1560 shares of AMPH cost-basis=12.8
Wed Jan 07 08:00:00 GMT+00:00 2015 BUY AMPH x1560 for $19944.8 CASH-BAL=-10912.1
Fri Jan 09 08:00:00 GMT+00:00 2015 StopLoss SELL: (-6.3%)1560 shares of AMPH for -6.3
Fri Jan 09 08:00:00 GMT+00:00 2015 SELL AMPH x1560 for $18680.8 CASH-BAL=7768.7
Fri Jan 09 08:00:00 GMT+00:00 2015 BUY: 2258 shares of DHT cost-basis=8.85
Fri Jan 09 08:00:00 GMT+00:00 2015 BUY DHT x2258 for $19991.3 CASH-BAL=-12222.6
Thu Jan 15 08:00:00 GMT+00:00 2015 StopLoss SELL: (-5.69%)2258 shares of DHT for -5.69
Thu Jan 15 08:00:00 GMT+00:00 2015 SELL DHT x2258 for $18846.3 CASH-BAL=6623.7
Thu Jan 15 08:00:00 GMT+00:00 2015 BUY: 359 shares of HDB cost-basis=55.7
Thu Jan 15 08:00:00 GMT+00:00 2015 BUY HDB x359 for $19989.94 CASH-BAL=-13366.24
Thu Feb 19 08:00:00 GMT+00:00 2015 TA-SELL 20EMA: (-1.68%)1620 shares of SRC for 0.203
Thu Feb 19 08:00:00 GMT+00:00 2015 SELL SRC x1620 for $20015.2 CASH-BAL=6648.96
Thu Feb 19 08:00:00 GMT+00:00 2015 BUY: 372 shares of BJRI cost-basis=53.6
Thu Feb 19 08:00:00 GMT+00:00 2015 BUY BJRI x372 for $19947.2 CASH-BAL=-13298.24
Mon Mar 02 08:00:00 GMT+00:00 2015 TA-SELL 20EMA: (-2.31%)952 shares of TRK for 8.63
Mon Mar 02 08:00:00 GMT+00:00 2015 SELL TRK x952 for $21707.12 CASH-BAL=8408.88
Mon Mar 02 08:00:00 GMT+00:00 2015 BUY: 425 shares of CGNX cost-basis=47.0
Mon Mar 02 08:00:00 GMT+00:00 2015 BUY CGNX x425 for $19991.5 CASH-BAL=-11582.62
Mon Mar 23 08:00:00 GMT+00:00 2015 TA-SELL 20EMA: (-1.68%)359 shares of HDB for 7.16
Mon Mar 23 08:00:00 GMT+00:00 2015 SELL HDB x359 for $21413.53 CASH-BAL=9830.91
Wed Mar 25 08:00:00 GMT+00:00 2015 TA-SELL 20EMA: (-1.8%)268 shares of CTAS for 9.64
Wed Mar 25 08:00:00 GMT+00:00 2015 SELL CTAS x268 for $21887.6 CASH-BAL=31718.51
Thu Mar 26 08:00:00 GMT+00:00 2015 StopLoss SELL: (-5.08%)372 shares of BJRI for -5.08
Thu Mar 26 08:00:00 GMT+00:00 2015 SELL BJRI x372 for $18926.8 CASH-BAL=50645.31
Thu Mar 26 08:00:00 GMT+00:00 2015 BUY: 148 shares of SIG cost-basis=135
Thu Mar 26 08:00:00 GMT+00:00 2015 BUY SIG x148 for $19988.0 CASH-BAL=30657.31
Tue Mar 31 08:00:00 GMT+00:00 2015 BUY: 180 shares of DST cost-basis=111
Tue Mar 31 08:00:00 GMT+00:00 2015 BUY DST x180 for $19935.8 CASH-BAL=10721.51
Mon Apr 06 08:00:00 GMT+00:00 2015 BUY: 556 shares of IMAX cost-basis=35.9
Mon Apr 06 08:00:00 GMT+00:00 2015 BUY IMAX x556 for $19968.4 CASH-BAL=-9246.89
Mon Apr 20 08:00:00 GMT+00:00 2015 TA-SELL 50SMA: (-1.03%)205 shares of CLX for 11.5
Mon Apr 20 08:00:00 GMT+00:00 2015 SELL CLX x205 for $22228.35 CASH-BAL=12981.46
Tue Apr 21 08:00:00 GMT+00:00 2015 BUY: 246 shares of OCR cost-basis=81.1
Tue Apr 21 08:00:00 GMT+00:00 2015 BUY OCR x246 for $19951.22 CASH-BAL=-6969.76
Thu Apr 23 08:00:00 GMT+00:00 2015 TA-SELL 20EMA: (-3.33%)425 shares of CGNX for 2.64
Thu Apr 23 08:00:00 GMT+00:00 2015 SELL CGNX x425 for $20511.0 CASH-BAL=13541.24
Thu Apr 23 08:00:00 GMT+00:00 2015 BUY: 201 shares of CSL cost-basis=99.1
Thu Apr 23 08:00:00 GMT+00:00 2015 BUY CSL x201 for $19923.08 CASH-BAL=-6381.84
Thu May 14 08:00:00 GMT+00:00 2015 TA-SELL 20EMA: (-1.98%)148 shares of SIG for -1.67
Thu May 14 08:00:00 GMT+00:00 2015 SELL SIG x148 for $19646.4 CASH-BAL=13264.56
Thu May 14 08:00:00 GMT+00:00 2015 BUY: 420 shares of CRTO cost-basis=47.5
Thu May 14 08:00:00 GMT+00:00 2015 BUY CRTO x420 for $19958.0 CASH-BAL=-6693.44
Thu Jun 11 08:00:00 GMT+00:00 2015 TA-SELL 20EMA: (-2.38%)420 shares of CRTO for -1.09
Thu Jun 11 08:00:00 GMT+00:00 2015 SELL CRTO x420 for $19732.0 CASH-BAL=13038.56
Thu Jun 11 08:00:00 GMT+00:00 2015 BUY: 396 shares of MBLY cost-basis=50.5
Thu Jun 11 08:00:00 GMT+00:00 2015 BUY MBLY x396 for $19994.12 CASH-BAL=-6955.56

---- Final Portfolio Holdings as of Sun Jun 21 03:02:03 GMT+00:00 2015 ----
null 180 of DST with cost basis of 111.0 and pct-chg: 12.9%
null 556 of IMAX with cost basis of 35.9 and pct-chg: 20.3%
null 246 of OCR with cost basis of 81.1 and pct-chg: 16.2%
null 201 of CSL with cost basis of 99.1 and pct-chg: 2.05%
null 396 of MBLY with cost basis of 50.5 and pct-chg: 5.53%

Total Invested Amount = 111138.47
Cash Bal = -6955.56
Net Value = 104182.91

---- Run stats ----
Start-Date: Wed Jan 01 08:00:00 GMT+00:00 2014
End-Date: Sun Jun 21 03:02:03 GMT+00:00 2015
Total Trading days: 536
Net Gain/Loss = 4182.910000000001
Pct Chg = 4.18%
