Fri Jan 03 08:00:00 GMT+00:00 2014 BUY  - MKTO - 202 @41.22 Total=8326.44
Fri Jan 03 08:00:00 GMT+00:00 2014 BUY  - PFPT - 244 @34.18 Total=8339.92
Tue Jan 07 08:00:00 GMT+00:00 2014 BUY  - SPLK - 110 @75.39 Total=8292.9
Thu Jan 09 08:00:00 GMT+00:00 2014 BUY  - M - 149 @55.8 Total=8314.2
Wed Jan 29 08:00:00 GMT+00:00 2014 SELL  - M - 149 @53.39 Total=7955.11
Wed Jan 29 08:00:00 GMT+00:00 2014 SELL  - SPLK - 110 @73.03 Total=8033.3
Wed Jan 29 08:00:00 GMT+00:00 2014 SELL  - PFPT - 244 @34.91 Total=8518.04
Mon Feb 03 08:00:00 GMT+00:00 2014 SELL  - MKTO - 202 @38.83 Total=7843.66
Mon Feb 10 08:00:00 GMT+00:00 2014 BUY  - SALE - 201 @41.33 Total=8307.33
Wed Feb 12 08:00:00 GMT+00:00 2014 BUY  - SN - 263 @31.72 Total=8342.36
Thu Feb 13 08:00:00 GMT+00:00 2014 BUY  - TWC - 57 @144.81 Total=8254.17
Tue Feb 18 08:00:00 GMT+00:00 2014 SELL  - SN - 263 @29.74 Total=7821.62
Wed Feb 19 08:00:00 GMT+00:00 2014 BUY  - FLS - 103 @80.6 Total=8301.8
Wed Feb 26 08:00:00 GMT+00:00 2014 BUY  - HEI - 133 @62.7 Total=8339.1
Tue Mar 04 08:00:00 GMT+00:00 2014 BUY  - NUVA - 212 @39.29 Total=8329.48
Thu Mar 06 08:00:00 GMT+00:00 2014 SELL  - NUVA - 212 @37.29 Total=7905.48
Mon Mar 10 08:00:00 GMT+00:00 2014 SELL  - SALE - 201 @40.6 Total=8160.6
Tue Mar 11 08:00:00 GMT+00:00 2014 BUY  - EMES - 166 @50.1 Total=8316.6
Thu Mar 13 08:00:00 GMT+00:00 2014 SELL  - TWC - 57 @137.49 Total=7836.93
Thu Mar 13 08:00:00 GMT+00:00 2014 SELL  - FLS - 103 @75.74 Total=7801.22
Wed Mar 26 08:00:00 GMT+00:00 2014 SELL  - HEI - 133 @58.74 Total=7812.42
Fri May 16 08:00:00 GMT+00:00 2014 SELL  - EMES - 166 @76.4 Total=12682.4
Wed May 28 08:00:00 GMT+00:00 2014 BUY  - CAL - 284 @29.3 Total=8321.2
Mon Jun 02 08:00:00 GMT+00:00 2014 SELL  - CAL - 284 @27.83 Total=7903.72
Tue Jun 17 08:00:00 GMT+00:00 2014 BUY  - JWA - 138 @60.1 Total=8293.8
Thu Jun 19 08:00:00 GMT+00:00 2014 BUY  - GLOG - 279 @29.88 Total=8336.52
Fri Jun 20 08:00:00 GMT+00:00 2014 BUY  - GMLP - 225 @37.08 Total=8343.0
Fri Jun 20 08:00:00 GMT+00:00 2014 BUY  - KS - 251 @33.21 Total=8335.71
Wed Jun 25 08:00:00 GMT+00:00 2014 BUY  - GCI - 272 @30.67 Total=8342.24
Thu Jun 26 08:00:00 GMT+00:00 2014 BUY  - MEI - 221 @37.68 Total=8327.28
Mon Jul 07 08:00:00 GMT+00:00 2014 SELL  - GLOG - 279 @28.23 Total=7876.17
Mon Jul 07 08:00:00 GMT+00:00 2014 SELL  - KS - 251 @30.55 Total=7668.05
Tue Jul 08 08:00:00 GMT+00:00 2014 SELL  - MEI - 221 @35.76 Total=7902.96
Fri Jul 11 08:00:00 GMT+00:00 2014 SELL  - GMLP - 225 @35.05 Total=7886.25
Thu Aug 07 08:00:00 GMT+00:00 2014 SELL  - JWA - 138 @58.94 Total=8133.72
Fri Aug 22 08:00:00 GMT+00:00 2014 BUY  - GCI - 147 @33.95 Total=4990.65
Thu Sep 04 08:00:00 GMT+00:00 2014 BUY  - MEI - 210 @39.72 Total=8341.2
Tue Sep 09 08:00:00 GMT+00:00 2014 SELL  - GCI - 419 @32.38 Total=13567.22
Thu Sep 25 08:00:00 GMT+00:00 2014 SELL  - MEI - 210 @38.04 Total=7988.4
Tue Oct 21 08:00:00 GMT+00:00 2014 BUY  - AKRX - 202 @41.29 Total=8340.58
Mon Oct 27 08:00:00 GMT+00:00 2014 BUY  - EPAM - 177 @46.91 Total=8303.07
Thu Oct 30 08:00:00 GMT+00:00 2014 BUY  - BMY - 141 @58.98 Total=8316.18
Thu Oct 30 08:00:00 GMT+00:00 2014 BUY  - BIN - 295 @28.25 Total=8333.75
Thu Oct 30 08:00:00 GMT+00:00 2014 BUY  - CACI - 101 @82.05 Total=8287.05
Fri Oct 31 08:00:00 GMT+00:00 2014 BUY  - FLT - 55 @150.56 Total=8280.8
Thu Nov 06 08:00:00 GMT+00:00 2014 SELL  - AKRX - 202 @37.88 Total=7651.76
Wed Dec 10 08:00:00 GMT+00:00 2014 SELL  - FLT - 55 @143.9 Total=7914.5
Tue Dec 16 08:00:00 GMT+00:00 2014 SELL  - EPAM - 177 @46.24 Total=8184.48
Tue Dec 16 08:00:00 GMT+00:00 2014 SELL  - BMY - 141 @57.69 Total=8134.29
Tue Dec 16 08:00:00 GMT+00:00 2014 SELL  - CACI - 101 @83.36 Total=8419.36
Thu Dec 18 08:00:00 GMT+00:00 2014 BUY  - KRFT - 131 @63.38 Total=8302.78
Tue Dec 23 08:00:00 GMT+00:00 2014 BUY  - BIN - 165 @30.23 Total=4987.95
Mon Jan 12 08:00:00 GMT+00:00 2015 SELL  - BIN - 460 @28.85 Total=13271.0
Fri Jan 23 08:00:00 GMT+00:00 2015 BUY  - SBUX - 94 @88.22 Total=8292.68
Tue Feb 10 08:00:00 GMT+00:00 2015 BUY  - SEE - 184 @45.27 Total=8329.68
Wed Feb 11 08:00:00 GMT+00:00 2015 BUY  - SCI - 342 @24.39 Total=8341.38
Fri Feb 13 08:00:00 GMT+00:00 2015 BUY  - EIGI - 428 @19.49 Total=8341.72
Fri Mar 06 08:00:00 GMT+00:00 2015 SELL  - KRFT - 131 @62.02 Total=8124.62
Mon Mar 09 08:00:00 GMT+00:00 2015 BUY  - SBUX - 53 @93.04 Total=4931.12
Wed Mar 11 08:00:00 GMT+00:00 2015 SELL  - EIGI - 428 @18.11 Total=7751.08
Mon Mar 30 08:00:00 GMT+00:00 2015 BUY  - SBUX - 34 @95.98 Total=3263.32
Wed Apr 01 08:00:00 GMT+00:00 2015 SELL  - SBUX - 181 @93.02 Total=16836.62
Wed Apr 01 08:00:00 GMT+00:00 2015 BUY  - SCI - 190 @26.25 Total=4987.5
Wed Apr 15 08:00:00 GMT+00:00 2015 SELL  - SEE - 184 @44.46 Total=8180.64
Tue Apr 28 08:00:00 GMT+00:00 2015 BUY  - HQY - 300 @27.76 Total=8328.0
Wed Apr 29 08:00:00 GMT+00:00 2015 BUY  - XPO - 170 @48.83 Total=8301.1
Thu Apr 30 08:00:00 GMT+00:00 2015 SELL  - HQY - 300 @26.21 Total=7863.0
Wed May 20 08:00:00 GMT+00:00 2015 BUY  - TWC - 50 @166.55 Total=8327.5
Tue May 26 08:00:00 GMT+00:00 2015 SELL  - TWC - 50 @183.6 Total=9180.0
Wed May 27 08:00:00 GMT+00:00 2015 BUY  - AMED - 263 @31.67 Total=8329.21
Fri Jun 05 08:00:00 GMT+00:00 2015 BUY  - JUNO - 122 @68.36 Total=8339.92
Tue Jun 09 08:00:00 GMT+00:00 2015 SELL  - JUNO - 122 @62.14 Total=7581.08
Tue Jun 09 08:00:00 GMT+00:00 2015 BUY  - SCI - 114 @29.11 Total=3318.54
Tue Jun 09 08:00:00 GMT+00:00 2015 BUY  - CMN - 160 @52.0 Total=8320.0
Fri Jun 12 08:00:00 GMT+00:00 2015 SELL  - XPO - 170 @47.46 Total=8068.2
Wed Jun 17 08:00:00 GMT+00:00 2015 BUY  - RDUS - 161 @51.73 Total=8328.53
Fri Jun 26 08:00:00 GMT+00:00 2015 BUY  - W - 218 @38.18 Total=8323.24
