Start Date: Tue Jan 01 08:00:00 GMT+00:00 2013
End Date: Tue Jun 30 19:04:32 GMT+00:00 2015
Initial Cash: 100000.0
Num Positions: 5
-----------------
Fri Jan 04 08:00:00 GMT+00:00 2013 BUY: 196 shares of IEP cost-basis=50.7 for $9945.04 CASH-BAL=90047.96
Mon Jan 07 08:00:00 GMT+00:00 2013 BUY: 257 shares of NSM cost-basis=38.8 for $9979.31 CASH-BAL=80061.65
Mon Jan 07 08:00:00 GMT+00:00 2013 BUY: 234 shares of RNF cost-basis=42.6 for $9961.38 CASH-BAL=70093.27
Fri Jan 11 08:00:00 GMT+00:00 2013 BUY: 557 shares of HTHT cost-basis=17.9 for $9981.44 CASH-BAL=60104.83
Wed Jan 16 08:00:00 GMT+00:00 2013 BUY: 233 shares of PRLB cost-basis=42.7 for $9951.43 CASH-BAL=50146.4
Thu Jan 17 08:00:00 GMT+00:00 2013 Selling due to underperformance: NSM
Thu Jan 17 08:00:00 GMT+00:00 2013 SELL NSM x257 for $9449.89 CASH-BAL=59589.29
Thu Jan 17 08:00:00 GMT+00:00 2013 BUY: 225 shares of CLW cost-basis=44.2 for $9954.0 CASH-BAL=49628.29
Fri Jan 25 08:00:00 GMT+00:00 2013 BUY: 132 shares of RNF cost-basis=43.6 for $5988.84 CASH-BAL=43632.45
Wed Feb 06 08:00:00 GMT+00:00 2013 StopLoss-SoftStop SELL: (-6.44%)233 shares of PRLB for -6.44
Wed Feb 06 08:00:00 GMT+00:00 2013 SELL PRLB x233 for $9317.67 CASH-BAL=52943.12
Wed Feb 06 08:00:00 GMT+00:00 2013 BUY: 83 shares of RNF cost-basis=44.4 for $3967.4 CASH-BAL=48968.72
Mon Feb 11 08:00:00 GMT+00:00 2013 StopLoss-ScaledSoftStop SELL: ($45.288000000000004)449 @$43.65 shares of RNF for -1.71
Mon Feb 11 08:00:00 GMT+00:00 2013 SELL RNF x449 for $19598.85 CASH-BAL=68560.57
Wed Feb 20 08:00:00 GMT+00:00 2013Market-Uptrend-Sell 20EMA: (-4.56%)557 shares of HTHT for -0.517
Wed Feb 20 08:00:00 GMT+00:00 2013 SELL HTHT x557 for $9936.88 CASH-BAL=78490.45
Mon Mar 04 08:00:00 GMT+00:00 2013Market-Uptrend-Sell 20EMA: (-9.06%)196 shares of IEP for 20.9
Mon Mar 04 08:00:00 GMT+00:00 2013 SELL IEP x196 for $12030.48 CASH-BAL=90513.93
Mon Mar 04 08:00:00 GMT+00:00 2013 BUY: 164 shares of IX cost-basis=60.7 for $9956.44 CASH-BAL=80550.49
Wed Apr 10 08:00:00 GMT+00:00 2013 BUY: 117 shares of CLW cost-basis=46.6 for $5977.53 CASH-BAL=74565.96
Mon Apr 15 08:00:00 GMT+00:00 2013Market-Uptrend-Sell 20EMA: (-5.27%)342 shares of CLW for 2.35
Mon Apr 15 08:00:00 GMT+00:00 2013 SELL CLW x342 for $16320.24 CASH-BAL=90879.2
Fri May 03 08:00:00 GMT+00:00 2013 BUY: 79 shares of IX cost-basis=65.6 for $5981.09 CASH-BAL=84891.11
Tue May 14 08:00:00 GMT+00:00 2013 BUY: 257 shares of QIHU cost-basis=38.8 for $9963.89 CASH-BAL=74920.22
Wed May 15 08:00:00 GMT+00:00 2013 BUY: 278 shares of SMTC cost-basis=35.9 for $9985.76 CASH-BAL=64927.46
Thu May 23 08:00:00 GMT+00:00 2013Market-Uptrend-Sell 20EMA: (-5.95%)243 shares of IX for 7.98
Thu May 23 08:00:00 GMT+00:00 2013 SELL IX x243 for $17223.84 CASH-BAL=82144.3
Tue Jun 18 08:00:00 GMT+00:00 2013 BUY: 159 shares of PRLB cost-basis=62.5 for $9942.27 CASH-BAL=72195.03
Fri Jun 21 08:00:00 GMT+00:00 2013Market-Downtrend-Sell -3%: (-4.12%)159 shares of PRLB for -4.12
Fri Jun 21 08:00:00 GMT+00:00 2013 SELL PRLB x159 for $9540.0 CASH-BAL=81728.03
Mon Jun 24 08:00:00 GMT+00:00 2013Market-Downtrend-Sell 20EMA: (-3.31%)278 shares of SMTC for -4.0
Mon Jun 24 08:00:00 GMT+00:00 2013 SELL SMTC x278 for $9593.78 CASH-BAL=91314.81
Thu Jun 27 08:00:00 GMT+00:00 2013 BUY: 186 shares of SSTK cost-basis=53.6 for $9962.16 CASH-BAL=81345.65
Tue Jul 02 08:00:00 GMT+00:00 2013 BUY: 122 shares of AYI cost-basis=81.4 for $9929.58 CASH-BAL=71409.07
Tue Jul 23 08:00:00 GMT+00:00 2013Market-Uptrend-Sell 20EMA: (-2.57%)186 shares of SSTK for 1.07
Tue Jul 23 08:00:00 GMT+00:00 2013 SELL SSTK x186 for $10075.62 CASH-BAL=81477.69
Thu Aug 08 08:00:00 GMT+00:00 2013 BUY: 69 shares of AYI cost-basis=83.3 for $5975.4 CASH-BAL=75495.29
Wed Sep 04 08:00:00 GMT+00:00 2013 BUY: 283 shares of SALE cost-basis=35.3 for $9989.9 CASH-BAL=65498.39
Wed Sep 11 08:00:00 GMT+00:00 2013 StopLoss-HardStop SELL: (-7.69%)283 shares of SALE for -7.69
Wed Sep 11 08:00:00 GMT+00:00 2013 SELL SALE x283 for $9228.63 CASH-BAL=74720.02
Thu Sep 12 08:00:00 GMT+00:00 2013 BUY: 187 shares of WBA cost-basis=53.3 for $9965.23 CASH-BAL=64747.79
Mon Sep 16 08:00:00 GMT+00:00 2013 BUY: 406 shares of AVG cost-basis=24.6 for $9987.6 CASH-BAL=54753.19
Wed Sep 18 08:00:00 GMT+00:00 2013 BUY: 69 shares of QIHU cost-basis=48.8 for $5929.86 CASH-BAL=48816.33
Thu Sep 26 08:00:00 GMT+00:00 2013 BUY: 43 shares of AYI cost-basis=84.9 for $3962.45 CASH-BAL=44846.88
Thu Sep 26 08:00:00 GMT+00:00 2013 BUY: 230 shares of FUL cost-basis=43.3 for $9954.4 CASH-BAL=34885.48
Thu Oct 03 08:00:00 GMT+00:00 2013 StopLoss-SoftStop SELL: (-5.56%)406 shares of AVG for -5.56
Thu Oct 03 08:00:00 GMT+00:00 2013 SELL AVG x406 for $9439.5 CASH-BAL=44317.98
Tue Oct 08 08:00:00 GMT+00:00 2013Market-Uptrend-Sell 20EMA: (-8.03%)326 shares of QIHU for 58.3
Tue Oct 08 08:00:00 GMT+00:00 2013 SELL QIHU x326 for $25180.24 CASH-BAL=69491.22
Thu Oct 10 08:00:00 GMT+00:00 2013 BUY: 107 shares of WBA cost-basis=54.3 for $5992.0 CASH-BAL=63492.22
Fri Oct 11 08:00:00 GMT+00:00 2013 BUY: 309 shares of TTM cost-basis=32.3 for $9986.88 CASH-BAL=53498.34
Wed Oct 16 08:00:00 GMT+00:00 2013 BUY: 230 shares of TMH cost-basis=43.4 for $9988.9 CASH-BAL=43502.44
Thu Oct 17 08:00:00 GMT+00:00 2013 Selling due to underperformance: TTM
Thu Oct 17 08:00:00 GMT+00:00 2013 SELL TTM x309 for $9563.55 CASH-BAL=53058.99
Thu Oct 17 08:00:00 GMT+00:00 2013 BUY: 916 shares of STNG cost-basis=10.9 for $9984.4 CASH-BAL=43067.59
Wed Oct 30 08:00:00 GMT+00:00 2013 Selling due to underperformance: TMH
Wed Oct 30 08:00:00 GMT+00:00 2013 SELL TMH x230 for $9975.1 CASH-BAL=53035.69
Wed Oct 30 08:00:00 GMT+00:00 2013 BUY: 264 shares of AZPN cost-basis=37.8 for $9981.84 CASH-BAL=43046.85
Thu Oct 31 08:00:00 GMT+00:00 2013 BUY: 67 shares of WBA cost-basis=55.2 for $3969.08 CASH-BAL=39070.77
Thu Oct 31 08:00:00 GMT+00:00 2013 BUY: 125 shares of FUL cost-basis=44.9 for $5983.75 CASH-BAL=33080.02
Thu Nov 21 08:00:00 GMT+00:00 2013 BUY: 80 shares of FUL cost-basis=45.8 for $3968.0 CASH-BAL=29105.02
Tue Dec 03 08:00:00 GMT+00:00 2013Market-Uptrend-Sell 20EMA: (-3.21%)916 shares of STNG for 1.58
Tue Dec 03 08:00:00 GMT+00:00 2013 SELL STNG x916 for $10149.28 CASH-BAL=39247.3
Wed Dec 04 08:00:00 GMT+00:00 2013Market-Uptrend-Sell 20EMA: (-2.74%)361 shares of WBA for 4.19
Wed Dec 04 08:00:00 GMT+00:00 2013 SELL WBA x361 for $20782.77 CASH-BAL=60023.07
Tue Dec 10 08:00:00 GMT+00:00 2013 BUY: 192 shares of TWTR cost-basis=52.0 for $9982.08 CASH-BAL=50033.99
Mon Dec 16 08:00:00 GMT+00:00 2013 BUY: 309 shares of GNTX cost-basis=32.3 for $9976.065 CASH-BAL=40050.925
Mon Dec 30 08:00:00 GMT+00:00 2013 BUY: 142 shares of AZPN cost-basis=39.2 for $5952.64 CASH-BAL=34091.285
Thu Jan 02 08:00:00 GMT+00:00 2014 Selling due to underperformance: GNTX
Thu Jan 02 08:00:00 GMT+00:00 2014 SELL GNTX x309 for $9952.89 CASH-BAL=44037.175
Thu Jan 02 08:00:00 GMT+00:00 2014 BUY: 960 shares of VWDRY cost-basis=10.4 for $9987.264 CASH-BAL=34042.911
Tue Jan 07 08:00:00 GMT+00:00 2014 Selling due to underperformance: AZPN
Tue Jan 07 08:00:00 GMT+00:00 2014 SELL AZPN x406 for $17072.3 CASH-BAL=51108.211
Tue Jan 07 08:00:00 GMT+00:00 2014 BUY: 132 shares of SPLK cost-basis=75.4 for $9951.48 CASH-BAL=41149.731
Thu Jan 09 08:00:00 GMT+00:00 2014Market-Uptrend-Sell 20EMA: (-4.79%)192 shares of TWTR for 9.66
Thu Jan 09 08:00:00 GMT+00:00 2014 SELL TWTR x192 for $10953.6 CASH-BAL=52096.331
Thu Jan 09 08:00:00 GMT+00:00 2014 BUY: 179 shares of M cost-basis=55.8 for $9988.2 CASH-BAL=42101.131
Fri Jan 17 08:00:00 GMT+00:00 2014Market-Uptrend-Sell 20EMA: (-3.42%)435 shares of FUL for 8.09
Fri Jan 17 08:00:00 GMT+00:00 2014 SELL FUL x435 for $21536.85 CASH-BAL=63630.981
Mon Jan 27 08:00:00 GMT+00:00 2014Market-CautiousUp-Sell -3%: (-3.85%)960 shares of VWDRY for -3.85
Mon Jan 27 08:00:00 GMT+00:00 2014 SELL VWDRY x960 for $9609.6 CASH-BAL=73233.581
Wed Jan 29 08:00:00 GMT+00:00 2014Market-Downtrend-Sell 20EMA: (-1.73%)179 shares of M for -4.39
Wed Jan 29 08:00:00 GMT+00:00 2014Market-Downtrend-Sell 20EMA: (-3.09%)132 shares of SPLK for -3.2
Wed Jan 29 08:00:00 GMT+00:00 2014 SELL M x179 for $9556.81 CASH-BAL=82783.391
Wed Jan 29 08:00:00 GMT+00:00 2014 SELL SPLK x132 for $9639.96 CASH-BAL=92416.351
Mon Feb 10 08:00:00 GMT+00:00 2014 BUY: 241 shares of SALE cost-basis=41.3 for $9960.53 CASH-BAL=82448.821
Wed Feb 12 08:00:00 GMT+00:00 2014 BUY: 315 shares of SN cost-basis=31.7 for $9991.8 CASH-BAL=72450.021
Thu Feb 13 08:00:00 GMT+00:00 2014 BUY: 69 shares of TWC cost-basis=145 for $9991.89 CASH-BAL=62451.131
Tue Feb 18 08:00:00 GMT+00:00 2014 StopLoss-SoftStop SELL: (-6.31%)315 shares of SN for -6.31
Tue Feb 18 08:00:00 GMT+00:00 2014 SELL SN x315 for $9368.1 CASH-BAL=71812.231
Tue Feb 18 08:00:00 GMT+00:00 2014 BUY: 199 shares of NMBL cost-basis=50.0 for $9948.01 CASH-BAL=61857.221
Wed Feb 19 08:00:00 GMT+00:00 2014 BUY: 123 shares of FLS cost-basis=80.6 for $9913.8 CASH-BAL=51936.421
Wed Feb 26 08:00:00 GMT+00:00 2014 Selling due to underperformance: TWC
Wed Feb 26 08:00:00 GMT+00:00 2014 SELL TWC x69 for $9505.44 CASH-BAL=61434.861
Wed Feb 26 08:00:00 GMT+00:00 2014 BUY: 159 shares of HEI cost-basis=62.7 for $9969.3 CASH-BAL=51458.561
Mon Mar 03 08:00:00 GMT+00:00 2014 StopLoss-HardStop SELL: (-7.75%)199 shares of NMBL for -7.75
Mon Mar 03 08:00:00 GMT+00:00 2014 SELL NMBL x199 for $9183.85 CASH-BAL=60635.411
Tue Mar 04 08:00:00 GMT+00:00 2014 BUY: 254 shares of NUVA cost-basis=39.3 for $9979.66 CASH-BAL=50648.751
Wed Mar 05 08:00:00 GMT+00:00 2014 BUY: 136 shares of SALE cost-basis=42.2 for $5954.08 CASH-BAL=44687.671
Thu Mar 06 08:00:00 GMT+00:00 2014 StopLoss-SoftStop SELL: (-5.16%)254 shares of NUVA for -5.16
Thu Mar 06 08:00:00 GMT+00:00 2014 SELL NUVA x254 for $9471.66 CASH-BAL=54152.331
Fri Mar 07 08:00:00 GMT+00:00 2014 BUY: 219 shares of AGIO cost-basis=45.5 for $9953.55 CASH-BAL=44191.781
Mon Mar 10 08:00:00 GMT+00:00 2014 StopLoss-ScaledSoftStop SELL: ($42.622)377 @$40.6 shares of SALE for -3.91
Mon Mar 10 08:00:00 GMT+00:00 2014 SELL SALE x377 for $15306.2 CASH-BAL=59490.981
Tue Mar 11 08:00:00 GMT+00:00 2014 StopLoss-SoftStop SELL: (-5.55%)219 shares of AGIO for -5.55
Tue Mar 11 08:00:00 GMT+00:00 2014 SELL AGIO x219 for $9408.24 CASH-BAL=68892.221
Tue Mar 11 08:00:00 GMT+00:00 2014 BUY: 199 shares of EMES cost-basis=50.1 for $9969.9 CASH-BAL=58915.321
Thu Mar 13 08:00:00 GMT+00:00 2014 StopLoss-SoftStop SELL: (-6.1%)123 shares of FLS for -6.1
Thu Mar 13 08:00:00 GMT+00:00 2014 SELL FLS x123 for $9316.02 CASH-BAL=68224.341
Fri Mar 14 08:00:00 GMT+00:00 2014 BUY: 212 shares of MFRM cost-basis=47.0 for $9961.88 CASH-BAL=58255.461
Wed Mar 26 08:00:00 GMT+00:00 2014 StopLoss-SoftStop SELL: (-6.39%)159 shares of HEI for -6.39
Wed Mar 26 08:00:00 GMT+00:00 2014 SELL HEI x159 for $9339.66 CASH-BAL=67588.121
Thu Mar 27 08:00:00 GMT+00:00 2014Market-Downtrend-Sell 50EDMA: (-4.94%)234 shares of AYI for 50.8
Thu Mar 27 08:00:00 GMT+00:00 2014 SELL AYI x234 for $29987.1 CASH-BAL=97568.221
Thu Apr 10 08:00:00 GMT+00:00 2014Market-Downtrend-Sell 20EMA: (-1.93%)212 shares of MFRM for -2.45
Thu Apr 10 08:00:00 GMT+00:00 2014 SELL MFRM x212 for $9724.44 CASH-BAL=107285.661
Thu Apr 17 08:00:00 GMT+00:00 2014 BUY: 95 shares of WSO cost-basis=104 for $9897.1 CASH-BAL=97381.561
Mon Apr 21 08:00:00 GMT+00:00 2014 BUY: 144 shares of AZN cost-basis=69.1 for $9950.4 CASH-BAL=87424.161
Tue Apr 22 08:00:00 GMT+00:00 2014Market-Downtrend-Sell -3%: (-3.31%)144 shares of AZN for -3.31
Tue Apr 22 08:00:00 GMT+00:00 2014 SELL AZN x144 for $9627.84 CASH-BAL=97045.001
Thu May 01 08:00:00 GMT+00:00 2014 BUY: 92 shares of KEX cost-basis=108 for $9921.28 CASH-BAL=87116.721
Wed May 14 08:00:00 GMT+00:00 2014Market-Downtrend-Sell -3%: (-3.42%)95 shares of WSO for -3.42
Wed May 14 08:00:00 GMT+00:00 2014 SELL WSO x95 for $9565.55 CASH-BAL=96675.271
Wed May 28 08:00:00 GMT+00:00 2014 BUY: 341 shares of CAL cost-basis=29.3 for $9991.3 CASH-BAL=86676.971
Mon Jun 02 08:00:00 GMT+00:00 2014 StopLoss-SoftStop SELL: (-5.09%)341 shares of CAL for -5.09
Mon Jun 02 08:00:00 GMT+00:00 2014 SELL CAL x341 for $9490.03 CASH-BAL=96160.001
Mon Jun 09 08:00:00 GMT+00:00 2014 BUY: 454 shares of MTSI cost-basis=22.0 for $9983.46 CASH-BAL=86169.541
Wed Jun 11 08:00:00 GMT+00:00 2014 BUY: 52 shares of KEX cost-basis=110 for $5930.08 CASH-BAL=80232.461
Wed Jun 11 08:00:00 GMT+00:00 2014 BUY: 39 shares of FCNCA cost-basis=252 for $9824.49 CASH-BAL=70400.971
Fri Jun 13 08:00:00 GMT+00:00 2014 BUY: 58 shares of EMES cost-basis=61.8 for $5913.1 CASH-BAL=64480.871
Tue Jun 17 08:00:00 GMT+00:00 2014 BUY: 166 shares of JWA cost-basis=60.1 for $9976.6 CASH-BAL=54497.271
Thu Jun 19 08:00:00 GMT+00:00 2014 Selling due to underperformance: KEX
Thu Jun 19 08:00:00 GMT+00:00 2014 SELL KEX x144 for $16760.16 CASH-BAL=71250.431
Thu Jun 19 08:00:00 GMT+00:00 2014 BUY: 334 shares of GLOG cost-basis=29.9 for $9979.92 CASH-BAL=61263.511
Fri Jun 20 08:00:00 GMT+00:00 2014Market-Uptrend-Sell 20EMA: (-2.55%)257 shares of EMES for 59.0
Fri Jun 20 08:00:00 GMT+00:00 2014 SELL EMES x257 for $25263.1 CASH-BAL=86519.611
Fri Jun 20 08:00:00 GMT+00:00 2014 BUY: 269 shares of GMLP cost-basis=37.1 for $9974.52 CASH-BAL=76538.091
Wed Jun 25 08:00:00 GMT+00:00 2014 Selling due to underperformance: GMLP
Wed Jun 25 08:00:00 GMT+00:00 2014 SELL GMLP x269 for $9762.01 CASH-BAL=86293.101
Wed Jun 25 08:00:00 GMT+00:00 2014 BUY: 325 shares of TGNA cost-basis=30.7 for $9967.75 CASH-BAL=76318.351
Thu Jun 26 08:00:00 GMT+00:00 2014 Selling due to underperformance: FCNCA
Thu Jun 26 08:00:00 GMT+00:00 2014 SELL FCNCA x39 for $9718.8 CASH-BAL=86030.151
Thu Jun 26 08:00:00 GMT+00:00 2014 BUY: 265 shares of MEI cost-basis=37.7 for $9985.2 CASH-BAL=76037.951
Tue Jul 01 08:00:00 GMT+00:00 2014 Selling due to underperformance: MTSI
Tue Jul 01 08:00:00 GMT+00:00 2014 SELL MTSI x454 for $10183.22 CASH-BAL=86214.171
Tue Jul 01 08:00:00 GMT+00:00 2014 BUY: 131 shares of ANET cost-basis=76.0 for $9956.0 CASH-BAL=76251.171
Mon Jul 07 08:00:00 GMT+00:00 2014 StopLoss-SoftStop SELL: (-5.59%)334 shares of GLOG for -5.59
Mon Jul 07 08:00:00 GMT+00:00 2014 StopLoss-SoftStop SELL: (-5.11%)131 shares of ANET for -5.11
Mon Jul 07 08:00:00 GMT+00:00 2014 SELL GLOG x334 for $9428.82 CASH-BAL=85672.991
Mon Jul 07 08:00:00 GMT+00:00 2014 SELL ANET x131 for $9454.27 CASH-BAL=95120.261
Tue Jul 08 08:00:00 GMT+00:00 2014 StopLoss-SoftStop SELL: (-5.17%)265 shares of MEI for -5.17
Tue Jul 08 08:00:00 GMT+00:00 2014 SELL MEI x265 for $9476.4 CASH-BAL=104589.661
Wed Jul 09 08:00:00 GMT+00:00 2014 BUY: 1417 shares of PZE cost-basis=7.05 for $9989.85 CASH-BAL=94592.811
Thu Jul 17 08:00:00 GMT+00:00 2014 StopLoss-SoftStop SELL: (-5.74%)1417 shares of PZE for -5.74
Thu Jul 17 08:00:00 GMT+00:00 2014 SELL PZE x1417 for $9423.05 CASH-BAL=104008.861
Thu Jul 24 08:00:00 GMT+00:00 2014 BUY: 334 shares of JMEI cost-basis=29.9 for $9973.24 CASH-BAL=94028.621
Thu Aug 07 08:00:00 GMT+00:00 2014Market-Downtrend-Sell 20EMA: (-2.0%)166 shares of JWA for -2.0
Thu Aug 07 08:00:00 GMT+00:00 2014 SELL JWA x166 for $9784.04 CASH-BAL=103805.661
Thu Aug 07 08:00:00 GMT+00:00 2014 BUY: 337 shares of LEAF cost-basis=29.7 for $9992.05 CASH-BAL=93806.611
Thu Aug 14 08:00:00 GMT+00:00 2014 BUY: 176 shares of TGNA cost-basis=31.9 for $5992.8 CASH-BAL=87806.811
Wed Aug 20 08:00:00 GMT+00:00 2014Market-Uptrend-Sell 20EMA: (-2.06%)334 shares of JMEI for 6.66
Wed Aug 20 08:00:00 GMT+00:00 2014 SELL JMEI x334 for $10644.58 CASH-BAL=98444.391
Thu Aug 28 08:00:00 GMT+00:00 2014 BUY: 85 shares of SIG cost-basis=116 for $9891.45 CASH-BAL=88545.941
Fri Aug 29 08:00:00 GMT+00:00 2014 BUY: 192 shares of GPRO cost-basis=51.8 for $9945.6 CASH-BAL=78593.341
Tue Sep 02 08:00:00 GMT+00:00 2014 BUY: 106 shares of NVS cost-basis=93.7 for $9933.26 CASH-BAL=68653.081
Thu Sep 04 08:00:00 GMT+00:00 2014 Selling due to underperformance: TGNA
Thu Sep 04 08:00:00 GMT+00:00 2014 SELL TGNA x501 for $16688.31 CASH-BAL=85334.391
Thu Sep 04 08:00:00 GMT+00:00 2014 BUY: 251 shares of MEI cost-basis=39.7 for $9969.72 CASH-BAL=75357.671
Wed Sep 17 08:00:00 GMT+00:00 2014 BUY: 178 shares of LEAF cost-basis=31.0 for $5991.48 CASH-BAL=69359.191
Mon Sep 22 08:00:00 GMT+00:00 2014Market-Uptrend-Sell 20EMA: (-2.09%)515 shares of LEAF for 4.69
Mon Sep 22 08:00:00 GMT+00:00 2014 SELL LEAF x515 for $16747.8 CASH-BAL=86099.991
Mon Sep 22 08:00:00 GMT+00:00 2014 BUY: 102 shares of CLX cost-basis=97.2 for $9917.46 CASH-BAL=76175.531
Thu Sep 25 08:00:00 GMT+00:00 2014Market-Downtrend-Sell -3%: (-4.3%)251 shares of MEI for -4.3
Thu Sep 25 08:00:00 GMT+00:00 2014 SELL MEI x251 for $9548.04 CASH-BAL=85716.571
Fri Sep 26 08:00:00 GMT+00:00 2014 Selling due to underperformance: SIG
Fri Sep 26 08:00:00 GMT+00:00 2014 SELL SIG x85 for $9757.15 CASH-BAL=95466.721
Fri Sep 26 08:00:00 GMT+00:00 2014 BUY: 602 shares of EIGI cost-basis=16.6 for $9987.18 CASH-BAL=85472.541
Mon Sep 29 08:00:00 GMT+00:00 2014 Selling due to underperformance: NVS
Mon Sep 29 08:00:00 GMT+00:00 2014 SELL NVS x106 for $9917.36 CASH-BAL=95382.901
Mon Sep 29 08:00:00 GMT+00:00 2014 BUY: 503 shares of MYCC cost-basis=19.9 for $9984.55 CASH-BAL=85391.351
Wed Oct 01 08:00:00 GMT+00:00 2014Market-Downtrend-Sell -3%: (-3.99%)602 shares of EIGI for -3.99
Wed Oct 01 08:00:00 GMT+00:00 2014Market-Downtrend-Sell -3%: (-3.34%)503 shares of MYCC for -3.34
Wed Oct 01 08:00:00 GMT+00:00 2014 SELL EIGI x602 for $9595.88 CASH-BAL=94980.231
Wed Oct 01 08:00:00 GMT+00:00 2014 SELL MYCC x503 for $9657.6 CASH-BAL=104630.831
Fri Oct 03 08:00:00 GMT+00:00 2014 BUY: 130 shares of GPN cost-basis=76.3 for $9921.6 CASH-BAL=94702.231
Mon Oct 06 08:00:00 GMT+00:00 2014 Selling due to underperformance: CLX
Mon Oct 06 08:00:00 GMT+00:00 2014 SELL CLX x102 for $9830.76 CASH-BAL=104525.991
Mon Oct 06 08:00:00 GMT+00:00 2014 BUY: 79 shares of BDX cost-basis=125 for $9873.42 CASH-BAL=94645.571
Thu Oct 09 08:00:00 GMT+00:00 2014Market-Downtrend-Sell -3%: (-3.15%)130 shares of GPN for -3.15
Thu Oct 09 08:00:00 GMT+00:00 2014 SELL GPN x130 for $9616.1 CASH-BAL=104254.671
Mon Oct 13 08:00:00 GMT+00:00 2014 BUY: 257 shares of CMN cost-basis=38.9 for $9987.02 CASH-BAL=94260.651
Thu Oct 16 08:00:00 GMT+00:00 2014Market-Downtrend-Sell -3%: (-3.43%)79 shares of BDX for -3.43
Thu Oct 16 08:00:00 GMT+00:00 2014Market-Downtrend-Sell -3%: (-4.14%)257 shares of CMN for -4.14
Thu Oct 16 08:00:00 GMT+00:00 2014 SELL BDX x79 for $9541.62 CASH-BAL=103795.271
Thu Oct 16 08:00:00 GMT+00:00 2014 SELL CMN x257 for $9580.96 CASH-BAL=113369.231
Fri Oct 17 08:00:00 GMT+00:00 2014 BUY: 536 shares of NAVI cost-basis=18.6 for $9974.96 CASH-BAL=103387.271
Tue Oct 21 08:00:00 GMT+00:00 2014 BUY: 242 shares of AKRX cost-basis=41.3 for $9992.18 CASH-BAL=93388.091
Mon Oct 27 08:00:00 GMT+00:00 2014Market-CautiousUp-Sell 50EMA: (-5.9%)192 shares of GPRO for 25.2
Mon Oct 27 08:00:00 GMT+00:00 2014 SELL GPRO x192 for $12462.72 CASH-BAL=105843.811
Mon Oct 27 08:00:00 GMT+00:00 2014 BUY: 213 shares of EPAM cost-basis=46.9 for $9991.83 CASH-BAL=95844.981
Thu Oct 30 08:00:00 GMT+00:00 2014 BUY: 169 shares of BMY cost-basis=59.0 for $9967.62 CASH-BAL=85870.361
Thu Oct 30 08:00:00 GMT+00:00 2014 BUY: 353 shares of BIN cost-basis=28.3 for $9972.25 CASH-BAL=75891.111
Thu Nov 06 08:00:00 GMT+00:00 2014 StopLoss-HardStop SELL: (-8.33%)242 shares of AKRX for -8.33
Thu Nov 06 08:00:00 GMT+00:00 2014 SELL AKRX x242 for $9166.96 CASH-BAL=85051.071
Fri Nov 21 08:00:00 GMT+00:00 2014 BUY: 198 shares of BIN cost-basis=29.0 for $5991.48 CASH-BAL=79052.591
Fri Nov 28 08:00:00 GMT+00:00 2014 BUY: 285 shares of NAVI cost-basis=19.4 for $5973.6 CASH-BAL=73071.991
Tue Dec 02 08:00:00 GMT+00:00 2014 BUY: 119 shares of EPAM cost-basis=48.0 for $5955.95 CASH-BAL=67109.041
Tue Dec 16 08:00:00 GMT+00:00 2014 StopLoss-ScaledSoftStop SELL: ($48.480000000000004)332 @$46.24 shares of EPAM for -3.83
Tue Dec 16 08:00:00 GMT+00:00 2014 SELL EPAM x332 for $15351.68 CASH-BAL=82453.721
Tue Dec 16 08:00:00 GMT+00:00 2014Market-Downtrend-Sell 20EMA: (-1.79%)169 shares of BMY for -2.26
Tue Dec 16 08:00:00 GMT+00:00 2014 SELL BMY x169 for $9749.61 CASH-BAL=92196.331
Thu Dec 18 08:00:00 GMT+00:00 2014 BUY: 157 shares of KRFT cost-basis=63.4 for $9950.66 CASH-BAL=82238.671
Wed Dec 24 08:00:00 GMT+00:00 2014 BUY: 243 shares of VA cost-basis=41.0 for $9963.0 CASH-BAL=72268.671
Tue Dec 30 08:00:00 GMT+00:00 2014 BUY: 181 shares of NAVI cost-basis=19.9 for $3979.285 CASH-BAL=68282.386
Mon Jan 05 08:00:00 GMT+00:00 2015Market-Downtrend-Sell 20EMA: (-2.03%)1002 shares of NAVI for 5.99
Mon Jan 05 08:00:00 GMT+00:00 2015 SELL NAVI x1002 for $21142.2 CASH-BAL=89417.586
Wed Jan 07 08:00:00 GMT+00:00 2015Market-Downtrend-Sell -3%: (-3.12%)243 shares of VA for -3.12
Wed Jan 07 08:00:00 GMT+00:00 2015 SELL VA x243 for $9659.25 CASH-BAL=99069.836
Mon Jan 12 08:00:00 GMT+00:00 2015 StopLoss-ScaledSoftStop SELL: ($29.29)551 @$28.85 shares of BIN for -0.51
Mon Jan 12 08:00:00 GMT+00:00 2015 SELL BIN x551 for $15896.35 CASH-BAL=114959.186
Thu Jan 22 08:00:00 GMT+00:00 2015 BUY: 93 shares of AGU cost-basis=107 for $9969.6 CASH-BAL=104982.586
Fri Jan 23 08:00:00 GMT+00:00 2015 BUY: 113 shares of SBUX cost-basis=88.2 for $9968.86 CASH-BAL=95006.726
Wed Jan 28 08:00:00 GMT+00:00 2015 Selling due to underperformance: AGU
Wed Jan 28 08:00:00 GMT+00:00 2015 SELL AGU x93 for $9708.27 CASH-BAL=104707.996
Wed Jan 28 08:00:00 GMT+00:00 2015 BUY: 634 shares of KLIC cost-basis=15.8 for $9985.5 CASH-BAL=94715.496
Fri Jan 30 08:00:00 GMT+00:00 2015Market-Downtrend-Sell -3%: (-3.75%)634 shares of KLIC for -3.75
Fri Jan 30 08:00:00 GMT+00:00 2015 SELL KLIC x634 for $9617.78 CASH-BAL=104326.276
Thu Feb 05 08:00:00 GMT+00:00 2015 BUY: 138 shares of BLL cost-basis=72.0 for $9940.14 CASH-BAL=94379.136
Mon Feb 09 08:00:00 GMT+00:00 2015 BUY: 167 shares of HAS cost-basis=59.7 for $9963.22 CASH-BAL=84408.916
Tue Feb 10 08:00:00 GMT+00:00 2015 BUY: 89 shares of KRFT cost-basis=64.6 for $5953.21 CASH-BAL=78448.706
Tue Feb 10 08:00:00 GMT+00:00 2015 BUY: 220 shares of SEE cost-basis=45.3 for $9959.4 CASH-BAL=68482.306
Wed Feb 11 08:00:00 GMT+00:00 2015 StopLoss-ScaledSoftStop SELL: ($65.246)246 @$65.07 shares of KRFT for 0.562
Wed Feb 11 08:00:00 GMT+00:00 2015 SELL KRFT x246 for $16007.22 CASH-BAL=84482.526
Wed Feb 11 08:00:00 GMT+00:00 2015 BUY: 409 shares of SCI cost-basis=24.4 for $9975.51 CASH-BAL=74500.016
Mon Mar 02 08:00:00 GMT+00:00 2015 BUY: 63 shares of SBUX cost-basis=90.4 for $5936.175 CASH-BAL=68556.841
Wed Mar 04 08:00:00 GMT+00:00 2015 Selling due to underperformance: BLL
Wed Mar 04 08:00:00 GMT+00:00 2015 SELL BLL x138 for $9839.4 CASH-BAL=78389.241
Wed Mar 04 08:00:00 GMT+00:00 2015 BUY: 152 shares of BMY cost-basis=65.7 for $9981.84 CASH-BAL=68400.401
Thu Mar 26 08:00:00 GMT+00:00 2015 Selling due to underperformance: SEE
Thu Mar 26 08:00:00 GMT+00:00 2015 SELL SEE x220 for $9911.0 CASH-BAL=78304.401
Thu Mar 26 08:00:00 GMT+00:00 2015 BUY: 74 shares of SIG cost-basis=135 for $9990.0 CASH-BAL=68307.401
Wed Apr 01 08:00:00 GMT+00:00 2015Market-CautiousUp-Sell -3%: (-3.28%)152 shares of BMY for -3.28
Wed Apr 01 08:00:00 GMT+00:00 2015 SELL BMY x152 for $9661.12 CASH-BAL=77961.521
Wed Apr 01 08:00:00 GMT+00:00 2015 BUY: 228 shares of SCI cost-basis=25.1 for $5985.0 CASH-BAL=71969.521
Thu Apr 09 08:00:00 GMT+00:00 2015 SBUX: Applying split factor of: 2.0
Fri Apr 10 08:00:00 GMT+00:00 2015 BUY: 350 shares of GE cost-basis=28.5 for $9978.5 CASH-BAL=61984.021
Tue Apr 14 08:00:00 GMT+00:00 2015 BUY: 92 shares of HAS cost-basis=61.4 for $5932.16 CASH-BAL=56044.861
Wed Apr 15 08:00:00 GMT+00:00 2015 BUY: 147 shares of SCI cost-basis=25.4 for $3966.06 CASH-BAL=52071.801
Tue Apr 21 08:00:00 GMT+00:00 2015 StopLoss-SoftStop SELL: (-6.7%)350 shares of GE for -6.7
Tue Apr 21 08:00:00 GMT+00:00 2015 SELL GE x350 for $9317.0 CASH-BAL=61381.801
Tue Apr 21 08:00:00 GMT+00:00 2015 BUY: 82 shares of SBUX cost-basis=45.8 for $3966.34 CASH-BAL=57408.461
Tue Apr 28 08:00:00 GMT+00:00 2015 BUY: 359 shares of HQY cost-basis=27.8 for $9965.84 CASH-BAL=47435.621
Wed Apr 29 08:00:00 GMT+00:00 2015 Selling due to underperformance: SIG
Wed Apr 29 08:00:00 GMT+00:00 2015 SELL SIG x74 for $10052.16 CASH-BAL=57480.781
Wed Apr 29 08:00:00 GMT+00:00 2015 BUY: 204 shares of XPO cost-basis=48.8 for $9961.32 CASH-BAL=47512.461
Thu Apr 30 08:00:00 GMT+00:00 2015 StopLoss-SoftStop SELL: (-5.65%)359 shares of HQY for -5.65
Thu Apr 30 08:00:00 GMT+00:00 2015 SELL HQY x359 for $9409.39 CASH-BAL=56914.851
Thu Apr 30 08:00:00 GMT+00:00 2015 BUY: 56 shares of HAS cost-basis=63.0 for $3964.24 CASH-BAL=52943.611
Thu Apr 30 08:00:00 GMT+00:00 2015 BUY: 417 shares of AVG cost-basis=23.9 for $9974.64 CASH-BAL=42961.971
Fri May 01 08:00:00 GMT+00:00 2015 Selling due to underperformance: SBUX
Fri May 01 08:00:00 GMT+00:00 2015 SELL SBUX x434 for $21825.86 CASH-BAL=64780.831
Fri May 01 08:00:00 GMT+00:00 2015 BUY: 184 shares of BFAM cost-basis=54.1 for $9945.2 CASH-BAL=54828.631
Fri May 08 08:00:00 GMT+00:00 2015 Selling due to underperformance: XPO
Fri May 08 08:00:00 GMT+00:00 2015 SELL XPO x204 for $9906.24 CASH-BAL=64727.871
Fri May 08 08:00:00 GMT+00:00 2015 BUY: 185 shares of IMPV cost-basis=54.0 for $9986.3 CASH-BAL=54734.571
Tue May 12 08:00:00 GMT+00:00 2015 Selling due to underperformance: BFAM
Tue May 12 08:00:00 GMT+00:00 2015 SELL BFAM x184 for $9722.56 CASH-BAL=64450.131
Tue May 12 08:00:00 GMT+00:00 2015 BUY: 296 shares of IPAR cost-basis=33.7 for $9960.4 CASH-BAL=54482.731
Fri May 15 08:00:00 GMT+00:00 2015 StopLoss-SoftStop SELL: (-5.18%)296 shares of IPAR for -5.18
Fri May 15 08:00:00 GMT+00:00 2015 SELL IPAR x296 for $9451.28 CASH-BAL=63927.011
Wed May 20 08:00:00 GMT+00:00 2015 BUY: 220 shares of TTPH cost-basis=45.3 for $9972.6 CASH-BAL=53947.411
Fri May 22 08:00:00 GMT+00:00 2015 StopLoss-SoftStop SELL: (-5.34%)220 shares of TTPH for -5.34
Fri May 22 08:00:00 GMT+00:00 2015 SELL TTPH x220 for $9446.8 CASH-BAL=63387.211
Wed May 27 08:00:00 GMT+00:00 2015 BUY: 315 shares of AMED cost-basis=31.7 for $9976.05 CASH-BAL=53404.161
Thu Jun 25 08:00:00 GMT+00:00 2015 BUY: 149 shares of AMED cost-basis=34.3 for $5954.04 CASH-BAL=47443.121

---- Final Portfolio Holdings as of Tue Jun 30 19:04:32 GMT+00:00 2015 ----
null 315 of HAS with cost basis of 63.0 and pct-chg: 18.5% with % of portfolio weight=17.3%
null 784 of SCI with cost basis of 25.4 and pct-chg: 15.7% with % of portfolio weight=16.9%
null 417 of AVG with cost basis of 23.9 and pct-chg: 13.7% with % of portfolio weight=8.32%
null 185 of IMPV with cost basis of 54.0 and pct-chg: 25.3% with % of portfolio weight=9.18%
null 464 of AMED with cost basis of 34.3 and pct-chg: 15.6% with % of portfolio weight=13.5%

Total Invested Amount = 88867.76 with % of portfolio weight=65.2%
Cash Bal = 47443.121 with % of portfolio weight=34.8%
Net Value = 136310.881

---- Run stats ----
Start-Date: Tue Jan 01 08:00:00 GMT+00:00 2013
End-Date: Tue Jun 30 19:04:32 GMT+00:00 2015
Total Trading days: 911
Net Gain/Loss = 36310.881
Pct Chg = 36.3%
