Date,Action,Symbol,Shares,Price,Cost
01/04/2013,BUY,IEP,98,50.74,7.0
01/07/2013,BUY,NSM,128,38.83,7.0
01/07/2013,BUY,RNF,117,42.57,7.0
01/11/2013,BUY,HTHT,278,17.92,7.0
01/16/2013,BUY,PRLB,116,42.71,7.0
01/17/2013,BUY,CLW,112,44.24,7.0
01/18/2013,SELL,NSM,128,35.81,7.0
01/25/2013,BUY,RNF,65,45.37,7.0
02/06/2013,SELL,PRLB,116,39.99,7.0
02/06/2013,BUY,RNF,41,47.8,7.0
02/11/2013,SELL,RNF,223,43.65,7.0
02/20/2013,SELL,HTHT,278,17.84,7.0
03/04/2013,SELL,IEP,98,61.38,7.0
03/04/2013,BUY,IX,82,60.71,7.0
04/10/2013,BUY,CLW,58,51.09,7.0
04/15/2013,SELL,CLW,170,47.72,7.0
05/03/2013,BUY,IX,39,75.71,7.0
05/14/2013,BUY,QIHU,128,38.77,7.0
05/15/2013,BUY,SMTC,139,35.92,7.0
05/22/2013,BUY,INXN,186,26.84,7.0
05/23/2013,SELL,IX,121,70.88,7.0
06/18/2013,BUY,PRLB,79,62.53,7.0
06/20/2013,SELL,INXN,186,25.05,7.0
06/21/2013,SELL,PRLB,79,60.0,7.0
06/24/2013,SELL,SMTC,139,34.51,7.0
06/27/2013,BUY,SSTK,93,53.56,7.0
07/02/2013,BUY,AYI,61,81.39,7.0
07/23/2013,SELL,SSTK,93,54.17,7.0
07/31/2013,BUY,JCI,124,40.21,7.0
08/08/2013,BUY,AYI,34,86.6,7.0
08/16/2013,BUY,CSC,96,51.55,7.0
08/28/2013,SELL,CSC,96,50.01,7.0
09/04/2013,BUY,SALE,141,35.3,7.0
09/11/2013,SELL,SALE,141,32.61,7.0
09/12/2013,BUY,WBA,93,53.29,7.0
09/16/2013,BUY,AVG,202,24.6,7.0
09/18/2013,BUY,QIHU,34,85.94,7.0
09/24/2013,BUY,JCI,69,42.98,7.0
09/26/2013,BUY,AYI,21,92.15,7.0
09/26/2013,BUY,FUL,115,43.28,7.0
09/30/2013,SELL,JCI,193,41.5,7.0
10/03/2013,SELL,AVG,202,23.25,7.0
10/08/2013,SELL,QIHU,162,77.24,7.0
10/11/2013,BUY,TTM,154,32.32,7.0
10/16/2013,BUY,TMH,114,43.43,7.0
10/17/2013,BUY,STNG,458,10.9,7.0
10/22/2013,BUY,NOAH,257,19.37,7.0
10/23/2013,SELL,TTM,154,30.46,7.0
10/23/2013,BUY,CP,34,142.99,7.0
10/25/2013,SELL,NOAH,257,17.93,7.0
10/29/2013,BUY,BDBD,284,17.52,7.0
10/30/2013,BUY,AZPN,132,37.81,7.0
10/30/2013,BUY,ACHC,117,42.67,7.0
10/30/2013,BUY,ROG,81,61.09,7.0
10/31/2013,SELL,BDBD,284,16.39,7.0
10/31/2013,BUY,WBA,50,59.24,7.0
10/31/2013,BUY,FUL,62,47.87,7.0
10/31/2013,BUY,KS,96,51.96,7.0
11/05/2013,SELL,TMH,114,43.42,7.0
11/05/2013,BUY,GNRC,103,48.1,7.0
11/07/2013,SELL,KS,96,48.25,7.0
11/07/2013,BUY,GMED,269,18.54,7.0
11/20/2013,SELL,ROG,81,60.14,7.0
11/20/2013,BUY,VOYA,145,34.34,7.0
11/21/2013,BUY,FUL,40,49.6,7.0
12/03/2013,SELL,STNG,458,11.08,7.0
12/04/2013,SELL,WBA,143,57.57,7.0
12/06/2013,BUY,CP,19,154.19,7.0
12/10/2013,BUY,TWTR,96,51.99,7.0
12/13/2013,BUY,ACHC,64,46.1,7.0
12/16/2013,BUY,GNTX,154,32.285,7.0
12/27/2013,BUY,GMED,150,19.84,7.0
12/30/2014,BUY,AZPN,71,41.92,7.0
12/30/2014,BUY,ACHC,41,47.76,7.0
01/02/2014,SELL,GNTX,154,32.21,7.0
01/02/2014,BUY,XRS,236,21.15,7.0
01/06/2014,SELL,CP,53,147.47,7.0
01/06/2014,BUY,HTHT,170,29.37,7.0
01/09/2014,SELL,TWTR,96,57.05,7.0
01/09/2014,BUY,M,89,55.8,7.0
01/13/2014,SELL,HTHT,170,27.98,7.0
01/15/2014,BUY,GNRC,54,55.24,7.0
01/15/2014,BUY,VOYA,82,36.36,7.0
01/16/2014,SELL,GNRC,157,50.89,7.0
01/17/2014,SELL,FUL,217,49.51,7.0
01/21/2014,BUY,NVDQ,253,19.66,7.0
01/22/2014,SELL,VOYA,227,35.25,7.0
01/24/2014,SELL,NVDQ,253,18.84,7.0
01/27/2014,SELL,M,89,54.18,7.0
01/29/2014,SELL,AZPN,203,40.46,7.0
02/04/2014,SELL,ACHC,222,48.6,7.0
02/04/2014,BUY,GMT,88,56.47,7.0
02/07/2014,BUY,LVNTA,39,126.16,7.0
02/10/2014,BUY,SALE,120,41.33,7.0
02/12/2014,BUY,SN,157,31.72,7.0
02/13/2014,BUY,GMED,84,23.64,7.0
02/13/2014,BUY,TWC,34,144.81,7.0
02/14/2014,BUY,XRS,123,24.17,7.0
02/18/2014,SELL,SN,157,29.74,7.0
02/18/2014,BUY,NMBL,99,49.99,7.0
02/19/2014,BUY,FLS,61,80.6,7.0
02/21/2014,BUY,STRZA,160,31.15,7.0
02/26/2014,SELL,TWC,34,137.76,7.0
02/26/2014,BUY,HEI,79,62.7,7.0
02/28/2014,SELL,XRS,359,23.72,7.0
03/03/2014,SELL,NMBL,99,46.15,7.0
03/04/2014,BUY,NUVA,127,39.29,7.0
03/05/2014,BUY,SALE,68,43.78,7.0
03/06/2014,SELL,NUVA,127,37.29,7.0
03/06/2014,BUY,RARE,91,54.38,7.0
03/07/2014,BUY,AGIO,109,45.45,7.0
03/10/2014,SELL,SALE,188,40.6,7.0
03/11/2014,SELL,AGIO,109,42.96,7.0
03/11/2014,BUY,EMES,99,50.1,7.0
03/13/2014,SELL,FLS,61,75.74,7.0
03/14/2014,BUY,MFRM,106,46.99,7.0
03/18/2014,BUY,LVNTA,21,142.31,7.0
03/18/2014,BUY,RARE,49,60.44,7.0
03/21/2014,SELL,RARE,140,55.05,7.0
03/21/2014,BUY,GMT,45,66.0,7.0
03/24/2014,SELL,LVNTA,60,135.73,7.0
03/26/2014,SELL,HEI,79,58.74,7.0
03/27/2014,SELL,AYI,116,128.15,7.0
04/09/2014,SELL,GMED,503,24.35,7.0
04/10/2014,SELL,MFRM,106,45.87,7.0
04/10/2014,SELL,STRZA,160,31.46,7.0
04/11/2014,SELL,GMT,133,65.19,7.0
04/15/2014,BUY,BCPC,80,62.28,7.0
04/17/2014,BUY,WSO,47,104.18,7.0
04/21/2014,BUY,AZN,72,69.1,7.0
04/22/2014,SELL,AZN,72,66.86,7.0
05/01/2014,BUY,KEX,46,107.84,7.0
05/06/2014,SELL,BCPC,80,58.0,7.0
05/14/2014,SELL,WSO,47,100.69,7.0
05/28/2014,BUY,CAL,170,29.3,7.0
06/02/2014,SELL,CAL,170,27.83,7.0
06/09/2014,BUY,MTSI,227,21.99,7.0
06/11/2014,BUY,KEX,26,114.04,7.0
06/11/2014,BUY,LNG,74,66.58,7.0
06/11/2014,BUY,FCNCA,19,251.91,7.0
06/13/2014,BUY,EMES,29,101.95,7.0
06/17/2014,BUY,JWA,83,60.1,7.0
06/19/2014,BUY,GLOG,167,29.88,7.0
06/19/2014,BUY,FNV,90,55.47,7.0
06/19/2014,BUY,TAHO,195,25.49,7.0
06/20/2014,SELL,EMES,128,98.3,7.0
06/20/2014,BUY,GMLP,134,37.08,7.0
06/20/2014,BUY,KS,150,33.21,7.0
06/25/2014,SELL,FCNCA,19,249.5,7.0
06/25/2014,BUY,TGNA,162,30.67,7.0
07/01/2014,SELL,GMLP,134,36.5,7.0
07/01/2014,BUY,ANET,65,76.0,7.0
07/03/2014,SELL,KS,150,32.65,7.0
07/03/2014,BUY,CNL,86,57.99,7.0
07/07/2014,SELL,GLOG,167,28.23,7.0
07/07/2014,SELL,ANET,65,72.17,7.0
07/08/2014,SELL,MTSI,227,21.03,7.0
07/09/2014,BUY,PZE,708,7.05,7.0
07/14/2014,BUY,LNG,41,72.0,7.0
07/16/2014,BUY,KEX,16,117.86,7.0
07/17/2014,SELL,PZE,708,6.65,7.0
07/17/2014,SELL,CNL,86,56.11,7.0
07/24/2014,BUY,JMEI,167,29.86,7.0
07/25/2014,BUY,TAHO,111,26.9,7.0
07/29/2014,BUY,LNG,26,74.46,7.0
07/31/2014,SELL,LNG,141,70.76,7.0
08/07/2014,SELL,JWA,83,58.94,7.0
08/07/2014,SELL,KEX,88,114.95,7.0
08/07/2014,BUY,LEAF,168,29.65,7.0
08/14/2014,SELL,TAHO,306,26.06,7.0
08/14/2014,BUY,TGNA,87,34.05,7.0
08/18/2014,BUY,FNV,51,58.54,7.0
08/20/2014,SELL,JMEI,167,31.87,7.0
08/21/2014,SELL,FNV,141,55.43,7.0
08/28/2014,BUY,SIG,42,116.37,7.0
08/29/2014,BUY,GPRO,96,51.8,7.0
09/02/2014,BUY,NVS,53,93.71,7.0
09/04/2014,BUY,MEI,125,39.72,7.0
09/09/2014,SELL,TGNA,249,32.38,7.0
09/10/2014,BUY,HQY,230,21.62,7.0
09/16/2014,SELL,HQY,230,20.1,7.0
09/17/2014,BUY,LEAF,88,33.66,7.0
09/22/2014,SELL,LEAF,256,32.52,7.0
09/22/2014,BUY,CLX,51,97.23,7.0
09/23/2014,BUY,LE,116,42.73,7.0
09/25/2014,SELL,MEI,125,38.04,7.0
09/26/2014,BUY,EIGI,300,16.59,7.0
09/29/2014,SELL,SIG,42,114.65,7.0
09/29/2014,BUY,MYCC,251,19.85,7.0
09/30/2014,SELL,LE,116,41.12,7.0
10/01/2014,SELL,EIGI,300,15.94,7.0
10/01/2014,SELL,MYCC,251,19.2,7.0
10/03/2014,BUY,GPN,65,76.32,7.0
10/06/2014,BUY,BDX,39,124.98,7.0
10/07/2014,SELL,NVS,53,89.73,7.0
10/09/2014,SELL,GPN,65,73.97,7.0
10/13/2014,BUY,CMN,128,38.86,7.0
10/14/2014,BUY,AVA,146,34.03,7.0
10/16/2014,SELL,BDX,39,120.78,7.0
10/16/2014,SELL,CMN,128,37.28,7.0
10/17/2014,BUY,NAVI,268,18.61,7.0
10/21/2014,BUY,AKRX,120,41.29,7.0
10/27/2014,SELL,GPRO,96,64.91,7.0
10/27/2014,BUY,EPAM,106,46.91,7.0
10/30/2014,BUY,BMY,84,58.98,7.0
10/30/2014,BUY,BIN,176,28.25,7.0
10/30/2014,BUY,CACI,60,82.05,7.0
10/31/2014,BUY,FLT,33,150.56,7.0
11/06/2014,SELL,AKRX,120,37.88,7.0
11/12/2014,BUY,MSG,66,74.74,7.0
11/14/2014,SELL,AVA,146,33.46,7.0
11/19/2014,BUY,ENV,94,52.58,7.0
11/21/2014,BUY,BIN,98,30.26,7.0
11/21/2014,BUY,SWIR,136,36.62,7.0
11/28/2014,BUY,NAVI,142,20.96,7.0
12/01/2014,SELL,ENV,94,49.55,7.0
12/02/2014,BUY,EPAM,59,50.05,7.0
12/10/2014,SELL,FLT,33,143.9,7.0
12/10/2014,SELL,MSG,66,72.21,7.0
12/16/2014,SELL,EPAM,165,46.24,7.0
12/16/2014,SELL,BMY,84,57.69,7.0
12/16/2014,SELL,CACI,60,83.36,7.0
12/17/2014,BUY,FGEN,182,27.38,7.0
12/18/2014,BUY,KRFT,78,63.38,7.0
12/24/2014,BUY,VA,121,41.0,7.0
12/30/2015,BUY,NAVI,90,21.985,7.0
01/05/2015,SELL,NAVI,500,21.1,7.0
01/05/2015,BUY,CLX,28,103.89,7.0
01/07/2015,SELL,VA,121,39.75,7.0
01/12/2015,SELL,BIN,274,28.85,7.0
01/16/2015,SELL,SWIR,136,40.07,7.0
01/22/2015,BUY,HELE,64,77.53,7.0
01/22/2015,BUY,AGU,46,107.2,7.0
01/23/2015,SELL,FGEN,182,29.38,7.0
01/23/2015,BUY,SBUX,56,88.22,7.0
01/28/2015,BUY,KLIC,317,15.75,7.0
01/30/2015,SELL,HELE,64,75.22,7.0
01/30/2015,SELL,KLIC,317,15.17,7.0
02/02/2015,BUY,CLX,18,107.83,7.0
02/05/2015,BUY,BLL,69,72.03,7.0
02/09/2015,BUY,HAS,83,59.66,7.0
02/10/2015,BUY,KRFT,44,66.89,7.0
02/10/2015,BUY,SEE,110,45.27,7.0
02/11/2015,SELL,KRFT,122,65.07,7.0
02/11/2015,BUY,SCI,204,24.39,7.0
02/13/2015,BUY,EIGI,256,19.49,7.0
02/17/2015,BUY,CBPO,68,73.23,7.0
02/17/2015,BUY,LCI,81,61.23,7.0
02/23/2015,SELL,EIGI,256,19.09,7.0
02/23/2015,BUY,NRZ,350,14.25,7.0
03/02/2015,BUY,SBUX,31,94.225,7.0
03/04/2015,SELL,BLL,69,71.3,7.0
03/04/2015,BUY,BMY,76,65.67,7.0
03/16/2015,BUY,NRZ,199,15.0,7.0
03/19/2015,SELL,AGU,46,106.95,7.0
03/25/2015,BUY,EW,35,142.25,7.0
03/26/2015,BUY,LCI,45,65.83,7.0
03/26/2015,SELL,SEE,110,45.05,7.0
03/26/2015,BUY,SFS,280,17.77,7.0
03/26/2015,SELL,BMY,76,65.0,7.0
03/26/2015,BUY,SIG,36,135.0,7.0
04/01/2015,BUY,SCI,114,26.25,7.0
04/10/2015,SELL,EW,35,141.68,7.0
04/10/2015,BUY,GE,175,28.51,7.0
04/14/2015,BUY,HAS,46,64.48,7.0
04/15/2015,BUY,SCI,73,26.98,7.0
04/17/2015,SELL,LCI,126,64.89,7.0
04/21/2015,SELL,GE,175,26.62,7.0
04/21/2015,BUY,SBUX,41,48.37,7.0
04/27/2015,SELL,SFS,280,17.71,7.0
04/28/2015,BUY,HQY,179,27.76,7.0
04/29/2015,BUY,XPO,102,48.83,7.0
04/30/2015,SELL,HQY,179,26.21,7.0
04/30/2015,SELL,CLX,97,106.1,7.0
04/30/2015,BUY,HAS,28,70.79,7.0
04/30/2015,BUY,AVG,208,23.92,7.0
05/01/2015,BUY,CBPO,30,98.2,7.0
05/01/2015,BUY,BFAM,92,54.05,7.0
05/04/2015,BUY,NRZ,115,17.19,7.0
05/05/2015,BUY,CLGX,129,38.7,7.0
05/12/2015,SELL,BFAM,92,52.84,7.0
05/12/2015,BUY,IPAR,148,33.65,7.0
05/15/2015,SELL,IPAR,148,31.93,7.0
05/20/2015,BUY,TTPH,110,45.33,7.0
05/22/2015,SELL,TTPH,110,42.94,7.0
05/27/2015,BUY,AMED,157,31.67,7.0
05/29/2015,SELL,SIG,36,129.33,7.0
06/05/2015,BUY,JUNO,73,68.36,7.0
06/08/2015,SELL,NRZ,664,16.61,7.0
06/08/2015,SELL,CBPO,98,103.86,7.0
06/09/2015,SELL,JUNO,73,62.14,7.0
06/09/2015,BUY,CMN,96,52.0,7.0
06/12/2015,SELL,XPO,102,47.46,7.0
06/17/2015,SELL,CLGX,129,37.54,7.0
06/17/2015,BUY,RDUS,96,51.73,7.0
06/25/2015,BUY,AMED,74,39.96,7.0
06/25/2015,BUY,W,134,37.24,7.0
07/01/2015,BUY,AVG,109,27.43,7.0
