Fri Jan 04 08:00:00 GMT+00:00 2013 BUY  - IEP - 98 @50.74 Total=4972.52
Mon Jan 07 08:00:00 GMT+00:00 2013 BUY  - NSM - 128 @38.83 Total=4970.24
Mon Jan 07 08:00:00 GMT+00:00 2013 BUY  - RNF - 117 @42.57 Total=4980.69
Fri Jan 11 08:00:00 GMT+00:00 2013 BUY  - HTHT - 278 @17.92 Total=4981.76
Wed Jan 16 08:00:00 GMT+00:00 2013 BUY  - PRLB - 116 @42.71 Total=4954.36
Thu Jan 17 08:00:00 GMT+00:00 2013 BUY  - CLW - 112 @44.24 Total=4954.88
Fri Jan 18 08:00:00 GMT+00:00 2013 SELL  - NSM - 128 @35.81 Total=4583.68
Fri Jan 25 08:00:00 GMT+00:00 2013 BUY  - RNF - 65 @45.37 Total=2949.05
Wed Feb 06 08:00:00 GMT+00:00 2013 SELL  - PRLB - 116 @39.99 Total=4638.84
Wed Feb 06 08:00:00 GMT+00:00 2013 BUY  - RNF - 41 @47.8 Total=1959.8
Mon Feb 11 08:00:00 GMT+00:00 2013 SELL  - RNF - 223 @43.65 Total=9733.95
Wed Feb 20 08:00:00 GMT+00:00 2013 SELL  - HTHT - 278 @17.84 Total=4959.52
Mon Mar 04 08:00:00 GMT+00:00 2013 SELL  - IEP - 98 @61.38 Total=6015.24
Mon Mar 04 08:00:00 GMT+00:00 2013 BUY  - IX - 82 @60.71 Total=4978.22
Wed Apr 10 08:00:00 GMT+00:00 2013 BUY  - CLW - 58 @51.09 Total=2963.22
Mon Apr 15 08:00:00 GMT+00:00 2013 SELL  - CLW - 170 @47.72 Total=8112.4
Fri May 03 08:00:00 GMT+00:00 2013 BUY  - IX - 39 @75.71 Total=2952.69
Tue May 14 08:00:00 GMT+00:00 2013 BUY  - QIHU - 128 @38.77 Total=4962.56
Wed May 15 08:00:00 GMT+00:00 2013 BUY  - SMTC - 139 @35.92 Total=4992.88
Wed May 22 08:00:00 GMT+00:00 2013 BUY  - INXN - 186 @26.84 Total=4992.24
Thu May 23 08:00:00 GMT+00:00 2013 SELL  - IX - 121 @70.88 Total=8576.48
Tue Jun 18 08:00:00 GMT+00:00 2013 BUY  - PRLB - 79 @62.53 Total=4939.87
Thu Jun 20 08:00:00 GMT+00:00 2013 SELL  - INXN - 186 @25.05 Total=4659.3
Fri Jun 21 08:00:00 GMT+00:00 2013 SELL  - PRLB - 79 @60.0 Total=4740.0
Mon Jun 24 08:00:00 GMT+00:00 2013 SELL  - SMTC - 139 @34.51 Total=4796.89
Thu Jun 27 08:00:00 GMT+00:00 2013 BUY  - SSTK - 93 @53.56 Total=4981.08
Tue Jul 02 08:00:00 GMT+00:00 2013 BUY  - AYI - 61 @81.39 Total=4964.79
Tue Jul 23 08:00:00 GMT+00:00 2013 SELL  - SSTK - 93 @54.17 Total=5037.81
Wed Jul 31 08:00:00 GMT+00:00 2013 BUY  - JCI - 124 @40.21 Total=4986.04
Thu Aug 08 08:00:00 GMT+00:00 2013 BUY  - AYI - 34 @86.6 Total=2944.4
Fri Aug 16 08:00:00 GMT+00:00 2013 BUY  - CSC - 96 @51.55 Total=4948.8
Wed Aug 28 08:00:00 GMT+00:00 2013 SELL  - CSC - 96 @50.01 Total=4800.96
Wed Sep 04 08:00:00 GMT+00:00 2013 BUY  - SALE - 141 @35.3 Total=4977.3
Wed Sep 11 08:00:00 GMT+00:00 2013 SELL  - SALE - 141 @32.61 Total=4598.01
Thu Sep 12 08:00:00 GMT+00:00 2013 BUY  - WBA - 93 @53.29 Total=4955.97
Mon Sep 16 08:00:00 GMT+00:00 2013 BUY  - AVG - 202 @24.6 Total=4969.2
Wed Sep 18 08:00:00 GMT+00:00 2013 BUY  - QIHU - 34 @85.94 Total=2921.96
Tue Sep 24 08:00:00 GMT+00:00 2013 BUY  - JCI - 69 @42.98 Total=2965.62
Thu Sep 26 08:00:00 GMT+00:00 2013 BUY  - AYI - 21 @92.15 Total=1935.15
Thu Sep 26 08:00:00 GMT+00:00 2013 BUY  - FUL - 115 @43.28 Total=4977.2
Mon Sep 30 08:00:00 GMT+00:00 2013 SELL  - JCI - 193 @41.5 Total=8009.5
Thu Oct 03 08:00:00 GMT+00:00 2013 SELL  - AVG - 202 @23.25 Total=4696.5
Tue Oct 08 08:00:00 GMT+00:00 2013 SELL  - QIHU - 162 @77.24 Total=12512.88
Fri Oct 11 08:00:00 GMT+00:00 2013 BUY  - TTM - 154 @32.32 Total=4977.28
Wed Oct 16 08:00:00 GMT+00:00 2013 BUY  - TMH - 114 @43.43 Total=4951.02
Thu Oct 17 08:00:00 GMT+00:00 2013 BUY  - STNG - 458 @10.9 Total=4992.2
Tue Oct 22 08:00:00 GMT+00:00 2013 BUY  - NOAH - 257 @19.37 Total=4978.09
Wed Oct 23 08:00:00 GMT+00:00 2013 SELL  - TTM - 154 @30.46 Total=4690.84
Wed Oct 23 08:00:00 GMT+00:00 2013 BUY  - CP - 34 @142.99 Total=4861.66
Fri Oct 25 08:00:00 GMT+00:00 2013 SELL  - NOAH - 257 @17.93 Total=4608.01
Tue Oct 29 08:00:00 GMT+00:00 2013 BUY  - BDBD - 284 @17.52 Total=4975.68
Wed Oct 30 08:00:00 GMT+00:00 2013 BUY  - AZPN - 132 @37.81 Total=4990.92
Wed Oct 30 08:00:00 GMT+00:00 2013 BUY  - ACHC - 117 @42.67 Total=4992.39
Wed Oct 30 08:00:00 GMT+00:00 2013 BUY  - ROG - 81 @61.09 Total=4948.29
Thu Oct 31 08:00:00 GMT+00:00 2013 SELL  - BDBD - 284 @16.39 Total=4654.76
Thu Oct 31 08:00:00 GMT+00:00 2013 BUY  - WBA - 50 @59.24 Total=2962.0
Thu Oct 31 08:00:00 GMT+00:00 2013 BUY  - FUL - 62 @47.87 Total=2967.94
Thu Oct 31 08:00:00 GMT+00:00 2013 BUY  - KS - 96 @51.96 Total=4988.16
Tue Nov 05 08:00:00 GMT+00:00 2013 SELL  - TMH - 114 @43.42 Total=4949.88
Tue Nov 05 08:00:00 GMT+00:00 2013 BUY  - GNRC - 103 @48.1 Total=4954.3
Thu Nov 07 08:00:00 GMT+00:00 2013 SELL  - KS - 96 @48.25 Total=4632.0
Thu Nov 07 08:00:00 GMT+00:00 2013 BUY  - GMED - 269 @18.54 Total=4987.26
Wed Nov 20 08:00:00 GMT+00:00 2013 SELL  - ROG - 81 @60.14 Total=4871.34
Wed Nov 20 08:00:00 GMT+00:00 2013 BUY  - VOYA - 145 @34.34 Total=4979.3
Thu Nov 21 08:00:00 GMT+00:00 2013 BUY  - FUL - 40 @49.6 Total=1984.0
Tue Dec 03 08:00:00 GMT+00:00 2013 SELL  - STNG - 458 @11.08 Total=5074.64
Wed Dec 04 08:00:00 GMT+00:00 2013 SELL  - WBA - 143 @57.57 Total=8232.51
Fri Dec 06 08:00:00 GMT+00:00 2013 BUY  - CP - 19 @154.19 Total=2929.61
Tue Dec 10 08:00:00 GMT+00:00 2013 BUY  - TWTR - 96 @51.99 Total=4991.04
Fri Dec 13 08:00:00 GMT+00:00 2013 BUY  - ACHC - 64 @46.1 Total=2950.4
Mon Dec 16 08:00:00 GMT+00:00 2013 BUY  - GNTX - 154 @32.285 Total=4971.89
Fri Dec 27 08:00:00 GMT+00:00 2013 BUY  - GMED - 150 @19.84 Total=2976.0
Mon Dec 30 08:00:00 GMT+00:00 2013 BUY  - AZPN - 71 @41.92 Total=2976.32
Mon Dec 30 08:00:00 GMT+00:00 2013 BUY  - ACHC - 41 @47.76 Total=1958.16
Thu Jan 02 08:00:00 GMT+00:00 2014 SELL  - GNTX - 154 @32.21 Total=4960.34
Thu Jan 02 08:00:00 GMT+00:00 2014 BUY  - XRS - 236 @21.15 Total=4991.4
Mon Jan 06 08:00:00 GMT+00:00 2014 SELL  - CP - 53 @147.47 Total=7815.91
Mon Jan 06 08:00:00 GMT+00:00 2014 BUY  - HTHT - 170 @29.37 Total=4992.9
Thu Jan 09 08:00:00 GMT+00:00 2014 SELL  - TWTR - 96 @57.05 Total=5476.8
Thu Jan 09 08:00:00 GMT+00:00 2014 BUY  - M - 89 @55.8 Total=4966.2
Mon Jan 13 08:00:00 GMT+00:00 2014 SELL  - HTHT - 170 @27.98 Total=4756.6
Wed Jan 15 08:00:00 GMT+00:00 2014 BUY  - GNRC - 54 @55.24 Total=2982.96
Wed Jan 15 08:00:00 GMT+00:00 2014 BUY  - VOYA - 82 @36.36 Total=2981.52
Thu Jan 16 08:00:00 GMT+00:00 2014 SELL  - GNRC - 157 @50.89 Total=7989.73
Fri Jan 17 08:00:00 GMT+00:00 2014 SELL  - FUL - 217 @49.51 Total=10743.67
Tue Jan 21 08:00:00 GMT+00:00 2014 BUY  - NVDQ - 253 @19.66 Total=4973.98
Wed Jan 22 08:00:00 GMT+00:00 2014 SELL  - VOYA - 227 @35.25 Total=8001.75
Fri Jan 24 08:00:00 GMT+00:00 2014 SELL  - NVDQ - 253 @18.84 Total=4766.52
Mon Jan 27 08:00:00 GMT+00:00 2014 SELL  - M - 89 @54.18 Total=4822.02
Wed Jan 29 08:00:00 GMT+00:00 2014 SELL  - AZPN - 203 @40.46 Total=8213.38
Tue Feb 04 08:00:00 GMT+00:00 2014 SELL  - ACHC - 222 @48.6 Total=10789.2
Tue Feb 04 08:00:00 GMT+00:00 2014 BUY  - GMT - 88 @56.47 Total=4969.36
Fri Feb 07 08:00:00 GMT+00:00 2014 BUY  - LVNTA - 39 @126.16 Total=4920.24
Mon Feb 10 08:00:00 GMT+00:00 2014 BUY  - SALE - 120 @41.33 Total=4959.6
Wed Feb 12 08:00:00 GMT+00:00 2014 BUY  - SN - 157 @31.72 Total=4980.04
Thu Feb 13 08:00:00 GMT+00:00 2014 BUY  - GMED - 84 @23.64 Total=1985.76
Thu Feb 13 08:00:00 GMT+00:00 2014 BUY  - TWC - 34 @144.81 Total=4923.54
Fri Feb 14 08:00:00 GMT+00:00 2014 BUY  - XRS - 123 @24.17 Total=2972.91
Tue Feb 18 08:00:00 GMT+00:00 2014 SELL  - SN - 157 @29.74 Total=4669.18
Tue Feb 18 08:00:00 GMT+00:00 2014 BUY  - NMBL - 99 @49.99 Total=4949.01
Wed Feb 19 08:00:00 GMT+00:00 2014 BUY  - FLS - 61 @80.6 Total=4916.6
Fri Feb 21 08:00:00 GMT+00:00 2014 BUY  - STRZA - 160 @31.15 Total=4984.0
Wed Feb 26 08:00:00 GMT+00:00 2014 SELL  - TWC - 34 @137.76 Total=4683.84
Wed Feb 26 08:00:00 GMT+00:00 2014 BUY  - HEI - 79 @62.7 Total=4953.3
Fri Feb 28 08:00:00 GMT+00:00 2014 SELL  - XRS - 359 @23.72 Total=8515.48
Mon Mar 03 08:00:00 GMT+00:00 2014 SELL  - NMBL - 99 @46.15 Total=4568.85
Tue Mar 04 08:00:00 GMT+00:00 2014 BUY  - NUVA - 127 @39.29 Total=4989.83
Wed Mar 05 08:00:00 GMT+00:00 2014 BUY  - SALE - 68 @43.78 Total=2977.04
Thu Mar 06 08:00:00 GMT+00:00 2014 SELL  - NUVA - 127 @37.29 Total=4735.83
Thu Mar 06 08:00:00 GMT+00:00 2014 BUY  - RARE - 91 @54.38 Total=4948.58
Fri Mar 07 08:00:00 GMT+00:00 2014 BUY  - AGIO - 109 @45.45 Total=4954.05
Mon Mar 10 08:00:00 GMT+00:00 2014 SELL  - SALE - 188 @40.6 Total=7632.8
Tue Mar 11 08:00:00 GMT+00:00 2014 SELL  - AGIO - 109 @42.96 Total=4682.64
Tue Mar 11 08:00:00 GMT+00:00 2014 BUY  - EMES - 99 @50.1 Total=4959.9
Thu Mar 13 08:00:00 GMT+00:00 2014 SELL  - FLS - 61 @75.74 Total=4620.14
Fri Mar 14 08:00:00 GMT+00:00 2014 BUY  - MFRM - 106 @46.99 Total=4980.94
Tue Mar 18 08:00:00 GMT+00:00 2014 BUY  - LVNTA - 21 @142.31 Total=2988.51
Tue Mar 18 08:00:00 GMT+00:00 2014 BUY  - RARE - 49 @60.44 Total=2961.56
Fri Mar 21 08:00:00 GMT+00:00 2014 SELL  - RARE - 140 @55.05 Total=7707.0
Fri Mar 21 08:00:00 GMT+00:00 2014 BUY  - GMT - 45 @66.0 Total=2970.0
Mon Mar 24 08:00:00 GMT+00:00 2014 SELL  - LVNTA - 60 @135.73 Total=8143.8
Wed Mar 26 08:00:00 GMT+00:00 2014 SELL  - HEI - 79 @58.74 Total=4640.46
Thu Mar 27 08:00:00 GMT+00:00 2014 SELL  - AYI - 116 @128.15 Total=14865.4
Wed Apr 09 08:00:00 GMT+00:00 2014 SELL  - GMED - 503 @24.35 Total=12248.05
Thu Apr 10 08:00:00 GMT+00:00 2014 SELL  - MFRM - 106 @45.87 Total=4862.22
Thu Apr 10 08:00:00 GMT+00:00 2014 SELL  - STRZA - 160 @31.46 Total=5033.6
Fri Apr 11 08:00:00 GMT+00:00 2014 SELL  - GMT - 133 @65.19 Total=8670.27
Tue Apr 15 08:00:00 GMT+00:00 2014 BUY  - BCPC - 80 @62.28 Total=4982.4
Thu Apr 17 08:00:00 GMT+00:00 2014 BUY  - WSO - 47 @104.18 Total=4896.46
Mon Apr 21 08:00:00 GMT+00:00 2014 BUY  - AZN - 72 @69.1 Total=4975.2
Tue Apr 22 08:00:00 GMT+00:00 2014 SELL  - AZN - 72 @66.86 Total=4813.92
Thu May 01 08:00:00 GMT+00:00 2014 BUY  - KEX - 46 @107.84 Total=4960.64
Tue May 06 08:00:00 GMT+00:00 2014 SELL  - BCPC - 80 @58.0 Total=4640.0
Wed May 14 08:00:00 GMT+00:00 2014 SELL  - WSO - 47 @100.69 Total=4732.43
Wed May 28 08:00:00 GMT+00:00 2014 BUY  - CAL - 170 @29.3 Total=4981.0
Mon Jun 02 08:00:00 GMT+00:00 2014 SELL  - CAL - 170 @27.83 Total=4731.1
Mon Jun 09 08:00:00 GMT+00:00 2014 BUY  - MTSI - 227 @21.99 Total=4991.73
Wed Jun 11 08:00:00 GMT+00:00 2014 BUY  - KEX - 26 @114.04 Total=2965.04
Wed Jun 11 08:00:00 GMT+00:00 2014 BUY  - LNG - 74 @66.58 Total=4926.92
Wed Jun 11 08:00:00 GMT+00:00 2014 BUY  - FCNCA - 19 @251.91 Total=4786.29
Fri Jun 13 08:00:00 GMT+00:00 2014 BUY  - EMES - 29 @101.95 Total=2956.55
Tue Jun 17 08:00:00 GMT+00:00 2014 BUY  - JWA - 83 @60.1 Total=4988.3
Thu Jun 19 08:00:00 GMT+00:00 2014 BUY  - GLOG - 167 @29.88 Total=4989.96
Thu Jun 19 08:00:00 GMT+00:00 2014 BUY  - FNV - 90 @55.47 Total=4992.3
Thu Jun 19 08:00:00 GMT+00:00 2014 BUY  - TAHO - 195 @25.49 Total=4970.55
Fri Jun 20 08:00:00 GMT+00:00 2014 SELL  - EMES - 128 @98.3 Total=12582.4
Fri Jun 20 08:00:00 GMT+00:00 2014 BUY  - GMLP - 134 @37.08 Total=4968.72
Fri Jun 20 08:00:00 GMT+00:00 2014 BUY  - KS - 150 @33.21 Total=4981.5
Wed Jun 25 08:00:00 GMT+00:00 2014 SELL  - FCNCA - 19 @249.5 Total=4740.5
Wed Jun 25 08:00:00 GMT+00:00 2014 BUY  - TGNA - 162 @30.67 Total=4968.54
Tue Jul 01 08:00:00 GMT+00:00 2014 SELL  - GMLP - 134 @36.5 Total=4891.0
Tue Jul 01 08:00:00 GMT+00:00 2014 BUY  - ANET - 65 @76.0 Total=4940.0
Thu Jul 03 08:00:00 GMT+00:00 2014 SELL  - KS - 150 @32.65 Total=4897.5
Thu Jul 03 08:00:00 GMT+00:00 2014 BUY  - CNL - 86 @57.99 Total=4987.14
Mon Jul 07 08:00:00 GMT+00:00 2014 SELL  - GLOG - 167 @28.23 Total=4714.41
Mon Jul 07 08:00:00 GMT+00:00 2014 SELL  - ANET - 65 @72.17 Total=4691.05
Tue Jul 08 08:00:00 GMT+00:00 2014 SELL  - MTSI - 227 @21.03 Total=4773.81
Wed Jul 09 08:00:00 GMT+00:00 2014 BUY  - PZE - 708 @7.05 Total=4991.4
Mon Jul 14 08:00:00 GMT+00:00 2014 BUY  - LNG - 41 @72.0 Total=2952.0
Wed Jul 16 08:00:00 GMT+00:00 2014 BUY  - KEX - 16 @117.86 Total=1885.76
Thu Jul 17 08:00:00 GMT+00:00 2014 SELL  - PZE - 708 @6.65 Total=4708.2
Thu Jul 17 08:00:00 GMT+00:00 2014 SELL  - CNL - 86 @56.11 Total=4825.46
Thu Jul 24 08:00:00 GMT+00:00 2014 BUY  - JMEI - 167 @29.86 Total=4986.62
Fri Jul 25 08:00:00 GMT+00:00 2014 BUY  - TAHO - 111 @26.9 Total=2985.9
Tue Jul 29 08:00:00 GMT+00:00 2014 BUY  - LNG - 26 @74.46 Total=1935.96
Thu Jul 31 08:00:00 GMT+00:00 2014 SELL  - LNG - 141 @70.76 Total=9977.16
Thu Aug 07 08:00:00 GMT+00:00 2014 SELL  - JWA - 83 @58.94 Total=4892.02
Thu Aug 07 08:00:00 GMT+00:00 2014 SELL  - KEX - 88 @114.95 Total=10115.6
Thu Aug 07 08:00:00 GMT+00:00 2014 BUY  - LEAF - 168 @29.65 Total=4981.2
Thu Aug 14 08:00:00 GMT+00:00 2014 SELL  - TAHO - 306 @26.06 Total=7974.36
Thu Aug 14 08:00:00 GMT+00:00 2014 BUY  - TGNA - 87 @34.05 Total=2962.35
Mon Aug 18 08:00:00 GMT+00:00 2014 BUY  - FNV - 51 @58.54 Total=2985.54
Wed Aug 20 08:00:00 GMT+00:00 2014 SELL  - JMEI - 167 @31.87 Total=5322.29
Thu Aug 21 08:00:00 GMT+00:00 2014 SELL  - FNV - 141 @55.43 Total=7815.63
Thu Aug 28 08:00:00 GMT+00:00 2014 BUY  - SIG - 42 @116.37 Total=4887.54
Fri Aug 29 08:00:00 GMT+00:00 2014 BUY  - GPRO - 96 @51.8 Total=4972.8
Tue Sep 02 08:00:00 GMT+00:00 2014 BUY  - NVS - 53 @93.71 Total=4966.63
Thu Sep 04 08:00:00 GMT+00:00 2014 BUY  - MEI - 125 @39.72 Total=4965.0
Tue Sep 09 08:00:00 GMT+00:00 2014 SELL  - TGNA - 249 @32.38 Total=8062.62
Wed Sep 10 08:00:00 GMT+00:00 2014 BUY  - HQY - 230 @21.62 Total=4972.6
Tue Sep 16 08:00:00 GMT+00:00 2014 SELL  - HQY - 230 @20.1 Total=4623.0
Wed Sep 17 08:00:00 GMT+00:00 2014 BUY  - LEAF - 88 @33.66 Total=2962.08
Mon Sep 22 08:00:00 GMT+00:00 2014 SELL  - LEAF - 256 @32.52 Total=8325.12
Mon Sep 22 08:00:00 GMT+00:00 2014 BUY  - CLX - 51 @97.23 Total=4958.73
Tue Sep 23 08:00:00 GMT+00:00 2014 BUY  - LE - 116 @42.73 Total=4956.68
Thu Sep 25 08:00:00 GMT+00:00 2014 SELL  - MEI - 125 @38.04 Total=4755.0
Fri Sep 26 08:00:00 GMT+00:00 2014 BUY  - EIGI - 300 @16.59 Total=4977.0
Mon Sep 29 08:00:00 GMT+00:00 2014 SELL  - SIG - 42 @114.65 Total=4815.3
Mon Sep 29 08:00:00 GMT+00:00 2014 BUY  - MYCC - 251 @19.85 Total=4982.35
Tue Sep 30 08:00:00 GMT+00:00 2014 SELL  - LE - 116 @41.12 Total=4769.92
Wed Oct 01 08:00:00 GMT+00:00 2014 SELL  - EIGI - 300 @15.94 Total=4782.0
Wed Oct 01 08:00:00 GMT+00:00 2014 SELL  - MYCC - 251 @19.2 Total=4819.2
Fri Oct 03 08:00:00 GMT+00:00 2014 BUY  - GPN - 65 @76.32 Total=4960.8
Mon Oct 06 08:00:00 GMT+00:00 2014 BUY  - BDX - 39 @124.98 Total=4874.22
Tue Oct 07 08:00:00 GMT+00:00 2014 SELL  - NVS - 53 @89.73 Total=4755.69
Thu Oct 09 08:00:00 GMT+00:00 2014 SELL  - GPN - 65 @73.97 Total=4808.05
Mon Oct 13 08:00:00 GMT+00:00 2014 BUY  - CMN - 128 @38.86 Total=4974.08
Tue Oct 14 08:00:00 GMT+00:00 2014 BUY  - AVA - 146 @34.03 Total=4968.38
Thu Oct 16 08:00:00 GMT+00:00 2014 SELL  - BDX - 39 @120.78 Total=4710.42
Thu Oct 16 08:00:00 GMT+00:00 2014 SELL  - CMN - 128 @37.28 Total=4771.84
Fri Oct 17 08:00:00 GMT+00:00 2014 BUY  - NAVI - 268 @18.61 Total=4987.48
Tue Oct 21 08:00:00 GMT+00:00 2014 BUY  - AKRX - 120 @41.29 Total=4954.8
Mon Oct 27 08:00:00 GMT+00:00 2014 SELL  - GPRO - 96 @64.91 Total=6231.36
Mon Oct 27 08:00:00 GMT+00:00 2014 BUY  - EPAM - 106 @46.91 Total=4972.46
Thu Oct 30 08:00:00 GMT+00:00 2014 BUY  - BMY - 84 @58.98 Total=4954.32
Thu Oct 30 08:00:00 GMT+00:00 2014 BUY  - BIN - 176 @28.25 Total=4972.0
Thu Oct 30 08:00:00 GMT+00:00 2014 BUY  - CACI - 60 @82.05 Total=4923.0
Fri Oct 31 08:00:00 GMT+00:00 2014 BUY  - FLT - 33 @150.56 Total=4968.48
Thu Nov 06 08:00:00 GMT+00:00 2014 SELL  - AKRX - 120 @37.88 Total=4545.6
Wed Nov 12 08:00:00 GMT+00:00 2014 BUY  - MSG - 66 @74.74 Total=4932.84
Fri Nov 14 08:00:00 GMT+00:00 2014 SELL  - AVA - 146 @33.46 Total=4885.16
Wed Nov 19 08:00:00 GMT+00:00 2014 BUY  - ENV - 94 @52.58 Total=4942.52
Fri Nov 21 08:00:00 GMT+00:00 2014 BUY  - BIN - 98 @30.26 Total=2965.48
Fri Nov 21 08:00:00 GMT+00:00 2014 BUY  - SWIR - 136 @36.62 Total=4980.32
Fri Nov 28 08:00:00 GMT+00:00 2014 BUY  - NAVI - 142 @20.96 Total=2976.32
Mon Dec 01 08:00:00 GMT+00:00 2014 SELL  - ENV - 94 @49.55 Total=4657.7
Tue Dec 02 08:00:00 GMT+00:00 2014 BUY  - EPAM - 59 @50.05 Total=2952.95
Wed Dec 10 08:00:00 GMT+00:00 2014 SELL  - FLT - 33 @143.9 Total=4748.7
Wed Dec 10 08:00:00 GMT+00:00 2014 SELL  - MSG - 66 @72.21 Total=4765.86
Tue Dec 16 08:00:00 GMT+00:00 2014 SELL  - EPAM - 165 @46.24 Total=7629.6
Tue Dec 16 08:00:00 GMT+00:00 2014 SELL  - BMY - 84 @57.69 Total=4845.96
Tue Dec 16 08:00:00 GMT+00:00 2014 SELL  - CACI - 60 @83.36 Total=5001.6
Wed Dec 17 08:00:00 GMT+00:00 2014 BUY  - FGEN - 182 @27.38 Total=4983.16
Thu Dec 18 08:00:00 GMT+00:00 2014 BUY  - KRFT - 78 @63.38 Total=4943.64
Wed Dec 24 08:00:00 GMT+00:00 2014 BUY  - VA - 121 @41.0 Total=4961.0
Tue Dec 30 08:00:00 GMT+00:00 2014 BUY  - NAVI - 90 @21.985 Total=1978.65
Mon Jan 05 08:00:00 GMT+00:00 2015 SELL  - NAVI - 500 @21.1 Total=10550.0
Mon Jan 05 08:00:00 GMT+00:00 2015 BUY  - CLX - 28 @103.89 Total=2908.92
Wed Jan 07 08:00:00 GMT+00:00 2015 SELL  - VA - 121 @39.75 Total=4809.75
Mon Jan 12 08:00:00 GMT+00:00 2015 SELL  - BIN - 274 @28.85 Total=7904.9
Fri Jan 16 08:00:00 GMT+00:00 2015 SELL  - SWIR - 136 @40.07 Total=5449.52
Thu Jan 22 08:00:00 GMT+00:00 2015 BUY  - HELE - 64 @77.53 Total=4961.92
Thu Jan 22 08:00:00 GMT+00:00 2015 BUY  - AGU - 46 @107.2 Total=4931.2
Fri Jan 23 08:00:00 GMT+00:00 2015 SELL  - FGEN - 182 @29.38 Total=5347.16
Fri Jan 23 08:00:00 GMT+00:00 2015 BUY  - SBUX - 56 @88.22 Total=4940.32
Wed Jan 28 08:00:00 GMT+00:00 2015 BUY  - KLIC - 317 @15.75 Total=4992.75
Fri Jan 30 08:00:00 GMT+00:00 2015 SELL  - HELE - 64 @75.22 Total=4814.08
Fri Jan 30 08:00:00 GMT+00:00 2015 SELL  - KLIC - 317 @15.17 Total=4808.89
Mon Feb 02 08:00:00 GMT+00:00 2015 BUY  - CLX - 18 @107.83 Total=1940.94
Thu Feb 05 08:00:00 GMT+00:00 2015 BUY  - BLL - 69 @72.03 Total=4970.07
Mon Feb 09 08:00:00 GMT+00:00 2015 BUY  - HAS - 83 @59.66 Total=4951.78
Tue Feb 10 08:00:00 GMT+00:00 2015 BUY  - KRFT - 44 @66.89 Total=2943.16
Tue Feb 10 08:00:00 GMT+00:00 2015 BUY  - SEE - 110 @45.27 Total=4979.7
Wed Feb 11 08:00:00 GMT+00:00 2015 SELL  - KRFT - 122 @65.07 Total=7938.54
Wed Feb 11 08:00:00 GMT+00:00 2015 BUY  - SCI - 204 @24.39 Total=4975.56
Fri Feb 13 08:00:00 GMT+00:00 2015 BUY  - EIGI - 256 @19.49 Total=4989.44
Tue Feb 17 08:00:00 GMT+00:00 2015 BUY  - CBPO - 68 @73.23 Total=4979.64
Tue Feb 17 08:00:00 GMT+00:00 2015 BUY  - LCI - 81 @61.23 Total=4959.63
Mon Feb 23 08:00:00 GMT+00:00 2015 SELL  - EIGI - 256 @19.09 Total=4887.04
Mon Feb 23 08:00:00 GMT+00:00 2015 BUY  - NRZ - 350 @14.25 Total=4987.5
Mon Mar 02 08:00:00 GMT+00:00 2015 BUY  - SBUX - 31 @94.225 Total=2920.975
Wed Mar 04 08:00:00 GMT+00:00 2015 SELL  - BLL - 69 @71.3 Total=4919.7
Wed Mar 04 08:00:00 GMT+00:00 2015 BUY  - BMY - 76 @65.67 Total=4990.92
Mon Mar 16 08:00:00 GMT+00:00 2015 BUY  - NRZ - 199 @15.0 Total=2985.0
Thu Mar 19 08:00:00 GMT+00:00 2015 SELL  - AGU - 46 @106.95 Total=4919.7
Wed Mar 25 08:00:00 GMT+00:00 2015 BUY  - EW - 35 @142.25 Total=4978.75
Thu Mar 26 08:00:00 GMT+00:00 2015 BUY  - LCI - 45 @65.83 Total=2962.35
Thu Mar 26 08:00:00 GMT+00:00 2015 SELL  - SEE - 110 @45.05 Total=4955.5
Thu Mar 26 08:00:00 GMT+00:00 2015 BUY  - SFS - 280 @17.77 Total=4975.6
Thu Mar 26 08:00:00 GMT+00:00 2015 SELL  - BMY - 76 @65.0 Total=4940.0
Thu Mar 26 08:00:00 GMT+00:00 2015 BUY  - SIG - 36 @135.0 Total=4860.0
Wed Apr 01 08:00:00 GMT+00:00 2015 BUY  - SCI - 114 @26.25 Total=2992.5
Fri Apr 10 08:00:00 GMT+00:00 2015 SELL  - EW - 35 @141.68 Total=4958.8
Fri Apr 10 08:00:00 GMT+00:00 2015 BUY  - GE - 175 @28.51 Total=4989.25
Tue Apr 14 08:00:00 GMT+00:00 2015 BUY  - HAS - 46 @64.48 Total=2966.08
Wed Apr 15 08:00:00 GMT+00:00 2015 BUY  - SCI - 73 @26.98 Total=1969.54
Fri Apr 17 08:00:00 GMT+00:00 2015 SELL  - LCI - 126 @64.89 Total=8176.14
Tue Apr 21 08:00:00 GMT+00:00 2015 SELL  - GE - 175 @26.62 Total=4658.5
Tue Apr 21 08:00:00 GMT+00:00 2015 BUY  - SBUX - 41 @48.37 Total=1983.17
Mon Apr 27 08:00:00 GMT+00:00 2015 SELL  - SFS - 280 @17.71 Total=4958.8
Tue Apr 28 08:00:00 GMT+00:00 2015 BUY  - HQY - 179 @27.76 Total=4969.04
Wed Apr 29 08:00:00 GMT+00:00 2015 BUY  - XPO - 102 @48.83 Total=4980.66
Thu Apr 30 08:00:00 GMT+00:00 2015 SELL  - HQY - 179 @26.21 Total=4691.59
Thu Apr 30 08:00:00 GMT+00:00 2015 SELL  - CLX - 97 @106.1 Total=10291.7
Thu Apr 30 08:00:00 GMT+00:00 2015 BUY  - HAS - 28 @70.79 Total=1982.12
Thu Apr 30 08:00:00 GMT+00:00 2015 BUY  - AVG - 208 @23.92 Total=4975.36
Fri May 01 08:00:00 GMT+00:00 2015 BUY  - CBPO - 30 @98.2 Total=2946.0
Fri May 01 08:00:00 GMT+00:00 2015 BUY  - BFAM - 92 @54.05 Total=4972.6
Mon May 04 08:00:00 GMT+00:00 2015 BUY  - NRZ - 115 @17.19 Total=1976.85
Tue May 05 08:00:00 GMT+00:00 2015 BUY  - CLGX - 129 @38.7 Total=4992.3
Tue May 12 08:00:00 GMT+00:00 2015 SELL  - BFAM - 92 @52.84 Total=4861.28
Tue May 12 08:00:00 GMT+00:00 2015 BUY  - IPAR - 148 @33.65 Total=4980.2
Fri May 15 08:00:00 GMT+00:00 2015 SELL  - IPAR - 148 @31.93 Total=4725.64
Wed May 20 08:00:00 GMT+00:00 2015 BUY  - TTPH - 110 @45.33 Total=4986.3
Fri May 22 08:00:00 GMT+00:00 2015 SELL  - TTPH - 110 @42.94 Total=4723.4
Wed May 27 08:00:00 GMT+00:00 2015 BUY  - AMED - 157 @31.67 Total=4972.19
Fri May 29 08:00:00 GMT+00:00 2015 SELL  - SIG - 36 @129.33 Total=4655.88
Fri Jun 05 08:00:00 GMT+00:00 2015 BUY  - JUNO - 73 @68.36 Total=4990.28
Mon Jun 08 08:00:00 GMT+00:00 2015 SELL  - NRZ - 664 @16.61 Total=11029.04
Mon Jun 08 08:00:00 GMT+00:00 2015 SELL  - CBPO - 98 @103.86 Total=10178.28
Tue Jun 09 08:00:00 GMT+00:00 2015 SELL  - JUNO - 73 @62.14 Total=4536.22
Tue Jun 09 08:00:00 GMT+00:00 2015 BUY  - CMN - 96 @52.0 Total=4992.0
Fri Jun 12 08:00:00 GMT+00:00 2015 SELL  - XPO - 102 @47.46 Total=4840.92
Wed Jun 17 08:00:00 GMT+00:00 2015 SELL  - CLGX - 129 @37.54 Total=4842.66
Wed Jun 17 08:00:00 GMT+00:00 2015 BUY  - RDUS - 96 @51.73 Total=4966.08
Thu Jun 25 08:00:00 GMT+00:00 2015 BUY  - AMED - 74 @39.96 Total=2957.04
Thu Jun 25 08:00:00 GMT+00:00 2015 BUY  - W - 134 @37.24 Total=4990.16
Wed Jul 01 08:00:00 GMT+00:00 2015 BUY  - AVG - 109 @27.43 Total=2989.87
