Start Date: Tue Jan 01 08:00:00 GMT+00:00 2013
End Date: Thu Jul 02 08:21:00 GMT+00:00 2015
Initial Cash: 100000.0
Num Positions: 10
-----------------
Fri Jan 04 08:00:00 GMT+00:00 2013 BUY: 98 shares of IEP cost-basis=50.7 for $4972.52 CASH-BAL=95020.48
Mon Jan 07 08:00:00 GMT+00:00 2013 BUY: 128 shares of NSM cost-basis=38.8 for $4970.24 CASH-BAL=90043.24
Mon Jan 07 08:00:00 GMT+00:00 2013 BUY: 117 shares of RNF cost-basis=42.6 for $4980.69 CASH-BAL=85055.55
Fri Jan 11 08:00:00 GMT+00:00 2013 BUY: 278 shares of HTHT cost-basis=17.9 for $4981.76 CASH-BAL=80066.79
Wed Jan 16 08:00:00 GMT+00:00 2013 BUY: 116 shares of PRLB cost-basis=42.7 for $4954.36 CASH-BAL=75105.43
Thu Jan 17 08:00:00 GMT+00:00 2013 BUY: 112 shares of CLW cost-basis=44.2 for $4954.88 CASH-BAL=70143.55
Fri Jan 18 08:00:00 GMT+00:00 2013 StopLoss-HardStop SELL: (-7.92%)128 shares of NSM for -7.92
Fri Jan 18 08:00:00 GMT+00:00 2013 SELL NSM x128 for $4583.68 CASH-BAL=74720.23
Fri Jan 25 08:00:00 GMT+00:00 2013 BUY: 65 shares of RNF cost-basis=43.6 for $2949.05 CASH-BAL=71764.18
Wed Feb 06 08:00:00 GMT+00:00 2013 StopLoss-SoftStop SELL: (-6.51%)116 shares of PRLB for -6.51
Wed Feb 06 08:00:00 GMT+00:00 2013 SELL PRLB x116 for $4638.84 CASH-BAL=76396.02
Wed Feb 06 08:00:00 GMT+00:00 2013 BUY: 41 shares of RNF cost-basis=44.3 for $1959.8 CASH-BAL=74429.22
Mon Feb 11 08:00:00 GMT+00:00 2013 StopLoss-ScaledSoftStop SELL: ($45.186)223 @$43.65 shares of RNF for -1.79
Mon Feb 11 08:00:00 GMT+00:00 2013 SELL RNF x223 for $9733.95 CASH-BAL=84156.17
Wed Feb 20 08:00:00 GMT+00:00 2013Market-Uptrend-Sell 20EMA: (-4.56%)278 shares of HTHT for -0.587
Wed Feb 20 08:00:00 GMT+00:00 2013 SELL HTHT x278 for $4959.52 CASH-BAL=89108.69
Mon Mar 04 08:00:00 GMT+00:00 2013Market-Uptrend-Sell 20EMA: (-9.06%)98 shares of IEP for 20.8
Mon Mar 04 08:00:00 GMT+00:00 2013 SELL IEP x98 for $6015.24 CASH-BAL=95116.93
Mon Mar 04 08:00:00 GMT+00:00 2013 BUY: 82 shares of IX cost-basis=60.7 for $4978.22 CASH-BAL=90131.71
Wed Apr 10 08:00:00 GMT+00:00 2013 BUY: 58 shares of CLW cost-basis=46.6 for $2963.22 CASH-BAL=87161.49
Mon Apr 15 08:00:00 GMT+00:00 2013Market-Uptrend-Sell 20EMA: (-5.27%)170 shares of CLW for 2.28
Mon Apr 15 08:00:00 GMT+00:00 2013 SELL CLW x170 for $8112.4 CASH-BAL=95266.89
Fri May 03 08:00:00 GMT+00:00 2013 BUY: 39 shares of IX cost-basis=65.5 for $2952.69 CASH-BAL=92307.2
Tue May 14 08:00:00 GMT+00:00 2013 BUY: 128 shares of QIHU cost-basis=38.8 for $4962.56 CASH-BAL=87337.64
Wed May 15 08:00:00 GMT+00:00 2013 BUY: 139 shares of SMTC cost-basis=35.9 for $4992.88 CASH-BAL=82337.76
Wed May 22 08:00:00 GMT+00:00 2013 BUY: 186 shares of INXN cost-basis=26.8 for $4992.24 CASH-BAL=77338.52
Thu May 23 08:00:00 GMT+00:00 2013Market-Uptrend-Sell 20EMA: (-5.95%)121 shares of IX for 7.96
Thu May 23 08:00:00 GMT+00:00 2013 SELL IX x121 for $8576.48 CASH-BAL=85908.0
Tue Jun 18 08:00:00 GMT+00:00 2013 BUY: 79 shares of PRLB cost-basis=62.5 for $4939.87 CASH-BAL=80961.13
Thu Jun 20 08:00:00 GMT+00:00 2013 StopLoss-SoftStop SELL: (-6.81%)186 shares of INXN for -6.81
Thu Jun 20 08:00:00 GMT+00:00 2013 SELL INXN x186 for $4659.3 CASH-BAL=85613.43
Fri Jun 21 08:00:00 GMT+00:00 2013Market-Downtrend-Sell -3%: (-4.19%)79 shares of PRLB for -4.19
Fri Jun 21 08:00:00 GMT+00:00 2013 SELL PRLB x79 for $4740.0 CASH-BAL=90346.43
Mon Jun 24 08:00:00 GMT+00:00 2013Market-Downtrend-Sell 20EMA: (-3.31%)139 shares of SMTC for -4.07
Mon Jun 24 08:00:00 GMT+00:00 2013 SELL SMTC x139 for $4796.89 CASH-BAL=95136.32
Thu Jun 27 08:00:00 GMT+00:00 2013 BUY: 93 shares of SSTK cost-basis=53.6 for $4981.08 CASH-BAL=90148.24
Tue Jul 02 08:00:00 GMT+00:00 2013 BUY: 61 shares of AYI cost-basis=81.4 for $4964.79 CASH-BAL=85176.45
Tue Jul 23 08:00:00 GMT+00:00 2013Market-Uptrend-Sell 20EMA: (-2.57%)93 shares of SSTK for 0.998
Tue Jul 23 08:00:00 GMT+00:00 2013 SELL SSTK x93 for $5037.81 CASH-BAL=90207.26
Wed Jul 31 08:00:00 GMT+00:00 2013 BUY: 124 shares of JCI cost-basis=40.2 for $4986.04 CASH-BAL=85214.22
Thu Aug 08 08:00:00 GMT+00:00 2013 BUY: 34 shares of AYI cost-basis=83.3 for $2944.4 CASH-BAL=82262.82
Fri Aug 16 08:00:00 GMT+00:00 2013 BUY: 96 shares of CSC cost-basis=51.6 for $4948.8 CASH-BAL=77307.02
Wed Aug 28 08:00:00 GMT+00:00 2013Market-CautiousUp-Sell -3%: (-3.13%)96 shares of CSC for -3.13
Wed Aug 28 08:00:00 GMT+00:00 2013 SELL CSC x96 for $4800.96 CASH-BAL=82100.98
Wed Sep 04 08:00:00 GMT+00:00 2013 BUY: 141 shares of SALE cost-basis=35.3 for $4977.3 CASH-BAL=77116.68
Wed Sep 11 08:00:00 GMT+00:00 2013 StopLoss-HardStop SELL: (-7.76%)141 shares of SALE for -7.76
Wed Sep 11 08:00:00 GMT+00:00 2013 SELL SALE x141 for $4598.01 CASH-BAL=81707.69
Thu Sep 12 08:00:00 GMT+00:00 2013 BUY: 93 shares of WBA cost-basis=53.3 for $4955.97 CASH-BAL=76744.72
Mon Sep 16 08:00:00 GMT+00:00 2013 BUY: 202 shares of AVG cost-basis=24.6 for $4969.2 CASH-BAL=71768.52
Wed Sep 18 08:00:00 GMT+00:00 2013 BUY: 34 shares of QIHU cost-basis=48.7 for $2921.96 CASH-BAL=68839.56
Tue Sep 24 08:00:00 GMT+00:00 2013 BUY: 69 shares of JCI cost-basis=41.2 for $2965.62 CASH-BAL=65866.94
Thu Sep 26 08:00:00 GMT+00:00 2013 BUY: 21 shares of AYI cost-basis=84.9 for $1935.15 CASH-BAL=63924.79
Thu Sep 26 08:00:00 GMT+00:00 2013 BUY: 115 shares of FUL cost-basis=43.3 for $4977.2 CASH-BAL=58940.59
Mon Sep 30 08:00:00 GMT+00:00 2013 StopLoss-ScaledSoftStop SELL: ($41.612)193 @$41.5 shares of JCI for 0.551
Mon Sep 30 08:00:00 GMT+00:00 2013 SELL JCI x193 for $8009.5 CASH-BAL=66943.09
Thu Oct 03 08:00:00 GMT+00:00 2013 StopLoss-SoftStop SELL: (-5.63%)202 shares of AVG for -5.63
Thu Oct 03 08:00:00 GMT+00:00 2013 SELL AVG x202 for $4696.5 CASH-BAL=71632.59
Tue Oct 08 08:00:00 GMT+00:00 2013Market-Uptrend-Sell 20EMA: (-8.03%)162 shares of QIHU for 58.5
Tue Oct 08 08:00:00 GMT+00:00 2013 SELL QIHU x162 for $12512.88 CASH-BAL=84138.47
Fri Oct 11 08:00:00 GMT+00:00 2013 BUY: 154 shares of TTM cost-basis=32.3 for $4977.28 CASH-BAL=79154.19
Wed Oct 16 08:00:00 GMT+00:00 2013 BUY: 114 shares of TMH cost-basis=43.4 for $4951.02 CASH-BAL=74196.17
Thu Oct 17 08:00:00 GMT+00:00 2013 BUY: 458 shares of STNG cost-basis=10.9 for $4992.2 CASH-BAL=69196.97
Tue Oct 22 08:00:00 GMT+00:00 2013 BUY: 257 shares of NOAH cost-basis=19.4 for $4978.09 CASH-BAL=64211.88
Wed Oct 23 08:00:00 GMT+00:00 2013 StopLoss-SoftStop SELL: (-5.9%)154 shares of TTM for -5.9
Wed Oct 23 08:00:00 GMT+00:00 2013 SELL TTM x154 for $4690.84 CASH-BAL=68895.72
Wed Oct 23 08:00:00 GMT+00:00 2013 BUY: 34 shares of CP cost-basis=143 for $4861.66 CASH-BAL=64027.06
Fri Oct 25 08:00:00 GMT+00:00 2013 StopLoss-HardStop SELL: (-7.57%)257 shares of NOAH for -7.57
Fri Oct 25 08:00:00 GMT+00:00 2013 SELL NOAH x257 for $4608.01 CASH-BAL=68628.07
Tue Oct 29 08:00:00 GMT+00:00 2013 BUY: 284 shares of BDBD cost-basis=17.5 for $4975.68 CASH-BAL=63645.39
Wed Oct 30 08:00:00 GMT+00:00 2013 BUY: 132 shares of AZPN cost-basis=37.8 for $4990.92 CASH-BAL=58647.47
Wed Oct 30 08:00:00 GMT+00:00 2013 BUY: 117 shares of ACHC cost-basis=42.7 for $4992.39 CASH-BAL=53648.08
Wed Oct 30 08:00:00 GMT+00:00 2013 BUY: 81 shares of ROG cost-basis=61.1 for $4948.29 CASH-BAL=48692.79
Thu Oct 31 08:00:00 GMT+00:00 2013 StopLoss-SoftStop SELL: (-6.59%)284 shares of BDBD for -6.59
Thu Oct 31 08:00:00 GMT+00:00 2013 SELL BDBD x284 for $4654.76 CASH-BAL=53340.55
Thu Oct 31 08:00:00 GMT+00:00 2013 BUY: 50 shares of WBA cost-basis=55.4 for $2962.0 CASH-BAL=50371.55
Thu Oct 31 08:00:00 GMT+00:00 2013 BUY: 62 shares of FUL cost-basis=44.9 for $2967.94 CASH-BAL=47396.61
Thu Oct 31 08:00:00 GMT+00:00 2013 BUY: 96 shares of KS cost-basis=52.0 for $4988.16 CASH-BAL=42401.45
Tue Nov 05 08:00:00 GMT+00:00 2013 Selling due to underperformance: TMH
Tue Nov 05 08:00:00 GMT+00:00 2013 SELL TMH x114 for $4949.88 CASH-BAL=47344.33
Tue Nov 05 08:00:00 GMT+00:00 2013 BUY: 103 shares of GNRC cost-basis=48.1 for $4954.3 CASH-BAL=42383.03
Thu Nov 07 08:00:00 GMT+00:00 2013 StopLoss-HardStop SELL: (-7.28%)96 shares of KS for -7.28
Thu Nov 07 08:00:00 GMT+00:00 2013 SELL KS x96 for $4632.0 CASH-BAL=47008.03
Thu Nov 07 08:00:00 GMT+00:00 2013 BUY: 269 shares of GMED cost-basis=18.5 for $4987.26 CASH-BAL=42013.77
Wed Nov 20 08:00:00 GMT+00:00 2013 Selling due to underperformance: ROG
Wed Nov 20 08:00:00 GMT+00:00 2013 SELL ROG x81 for $4871.34 CASH-BAL=46878.11
Wed Nov 20 08:00:00 GMT+00:00 2013 BUY: 145 shares of VOYA cost-basis=34.3 for $4979.3 CASH-BAL=41891.81
Thu Nov 21 08:00:00 GMT+00:00 2013 BUY: 40 shares of FUL cost-basis=45.8 for $1984.0 CASH-BAL=39900.81
Tue Dec 03 08:00:00 GMT+00:00 2013Market-Uptrend-Sell 20EMA: (-3.21%)458 shares of STNG for 1.51
Tue Dec 03 08:00:00 GMT+00:00 2013 SELL STNG x458 for $5074.64 CASH-BAL=44968.45
Wed Dec 04 08:00:00 GMT+00:00 2013Market-Uptrend-Sell 20EMA: (-2.74%)143 shares of WBA for 3.8
Wed Dec 04 08:00:00 GMT+00:00 2013 SELL WBA x143 for $8232.51 CASH-BAL=53193.96
Fri Dec 06 08:00:00 GMT+00:00 2013 BUY: 19 shares of CP cost-basis=147 for $2929.61 CASH-BAL=50257.35
Tue Dec 10 08:00:00 GMT+00:00 2013 BUY: 96 shares of TWTR cost-basis=52.0 for $4991.04 CASH-BAL=45259.31
Fri Dec 13 08:00:00 GMT+00:00 2013 BUY: 64 shares of ACHC cost-basis=43.9 for $2950.4 CASH-BAL=42301.91
Mon Dec 16 08:00:00 GMT+00:00 2013 BUY: 154 shares of GNTX cost-basis=32.3 for $4971.89 CASH-BAL=37323.02
Fri Dec 27 08:00:00 GMT+00:00 2013 BUY: 150 shares of GMED cost-basis=19.0 for $2976.0 CASH-BAL=34340.02
Mon Dec 30 08:00:00 GMT+00:00 2013 BUY: 71 shares of AZPN cost-basis=39.2 for $2976.32 CASH-BAL=31356.7
Mon Dec 30 08:00:00 GMT+00:00 2013 BUY: 41 shares of ACHC cost-basis=44.6 for $1958.16 CASH-BAL=29391.54
Thu Jan 02 08:00:00 GMT+00:00 2014 Selling due to underperformance: GNTX
Thu Jan 02 08:00:00 GMT+00:00 2014 SELL GNTX x154 for $4960.34 CASH-BAL=34344.88
Thu Jan 02 08:00:00 GMT+00:00 2014 BUY: 236 shares of XRS cost-basis=21.2 for $4991.4 CASH-BAL=29346.48
Mon Jan 06 08:00:00 GMT+00:00 2014 StopLoss-ScaledSoftStop SELL: ($148.47)53 @$147.47 shares of CP for 0.137
Mon Jan 06 08:00:00 GMT+00:00 2014 SELL CP x53 for $7815.91 CASH-BAL=37155.39
Mon Jan 06 08:00:00 GMT+00:00 2014 BUY: 170 shares of HTHT cost-basis=29.4 for $4992.9 CASH-BAL=32155.49
Thu Jan 09 08:00:00 GMT+00:00 2014Market-Uptrend-Sell 20EMA: (-4.79%)96 shares of TWTR for 9.59
Thu Jan 09 08:00:00 GMT+00:00 2014 SELL TWTR x96 for $5476.8 CASH-BAL=37625.29
Thu Jan 09 08:00:00 GMT+00:00 2014 BUY: 89 shares of M cost-basis=55.8 for $4966.2 CASH-BAL=32652.09
Mon Jan 13 08:00:00 GMT+00:00 2014Market-Uptrend-Sell 20EMA: (-2.29%)170 shares of HTHT for -4.87
Mon Jan 13 08:00:00 GMT+00:00 2014 SELL HTHT x170 for $4756.6 CASH-BAL=37401.69
Wed Jan 15 08:00:00 GMT+00:00 2014 BUY: 54 shares of GNRC cost-basis=50.6 for $2982.96 CASH-BAL=34411.73
Wed Jan 15 08:00:00 GMT+00:00 2014 BUY: 82 shares of VOYA cost-basis=35.1 for $2981.52 CASH-BAL=31423.21
Thu Jan 16 08:00:00 GMT+00:00 2014 StopLoss-ScaledSoftStop SELL: ($51.106)157 @$50.89 shares of GNRC for 0.485
Thu Jan 16 08:00:00 GMT+00:00 2014 SELL GNRC x157 for $7989.73 CASH-BAL=39405.94
Fri Jan 17 08:00:00 GMT+00:00 2014Market-Uptrend-Sell 20EMA: (-3.42%)217 shares of FUL for 7.99
Fri Jan 17 08:00:00 GMT+00:00 2014 SELL FUL x217 for $10743.67 CASH-BAL=50142.61
Tue Jan 21 08:00:00 GMT+00:00 2014 BUY: 253 shares of NVDQ cost-basis=19.7 for $4973.98 CASH-BAL=45161.63
Wed Jan 22 08:00:00 GMT+00:00 2014 StopLoss-ScaledSoftStop SELL: ($35.451)227 @$35.25 shares of VOYA for 0.338
Wed Jan 22 08:00:00 GMT+00:00 2014 SELL VOYA x227 for $8001.75 CASH-BAL=53156.38
Fri Jan 24 08:00:00 GMT+00:00 2014Market-CautiousUp-Sell -3%: (-4.31%)253 shares of NVDQ for -4.31
Fri Jan 24 08:00:00 GMT+00:00 2014 SELL NVDQ x253 for $4766.52 CASH-BAL=57915.9
Mon Jan 27 08:00:00 GMT+00:00 2014Market-CautiousUp-Sell -3%: (-3.04%)89 shares of M for -3.04
Mon Jan 27 08:00:00 GMT+00:00 2014 SELL M x89 for $4822.02 CASH-BAL=62730.92
Wed Jan 29 08:00:00 GMT+00:00 2014Market-Downtrend-Sell 20EMA: (-2.75%)203 shares of AZPN for 2.91
Wed Jan 29 08:00:00 GMT+00:00 2014 SELL AZPN x203 for $8213.38 CASH-BAL=70937.3
Tue Feb 04 08:00:00 GMT+00:00 2014Market-Downtrend-Sell 20EMA: (-4.08%)222 shares of ACHC for 8.76
Tue Feb 04 08:00:00 GMT+00:00 2014 SELL ACHC x222 for $10789.2 CASH-BAL=81719.5
Tue Feb 04 08:00:00 GMT+00:00 2014 BUY: 88 shares of GMT cost-basis=56.5 for $4969.36 CASH-BAL=76743.14
Fri Feb 07 08:00:00 GMT+00:00 2014 BUY: 39 shares of LVNTA cost-basis=126 for $4920.24 CASH-BAL=71815.9
Mon Feb 10 08:00:00 GMT+00:00 2014 BUY: 120 shares of SALE cost-basis=41.3 for $4959.6 CASH-BAL=66849.3
Wed Feb 12 08:00:00 GMT+00:00 2014 BUY: 157 shares of SN cost-basis=31.7 for $4980.04 CASH-BAL=61862.26
Thu Feb 13 08:00:00 GMT+00:00 2014 BUY: 84 shares of GMED cost-basis=19.8 for $1985.76 CASH-BAL=59869.5
Thu Feb 13 08:00:00 GMT+00:00 2014 BUY: 34 shares of TWC cost-basis=145 for $4923.54 CASH-BAL=54938.96
Fri Feb 14 08:00:00 GMT+00:00 2014 BUY: 123 shares of XRS cost-basis=22.2 for $2972.91 CASH-BAL=51959.05
Tue Feb 18 08:00:00 GMT+00:00 2014 StopLoss-SoftStop SELL: (-6.38%)157 shares of SN for -6.38
Tue Feb 18 08:00:00 GMT+00:00 2014 SELL SN x157 for $4669.18 CASH-BAL=56621.23
Tue Feb 18 08:00:00 GMT+00:00 2014 BUY: 99 shares of NMBL cost-basis=50.0 for $4949.01 CASH-BAL=51665.22
Wed Feb 19 08:00:00 GMT+00:00 2014 BUY: 61 shares of FLS cost-basis=80.6 for $4916.6 CASH-BAL=46741.62
Fri Feb 21 08:00:00 GMT+00:00 2014 BUY: 160 shares of STRZA cost-basis=31.2 for $4984.0 CASH-BAL=41750.62
Wed Feb 26 08:00:00 GMT+00:00 2014 StopLoss-SoftStop SELL: (-5.01%)34 shares of TWC for -5.01
Wed Feb 26 08:00:00 GMT+00:00 2014 SELL TWC x34 for $4683.84 CASH-BAL=46427.46
Wed Feb 26 08:00:00 GMT+00:00 2014 BUY: 79 shares of HEI cost-basis=62.7 for $4953.3 CASH-BAL=41467.16
Fri Feb 28 08:00:00 GMT+00:00 2014Market-Uptrend-Sell 20EMA: (-2.2%)359 shares of XRS for 6.74
Fri Feb 28 08:00:00 GMT+00:00 2014 SELL XRS x359 for $8515.48 CASH-BAL=49975.64
Mon Mar 03 08:00:00 GMT+00:00 2014 StopLoss-HardStop SELL: (-7.82%)99 shares of NMBL for -7.82
Mon Mar 03 08:00:00 GMT+00:00 2014 SELL NMBL x99 for $4568.85 CASH-BAL=54537.49
Tue Mar 04 08:00:00 GMT+00:00 2014 BUY: 127 shares of NUVA cost-basis=39.3 for $4989.83 CASH-BAL=49540.66
Wed Mar 05 08:00:00 GMT+00:00 2014 BUY: 68 shares of SALE cost-basis=42.2 for $2977.04 CASH-BAL=46556.62
Thu Mar 06 08:00:00 GMT+00:00 2014 StopLoss-SoftStop SELL: (-5.23%)127 shares of NUVA for -5.23
Thu Mar 06 08:00:00 GMT+00:00 2014 SELL NUVA x127 for $4735.83 CASH-BAL=51285.45
Thu Mar 06 08:00:00 GMT+00:00 2014 BUY: 91 shares of RARE cost-basis=54.4 for $4948.58 CASH-BAL=46329.87
Fri Mar 07 08:00:00 GMT+00:00 2014 BUY: 109 shares of AGIO cost-basis=45.5 for $4954.05 CASH-BAL=41368.82
Mon Mar 10 08:00:00 GMT+00:00 2014 StopLoss-ScaledSoftStop SELL: ($42.622)188 @$40.6 shares of SALE for -4.0
Mon Mar 10 08:00:00 GMT+00:00 2014 SELL SALE x188 for $7632.8 CASH-BAL=48994.62
Tue Mar 11 08:00:00 GMT+00:00 2014 StopLoss-SoftStop SELL: (-5.62%)109 shares of AGIO for -5.62
Tue Mar 11 08:00:00 GMT+00:00 2014 SELL AGIO x109 for $4682.64 CASH-BAL=53670.26
Tue Mar 11 08:00:00 GMT+00:00 2014 BUY: 99 shares of EMES cost-basis=50.1 for $4959.9 CASH-BAL=48703.36
Thu Mar 13 08:00:00 GMT+00:00 2014 StopLoss-SoftStop SELL: (-6.17%)61 shares of FLS for -6.17
Thu Mar 13 08:00:00 GMT+00:00 2014 SELL FLS x61 for $4620.14 CASH-BAL=53316.5
Fri Mar 14 08:00:00 GMT+00:00 2014 BUY: 106 shares of MFRM cost-basis=47.0 for $4980.94 CASH-BAL=48328.56
Tue Mar 18 08:00:00 GMT+00:00 2014 BUY: 21 shares of LVNTA cost-basis=132 for $2988.51 CASH-BAL=45333.05
Tue Mar 18 08:00:00 GMT+00:00 2014 BUY: 49 shares of RARE cost-basis=56.5 for $2961.56 CASH-BAL=42364.49
Fri Mar 21 08:00:00 GMT+00:00 2014 StopLoss-ScaledSoftStop SELL: ($57.065)140 @$55.05 shares of RARE for -2.75
Fri Mar 21 08:00:00 GMT+00:00 2014 SELL RARE x140 for $7707.0 CASH-BAL=50064.49
Fri Mar 21 08:00:00 GMT+00:00 2014 BUY: 45 shares of GMT cost-basis=59.7 for $2970.0 CASH-BAL=47087.49
Mon Mar 24 08:00:00 GMT+00:00 2014Market-Uptrend-Sell 20EMA: (-2.54%)60 shares of LVNTA for 2.8
Mon Mar 24 08:00:00 GMT+00:00 2014 SELL LVNTA x60 for $8143.8 CASH-BAL=55224.29
Wed Mar 26 08:00:00 GMT+00:00 2014 StopLoss-SoftStop SELL: (-6.46%)79 shares of HEI for -6.46
Wed Mar 26 08:00:00 GMT+00:00 2014 SELL HEI x79 for $4640.46 CASH-BAL=59857.75
Thu Mar 27 08:00:00 GMT+00:00 2014Market-Downtrend-Sell 50EDMA: (-4.94%)116 shares of AYI for 50.8
Thu Mar 27 08:00:00 GMT+00:00 2014 SELL AYI x116 for $14865.4 CASH-BAL=74716.15
Wed Apr 09 08:00:00 GMT+00:00 2014Market-Downtrend-Sell 50EDMA: (-2.0%)503 shares of GMED for 22.9
Wed Apr 09 08:00:00 GMT+00:00 2014 SELL GMED x503 for $12248.05 CASH-BAL=86957.2
Thu Apr 10 08:00:00 GMT+00:00 2014Market-Downtrend-Sell 20EMA: (-1.93%)106 shares of MFRM for -2.52
Thu Apr 10 08:00:00 GMT+00:00 2014Market-Downtrend-Sell 20EMA: (-2.4%)160 shares of STRZA for 0.855
Thu Apr 10 08:00:00 GMT+00:00 2014 SELL MFRM x106 for $4862.22 CASH-BAL=91812.42
Thu Apr 10 08:00:00 GMT+00:00 2014 SELL STRZA x160 for $5033.6 CASH-BAL=96839.02
Fri Apr 11 08:00:00 GMT+00:00 2014Market-Downtrend-Sell 20EMA: (-1.6%)133 shares of GMT for 9.03
Fri Apr 11 08:00:00 GMT+00:00 2014 SELL GMT x133 for $8670.27 CASH-BAL=105502.29
Tue Apr 15 08:00:00 GMT+00:00 2014 BUY: 80 shares of BCPC cost-basis=62.3 for $4982.4 CASH-BAL=100512.89
Thu Apr 17 08:00:00 GMT+00:00 2014 BUY: 47 shares of WSO cost-basis=104 for $4896.46 CASH-BAL=95609.43
Mon Apr 21 08:00:00 GMT+00:00 2014 BUY: 72 shares of AZN cost-basis=69.1 for $4975.2 CASH-BAL=90627.23
Tue Apr 22 08:00:00 GMT+00:00 2014Market-Downtrend-Sell -3%: (-3.38%)72 shares of AZN for -3.38
Tue Apr 22 08:00:00 GMT+00:00 2014 SELL AZN x72 for $4813.92 CASH-BAL=95434.15
Thu May 01 08:00:00 GMT+00:00 2014 BUY: 46 shares of KEX cost-basis=108 for $4960.64 CASH-BAL=90466.51
Tue May 06 08:00:00 GMT+00:00 2014 StopLoss-HardStop SELL: (-7.01%)80 shares of BCPC for -7.01
Tue May 06 08:00:00 GMT+00:00 2014 SELL BCPC x80 for $4640.0 CASH-BAL=95099.51
Wed May 14 08:00:00 GMT+00:00 2014Market-Downtrend-Sell -3%: (-3.49%)47 shares of WSO for -3.49
Wed May 14 08:00:00 GMT+00:00 2014 SELL WSO x47 for $4732.43 CASH-BAL=99824.94
Wed May 28 08:00:00 GMT+00:00 2014 BUY: 170 shares of CAL cost-basis=29.3 for $4981.0 CASH-BAL=94836.94
Mon Jun 02 08:00:00 GMT+00:00 2014 StopLoss-SoftStop SELL: (-5.16%)170 shares of CAL for -5.16
Mon Jun 02 08:00:00 GMT+00:00 2014 SELL CAL x170 for $4731.1 CASH-BAL=99561.04
Mon Jun 09 08:00:00 GMT+00:00 2014 BUY: 227 shares of MTSI cost-basis=22.0 for $4991.73 CASH-BAL=94562.31
Wed Jun 11 08:00:00 GMT+00:00 2014 BUY: 26 shares of KEX cost-basis=110 for $2965.04 CASH-BAL=91590.27
Wed Jun 11 08:00:00 GMT+00:00 2014 BUY: 74 shares of LNG cost-basis=66.6 for $4926.92 CASH-BAL=86656.35
Wed Jun 11 08:00:00 GMT+00:00 2014 BUY: 19 shares of FCNCA cost-basis=252 for $4786.29 CASH-BAL=81863.06
Fri Jun 13 08:00:00 GMT+00:00 2014 BUY: 29 shares of EMES cost-basis=61.8 for $2956.55 CASH-BAL=78899.51
Tue Jun 17 08:00:00 GMT+00:00 2014 BUY: 83 shares of JWA cost-basis=60.1 for $4988.3 CASH-BAL=73904.21
Thu Jun 19 08:00:00 GMT+00:00 2014 BUY: 167 shares of GLOG cost-basis=29.9 for $4989.96 CASH-BAL=68907.25
Thu Jun 19 08:00:00 GMT+00:00 2014 BUY: 90 shares of FNV cost-basis=55.5 for $4992.3 CASH-BAL=63907.95
Thu Jun 19 08:00:00 GMT+00:00 2014 BUY: 195 shares of TAHO cost-basis=25.5 for $4970.55 CASH-BAL=58930.4
Fri Jun 20 08:00:00 GMT+00:00 2014Market-Uptrend-Sell 20EMA: (-2.55%)128 shares of EMES for 58.8
Fri Jun 20 08:00:00 GMT+00:00 2014 SELL EMES x128 for $12582.4 CASH-BAL=71505.8
Fri Jun 20 08:00:00 GMT+00:00 2014 BUY: 134 shares of GMLP cost-basis=37.1 for $4968.72 CASH-BAL=66530.08
Fri Jun 20 08:00:00 GMT+00:00 2014 BUY: 150 shares of KS cost-basis=33.2 for $4981.5 CASH-BAL=61541.58
Wed Jun 25 08:00:00 GMT+00:00 2014 Selling due to underperformance: FCNCA
Wed Jun 25 08:00:00 GMT+00:00 2014 SELL FCNCA x19 for $4740.5 CASH-BAL=66275.08
Wed Jun 25 08:00:00 GMT+00:00 2014 BUY: 162 shares of TGNA cost-basis=30.7 for $4968.54 CASH-BAL=61299.54
Tue Jul 01 08:00:00 GMT+00:00 2014 Selling due to underperformance: GMLP
Tue Jul 01 08:00:00 GMT+00:00 2014 SELL GMLP x134 for $4891.0 CASH-BAL=66183.54
Tue Jul 01 08:00:00 GMT+00:00 2014 BUY: 65 shares of ANET cost-basis=76.0 for $4940.0 CASH-BAL=61236.54
Thu Jul 03 08:00:00 GMT+00:00 2014 Selling due to underperformance: KS
Thu Jul 03 08:00:00 GMT+00:00 2014 SELL KS x150 for $4897.5 CASH-BAL=66127.04
Thu Jul 03 08:00:00 GMT+00:00 2014 BUY: 86 shares of CNL cost-basis=58.0 for $4987.14 CASH-BAL=61132.9
Mon Jul 07 08:00:00 GMT+00:00 2014 StopLoss-SoftStop SELL: (-5.66%)167 shares of GLOG for -5.66
Mon Jul 07 08:00:00 GMT+00:00 2014 StopLoss-SoftStop SELL: (-5.18%)65 shares of ANET for -5.18
Mon Jul 07 08:00:00 GMT+00:00 2014 SELL GLOG x167 for $4714.41 CASH-BAL=65840.31
Mon Jul 07 08:00:00 GMT+00:00 2014 SELL ANET x65 for $4691.05 CASH-BAL=70524.36
Tue Jul 08 08:00:00 GMT+00:00 2014Market-Uptrend-Sell 20EMA: (-3.89%)227 shares of MTSI for -4.51
Tue Jul 08 08:00:00 GMT+00:00 2014 SELL MTSI x227 for $4773.81 CASH-BAL=75291.17
Wed Jul 09 08:00:00 GMT+00:00 2014 BUY: 708 shares of PZE cost-basis=7.05 for $4991.4 CASH-BAL=70292.77
Mon Jul 14 08:00:00 GMT+00:00 2014 BUY: 41 shares of LNG cost-basis=68.5 for $2952.0 CASH-BAL=67333.77
Wed Jul 16 08:00:00 GMT+00:00 2014 BUY: 16 shares of KEX cost-basis=111 for $1885.76 CASH-BAL=65441.01
Thu Jul 17 08:00:00 GMT+00:00 2014 StopLoss-SoftStop SELL: (-5.81%)708 shares of PZE for -5.81
Thu Jul 17 08:00:00 GMT+00:00 2014 SELL PZE x708 for $4708.2 CASH-BAL=70142.21
Thu Jul 17 08:00:00 GMT+00:00 2014Market-CautiousUp-Sell -3%: (-3.38%)86 shares of CNL for -3.38
Thu Jul 17 08:00:00 GMT+00:00 2014 SELL CNL x86 for $4825.46 CASH-BAL=74960.67
Thu Jul 24 08:00:00 GMT+00:00 2014 BUY: 167 shares of JMEI cost-basis=29.9 for $4986.62 CASH-BAL=69967.05
Fri Jul 25 08:00:00 GMT+00:00 2014 BUY: 111 shares of TAHO cost-basis=26.0 for $2985.9 CASH-BAL=66974.15
Tue Jul 29 08:00:00 GMT+00:00 2014 BUY: 26 shares of LNG cost-basis=69.6 for $1935.96 CASH-BAL=65031.19
Thu Jul 31 08:00:00 GMT+00:00 2014 StopLoss-ScaledSoftStop SELL: ($70.992)141 @$70.76 shares of LNG for 1.44
Thu Jul 31 08:00:00 GMT+00:00 2014 SELL LNG x141 for $9977.16 CASH-BAL=75001.35
Thu Aug 07 08:00:00 GMT+00:00 2014Market-Downtrend-Sell 20EMA: (-2.0%)83 shares of JWA for -2.07
Thu Aug 07 08:00:00 GMT+00:00 2014Market-Downtrend-Sell 20EMA: (-1.68%)88 shares of KEX for 2.89
Thu Aug 07 08:00:00 GMT+00:00 2014 SELL JWA x83 for $4892.02 CASH-BAL=79886.37
Thu Aug 07 08:00:00 GMT+00:00 2014 SELL KEX x88 for $10115.6 CASH-BAL=89994.97
Thu Aug 07 08:00:00 GMT+00:00 2014 BUY: 168 shares of LEAF cost-basis=29.7 for $4981.2 CASH-BAL=85006.77
Thu Aug 14 08:00:00 GMT+00:00 2014 StopLoss-ScaledSoftStop SELL: ($26.26)306 @$26.06 shares of TAHO for 0.0491
Thu Aug 14 08:00:00 GMT+00:00 2014 SELL TAHO x306 for $7974.36 CASH-BAL=92974.13
Thu Aug 14 08:00:00 GMT+00:00 2014 BUY: 87 shares of TGNA cost-basis=31.9 for $2962.35 CASH-BAL=90004.78
Mon Aug 18 08:00:00 GMT+00:00 2014 BUY: 51 shares of FNV cost-basis=56.6 for $2985.54 CASH-BAL=87012.24
Wed Aug 20 08:00:00 GMT+00:00 2014Market-Uptrend-Sell 20EMA: (-2.06%)167 shares of JMEI for 6.59
Wed Aug 20 08:00:00 GMT+00:00 2014 SELL JMEI x167 for $5322.29 CASH-BAL=92327.53
Thu Aug 21 08:00:00 GMT+00:00 2014 StopLoss-ScaledSoftStop SELL: ($57.166000000000004)141 @$55.43 shares of FNV for -2.21
Thu Aug 21 08:00:00 GMT+00:00 2014 SELL FNV x141 for $7815.63 CASH-BAL=100136.16
Thu Aug 28 08:00:00 GMT+00:00 2014 BUY: 42 shares of SIG cost-basis=116 for $4887.54 CASH-BAL=95241.62
Fri Aug 29 08:00:00 GMT+00:00 2014 BUY: 96 shares of GPRO cost-basis=51.8 for $4972.8 CASH-BAL=90261.82
Tue Sep 02 08:00:00 GMT+00:00 2014 BUY: 53 shares of NVS cost-basis=93.7 for $4966.63 CASH-BAL=85288.19
Thu Sep 04 08:00:00 GMT+00:00 2014 BUY: 125 shares of MEI cost-basis=39.7 for $4965.0 CASH-BAL=80316.19
Tue Sep 09 08:00:00 GMT+00:00 2014Market-Uptrend-Sell 20EMA: (-3.58%)249 shares of TGNA for 1.48
Tue Sep 09 08:00:00 GMT+00:00 2014 SELL TGNA x249 for $8062.62 CASH-BAL=88371.81
Wed Sep 10 08:00:00 GMT+00:00 2014 BUY: 230 shares of HQY cost-basis=21.6 for $4972.6 CASH-BAL=83392.21
Tue Sep 16 08:00:00 GMT+00:00 2014 StopLoss-HardStop SELL: (-7.17%)230 shares of HQY for -7.17
Tue Sep 16 08:00:00 GMT+00:00 2014 SELL HQY x230 for $4623.0 CASH-BAL=88008.21
Wed Sep 17 08:00:00 GMT+00:00 2014 BUY: 88 shares of LEAF cost-basis=31.0 for $2962.08 CASH-BAL=85039.13
Mon Sep 22 08:00:00 GMT+00:00 2014Market-Uptrend-Sell 20EMA: (-2.09%)256 shares of LEAF for 4.63
Mon Sep 22 08:00:00 GMT+00:00 2014 SELL LEAF x256 for $8325.12 CASH-BAL=93357.25
Mon Sep 22 08:00:00 GMT+00:00 2014 BUY: 51 shares of CLX cost-basis=97.2 for $4958.73 CASH-BAL=88391.52
Tue Sep 23 08:00:00 GMT+00:00 2014 BUY: 116 shares of LE cost-basis=42.7 for $4956.68 CASH-BAL=83427.84
Thu Sep 25 08:00:00 GMT+00:00 2014Market-Downtrend-Sell -3%: (-4.37%)125 shares of MEI for -4.37
Thu Sep 25 08:00:00 GMT+00:00 2014 SELL MEI x125 for $4755.0 CASH-BAL=88175.84
Fri Sep 26 08:00:00 GMT+00:00 2014 BUY: 300 shares of EIGI cost-basis=16.6 for $4977.0 CASH-BAL=83191.84
Mon Sep 29 08:00:00 GMT+00:00 2014 Selling due to underperformance: SIG
Mon Sep 29 08:00:00 GMT+00:00 2014 SELL SIG x42 for $4815.3 CASH-BAL=88000.14
Mon Sep 29 08:00:00 GMT+00:00 2014 BUY: 251 shares of MYCC cost-basis=19.9 for $4982.35 CASH-BAL=83010.79
Tue Sep 30 08:00:00 GMT+00:00 2014Market-Downtrend-Sell -3%: (-3.91%)116 shares of LE for -3.91
Tue Sep 30 08:00:00 GMT+00:00 2014 SELL LE x116 for $4769.92 CASH-BAL=87773.71
Wed Oct 01 08:00:00 GMT+00:00 2014Market-Downtrend-Sell -3%: (-4.06%)300 shares of EIGI for -4.06
Wed Oct 01 08:00:00 GMT+00:00 2014Market-Downtrend-Sell -3%: (-3.42%)251 shares of MYCC for -3.42
Wed Oct 01 08:00:00 GMT+00:00 2014 SELL EIGI x300 for $4782.0 CASH-BAL=92548.71
Wed Oct 01 08:00:00 GMT+00:00 2014 SELL MYCC x251 for $4819.2 CASH-BAL=97360.91
Fri Oct 03 08:00:00 GMT+00:00 2014 BUY: 65 shares of GPN cost-basis=76.3 for $4960.8 CASH-BAL=92393.11
Mon Oct 06 08:00:00 GMT+00:00 2014 BUY: 39 shares of BDX cost-basis=125 for $4874.22 CASH-BAL=87511.89
Tue Oct 07 08:00:00 GMT+00:00 2014Market-Downtrend-Sell 20EMA: (-3.21%)53 shares of NVS for -4.39
Tue Oct 07 08:00:00 GMT+00:00 2014 SELL NVS x53 for $4755.69 CASH-BAL=92260.58
Thu Oct 09 08:00:00 GMT+00:00 2014Market-Downtrend-Sell -3%: (-3.22%)65 shares of GPN for -3.22
Thu Oct 09 08:00:00 GMT+00:00 2014 SELL GPN x65 for $4808.05 CASH-BAL=97061.63
Mon Oct 13 08:00:00 GMT+00:00 2014 BUY: 128 shares of CMN cost-basis=38.9 for $4974.08 CASH-BAL=92080.55
Tue Oct 14 08:00:00 GMT+00:00 2014 BUY: 146 shares of AVA cost-basis=34.0 for $4968.38 CASH-BAL=87105.17
Thu Oct 16 08:00:00 GMT+00:00 2014Market-Downtrend-Sell -3%: (-3.5%)39 shares of BDX for -3.5
Thu Oct 16 08:00:00 GMT+00:00 2014Market-Downtrend-Sell -3%: (-4.21%)128 shares of CMN for -4.21
Thu Oct 16 08:00:00 GMT+00:00 2014 SELL BDX x39 for $4710.42 CASH-BAL=91808.59
Thu Oct 16 08:00:00 GMT+00:00 2014 SELL CMN x128 for $4771.84 CASH-BAL=96573.43
Fri Oct 17 08:00:00 GMT+00:00 2014 BUY: 268 shares of NAVI cost-basis=18.6 for $4987.48 CASH-BAL=91578.95
Tue Oct 21 08:00:00 GMT+00:00 2014 BUY: 120 shares of AKRX cost-basis=41.3 for $4954.8 CASH-BAL=86617.15
Mon Oct 27 08:00:00 GMT+00:00 2014Market-CautiousUp-Sell 50EMA: (-5.9%)96 shares of GPRO for 25.2
Mon Oct 27 08:00:00 GMT+00:00 2014 SELL GPRO x96 for $6231.36 CASH-BAL=92841.51
Mon Oct 27 08:00:00 GMT+00:00 2014 BUY: 106 shares of EPAM cost-basis=46.9 for $4972.46 CASH-BAL=87862.05
Thu Oct 30 08:00:00 GMT+00:00 2014 BUY: 84 shares of BMY cost-basis=59.0 for $4954.32 CASH-BAL=82900.73
Thu Oct 30 08:00:00 GMT+00:00 2014 BUY: 176 shares of BIN cost-basis=28.3 for $4972.0 CASH-BAL=77921.73
Thu Oct 30 08:00:00 GMT+00:00 2014 BUY: 60 shares of CACI cost-basis=82.1 for $4923.0 CASH-BAL=72991.73
Fri Oct 31 08:00:00 GMT+00:00 2014 BUY: 33 shares of FLT cost-basis=151 for $4968.48 CASH-BAL=68016.25
Thu Nov 06 08:00:00 GMT+00:00 2014 StopLoss-HardStop SELL: (-8.4%)120 shares of AKRX for -8.4
Thu Nov 06 08:00:00 GMT+00:00 2014 SELL AKRX x120 for $4545.6 CASH-BAL=72554.85
Wed Nov 12 08:00:00 GMT+00:00 2014 BUY: 66 shares of MSG cost-basis=74.7 for $4932.84 CASH-BAL=67615.01
Fri Nov 14 08:00:00 GMT+00:00 2014Market-Uptrend-Sell 20EMA: (-2.59%)146 shares of AVA for -1.82
Fri Nov 14 08:00:00 GMT+00:00 2014 SELL AVA x146 for $4885.16 CASH-BAL=72493.17
Wed Nov 19 08:00:00 GMT+00:00 2014 BUY: 94 shares of ENV cost-basis=52.6 for $4942.52 CASH-BAL=67543.65
Fri Nov 21 08:00:00 GMT+00:00 2014 BUY: 98 shares of BIN cost-basis=29.0 for $2965.48 CASH-BAL=64571.17
Fri Nov 21 08:00:00 GMT+00:00 2014 BUY: 136 shares of SWIR cost-basis=36.6 for $4980.32 CASH-BAL=59583.85
Fri Nov 28 08:00:00 GMT+00:00 2014 BUY: 142 shares of NAVI cost-basis=19.4 for $2976.32 CASH-BAL=56600.53
Mon Dec 01 08:00:00 GMT+00:00 2014 StopLoss-SoftStop SELL: (-5.9%)94 shares of ENV for -5.9
Mon Dec 01 08:00:00 GMT+00:00 2014 SELL ENV x94 for $4657.7 CASH-BAL=61251.23
Tue Dec 02 08:00:00 GMT+00:00 2014 BUY: 59 shares of EPAM cost-basis=48.0 for $2952.95 CASH-BAL=58291.28
Wed Dec 10 08:00:00 GMT+00:00 2014Market-CautiousUp-Sell -3%: (-4.56%)33 shares of FLT for -4.56
Wed Dec 10 08:00:00 GMT+00:00 2014Market-CautiousUp-Sell -3%: (-3.53%)66 shares of MSG for -3.53
Wed Dec 10 08:00:00 GMT+00:00 2014 SELL FLT x33 for $4748.7 CASH-BAL=63032.98
Wed Dec 10 08:00:00 GMT+00:00 2014 SELL MSG x66 for $4765.86 CASH-BAL=67791.84
Tue Dec 16 08:00:00 GMT+00:00 2014 StopLoss-ScaledSoftStop SELL: ($48.480000000000004)165 @$46.24 shares of EPAM for -3.91
Tue Dec 16 08:00:00 GMT+00:00 2014 SELL EPAM x165 for $7629.6 CASH-BAL=75414.44
Tue Dec 16 08:00:00 GMT+00:00 2014Market-Downtrend-Sell 20EMA: (-1.79%)84 shares of BMY for -2.33
Tue Dec 16 08:00:00 GMT+00:00 2014Market-Downtrend-Sell 20EMA: (-3.56%)60 shares of CACI for 1.45
Tue Dec 16 08:00:00 GMT+00:00 2014 SELL BMY x84 for $4845.96 CASH-BAL=80253.4
Tue Dec 16 08:00:00 GMT+00:00 2014 SELL CACI x60 for $5001.6 CASH-BAL=85248.0
Wed Dec 17 08:00:00 GMT+00:00 2014 BUY: 182 shares of FGEN cost-basis=27.4 for $4983.16 CASH-BAL=80257.84
Thu Dec 18 08:00:00 GMT+00:00 2014 BUY: 78 shares of KRFT cost-basis=63.4 for $4943.64 CASH-BAL=75307.2
Wed Dec 24 08:00:00 GMT+00:00 2014 BUY: 121 shares of VA cost-basis=41.0 for $4961.0 CASH-BAL=70339.2
Tue Dec 30 08:00:00 GMT+00:00 2014 BUY: 90 shares of NAVI cost-basis=19.9 for $1978.65 CASH-BAL=68353.55
Mon Jan 05 08:00:00 GMT+00:00 2015Market-Downtrend-Sell 20EMA: (-2.03%)500 shares of NAVI for 5.9
Mon Jan 05 08:00:00 GMT+00:00 2015 SELL NAVI x500 for $10550.0 CASH-BAL=78896.55
Mon Jan 05 08:00:00 GMT+00:00 2015 BUY: 28 shares of CLX cost-basis=99.6 for $2908.92 CASH-BAL=75980.63
Wed Jan 07 08:00:00 GMT+00:00 2015Market-Downtrend-Sell -3%: (-3.19%)121 shares of VA for -3.19
Wed Jan 07 08:00:00 GMT+00:00 2015 SELL VA x121 for $4809.75 CASH-BAL=80783.38
Mon Jan 12 08:00:00 GMT+00:00 2015 StopLoss-ScaledSoftStop SELL: ($29.29)274 @$28.85 shares of BIN for -0.587
Mon Jan 12 08:00:00 GMT+00:00 2015 SELL BIN x274 for $7904.9 CASH-BAL=88681.28
Fri Jan 16 08:00:00 GMT+00:00 2015Market-Downtrend-Sell 20EMA: (-7.94%)136 shares of SWIR for 9.28
Fri Jan 16 08:00:00 GMT+00:00 2015 SELL SWIR x136 for $5449.52 CASH-BAL=94123.8
Thu Jan 22 08:00:00 GMT+00:00 2015 BUY: 64 shares of HELE cost-basis=77.5 for $4961.92 CASH-BAL=89154.88
Thu Jan 22 08:00:00 GMT+00:00 2015 BUY: 46 shares of AGU cost-basis=107 for $4931.2 CASH-BAL=84216.68
Fri Jan 23 08:00:00 GMT+00:00 2015Market-Uptrend-Sell 20EMA: (-6.57%)182 shares of FGEN for 7.16
Fri Jan 23 08:00:00 GMT+00:00 2015 SELL FGEN x182 for $5347.16 CASH-BAL=89556.84
Fri Jan 23 08:00:00 GMT+00:00 2015 BUY: 56 shares of SBUX cost-basis=88.2 for $4940.32 CASH-BAL=84609.52
Wed Jan 28 08:00:00 GMT+00:00 2015 BUY: 317 shares of KLIC cost-basis=15.8 for $4992.75 CASH-BAL=79609.77
Fri Jan 30 08:00:00 GMT+00:00 2015Market-Downtrend-Sell -3%: (-3.12%)64 shares of HELE for -3.12
Fri Jan 30 08:00:00 GMT+00:00 2015Market-Downtrend-Sell -3%: (-3.82%)317 shares of KLIC for -3.82
Fri Jan 30 08:00:00 GMT+00:00 2015 SELL HELE x64 for $4814.08 CASH-BAL=84416.85
Fri Jan 30 08:00:00 GMT+00:00 2015 SELL KLIC x317 for $4808.89 CASH-BAL=89218.74
Mon Feb 02 08:00:00 GMT+00:00 2015 BUY: 18 shares of CLX cost-basis=101 for $1940.94 CASH-BAL=87270.8
Thu Feb 05 08:00:00 GMT+00:00 2015 BUY: 69 shares of BLL cost-basis=72.0 for $4970.07 CASH-BAL=82293.73
Mon Feb 09 08:00:00 GMT+00:00 2015 BUY: 83 shares of HAS cost-basis=59.7 for $4951.78 CASH-BAL=77334.95
Tue Feb 10 08:00:00 GMT+00:00 2015 BUY: 44 shares of KRFT cost-basis=64.6 for $2943.16 CASH-BAL=74384.79
Tue Feb 10 08:00:00 GMT+00:00 2015 BUY: 110 shares of SEE cost-basis=45.3 for $4979.7 CASH-BAL=69398.09
Wed Feb 11 08:00:00 GMT+00:00 2015 StopLoss-ScaledSoftStop SELL: ($65.246)122 @$65.07 shares of KRFT for 0.479
Wed Feb 11 08:00:00 GMT+00:00 2015 SELL KRFT x122 for $7938.54 CASH-BAL=77329.63
Wed Feb 11 08:00:00 GMT+00:00 2015 BUY: 204 shares of SCI cost-basis=24.4 for $4975.56 CASH-BAL=72347.07
Fri Feb 13 08:00:00 GMT+00:00 2015 BUY: 256 shares of EIGI cost-basis=19.5 for $4989.44 CASH-BAL=67350.63
Tue Feb 17 08:00:00 GMT+00:00 2015 BUY: 68 shares of CBPO cost-basis=73.2 for $4979.64 CASH-BAL=62363.99
Tue Feb 17 08:00:00 GMT+00:00 2015 BUY: 81 shares of LCI cost-basis=61.2 for $4959.63 CASH-BAL=57397.36
Mon Feb 23 08:00:00 GMT+00:00 2015 Selling due to underperformance: EIGI
Mon Feb 23 08:00:00 GMT+00:00 2015 SELL EIGI x256 for $4887.04 CASH-BAL=62277.4
Mon Feb 23 08:00:00 GMT+00:00 2015 BUY: 350 shares of NRZ cost-basis=14.3 for $4987.5 CASH-BAL=57282.9
Mon Mar 02 08:00:00 GMT+00:00 2015 BUY: 31 shares of SBUX cost-basis=90.4 for $2920.975 CASH-BAL=54354.925
Wed Mar 04 08:00:00 GMT+00:00 2015 Selling due to underperformance: BLL
Wed Mar 04 08:00:00 GMT+00:00 2015 SELL BLL x69 for $4919.7 CASH-BAL=59267.625
Wed Mar 04 08:00:00 GMT+00:00 2015 BUY: 76 shares of BMY cost-basis=65.7 for $4990.92 CASH-BAL=54269.705
Mon Mar 16 08:00:00 GMT+00:00 2015 BUY: 199 shares of NRZ cost-basis=14.5 for $2985.0 CASH-BAL=51277.705
Thu Mar 19 08:00:00 GMT+00:00 2015Market-Uptrend-Sell 20EMA: (-3.31%)46 shares of AGU for -0.375
Thu Mar 19 08:00:00 GMT+00:00 2015 SELL AGU x46 for $4919.7 CASH-BAL=56190.405
Wed Mar 25 08:00:00 GMT+00:00 2015 BUY: 35 shares of EW cost-basis=142 for $4978.75 CASH-BAL=51204.655
Thu Mar 26 08:00:00 GMT+00:00 2015 BUY: 45 shares of LCI cost-basis=62.9 for $2962.35 CASH-BAL=48235.305
Thu Mar 26 08:00:00 GMT+00:00 2015 Selling due to underperformance: SEE
Thu Mar 26 08:00:00 GMT+00:00 2015 SELL SEE x110 for $4955.5 CASH-BAL=53183.805
Thu Mar 26 08:00:00 GMT+00:00 2015 BUY: 280 shares of SFS cost-basis=17.8 for $4975.6 CASH-BAL=48201.205
Thu Mar 26 08:00:00 GMT+00:00 2015 Selling due to underperformance: BMY
Thu Mar 26 08:00:00 GMT+00:00 2015 SELL BMY x76 for $4940.0 CASH-BAL=53134.205
Thu Mar 26 08:00:00 GMT+00:00 2015 BUY: 36 shares of SIG cost-basis=135 for $4860.0 CASH-BAL=48267.205
Wed Apr 01 08:00:00 GMT+00:00 2015 BUY: 114 shares of SCI cost-basis=25.1 for $2992.5 CASH-BAL=45267.705
Thu Apr 09 08:00:00 GMT+00:00 2015 SBUX: Applying split factor of: 2.0
Fri Apr 10 08:00:00 GMT+00:00 2015 Selling due to underperformance: EW
Fri Apr 10 08:00:00 GMT+00:00 2015 SELL EW x35 for $4958.8 CASH-BAL=50219.505
Fri Apr 10 08:00:00 GMT+00:00 2015 BUY: 175 shares of GE cost-basis=28.5 for $4989.25 CASH-BAL=45223.255
Tue Apr 14 08:00:00 GMT+00:00 2015 BUY: 46 shares of HAS cost-basis=61.4 for $2966.08 CASH-BAL=42250.175
Wed Apr 15 08:00:00 GMT+00:00 2015 BUY: 73 shares of SCI cost-basis=25.4 for $1969.54 CASH-BAL=40273.635
Fri Apr 17 08:00:00 GMT+00:00 2015Market-Uptrend-Sell 20EMA: (-3.7%)126 shares of LCI for 3.03
Fri Apr 17 08:00:00 GMT+00:00 2015 SELL LCI x126 for $8176.14 CASH-BAL=48442.775
Tue Apr 21 08:00:00 GMT+00:00 2015 StopLoss-SoftStop SELL: (-6.77%)175 shares of GE for -6.77
Tue Apr 21 08:00:00 GMT+00:00 2015 SELL GE x175 for $4658.5 CASH-BAL=53094.275
Tue Apr 21 08:00:00 GMT+00:00 2015 BUY: 41 shares of SBUX cost-basis=45.8 for $1983.17 CASH-BAL=51104.105
Mon Apr 27 08:00:00 GMT+00:00 2015Market-Uptrend-Sell 20EMA: (-2.06%)280 shares of SFS for -0.478
Mon Apr 27 08:00:00 GMT+00:00 2015 SELL SFS x280 for $4958.8 CASH-BAL=56055.905
Tue Apr 28 08:00:00 GMT+00:00 2015 BUY: 179 shares of HQY cost-basis=27.8 for $4969.04 CASH-BAL=51079.865
Wed Apr 29 08:00:00 GMT+00:00 2015 BUY: 102 shares of XPO cost-basis=48.8 for $4980.66 CASH-BAL=46092.205
Thu Apr 30 08:00:00 GMT+00:00 2015 StopLoss-SoftStop SELL: (-5.72%)179 shares of HQY for -5.72
Thu Apr 30 08:00:00 GMT+00:00 2015 SELL HQY x179 for $4691.59 CASH-BAL=50776.795
Thu Apr 30 08:00:00 GMT+00:00 2015Market-Uptrend-Sell 20EMA: (-2.64%)97 shares of CLX for 4.71
Thu Apr 30 08:00:00 GMT+00:00 2015 SELL CLX x97 for $10291.7 CASH-BAL=61061.495
Thu Apr 30 08:00:00 GMT+00:00 2015 BUY: 28 shares of HAS cost-basis=63.1 for $1982.12 CASH-BAL=59072.375
Thu Apr 30 08:00:00 GMT+00:00 2015 BUY: 208 shares of AVG cost-basis=23.9 for $4975.36 CASH-BAL=54090.015
Fri May 01 08:00:00 GMT+00:00 2015 BUY: 30 shares of CBPO cost-basis=80.9 for $2946.0 CASH-BAL=51137.015
Fri May 01 08:00:00 GMT+00:00 2015 BUY: 92 shares of BFAM cost-basis=54.1 for $4972.6 CASH-BAL=46157.415
Mon May 04 08:00:00 GMT+00:00 2015 BUY: 115 shares of NRZ cost-basis=15.0 for $1976.85 CASH-BAL=44173.565
Tue May 05 08:00:00 GMT+00:00 2015 BUY: 129 shares of CLGX cost-basis=38.7 for $4992.3 CASH-BAL=39174.265
Tue May 12 08:00:00 GMT+00:00 2015 Selling due to underperformance: BFAM
Tue May 12 08:00:00 GMT+00:00 2015 SELL BFAM x92 for $4861.28 CASH-BAL=44028.545
Tue May 12 08:00:00 GMT+00:00 2015 BUY: 148 shares of IPAR cost-basis=33.7 for $4980.2 CASH-BAL=39041.345
Fri May 15 08:00:00 GMT+00:00 2015 StopLoss-SoftStop SELL: (-5.25%)148 shares of IPAR for -5.25
Fri May 15 08:00:00 GMT+00:00 2015 SELL IPAR x148 for $4725.64 CASH-BAL=43759.985
Wed May 20 08:00:00 GMT+00:00 2015 BUY: 110 shares of TTPH cost-basis=45.3 for $4986.3 CASH-BAL=38766.685
Fri May 22 08:00:00 GMT+00:00 2015 StopLoss-SoftStop SELL: (-5.41%)110 shares of TTPH for -5.41
Fri May 22 08:00:00 GMT+00:00 2015 SELL TTPH x110 for $4723.4 CASH-BAL=43483.085
Wed May 27 08:00:00 GMT+00:00 2015 BUY: 157 shares of AMED cost-basis=31.7 for $4972.19 CASH-BAL=38503.895
Fri May 29 08:00:00 GMT+00:00 2015Market-Uptrend-Sell 20EMA: (-3.7%)36 shares of SIG for -4.34
Fri May 29 08:00:00 GMT+00:00 2015 SELL SIG x36 for $4655.88 CASH-BAL=43152.775
Fri Jun 05 08:00:00 GMT+00:00 2015 BUY: 73 shares of JUNO cost-basis=68.4 for $4990.28 CASH-BAL=38155.495
Mon Jun 08 08:00:00 GMT+00:00 2015Market-Uptrend-Sell 20EMA: (-2.3%)664 shares of NRZ for 10.6
Mon Jun 08 08:00:00 GMT+00:00 2015Market-Uptrend-Sell 20EMA: (-4.77%)98 shares of CBPO for 28.2
Mon Jun 08 08:00:00 GMT+00:00 2015 SELL NRZ x664 for $11029.04 CASH-BAL=49177.535
Mon Jun 08 08:00:00 GMT+00:00 2015 SELL CBPO x98 for $10178.28 CASH-BAL=59348.815
Tue Jun 09 08:00:00 GMT+00:00 2015 StopLoss-HardStop SELL: (-9.24%)73 shares of JUNO for -9.24
Tue Jun 09 08:00:00 GMT+00:00 2015 SELL JUNO x73 for $4536.22 CASH-BAL=63878.035
Tue Jun 09 08:00:00 GMT+00:00 2015 BUY: 96 shares of CMN cost-basis=52.0 for $4992.0 CASH-BAL=58879.035
Fri Jun 12 08:00:00 GMT+00:00 2015Market-Uptrend-Sell 20EMA: (-2.37%)102 shares of XPO for -2.95
Fri Jun 12 08:00:00 GMT+00:00 2015 SELL XPO x102 for $4840.92 CASH-BAL=63712.955
Wed Jun 17 08:00:00 GMT+00:00 2015Market-Uptrend-Sell 20EMA: (-2.83%)129 shares of CLGX for -3.14
Wed Jun 17 08:00:00 GMT+00:00 2015 SELL CLGX x129 for $4842.66 CASH-BAL=68548.615
Wed Jun 17 08:00:00 GMT+00:00 2015 BUY: 96 shares of RDUS cost-basis=51.7 for $4966.08 CASH-BAL=63575.535
Thu Jun 25 08:00:00 GMT+00:00 2015 BUY: 74 shares of AMED cost-basis=34.3 for $2957.04 CASH-BAL=60611.495
Thu Jun 25 08:00:00 GMT+00:00 2015 BUY: 134 shares of W cost-basis=37.2 for $4990.16 CASH-BAL=55614.335
Wed Jul 01 08:00:00 GMT+00:00 2015 BUY: 109 shares of AVG cost-basis=25.1 for $2989.87 CASH-BAL=52617.465

---- Final Portfolio Holdings as of Thu Jul 02 08:21:00 GMT+00:00 2015 ----
null 215 of SBUX with cost basis of 45.8 and pct-chg: 17.5% with % of portfolio weight=9.46%
null 157 of HAS with cost basis of 63.1 and pct-chg: 20.0% with % of portfolio weight=9.71%
null 391 of SCI with cost basis of 25.4 and pct-chg: 15.8% with % of portfolio weight=9.41%
null 317 of AVG with cost basis of 25.1 and pct-chg: 9.08% with % of portfolio weight=7.11%
null 231 of AMED with cost basis of 34.3 and pct-chg: 18.2% with % of portfolio weight=7.66%
null 96 of CMN with cost basis of 52.0 and pct-chg: 2.69% with % of portfolio weight=4.19%
null 96 of RDUS with cost basis of 51.7 and pct-chg: 29.3% with % of portfolio weight=5.25%
null 134 of W with cost basis of 37.2 and pct-chg: 1.85% with % of portfolio weight=4.16%

Total Invested Amount = 69632.7 with % of portfolio weight=57.0%
Cash Bal = 52617.465 with % of portfolio weight=43.0%
Net Value = 122250.165

---- Run stats ----
Start-Date: Tue Jan 01 08:00:00 GMT+00:00 2013
End-Date: Thu Jul 02 08:21:00 GMT+00:00 2015
Total Trading days: 913
Net Gain/Loss = 22250.165
Pct Chg = 22.3%
