Fri Jan 02 08:00:00 GMT+00:00 2015: Bases processed : GPX-W, ABM-W, SJI-W, DDS-W, BIO-W, SYNL-W, GAS-W, ASMI-D, ASMI-W, CTWS-W, GFI-D, QDEL-W, AN-W, UAM-W, ONB-W, HCSG-W, SBCF-W, TPHS-D, TPHS-W, ASYS-D, FULT-W, MBVT-W, MVF-D, MVF-W, HALL-W, DJCO-W, SKYW-W, SUBK-W, DNP-W, DMF-W, MHF-W, DV-W, GSBC-W, NIO-W, NBTB-W, NQS-D, NQS-W, SYBT-W, BYD-W, ALLB-W, RWT-W, DVA-W, SASR-W, TDF-W, MIG-W, MFL-W, ALV-W, AXTI-W, REIS-W, BSRR-W, MUE-D, MUE-W, GBL-W, MMV-W, EMI-W, PFSW-W, INAP-W, FCBC-W, HOFT-D, HOFT-W, CHFN-W, PWOD-W, EBTC-W, PFBC-W, BLJ-W, HEOP-W, ISBC-W, SNX-W, PXSG-W, PBIP-W, DRAD-W, MFLX-W, FDL-W, QVCB-W, GFN-W, COWN-D, COWN-W, PEJ-W, PGF-D, PGF-W, APEI-W, TTGT-W, FGB-W, TLO-D, TLO-W, SEP-W, IQNT-W, HI-W, FSFG-W, MTT-W, LTPZ-D, LTPZ-W, CPI-W, SCHA-W, IVOO-W, BBN-W, KRU-W, CJJD-W, IRWD-W, IPHI-W, SBRA-W, BV-W, LOCK-W, ALSN-W, ARGS-W, BOTJ-W, RLGT-D, RLGT-W, NLNK-D, NLNK-W, SIBC-W, EMLP-W, CAPL-W, MPLX-W, CONE-W, BCC-D, BCC-W, PGEM-W, IBDD-D, IBDD-W, CVT-W, DOOR-W, HMHC-W, EGRX-D, EGRX-W, GEUR-W, BHBK-W, MRNS-W, CDC-W, FNFV-W, PRQR-W, TRTL-W, BCLI-W, DBVT-W, BGSF-W, ARKK-D, ARKK-W, NDRM-W, CNV-W, PGRE-W, HDP-W, NEWR-W, CHRS-W, WSM-W, VMO-D, VMO-W, WINA-W, WTS-W, UTMD-W, WRE-W, XLI-W, UWM-W, VRTU-W, XMPT-D, XMPT-W, VBR-W, XSLV-W, VRTV-D, VRTV-W, XENE-W, 
Fri Jan 02 08:00:00 GMT+00:00 2015: signals : 
Fri Jan 02 08:00:00 GMT+00:00 2015: Signals ordered by strength : 
Thu Jan 08 08:00:00 GMT+00:00 2015: Bases processed : PCH-D, TMO-D, TAP-D, BAM-D, LABL-D, NMA-D, NQP-D, BSX-D, DHI-D, MCRI-D, BKS-D, PENN-D, IMH-D, NLS-D, EPR-D, MRVL-D, ILMN-D, ANTM-D, MANT-D, NRK-D, HPF-D, HPS-D, FXI-D, CMG-D, ITB-D, MSBF-D, GXC-D, IDI-D, TREE-D, TRNO-D, FSL-D, TSRO-D, QTS-D, PFNX-D, ZBRA-D, WMAR-D, WAT-D, UMC-D, XPLR-D, WK-D, 
Thu Jan 08 08:00:00 GMT+00:00 2015: signals : LABL,BSX,MRVL,CMG,TSRO,
Thu Jan 08 08:00:00 GMT+00:00 2015: Signals ordered by strength : TSRO(155.0), CMG(145.0), LABL(135.0), MRVL(120.0), BSX(95.0), 
Thu Jan 22 08:00:00 GMT+00:00 2015: Bases processed : ADP-D, HL-D, TXT-D, CCF-D, HURC-D, HLS-D, ISLE-D, AGU-D, IMAX-D, TSM-D, CCI-D, CEV-D, ARRY-D, DWAQ-D, RNP-D, BLKB-D, STON-D, TTM-D, NRF-D, PBH-D, RLGY-D, CNK-D, TUR-D, FCHI-D, CLNY-D, IVOG-D, FCA-D, RMAX-D, EMCG-D, HLT-D, AHP-D, FTLB-D, HEWG-D, SABR-D, FBND-D, BAESY-D, VMC-D, WETF-D, VDC-D, 
Thu Jan 22 08:00:00 GMT+00:00 2015: signals : AGU,TSM,CCI,TTM,
Thu Jan 22 08:00:00 GMT+00:00 2015: Signals ordered by strength : TSM(120.0), CCI(110.0), TTM(85.0), AGU(70.0), 
Fri Jan 23 08:00:00 GMT+00:00 2015: Bases processed : ADP-W, GD-D, GD-W, MCI-W, SJM-W, SNE-D, SNE-W, TSO-D, TSO-W, TXT-W, CCF-W, CSWC-D, CSWC-W, TM-W, PAYX-D, PAYX-W, SPAR-D, SPAR-W, RMCF-D, RMCF-W, CLDX-W, HLS-W, FUN-W, HQH-W, NCA-W, CRUS-W, PDT-W, ICUI-W, SBUX-D, SBUX-W, ISLE-W, AGU-W, BRLI-W, IIF-W, IMAX-W, GEO-W, TSEM-W, TSM-W, CHL-W, FDP-W, MRCY-W, LVLT-D, LVLT-W, CCI-W, CEV-W, INFY-W, HPTO-D, HPTO-W, PPH-W, IBN-W, PUK-D, PUK-W, TKC-W, ASR-W, ARRY-W, JPS-D, JPS-W, EIO-W, DWAQ-W, RNP-W, ERH-D, ERH-W, BLKB-W, STON-W, TTM-W, NRF-W, PBH-W, PJP-D, PJP-W, RLGY-W, HF-W, PDP-D, PDP-W, CNK-W, BX-D, BX-W, OWW-W, TFI-W, PIN-W, TUR-W, CNY-W, FCHI-W, LWC-W, PMT-W, CLNY-W, BUD-W, ABCD-W, HEDJ-D, HEDJ-W, INDL-W, KKR-W, IVOG-W, FCA-W, ACWV-W, DRGS-W, GEVA-W, FHK-D, FHK-W, SBGL-W, IBCE-W, TEP-W, RMAX-W, EMCG-W, DXGE-D, DXGE-W, RLYP-W, HLT-W, AHP-W, FTLB-W, HEWG-W, SABR-W, INDA-W, TCEHY-W, DWAT-W, FBND-W, KEYS-W, BAESY-W, SMIN-W, WEN-W, UNP-D, UNP-W, UTX-W, VMC-W, VISI-W, WETF-W, UNFI-W, VDC-W, WX-W, ULTA-D, ULTA-W, VIPS-D, VIPS-W, WBII-D, WBII-W, 
Fri Jan 23 08:00:00 GMT+00:00 2015: signals : CSWC,SBUX,
Fri Jan 23 08:00:00 GMT+00:00 2015: Signals ordered by strength : SBUX(160.0), CSWC(45.0), 
Fri Feb 06 08:00:00 GMT+00:00 2015: Bases processed : APD-W, BCE-W, BLL-W, BMI-W, CDI-W, CSC-D, CSC-W, DAN-W, DD-W, FSS-W, GCI-D, GCI-W, AJRD-D, AJRD-W, HEI-W, HRB-W, HRS-D, HRS-W, ITW-D, ITW-W, LPX-W, MHFI-W, NI-W, PAI-W, SNA-W, TYL-W, SXT-D, SXT-W, ALOG-D, ALOG-W, APOG-W, BOH-D, BOH-W, SNV-D, SNV-W, FTR-W, FHN-D, FHN-W, GK-W, HNI-D, HNI-W, MSCC-W, OMI-W, SEIC-W, SIGI-W, TARO-W, ESND-D, ESND-W, LM-W, NPBC-W, MENT-W, HCSG-W, RFP-D, RFP-W, BRC-W, NANO-W, EXAR-W, COST-W, DTV-W, FRPH-W, AMWD-W, SUBK-W, FRC-D, FRC-W, INT-W, MKL-W, FBP-W, CMU-W, CPF-W, CBM-D, CBM-W, JOUT-W, AKRX-W, JMM-W, LWAY-W, SPLS-W, FRME-D, FRME-W, TG-W, DSM-W, GSBC-W, MMSI-W, EXPO-W, CATY-D, CATY-W, MLI-W, NUO-W, ROP-W, SBI-W, SMRT-W, KSS-W, CACC-W, HCC-W, QUMU-W, NMT-W, ORLY-W, PRE-W, HHS-W, OSBC-W, RGCO-W, DSPG-W, CPRT-D, CPRT-W, FLEX-W, MTSN-W, UHAL-W, RWT-W, KFRC-W, MDY-W, RE-W, DST-W, EL-W, NICE-W, SSNC-W, DASTY-W, ETFC-W, PAG-W, PLUS-W, DTEGY-W, SLGN-W, AMTD-D, AMTD-W, ALV-W, MTD-W, BRCM-W, FII-D, FII-W, MSTR-D, MSTR-W, CSGP-W, DLPH-W, EWBC-W, CEB-W, TREX-W, ATLC-D, ATLC-W, PVTB-D, PVTB-W, FLWS-W, CHTR-W, MFSF-W, FBR-W, IJH-W, IWF-D, IWF-W, IYC-W, IWO-D, IWO-W, IJT-W, BKMU-D, BKMU-W, RVP-W, IWS-W, IWR-D, IWR-W, IWP-W, OMCL-W, CHFN-W, BHK-W, CCOI-W, ABG-W, PNFP-W, PCK-W, SAFT-W, EIV-W, CME-D, CME-W, FPT-W, PFS-D, PFS-W, FFC-W, TLKGY-W, AHL-W, NNI-W, ABR-W, JKE-W, JKG-D, JKG-W, JKH-W, JKK-D, JKK-W, MIC-W, PWB-W, ISBC-W, PPA-W, ICE-D, ICE-W, AMSF-W, RPG-D, RPG-W, RZG-D, RZG-W, MWA-W, DON-W, DXJ-W, MVV-W, AWH-W, RXI-W, PTF-D, PTF-W, RTM-W, SBH-W, IPGP-W, UCC-W, FAD-W, FEX-W, FTA-D, FTA-W, LLNW-W, MOO-W, FFNW-W, LPSB-W, IFEU-W, KW-W, MOFG-W, MHLD-W, MGK-D, MGK-W, AOR-D, AOR-W, ICI-W, TIPZ-W, MG-W, SCHG-W, MSG-W, FNGN-W, TNAV-W, ENV-D, ENV-W, IVOO-W, KBWP-W, EWRI-D, EWRI-W, SCHM-W, PCRX-W, ANCB-W, FONE-W, LNKD-D, LNKD-W, DBGR-W, LMOS-W, BCOV-D, BCOV-W, CUBI-W, GIVE-W, ALFA-D, ALFA-W, EGL-W, LVNTA-W, QLYS-W, ADT-W, DKL-W, QDEF-D, QDEF-W, AFH-D, DATA-W, COTY-W, PGZ-W, KCG-W, LDRH-W, RDIV-W, FDIS-W, FCOM-D, FCOM-W, ALLE-W, ALQA-W, HEWJ-W, HEFA-W, GYEN-W, SQBK-W, HRTG-W, ASHS-W, TIME-W, FBGX-D, FBGX-W, MDLL-D, MDLL-W, LDRI-W, QTWN-W, ICL-W, DVP-W, FCAU-W, BOOT-W, JPIN-W, DIVC-D, DIVC-W, WSFS-D, WSFS-W, WBS-D, WBS-W, ZBRA-W, VRSN-D, VRSN-W, ULTI-W, XLY-W, VXF-W, WTBA-W, VBK-W, VCR-W, VO-D, VO-W, VUG-D, VUG-W, WAL-D, WAL-W, VG-W, VOE-D, VOE-W, VR-D, VR-W, V-W, VRSK-W, VTWG-D, VTWG-W, ZGNX-W, USDU-W, WIL-W, 
Fri Feb 06 08:00:00 GMT+00:00 2015: signals : CME,VRSN,
Fri Feb 06 08:00:00 GMT+00:00 2015: Signals ordered by strength : CME(105.0), VRSN(95.0), 
Wed Apr 08 08:00:00 GMT+00:00 2015: Bases processed : CYN-D, APB-D, SNPS-D, ASGN-D, LGND-D, MHO-D, GSH-D, CHL-D, DSGX-D, EVF-D, NTES-D, SOHU-D, BNY-D, PDFS-D, SMI-D, JRO-D, PSJ-D, ETE-D, GWL-D, LULU-D, AMCN-D, TAO-D, AAXJ-D, PXR-D, DZK-D, CHIQ-D, QQQC-D, NOAH-D, BONA-D, IBCC-D, CLACU-D, IEIL-D, FLTB-D, FPXI-D, JPIN-D, GHII-D, VPL-D, VEA-D, WD-D, 
Wed Apr 08 08:00:00 GMT+00:00 2015: signals : CHL,
Wed Apr 08 08:00:00 GMT+00:00 2015: Signals ordered by strength : CHL(35.0), 
Thu Apr 09 08:00:00 GMT+00:00 2015: Bases processed : SHW-D, APOG-D, EVI-D, NSEC-D, TPHS-D, ESRX-D, IX-D, SYNA-D, DXCM-D, SIMO-D, CCO-D, TLO-D, PGX-D, PIN-D, DL-D, CJJD-D, QLIK-D, EWRM-D, ASMB-D, KOLD-D, NOW-D, KWEB-D, RNG-D, EIGI-D, BCHP-D, SMIN-D, WPS-D, WBIE-D, WBIH-D, 
Thu Apr 09 08:00:00 GMT+00:00 2015: signals : APOG,EIGI,
Thu Apr 09 08:00:00 GMT+00:00 2015: Signals ordered by strength : EIGI(195.0), APOG(100.0), 
Fri Apr 17 08:00:00 GMT+00:00 2015: Bases processed : ACU-W, JPM-W, DCO-W, FSS-W, IR-W, KMI-W, LGL-W, ECL-W, FELE-W, NEWP-W, DXR-W, SRCE-W, NPBC-W, ENZN-W, IVC-W, AMS-D, AMS-W, AEPI-W, PLXS-W, LSBG-D, LSBG-W, ECF-W, PTSI-W, FBP-W, DXLG-W, DDC-W, GVA-W, CHKE-W, PNRA-W, RGS-W, KALU-D, KALU-W, MW-W, GIB-W, ISL-W, RDN-W, MHE-W, PRE-W, EOC-W, NTT-W, RICK-D, TRQ-W, CBAN-W, ETM-W, GSIG-W, GS-W, ROIA-W, NAN-D, NAN-W, CYRN-W, CE-D, CE-W, TDY-W, SQNM-W, OCLR-W, DCM-W, CLSN-W, ROIAK-W, ISRG-W, CKSW-W, RTIX-W, SLYV-W, MIFI-D, MIFI-W, TASR-W, NFLX-W, EVM-D, EVM-W, ADRA-W, SWHC-W, EZA-W, RSP-W, AXS-W, JDD-W, SOCB-D, SOCB-W, ETO-W, MFLX-W, DCA-W, BLDR-W, IGA-W, DOVR-W, PRF-W, GLO-W, PGTI-W, FDN-W, PBIB-W, KXI-W, EXLP-W, FSLR-W, MNOV-W, TAST-W, GII-W, FAB-W, FEX-W, TTHI-W, CUT-W, QABA-W, STK-W, TMH-W, INDL-W, FIBK-W, SCIN-W, EWRI-W, EWRS-W, SDT-W, SPHB-W, FWDI-D, FWDI-W, SKYY-W, FSZ-W, IDHB-W, ACIM-W, RWXL-D, RWXL-W, GMED-W, CRDT-D, CRDT-W, MODN-W, SRLN-W, HAWK-W, IBCE-W, GWPH-W, DATA-W, PGEM-W, DFP-W, KFYP-W, STCK-W, CGIX-W, FATE-D, FATE-W, MRIC-W, EVOK-W, CNHI-W, AERI-W, DXKW-W, CNTR-W, ACSF-W, CARA-W, NGHC-W, KING-W, CORI-W, DXJF-W, TSE-W, MOKO-D, MOKO-W, IFV-D, IFV-W, EFAD-W, HEEM-W, GTOMY-W, ARKK-W, HACK-W, GAA-W, ABEO-W, EQAL-W, PN-W, IQLT-W, ENTL-W, SBEU-W, SUM-W, STDY-W, UL-W, UN-W, VGR-W, WINA-W, WVFC-W, YORW-W, VEOEY-W, XRM-W, VIMC-D, VIMC-W, VEGA-W, WUBA-W, WBIB-W, WBIG-W, VWR-D, VWR-W, ZSML-W, 
Fri Apr 17 08:00:00 GMT+00:00 2015: signals : CE,
Fri Apr 17 08:00:00 GMT+00:00 2015: Signals ordered by strength : CE(60.0), 
Mon Apr 20 08:00:00 GMT+00:00 2015: Bases processed : EMCI-D, SIAL-D, CRV-D, JBSS-D, FCAP-D, PMF-D, COOL-D, PZG-D, INR-D, FAF-D, SEAS-D, KMDA-D, BSCM-D, KCNY-D, UJB-D, 
Mon Apr 20 08:00:00 GMT+00:00 2015: signals : 
Mon Apr 20 08:00:00 GMT+00:00 2015: Signals ordered by strength : 
Tue Apr 21 08:00:00 GMT+00:00 2015: Bases processed : OCR-D, NSANY-D, ASTE-D, AKRX-D, HIFS-D, PFO-D, PPR-D, MMU-D, TSCO-D, DASTY-D, SIRO-D, CLS-D, RDWR-D, ALSK-D, LNBB-D, EMJ-D, IHG-D, AEL-D, SNCR-D, GSL-D, DEF-D, ECHO-D, AGA-D, GURU-D, SFBC-D, FEYE-D, DXJC-D, SFBS-D, SMLL-D, FSB-D, RELY-D, 
Tue Apr 21 08:00:00 GMT+00:00 2015: signals : OCR,IHG,
Tue Apr 21 08:00:00 GMT+00:00 2015: Signals ordered by strength : OCR(95.0), IHG(70.0), 
Tue Apr 28 08:00:00 GMT+00:00 2015: Bases processed : BRN-D, AAPL-D, MSEX-D, MEOH-D, MBVT-D, CDNS-D, AGCO-D, FDEF-D, MZA-D, SBBX-D, RTEC-D, PGC-D, JPC-D, JOBS-D, CZFC-D, IPGP-D, MOFG-D, CNY-D, TECL-D, ARPI-D, GTT-D, SC-D, OPB-D, HQY-D, BHBK-D, XLK-D, 
Tue Apr 28 08:00:00 GMT+00:00 2015: signals : JOBS,SC,HQY,
Tue Apr 28 08:00:00 GMT+00:00 2015: Signals ordered by strength : HQY(115.0), SC(95.0), JOBS(75.0), 
Wed Apr 29 08:00:00 GMT+00:00 2015: Bases processed : AVY-D, GT-D, NEM-D, TSS-D, UBSI-D, LFUS-D, JCTCF-D, LVLT-D, MSTR-D, AU-D, TPX-D, CRM-D, DHT-D, KBE-D, TRCB-D, MA-D, EXAM-D, FI-D, FRBA-D, XPO-D, VRSK-D, 
Wed Apr 29 08:00:00 GMT+00:00 2015: signals : TSS,LVLT,MSTR,XPO,VRSK,
Wed Apr 29 08:00:00 GMT+00:00 2015: Signals ordered by strength : TSS(110.0), XPO(95.0), VRSK(90.0), LVLT(85.0), MSTR(65.0), 
Thu Apr 30 08:00:00 GMT+00:00 2015: Bases processed : ASH-D, SVCBY-D, ATTU-D, MLM-D, IVZ-D, BRBW-D, BAA-D, AAWW-D, IEUS-D, IPHI-D, UAN-D, AVG-D, BLVD-D, JCAP-D, WX-D, WIFI-D, VAC-D, 
Thu Apr 30 08:00:00 GMT+00:00 2015: signals : IPHI,AVG,
Thu Apr 30 08:00:00 GMT+00:00 2015: Signals ordered by strength : IPHI(175.0), AVG(155.0), 
Tue May 05 08:00:00 GMT+00:00 2015: Bases processed : KEY-D, STT-D, SCHW-D, GTIM-D, GTNA-D, NOM-D, EL-D, GTN-D, RPV-D, PRMW-D, GTWN-D, GGAC-D, NCOM-D, XEC-D, 
Tue May 05 08:00:00 GMT+00:00 2015: signals : 
Tue May 05 08:00:00 GMT+00:00 2015: Signals ordered by strength : 
Fri May 15 08:00:00 GMT+00:00 2015: Bases processed : HON-W, AME-W, BFA-W, CAG-D, DHR-W, MCK-W, GAM-W, NPK-W, PHH-W, PLL-W, TTDKY-W, AEM-W, ASB-W, CSWC-D, CSWC-W, FMER-W, KOSS-W, INTG-W, NKE-D, NKE-W, TRR-W, STRN-W, IDTI-W, LOJN-W, EMRI-W, CNO-W, JJSF-W, BCS-W, FISV-W, C-W, FFKT-W, PLAB-W, ICCC-W, ELUXY-D, ELUXY-W, SNFCA-W, SEV-W, IPAR-W, PTC-W, CGA-W, REGN-W, SCLN-W, ICUI-W, CCU-W, JAH-W, PERY-W, FLL-W, IT-W, BTO-W, COF-D, COF-W, CTRX-W, ISSI-W, ASML-D, ASML-W, RE-W, RICK-W, OPK-W, SGU-D, SGU-W, EWK-W, EWL-W, TCX-D, TCX-W, FDS-W, IMN-W, BSI-W, TACT-D, TACT-W, CALM-W, CIEN-D, CIEN-W, SAP-W, EBAY-W, MKSI-W, RHT-W, EGBN-W, BSQR-D, BSQR-W, SPTN-W, SPYV-D, SPYV-W, TW-D, TW-W, JHX-W, ANTM-W, ALR-D, NMR-W, ADRU-W, OEF-W, SNX-W, CTRP-W, GTXI-W, MGN-W, MCHX-W, HSP-W, ANCX-W, EXR-W, CSCD-W, NDAQ-W, FFNM-W, ALJ-W, ICE-W, TDG-W, IAI-W, IAT-W, DNL-W, DOL-D, DOL-W, DWM-W, RWX-D, RWX-W, GDL-W, UGE-W, EPS-D, EPS-W, EXT-W, SSFN-W, HOLI-D, HOLI-W, FXO-W, SCOR-D, SCOR-W, BKCC-W, PXF-W, PDN-W, IFGL-D, IFGL-W, MGV-W, FSFG-W, FAS-D, FAS-W, GRN-W, ALN-W, TAT-W, AOL-W, PSCC-D, PSCC-W, SANW-W, NPTN-W, CROP-W, GSVC-D, GSVC-W, CSRE-W, TTFS-D, TTFS-W, KBWI-W, LVNTB-D, LVNTB-W, TLTD-W, ICPT-W, CAPE-D, CAPE-W, IXUS-D, PF-D, DGRW-D, DGRW-W, STRP-W, FNDF-W, PINC-W, CRTO-W, FTEC-D, FTEC-W, SRNE-D, SRNE-W, TFLO-W, PCTY-W, PAHC-W, EUMV-W, SERV-D, SERV-W, SBCP-W, FCB-W, KE-D, KLXI-W, LLSP-W, GDXX-W, GDDY-W, KMPH-W, PRTY-W, WBS-W, VOD-W, USPH-W, WTFC-W, XLF-W, VTV-W, WNS-W, VRTU-W, VOYA-W, WBII-W, YDLE-W, 
Fri May 15 08:00:00 GMT+00:00 2015: signals : 
Fri May 15 08:00:00 GMT+00:00 2015: Signals ordered by strength : 
Mon May 18 08:00:00 GMT+00:00 2015: Bases processed : ADX-D, SWKS-D, LPX-D, LUK-D, SNV-D, MEI-D, NBN-D, ANN-D, SPY-D, AEIS-D, QRVO-D, BHB-D, DIA-D, IJH-D, IVE-D, IUSV-D, CVGW-D, ADRD-D, JKG-D, JKI-D, PPO-D, KLD-D, PWV-D, ITRN-D, DLN-D, DDM-D, SFLY-D, PTF-D, EQWL-D, CZA-D, FXL-D, RWL-D, MLVF-D, ORRF-D, ABCD-D, SCHV-D, UDOW-D, MXL-D, BLOX-D, ANGL-D, MMTM-D, NCLH-D, FNDB-D, FNDX-D, LDRH-D, SRLP-D, CQH-D, RDVY-D, SIEN-D, RMP-D, KRNT-D, NSA-D, VONV-D, 
Mon May 18 08:00:00 GMT+00:00 2015: signals : 
Mon May 18 08:00:00 GMT+00:00 2015: Signals ordered by strength : 
Tue May 19 08:00:00 GMT+00:00 2015: Bases processed : BIOB-D, MMC-D, SHW-D, FL-D, BOKF-D, FHN-D, SUSQ-D, STI-D, EXAR-D, FNB-D, PBCT-D, MHK-D, MS-D, RGA-D, AMTD-D, IYF-D, DGT-D, MIW-D, UEPS-D, IHF-D, STV-D, SCJ-D, SEM-D, CPS-D, TRNM-D, SREV-D, CURE-D, PXLV-D, ALFA-D, FINU-D, ESPR-D, TRSK-D, CFO-D, WFC-D, VFH-D, UYG-D, VTHR-D, ZSPH-D, 
Tue May 19 08:00:00 GMT+00:00 2015: signals : 
Tue May 19 08:00:00 GMT+00:00 2015: Signals ordered by strength : 
Wed May 20 08:00:00 GMT+00:00 2015: Bases processed : ABM-D, ADI-D, BMY-D, HEI-D, HRL-D, RBC-D, GHC-D, ATRI-D, MENT-D, AJG-D, CVC-D, NVR-D, COT-D, MIDD-D, LVMUY-D, MGPI-D, CSGS-D, AXAHY-D, ALTV-D, IWD-D, FSI-D, MBTF-D, LBTYA-D, EFSC-D, BME-D, IAK-D, FBT-D, OSIR-D, AGD-D, DSI-D, MSBF-D, RXL-D, TWC-D, PIO-D, FLY-D, CSM-D, DMO-D, SST-D, QDEF-D, FLAG-D, TTPH-D, FNCL-D, DXJR-D, DGRO-D, EHIC-D, MOMO-D, WEN-D, Y-D, ULBI-D, VHT-D, VYM-D, 
Wed May 20 08:00:00 GMT+00:00 2015: signals : ADI,ATRI,TWC,FLY,TTPH,
Wed May 20 08:00:00 GMT+00:00 2015: Signals ordered by strength : TTPH(175.0), TWC(115.0), ATRI(100.0), FLY(100.0), ADI(85.0), 
Fri May 22 08:00:00 GMT+00:00 2015: Bases processed : ABM-W, ADI-W, ADX-W, SWKS-W, BIOB-W, BMY-W, CCK-W, CI-D, CI-W, DE-D, DE-W, FRS-D, FRS-W, HEI-W, HRL-W, LPX-W, LUK-W, MMC-W, RBC-W, SHW-W, TTC-D, TTC-W, GHC-W, FL-W, ACET-W, ATRI-W, BOKF-W, SNV-W, CFR-W, FHN-W, MEI-W, CVBF-W, HCA-W, SUSQ-W, DY-W, AJG-W, MGA-W, STI-W, EXAR-W, CVC-W, NVR-W, ADBE-W, FNB-W, COT-W, MIDD-W, NBN-W, LVMUY-W, MGPI-W, ANN-W, HNT-W, MHK-W, ESRX-W, FINL-D, FINL-W, DIRI-W, SPY-W, MS-W, RGA-W, CASH-D, CASH-W, SFEF-W, AEIS-W, CSGS-W, FLML-D, AXAHY-W, DGX-D, DGX-W, AMTD-W, QRVO-W, EGHT-W, OUTR-D, OUTR-W, QADB-W, BHB-W, DIA-W, SHPG-W, HEIA-W, ALTV-W, DDAIF-W, NVMI-W, RPTP-W, IJH-W, IVE-W, IWD-W, IYF-W, IUSV-W, DGT-W, SGEN-W, KIRK-W, CVGW-W, ESGR-W, ADRD-W, FSI-W, MIW-W, MBTF-W, LBTYA-W, JKG-W, JKI-W, PPO-W, LONG-D, LONG-W, KLD-W, EFSC-W, PWV-W, BME-W, CF-W, UEPS-W, DRAGF-W, LBTYK-D, LBTYK-W, ITRN-W, PKB-W, KIE-W, IAK-W, IHF-W, DLN-W, DDM-W, FBT-W, OSIR-W, AGD-W, PTF-W, DSI-W, EQWL-W, MSBF-W, RXL-W, TWC-W, CQP-W, CZA-W, FXL-W, PIO-W, FLY-W, STV-W, TNK-W, IDI-W, ATAI-D, ATAI-W, RWL-W, SCJ-W, MLVF-W, FLM-W, ORRF-W, CSM-W, SEM-W, CHIQ-D, CHIQ-W, ABCD-W, SCHV-W, UDOW-W, DMO-W, MXL-W, TNAV-W, IVOO-W, IVOV-W, CSMA-W, CPS-W, EWRI-W, SCHM-W, TRNM-W, CURE-W, PXLV-W, SST-W, EEHB-W, BLOX-W, ANGL-W, ALFA-W, FINU-W, MMTM-W, QDEF-W, NCLH-W, FLAG-W, TTPH-W, CMRX-D, CMRX-W, ESPR-W, TRSK-W, FNDB-W, FNDX-W, FEYE-W, DOOR-W, LDRH-W, SRLP-W, FNCL-W, CQH-W, JGBB-D, JGBB-W, RDVY-W, CNTR-W, DXJR-W, LPG-D, NEP-W, CFO-W, SIEN-W, EHIC-W, MOMO-W, RMP-W, EQAL-W, QVM-W, KRNT-W, DIVC-W, NSA-W, WEN-W, WFC-W, WGL-W, Y-W, VRX-W, ULBI-W, VRML-W, VFH-W, VHT-W, VOE-W, VYM-W, UYG-W, UMDD-W, VONV-W, VTHR-W, XHS-D, XHS-W, ZSPH-W, VSTO-D, 
Fri May 22 08:00:00 GMT+00:00 2015: signals : 
Fri May 22 08:00:00 GMT+00:00 2015: Signals ordered by strength : 
Tue May 26 08:00:00 GMT+00:00 2015: Bases processed : ARKR-D, UBCP-D, CNTY-D, EWH-D, IPN-D, ABBV-D, PFSI-D, YCS-D, 
Tue May 26 08:00:00 GMT+00:00 2015: signals : 
Tue May 26 08:00:00 GMT+00:00 2015: Signals ordered by strength : 
Wed May 27 08:00:00 GMT+00:00 2015: Bases processed : CBSA-D, FUN-D, JNP-D, BSTC-D, TV-D, AMED-D, RSYS-D, SMH-D, SOXX-D, PSI-D, QTEC-D, RYT-D, BR-D, AVGO-D, SOXL-D, NXPI-D, FSL-D, HZNP-D, ACHC-D, IBTX-D, PTLA-D, SNOW-D, TRTL-D, LMBS-D, CLLS-D, XSD-D, USD-D, 
Wed May 27 08:00:00 GMT+00:00 2015: signals : AMED,AVGO,
Wed May 27 08:00:00 GMT+00:00 2015: Signals ordered by strength : AMED(100.0), AVGO(100.0), 
