Start Date: Thu Jan 01 08:00:00 GMT+00:00 2015
End Date: Tue Jun 23 17:31:47 GMT+00:00 2015
Initial Cash: 100000.0
Num Positions: 5
-----------------
Thu Jan 08 08:00:00 GMT+00:00 2015 BUY: 480 shares of TSRO cost-basis=41.6
Thu Jan 08 08:00:00 GMT+00:00 2015 BUY TSRO x480 for $19980.8 CASH-BAL=80019.2
Thu Jan 08 08:00:00 GMT+00:00 2015 BUY: 27 shares of CMG cost-basis=720
Thu Jan 08 08:00:00 GMT+00:00 2015 BUY CMG x27 for $19447.73 CASH-BAL=60571.47
Mon Jan 12 08:00:00 GMT+00:00 2015Market-Downtrend-Sell -1%: (-1.19%)27 shares of CMG for -1.19
Mon Jan 12 08:00:00 GMT+00:00 2015 SELL CMG x27 for $19207.9 CASH-BAL=79779.37
Tue Jan 13 08:00:00 GMT+00:00 2015Market-Downtrend-Sell -1%: (-3.91%)480 shares of TSRO for -3.91
Tue Jan 13 08:00:00 GMT+00:00 2015 SELL TSRO x480 for $19192.0 CASH-BAL=98971.37
Thu Jan 22 08:00:00 GMT+00:00 2015 BUY: 843 shares of TSM cost-basis=23.7
Thu Jan 22 08:00:00 GMT+00:00 2015 BUY TSM x843 for $19995.53 CASH-BAL=78975.84
Thu Jan 22 08:00:00 GMT+00:00 2015 BUY: 234 shares of CCI cost-basis=85.3
Thu Jan 22 08:00:00 GMT+00:00 2015 BUY CCI x234 for $19956.5 CASH-BAL=59019.34
Fri Jan 23 08:00:00 GMT+00:00 2015 BUY: 226 shares of SBUX cost-basis=88.3
Fri Jan 23 08:00:00 GMT+00:00 2015 BUY SBUX x226 for $19945.72 CASH-BAL=39073.62
Fri Jan 23 08:00:00 GMT+00:00 2015 BUY: 469 shares of CSWC cost-basis=42.6
Fri Jan 23 08:00:00 GMT+00:00 2015 BUY CSWC x469 for $19982.71 CASH-BAL=19090.91
Thu Jan 29 08:00:00 GMT+00:00 2015Market-Downtrend-Sell -1%: (-1.81%)843 shares of TSM for -1.81
Thu Jan 29 08:00:00 GMT+00:00 2015 SELL TSM x843 for $19625.47 CASH-BAL=38716.38
Fri Feb 06 08:00:00 GMT+00:00 2015 BUY: 212 shares of CME cost-basis=94.2
Fri Feb 06 08:00:00 GMT+00:00 2015 BUY CME x212 for $19980.52 CASH-BAL=18735.86
Fri Feb 06 08:00:00 GMT+00:00 2015 BUY: 333 shares of VRSN cost-basis=60.0
Fri Feb 06 08:00:00 GMT+00:00 2015 BUY VRSN x333 for $19978.01 CASH-BAL=-1242.15
Wed Mar 25 08:00:00 GMT+00:00 2015 TA-SELL 50SMA: (-1.52%)234 shares of CCI for -0.755
Wed Mar 25 08:00:00 GMT+00:00 2015 SELL CCI x234 for $19797.76 CASH-BAL=18555.61
Mon Apr 06 08:00:00 GMT+00:00 2015 TA-SELL 50SMA: (-2.26%)212 shares of CME for -2.28
Mon Apr 06 08:00:00 GMT+00:00 2015 SELL CME x212 for $19516.14 CASH-BAL=38071.75
Wed Apr 08 08:00:00 GMT+00:00 2015 BUY: 277 shares of CHL cost-basis=72.0
Wed Apr 08 08:00:00 GMT+00:00 2015 BUY CHL x277 for $19935.38 CASH-BAL=18136.37
Thu Apr 09 08:00:00 GMT+00:00 2015 SBUX: Applying split factor of: 2.0
Thu Apr 09 08:00:00 GMT+00:00 2015 BUY: 952 shares of EIGI cost-basis=21.0
Thu Apr 09 08:00:00 GMT+00:00 2015 BUY EIGI x952 for $19980.96 CASH-BAL=-1844.59
Fri Apr 17 08:00:00 GMT+00:00 2015 StopLoss SELL: (-5.96%)277 shares of CHL for -5.96
Fri Apr 17 08:00:00 GMT+00:00 2015 SELL CHL x277 for $18739.36 CASH-BAL=16894.77
Fri Apr 17 08:00:00 GMT+00:00 2015 TA-SELL 50SMA: (-1.56%)469 shares of CSWC for 10.3
Fri Apr 17 08:00:00 GMT+00:00 2015 SELL CSWC x469 for $22039.69 CASH-BAL=38934.46
Fri Apr 17 08:00:00 GMT+00:00 2015 BUY: 297 shares of CE cost-basis=67.2
Fri Apr 17 08:00:00 GMT+00:00 2015 BUY CE x297 for $19960.46 CASH-BAL=18974.0
Tue Apr 21 08:00:00 GMT+00:00 2015 BUY: 246 shares of OCR cost-basis=81.1
Tue Apr 21 08:00:00 GMT+00:00 2015 BUY OCR x246 for $19951.22 CASH-BAL=-977.22
Tue Apr 28 08:00:00 GMT+00:00 2015 StopLoss SELL: (-6.14%)952 shares of EIGI for -6.14
Tue Apr 28 08:00:00 GMT+00:00 2015 SELL EIGI x952 for $18746.4 CASH-BAL=17769.18
Tue Apr 28 08:00:00 GMT+00:00 2015 BUY: 720 shares of HQY cost-basis=27.8
Tue Apr 28 08:00:00 GMT+00:00 2015 BUY HQY x720 for $19995.2 CASH-BAL=-2226.02
Wed Apr 29 08:00:00 GMT+00:00 2015 TA-SELL 50SMA: (-1.81%)333 shares of VRSN for 6.91
Wed Apr 29 08:00:00 GMT+00:00 2015 SELL VRSN x333 for $21350.62 CASH-BAL=19124.6
Wed Apr 29 08:00:00 GMT+00:00 2015 BUY: 497 shares of TSS cost-basis=40.2
Wed Apr 29 08:00:00 GMT+00:00 2015 BUY TSS x497 for $19997.34 CASH-BAL=-872.74
Thu Apr 30 08:00:00 GMT+00:00 2015 StopLoss SELL: (-5.62%)720 shares of HQY for -5.62
Thu Apr 30 08:00:00 GMT+00:00 2015 SELL HQY x720 for $18863.2 CASH-BAL=17990.46
Thu Apr 30 08:00:00 GMT+00:00 2015 BUY: 932 shares of IPHI cost-basis=21.5
Thu Apr 30 08:00:00 GMT+00:00 2015 BUY IPHI x932 for $19999.4 CASH-BAL=-2008.94
Tue May 05 08:00:00 GMT+00:00 2015 StopLoss SELL: (-5.35%)932 shares of IPHI for -5.35
Tue May 05 08:00:00 GMT+00:00 2015 SELL IPHI x932 for $18920.92 CASH-BAL=16911.98
Thu May 07 08:00:00 GMT+00:00 2015Market-Downtrend-Sell -1%: (-1.05%)297 shares of CE for -1.05
Thu May 07 08:00:00 GMT+00:00 2015 SELL CE x297 for $19742.5 CASH-BAL=36654.48
Wed May 20 08:00:00 GMT+00:00 2015 BUY: 441 shares of TTPH cost-basis=45.3
Wed May 20 08:00:00 GMT+00:00 2015 BUY TTPH x441 for $19998.53 CASH-BAL=16655.95
Wed May 20 08:00:00 GMT+00:00 2015 BUY: 120 shares of TWC cost-basis=167
Wed May 20 08:00:00 GMT+00:00 2015 BUY TWC x120 for $19994.0 CASH-BAL=-3338.05
Fri May 22 08:00:00 GMT+00:00 2015 StopLoss SELL: (-5.31%)441 shares of TTPH for -5.31
Fri May 22 08:00:00 GMT+00:00 2015 SELL TTPH x441 for $18928.54 CASH-BAL=15590.49
Wed May 27 08:00:00 GMT+00:00 2015 BUY: 631 shares of AMED cost-basis=31.7
Wed May 27 08:00:00 GMT+00:00 2015 BUY AMED x631 for $19991.77 CASH-BAL=-4401.28

---- Final Portfolio Holdings as of Tue Jun 23 17:31:47 GMT+00:00 2015 ----
null 452 of SBUX with cost basis of 44.1 and pct-chg: 21.9%
null 246 of OCR with cost basis of 81.1 and pct-chg: 16.3%
null 497 of TSS with cost basis of 40.2 and pct-chg: 5.65%
null 120 of TWC with cost basis of 167.0 and pct-chg: 6.9%
null 631 of AMED with cost basis of 31.7 and pct-chg: 28.0%

Total Invested Amount = 115618.87
Cash Bal = -4401.28
Net Value = 111217.59

---- Run stats ----
Start-Date: Thu Jan 01 08:00:00 GMT+00:00 2015
End-Date: Tue Jun 23 17:31:47 GMT+00:00 2015
Total Trading days: 174
Net Gain/Loss = 11217.59
Pct Chg = 11.2%
