Fri Jan 02 08:00:00 GMT+00:00 2015 : Watchlists added : 
Fri Jan 02 08:00:00 GMT+00:00 2015: Bases processed : XMPT-D,VMO-D,TLO-D,PGF-D,NQS-D,MVF-D,MUE-D,IBDD-D,GFI-D,VRTV-D,TPHS-D,RLGT-D,NLNK-D,LTPZ-D,HOFT-D,EGRX-D,COWN-D,BCC-D,ASYS-D,ASMI-D,ARKK-D,
Fri Jan 02 08:00:00 GMT+00:00 2015: signals : 
Fri Jan 02 08:00:00 GMT+00:00 2015: Signals ordered by strength : 
Mon Jan 05 08:00:00 GMT+00:00 2015 : Watchlists added : 
Mon Jan 05 08:00:00 GMT+00:00 2015: Bases processed : PBPB-D,PYN-D,VBLT-D,SCKT-D,NXQ-D,NID-D,NEA-D,NBD-D,GSH-D,FMB-D,CJNK-D,BNY-D,ATHX-D,ARGS-D,CRME-D,VGLT-D,MIFI-D,GBAB-D,EDV-D,DGICA-D,PULB-D,FRS-D,JOBS-D,
Mon Jan 05 08:00:00 GMT+00:00 2015: signals : 
Mon Jan 05 08:00:00 GMT+00:00 2015: Signals ordered by strength : 
Tue Jan 06 08:00:00 GMT+00:00 2015 : Watchlists added : 
Tue Jan 06 08:00:00 GMT+00:00 2015: Bases processed : BAF-D,BFZ-D,BSE-D,MOC-D,MSCI-D,MYI-D,MYM-D,NQI-D,SCHZ-D,VKQ-D,VKI-D,VBND-D,TLH-D,SYTL-D,PZT-D,PPSI-D,NYV-D,NXZ-D,NERV-D,MVT-D,MUC-D,MIY-D,ILTB-D,IGU-D,HYMB-D,GOVT-D,GBLI-D,EXR-D,EIM-D,EDUC-D,DEI-D,CNXR-D,CHN-D,BTT-D,BLV-D,BAB-D,ACH-D,TYD-D,SRC-D,LPT-D,EVOK-D,ORFR-D,
Tue Jan 06 08:00:00 GMT+00:00 2015: signals : 
Tue Jan 06 08:00:00 GMT+00:00 2015: Signals ordered by strength : 
Wed Jan 07 08:00:00 GMT+00:00 2015 : Watchlists added : 
Wed Jan 07 08:00:00 GMT+00:00 2015: Bases processed : ARNA-D,CF-D,CLVS-D,EIA-D,ENX-D,HALO-D,MCHI-D,MFT-D,NPP-D,NVSL-D,PMF-D,PMX-D,PZA-D,STAG-D,VFL-D,NUV-D,NMO-D,MUI-D,MEN-D,BTA-D,BLCM-D,TAYD-D,WMT-D,AMPH-D,MNR-D,IDT-D,CRL-D,BRX-D,CXH-D,
Wed Jan 07 08:00:00 GMT+00:00 2015: signals : 
Wed Jan 07 08:00:00 GMT+00:00 2015: Signals ordered by strength : 
Thu Jan 08 08:00:00 GMT+00:00 2015 : Watchlists added : 
Thu Jan 08 08:00:00 GMT+00:00 2015: Bases processed : FSL-D,FXI-D,HPS-D,IMH-D,ITB-D,NMA-D,NQP-D,NRK-D,PFNX-D,TRNO-D,TREE-D,TMO-D,TAP-D,MSBF-D,MRVL-D,MCRI-D,LABL-D,HPF-D,GXC-D,EPR-D,CMG-D,BSX-D,BAM-D,XPLR-D,QTS-D,PENN-D,MANT-D,ZBRA-D,WMAR-D,WK-D,WAT-D,UMC-D,TSRO-D,PCH-D,NLS-D,ILMN-D,IDI-D,DHI-D,BKS-D,ANTM-D,
Thu Jan 08 08:00:00 GMT+00:00 2015: signals : 
Thu Jan 08 08:00:00 GMT+00:00 2015: Signals ordered by strength : 
Fri Jan 09 08:00:00 GMT+00:00 2015 : Watchlists added : 
Fri Jan 09 08:00:00 GMT+00:00 2015: Bases processed : JGBT-D,KTF-D,MYJ-D,NBO-D,STLY-D,TAST-D,SSFN-D,SMSI-D,PRTO-D,NAN-D,HELE-D,DHT-D,AYI-D,ALR-D,PTLA-D,PSG-D,NXPI-D,CPB-D,CMT-D,ARKR-D,JRVR-D,CENTA-D,
Fri Jan 09 08:00:00 GMT+00:00 2015: signals : 
Fri Jan 09 08:00:00 GMT+00:00 2015: Signals ordered by strength : 
Mon Jan 12 08:00:00 GMT+00:00 2015 : Watchlists added : 
Mon Jan 12 08:00:00 GMT+00:00 2015: Bases processed : CPT-D,CZWI-D,VLRS-D,UNIS-D,TSRI-D,OFC-D,MLN-D,MCUR-D,IGR-D,FMI-D,ENGN-D,CLUB-D,CCA-D,BPY-D,VASC-D,NMS-D,WMS-D,HOLX-D,AGN-D,
Mon Jan 12 08:00:00 GMT+00:00 2015: signals : 
Mon Jan 12 08:00:00 GMT+00:00 2015: Signals ordered by strength : 
Tue Jan 13 08:00:00 GMT+00:00 2015 : Watchlists added : 
Tue Jan 13 08:00:00 GMT+00:00 2015: Bases processed : DPS-D,IBDH-D,LAG-D,MLNX-D,PMM-D,QUNR-D,SIRI-D,PERY-D,OCIR-D,NVS-D,NORD-D,NAP-D,LENB-D,LEN-D,IRWD-D,IFN-D,IDXX-D,HSII-D,GFF-D,FCEB-D,FCEA-D,ELNK-D,CRY-D,CNXT-D,CNS-D,CA-D,BZH-D,BABS-D,VSEC-D,UNB-D,TUES-D,MNRO-D,JCE-D,IRET-D,INTG-D,INCO-D,BDN-D,FRSH-D,
Tue Jan 13 08:00:00 GMT+00:00 2015: signals : 
Tue Jan 13 08:00:00 GMT+00:00 2015: Signals ordered by strength : 
Wed Jan 14 08:00:00 GMT+00:00 2015 : Watchlists added : 
Wed Jan 14 08:00:00 GMT+00:00 2015: Bases processed : AMPS-D,BOM-D,BSCL-D,EPHE-D,GBF-D,HYD-D,IEF-D,NYF-D,TENZ-D,UST-D,VCLT-D,VGIT-D,RUTH-D,OWW-D,NVCN-D,NMZ-D,ITCI-D,EEI-D,DLR-D,CLGX-D,BSCN-D,BIE-D,BBRY-D,ADVS-D,
Wed Jan 14 08:00:00 GMT+00:00 2015: signals : 
Wed Jan 14 08:00:00 GMT+00:00 2015: Signals ordered by strength : 
Thu Jan 15 08:00:00 GMT+00:00 2015 : Watchlists added : 
Thu Jan 15 08:00:00 GMT+00:00 2015: Bases processed : CRED-D,CXA-D,IBMI-D,IEI-D,MNP-D,MYN-D,NXJ-D,NXN-D,NZF-D,PML-D,SCHR-D,NIQ-D,MUB-D,MNE-D,MGF-D,ITM-D,BOS-D,WDTI-D,NTES-D,HDB-D,RAI-D,EGP-D,INP-D,
Thu Jan 15 08:00:00 GMT+00:00 2015: signals : 
Thu Jan 15 08:00:00 GMT+00:00 2015: Signals ordered by strength : 
Fri Jan 16 08:00:00 GMT+00:00 2015 : Watchlists added : AYI,
Fri Jan 16 08:00:00 GMT+00:00 2015: Bases processed : AUMA-D,FXF-D,GGAL-D,GPN-D,IPHS-D,LFUS-D,WNS-D,WRI-D,VLGEA-D,SUBD-D,RAVE-D,INDY-D,GGAC-D,EPI-D,BEP-D,WSR-D,NCB-D,COKE-D,
Fri Jan 16 08:00:00 GMT+00:00 2015: signals : 
Fri Jan 16 08:00:00 GMT+00:00 2015: Signals ordered by strength : AYI(100.0), 
Tue Jan 20 08:00:00 GMT+00:00 2015 : Watchlists added : 
Tue Jan 20 08:00:00 GMT+00:00 2015: Bases processed : ACWV-D,BUD-D,DWAT-D,LWC-D,MCI-D,PDT-D,TM-D,PPH-D,INFY-D,INDA-D,IBCE-D,GEO-D,EIO-D,CLDX-D,TEP-D,ICUI-D,
Tue Jan 20 08:00:00 GMT+00:00 2015: signals : 
Tue Jan 20 08:00:00 GMT+00:00 2015: Signals ordered by strength : 
Wed Jan 21 08:00:00 GMT+00:00 2015 : Watchlists added : 
Wed Jan 21 08:00:00 GMT+00:00 2015: Bases processed : ASR-D,DRGS-D,PIN-D,PSO-D,TFI-D,TKC-D,TSEM-D,WX-D,UNFI-D,SJM-D,NSP-D,MRCY-D,KEYS-D,INDL-D,CNY-D,BRLI-D,ABCD-D,WEN-D,UTX-D,IIF-D,CRUS-D,SBGL-D,CHL-D,
Wed Jan 21 08:00:00 GMT+00:00 2015: signals : 
Wed Jan 21 08:00:00 GMT+00:00 2015: Signals ordered by strength : 
Thu Jan 22 08:00:00 GMT+00:00 2015 : Watchlists added : HELE,
Thu Jan 22 08:00:00 GMT+00:00 2015: Bases processed : CEV-D,FBND-D,FCHI-D,PBH-D,RLGY-D,RNP-D,SABR-D,TTM-D,TUR-D,TXT-D,VMC-D,VDC-D,TSM-D,NRF-D,KO-D,IVOG-D,ISLE-D,IMAX-D,HURC-D,HLT-D,HLS-D,HL-D,HEWG-D,FTLB-D,CNK-D,CLNY-D,CCI-D,CCF-D,BLKB-D,BAESY-D,AGU-D,ADP-D,WETF-D,STON-D,RMAX-D,FCA-D,EMCG-D,DWAQ-D,ARRY-D,AHP-D,
Thu Jan 22 08:00:00 GMT+00:00 2015: signals : AGU,
Thu Jan 22 08:00:00 GMT+00:00 2015: Signals ordered by strength : HELE(95.0), AGU(50.0), 
Fri Jan 23 08:00:00 GMT+00:00 2015 : Watchlists added : 
Fri Jan 23 08:00:00 GMT+00:00 2015: Bases processed : HEDJ-D,JPS-D,PUK-D,SNE-D,ULTA-D,VIPS-D,WBII-D,SBUX-D,RMCF-D,PJP-D,PDP-D,PAYX-D,LVLT-D,FHK-D,ERH-D,DXGE-D,CSWC-D,UNP-D,TSO-D,HPTO-D,SPAR-D,GD-D,BX-D,
Fri Jan 23 08:00:00 GMT+00:00 2015: signals : SBUX,
Fri Jan 23 08:00:00 GMT+00:00 2015: Signals ordered by strength : SBUX(140.0), 
Mon Jan 26 08:00:00 GMT+00:00 2015 : Watchlists added : 
Tue Jan 27 08:00:00 GMT+00:00 2015 : Watchlists added : 
Tue Jan 27 08:00:00 GMT+00:00 2015: Bases processed : CLY-D,JTP-D,LQD-D,NQU-D,PLBC-D,PSXP-D,VHT-D,TCEHY-D,SMG-D,SHYD-D,RALY-D,PDM-D,OIA-D,NYLDA-D,IXJ-D,INFA-D,HURN-D,GTS-D,GMOM-D,ESP-D,DL-D,CSTE-D,COSI-D,CARB-D,ANAC-D,AFB-D,WTT-D,VGR-D,RUK-D,JWB-D,JWA-D,INCY-D,HDRA-D,SRI-D,PSB-D,
Tue Jan 27 08:00:00 GMT+00:00 2015: signals : 
Tue Jan 27 08:00:00 GMT+00:00 2015: Signals ordered by strength : 
Wed Jan 28 08:00:00 GMT+00:00 2015 : Watchlists added : 
Wed Jan 28 08:00:00 GMT+00:00 2015: Bases processed : DOX-D,ENDP-D,EVO-D,FDIV-D,FLC-D,KCG-D,LPL-D,MMU-D,NKG-D,NNC-D,NPV-D,NVG-D,ORAN-D,PAYC-D,PBM-D,SKX-D,SPR-D,WOOD-D,SIMO-D,PEBK-D,NJ-D,MATX-D,KLIC-D,HBI-D,GIB-D,FWP-D,DTYL-D,CGI-D,CDXS-D,BND-D,BFR-D,ASX-D,ALDX-D,AGG-D,YARIY-D,TTC-D,SOCB-D,OC-D,KSM-D,KONA-D,FRFHF-D,COMM-D,AWRE-D,
Wed Jan 28 08:00:00 GMT+00:00 2015: signals : KLIC,
Wed Jan 28 08:00:00 GMT+00:00 2015: Signals ordered by strength : KLIC(40.0), 
Thu Jan 29 08:00:00 GMT+00:00 2015 : Watchlists added : 
Thu Jan 29 08:00:00 GMT+00:00 2015: Bases processed : CXE-D,HAE-D,ISIL-D,JHP-D,MKTO-D,NIM-D,NMY-D,VAR-D,ISTB-D,HAR-D,GHC-D,FUTS-D,ELUXY-D,EBSB-D,CCMP-D,BUNL-D,TTDKY-D,TRR-D,LRLCY-D,AZUR-D,BA-D,
Thu Jan 29 08:00:00 GMT+00:00 2015: signals : VAR,BA,
Thu Jan 29 08:00:00 GMT+00:00 2015: Signals ordered by strength : VAR(110.0), BA(70.0), 
Fri Jan 30 08:00:00 GMT+00:00 2015 : Watchlists added : 
Fri Jan 30 08:00:00 GMT+00:00 2015: Bases processed : AAPL-D,AKP-D,BSCM-D,CPRX-D,DFP-D,GVI-D,IPE-D,ITR-D,LEO-D,MZF-D,PNF-D,SLQD-D,HLIT-D,ENL-D,AGTC-D,ZAIS-D,UA-D,TROV-D,SRDX-D,RGC-D,MX-D,MPC-D,JYNT-D,ICB-D,CEA-D,BSCJ-D,BOND-D,AINC-D,VPV-D,MCHP-D,ENFC-D,BDL-D,
Fri Jan 30 08:00:00 GMT+00:00 2015: signals : 
Fri Jan 30 08:00:00 GMT+00:00 2015: Signals ordered by strength : 
Mon Feb 02 08:00:00 GMT+00:00 2015 : Watchlists added : 
Mon Feb 02 08:00:00 GMT+00:00 2015: Bases processed : BHK-D,DSM-D,EIV-D,FFC-D,NUO-D,PCK-D,RGCO-D,SBI-D,TIPZ-D,USDU-D,ZGNX-D,FRPH-D,FLWS-D,CUBI-D,CACC-D,GYEN-D,
Mon Feb 02 08:00:00 GMT+00:00 2015: signals : 
Mon Feb 02 08:00:00 GMT+00:00 2015: Signals ordered by strength : 
Tue Feb 03 08:00:00 GMT+00:00 2015 : Watchlists added : 
Tue Feb 03 08:00:00 GMT+00:00 2015: Bases processed : COST-D,FCAU-D,FPT-D,HEFA-D,JPIN-D,LDRI-D,LLNW-D,MHFI-D,MSCC-D,NMT-D,PAI-D,PRE-D,TIME-D,VRSK-D,UHAL-D,SEIC-D,NFRA-D,MWA-D,MENT-D,LPSB-D,KW-D,KSS-D,INT-D,IFEU-D,HRTG-D,HEI-D,FNGN-D,DSPG-D,CSGP-D,BRC-D,AMWD-D,ALQA-D,WTBA-D,LMOS-D,FTR-D,DTEGY-D,DST-D,ANCB-D,DAN-D,
Tue Feb 03 08:00:00 GMT+00:00 2015: signals : 
Tue Feb 03 08:00:00 GMT+00:00 2015: Signals ordered by strength : 
Wed Feb 04 08:00:00 GMT+00:00 2015 : Watchlists added : 
Wed Feb 04 08:00:00 GMT+00:00 2015: Bases processed : ASHS-D,CCOI-D,CMU-D,DTV-D,EGL-D,ETFC-D,ICL-D,JKE-D,JPGE-D,LM-D,MFSF-D,MIC-D,MSG-D,QTWN-D,RXI-D,SLGN-D,TLKGY-D,TREX-D,ULTI-D,TNAV-D,TARO-D,RE-D,OMCL-D,MHLD-D,MCY-D,LPX-D,IPGP-D,HRB-D,GIVE-D,AHL-D,LWAY-D,FBR-D,
Wed Feb 04 08:00:00 GMT+00:00 2015: signals : 
Wed Feb 04 08:00:00 GMT+00:00 2015: Signals ordered by strength : 
Thu Feb 05 08:00:00 GMT+00:00 2015 : Watchlists added : 
Thu Feb 05 08:00:00 GMT+00:00 2015: Bases processed : ADT-D,AKRX-D,BCE-D,BRCM-D,DASTY-D,DATA-D,DLPH-D,EL-D,EWRM-D,EXPO-D,JKH-D,JMM-D,JOUT-D,MKL-D,MSON-D,PCRX-D,PPA-D,QLYS-D,RTM-D,RVP-D,SLAB-D,SNA-D,V-D,VXF-D,VBK-D,TYL-D,SMRT-D,SIGI-D,RWT-D,ROP-D,PAG-D,ORLY-D,NNI-D,NICE-D,MOFG-D,LDRH-D,KKR-D,KFRC-D,KBWP-D,HHS-D,FSS-D,FONE-D,FAD-D,DKL-D,DD-D,CHTR-D,CEB-D,CDI-D,BOOT-D,AWH-D,APD-D,AMSF-D,ABR-D,SBH-D,QUMU-D,BLL-D,
Thu Feb 05 08:00:00 GMT+00:00 2015: signals : BLL,
Thu Feb 05 08:00:00 GMT+00:00 2015: Signals ordered by strength : BLL(45.0), 
Fri Feb 06 08:00:00 GMT+00:00 2015 : Watchlists added : 
Fri Feb 06 08:00:00 GMT+00:00 2015: Bases processed : ALFA-D,AOR-D,BCOV-D,CPRT-D,EWRI-D,FBGX-D,FCOM-D,FRME-D,FTA-D,HRS-D,ITW-D,IWR-D,JKG-D,MGK-D,PVTB-D,QDEF-D,RPG-D,VO-D,VOE-D,VUG-D,WBS-D,WSFS-D,WAL-D,VRSN-D,VR-D,SXT-D,RZG-D,RFP-D,PFS-D,MSTR-D,MDLL-D,LNKD-D,JKK-D,IWF-D,HNI-D,FRC-D,FII-D,ESND-D,ENV-D,CSC-D,CME-D,CBM-D,CATY-D,BOH-D,BKMU-D,AMTD-D,ALOG-D,AJRD-D,AFH-D,VTWG-D,TGNA-D,SNV-D,PTF-D,ICE-D,FHN-D,DIVC-D,ATLC-D,IWO-D,
Fri Feb 06 08:00:00 GMT+00:00 2015: signals : 
Fri Feb 06 08:00:00 GMT+00:00 2015: Signals ordered by strength : 
Mon Feb 09 08:00:00 GMT+00:00 2015 : Watchlists added : 
Mon Feb 09 08:00:00 GMT+00:00 2015: Bases processed : HPI-D,MSI-D,RTEC-D,ORA-D,IRIX-D,HAS-D,ANIP-D,AHS-D,
Mon Feb 09 08:00:00 GMT+00:00 2015: signals : HAS,
Mon Feb 09 08:00:00 GMT+00:00 2015: Signals ordered by strength : HAS(45.0), 
Tue Feb 10 08:00:00 GMT+00:00 2015 : Watchlists added : 
Tue Feb 10 08:00:00 GMT+00:00 2015: Bases processed : APH-D,BLK-D,FVL-D,PINC-D,TTFS-D,URBN-D,VTTI-D,TW-D,SIAL-D,SEE-D,RAX-D,NHF-D,MOH-D,MODN-D,FWV-D,FRGI-D,AON-D,PSI-D,MLM-D,HIHO-D,
Tue Feb 10 08:00:00 GMT+00:00 2015: signals : SEE,
Tue Feb 10 08:00:00 GMT+00:00 2015: Signals ordered by strength : SEE(75.0), 
Wed Feb 11 08:00:00 GMT+00:00 2015 : Watchlists added : 
Wed Feb 11 08:00:00 GMT+00:00 2015: Bases processed : APOG-D,ARKK-D,ARW-D,DNB-D,IWY-D,MCRL-D,PEP-D,PKW-D,SBFG-D,SCI-D,TXN-D,VOT-D,WBA-D,WBIH-D,WSH-D,WU-D,XPH-D,ZTS-D,VOYA-D,TMH-D,SGU-D,SEMI-D,RAD-D,PSJ-D,PLCM-D,PII-D,NTRS-D,MOS-D,MON-D,MIDD-D,IP-D,INXN-D,ICBK-D,GCV-D,FTC-D,FIBG-D,EGBN-D,CTLT-D,CAP-D,BLBD-D,ASMB-D,AIR-D,PNRA-D,BZQ-D,BT-D,
Wed Feb 11 08:00:00 GMT+00:00 2015: signals : SCI,
Wed Feb 11 08:00:00 GMT+00:00 2015: Signals ordered by strength : SCI(85.0), 
Thu Feb 12 08:00:00 GMT+00:00 2015 : Watchlists added : 
Thu Feb 12 08:00:00 GMT+00:00 2015: Bases processed : ADX-D,AKAM-D,AVT-D,CFA-D,CPI-D,DGRW-D,DXYN-D,EPAM-D,EQLT-D,EUSA-D,FLGE-D,FMK-D,FXD-D,ICLR-D,IELG-D,IJJ-D,INTL-D,IVOV-D,IVW-D,IWB-D,IWV-D,LMCK-D,LXFT-D,MDCA-D,MERC-D,NDAQ-D,NTWK-D,ONEK-D,PXMV-D,QDYN-D,QEH-D,QUAL-D,RCD-D,RDVY-D,RFG-D,RSP-D,RWK-D,RWL-D,SAIC-D,SATS-D,SCHB-D,SCHX-D,SFLA-D,SIZE-D,SPYG-D,TACO-D,THRK-D,TNDQ-D,TY-D,VONE-D,VONG-D,VOO-D,VOOG-D,VTI-D,XLB-D,XRT-D,XSW-D,VV-D,VUSE-D,VB-D,STNR-D,STMP-D,STC-D,SSD-D,SNPS-D,SCOR-D,SCHA-D,QQXT-D,QQEW-D,PXMG-D,PSCT-D,PBS-D,OTEX-D,ONEQ-D,NXST-D,NVDA-D,MRTN-D,MATL-D,MASI-D,LVMUY-D,IUSG-D,IPG-D,HUBS-D,GM-D,GIII-D,FXL-D,FTEC-D,FPX-D,FNDA-D,FDN-D,FBG-D,EZY-D,EZM-D,EXPE-D,EQWS-D,DBGR-D,CZA-D,CYBR-D,CYAN-D,CRBN-D,CIGI-D,BMS-D,BFOR-D,AMP-D,AFG-D,CYRN-D,BMA-D,
Thu Feb 12 08:00:00 GMT+00:00 2015: signals : 
Thu Feb 12 08:00:00 GMT+00:00 2015: Signals ordered by strength : 
Fri Feb 13 08:00:00 GMT+00:00 2015 : Watchlists added : 
Fri Feb 13 08:00:00 GMT+00:00 2015: Bases processed : ALTV-D,AOA-D,BKD-D,BSCO-D,CIVB-D,CSM-D,DBEF-D,DBEU-D,EIGI-D,ENTL-D,EQL-D,EQWM-D,FAB-D,FNDB-D,FNDX-D,FTCS-D,HDG-D,HEEM-D,HRL-D,IESM-D,IWL-D,IXN-D,IYJ-D,JCOM-D,KAR-D,LOWC-D,MGC-D,MTK-D,NEWR-D,OMAM-D,QDF-D,QLD-D,QQQ-D,RFV-D,SPUU-D,SSO-D,TDIV-D,TECL-D,TQQQ-D,UPRO-D,UXI-D,VGT-D,VLUE-D,WAB-D,WBC-D,WWAV-D,XLK-D,XPO-D,WTFC-D,VTWO-D,VRML-D,VIOO-D,VBR-D,TWOK-D,SWK-D,SPXL-D,SPHB-D,SNX-D,SBAC-D,RYJ-D,RTIX-D,RTI-D,ROM-D,QTWO-D,PXLG-D,PWC-D,PAM-D,OA-D,NHYDY-D,MPWR-D,LBTYK-D,LBTYA-D,JKJ-D,JKI-D,IYY-D,IYW-D,IWM-D,IVV-D,ITOT-D,IPOS-D,INGN-D,IJR-D,IGV-D,IGM-D,HBMD-D,HBAN-D,HASI-D,EXT-D,EMCI-D,DTD-D,DAVE-D,COLM-D,CMCSK-D,CMCSA-D,CLS-D,CFO-D,CFG-D,CAPE-D,BPFH-D,BBP-D,AVG-D,WWE-D,SKYY-D,QLIK-D,RYT-D,HACK-D,KING-D,ISSI-D,DAX-D,BIG-D,
Fri Feb 13 08:00:00 GMT+00:00 2015: signals : EIGI,
Fri Feb 13 08:00:00 GMT+00:00 2015: Signals ordered by strength : EIGI(190.0), 
Tue Feb 17 08:00:00 GMT+00:00 2015 : Watchlists added : 
Tue Feb 17 08:00:00 GMT+00:00 2015: Bases processed : ATRO-D,BZM-D,CBPO-D,CFGE-D,CFNL-D,EPS-D,FMAT-D,GV-D,INKM-D,LCI-D,MBFI-D,OEF-D,PATK-D,PRF-D,PRXL-D,PSK-D,RBC-D,RGA-D,RIGL-D,RPV-D,VDSI-D,VIG-D,XLG-D,WGP-D,WEA-D,VT-D,UWM-D,TUSA-D,TOFR-D,SMH-D,SLY-D,SKUL-D,SCS-D,RWC-D,ROG-D,PXQ-D,PRTA-D,PAHC-D,NEWT-D,MPG-D,MMTM-D,MGU-D,LNG-D,DWAS-D,CVT-D,BANR-D,B-D,AFL-D,ADI-D,ABT-D,WTM-D,UCBI-D,MNA-D,
Tue Feb 17 08:00:00 GMT+00:00 2015: signals : CBPO,LCI,
Tue Feb 17 08:00:00 GMT+00:00 2015: Signals ordered by strength : CBPO(130.0), LCI(125.0), 
Wed Feb 18 08:00:00 GMT+00:00 2015 : Watchlists added : LNKD,
Wed Feb 18 08:00:00 GMT+00:00 2015: Bases processed : CKX-D,ESMC-D,GAM-D,IGN-D,IPO-D,JBT-D,NCT-D,SGMO-D,TXRH-D,VEGA-D,WGBS-D,VEEV-D,SAA-D,RUBI-D,PMCS-D,MCS-D,MATH-D,KE-D,HXL-D,HIFS-D,HEWJ-D,HAIN-D,FJP-D,DXJ-D,DHR-D,CNI-D,CHE-D,BSQR-D,ATE-D,A-D,WNC-D,DE-D,ADBE-D,VSAT-D,MLR-D,
Wed Feb 18 08:00:00 GMT+00:00 2015: signals : 
Wed Feb 18 08:00:00 GMT+00:00 2015: Signals ordered by strength : LNKD(180.0), 
Thu Feb 19 08:00:00 GMT+00:00 2015 : Watchlists added : EPAM,
Thu Feb 19 08:00:00 GMT+00:00 2015: Bases processed : ATROB-D,BJRI-D,CNCE-D,DGRS-D,EWJ-D,EWN-D,FCCO-D,FIDU-D,INGIY-D,IRY-D,JEQ-D,JPMV-D,KXI-D,MA-D,NCLH-D,NICK-D,NOBL-D,PBF-D,PCTY-D,QJPN-D,SYNT-D,WBIE-D,WERN-D,WST-D,XLI-D,VLO-D,VHC-D,VAW-D,SLYG-D,RLD-D,R-D,PRFZ-D,MJN-D,LVNTA-D,LDOS-D,FYX-D,FXR-D,FORM-D,FNFV-D,FIF-D,CNA-D,CLFD-D,CHDN-D,AYR-D,AXLL-D,AVOL-D,ADSK-D,ADPT-D,XLV-D,WPPGY-D,NSAM-D,EBAY-D,IBLN-D,
Thu Feb 19 08:00:00 GMT+00:00 2015: signals : 
Thu Feb 19 08:00:00 GMT+00:00 2015: Signals ordered by strength : EPAM(175.0), 
Fri Feb 20 08:00:00 GMT+00:00 2015 : Watchlists added : 
Fri Feb 20 08:00:00 GMT+00:00 2015: Bases processed : CSD-D,DDM-D,DIA-D,DSI-D,EQWL-D,FRP-D,JWN-D,MDYV-D,MMM-D,MOO-D,RGI-D,ROST-D,SAAS-D,SPHQ-D,TFX-D,TMO-D,UDOW-D,VIS-D,WCG-D,Y-D,ZSPH-D,WRLD-D,VEC-D,URTH-D,THO-D,ST-D,SOXX-D,SOXL-D,QUAD-D,QQQE-D,PCLN-D,ONCE-D,LOGM-D,LL-D,KS-D,IYK-D,INTU-D,GTT-D,EQIX-D,EIG-D,DLN-D,DISH-D,CURE-D,BCV-D,ARIA-D,AMOT-D,CPHI-D,CIZ-D,
Fri Feb 20 08:00:00 GMT+00:00 2015: signals : 
Fri Feb 20 08:00:00 GMT+00:00 2015: Signals ordered by strength : 
Mon Feb 23 08:00:00 GMT+00:00 2015 : Watchlists added : 
Mon Feb 23 08:00:00 GMT+00:00 2015: Bases processed : AVY-D,AXTA-D,AZO-D,FLTX-D,GAL-D,JGBL-D,KMG-D,STWD-D,TECH-D,UGE-D,TERP-D,STS-D,SPLP-D,SIXD-D,RGEN-D,PRN-D,PPO-D,NVMI-D,NRZ-D,MDVN-D,JBHT-D,IG-D,FUN-D,FIG-D,FIA-D,FDP-D,ESRX-D,ESLT-D,EEFT-D,DPZ-D,DG-D,COWN-D,CMRX-D,BDX-D,ISDR-D,AAC-D,
Mon Feb 23 08:00:00 GMT+00:00 2015: signals : NRZ,
Mon Feb 23 08:00:00 GMT+00:00 2015: Signals ordered by strength : NRZ(50.0), 
Tue Feb 24 08:00:00 GMT+00:00 2015 : Watchlists added : 
Tue Feb 24 08:00:00 GMT+00:00 2015: Bases processed : DGRO-D,EOS-D,EVT-D,EXPD-D,ITF-D,JKL-D,NKY-D,PWV-D,RORO-D,SCHD-D,SYLD-D,TMK-D,VAL-D,VTV-D,VYM-D,UFPI-D,TWC-D,TILT-D,TCON-D,SYE-D,STT-D,SMTC-D,SHLM-D,SF-D,SCHW-D,RWJ-D,RJF-D,QSR-D,PXLV-D,PHM-D,PCLB-D,OZRK-D,OTTR-D,OMN-D,MOGA-D,MGLN-D,LGF-D,LBTYB-D,LBRDA-D,KNOW-D,KBWB-D,JPM-D,JBL-D,IWC-D,ING-D,IDCC-D,IAI-D,HDS-D,GIL-D,FDM-D,FCCY-D,EMAN-D,ECON-D,DW-D,DSW-D,DK-D,DDS-D,CSII-D,CSF-D,CR-D,CHT-D,CHGG-D,CGEMY-D,CBRL-D,BK-D,ARMH-D,AMG-D,AGO-D,ASML-D,ASMI-D,ANCX-D,
Tue Feb 24 08:00:00 GMT+00:00 2015: signals : 
Tue Feb 24 08:00:00 GMT+00:00 2015: Signals ordered by strength : 
Wed Feb 25 08:00:00 GMT+00:00 2015 : Watchlists added : 
Wed Feb 25 08:00:00 GMT+00:00 2015: Bases processed : AOK-D,GRUB-D,KLD-D,LQ-D,OMC-D,TJX-D,VFC-D,VOOV-D,WFC-D,WCIC-D,VG-D,USCR-D,TGT-D,SUSQ-D,STRZA-D,SSP-D,SSH-D,SPIL-D,SFBC-D,QTNT-D,OSIR-D,ORFR-D,ONFC-D,NEOG-D,NDSN-D,MTX-D,MAG-D,LARK-D,IL-D,HMHC-D,ECL-D,CW-D,CVU-D,CMN-D,CERU-D,CCK-D,CBAN-D,BSFT-D,BNFT-D,ARQL-D,AGA-D,ZAGG-D,ACN-D,SYG-D,SPNS-D,
Wed Feb 25 08:00:00 GMT+00:00 2015: signals : 
Wed Feb 25 08:00:00 GMT+00:00 2015: Signals ordered by strength : 
Thu Feb 26 08:00:00 GMT+00:00 2015 : Watchlists added : 
Thu Feb 26 08:00:00 GMT+00:00 2015: Bases processed : ARI-D,CRM-D,ESE-D,IPK-D,IUSB-D,PNQI-D,STXX-D,TGS-D,UVE-D,WBB-D,VLRS-D,SPOK-D,SOIL-D,SIGM-D,OTEL-D,NEWM-D,NEON-D,NASH-D,MEI-D,LHCG-D,KYO-D,JNP-D,IPS-D,IPCC-D,HAWK-D,GLOB-D,FYT-D,ELGX-D,EEMA-D,DGII-D,CYBX-D,CRI-D,CHCO-D,CBPX-D,BKS-D,BHLB-D,ATOS-D,AMED-D,ALN-D,AIA-D,XXIA-D,WNR-D,AB-D,
Thu Feb 26 08:00:00 GMT+00:00 2015: signals : 
Thu Feb 26 08:00:00 GMT+00:00 2015: Signals ordered by strength : 
Fri Feb 27 08:00:00 GMT+00:00 2015 : Watchlists added : 
Fri Feb 27 08:00:00 GMT+00:00 2015: Bases processed : CMK-D,CSU-D,NWYF-D,PFF-D,VRNT-D,TUMI-D,SUNS-D,SPLK-D,SOR-D,NYCB-D,NPTN-D,LAWS-D,KAI-D,IDI-D,GMK-D,GCAP-D,FLY-D,FIX-D,FCB-D,DHG-D,DBAP-D,CN-D,BLOX-D,BIO-D,ABTL-D,AVID-D,ARES-D,
Fri Feb 27 08:00:00 GMT+00:00 2015: signals : 
Fri Feb 27 08:00:00 GMT+00:00 2015: Signals ordered by strength : 
Mon Mar 02 08:00:00 GMT+00:00 2015 : Watchlists added : 
Mon Mar 02 08:00:00 GMT+00:00 2015: Bases processed : AMAT-D,BPOP-D,PSF-D,QTEC-D,SRCL-D,VICR-D,XL-D,WMC-D,USD-D,UHS-D,TSQ-D,STM-D,STBZ-D,SMMF-D,RVSB-D,PXSV-D,PSCI-D,PLOW-D,PGTI-D,PETX-D,OHRP-D,OFIX-D,NVEE-D,NLNK-D,MKSI-D,MACK-D,LEG-D,KOPN-D,GWB-D,GBNK-D,FCS-D,FCH-D,DVAX-D,DAC-D,CPIX-D,CISG-D,CGNX-D,ARG-D,XBKS-D,NTT-D,CHMT-D,LTRPA-D,
Mon Mar 02 08:00:00 GMT+00:00 2015: signals : 
Mon Mar 02 08:00:00 GMT+00:00 2015: Signals ordered by strength : 
Tue Mar 03 08:00:00 GMT+00:00 2015 : Watchlists added : 
Tue Mar 03 08:00:00 GMT+00:00 2015: Bases processed : DKS-D,ERI-D,PIN-D,UN-D,TSRI-D,SBBX-D,OUT-D,OREX-D,NTRI-D,NTN-D,NTK-D,MTG-D,LEAF-D,JD-D,GLP-D,FLKS-D,EPI-D,DTSI-D,DPLO-D,DNBF-D,AT-D,ALLB-D,DCM-D,
Tue Mar 03 08:00:00 GMT+00:00 2015: signals : 
Tue Mar 03 08:00:00 GMT+00:00 2015: Signals ordered by strength : 
Wed Mar 04 08:00:00 GMT+00:00 2015 : Watchlists added : 
Wed Mar 04 08:00:00 GMT+00:00 2015: Bases processed : IBP-D,SPTN-D,UEPS-D,SYBT-D,RSSS-D,OMER-D,OLN-D,MRCC-D,HCA-D,FLXN-D,DRR-D,DDAIF-D,AMBA-D,ACHC-D,ECOL-D,BMY-D,ADMP-D,ALNY-D,AJX-D,
Wed Mar 04 08:00:00 GMT+00:00 2015: signals : OLN,BMY,
Wed Mar 04 08:00:00 GMT+00:00 2015: Signals ordered by strength : BMY(65.0), OLN(30.0), 
Thu Mar 05 08:00:00 GMT+00:00 2015 : Watchlists added : 
Thu Mar 05 08:00:00 GMT+00:00 2015: Bases processed : ALDW-D,ATRS-D,BFIN-D,BLUE-D,BME-D,CBF-D,CFI-D,CL-D,CLDN-D,CORT-D,CPGI-D,CY-D,FMER-D,GTN-D,HCBK-D,ICLN-D,MRTX-D,MVIS-D,MXIM-D,POWR-D,PTX-D,QURE-D,RARE-D,RCPT-D,SIEN-D,TRCB-D,USPH-D,
Thu Mar 05 08:00:00 GMT+00:00 2015: signals : 
Thu Mar 05 08:00:00 GMT+00:00 2015: Signals ordered by strength : 
Fri Mar 06 08:00:00 GMT+00:00 2015 : Watchlists added : 
Fri Mar 06 08:00:00 GMT+00:00 2015: Bases processed : ATSG-D,AUMA-D,BBT-D,BBY-D,COO-D,FBMS-D,FL-D,FULT-D,HIG-D,IAK-D,IAT-D,IRS-D,IYG-D,KBE-D,KLXI-D,KRE-D,KRU-D,LNC-D,ORBK-D,PCTI-D,PNC-D,PRQR-D,STI-D,SYA-D,TBRA-D,TRMK-D,TYPE-D,USB-D,XLF-D,
Fri Mar 06 08:00:00 GMT+00:00 2015: signals : 
Fri Mar 06 08:00:00 GMT+00:00 2015: Signals ordered by strength : 
Mon Mar 09 08:00:00 GMT+00:00 2015 : Watchlists added : 
Mon Mar 09 08:00:00 GMT+00:00 2015: Bases processed : AGRO-D,BLMT-D,FCBC-D,FSNN-D,GARS-D,GBR-D,GILT-D,MAC-D,MAN-D,MSBF-D,PLT-D,PNK-D,REPH-D,RKUS-D,RMD-D,SCAI-D,UTIW-D,
Mon Mar 09 08:00:00 GMT+00:00 2015: signals : 
Mon Mar 09 08:00:00 GMT+00:00 2015: Signals ordered by strength : 
Tue Mar 10 08:00:00 GMT+00:00 2015 : Watchlists added : 
Tue Mar 10 08:00:00 GMT+00:00 2015: Bases processed : BSJM-D,BWINA-D,FOLD-D,GERN-D,GLL-D,MLVF-D,OTIC-D,PBCP-D,WBIA-D,
Tue Mar 10 08:00:00 GMT+00:00 2015: signals : 
Tue Mar 10 08:00:00 GMT+00:00 2015: Signals ordered by strength : 
Wed Mar 11 08:00:00 GMT+00:00 2015 : Watchlists added : 
Wed Mar 11 08:00:00 GMT+00:00 2015: Bases processed : CHNB-D,DGLD-D,FMD-D,HCHC-D,MYL-D,RDI-D,RPTP-D,SIFI-D,SURG-D,
Wed Mar 11 08:00:00 GMT+00:00 2015: signals : 
Wed Mar 11 08:00:00 GMT+00:00 2015: Signals ordered by strength : 
Thu Mar 12 08:00:00 GMT+00:00 2015 : Watchlists added : 
Thu Mar 12 08:00:00 GMT+00:00 2015: Bases processed : AFSI-D,AMFC-D,BAYRY-D,BIOB-D,CSBK-D,CVGW-D,CZFC-D,DVCR-D,DXJH-D,DXJS-D,HOMB-D,HYH-D,INDB-D,KBWC-D,KBWR-D,KEY-D,LBRDK-D,METR-D,MTN-D,MYRG-D,OLED-D,PARR-D,PBIP-D,PLCE-D,RLI-D,SASR-D,SBCF-D,SCLN-D,SFNC-D,SGMS-D,STRP-D,SYNC-D,TBNK-D,TOWN-D,TR-D,TWOU-D,TXMD-D,VSTM-D,VTL-D,
Thu Mar 12 08:00:00 GMT+00:00 2015: signals : 
Thu Mar 12 08:00:00 GMT+00:00 2015: Signals ordered by strength : 
Fri Mar 13 08:00:00 GMT+00:00 2015 : Watchlists added : 
Fri Mar 13 08:00:00 GMT+00:00 2015: Bases processed : BHV-D,CENT-D,CHFC-D,DGX-D,DSPG-D,DXJF-D,MBUU-D,MSO-D,PACW-D,PRMW-D,QADA-D,SAGE-D,SMLL-D,SUPN-D,UAM-D,VLGEA-D,
Fri Mar 13 08:00:00 GMT+00:00 2015: signals : 
Fri Mar 13 08:00:00 GMT+00:00 2015: Signals ordered by strength : 
Mon Mar 16 08:00:00 GMT+00:00 2015 : Watchlists added : 
Mon Mar 16 08:00:00 GMT+00:00 2015: Bases processed : BHB-D,CAF-D,CRMT-D,CSFL-D,CSLS-D,CTSO-D,CUK-D,DHIL-D,DTO-D,ESS-D,EW-D,FCNCA-D,FEIM-D,GOOD-D,GPIC-D,IHDG-D,IVZ-D,JOF-D,JPP-D,KBA-D,KCE-D,MATW-D,ORLY-D,PEK-D,PFI-D,PFSI-D,PKI-D,QDEU-D,QGEN-D,REGN-D,REV-D,ROL-D,SBNY-D,SC-D,SPNC-D,SSI-D,STBA-D,STE-D,SZO-D,TLMR-D,TRVN-D,UBSI-D,VRTX-D,WAT-D,WMCR-D,ZNH-D,ZOES-D,
Mon Mar 16 08:00:00 GMT+00:00 2015: signals : 
Mon Mar 16 08:00:00 GMT+00:00 2015: Signals ordered by strength : 
Tue Mar 17 08:00:00 GMT+00:00 2015 : Watchlists added : 
Tue Mar 17 08:00:00 GMT+00:00 2015: Bases processed : AFMD-D,AIN-D,AKER-D,ASHR-D,AUPH-D,BDE-D,BGCP-D,CEN-D,CENTA-D,CLNY-D,FXO-D,GNE-D,ISBC-D,NTDOY-D,ODFL-D,PRGO-D,PRSC-D,QRVO-D,QUNR-D,REIS-D,SUNE-D,TCEHY-D,TEO-D,WFBI-D,XTN-D,
Tue Mar 17 08:00:00 GMT+00:00 2015: signals : 
Tue Mar 17 08:00:00 GMT+00:00 2015: Signals ordered by strength : 
Wed Mar 18 08:00:00 GMT+00:00 2015 : Watchlists added : AMBA,
Wed Mar 18 08:00:00 GMT+00:00 2015: Bases processed : AAIT-D,ACIW-D,AMCX-D,AVX-D,BTX-D,CAJ-D,CANF-D,CBG-D,CCBG-D,CDK-D,CMD-D,CMT-D,CPLP-D,CRESY-D,CSH-D,CVG-D,DBAW-D,DFJ-D,DNO-D,EES-D,EFFE-D,FAS-D,FINU-D,GLPI-D,HTBK-D,INCO-D,IPKW-D,IWN-D,JAZZ-D,JFC-D,KIE-D,MDSO-D,OEC-D,PGR-D,RSCO-D,RWW-D,SSB-D,SSFN-D,SXI-D,TEVA-D,TGTX-D,TRNM-D,TWX-D,UYG-D,SEB-D,PXSG-D,NVO-D,MCO-D,FUJIY-D,AIG-D,
Wed Mar 18 08:00:00 GMT+00:00 2015: signals : 
Wed Mar 18 08:00:00 GMT+00:00 2015: Signals ordered by strength : AMBA(185.0), 
Thu Mar 19 08:00:00 GMT+00:00 2015 : Watchlists added : 
Thu Mar 19 08:00:00 GMT+00:00 2015: Bases processed : ARKQ-D,CET-D,CO-D,ELS-D,GNMA-D,MDP-D,NVRO-D,RYL-D,SFS-D,TLYS-D,TWO-D,VASC-D,TMUS-D,THRM-D,THQ-D,STRN-D,SONC-D,SCVL-D,RPX-D,RNDY-D,QBAK-D,NXTD-D,MTD-D,MGCD-D,LAD-D,ISIS-D,INSM-D,DENN-D,JUNO-D,FB-D,EVHC-D,
Thu Mar 19 08:00:00 GMT+00:00 2015: signals : 
Thu Mar 19 08:00:00 GMT+00:00 2015: Signals ordered by strength : 
Fri Mar 20 08:00:00 GMT+00:00 2015 : Watchlists added : 
Fri Mar 20 08:00:00 GMT+00:00 2015: Bases processed : AOM-D,DES-D,EFAV-D,ESCA-D,ESRT-D,EVBN-D,EXR-D,FRM-D,IPAC-D,JMP-D,LXU-D,MORE-D,RWG-D,SGBK-D,SHEN-D,SLG-D,XMLV-D,XSLV-D,VTWV-D,VIOV-D,UTMD-D,UHT-D,UDR-D,UCBA-D,TER-D,TAN-D,SUI-D,STOR-D,SGC-D,SBRA-D,RTN-D,ROIC-D,PRGS-D,PKBK-D,PGRE-D,OFC-D,OC-D,NKE-D,MTSC-D,MTRN-D,MGNX-D,LLY-D,KNX-D,KNL-D,JRVR-D,JBAXY-D,INFI-D,IJS-D,ICFI-D,HPT-D,HPP-D,HNI-D,HMTV-D,HMN-D,HILL-D,GPT-D,GEO-D,FWDD-D,FRT-D,FNX-D,FGM-D,ERB-D,EQR-D,ENSG-D,ELOS-D,EIRL-D,CRWN-D,CLBH-D,BOND-D,BLKB-D,AWR-D,ASR-D,ARE-D,AAL-D,XHR-D,WTBA-D,WSR-D,
Fri Mar 20 08:00:00 GMT+00:00 2015: signals : 
Fri Mar 20 08:00:00 GMT+00:00 2015: Signals ordered by strength : 
Mon Mar 23 08:00:00 GMT+00:00 2015 : Watchlists added : 
Mon Mar 23 08:00:00 GMT+00:00 2015: Bases processed : ACWI-D,BNDX-D,CLX-D,EXAM-D,KWT-D,NP-D,PFE-D,PSG-D,QINC-D,SMLV-D,WDFC-D,VR-D,VFH-D,TSYS-D,SYV-D,SSS-D,SFLY-D,SEM-D,PZE-D,OLP-D,NAP-D,MTB-D,MRLN-D,MRKT-D,MRH-D,MINI-D,LPNT-D,LNCE-D,KBWI-D,JSC-D,IPD-D,GNCMA-D,FRPT-D,FEUZ-D,ELY-D,DIM-D,CUNB-D,BABY-D,AXR-D,AWI-D,AVB-D,ATRC-D,ARLUF-D,APF-D,ALG-D,AEC-D,ABG-D,AADR-D,NBBC-D,FUR-D,
Mon Mar 23 08:00:00 GMT+00:00 2015: signals : 
Mon Mar 23 08:00:00 GMT+00:00 2015: Signals ordered by strength : 
Tue Mar 24 08:00:00 GMT+00:00 2015 : Watchlists added : 
Tue Mar 24 08:00:00 GMT+00:00 2015: Bases processed : ACG-D,CEA-D,MBB-D,POOL-D,SYKE-D,TRGT-D,WGO-D,SHAK-D,PLPM-D,OVAS-D,ODC-D,MLNK-D,MKCV-D,MKC-D,LWAY-D,INUV-D,HIFR-D,HEIA-D,HECO-D,GZT-D,BEP-D,AIRT-D,TWTR-D,KEN-D,CYTR-D,
Tue Mar 24 08:00:00 GMT+00:00 2015: signals : 
Tue Mar 24 08:00:00 GMT+00:00 2015: Signals ordered by strength : 
Wed Mar 25 08:00:00 GMT+00:00 2015 : Watchlists added : EW,
Wed Mar 25 08:00:00 GMT+00:00 2015: Bases processed : BSCL-D,CPE-D,FBND-D,KRFT-D,LB-D,LNDC-D,MONY-D,MTS-D,SUBD-D,SNX-D,SCJ-D,RXDX-D,RDIB-D,IESC-D,EFO-D,DBOEF-D,
Wed Mar 25 08:00:00 GMT+00:00 2015: signals : 
Wed Mar 25 08:00:00 GMT+00:00 2015: Signals ordered by strength : EW(95.0), 
Thu Mar 26 08:00:00 GMT+00:00 2015 : Watchlists added : 
Thu Mar 26 08:00:00 GMT+00:00 2015: Bases processed : SIG-D,RHT-D,LAZ-D,HOT-D,HDRA-D,FSGI-D,
Thu Mar 26 08:00:00 GMT+00:00 2015: signals : SIG,
Thu Mar 26 08:00:00 GMT+00:00 2015: Signals ordered by strength : SIG(50.0), 
Fri Mar 27 08:00:00 GMT+00:00 2015 : Watchlists added : 
Fri Mar 27 08:00:00 GMT+00:00 2015: Bases processed : FWP-D,GTPS-D,MHF-D,ROLL-D,TDF-D,TIK-D,RAD-D,KTCC-D,FBR-D,CCL-D,ALTR-D,
Fri Mar 27 08:00:00 GMT+00:00 2015: signals : 
Fri Mar 27 08:00:00 GMT+00:00 2015: Signals ordered by strength : 
Mon Mar 30 08:00:00 GMT+00:00 2015 : Watchlists added : 
Mon Mar 30 08:00:00 GMT+00:00 2015: Bases processed : ADS-D,CACI-D,CHN-D,FCEB-D,GIS-D,MUSA-D,XPP-D,YINN-D,SHI-D,RH-D,PRFT-D,PLMT-D,PETS-D,OSIS-D,MMAC-D,KMX-D,KFY-D,HRC-D,HMPR-D,FCEA-D,EWH-D,CNXR-D,CHNA-D,CHIX-D,CHII-D,AN-D,AMSF-D,ABAX-D,AAON-D,WGL-D,NWHM-D,
Mon Mar 30 08:00:00 GMT+00:00 2015: signals : 
Mon Mar 30 08:00:00 GMT+00:00 2015: Signals ordered by strength : 
Tue Mar 31 08:00:00 GMT+00:00 2015 : Watchlists added : NTDOY,
Tue Mar 31 08:00:00 GMT+00:00 2015: Bases processed : FIVZ-D,FMF-D,HRS-D,IBDH-D,LBF-D,QAI-D,VRP-D,USNA-D,TPZ-D,STON-D,SPXH-D,SONA-D,PKB-D,PGJ-D,MCRI-D,LZB-D,JXSB-D,GPS-D,EFT-D,DST-D,DKL-D,BUSE-D,BAMM-D,ABCB-D,
Tue Mar 31 08:00:00 GMT+00:00 2015: signals : 
Tue Mar 31 08:00:00 GMT+00:00 2015: Signals ordered by strength : NTDOY(55.0), 
Wed Apr 01 08:00:00 GMT+00:00 2015 : Watchlists added : 
Wed Apr 01 08:00:00 GMT+00:00 2015: Bases processed : CMPR-D,DFVL-D,ECON-D,ENGN-D,EPHE-D,MUA-D,NAT-D,PAI-D,UWN-D,SRLP-D,SEMG-D,PFBC-D,OSBC-D,NVSL-D,MCBK-D,LMNS-D,IRDM-D,HCKT-D,BRKL-D,
Wed Apr 01 08:00:00 GMT+00:00 2015: signals : 
Wed Apr 01 08:00:00 GMT+00:00 2015: Signals ordered by strength : 
Thu Apr 02 08:00:00 GMT+00:00 2015 : Watchlists added : 
Thu Apr 02 08:00:00 GMT+00:00 2015: Bases processed : AGO-D,ARAY-D,ATNI-D,AXJV-D,CAG-D,CHA-D,CHIM-D,LANC-D,M-D,PAG-D,TRI-D,UCFC-D,XSOE-D,YAO-D,TNP-D,TAYD-D,STRZB-D,STFC-D,SPWH-D,SPG-D,SFG-D,RNST-D,RLGT-D,OCFC-D,NAVG-D,NATH-D,MCY-D,JPEM-D,HF-D,HBIO-D,HAO-D,GSM-D,GSBC-D,GOVT-D,FFNW-D,EXPR-D,ENTG-D,EMCG-D,ECNS-D,CSGS-D,CQQQ-D,
Thu Apr 02 08:00:00 GMT+00:00 2015: signals : 
Thu Apr 02 08:00:00 GMT+00:00 2015: Signals ordered by strength : 
Mon Apr 06 08:00:00 GMT+00:00 2015 : Watchlists added : 
Mon Apr 06 08:00:00 GMT+00:00 2015: Bases processed : BIP-D,FSBW-D,GBX-D,GMF-D,IDHQ-D,NXST-D,OMAB-D,PULB-D,RFV-D,RZV-D,SIX-D,SKOR-D,TXT-D,VDC-D,VXUS-D,TRTL-D,TOL-D,THG-D,SYUT-D,SCZ-D,ROAM-D,RDY-D,PRTO-D,PMD-D,OMCL-D,NWL-D,NNA-D,NECB-D,MIG-D,IMAX-D,HIW-D,FNDC-D,EVOK-D,EMDD-D,ELNK-D,EFG-D,DXJT-D,DRW-D,DOC-D,DIVC-D,CXSE-D,CPK-D,BWLA-D,BHK-D,ALX-D,ACH-D,
Mon Apr 06 08:00:00 GMT+00:00 2015: signals : 
Mon Apr 06 08:00:00 GMT+00:00 2015: Signals ordered by strength : 
Tue Apr 07 08:00:00 GMT+00:00 2015 : Watchlists added : 
Tue Apr 07 08:00:00 GMT+00:00 2015: Bases processed : BAL-D,DHG-D,DXYN-D,HOFT-D,IRMD-D,KTWO-D,MRGE-D,SMED-D,UMH-D,TRK-D,TAP-D,SKYAY-D,RMBS-D,PMBC-D,NLS-D,MYCC-D,LOAN-D,ISRA-D,IPOS-D,IEFA-D,FNI-D,DBJP-D,CYNO-D,CUDA-D,CLAC-D,CHU-D,CBZ-D,BLBD-D,AROW-D,ADUS-D,ZBRA-D,
Tue Apr 07 08:00:00 GMT+00:00 2015: signals : 
Tue Apr 07 08:00:00 GMT+00:00 2015: Signals ordered by strength : 
Wed Apr 08 08:00:00 GMT+00:00 2015 : Watchlists added : 
Wed Apr 08 08:00:00 GMT+00:00 2015: Bases processed : AAXJ-D,CHL-D,CYN-D,EVF-D,FLTB-D,GHII-D,IBCC-D,JPIN-D,SOHU-D,TAO-D,WD-D,VPL-D,VEA-D,SNPS-D,SMI-D,QQQC-D,PXR-D,PSJ-D,PDFS-D,NTES-D,NOAH-D,MHO-D,LULU-D,LGND-D,JRO-D,IEIL-D,GWL-D,GSH-D,FPXI-D,ETE-D,DZK-D,DSGX-D,CLACU-D,CHIQ-D,BONA-D,BNY-D,ASGN-D,APB-D,AMCN-D,
Wed Apr 08 08:00:00 GMT+00:00 2015: signals : 
Wed Apr 08 08:00:00 GMT+00:00 2015: Signals ordered by strength : 
Thu Apr 09 08:00:00 GMT+00:00 2015 : Watchlists added : 
Thu Apr 09 08:00:00 GMT+00:00 2015: Bases processed : CCO-D,EWRM-D,PGX-D,PIN-D,SHW-D,SMIN-D,TPHS-D,WBIE-D,WBIH-D,WPS-D,TLO-D,SYNA-D,SIMO-D,RNG-D,QLIK-D,NSEC-D,NOW-D,KWEB-D,KOLD-D,IX-D,EVI-D,ESRX-D,EIGI-D,DXCM-D,DL-D,CJJD-D,BCHP-D,ASMB-D,APOG-D,
Thu Apr 09 08:00:00 GMT+00:00 2015: signals : 
Thu Apr 09 08:00:00 GMT+00:00 2015: Signals ordered by strength : 
Fri Apr 10 08:00:00 GMT+00:00 2015 : Watchlists added : 
Fri Apr 10 08:00:00 GMT+00:00 2015: Bases processed : A-D,AOD-D,AXJS-D,BRO-D,BXMT-D,CCA-D,CDW-D,CYT-D,EMRE-D,EXL-D,GE-D,NVS-D,SANW-D,QTM-D,QCLN-D,NFO-D,NEO-D,MOAT-D,MELR-D,MDGN-D,GSBD-D,DXR-D,ALU-D,
Fri Apr 10 08:00:00 GMT+00:00 2015: signals : GE,
Fri Apr 10 08:00:00 GMT+00:00 2015: Signals ordered by strength : GE(20.0), 
Mon Apr 13 08:00:00 GMT+00:00 2015 : Watchlists added : 
Mon Apr 13 08:00:00 GMT+00:00 2015: Bases processed : DFP-D,DXKW-D,ENTL-D,GLO-D,HEEM-D,IQLT-D,IR-D,KFYP-D,PTSI-D,SPAN-D,SRLN-D,STK-D,TDY-D,TSE-D,TNGO-D,STCK-D,SQNM-D,SCIN-D,RTIX-D,PBIB-D,MFLX-D,KING-D,IVC-D,ISRG-D,INDL-D,GMED-D,FELE-D,FARO-D,ETO-D,ETM-D,DCO-D,CGIX-D,CCC-D,BLDR-D,AEPI-D,AERI-D,
Mon Apr 13 08:00:00 GMT+00:00 2015: signals : 
Mon Apr 13 08:00:00 GMT+00:00 2015: Signals ordered by strength : 
Tue Apr 14 08:00:00 GMT+00:00 2015 : Watchlists added : 
Tue Apr 14 08:00:00 GMT+00:00 2015: Bases processed : CARA-D,CUT-D,GS-D,IBCE-D,KLXI-D,RGS-D,WUBA-D,STDY-D,PRE-D,PGTI-D,PGEM-D,NPBC-D,MODN-D,LGL-D,IDHB-D,GWPH-D,GIB-D,CORI-D,CHKE-D,BMI-D,AXS-D,YORW-D,XRM-D,JPM-D,
Tue Apr 14 08:00:00 GMT+00:00 2015: signals : 
Tue Apr 14 08:00:00 GMT+00:00 2015: Signals ordered by strength : 
Wed Apr 15 08:00:00 GMT+00:00 2015 : Watchlists added : 
Wed Apr 15 08:00:00 GMT+00:00 2015: Bases processed : DCA-D,ECL-D,EQAL-D,EWRI-D,EWRS-D,FAB-D,FEX-D,GAA-D,JDD-D,JGBL-D,KXI-D,MSA-D,NGHC-D,PRF-D,ROIA-D,ROIAK-D,RSP-D,SPHB-D,WBIG-D,WVFC-D,ZSML-D,WINA-D,WBIB-D,TTHI-D,TMH-D,TAST-D,SWHC-D,SLYV-D,RDN-D,QABA-D,PLXS-D,OCLR-D,NTCT-D,NEWP-D,MW-D,KMI-D,IGA-D,HAWK-D,GVA-D,GSIG-D,FSZ-D,FSLR-D,EXLP-D,ECF-D,DXLG-D,DDC-D,DCM-D,CYRN-D,CNTR-D,CNHI-D,CLSN-D,CKSW-D,CBAN-D,FSS-D,ACIM-D,ABEO-D,AAC-D,
Wed Apr 15 08:00:00 GMT+00:00 2015: signals : 
Wed Apr 15 08:00:00 GMT+00:00 2015: Signals ordered by strength : 
Thu Apr 16 08:00:00 GMT+00:00 2015 : Watchlists added : 
Thu Apr 16 08:00:00 GMT+00:00 2015: Bases processed : ARKK-D,GII-D,ISL-D,MHE-D,PN-D,SBEU-D,SDT-D,UN-D,VEGA-D,VEOEY-D,VGR-D,UL-D,TRQ-D,TASR-D,SUM-D,SKYY-D,PNRA-D,NJ-D,NFLX-D,MRIC-D,MNOV-D,IXG-D,IPHS-D,HACK-D,GTOMY-D,FPA-D,FDN-D,FBP-D,EZA-D,EOC-D,EFAD-D,DATA-D,CYBR-D,BRSS-D,ADRA-D,ACU-D,ENZN-D,
Thu Apr 16 08:00:00 GMT+00:00 2015: signals : 
Thu Apr 16 08:00:00 GMT+00:00 2015: Signals ordered by strength : 
Fri Apr 17 08:00:00 GMT+00:00 2015 : Watchlists added : 
Fri Apr 17 08:00:00 GMT+00:00 2015: Bases processed : CRDT-D,EVM-D,NAN-D,RICK-D,SOCB-D,VWR-D,VIMC-D,RWXL-D,MOKO-D,MIFI-D,LSBG-D,KALU-D,IFV-D,FWDI-D,FATE-D,CE-D,AMS-D,
Fri Apr 17 08:00:00 GMT+00:00 2015: signals : 
Fri Apr 17 08:00:00 GMT+00:00 2015: Signals ordered by strength : 
Mon Apr 20 08:00:00 GMT+00:00 2015 : Watchlists added : 
Mon Apr 20 08:00:00 GMT+00:00 2015: Bases processed : BSCM-D,EMCI-D,FAF-D,JBSS-D,UJB-D,SIAL-D,SEAS-D,PZG-D,PMF-D,KMDA-D,KCNY-D,INR-D,FCAP-D,COOL-D,
Mon Apr 20 08:00:00 GMT+00:00 2015: signals : 
Mon Apr 20 08:00:00 GMT+00:00 2015: Signals ordered by strength : 
Tue Apr 21 08:00:00 GMT+00:00 2015 : Watchlists added : 
Tue Apr 21 08:00:00 GMT+00:00 2015: Bases processed : AKRX-D,ALSK-D,ASTE-D,DASTY-D,DEF-D,ECHO-D,FEYE-D,IHG-D,MMU-D,NSANY-D,OCR-D,PPR-D,SMLL-D,SNCR-D,SIRO-D,SFBS-D,SFBC-D,RELY-D,RDWR-D,PFO-D,LNBB-D,HIFS-D,GURU-D,GSL-D,FSB-D,EMJ-D,DXJC-D,CLS-D,AGA-D,AEL-D,TSCO-D,
Tue Apr 21 08:00:00 GMT+00:00 2015: signals : 
Tue Apr 21 08:00:00 GMT+00:00 2015: Signals ordered by strength : 
Wed Apr 22 08:00:00 GMT+00:00 2015 : Watchlists added : 
Wed Apr 22 08:00:00 GMT+00:00 2015: Bases processed : ATSG-D,AYR-D,DNP-D,GLUU-D,QEH-D,SAR-D,SOCL-D,TFX-D,V-D,VAR-D,WAB-D,WPPGY-D,WIL-D,VLP-D,UEC-D,STJ-D,RAI-D,PCCC-D,PBHC-D,HNP-D,GLYC-D,CYOU-D,CRNT-D,CARZ-D,AVEO-D,AMGN-D,ABT-D,YUM-D,XRS-D,
Wed Apr 22 08:00:00 GMT+00:00 2015: signals : 
Wed Apr 22 08:00:00 GMT+00:00 2015: Signals ordered by strength : 
Thu Apr 23 08:00:00 GMT+00:00 2015 : Watchlists added : 
Thu Apr 23 08:00:00 GMT+00:00 2015: Bases processed : CLGX-D,DTV-D,ENI-D,EXPO-D,FBGX-D,FCOM-D,FFA-D,FLRT-D,FLT-D,FPF-D,GLP-D,IGF-D,IMMR-D,IXN-D,KCG-D,MGU-D,NDSN-D,NFRA-D,NTWK-D,NXTM-D,ONEK-D,PMC-D,PXLG-D,QLD-D,QQQ-D,SPUU-D,SQNS-D,SWK-D,THRK-D,TWN-D,UNB-D,VOX-D,WGP-D,XIN-D,VCRA-D,TTMI-D,TNDQ-D,TFSL-D,SLM-D,RGR-D,PXMG-D,NEU-D,JCI-D,IGV-D,HAR-D,GIG-D,FRC-D,FRAN-D,EWT-D,ESND-D,EFX-D,DPZ-D,CSL-D,COLB-D,CMCSK-D,CMCSA-D,BPFH-D,BMTC-D,ATVI-D,ARRS-D,ARKW-D,ANIP-D,ADSK-D,ZIXI-D,
Thu Apr 23 08:00:00 GMT+00:00 2015: signals : 
Thu Apr 23 08:00:00 GMT+00:00 2015: Signals ordered by strength : 
Fri Apr 24 08:00:00 GMT+00:00 2015 : Watchlists added : 
Fri Apr 24 08:00:00 GMT+00:00 2015: Bases processed : AGEN-D,AVOL-D,BCR-D,BGS-D,CRH-D,DFE-D,FNF-D,GIVE-D,IBCD-D,IMS-D,JQC-D,NI-D,OSHC-D,PENN-D,QADA-D,SPSC-D,SPYG-D,SSNC-D,SSO-D,TAOM-D,VSR-D,WWW-D,XXIA-D,VWO-D,TQQQ-D,SIVB-D,SCHE-D,MMSI-D,INNL-D,INBK-D,IGM-D,EMQQ-D,DSW-D,DNKN-D,CII-D,BT-D,AMZN-D,
Fri Apr 24 08:00:00 GMT+00:00 2015: signals : 
Fri Apr 24 08:00:00 GMT+00:00 2015: Signals ordered by strength : 
Mon Apr 27 08:00:00 GMT+00:00 2015 : Watchlists added : 
Mon Apr 27 08:00:00 GMT+00:00 2015: Bases processed : ARKG-D,ARMH-D,AVL-D,DBEM-D,DCIX-D,IGN-D,IVV-D,IYW-D,MGC-D,MNST-D,PFSW-D,QLGC-D,QUAL-D,ROM-D,SCHX-D,SMMF-D,SOIL-D,SPXL-D,TOK-D,TRND-D,TSM-D,UPRO-D,VGT-D,VOO-D,XTL-D,VV-D,VNQI-D,VC-D,PZZA-D,LMNR-D,KND-D,IPF-D,IDCC-D,HME-D,GRO-D,EEMV-D,DGAZ-D,BIK-D,AAN-D,
Mon Apr 27 08:00:00 GMT+00:00 2015: signals : 
Mon Apr 27 08:00:00 GMT+00:00 2015: Signals ordered by strength : 
Tue Apr 28 08:00:00 GMT+00:00 2015 : Watchlists added : 
Tue Apr 28 08:00:00 GMT+00:00 2015: Bases processed : AAPL-D,CNY-D,CZFC-D,GTT-D,JPC-D,MEOH-D,MSEX-D,RTEC-D,SBBX-D,SC-D,XLK-D,TECL-D,PGC-D,OPB-D,MZA-D,MOFG-D,MBVT-D,JOBS-D,IPGP-D,HQY-D,FDEF-D,CDNS-D,BRN-D,BHBK-D,ARPI-D,AGCO-D,
Tue Apr 28 08:00:00 GMT+00:00 2015: signals : 
Tue Apr 28 08:00:00 GMT+00:00 2015: Signals ordered by strength : 
Wed Apr 29 08:00:00 GMT+00:00 2015 : Watchlists added : 
Wed Apr 29 08:00:00 GMT+00:00 2015: Bases processed : AVY-D,CRM-D,DHT-D,EXAM-D,FRBA-D,LVLT-D,MA-D,MSTR-D,NEM-D,TPX-D,TRCB-D,TSS-D,UBSI-D,VRSK-D,XPO-D,LFUS-D,KBE-D,JCTCF-D,GT-D,FI-D,AU-D,
Wed Apr 29 08:00:00 GMT+00:00 2015: signals : XPO,
Wed Apr 29 08:00:00 GMT+00:00 2015: Signals ordered by strength : XPO(80.0), 
Thu Apr 30 08:00:00 GMT+00:00 2015 : Watchlists added : 
Thu Apr 30 08:00:00 GMT+00:00 2015: Bases processed : ASH-D,BLVD-D,BRBW-D,IVZ-D,MLM-D,WX-D,WIFI-D,VAC-D,UAN-D,SVCBY-D,JCAP-D,IPHI-D,IEUS-D,BAA-D,AVG-D,ATTU-D,AAWW-D,
Thu Apr 30 08:00:00 GMT+00:00 2015: signals : AVG,
Thu Apr 30 08:00:00 GMT+00:00 2015: Signals ordered by strength : AVG(160.0), 
Fri May 01 08:00:00 GMT+00:00 2015 : Watchlists added : 
Fri May 01 08:00:00 GMT+00:00 2015: Bases processed : CIF-D,CMFN-D,LLNW-D,TER-D,VMC-D,VWDRY-D,TDS-D,RTI-D,NTLS-D,MOCO-D,GCAP-D,FNFV-D,EGRW-D,DTUL-D,BFAM-D,BCOR-D,
Fri May 01 08:00:00 GMT+00:00 2015: signals : BFAM,
Fri May 01 08:00:00 GMT+00:00 2015: Signals ordered by strength : BFAM(50.0), 
Mon May 04 08:00:00 GMT+00:00 2015 : Watchlists added : 
Mon May 04 08:00:00 GMT+00:00 2015: Bases processed : CTSH-D,DM-D,DRA-D,ENFC-D,EVBS-D,FTA-D,HIL-D,IWL-D,KNOW-D,LYV-D,PCLN-D,QKOR-D,RLGY-D,RWW-D,SBFG-D,SGMS-D,SHLX-D,UBS-D,VLUE-D,VOOV-D,XLG-D,PTC-D,PFLT-D,OZM-D,MAS-D,LMLP-D,KBWB-D,IYG-D,GIGA-D,EBIO-D,
Mon May 04 08:00:00 GMT+00:00 2015: signals : 
Mon May 04 08:00:00 GMT+00:00 2015: Signals ordered by strength : 
Tue May 05 08:00:00 GMT+00:00 2015 : Watchlists added : CLGX,
Tue May 05 08:00:00 GMT+00:00 2015: Bases processed : EL-D,GTNA-D,PRMW-D,RPV-D,STT-D,SCHW-D,NOM-D,NCOM-D,KEY-D,GTWN-D,GTN-D,GTIM-D,GGAC-D,XEC-D,
Tue May 05 08:00:00 GMT+00:00 2015: signals : 
Tue May 05 08:00:00 GMT+00:00 2015: Signals ordered by strength : CLGX(75.0), 
Wed May 06 08:00:00 GMT+00:00 2015 : Watchlists added : 
Wed May 06 08:00:00 GMT+00:00 2015: Bases processed : CSV-D,OBAS-D,PLCE-D,WIX-D,RNR-D,IACI-D,HLF-D,HDSN-D,
Wed May 06 08:00:00 GMT+00:00 2015: signals : 
Wed May 06 08:00:00 GMT+00:00 2015: Signals ordered by strength : 
Thu May 07 08:00:00 GMT+00:00 2015 : Watchlists added : 
Thu May 07 08:00:00 GMT+00:00 2015: Bases processed : GURE-D,HUBS-D,MTSL-D,SSRG-D,TFSC-D,TBRA-D,QLTY-D,PRAH-D,PEGA-D,NICE-D,EMKR-D,CRF-D,CDK-D,ALDR-D,ACLS-D,BWXT-D,
Thu May 07 08:00:00 GMT+00:00 2015: signals : 
Thu May 07 08:00:00 GMT+00:00 2015: Signals ordered by strength : 
Fri May 08 08:00:00 GMT+00:00 2015 : Watchlists added : 
Fri May 08 08:00:00 GMT+00:00 2015: Bases processed : AYN-D,BYBK-D,CBS-D,CUTR-D,DDAIF-D,GEX-D,IMPV-D,MOO-D,MRTX-D,NTDOY-D,PLPM-D,UVV-D,SYV-D,SYT-D,SYE-D,SWZ-D,STMP-D,SSNI-D,SPLK-D,SEE-D,RLH-D,RBA-D,QTWO-D,POST-D,PAYC-D,MYTAY-D,MMI-D,MMAC-D,MGA-D,MDLZ-D,LEG-D,FFIV-D,EUDG-D,ESNT-D,EBIX-D,CCS-D,BCA-D,WRLD-D,WNC-D,
Fri May 08 08:00:00 GMT+00:00 2015: signals : IMPV,
Fri May 08 08:00:00 GMT+00:00 2015: Signals ordered by strength : IMPV(160.0), 
Mon May 11 08:00:00 GMT+00:00 2015 : Watchlists added : 
Mon May 11 08:00:00 GMT+00:00 2015: Bases processed : LOJN-D,SEV-D,SPTN-D,TFLO-D,USPH-D,VTV-D,XLF-D,VOYA-D,SBCP-D,REGN-D,PHH-D,PCTY-D,NPTN-D,NMR-D,MET-D,KOSS-D,KMPH-D,ICUI-D,ICE-D,IAI-D,FMER-D,CALM-D,BCS-D,
Mon May 11 08:00:00 GMT+00:00 2015: signals : 
Mon May 11 08:00:00 GMT+00:00 2015: Signals ordered by strength : 
Tue May 12 08:00:00 GMT+00:00 2015 : Watchlists added : 
Tue May 12 08:00:00 GMT+00:00 2015: Bases processed : CCU-D,CSRE-D,FCB-D,IPAR-D,PAHC-D,PINC-D,PLAB-D,PLL-D,WBS-D,VRTU-D,TRR-D,SNFCA-D,RF-D,MCHX-D,KBWI-D,INTG-D,IMN-D,GRN-D,GDDY-D,GBCI-D,FFNM-D,FFKT-D,ANCX-D,
Tue May 12 08:00:00 GMT+00:00 2015: signals : IPAR,
Tue May 12 08:00:00 GMT+00:00 2015: Signals ordered by strength : IPAR(75.0), 
Wed May 13 08:00:00 GMT+00:00 2015 : Watchlists added : 
Wed May 13 08:00:00 GMT+00:00 2015: Bases processed : DHR-D,EFV-D,EXR-D,FLL-D,ICCC-D,IDTI-D,MCK-D,MGN-D,OPK-D,PDN-D,VOD-D,WBII-D,WNS-D,TTDKY-D,STRN-D,SMEZ-D,SCLN-D,RPTP-D,PZD-D,PRTY-D,NG-D,IAT-D,HSP-D,FISV-D,EWL-D,CROP-D,BTO-D,BSI-D,AME-D,YDLE-D,
Wed May 13 08:00:00 GMT+00:00 2015: signals : 
Wed May 13 08:00:00 GMT+00:00 2015: Signals ordered by strength : 
Thu May 14 08:00:00 GMT+00:00 2015 : Watchlists added : 
Thu May 14 08:00:00 GMT+00:00 2015: Bases processed : CRTO-D,CTRX-D,DNL-D,ETV-D,EUMV-D,EWK-D,EXT-D,FGM-D,FSFG-D,FXO-D,GAM-D,GDL-D,GTXI-D,HON-D,ISSI-D,JAH-D,LLSP-D,MGV-D,NDAQ-D,NSU-D,OEF-D,PXF-D,SNX-D,SSFN-D,STRP-D,TCBI-D,TDG-D,UGE-D,SPNS-D,RHT-D,RE-D,PERY-D,NXRT-D,NPK-D,MKSI-D,MKC-D,JJSF-D,JHX-D,IT-D,ICPT-D,GDXX-D,EGBN-D,DWM-D,CTRP-D,CSCD-D,CGA-D,C-D,BKCC-D,BFA-D,ASB-D,ANTM-D,ANSS-D,ALN-D,ALJ-D,ACN-D,
Thu May 14 08:00:00 GMT+00:00 2015: signals : 
Thu May 14 08:00:00 GMT+00:00 2015: Signals ordered by strength : 
Fri May 15 08:00:00 GMT+00:00 2015 : Watchlists added : 
Fri May 15 08:00:00 GMT+00:00 2015: Bases processed : ASML-D,CAPE-D,CSWC-D,DGRW-D,DOL-D,EPS-D,FAS-D,IFGL-D,LVNTB-D,RWX-D,SCOR-D,SERV-D,SGU-D,SPYV-D,SRNE-D,TACT-D,TCX-D,TTFS-D,TW-D,PSCC-D,PF-D,NKE-D,KE-D,HOLI-D,GSVC-D,FTEC-D,ELUXY-D,COF-D,CIEN-D,CAG-D,BSQR-D,ALR-D,
Fri May 15 08:00:00 GMT+00:00 2015: signals : 
Fri May 15 08:00:00 GMT+00:00 2015: Signals ordered by strength : 
Mon May 18 08:00:00 GMT+00:00 2015 : Watchlists added : 
Mon May 18 08:00:00 GMT+00:00 2015: Bases processed : ADX-D,ANGL-D,BHB-D,DDM-D,DIA-D,DLN-D,EQWL-D,FNDB-D,FNDX-D,FXL-D,IVE-D,JKG-D,JKI-D,KLD-D,LPX-D,MLVF-D,MMTM-D,MXL-D,NBN-D,NCLH-D,NSA-D,ORRF-D,PPO-D,PWV-D,QRVO-D,RDVY-D,RMP-D,RWL-D,SCHV-D,SFLY-D,SIEN-D,SPY-D,UDOW-D,VONV-D,SWKS-D,SRLP-D,SNV-D,PTF-D,MEI-D,LUK-D,LDRH-D,KRNT-D,IUSV-D,ITRN-D,IJH-D,CZA-D,CVGW-D,CQH-D,BLOX-D,ANN-D,AEIS-D,ADRD-D,ABCD-D,
Mon May 18 08:00:00 GMT+00:00 2015: signals : 
Mon May 18 08:00:00 GMT+00:00 2015: Signals ordered by strength : 
Tue May 19 08:00:00 GMT+00:00 2015 : Watchlists added : 
Tue May 19 08:00:00 GMT+00:00 2015: Bases processed : ALFA-D,AMTD-D,BIOB-D,CFO-D,CVRS-D,ESPR-D,EXAR-D,FINU-D,FL-D,MMC-D,MS-D,PXLV-D,SHW-D,TRNM-D,TRSK-D,VTHR-D,WFC-D,ZSPH-D,VFH-D,UYG-D,UEPS-D,SUSQ-D,STV-D,STI-D,SREV-D,SEM-D,SCJ-D,RGA-D,PBCT-D,MIW-D,MHK-D,IYF-D,IHF-D,FNB-D,FHN-D,DGT-D,CURE-D,CPS-D,BOKF-D,
Tue May 19 08:00:00 GMT+00:00 2015: signals : 
Tue May 19 08:00:00 GMT+00:00 2015: Signals ordered by strength : 
Wed May 20 08:00:00 GMT+00:00 2015 : Watchlists added : 
Wed May 20 08:00:00 GMT+00:00 2015: Bases processed : AGD-D,AJG-D,AXAHY-D,BMY-D,CSM-D,DGRO-D,DSI-D,FLAG-D,FSI-D,IWD-D,LBTYA-D,MBTF-D,MIDD-D,MSBF-D,NVR-D,OSIR-D,QDEF-D,RBC-D,SST-D,TWC-D,ULBI-D,VYM-D,Y-D,WEN-D,VHT-D,TTPH-D,RXL-D,PIO-D,MOMO-D,MGPI-D,MENT-D,LVMUY-D,IAK-D,HRL-D,HEI-D,GHC-D,FNCL-D,FLY-D,FBT-D,EHIC-D,EFSC-D,DXJR-D,DMO-D,CVC-D,CSGS-D,COT-D,BME-D,ATRI-D,ALTV-D,ADI-D,ABM-D,
Wed May 20 08:00:00 GMT+00:00 2015: signals : TWC,TTPH,
Wed May 20 08:00:00 GMT+00:00 2015: Signals ordered by strength : TTPH(160.0), TWC(90.0), 
Thu May 21 08:00:00 GMT+00:00 2015 : Watchlists added : 
Thu May 21 08:00:00 GMT+00:00 2015: Bases processed : CNHI-D,CNTR-D,CSMA-D,ENZY-D,EQAL-D,NVMI-D,QADB-D,VRML-D,URI-D,TNK-D,TNAV-D,SHPG-D,SFEF-D,NEP-D,KIRK-D,IDI-D,HNT-D,FLM-D,ESRX-D,EGHT-D,DRAGF-D,DIVC-D,DIRI-D,CVBF-D,CF-D,ADBE-D,ACET-D,
Thu May 21 08:00:00 GMT+00:00 2015: signals : 
Thu May 21 08:00:00 GMT+00:00 2015: Signals ordered by strength : 
Fri May 22 08:00:00 GMT+00:00 2015 : Watchlists added : 
Fri May 22 08:00:00 GMT+00:00 2015: Bases processed : DGX-D,FRS-D,JGBB-D,TTC-D,VSTO-D,OUTR-D,LPG-D,LONG-D,LBTYK-D,FLML-D,FINL-D,DE-D,CMRX-D,CI-D,CHIQ-D,CASH-D,ATAI-D,XHS-D,
Fri May 22 08:00:00 GMT+00:00 2015: signals : 
Fri May 22 08:00:00 GMT+00:00 2015: Signals ordered by strength : 
Tue May 26 08:00:00 GMT+00:00 2015 : Watchlists added : 
Tue May 26 08:00:00 GMT+00:00 2015: Bases processed : ARKR-D,BGFV-D,EWH-D,PFSI-D,UBCP-D,IPN-D,CNTY-D,ABBV-D,YCS-D,
Tue May 26 08:00:00 GMT+00:00 2015: signals : 
Tue May 26 08:00:00 GMT+00:00 2015: Signals ordered by strength : 
Wed May 27 08:00:00 GMT+00:00 2015 : Watchlists added : 
Wed May 27 08:00:00 GMT+00:00 2015: Bases processed : HZNP-D,JNP-D,LMBS-D,NXPI-D,PTLA-D,QTEC-D,RYT-D,SOXL-D,TRTL-D,USD-D,XSD-D,TV-D,SOXX-D,SNOW-D,SMH-D,RSYS-D,PSI-D,IBTX-D,FUN-D,FSL-D,CLLS-D,CGNX-D,BSTC-D,BR-D,AVGO-D,AMED-D,ACHC-D,CBSA-D,
Wed May 27 08:00:00 GMT+00:00 2015: signals : AMED,
Wed May 27 08:00:00 GMT+00:00 2015: Signals ordered by strength : AMED(80.0), 
Thu May 28 08:00:00 GMT+00:00 2015 : Watchlists added : 
Thu May 28 08:00:00 GMT+00:00 2015: Bases processed : DRGS-D,KCNY-D,WGO-D,RALY-D,MTSI-D,MBFI-D,INDB-D,HMPR-D,HCCI-D,EPAM-D,CTLT-D,CPB-D,BBC-D,ARES-D,ALGN-D,ABR-D,
Thu May 28 08:00:00 GMT+00:00 2015: signals : 
Thu May 28 08:00:00 GMT+00:00 2015: Signals ordered by strength : 
Fri May 29 08:00:00 GMT+00:00 2015 : Watchlists added : DGX,
Fri May 29 08:00:00 GMT+00:00 2015: Bases processed : ON-D,SAL-D,TITN-D,RSSS-D,RDHL-D,PKBK-D,NUVA-D,MNA-D,LLY-D,KTOS-D,IYH-D,HUM-D,GRIF-D,GMK-D,FOE-D,FHLC-D,EBAY-D,DATE-D,CTAS-D,CPK-D,CFP-D,ADM-D,YCB-D,XUE-D,XBI-D,
Fri May 29 08:00:00 GMT+00:00 2015: signals : 
Fri May 29 08:00:00 GMT+00:00 2015: Signals ordered by strength : DGX(75.0), 
Mon Jun 01 08:00:00 GMT+00:00 2015 : Watchlists added : 
Mon Jun 01 08:00:00 GMT+00:00 2015: Bases processed : GSBD-D,MXPT-D,NSIT-D,SMDV-D,UUU-D,TXTR-D,TOFR-D,STNR-D,RXDX-D,PFNX-D,PAY-D,NEU-D,MSLI-D,MRK-D,LG-D,INCY-D,IMGN-D,FONE-D,FLXS-D,ESND-D,ESGR-D,ENTG-D,EFUT-D,DAC-D,CWCO-D,COKE-D,CLCD-D,BYLK-D,BID-D,AMPH-D,WSO-D,
Mon Jun 01 08:00:00 GMT+00:00 2015: signals : 
Mon Jun 01 08:00:00 GMT+00:00 2015: Signals ordered by strength : 
Tue Jun 02 08:00:00 GMT+00:00 2015 : Watchlists added : 
Tue Jun 02 08:00:00 GMT+00:00 2015: Bases processed : GUID-D,NAT-D,OSN-D,PBIP-D,SGEN-D,STLD-D,TI-D,TIA-D,TANH-D,RLGT-D,PSP-D,MORN-D,M-D,KYTH-D,HTGM-D,GIII-D,FMBI-D,FIA-D,ETG-D,ENSG-D,CRIS-D,COTY-D,ALLB-D,AER-D,ZAGG-D,WIBC-D,
Tue Jun 02 08:00:00 GMT+00:00 2015: signals : 
Tue Jun 02 08:00:00 GMT+00:00 2015: Signals ordered by strength : 
Wed Jun 03 08:00:00 GMT+00:00 2015 : Watchlists added : 
Wed Jun 03 08:00:00 GMT+00:00 2015: Bases processed : EROS-D,FTHI-D,LAD-D,LPTH-D,NCR-D,NUAN-D,NVEC-D,PRU-D,RYJ-D,XXIA-D,WSFS-D,WCN-D,VR-D,UMPQ-D,TRMR-D,TLMR-D,TGNA-D,TEN-D,TBBK-D,SYF-D,STCK-D,SRI-D,SGYP-D,QED-D,PXSG-D,PXQ-D,PXLW-D,PSCT-D,PRTA-D,PRAA-D,ONFC-D,ONEQ-D,OFLX-D,LGF-D,KCE-D,KBAL-D,JNS-D,JKJ-D,JAKK-D,HOMB-D,HACK-D,FMS-D,EWD-D,CSTE-D,CSL-D,COMM-D,CFR-D,CEMI-D,CBM-D,BYD-D,BLFS-D,AFOP-D,ADMS-D,
Wed Jun 03 08:00:00 GMT+00:00 2015: signals : 
Wed Jun 03 08:00:00 GMT+00:00 2015: Signals ordered by strength : 
Thu Jun 04 08:00:00 GMT+00:00 2015 : Watchlists added : 
Thu Jun 04 08:00:00 GMT+00:00 2015: Bases processed : MBVT-D,RDI-D,VISN-D,WOWO-D,RRTS-D,PETS-D,NVSL-D,NTRI-D,NBY-D,HRMN-D,CS-D,CAVM-D,BRLI-D,BFB-D,BBT-D,AMWD-D,ADHD-D,
Thu Jun 04 08:00:00 GMT+00:00 2015: signals : 
Thu Jun 04 08:00:00 GMT+00:00 2015: Signals ordered by strength : 
Fri Jun 05 08:00:00 GMT+00:00 2015 : Watchlists added : 
Fri Jun 05 08:00:00 GMT+00:00 2015: Bases processed : CLFD-D,JUNO-D,LXFT-D,RJF-D,RSTI-D,SIXD-D,UCBI-D,PTN-D,PNC-D,PFPT-D,PAH-D,NPBC-D,LTXB-D,KMX-D,JAXB-D,ISLE-D,GALE-D,FNFG-D,FII-D,CCXI-D,CBYL-D,BOFI-D,BBP-D,ANTH-D,ABG-D,ZOES-D,
Fri Jun 05 08:00:00 GMT+00:00 2015: signals : 
Fri Jun 05 08:00:00 GMT+00:00 2015: Signals ordered by strength : 
Mon Jun 08 08:00:00 GMT+00:00 2015 : Watchlists added : 
Mon Jun 08 08:00:00 GMT+00:00 2015: Bases processed : RDWR-D,ZNH-D,WAFD-D,SOHU-D,SFUN-D,SF-D,ROL-D,POZN-D,POWR-D,PCYO-D,OKSB-D,NWBO-D,NBIX-D,MSFG-D,LMNS-D,LIOX-D,KMG-D,JD-D,IXYS-D,HTM-D,HBK-D,GMED-D,FNGN-D,FFTY-D,FCSC-D,EURN-D,CUBI-D,CFNL-D,BRID-D,BBCN-D,BANR-D,ATML-D,AMRI-D,AF-D,XNCR-D,
Mon Jun 08 08:00:00 GMT+00:00 2015: signals : 
Mon Jun 08 08:00:00 GMT+00:00 2015: Signals ordered by strength : 
Tue Jun 09 08:00:00 GMT+00:00 2015 : Watchlists added : 
Tue Jun 09 08:00:00 GMT+00:00 2015: Bases processed : ILMN-D,TISA-D,ROSYY-D,PMBC-D,OXM-D,NWL-D,LOXO-D,KZ-D,KNL-D,ISNS-D,HTLF-D,HDS-D,FRME-D,FOLD-D,CMN-D,CBAN-D,CASY-D,BXS-D,BKU-D,
Tue Jun 09 08:00:00 GMT+00:00 2015: signals : CMN,
Tue Jun 09 08:00:00 GMT+00:00 2015: Signals ordered by strength : CMN(100.0), 
Wed Jun 10 08:00:00 GMT+00:00 2015 : Watchlists added : 
Wed Jun 10 08:00:00 GMT+00:00 2015: Bases processed : HFFC-D,HUBG-D,INGN-D,PACW-D,PENN-D,PXSLY-D,RNST-D,RZG-D,SASR-D,SCHL-D,STZB-D,TNXP-D,TX-D,VDSI-D,VDTH-D,WFBI-D,XENT-D,XVIX-D,WETF-D,WCIC-D,VIOO-D,UBSI-D,TPS-D,TCB-D,SYBT-D,STZ-D,SLYG-D,SLY-D,SFBS-D,RWJ-D,RNG-D,PRGS-D,PPP-D,OGXI-D,MGYR-D,MFC-D,MDAS-D,MAN-D,LNC-D,LLSC-D,LENS-D,IWC-D,INSY-D,IJT-D,IBP-D,HQY-D,HELE-D,HCC-D,GTS-D,GILD-D,FIBK-D,FDX-D,FCF-D,FCBC-D,EME-D,ELLI-D,DWAQ-D,DG-D,CPIX-D,CORT-D,CME-D,CMA-D,CHFC-D,BVXV-D,BSFT-D,BPFH-D,BNCN-D,BMI-D,ATLC-D,AIZ-D,
Wed Jun 10 08:00:00 GMT+00:00 2015: signals : 
Wed Jun 10 08:00:00 GMT+00:00 2015: Signals ordered by strength : 
Thu Jun 11 08:00:00 GMT+00:00 2015 : Watchlists added : 
Thu Jun 11 08:00:00 GMT+00:00 2015: Bases processed : IBCP-D,LSBK-D,MBLY-D,PSCD-D,SYUT-D,VTWG-D,STJ-D,STBZ-D,RRGB-D,RAD-D,IWO-D,HTHT-D,GD-D,EQWS-D,DXYN-D,CTXS-D,CTRN-D,CRWN-D,CJJD-D,BPMC-D,BHBK-D,WLH-D,
Thu Jun 11 08:00:00 GMT+00:00 2015: signals : 
Thu Jun 11 08:00:00 GMT+00:00 2015: Signals ordered by strength : 
Fri Jun 12 08:00:00 GMT+00:00 2015 : Watchlists added : 
Fri Jun 12 08:00:00 GMT+00:00 2015: Bases processed : GWB-D,JYNT-D,MOBI-D,REI-D,SHOP-D,RIVR-D,OPB-D,MCOX-D,KFY-D,KEYW-D,HTBK-D,EMQQ-D,BNFT-D,AON-D,AGII-D,AAP-D,
Fri Jun 12 08:00:00 GMT+00:00 2015: signals : 
Fri Jun 12 08:00:00 GMT+00:00 2015: Signals ordered by strength : 
Mon Jun 15 08:00:00 GMT+00:00 2015 : Watchlists added : 
Mon Jun 15 08:00:00 GMT+00:00 2015: Bases processed : FRSH-D,HSPX-D,NMBL-D,QURE-D,SPU-D,VCRA-D,VHI-D,UBOH-D,OLBK-D,NIB-D,MCBK-D,HWBK-D,HFBL-D,FOXF-D,ESXB-D,ENFC-D,DXLG-D,AVHI-D,ADAP-D,
Mon Jun 15 08:00:00 GMT+00:00 2015: signals : 
Mon Jun 15 08:00:00 GMT+00:00 2015: Signals ordered by strength : 
Tue Jun 16 08:00:00 GMT+00:00 2015 : Watchlists added : 
Tue Jun 16 08:00:00 GMT+00:00 2015: Bases processed : GSBC-D,HF-D,MATW-D,MPB-D,PFS-D,RDN-D,SOHO-D,SPB-D,VIOG-D,VIRT-D,WYY-D,VLP-D,TSCO-D,PSCH-D,NSTG-D,MNE-D,MGLN-D,KBWP-D,FCCY-D,CZFC-D,CASI-D,BNK-D,BHAC-D,AZPN-D,AFG-D,ACUR-D,WSM-D,
Tue Jun 16 08:00:00 GMT+00:00 2015: signals : 
Tue Jun 16 08:00:00 GMT+00:00 2015: Signals ordered by strength : 
Wed Jun 17 08:00:00 GMT+00:00 2015 : Watchlists added : 
Wed Jun 17 08:00:00 GMT+00:00 2015: Bases processed : BKS-D,DKL-D,LAZ-D,LNBB-D,MCRI-D,MMSI-D,MPAA-D,PGR-D,PSJ-D,SCHA-D,THG-D,VGR-D,ZAIS-D,VBK-D,TSLA-D,TREE-D,SYG-D,SMCP-D,SAA-D,RDUS-D,RATE-D,OPOF-D,NVAX-D,LPSB-D,JKK-D,IJR-D,HRC-D,HAWK-D,HAS-D,FYC-D,CAKE-D,BRO-D,BLDR-D,AMCX-D,AGMA-D,AFCB-D,ADUS-D,INCR-D,
Wed Jun 17 08:00:00 GMT+00:00 2015: signals : RDUS,
Wed Jun 17 08:00:00 GMT+00:00 2015: Signals ordered by strength : RDUS(210.0), 
Thu Jun 18 08:00:00 GMT+00:00 2015 : Watchlists added : 
Thu Jun 18 08:00:00 GMT+00:00 2015: Bases processed : BABY-D,BIB-D,BMRN-D,DIS-D,EVC-D,FDM-D,FPX-D,FXH-D,HIFR-D,HIHO-D,IBB-D,ICD-D,IJK-D,IJS-D,IL-D,IMPR-D,IWM-D,JRVR-D,LACO-D,LPNT-D,MANH-D,MDYG-D,OSIS-D,PLT-D,PSCF-D,PXMG-D,QQEW-D,QQQE-D,RFG-D,RPXC-D,RSCO-D,SMLL-D,SQBG-D,SSRI-D,TG-D,TWOK-D,TWX-D,URTY-D,UWM-D,VB-D,VCR-D,VTWO-D,W-D,WHF-D,WMCR-D,WWD-D,XL-D,XLV-D,XLY-D,TNA-D,PEGA-D,PBE-D,MTUM-D,MDXG-D,HSIC-D,HAIN-D,GCBC-D,FV-D,FTC-D,FIVN-D,FDIS-D,FCN-D,EZY-D,EZM-D,ECL-D,CVS-D,CMCSK-D,CCL-D,BOTJ-D,AUBN-D,ASGN-D,ANCB-D,AMSF-D,ALSK-D,VXF-D,
Thu Jun 18 08:00:00 GMT+00:00 2015: signals : 
Thu Jun 18 08:00:00 GMT+00:00 2015: Signals ordered by strength : 
Fri Jun 19 08:00:00 GMT+00:00 2015 : Watchlists added : BRLI,
Fri Jun 19 08:00:00 GMT+00:00 2015: Bases processed : HTBI-D,PGC-D,PLMT-D,RYAAY-D,SCAI-D,TTEC-D,XRM-D,XHR-D,VG-D,TTHI-D,TGT-D,TBI-D,SFNC-D,QQXT-D,PTH-D,ORLY-D,ORFR-D,NOC-D,NECB-D,MTN-D,MSO-D,MKTX-D,MHLD-D,LOCK-D,LGIH-D,LABC-D,JBSS-D,IPCM-D,INUV-D,HLS-D,HBCP-D,GLPI-D,FNLC-D,FDTS-D,EXAS-D,ETY-D,ECHO-D,DWRE-D,CUK-D,CSF-D,CMCSA-D,CHRS-D,CHFN-D,CFI-D,BZH-D,BDGE-D,BCRX-D,ASBB-D,AHL-D,AGCO-D,XON-D,
Fri Jun 19 08:00:00 GMT+00:00 2015: signals : 
Fri Jun 19 08:00:00 GMT+00:00 2015: Signals ordered by strength : BRLI(85.0), 
Mon Jun 22 08:00:00 GMT+00:00 2015 : Watchlists added : 
Mon Jun 22 08:00:00 GMT+00:00 2015: Bases processed : ACAD-D,BECN-D,BKMU-D,BTN-D,DCOM-D,FAD-D,FLIC-D,FXG-D,HIG-D,HNSN-D,IUSG-D,IWN-D,IYK-D,MCUR-D,MCZ-D,MDCO-D,MRH-D,NFBK-D,NWHM-D,OCFC-D,ORA-D,PBJ-D,PEZ-D,PGNX-D,PRXL-D,PSCI-D,PSL-D,PXSV-D,RNR-D,SLYV-D,SNCR-D,SVXY-D,TNDQ-D,TOWN-D,TQQQ-D,VBR-D,VIOV-D,VTWV-D,WEX-D,XHE-D,XIV-D,WMB-D,VUZI-D,VASC-D,UFCS-D,UAM-D,SVCBY-D,MYE-D,MTB-D,ITCI-D,HQH-D,HECO-D,GTOMY-D,FNDA-D,FIBG-D,EPZM-D,DSGX-D,DCM-D,DBOEF-D,CYAN-D,CRY-D,CNOB-D,CNO-D,CBZ-D,CBB-D,BOS-D,BBH-D,ATTO-D,ARRY-D,YDKN-D,
Mon Jun 22 08:00:00 GMT+00:00 2015: signals : 
Mon Jun 22 08:00:00 GMT+00:00 2015: Signals ordered by strength : 
Tue Jun 23 08:00:00 GMT+00:00 2015 : Watchlists added : 
Tue Jun 23 08:00:00 GMT+00:00 2015: Bases processed : EVI-D,FB-D,GLYC-D,HVB-D,IGA-D,IIVI-D,LPCN-D,PRFZ-D,PWC-D,RLI-D,SXT-D,THFF-D,UNM-D,WABC-D,XYL-D,XHB-D,STL-D,PRK-D,LULU-D,IJJ-D,HDP-D,FDN-D,ENH-D,DXJH-D,DRI-D,DNKN-D,DMRC-D,DMD-D,DHT-D,CHCO-D,CBPX-D,BT-D,BFOR-D,BAC-D,
Tue Jun 23 08:00:00 GMT+00:00 2015: signals : 
Tue Jun 23 08:00:00 GMT+00:00 2015: Signals ordered by strength : 
Wed Jun 24 08:00:00 GMT+00:00 2015 : Watchlists added : 
Wed Jun 24 08:00:00 GMT+00:00 2015: Bases processed : GASS-D,LBTYB-D,LENB-D,SMI-D,SNGX-D,STMP-D,SVBI-D,TSN-D,TTWO-D,USCR-D,VNDA-D,TMHC-D,PMFG-D,PFLT-D,PBY-D,PAG-D,MHO-D,MD-D,HCBK-D,GIG-D,EIS-D,ECF-D,CUTR-D,BUSE-D,VNOM-D,DBVT-D,
Wed Jun 24 08:00:00 GMT+00:00 2015: signals : 
Wed Jun 24 08:00:00 GMT+00:00 2015: Signals ordered by strength : 
Thu Jun 25 08:00:00 GMT+00:00 2015 : Watchlists added : 
Thu Jun 25 08:00:00 GMT+00:00 2015: Bases processed : EBSB-D,EVHC-D,FFIC-D,GCAP-D,JXSB-D,LNCE-D,RUTH-D,USNA-D,TMH-D,TBNK-D,STS-D,RLH-D,PFBC-D,NHC-D,LNN-D,HRG-D,HQL-D,HBNC-D,EQGP-D,CYH-D,CMC-D,CENTA-D,CENT-D,AFH-D,
Thu Jun 25 08:00:00 GMT+00:00 2015: signals : 
Thu Jun 25 08:00:00 GMT+00:00 2015: Signals ordered by strength : 
Fri Jun 26 08:00:00 GMT+00:00 2015 : Watchlists added : 
Fri Jun 26 08:00:00 GMT+00:00 2015: Bases processed : CLGX-D,CPHD-D,FCNCA-D,LKFN-D,NBTB-D,RH-D,SCVL-D,SHOO-D,SPTN-D,WTBA-D,UNH-D,TTS-D,SYN-D,RBPAA-D,NX-D,NGHC-D,NC-D,HSNI-D,DPZ-D,DEL-D,CNBKA-D,BHLB-D,ABIO-D,ABCW-D,WWWW-D,
Fri Jun 26 08:00:00 GMT+00:00 2015: signals : 
Fri Jun 26 08:00:00 GMT+00:00 2015: Signals ordered by strength : 
Mon Jun 29 08:00:00 GMT+00:00 2015 : Watchlists added : 
Mon Jun 29 08:00:00 GMT+00:00 2015: Bases processed : CHNR-D,ROLA-D,SPRO-D,WIL-D,RGEN-D,PGND-D,HRTG-D,FFNW-D,FDEF-D,CHOC-D,ASBI-D,AGX-D,
Mon Jun 29 08:00:00 GMT+00:00 2015: signals : 
Mon Jun 29 08:00:00 GMT+00:00 2015: Signals ordered by strength : 
Tue Jun 30 08:00:00 GMT+00:00 2015 : Watchlists added : 
Tue Jun 30 08:00:00 GMT+00:00 2015: Bases processed : CACC-D,GAIN-D,LION-D,GNCA-D,FXCB-D,FPT-D,CTRV-D,ASMB-D,
Tue Jun 30 08:00:00 GMT+00:00 2015: signals : 
Tue Jun 30 08:00:00 GMT+00:00 2015: Signals ordered by strength : 
Wed Jul 01 08:00:00 GMT+00:00 2015 : Watchlists added : ITCI,
Wed Jul 01 08:00:00 GMT+00:00 2015: Bases processed : AIRT-D,AME-D,BSET-D,BSRR-D,CB-D,GERN-D,HFWA-D,MFSF-D,MIG-D,RGR-D,SIGI-D,SRCE-D,TYL-D,VLO-D,WRB-D,VWDRY-D,STON-D,SCLN-D,RMAX-D,RCPT-D,PAHC-D,NMR-D,NJ-D,NEWR-D,NEOT-D,MPC-D,MLPS-D,FKO-D,DTUL-D,BFY-D,
Wed Jul 01 08:00:00 GMT+00:00 2015: signals : 
Wed Jul 01 08:00:00 GMT+00:00 2015: Signals ordered by strength : ITCI(110.0), 
Thu Jul 02 08:00:00 GMT+00:00 2015 : Watchlists added : 
Thu Jul 02 08:00:00 GMT+00:00 2015: Bases processed : AEPI-D,EPC-D,GIS-D,NWYF-D,OIIM-D,PRA-D,EVH-D,
Thu Jul 02 08:00:00 GMT+00:00 2015: signals : 
Thu Jul 02 08:00:00 GMT+00:00 2015: Signals ordered by strength : 
Fri Jul 03 08:00:00 GMT+00:00 2015 : Watchlists added : 
