Fri Jan 16 08:00:00 GMT+00:00 2015 BUY  - AYI - 66 @150.64 Total=9942.24
Thu Jan 22 08:00:00 GMT+00:00 2015 BUY  - HELE - 128 @77.53 Total=9923.84
Thu Jan 22 08:00:00 GMT+00:00 2015 BUY  - AGU - 93 @107.2 Total=9969.6
Fri Jan 23 08:00:00 GMT+00:00 2015 BUY  - SBUX - 113 @88.22 Total=9968.86
Fri Jan 30 08:00:00 GMT+00:00 2015 SELL  - HELE - 128 @75.22 Total=9628.16
Thu Feb 05 08:00:00 GMT+00:00 2015 BUY  - BLL - 138 @72.03 Total=9940.14
Mon Feb 09 08:00:00 GMT+00:00 2015 BUY  - HAS - 167 @59.66 Total=9963.22
Tue Feb 10 08:00:00 GMT+00:00 2015 SELL  - AGU - 93 @106.0 Total=9858.0
Tue Feb 10 08:00:00 GMT+00:00 2015 BUY  - SEE - 220 @45.27 Total=9959.4
Wed Mar 04 08:00:00 GMT+00:00 2015 SELL  - BLL - 138 @71.3 Total=9839.4
Wed Mar 04 08:00:00 GMT+00:00 2015 BUY  - BMY - 152 @65.67 Total=9981.84
Wed Mar 25 08:00:00 GMT+00:00 2015 SELL  - BMY - 152 @64.7 Total=9834.4
Wed Mar 25 08:00:00 GMT+00:00 2015 BUY  - EW - 70 @142.25 Total=9957.5
Thu Mar 26 08:00:00 GMT+00:00 2015 SELL  - SEE - 220 @45.05 Total=9911.0
Thu Mar 26 08:00:00 GMT+00:00 2015 BUY  - SIG - 74 @135.0 Total=9990.0
Mon Mar 30 08:00:00 GMT+00:00 2015 BUY  - SBUX - 62 @95.98 Total=5950.76
Tue Mar 31 08:00:00 GMT+00:00 2015 SELL  - HAS - 167 @63.24 Total=10561.08
Tue Mar 31 08:00:00 GMT+00:00 2015 BUY  - NTDOY - 542 @18.43 Total=9989.06
Wed Apr 08 08:00:00 GMT+00:00 2015 BUY  - AYI - 35 @168.96 Total=5913.6
Fri Apr 10 08:00:00 GMT+00:00 2015 SELL  - SIG - 74 @137.02 Total=10139.48
Fri Apr 10 08:00:00 GMT+00:00 2015 BUY  - GE - 350 @28.51 Total=9978.5
Tue Apr 21 08:00:00 GMT+00:00 2015 SELL  - GE - 350 @26.62 Total=9317.0
Mon Apr 27 08:00:00 GMT+00:00 2015 SELL  - EW - 70 @130.97 Total=9167.9
Wed Apr 29 08:00:00 GMT+00:00 2015 BUY  - XPO - 204 @48.83 Total=9961.32
Thu Apr 30 08:00:00 GMT+00:00 2015 BUY  - AVG - 417 @23.92 Total=9974.64
Fri May 01 08:00:00 GMT+00:00 2015 SELL  - SBUX - 350 @50.29 Total=17601.5
Fri May 01 08:00:00 GMT+00:00 2015 BUY  - BFAM - 184 @54.05 Total=9945.2
Tue May 05 08:00:00 GMT+00:00 2015 SELL  - AYI - 101 @170.32 Total=17202.32
Tue May 05 08:00:00 GMT+00:00 2015 BUY  - CLGX - 258 @38.7 Total=9984.6
Tue May 12 08:00:00 GMT+00:00 2015 SELL  - BFAM - 184 @52.84 Total=9722.56
Tue May 12 08:00:00 GMT+00:00 2015 BUY  - IPAR - 296 @33.65 Total=9960.4
Fri May 15 08:00:00 GMT+00:00 2015 SELL  - IPAR - 296 @31.93 Total=9451.28
Wed May 20 08:00:00 GMT+00:00 2015 BUY  - TTPH - 220 @45.33 Total=9972.6
Wed May 20 08:00:00 GMT+00:00 2015 SELL  - XPO - 204 @49.44 Total=10085.76
Wed May 20 08:00:00 GMT+00:00 2015 BUY  - TWC - 60 @166.55 Total=9993.0
Fri May 22 08:00:00 GMT+00:00 2015 SELL  - TTPH - 220 @42.94 Total=9446.8
Tue May 26 08:00:00 GMT+00:00 2015 SELL  - TWC - 60 @183.6 Total=11016.0
Wed May 27 08:00:00 GMT+00:00 2015 BUY  - AMED - 315 @31.67 Total=9976.05
Fri May 29 08:00:00 GMT+00:00 2015 BUY  - NTDOY - 283 @21.16 Total=5988.28
Fri May 29 08:00:00 GMT+00:00 2015 BUY  - DGX - 132 @75.23 Total=9930.36
Tue Jun 09 08:00:00 GMT+00:00 2015 SELL  - DGX - 132 @73.71 Total=9729.72
Tue Jun 09 08:00:00 GMT+00:00 2015 BUY  - CMN - 192 @52.0 Total=9984.0
Wed Jun 17 08:00:00 GMT+00:00 2015 SELL  - CLGX - 258 @37.54 Total=9685.32
Wed Jun 17 08:00:00 GMT+00:00 2015 BUY  - RDUS - 193 @51.73 Total=9983.89
Fri Jun 19 08:00:00 GMT+00:00 2015 SELL  - NTDOY - 825 @19.99 Total=16491.75
Fri Jun 19 08:00:00 GMT+00:00 2015 BUY  - BRLI - 251 @39.77 Total=9982.27
Thu Jun 25 08:00:00 GMT+00:00 2015 BUY  - AMED - 149 @39.96 Total=5954.04
Wed Jul 01 08:00:00 GMT+00:00 2015 BUY  - AVG - 218 @27.43 Total=5979.74
