Start Date: Thu Jan 01 08:00:00 GMT+00:00 2015
End Date: Wed Jun 24 06:59:51 GMT+00:00 2015
Initial Cash: 100000.0
Num Positions: 5
-----------------
Thu Jan 08 08:00:00 GMT+00:00 2015 BUY: 240 shares of TSRO cost-basis=41.6 for $9986.4 CASH-BAL=90006.6
Thu Jan 08 08:00:00 GMT+00:00 2015 BUY: 13 shares of CMG cost-basis=720 for $9359.87 CASH-BAL=80639.73
Tue Jan 13 08:00:00 GMT+00:00 2015Market-Downtrend-Sell -1.5%: (-3.94%)240 shares of TSRO for -3.94
Tue Jan 13 08:00:00 GMT+00:00 2015 SELL TSRO x240 for $9600.0 CASH-BAL=90232.73
Wed Jan 14 08:00:00 GMT+00:00 2015Market-Downtrend-Sell -1.5%: (-1.5%)13 shares of CMG for -1.5
Wed Jan 14 08:00:00 GMT+00:00 2015 SELL CMG x13 for $9226.62 CASH-BAL=99452.35
Thu Jan 22 08:00:00 GMT+00:00 2015 BUY: 421 shares of TSM cost-basis=23.7 for $9981.91 CASH-BAL=89463.44
Thu Jan 22 08:00:00 GMT+00:00 2015 BUY: 117 shares of CCI cost-basis=85.3 for $9974.25 CASH-BAL=79482.19
Fri Jan 23 08:00:00 GMT+00:00 2015 BUY: 113 shares of SBUX cost-basis=88.2 for $9968.86 CASH-BAL=69506.33
Fri Jan 23 08:00:00 GMT+00:00 2015 BUY: 234 shares of CSWC cost-basis=42.6 for $9966.06 CASH-BAL=59533.27
Thu Jan 29 08:00:00 GMT+00:00 2015Market-Downtrend-Sell -1.5%: (-1.84%)421 shares of TSM for -1.84
Thu Jan 29 08:00:00 GMT+00:00 2015 SELL TSM x421 for $9805.09 CASH-BAL=69331.36
Fri Feb 06 08:00:00 GMT+00:00 2015 BUY: 136 shares of CSWC cost-basis=43.1 for $5984.0 CASH-BAL=63340.36
Fri Feb 06 08:00:00 GMT+00:00 2015 BUY: 106 shares of CME cost-basis=94.2 for $9986.26 CASH-BAL=53347.1
Fri Feb 06 08:00:00 GMT+00:00 2015 BUY: 166 shares of VRSN cost-basis=60.0 for $9955.02 CASH-BAL=43385.08
Tue Feb 10 08:00:00 GMT+00:00 2015 BUY: 65 shares of SBUX cost-basis=89.3 for $5926.7 CASH-BAL=37451.38
Thu Feb 12 08:00:00 GMT+00:00 2015 BUY: 68 shares of CCI cost-basis=86.1 for $5956.12 CASH-BAL=31488.26
Fri Feb 13 08:00:00 GMT+00:00 2015 BUY: 85 shares of CSWC cost-basis=43.7 for $3955.9 CASH-BAL=27525.36
Wed Feb 25 08:00:00 GMT+00:00 2015 BUY: 42 shares of SBUX cost-basis=90.2 for $3958.92 CASH-BAL=23559.44
Mon Mar 02 08:00:00 GMT+00:00 2015 BUY: 61 shares of CME cost-basis=95.3 for $5924.32 CASH-BAL=17628.12
Mon Mar 02 08:00:00 GMT+00:00 2015 BUY: 92 shares of VRSN cost-basis=61.6 for $5941.36 CASH-BAL=11679.76
Mon Mar 16 08:00:00 GMT+00:00 2015 BUY: 39 shares of CME cost-basis=96.2 for $3902.34 CASH-BAL=7770.42
Wed Mar 25 08:00:00 GMT+00:00 2015Market-CautiousUp-Sell 50EMA: (-1.52%)185 shares of CCI for -1.8
Wed Mar 25 08:00:00 GMT+00:00 2015 SELL CCI x185 for $15658.4 CASH-BAL=23421.82
Fri Mar 27 08:00:00 GMT+00:00 2015 BUY: 60 shares of VRSN cost-basis=62.5 for $3977.7 CASH-BAL=19437.12
Thu Apr 02 08:00:00 GMT+00:00 2015Market-CautiousUp-Sell -3%: (-3.51%)206 shares of CME for -3.51
Thu Apr 02 08:00:00 GMT+00:00 2015 SELL CME x206 for $19139.46 CASH-BAL=38569.58
Wed Apr 08 08:00:00 GMT+00:00 2015 BUY: 138 shares of CHL cost-basis=71.9 for $9927.72 CASH-BAL=28634.86
Thu Apr 09 08:00:00 GMT+00:00 2015 SBUX: Applying split factor of: 2.0
Thu Apr 09 08:00:00 GMT+00:00 2015 BUY: 476 shares of EIGI cost-basis=21.0 for $9986.48 CASH-BAL=18641.38
Fri Apr 17 08:00:00 GMT+00:00 2015 StopLoss SELL: (-5.99%)138 shares of CHL for -5.99
Fri Apr 17 08:00:00 GMT+00:00 2015 SELL CHL x138 for $9339.84 CASH-BAL=27974.22
Fri Apr 17 08:00:00 GMT+00:00 2015 BUY: 148 shares of CE cost-basis=67.2 for $9942.64 CASH-BAL=18024.58
Thu Apr 23 08:00:00 GMT+00:00 2015 BUY: 260 shares of EIGI cost-basis=21.7 for $5987.8 CASH-BAL=12029.78
Fri Apr 24 08:00:00 GMT+00:00 2015Market-Uptrend-Sell 50EMA: (-2.28%)318 shares of VRSN for 3.96
Fri Apr 24 08:00:00 GMT+00:00 2015 SELL VRSN x318 for $20682.72 CASH-BAL=32705.5
Fri Apr 24 08:00:00 GMT+00:00 2015 BUY: 344 shares of IMS cost-basis=29.0 for $9976.0 CASH-BAL=22722.5
Tue Apr 28 08:00:00 GMT+00:00 2015 StopLoss SELL: (-9.32%)736 shares of EIGI for -9.32
Tue Apr 28 08:00:00 GMT+00:00 2015 SELL EIGI x736 for $14499.2 CASH-BAL=37214.7
Tue Apr 28 08:00:00 GMT+00:00 2015 BUY: 416 shares of SC cost-basis=24.0 for $9984.0 CASH-BAL=27223.7
Tue May 05 08:00:00 GMT+00:00 2015 StopLoss SELL: (-5.35%)344 shares of IMS for -5.35
Tue May 05 08:00:00 GMT+00:00 2015 SELL IMS x344 for $9449.68 CASH-BAL=36666.38
Tue May 12 08:00:00 GMT+00:00 2015Market-Downtrend-Sell -1.5%: (-2.23%)148 shares of CE for -2.23
Tue May 12 08:00:00 GMT+00:00 2015 SELL CE x148 for $9728.04 CASH-BAL=46387.42
Fri May 15 08:00:00 GMT+00:00 2015 BUY: 241 shares of SC cost-basis=24.3 for $5979.21 CASH-BAL=40401.21
Wed May 20 08:00:00 GMT+00:00 2015 BUY: 220 shares of TTPH cost-basis=45.3 for $9972.6 CASH-BAL=30421.61
Wed May 20 08:00:00 GMT+00:00 2015 BUY: 60 shares of TWC cost-basis=167 for $9993.0 CASH-BAL=20421.61
Fri May 22 08:00:00 GMT+00:00 2015 StopLoss SELL: (-5.34%)220 shares of TTPH for -5.34
Fri May 22 08:00:00 GMT+00:00 2015 SELL TTPH x220 for $9446.8 CASH-BAL=29861.41
Tue May 26 08:00:00 GMT+00:00 2015 Got Acquired/Merged: 60 shares of TWC for 10.2
Tue May 26 08:00:00 GMT+00:00 2015 SELL TWC x60 for $11016.0 CASH-BAL=40870.41
Wed May 27 08:00:00 GMT+00:00 2015 BUY: 70 shares of AVGO cost-basis=141 for $9904.3 CASH-BAL=30959.11
Wed May 27 08:00:00 GMT+00:00 2015 BUY: 315 shares of AMED cost-basis=31.7 for $9976.05 CASH-BAL=20976.06
Fri Jun 12 08:00:00 GMT+00:00 2015 BUY: 156 shares of SC cost-basis=24.5 for $3971.76 CASH-BAL=16997.3

---- Final Portfolio Holdings as of Wed Jun 24 06:59:51 GMT+00:00 2015 ----
null 440 of SBUX with cost basis of 45.1 and pct-chg: 19.8%
null 455 of CSWC with cost basis of 43.7 and pct-chg: 16.1%
null 813 of SC with cost basis of 24.5 and pct-chg: 8.05%
null 70 of AVGO with cost basis of 141.0 and pct-chg: 0.0353%
null 315 of AMED with cost basis of 31.7 and pct-chg: 27.6%

Total Invested Amount = 91079.96
Cash Bal = 16997.3
Net Value = 108077.26

---- Run stats ----
Start-Date: Thu Jan 01 08:00:00 GMT+00:00 2015
End-Date: Wed Jun 24 06:59:51 GMT+00:00 2015
Total Trading days: 174
Net Gain/Loss = 8077.26
Pct Chg = 8.08%
