Start Date: Thu Jan 01 08:00:00 GMT+00:00 2015
End Date: Wed Jul 01 22:44:16 GMT+00:00 2015
Initial Cash: 100000.0
Num Positions: 5
-----------------
Thu Jan 22 08:00:00 GMT+00:00 2015 BUY: 128 shares of HELE cost-basis=77.5 for $9923.84 CASH-BAL=90069.16
Thu Jan 22 08:00:00 GMT+00:00 2015 BUY: 93 shares of AGU cost-basis=107 for $9969.6 CASH-BAL=80092.56
Fri Jan 23 08:00:00 GMT+00:00 2015 BUY: 113 shares of SBUX cost-basis=88.2 for $9968.86 CASH-BAL=70116.7
Wed Jan 28 08:00:00 GMT+00:00 2015 Selling due to underperformance: HELE
Wed Jan 28 08:00:00 GMT+00:00 2015 SELL HELE x128 for $9689.6 CASH-BAL=79799.3
Wed Jan 28 08:00:00 GMT+00:00 2015 BUY: 634 shares of KLIC cost-basis=15.8 for $9985.5 CASH-BAL=69806.8
Thu Jan 29 08:00:00 GMT+00:00 2015 Selling due to underperformance: AGU
Thu Jan 29 08:00:00 GMT+00:00 2015 SELL AGU x93 for $9821.73 CASH-BAL=79621.53
Thu Jan 29 08:00:00 GMT+00:00 2015 BUY: 106 shares of VAR cost-basis=94.0 for $9968.24 CASH-BAL=69646.29
Fri Jan 30 08:00:00 GMT+00:00 2015Market-Downtrend-Sell -3%: (-3.75%)634 shares of KLIC for -3.75
Fri Jan 30 08:00:00 GMT+00:00 2015 SELL KLIC x634 for $9617.78 CASH-BAL=79257.07
Thu Feb 05 08:00:00 GMT+00:00 2015 BUY: 138 shares of BLL cost-basis=72.0 for $9940.14 CASH-BAL=69309.93
Mon Feb 09 08:00:00 GMT+00:00 2015 BUY: 167 shares of HAS cost-basis=59.7 for $9963.22 CASH-BAL=59339.71
Tue Feb 10 08:00:00 GMT+00:00 2015 BUY: 220 shares of SEE cost-basis=45.3 for $9959.4 CASH-BAL=49373.31
Wed Feb 11 08:00:00 GMT+00:00 2015 Selling due to underperformance: VAR
Wed Feb 11 08:00:00 GMT+00:00 2015 SELL VAR x106 for $9785.92 CASH-BAL=59152.23
Wed Feb 11 08:00:00 GMT+00:00 2015 BUY: 409 shares of SCI cost-basis=24.4 for $9975.51 CASH-BAL=49169.72
Mon Mar 02 08:00:00 GMT+00:00 2015 BUY: 63 shares of SBUX cost-basis=90.4 for $5936.175 CASH-BAL=43226.545
Wed Mar 04 08:00:00 GMT+00:00 2015 Selling due to underperformance: BLL
Wed Mar 04 08:00:00 GMT+00:00 2015 SELL BLL x138 for $9839.4 CASH-BAL=53058.945
Wed Mar 04 08:00:00 GMT+00:00 2015 BUY: 152 shares of BMY cost-basis=65.7 for $9981.84 CASH-BAL=43070.105
Wed Mar 04 08:00:00 GMT+00:00 2015 Selling due to underperformance: SEE
Wed Mar 04 08:00:00 GMT+00:00 2015 SELL SEE x220 for $10247.6 CASH-BAL=53310.705
Wed Mar 04 08:00:00 GMT+00:00 2015 BUY: 330 shares of OLN cost-basis=30.3 for $9982.5 CASH-BAL=43321.205
Tue Mar 10 08:00:00 GMT+00:00 2015Market-CautiousUp-Sell -3%: (-4.2%)330 shares of OLN for -4.2
Tue Mar 10 08:00:00 GMT+00:00 2015 SELL OLN x330 for $9570.0 CASH-BAL=52884.205
Wed Mar 18 08:00:00 GMT+00:00 2015 BUY: 145 shares of AMBA cost-basis=68.5 for $9929.6 CASH-BAL=42947.605
Wed Mar 25 08:00:00 GMT+00:00 2015 Selling due to underperformance: BMY
Wed Mar 25 08:00:00 GMT+00:00 2015 SELL BMY x152 for $9834.4 CASH-BAL=52775.005
Wed Mar 25 08:00:00 GMT+00:00 2015 BUY: 70 shares of EW cost-basis=142 for $9957.5 CASH-BAL=42810.505
Thu Mar 26 08:00:00 GMT+00:00 2015 Selling due to underperformance: AMBA
Thu Mar 26 08:00:00 GMT+00:00 2015 SELL AMBA x145 for $9933.95 CASH-BAL=52737.455
Thu Mar 26 08:00:00 GMT+00:00 2015 BUY: 562 shares of SFS cost-basis=17.8 for $9986.74 CASH-BAL=42743.715
Thu Mar 26 08:00:00 GMT+00:00 2015 Selling due to underperformance: HAS
Thu Mar 26 08:00:00 GMT+00:00 2015 SELL HAS x167 for $10112.685 CASH-BAL=52849.4
Thu Mar 26 08:00:00 GMT+00:00 2015 BUY: 74 shares of SIG cost-basis=135 for $9990.0 CASH-BAL=42852.4
Tue Mar 31 08:00:00 GMT+00:00 2015 Selling due to underperformance: SFS
Tue Mar 31 08:00:00 GMT+00:00 2015 SELL SFS x562 for $9891.2 CASH-BAL=52736.6
Tue Mar 31 08:00:00 GMT+00:00 2015 BUY: 542 shares of NTDOY cost-basis=18.4 for $9989.06 CASH-BAL=42740.54
Wed Apr 01 08:00:00 GMT+00:00 2015 BUY: 228 shares of SCI cost-basis=25.1 for $5985.0 CASH-BAL=36748.54
Thu Apr 09 08:00:00 GMT+00:00 2015 SBUX: Applying split factor of: 2.0
Fri Apr 10 08:00:00 GMT+00:00 2015 Selling due to underperformance: EW
Fri Apr 10 08:00:00 GMT+00:00 2015 SELL EW x70 for $9917.6 CASH-BAL=46659.14
Fri Apr 10 08:00:00 GMT+00:00 2015 BUY: 350 shares of GE cost-basis=28.5 for $9978.5 CASH-BAL=36673.64
Wed Apr 15 08:00:00 GMT+00:00 2015 BUY: 147 shares of SCI cost-basis=25.4 for $3966.06 CASH-BAL=32700.58
Tue Apr 21 08:00:00 GMT+00:00 2015 StopLoss-SoftStop SELL: (-6.7%)350 shares of GE for -6.7
Tue Apr 21 08:00:00 GMT+00:00 2015 SELL GE x350 for $9317.0 CASH-BAL=42010.58
Tue Apr 21 08:00:00 GMT+00:00 2015 BUY: 82 shares of SBUX cost-basis=45.8 for $3966.34 CASH-BAL=38037.24
Tue Apr 28 08:00:00 GMT+00:00 2015 BUY: 359 shares of HQY cost-basis=27.8 for $9965.84 CASH-BAL=28064.4
Wed Apr 29 08:00:00 GMT+00:00 2015 Selling due to underperformance: SIG
Wed Apr 29 08:00:00 GMT+00:00 2015 SELL SIG x74 for $10052.16 CASH-BAL=38109.56
Wed Apr 29 08:00:00 GMT+00:00 2015 BUY: 204 shares of XPO cost-basis=48.8 for $9961.32 CASH-BAL=28141.24
Thu Apr 30 08:00:00 GMT+00:00 2015 StopLoss-SoftStop SELL: (-5.65%)359 shares of HQY for -5.65
Thu Apr 30 08:00:00 GMT+00:00 2015 SELL HQY x359 for $9409.39 CASH-BAL=37543.63
Thu Apr 30 08:00:00 GMT+00:00 2015 BUY: 417 shares of AVG cost-basis=23.9 for $9974.64 CASH-BAL=27561.99
Tue May 05 08:00:00 GMT+00:00 2015 Selling due to underperformance: AVG
Tue May 05 08:00:00 GMT+00:00 2015 SELL AVG x417 for $9703.59 CASH-BAL=37258.58
Tue May 05 08:00:00 GMT+00:00 2015 BUY: 258 shares of CLGX cost-basis=38.7 for $9984.6 CASH-BAL=27266.98
Fri May 08 08:00:00 GMT+00:00 2015 Selling due to underperformance: XPO
Fri May 08 08:00:00 GMT+00:00 2015 SELL XPO x204 for $9906.24 CASH-BAL=37166.22
Fri May 08 08:00:00 GMT+00:00 2015 BUY: 185 shares of IMPV cost-basis=54.0 for $9986.3 CASH-BAL=27172.92
Tue May 12 08:00:00 GMT+00:00 2015 Selling due to underperformance: CLGX
Tue May 12 08:00:00 GMT+00:00 2015 SELL CLGX x258 for $9811.74 CASH-BAL=36977.66
Tue May 12 08:00:00 GMT+00:00 2015 BUY: 296 shares of IPAR cost-basis=33.7 for $9960.4 CASH-BAL=27010.26
Fri May 15 08:00:00 GMT+00:00 2015 StopLoss-SoftStop SELL: (-5.18%)296 shares of IPAR for -5.18
Fri May 15 08:00:00 GMT+00:00 2015 SELL IPAR x296 for $9451.28 CASH-BAL=36454.54
Wed May 20 08:00:00 GMT+00:00 2015 BUY: 220 shares of TTPH cost-basis=45.3 for $9972.6 CASH-BAL=26474.94
Fri May 22 08:00:00 GMT+00:00 2015 StopLoss-SoftStop SELL: (-5.34%)220 shares of TTPH for -5.34
Fri May 22 08:00:00 GMT+00:00 2015 SELL TTPH x220 for $9446.8 CASH-BAL=35914.74
Tue May 26 08:00:00 GMT+00:00 2015Market-Uptrend-Sell 20EMA: (-2.59%)542 shares of NTDOY for 16.3
Tue May 26 08:00:00 GMT+00:00 2015 SELL NTDOY x542 for $11617.77 CASH-BAL=47525.51
Wed May 27 08:00:00 GMT+00:00 2015 BUY: 315 shares of AMED cost-basis=31.7 for $9976.05 CASH-BAL=37542.46
Fri Jun 05 08:00:00 GMT+00:00 2015 BUY: 146 shares of JUNO cost-basis=68.4 for $9980.56 CASH-BAL=27554.9
Tue Jun 09 08:00:00 GMT+00:00 2015 StopLoss-HardStop SELL: (-9.17%)146 shares of JUNO for -9.17
Tue Jun 09 08:00:00 GMT+00:00 2015 SELL JUNO x146 for $9072.44 CASH-BAL=36620.34
Tue Jun 09 08:00:00 GMT+00:00 2015 BUY: 192 shares of CMN cost-basis=52.0 for $9984.0 CASH-BAL=26629.34
Wed Jun 17 08:00:00 GMT+00:00 2015 Selling due to underperformance: CMN
Wed Jun 17 08:00:00 GMT+00:00 2015 SELL CMN x192 for $9972.48 CASH-BAL=36594.82
Wed Jun 17 08:00:00 GMT+00:00 2015 BUY: 193 shares of RDUS cost-basis=51.7 for $9983.89 CASH-BAL=26603.93
Thu Jun 25 08:00:00 GMT+00:00 2015 BUY: 149 shares of AMED cost-basis=34.3 for $5954.04 CASH-BAL=20642.89

---- Final Portfolio Holdings as of Wed Jul 01 22:44:16 GMT+00:00 2015 ----
null 434 of SBUX with cost basis of 45.8 and pct-chg: 17.6% with % of portfolio weight=21.0%
null 784 of SCI with cost basis of 25.4 and pct-chg: 15.9% with % of portfolio weight=20.8%
null 185 of IMPV with cost basis of 54.0 and pct-chg: 24.2% with % of portfolio weight=11.2%
null 464 of AMED with cost basis of 34.3 and pct-chg: 18.2% with % of portfolio weight=16.9%
null 193 of RDUS with cost basis of 51.7 and pct-chg: 29.3% with % of portfolio weight=11.6%

Total Invested Amount = 90611.18 with % of portfolio weight=81.4%
Cash Bal = 20642.89 with % of portfolio weight=18.6%
Net Value = 111254.07

---- Run stats ----
Start-Date: Thu Jan 01 08:00:00 GMT+00:00 2015
End-Date: Wed Jul 01 22:44:16 GMT+00:00 2015
Total Trading days: 182
Net Gain/Loss = 11254.07
Pct Chg = 11.3%
