Fri Jan 09 08:00:00 GMT+00:00 2015 BUY  - SRC - 815 @12.26 Total=9991.9
Thu Jan 22 08:00:00 GMT+00:00 2015 BUY  - TSM - 421 @23.71 Total=9981.91
Fri Jan 23 08:00:00 GMT+00:00 2015 BUY  - SBUX - 113 @88.22 Total=9968.86
Fri Jan 30 08:00:00 GMT+00:00 2015 SELL  - TSM - 421 @22.71 Total=9560.91
Mon Feb 09 08:00:00 GMT+00:00 2015 BUY  - SXT - 169 @58.91 Total=9955.79
Tue Feb 10 08:00:00 GMT+00:00 2015 SELL  - SXT - 169 @58.82 Total=9940.58
Tue Feb 10 08:00:00 GMT+00:00 2015 BUY  - SEE - 220 @45.27 Total=9959.4
Tue Feb 10 08:00:00 GMT+00:00 2015 BUY  - SXT - 169 @58.82 Total=9940.58
Wed Feb 11 08:00:00 GMT+00:00 2015 SELL  - SXT - 169 @59.35 Total=10030.15
Wed Feb 11 08:00:00 GMT+00:00 2015 BUY  - SCI - 409 @24.39 Total=9975.51
Thu Feb 12 08:00:00 GMT+00:00 2015 BUY  - BOOT - 424 @23.56 Total=9989.44
Tue Feb 17 08:00:00 GMT+00:00 2015 SELL  - BOOT - 424 @22.24 Total=9429.76
Tue Feb 17 08:00:00 GMT+00:00 2015 BUY  - PAHC - 302 @33.0 Total=9966.0
Wed Feb 18 08:00:00 GMT+00:00 2015 BUY  - SRC - 474 @12.63 Total=5986.62
Tue Feb 24 08:00:00 GMT+00:00 2015 SELL  - SRC - 1289 @12.25 Total=15790.25
Tue Feb 24 08:00:00 GMT+00:00 2015 BUY  - VEEV - 333 @29.93 Total=9966.69
Wed Mar 04 08:00:00 GMT+00:00 2015 SELL  - VEEV - 333 @25.72 Total=8564.76
Wed Mar 04 08:00:00 GMT+00:00 2015 BUY  - SBUX - 64 @93.06 Total=5955.84
Wed Mar 04 08:00:00 GMT+00:00 2015 BUY  - UEPS - 683 @14.62 Total=9985.46
Tue Mar 10 08:00:00 GMT+00:00 2015 SELL  - UEPS - 683 @14.08 Total=9616.64
Tue Mar 17 08:00:00 GMT+00:00 2015 BUY  - PAHC - 170 @35.2 Total=5984.0
Fri Mar 20 08:00:00 GMT+00:00 2015 BUY  - HNI - 185 @53.85 Total=9962.25
Tue Mar 31 08:00:00 GMT+00:00 2015 BUY  - SCI - 230 @26.05 Total=5991.5
Wed Apr 15 08:00:00 GMT+00:00 2015 SELL  - SEE - 220 @44.46 Total=9781.2
Fri Apr 17 08:00:00 GMT+00:00 2015 SELL  - PAHC - 472 @33.39 Total=15760.08
Fri Apr 17 08:00:00 GMT+00:00 2015 BUY  - SCI - 148 @26.87 Total=3976.76
Fri Apr 17 08:00:00 GMT+00:00 2015 BUY  - HNI - 107 @55.55 Total=5943.85
Fri Apr 17 08:00:00 GMT+00:00 2015 BUY  - NGHC - 518 @19.28 Total=9987.04
Fri Apr 17 08:00:00 GMT+00:00 2015 BUY  - JPM - 159 @62.84 Total=9991.56
Mon Apr 20 08:00:00 GMT+00:00 2015 BUY  - SBUX - 83 @47.97 Total=3981.51
Thu Apr 23 08:00:00 GMT+00:00 2015 SELL  - HNI - 292 @51.27 Total=14970.84
Thu Apr 23 08:00:00 GMT+00:00 2015 BUY  - JCI - 188 @52.9 Total=9945.2
Tue May 05 08:00:00 GMT+00:00 2015 SELL  - JCI - 188 @50.18 Total=9433.84
Tue May 05 08:00:00 GMT+00:00 2015 BUY  - SC - 411 @24.27 Total=9974.97
Thu May 21 08:00:00 GMT+00:00 2015 BUY  - NGHC - 301 @19.89 Total=5986.89
Tue May 26 08:00:00 GMT+00:00 2015 SELL  - NGHC - 819 @19.17 Total=15700.23
Tue May 26 08:00:00 GMT+00:00 2015 BUY  - JPM - 91 @65.73 Total=5981.43
Tue May 26 08:00:00 GMT+00:00 2015 BUY  - UEPS - 700 @14.26 Total=9982.0
Thu Jun 25 08:00:00 GMT+00:00 2015 BUY  - SC - 232 @25.8 Total=5985.6
