Fri Jan 02 08:00:00 GMT+00:00 2015 : Watchlists added : 
Fri Jan 02 08:00:00 GMT+00:00 2015: Bases processed : ARKK-D,IBDD-D,MUE-D,MVF-D,NQS-D,PGF-D,TLO-D,VMO-D,XMPT-D,LTPZ-D,HOFT-D,GFI-D,BCC-D,VRTV-D,TPHS-D,RLGT-D,NLNK-D,EGRX-D,COWN-D,ASYS-D,ASMI-D,
Fri Jan 02 08:00:00 GMT+00:00 2015: signals : 
Fri Jan 02 08:00:00 GMT+00:00 2015: Signals ordered by strength : 
Mon Jan 05 08:00:00 GMT+00:00 2015 : Watchlists added : 
Mon Jan 05 08:00:00 GMT+00:00 2015: Bases processed : BNY-D,CJNK-D,FMB-D,NBD-D,NEA-D,NID-D,NXQ-D,PYN-D,VBLT-D,VGLT-D,SCKT-D,PBPB-D,JOBS-D,GBAB-D,EDV-D,ATHX-D,ARGS-D,PULB-D,MIFI-D,GSH-D,FRS-D,DGICA-D,CRME-D,
Mon Jan 05 08:00:00 GMT+00:00 2015: signals : 
Mon Jan 05 08:00:00 GMT+00:00 2015: Signals ordered by strength : 
Tue Jan 06 08:00:00 GMT+00:00 2015 : Watchlists added : 
Tue Jan 06 08:00:00 GMT+00:00 2015: Bases processed : BAB-D,BAF-D,BFZ-D,BLV-D,BSE-D,BTT-D,DEI-D,EIM-D,EXR-D,ILTB-D,MIY-D,MOC-D,MSCI-D,MUC-D,MVT-D,MYI-D,MYM-D,NQI-D,NXZ-D,SCHZ-D,SRC-D,SYTL-D,TLH-D,TYD-D,VKI-D,VKQ-D,VBND-D,PZT-D,PPSI-D,NYV-D,NERV-D,IGU-D,HYMB-D,GOVT-D,GBLI-D,EVOK-D,EDUC-D,CNXR-D,CHN-D,ACH-D,ORFR-D,LPT-D,
Tue Jan 06 08:00:00 GMT+00:00 2015: signals : 
Tue Jan 06 08:00:00 GMT+00:00 2015: Signals ordered by strength : 
Wed Jan 07 08:00:00 GMT+00:00 2015 : Watchlists added : 
Wed Jan 07 08:00:00 GMT+00:00 2015: Bases processed : ARNA-D,BTA-D,CF-D,CLVS-D,EIA-D,ENX-D,HALO-D,MCHI-D,MEN-D,MFT-D,MNR-D,NMO-D,NPP-D,NUV-D,NVSL-D,PMF-D,PMX-D,PZA-D,STAG-D,VFL-D,MUI-D,IDT-D,CXH-D,CRL-D,BLCM-D,WMT-D,TAYD-D,BRX-D,AMPH-D,
Wed Jan 07 08:00:00 GMT+00:00 2015: signals : 
Wed Jan 07 08:00:00 GMT+00:00 2015: Signals ordered by strength : 
Thu Jan 08 08:00:00 GMT+00:00 2015 : Watchlists added : 
Thu Jan 08 08:00:00 GMT+00:00 2015: Bases processed : BAM-D,BKS-D,FSL-D,FXI-D,HPF-D,HPS-D,IMH-D,ITB-D,MANT-D,NMA-D,NQP-D,NRK-D,PENN-D,PFNX-D,TAP-D,TMO-D,WAT-D,TSRO-D,TRNO-D,TREE-D,MSBF-D,MRVL-D,MCRI-D,LABL-D,IDI-D,GXC-D,EPR-D,DHI-D,CMG-D,BSX-D,WK-D,ANTM-D,ZBRA-D,XPLR-D,UMC-D,QTS-D,PCH-D,NLS-D,ILMN-D,WMAR-D,
Thu Jan 08 08:00:00 GMT+00:00 2015: signals : 
Thu Jan 08 08:00:00 GMT+00:00 2015: Signals ordered by strength : 
Fri Jan 09 08:00:00 GMT+00:00 2015 : Watchlists added : 
Fri Jan 09 08:00:00 GMT+00:00 2015: Bases processed : JGBT-D,KTF-D,MYJ-D,NAN-D,NBO-D,STLY-D,TAST-D,SSFN-D,SMSI-D,PRTO-D,HELE-D,DHT-D,CENTA-D,AYI-D,ALR-D,PTLA-D,PSG-D,JRVR-D,CPB-D,ARKR-D,NXPI-D,CMT-D,
Fri Jan 09 08:00:00 GMT+00:00 2015: signals : AYI,
Fri Jan 09 08:00:00 GMT+00:00 2015: Signals ordered by strength : AYI(110.0), 
Mon Jan 12 08:00:00 GMT+00:00 2015 : Watchlists added : 
Mon Jan 12 08:00:00 GMT+00:00 2015: Bases processed : CCA-D,CPT-D,CZWI-D,VLRS-D,VASC-D,TSRI-D,OFC-D,MLN-D,IGR-D,FMI-D,ENGN-D,CLUB-D,BPY-D,WMS-D,NMS-D,HOLX-D,UNIS-D,AGN-D,MCUR-D,
Mon Jan 12 08:00:00 GMT+00:00 2015: signals : 
Mon Jan 12 08:00:00 GMT+00:00 2015: Signals ordered by strength : 
Tue Jan 13 08:00:00 GMT+00:00 2015 : Watchlists added : 
Tue Jan 13 08:00:00 GMT+00:00 2015: Bases processed : BABS-D,DPS-D,FCEA-D,FCEB-D,IBDH-D,LAG-D,MLNX-D,NVS-D,PMM-D,QUNR-D,SIRI-D,PERY-D,OCIR-D,NORD-D,NAP-D,MNRO-D,LEN-D,IRWD-D,IFN-D,IDXX-D,HSII-D,GFF-D,FRSH-D,ELNK-D,CRY-D,CNXT-D,CNS-D,CA-D,BZH-D,VSEC-D,UNB-D,TUES-D,LENB-D,JCE-D,IRET-D,INTG-D,INCO-D,BDN-D,
Tue Jan 13 08:00:00 GMT+00:00 2015: signals : 
Tue Jan 13 08:00:00 GMT+00:00 2015: Signals ordered by strength : 
Wed Jan 14 08:00:00 GMT+00:00 2015 : Watchlists added : 
Wed Jan 14 08:00:00 GMT+00:00 2015: Bases processed : BIE-D,BSCL-D,EPHE-D,GBF-D,IEF-D,NMZ-D,NYF-D,VCLT-D,VGIT-D,UST-D,TENZ-D,RUTH-D,OWW-D,NVCN-D,ITCI-D,HYD-D,EEI-D,DLR-D,CLGX-D,BSCN-D,BOM-D,BBRY-D,AMPS-D,
Wed Jan 14 08:00:00 GMT+00:00 2015: signals : 
Wed Jan 14 08:00:00 GMT+00:00 2015: Signals ordered by strength : 
Thu Jan 15 08:00:00 GMT+00:00 2015 : Watchlists added : 
Thu Jan 15 08:00:00 GMT+00:00 2015: Bases processed : CRED-D,CXA-D,IBMI-D,IEI-D,MGF-D,MNP-D,MUB-D,MYN-D,NXJ-D,NXN-D,NZF-D,PML-D,SCHR-D,NIQ-D,MNE-D,ITM-D,INP-D,BOS-D,WDTI-D,RAI-D,NTES-D,EGP-D,HDB-D,
Thu Jan 15 08:00:00 GMT+00:00 2015: signals : HDB,
Thu Jan 15 08:00:00 GMT+00:00 2015: Signals ordered by strength : HDB(80.0), 
Fri Jan 16 08:00:00 GMT+00:00 2015 : Watchlists added : 
Fri Jan 16 08:00:00 GMT+00:00 2015: Bases processed : FXF-D,LFUS-D,SUBD-D,WNS-D,RAVE-D,IPHS-D,GGAC-D,BEP-D,AUMA-D,WSR-D,GPN-D,GGAL-D,WRI-D,VLGEA-D,NCB-D,INDY-D,EPI-D,COKE-D,
Fri Jan 16 08:00:00 GMT+00:00 2015: signals : 
Fri Jan 16 08:00:00 GMT+00:00 2015: Signals ordered by strength : 
Tue Jan 20 08:00:00 GMT+00:00 2015 : Watchlists added : 
Tue Jan 20 08:00:00 GMT+00:00 2015: Bases processed : ACWV-D,BUD-D,DWAT-D,ICUI-D,LWC-D,PDT-D,TM-D,TEP-D,PPH-D,MCI-D,INFY-D,INDA-D,IBCE-D,GEO-D,EIO-D,CLDX-D,
Tue Jan 20 08:00:00 GMT+00:00 2015: signals : 
Tue Jan 20 08:00:00 GMT+00:00 2015: Signals ordered by strength : 
Wed Jan 21 08:00:00 GMT+00:00 2015 : Watchlists added : 
Wed Jan 21 08:00:00 GMT+00:00 2015: Bases processed : ASR-D,PIN-D,SJM-D,TFI-D,TKC-D,TSEM-D,WX-D,UNFI-D,SBGL-D,PSO-D,NSP-D,KEYS-D,INDL-D,IIF-D,CNY-D,BRLI-D,ABCD-D,WEN-D,MRCY-D,CHL-D,UTX-D,CRUS-D,
Wed Jan 21 08:00:00 GMT+00:00 2015: signals : 
Wed Jan 21 08:00:00 GMT+00:00 2015: Signals ordered by strength : 
Thu Jan 22 08:00:00 GMT+00:00 2015 : Watchlists added : HELE,
Thu Jan 22 08:00:00 GMT+00:00 2015: Bases processed : ADP-D,CCI-D,CEV-D,CNK-D,FBND-D,HLT-D,PBH-D,RLGY-D,RNP-D,SABR-D,TSM-D,TTM-D,TUR-D,TXT-D,VDC-D,VMC-D,STON-D,RMAX-D,NRF-D,KO-D,IVOG-D,ISLE-D,IMAX-D,HURC-D,HLS-D,HL-D,HEWG-D,FTLB-D,FCHI-D,FCA-D,EMCG-D,DWAQ-D,CLNY-D,CCF-D,BLKB-D,BAESY-D,ARRY-D,AHP-D,AGU-D,WETF-D,
Thu Jan 22 08:00:00 GMT+00:00 2015: signals : 
Thu Jan 22 08:00:00 GMT+00:00 2015: Signals ordered by strength : HELE(115.0), 
Fri Jan 23 08:00:00 GMT+00:00 2015 : Watchlists added : 
Fri Jan 23 08:00:00 GMT+00:00 2015: Bases processed : JPS-D,LVLT-D,PAYX-D,PDP-D,PJP-D,PUK-D,VIPS-D,WBII-D,ULTA-D,SNE-D,SBUX-D,RMCF-D,HEDJ-D,FHK-D,DXGE-D,CSWC-D,UNP-D,TSO-D,GD-D,ERH-D,SPAR-D,HPTO-D,BX-D,
Fri Jan 23 08:00:00 GMT+00:00 2015: signals : SBUX,
Fri Jan 23 08:00:00 GMT+00:00 2015: Signals ordered by strength : SBUX(160.0), 
Mon Jan 26 08:00:00 GMT+00:00 2015 : Watchlists added : 
Mon Jan 26 08:00:00 GMT+00:00 2015: Bases processed : RELX-D,
Mon Jan 26 08:00:00 GMT+00:00 2015: signals : 
Mon Jan 26 08:00:00 GMT+00:00 2015: Signals ordered by strength : 
Tue Jan 27 08:00:00 GMT+00:00 2015 : Watchlists added : 
Tue Jan 27 08:00:00 GMT+00:00 2015: Bases processed : AFB-D,CLY-D,DL-D,GMOM-D,INCY-D,JTP-D,LQD-D,NQU-D,VHT-D,VGR-D,TCEHY-D,SRI-D,SMG-D,SHYD-D,PSXP-D,PSB-D,PLBC-D,PDM-D,OIA-D,NYLDA-D,JWB-D,JWA-D,IXJ-D,INFA-D,HURN-D,GTS-D,ESP-D,CSTE-D,COSI-D,CARB-D,ANAC-D,WTT-D,HDRA-D,
Tue Jan 27 08:00:00 GMT+00:00 2015: signals : 
Tue Jan 27 08:00:00 GMT+00:00 2015: Signals ordered by strength : 
Wed Jan 28 08:00:00 GMT+00:00 2015 : Watchlists added : 
Wed Jan 28 08:00:00 GMT+00:00 2015: Bases processed : AGG-D,BND-D,EVO-D,FDIV-D,FLC-D,HBI-D,LPL-D,MATX-D,MMU-D,NKG-D,NNC-D,NPV-D,NVG-D,PAYC-D,PBM-D,PEBK-D,SKX-D,SPR-D,WOOD-D,SIMO-D,ORAN-D,NJ-D,KLIC-D,KCG-D,GIB-D,FWP-D,ENDP-D,DTYL-D,DOX-D,CGI-D,CDXS-D,BFR-D,AWRE-D,ASX-D,ALDX-D,YARIY-D,TTC-D,KONA-D,FRFHF-D,SOCB-D,KSM-D,COMM-D,OC-D,
Wed Jan 28 08:00:00 GMT+00:00 2015: signals : KLIC,
Wed Jan 28 08:00:00 GMT+00:00 2015: Signals ordered by strength : KLIC(50.0), 
Thu Jan 29 08:00:00 GMT+00:00 2015 : Watchlists added : 
Thu Jan 29 08:00:00 GMT+00:00 2015: Bases processed : BUNL-D,CXE-D,HAE-D,ISIL-D,ISTB-D,JHP-D,MKTO-D,NIM-D,NMY-D,VAR-D,TTDKY-D,TRR-D,LRLCY-D,HAR-D,GHC-D,FUTS-D,ELUXY-D,EBSB-D,CCMP-D,BA-D,AZUR-D,
Thu Jan 29 08:00:00 GMT+00:00 2015: signals : VAR,BA,
Thu Jan 29 08:00:00 GMT+00:00 2015: Signals ordered by strength : VAR(125.0), BA(85.0), 
Fri Jan 30 08:00:00 GMT+00:00 2015 : Watchlists added : BA,
Fri Jan 30 08:00:00 GMT+00:00 2015: Bases processed : AAPL-D,AKP-D,BOND-D,BSCJ-D,BSCM-D,CPRX-D,GVI-D,ICB-D,IPE-D,ITR-D,LEO-D,PNF-D,RENX-D,SLQD-D,UA-D,ZAIS-D,TROV-D,SRDX-D,RGC-D,MZF-D,MX-D,MPC-D,MCHP-D,JYNT-D,HLIT-D,ENFC-D,DFP-D,CEA-D,AGTC-D,VPV-D,AINC-D,BDL-D,
Fri Jan 30 08:00:00 GMT+00:00 2015: signals : 
Fri Jan 30 08:00:00 GMT+00:00 2015: Signals ordered by strength : BA(85.0), 
Mon Feb 02 08:00:00 GMT+00:00 2015 : Watchlists added : NSP,
Mon Feb 02 08:00:00 GMT+00:00 2015: Bases processed : BHK-D,DSM-D,EIV-D,FFC-D,FRPH-D,NUO-D,PCK-D,RGCO-D,SBI-D,TIPZ-D,USDU-D,ZGNX-D,FLWS-D,CUBI-D,CACC-D,GYEN-D,
Mon Feb 02 08:00:00 GMT+00:00 2015: signals : 
Mon Feb 02 08:00:00 GMT+00:00 2015: Signals ordered by strength : NSP(115.0), 
Tue Feb 03 08:00:00 GMT+00:00 2015 : Watchlists added : 
Tue Feb 03 08:00:00 GMT+00:00 2015: Bases processed : COST-D,FCAU-D,FPT-D,JPIN-D,LDRI-D,MHFI-D,MSCC-D,NMT-D,PAI-D,PRE-D,TIME-D,VRSK-D,WTBA-D,UHAL-D,SEIC-D,NFRA-D,MWA-D,MENT-D,LPSB-D,LLNW-D,KW-D,KSS-D,INT-D,IFEU-D,HRTG-D,HEI-D,HEFA-D,DTEGY-D,DSPG-D,DAN-D,CSGP-D,BRC-D,AMWD-D,ALQA-D,LMOS-D,FTR-D,DST-D,ANCB-D,FNGN-D,
Tue Feb 03 08:00:00 GMT+00:00 2015: signals : PRE,
Tue Feb 03 08:00:00 GMT+00:00 2015: Signals ordered by strength : PRE(45.0), 
Wed Feb 04 08:00:00 GMT+00:00 2015 : Watchlists added : 
Wed Feb 04 08:00:00 GMT+00:00 2015: Bases processed : CMU-D,EGL-D,GIVE-D,JKE-D,JPGE-D,MIC-D,QTWN-D,RXI-D,SLGN-D,TLKGY-D,TREX-D,TNAV-D,RE-D,OMCL-D,MSG-D,MHLD-D,MFSF-D,MCY-D,LPX-D,LM-D,IPGP-D,ICL-D,HRB-D,ETFC-D,DTV-D,CCOI-D,ASHS-D,AHL-D,ULTI-D,TARO-D,FBR-D,LWAY-D,
Wed Feb 04 08:00:00 GMT+00:00 2015: signals : 
Wed Feb 04 08:00:00 GMT+00:00 2015: Signals ordered by strength : 
Thu Feb 05 08:00:00 GMT+00:00 2015 : Watchlists added : 
Thu Feb 05 08:00:00 GMT+00:00 2015: Bases processed : AKRX-D,APD-D,BCE-D,BRCM-D,DASTY-D,DATA-D,DLPH-D,EL-D,EWRM-D,EXPO-D,FSS-D,JKH-D,JMM-D,JOUT-D,MKL-D,PCRX-D,PPA-D,QLYS-D,RVP-D,SLAB-D,SNA-D,V-D,VXF-D,VBK-D,SMRT-D,SIGI-D,SBH-D,RWT-D,RTM-D,ROP-D,PAG-D,ORLY-D,NNI-D,NICE-D,MSON-D,MOFG-D,LDRH-D,KKR-D,KFRC-D,KBWP-D,FONE-D,FAD-D,DKL-D,DD-D,CEB-D,CDI-D,BOOT-D,AWH-D,AMSF-D,ADT-D,ABR-D,TYL-D,QUMU-D,CHTR-D,BLL-D,
Thu Feb 05 08:00:00 GMT+00:00 2015: signals : EL,CHTR,BLL,
Thu Feb 05 08:00:00 GMT+00:00 2015: Signals ordered by strength : EL(70.0), BLL(55.0), CHTR(25.0), 
Fri Feb 06 08:00:00 GMT+00:00 2015 : Watchlists added : 
Fri Feb 06 08:00:00 GMT+00:00 2015: Bases processed : ALFA-D,CPRT-D,EWRI-D,FBGX-D,FCOM-D,HRS-D,ITW-D,IWR-D,JKG-D,PVTB-D,QDEF-D,RPG-D,VOE-D,WBS-D,WAL-D,VUG-D,VRSN-D,VR-D,VO-D,TGNA-D,SXT-D,RZG-D,RFP-D,PFS-D,MSTR-D,MGK-D,MDLL-D,LNKD-D,JKK-D,IWF-D,FTA-D,FRME-D,FII-D,ESND-D,ENV-D,DIVC-D,CSC-D,CME-D,CBM-D,CATY-D,BOH-D,BKMU-D,BCOV-D,ATLC-D,AOR-D,AMTD-D,ALOG-D,AFH-D,WSFS-D,VTWG-D,SNV-D,ICE-D,HNI-D,FRC-D,PTF-D,FHN-D,IWO-D,AJRD-D,
Fri Feb 06 08:00:00 GMT+00:00 2015: signals : 
Fri Feb 06 08:00:00 GMT+00:00 2015: Signals ordered by strength : 
Mon Feb 09 08:00:00 GMT+00:00 2015 : Watchlists added : ORLY,
Mon Feb 09 08:00:00 GMT+00:00 2015: Bases processed : HPI-D,RTEC-D,ORA-D,MSI-D,IRIX-D,HAS-D,ANIP-D,AHS-D,
Mon Feb 09 08:00:00 GMT+00:00 2015: signals : HAS,
Mon Feb 09 08:00:00 GMT+00:00 2015: Signals ordered by strength : ORLY(115.0), HAS(45.0), 
Tue Feb 10 08:00:00 GMT+00:00 2015 : Watchlists added : 
Tue Feb 10 08:00:00 GMT+00:00 2015: Bases processed : APH-D,BLK-D,FVL-D,MOH-D,TTFS-D,VTTI-D,URBN-D,TW-D,SIAL-D,RAX-D,PSI-D,PINC-D,NHF-D,MODN-D,FWV-D,FRGI-D,AON-D,SEE-D,MLM-D,HIHO-D,
Tue Feb 10 08:00:00 GMT+00:00 2015: signals : MOH,SEE,MLM,
Tue Feb 10 08:00:00 GMT+00:00 2015: Signals ordered by strength : MOH(135.0), SEE(90.0), MLM(85.0), 
Wed Feb 11 08:00:00 GMT+00:00 2015 : Watchlists added : SEE,MLM,
Wed Feb 11 08:00:00 GMT+00:00 2015: Bases processed : AIR-D,ARKK-D,CTLT-D,DNB-D,IWY-D,MCRL-D,MOS-D,PEP-D,PKW-D,SBFG-D,SCI-D,VOT-D,WBA-D,WBIH-D,WSH-D,XPH-D,ZTS-D,VOYA-D,TXN-D,SGU-D,SEMI-D,RAD-D,PSJ-D,PLCM-D,PII-D,NTRS-D,MON-D,MIDD-D,IP-D,INXN-D,ICBK-D,GCV-D,EGBN-D,CAP-D,BLBD-D,ASMB-D,ARW-D,APOG-D,WU-D,BZQ-D,BT-D,TMH-D,FTC-D,FIBG-D,PNRA-D,
Wed Feb 11 08:00:00 GMT+00:00 2015: signals : SCI,WSH,
Wed Feb 11 08:00:00 GMT+00:00 2015: Signals ordered by strength : MLM(115.0), SCI(105.0), SEE(90.0), WSH(75.0), 
Thu Feb 12 08:00:00 GMT+00:00 2015 : Watchlists added : 
Thu Feb 12 08:00:00 GMT+00:00 2015: Bases processed : ADX-D,BMS-D,CFA-D,CYBR-D,DGRW-D,EPAM-D,EUSA-D,FLGE-D,FTEC-D,HUBS-D,INTL-D,IVW-D,IWB-D,IWV-D,LXFT-D,MDCA-D,NDAQ-D,ONEK-D,PXMV-D,QDYN-D,RCD-D,RFG-D,RSP-D,RWK-D,RWL-D,SAIC-D,SCHB-D,SCHX-D,SFLA-D,SIZE-D,SPYG-D,TACO-D,THRK-D,TY-D,VONE-D,VONG-D,VOO-D,VOOG-D,VUSE-D,XLB-D,XRT-D,XSW-D,VV-D,VTI-D,VB-D,STNR-D,STMP-D,STC-D,SSD-D,SNPS-D,SCOR-D,SCHA-D,SATS-D,RDVY-D,QUAL-D,QQXT-D,QQEW-D,QEH-D,PXMG-D,PSCT-D,PBS-D,OTEX-D,ONEQ-D,NXST-D,NVDA-D,NTWK-D,MRTN-D,MERC-D,MATL-D,MASI-D,LVMUY-D,LMCK-D,IVOV-D,IUSG-D,IJJ-D,IELG-D,ICLR-D,GIII-D,FXL-D,FXD-D,FPX-D,FNDA-D,FMK-D,FDN-D,FBG-D,EZY-D,EZM-D,EXPE-D,EQWS-D,EQLT-D,DXYN-D,DBGR-D,CYAN-D,CRBN-D,CPI-D,CIGI-D,BFOR-D,AVT-D,AMP-D,AKAM-D,AFG-D,BMA-D,IPG-D,GM-D,CZA-D,CYRN-D,
Thu Feb 12 08:00:00 GMT+00:00 2015: signals : NVDA,AKAM,
Thu Feb 12 08:00:00 GMT+00:00 2015: Signals ordered by strength : NVDA(120.0), AKAM(115.0), 
Fri Feb 13 08:00:00 GMT+00:00 2015 : Watchlists added : EPAM,NVDA,
Fri Feb 13 08:00:00 GMT+00:00 2015: Bases processed : BSCO-D,CAPE-D,CIVB-D,CSM-D,DBEU-D,EIGI-D,EQL-D,EQWM-D,EXT-D,FTCS-D,HDG-D,HRL-D,IESM-D,IGM-D,IIN-D,IXN-D,IYJ-D,JCOM-D,JKI-D,LOWC-D,MTK-D,NEWR-D,OMAM-D,QDF-D,QLD-D,QQQ-D,RFV-D,SPUU-D,SSO-D,TDIV-D,TECL-D,TQQQ-D,UPRO-D,UXI-D,VGT-D,WBC-D,WWAV-D,XLK-D,XPO-D,WWE-D,WTFC-D,WAB-D,VTWO-D,VRML-D,VLUE-D,VIOO-D,VBR-D,TWOK-D,SWK-D,SPXL-D,SPHB-D,SBAC-D,RYT-D,RYJ-D,RTIX-D,RTI-D,ROM-D,QTWO-D,PXLG-D,PWC-D,PAM-D,OA-D,NHYDY-D,MPWR-D,MGC-D,LBTYK-D,LBTYA-D,KAR-D,JKJ-D,IYY-D,IYW-D,IWM-D,IWL-D,IVV-D,ITOT-D,IPOS-D,INGN-D,IJR-D,IGV-D,HEEM-D,HBMD-D,HBAN-D,HASI-D,FNDX-D,FNDB-D,FAB-D,ENTL-D,EMCI-D,DTD-D,DBEF-D,DAVE-D,COLM-D,CMCSK-D,CMCSA-D,CLS-D,CFO-D,CFG-D,BPFH-D,BKD-D,BBP-D,AVG-D,AOA-D,ALTV-D,SNX-D,SKYY-D,QLIK-D,ISSI-D,HACK-D,DAX-D,KING-D,BIG-D,
Fri Feb 13 08:00:00 GMT+00:00 2015: signals : EIGI,JCOM,
Fri Feb 13 08:00:00 GMT+00:00 2015: Signals ordered by strength : EIGI(210.0), EPAM(200.0), NVDA(125.0), JCOM(95.0), 
Tue Feb 17 08:00:00 GMT+00:00 2015 : Watchlists added : JCOM,
Tue Feb 17 08:00:00 GMT+00:00 2015: Bases processed : ATRO-D,BZM-D,CFGE-D,CFNL-D,EPS-D,FMAT-D,INKM-D,MBFI-D,MMTM-D,MNA-D,OEF-D,PRXL-D,PSK-D,RBC-D,RGA-D,RIGL-D,RPV-D,SCS-D,TOFR-D,VDSI-D,WTM-D,XLG-D,WGP-D,WEA-D,VT-D,VIG-D,TUSA-D,SMH-D,SLY-D,RWC-D,PXQ-D,PRF-D,PATK-D,PAHC-D,NEWT-D,MGU-D,LNG-D,LCI-D,GV-D,DWAS-D,CVT-D,CBPO-D,BANR-D,B-D,AFL-D,ADI-D,ABT-D,UWM-D,MPG-D,UCBI-D,SKUL-D,ROG-D,PRTA-D,
Tue Feb 17 08:00:00 GMT+00:00 2015: signals : LCI,
Tue Feb 17 08:00:00 GMT+00:00 2015: Signals ordered by strength : LCI(145.0), JCOM(95.0), 
Wed Feb 18 08:00:00 GMT+00:00 2015 : Watchlists added : LNKD,
Wed Feb 18 08:00:00 GMT+00:00 2015: Bases processed : CKX-D,DHR-D,ESMC-D,GAM-D,IGN-D,IPO-D,NCT-D,SGMO-D,TXRH-D,WNC-D,WGBS-D,VEGA-D,VEEV-D,SAA-D,RUBI-D,PMCS-D,MCS-D,MATH-D,KE-D,JBT-D,HIFS-D,HEWJ-D,HAIN-D,FJP-D,DXJ-D,CNI-D,CHE-D,BSQR-D,ATE-D,A-D,VSAT-D,MLR-D,DE-D,ADBE-D,HXL-D,
Wed Feb 18 08:00:00 GMT+00:00 2015: signals : CHE,
Wed Feb 18 08:00:00 GMT+00:00 2015: Signals ordered by strength : LNKD(200.0), CHE(65.0), 
Thu Feb 19 08:00:00 GMT+00:00 2015 : Watchlists added : CHE,
Thu Feb 19 08:00:00 GMT+00:00 2015: Bases processed : ATROB-D,AVOL-D,BJRI-D,CNCE-D,DGRS-D,EWJ-D,EWN-D,FCCO-D,FIDU-D,JEQ-D,JPMV-D,KXI-D,MA-D,NCLH-D,NICK-D,NOBL-D,PCTY-D,QJPN-D,SYNT-D,WBIE-D,WERN-D,WST-D,XLI-D,WPPGY-D,VLO-D,VHC-D,VAW-D,SLYG-D,R-D,PRFZ-D,PBF-D,MJN-D,LVNTA-D,LDOS-D,IRY-D,INGIY-D,FYX-D,FXR-D,FORM-D,FNFV-D,FIF-D,CNA-D,CHDN-D,AYR-D,AXLL-D,ADPT-D,XLV-D,NSAM-D,RLD-D,IBLN-D,EBAY-D,CLFD-D,ADSK-D,
Thu Feb 19 08:00:00 GMT+00:00 2015: signals : BJRI,
Thu Feb 19 08:00:00 GMT+00:00 2015: Signals ordered by strength : BJRI(120.0), CHE(100.0), 
Fri Feb 20 08:00:00 GMT+00:00 2015 : Watchlists added : BJRI,
Fri Feb 20 08:00:00 GMT+00:00 2015: Bases processed : BCV-D,CSD-D,DDM-D,DIA-D,DLN-D,EQWL-D,JWN-D,MDYV-D,MMM-D,MOO-D,RGI-D,ROST-D,TMO-D,UDOW-D,URTH-D,VIS-D,Y-D,ZSPH-D,WCG-D,VEC-D,THO-D,TFX-D,ST-D,SPHQ-D,SOXX-D,SAAS-D,QUAD-D,QQQE-D,PCLN-D,ONCE-D,LOGM-D,LL-D,IYK-D,INTU-D,GTT-D,FRP-D,EQIX-D,EIG-D,DSI-D,DISH-D,CURE-D,ARIA-D,WRLD-D,CPHI-D,SOXL-D,CIZ-D,AMOT-D,KS-D,
Fri Feb 20 08:00:00 GMT+00:00 2015: signals : JWN,INTU,
Fri Feb 20 08:00:00 GMT+00:00 2015: Signals ordered by strength : BJRI(125.0), INTU(80.0), JWN(45.0), 
Mon Feb 23 08:00:00 GMT+00:00 2015 : Watchlists added : JWN,INTU,
Mon Feb 23 08:00:00 GMT+00:00 2015: Bases processed : AVY-D,AZO-D,BDX-D,FIA-D,FLTX-D,GAL-D,JBHT-D,JGBL-D,KMG-D,SPLP-D,STWD-D,UGE-D,TERP-D,TECH-D,SIXD-D,RGEN-D,PRN-D,NVMI-D,MDVN-D,IG-D,FUN-D,FDP-D,ESRX-D,ESLT-D,EEFT-D,DPZ-D,DG-D,COWN-D,CMRX-D,AXTA-D,STS-D,NRZ-D,AAC-D,PPO-D,ISDR-D,FIG-D,
Mon Feb 23 08:00:00 GMT+00:00 2015: signals : 
Mon Feb 23 08:00:00 GMT+00:00 2015: Signals ordered by strength : INTU(85.0), JWN(50.0), 
Tue Feb 24 08:00:00 GMT+00:00 2015 : Watchlists added : 
Tue Feb 24 08:00:00 GMT+00:00 2015: Bases processed : EMAN-D,EOS-D,EVT-D,EXPD-D,IDCC-D,ITF-D,JKL-D,NKY-D,RORO-D,SCHD-D,TMK-D,VAL-D,VYM-D,VTV-D,UFPI-D,TWC-D,TILT-D,TCON-D,SYLD-D,STT-D,SMTC-D,SHLM-D,SF-D,SCHW-D,RWJ-D,RJF-D,QSR-D,PXLV-D,PWV-D,PCLB-D,OZRK-D,OMN-D,MOGA-D,LGF-D,LBTYB-D,KBWB-D,JPM-D,JBL-D,IWC-D,ING-D,IAI-D,GIL-D,FDM-D,FCCY-D,ECON-D,DW-D,DSW-D,DK-D,DGRO-D,DDS-D,CSII-D,CSF-D,CHT-D,CGEMY-D,BK-D,ARMH-D,AMG-D,AGO-D,SYE-D,PHM-D,MGLN-D,LBRDA-D,CBRL-D,ASML-D,ASMI-D,ANCX-D,OTTR-D,KNOW-D,HDS-D,CR-D,CHGG-D,
Tue Feb 24 08:00:00 GMT+00:00 2015: signals : CBRL,
Tue Feb 24 08:00:00 GMT+00:00 2015: Signals ordered by strength : CBRL(125.0), 
Wed Feb 25 08:00:00 GMT+00:00 2015 : Watchlists added : 
Wed Feb 25 08:00:00 GMT+00:00 2015: Bases processed : GRUB-D,KLD-D,LQ-D,TJX-D,VFC-D,WFC-D,WCIC-D,VOOV-D,VG-D,USCR-D,TGT-D,SUSQ-D,STRZA-D,SSP-D,SSH-D,SPIL-D,SFBC-D,OSIR-D,ORFR-D,ONFC-D,OMC-D,NDSN-D,MTX-D,LARK-D,IL-D,HMHC-D,ECL-D,CW-D,CMN-D,CERU-D,CCK-D,BSFT-D,BNFT-D,ARQL-D,AOK-D,AGA-D,ZAGG-D,SYG-D,SPNS-D,QTNT-D,NEOG-D,MAG-D,CVU-D,ACN-D,CBAN-D,
Wed Feb 25 08:00:00 GMT+00:00 2015: signals : 
Wed Feb 25 08:00:00 GMT+00:00 2015: Signals ordered by strength : 
Thu Feb 26 08:00:00 GMT+00:00 2015 : Watchlists added : AKAM,
Thu Feb 26 08:00:00 GMT+00:00 2015: Bases processed : ESE-D,IPK-D,IUSB-D,PNQI-D,STXX-D,WBB-D,VLRS-D,TGS-D,SPOK-D,SIGM-D,OTEL-D,NEWM-D,NEON-D,MEI-D,LHCG-D,KYO-D,IPS-D,IPCC-D,HAWK-D,GLOB-D,FYT-D,ELGX-D,EEMA-D,DGII-D,CYBX-D,CRM-D,CRI-D,BKS-D,BHLB-D,ATOS-D,ARI-D,AMED-D,ALN-D,AIA-D,XXIA-D,UVE-D,AB-D,WNR-D,NASH-D,CHCO-D,SOIL-D,CBPX-D,JNP-D,
Thu Feb 26 08:00:00 GMT+00:00 2015: signals : BKS,UVE,
Thu Feb 26 08:00:00 GMT+00:00 2015: Signals ordered by strength : AKAM(120.0), UVE(115.0), BKS(65.0), 
Fri Feb 27 08:00:00 GMT+00:00 2015 : Watchlists added : UVE,BKS,STMP,
Fri Feb 27 08:00:00 GMT+00:00 2015: Bases processed : ABTL-D,CMK-D,PFF-D,VRNT-D,TUMI-D,SUNS-D,SOR-D,NYCB-D,NWYF-D,NPTN-D,LAWS-D,KAI-D,IDI-D,GMK-D,FIX-D,FCB-D,CSU-D,CN-D,BLOX-D,SPLK-D,GCAP-D,DHG-D,DBAP-D,BIO-D,ARES-D,FLY-D,AVID-D,
Fri Feb 27 08:00:00 GMT+00:00 2015: signals : 
Fri Feb 27 08:00:00 GMT+00:00 2015: Signals ordered by strength : UVE(120.0), STMP(120.0), BKS(70.0), 
Mon Mar 02 08:00:00 GMT+00:00 2015 : Watchlists added : 
Mon Mar 02 08:00:00 GMT+00:00 2015: Bases processed : PSF-D,SRCL-D,WMC-D,USD-D,UHS-D,TSQ-D,STM-D,STBZ-D,SMMF-D,RVSB-D,QTEC-D,PXSV-D,PSCI-D,PGTI-D,PETX-D,OHRP-D,OFIX-D,NVEE-D,NLNK-D,MKSI-D,MACK-D,KOPN-D,GBNK-D,FCS-D,FCH-D,DVAX-D,DAC-D,CPIX-D,CHMT-D,BPOP-D,AMAT-D,XL-D,XBKS-D,VICR-D,PLOW-D,NTT-D,LEG-D,GWB-D,CISG-D,CGNX-D,LTRPA-D,ARG-D,
Mon Mar 02 08:00:00 GMT+00:00 2015: signals : 
Mon Mar 02 08:00:00 GMT+00:00 2015: Signals ordered by strength : 
Tue Mar 03 08:00:00 GMT+00:00 2015 : Watchlists added : CRM,SF,
Tue Mar 03 08:00:00 GMT+00:00 2015: Bases processed : ERI-D,NTK-D,PIN-D,UN-D,TSRI-D,SBBX-D,OUT-D,OREX-D,NTRI-D,NTN-D,MTG-D,LEAF-D,JD-D,GLP-D,FLKS-D,DTSI-D,DKS-D,ALLB-D,EPI-D,DPLO-D,DNBF-D,DCM-D,AT-D,
Tue Mar 03 08:00:00 GMT+00:00 2015: signals : 
Tue Mar 03 08:00:00 GMT+00:00 2015: Signals ordered by strength : CRM(105.0), SF(75.0), 
Wed Mar 04 08:00:00 GMT+00:00 2015 : Watchlists added : 
Wed Mar 04 08:00:00 GMT+00:00 2015: Bases processed : IBP-D,MRCC-D,UEPS-D,SPTN-D,RSSS-D,OMER-D,OLN-D,HCA-D,FLXN-D,DDAIF-D,SYBT-D,ECOL-D,DRR-D,AMBA-D,ADMP-D,ACHC-D,BMY-D,ALNY-D,AJX-D,
Wed Mar 04 08:00:00 GMT+00:00 2015: signals : OLN,BMY,
Wed Mar 04 08:00:00 GMT+00:00 2015: Signals ordered by strength : BMY(80.0), OLN(30.0), 
Thu Mar 05 08:00:00 GMT+00:00 2015 : Watchlists added : 
Thu Mar 05 08:00:00 GMT+00:00 2015: Bases processed : CL-D,MXIM-D,TRCB-D,SIEN-D,RARE-D,PTX-D,POWR-D,MVIS-D,MRTX-D,ICLN-D,HCBK-D,GTN-D,FMER-D,CY-D,CPGI-D,CORT-D,CLDN-D,CFI-D,CBF-D,BME-D,BLUE-D,ATRS-D,ALDW-D,USPH-D,RCPT-D,QURE-D,BFIN-D,
Thu Mar 05 08:00:00 GMT+00:00 2015: signals : 
Thu Mar 05 08:00:00 GMT+00:00 2015: Signals ordered by strength : 
Fri Mar 06 08:00:00 GMT+00:00 2015 : Watchlists added : AMBA,OLN,BMY,
Fri Mar 06 08:00:00 GMT+00:00 2015: Bases processed : AUMA-D,STI-D,USB-D,TYPE-D,TRMK-D,SYA-D,PNC-D,ORBK-D,KRU-D,KRE-D,KBE-D,IYG-D,IRS-D,IAT-D,IAK-D,HIG-D,FULT-D,FBMS-D,COO-D,XLF-D,BBY-D,TBRA-D,PRQR-D,PCTI-D,LNC-D,FL-D,BBT-D,ATSG-D,KLXI-D,
Fri Mar 06 08:00:00 GMT+00:00 2015: signals : 
Fri Mar 06 08:00:00 GMT+00:00 2015: Signals ordered by strength : AMBA(190.0), BMY(115.0), OLN(35.0), 
