Fri Jan 04 08:00:00 GMT+00:00 2013 BUY  - IEP - 196 @50.74 Total=9945.04
Mon Jan 07 08:00:00 GMT+00:00 2013 BUY  - NSM - 257 @38.83 Total=9979.31
Mon Jan 07 08:00:00 GMT+00:00 2013 BUY  - RNF - 234 @42.57 Total=9961.38
Fri Jan 11 08:00:00 GMT+00:00 2013 BUY  - HTHT - 557 @17.92 Total=9981.44
Wed Jan 16 08:00:00 GMT+00:00 2013 BUY  - PRLB - 233 @42.71 Total=9951.43
Thu Jan 17 08:00:00 GMT+00:00 2013 SELL  - NSM - 257 @36.77 Total=9449.89
Thu Jan 17 08:00:00 GMT+00:00 2013 BUY  - CLW - 225 @44.24 Total=9954.0
Fri Jan 25 08:00:00 GMT+00:00 2013 BUY  - RNF - 132 @45.37 Total=5988.84
Wed Feb 06 08:00:00 GMT+00:00 2013 SELL  - PRLB - 233 @39.99 Total=9317.67
Wed Feb 06 08:00:00 GMT+00:00 2013 BUY  - RNF - 83 @47.8 Total=3967.4
Mon Feb 11 08:00:00 GMT+00:00 2013 SELL  - RNF - 449 @43.65 Total=19598.85
Wed Feb 20 08:00:00 GMT+00:00 2013 SELL  - HTHT - 557 @17.84 Total=9936.88
Mon Mar 04 08:00:00 GMT+00:00 2013 SELL  - IEP - 196 @61.38 Total=12030.48
Mon Mar 04 08:00:00 GMT+00:00 2013 BUY  - IX - 164 @60.71 Total=9956.44
Wed Apr 10 08:00:00 GMT+00:00 2013 BUY  - CLW - 117 @51.09 Total=5977.53
Mon Apr 15 08:00:00 GMT+00:00 2013 SELL  - CLW - 342 @47.72 Total=16320.24
Fri May 03 08:00:00 GMT+00:00 2013 BUY  - IX - 79 @75.71 Total=5981.09
Tue May 14 08:00:00 GMT+00:00 2013 BUY  - QIHU - 257 @38.77 Total=9963.89
Wed May 15 08:00:00 GMT+00:00 2013 BUY  - SMTC - 278 @35.92 Total=9985.76
Wed May 22 08:00:00 GMT+00:00 2013 BUY  - INXN - 372 @26.84 Total=9984.48
Thu May 23 08:00:00 GMT+00:00 2013 SELL  - IX - 243 @70.88 Total=17223.84
Tue Jun 18 08:00:00 GMT+00:00 2013 BUY  - PRLB - 159 @62.53 Total=9942.27
Thu Jun 20 08:00:00 GMT+00:00 2013 SELL  - INXN - 372 @25.05 Total=9318.6
Fri Jun 21 08:00:00 GMT+00:00 2013 SELL  - PRLB - 159 @60.0 Total=9540.0
Mon Jun 24 08:00:00 GMT+00:00 2013 SELL  - SMTC - 278 @34.51 Total=9593.78
Thu Jun 27 08:00:00 GMT+00:00 2013 BUY  - SSTK - 186 @53.56 Total=9962.16
Tue Jul 02 08:00:00 GMT+00:00 2013 BUY  - AYI - 122 @81.39 Total=9929.58
Tue Jul 23 08:00:00 GMT+00:00 2013 SELL  - SSTK - 186 @54.17 Total=10075.62
Wed Jul 31 08:00:00 GMT+00:00 2013 BUY  - JCI - 248 @40.21 Total=9972.08
Thu Aug 08 08:00:00 GMT+00:00 2013 BUY  - AYI - 69 @86.6 Total=5975.4
Fri Aug 16 08:00:00 GMT+00:00 2013 BUY  - CSC - 193 @51.55 Total=9949.15
Wed Aug 28 08:00:00 GMT+00:00 2013 SELL  - CSC - 193 @50.01 Total=9651.93
Wed Sep 04 08:00:00 GMT+00:00 2013 BUY  - SALE - 283 @35.3 Total=9989.9
Wed Sep 11 08:00:00 GMT+00:00 2013 SELL  - SALE - 283 @32.61 Total=9228.63
Thu Sep 12 08:00:00 GMT+00:00 2013 BUY  - WBA - 187 @53.29 Total=9965.23
Mon Sep 16 08:00:00 GMT+00:00 2013 BUY  - AVG - 406 @24.6 Total=9987.6
Wed Sep 18 08:00:00 GMT+00:00 2013 BUY  - QIHU - 69 @85.94 Total=5929.86
Tue Sep 24 08:00:00 GMT+00:00 2013 BUY  - JCI - 139 @42.98 Total=5974.22
Thu Sep 26 08:00:00 GMT+00:00 2013 BUY  - AYI - 43 @92.15 Total=3962.45
Mon Sep 30 08:00:00 GMT+00:00 2013 SELL  - JCI - 387 @41.5 Total=16060.5
Thu Oct 03 08:00:00 GMT+00:00 2013 SELL  - AVG - 406 @23.25 Total=9439.5
Tue Oct 08 08:00:00 GMT+00:00 2013 SELL  - QIHU - 326 @77.24 Total=25180.24
Thu Oct 10 08:00:00 GMT+00:00 2013 BUY  - WBA - 107 @56.0 Total=5992.0
Wed Oct 16 08:00:00 GMT+00:00 2013 BUY  - TMH - 230 @43.43 Total=9988.9
Thu Oct 17 08:00:00 GMT+00:00 2013 BUY  - STNG - 916 @10.9 Total=9984.4
Tue Oct 22 08:00:00 GMT+00:00 2013 BUY  - NOAH - 515 @19.37 Total=9975.55
Fri Oct 25 08:00:00 GMT+00:00 2013 SELL  - NOAH - 515 @17.93 Total=9233.95
Tue Oct 29 08:00:00 GMT+00:00 2013 BUY  - BDBD - 570 @17.52 Total=9986.4
Wed Oct 30 08:00:00 GMT+00:00 2013 SELL  - TMH - 230 @43.37 Total=9975.1
Wed Oct 30 08:00:00 GMT+00:00 2013 BUY  - AZPN - 264 @37.81 Total=9981.84
Thu Oct 31 08:00:00 GMT+00:00 2013 SELL  - BDBD - 570 @16.39 Total=9342.3
Thu Oct 31 08:00:00 GMT+00:00 2013 BUY  - WBA - 67 @59.24 Total=3969.08
Thu Oct 31 08:00:00 GMT+00:00 2013 BUY  - KS - 192 @51.96 Total=9976.32
Thu Nov 07 08:00:00 GMT+00:00 2013 SELL  - KS - 192 @48.25 Total=9264.0
Thu Nov 07 08:00:00 GMT+00:00 2013 BUY  - GMED - 538 @18.54 Total=9974.52
Wed Nov 20 08:00:00 GMT+00:00 2013 SELL  - AZPN - 264 @37.64 Total=9936.96
Wed Nov 20 08:00:00 GMT+00:00 2013 BUY  - VOYA - 291 @34.34 Total=9992.94
Mon Nov 25 08:00:00 GMT+00:00 2013 SELL  - GMED - 538 @18.7 Total=10060.6
Mon Nov 25 08:00:00 GMT+00:00 2013 BUY  - BLMN - 371 @26.91 Total=9983.61
Mon Dec 02 08:00:00 GMT+00:00 2013 SELL  - BLMN - 371 @25.36 Total=9408.56
Tue Dec 03 08:00:00 GMT+00:00 2013 SELL  - STNG - 916 @11.08 Total=10149.28
Wed Dec 04 08:00:00 GMT+00:00 2013 SELL  - WBA - 361 @57.57 Total=20782.77
Tue Dec 10 08:00:00 GMT+00:00 2013 BUY  - TWTR - 192 @51.99 Total=9982.08
Mon Dec 16 08:00:00 GMT+00:00 2013 BUY  - GNTX - 309 @32.285 Total=9976.065
Thu Jan 02 08:00:00 GMT+00:00 2014 BUY  - XRS - 472 @21.15 Total=9982.8
Thu Jan 02 08:00:00 GMT+00:00 2014 SELL  - GNTX - 309 @32.21 Total=9952.89
Thu Jan 02 08:00:00 GMT+00:00 2014 BUY  - VWDRY - 960 @10.4034 Total=9987.264
Fri Jan 03 08:00:00 GMT+00:00 2014 SELL  - VOYA - 291 @35.68 Total=10382.88
Fri Jan 03 08:00:00 GMT+00:00 2014 BUY  - MKTO - 242 @41.22 Total=9975.24
Thu Jan 09 08:00:00 GMT+00:00 2014 SELL  - TWTR - 192 @57.05 Total=10953.6
Thu Jan 09 08:00:00 GMT+00:00 2014 BUY  - M - 179 @55.8 Total=9988.2
Tue Jan 21 08:00:00 GMT+00:00 2014 SELL  - M - 179 @55.56 Total=9945.24
Tue Jan 21 08:00:00 GMT+00:00 2014 BUY  - NVDQ - 508 @19.66 Total=9987.28
Fri Jan 24 08:00:00 GMT+00:00 2014 SELL  - NVDQ - 508 @18.84 Total=9570.72
Mon Jan 27 08:00:00 GMT+00:00 2014 SELL  - VWDRY - 960 @10.01 Total=9609.6
Mon Feb 03 08:00:00 GMT+00:00 2014 SELL  - MKTO - 242 @38.83 Total=9396.86
Tue Feb 04 08:00:00 GMT+00:00 2014 BUY  - GMT - 176 @56.47 Total=9938.72
Fri Feb 07 08:00:00 GMT+00:00 2014 BUY  - LVNTA - 79 @126.16 Total=9966.64
Mon Feb 10 08:00:00 GMT+00:00 2014 BUY  - SALE - 241 @41.33 Total=9960.53
Fri Feb 14 08:00:00 GMT+00:00 2014 BUY  - XRS - 247 @24.17 Total=5969.99
Fri Feb 28 08:00:00 GMT+00:00 2014 SELL  - XRS - 719 @23.72 Total=17054.68
Tue Mar 04 08:00:00 GMT+00:00 2014 BUY  - NUVA - 254 @39.29 Total=9979.66
Wed Mar 05 08:00:00 GMT+00:00 2014 BUY  - SALE - 136 @43.78 Total=5954.08
Thu Mar 06 08:00:00 GMT+00:00 2014 SELL  - NUVA - 254 @37.29 Total=9471.66
Thu Mar 06 08:00:00 GMT+00:00 2014 BUY  - RARE - 183 @54.38 Total=9951.54
Mon Mar 10 08:00:00 GMT+00:00 2014 SELL  - SALE - 377 @40.6 Total=15306.2
Tue Mar 11 08:00:00 GMT+00:00 2014 BUY  - EMES - 199 @50.1 Total=9969.9
Tue Mar 18 08:00:00 GMT+00:00 2014 BUY  - LVNTA - 42 @142.31 Total=5977.02
Tue Mar 18 08:00:00 GMT+00:00 2014 BUY  - RARE - 99 @60.44 Total=5983.56
Fri Mar 21 08:00:00 GMT+00:00 2014 SELL  - RARE - 282 @55.05 Total=15524.1
Fri Mar 21 08:00:00 GMT+00:00 2014 BUY  - GMT - 90 @66.0 Total=5940.0
Mon Mar 24 08:00:00 GMT+00:00 2014 SELL  - LVNTA - 121 @135.73 Total=16423.33
Thu Mar 27 08:00:00 GMT+00:00 2014 SELL  - AYI - 234 @128.15 Total=29987.1
Fri Apr 11 08:00:00 GMT+00:00 2014 SELL  - GMT - 266 @65.19 Total=17340.54
Tue Apr 15 08:00:00 GMT+00:00 2014 BUY  - BCPC - 160 @62.28 Total=9964.8
Thu Apr 17 08:00:00 GMT+00:00 2014 BUY  - WSO - 95 @104.18 Total=9897.1
Thu May 01 08:00:00 GMT+00:00 2014 SELL  - BCPC - 160 @61.38 Total=9820.8
Thu May 01 08:00:00 GMT+00:00 2014 BUY  - KEX - 92 @107.84 Total=9921.28
Wed May 14 08:00:00 GMT+00:00 2014 SELL  - WSO - 95 @100.69 Total=9565.55
Wed May 28 08:00:00 GMT+00:00 2014 BUY  - CAL - 341 @29.3 Total=9991.3
Mon Jun 02 08:00:00 GMT+00:00 2014 SELL  - CAL - 341 @27.83 Total=9490.03
Mon Jun 09 08:00:00 GMT+00:00 2014 BUY  - MTSI - 454 @21.99 Total=9983.46
Wed Jun 11 08:00:00 GMT+00:00 2014 BUY  - KEX - 52 @114.04 Total=5930.08
Wed Jun 11 08:00:00 GMT+00:00 2014 BUY  - LNG - 150 @66.58 Total=9987.0
Wed Jun 11 08:00:00 GMT+00:00 2014 BUY  - FCNCA - 39 @251.91 Total=9824.49
Fri Jun 13 08:00:00 GMT+00:00 2014 BUY  - EMES - 58 @101.95 Total=5913.1
Fri Jun 20 08:00:00 GMT+00:00 2014 SELL  - EMES - 257 @98.3 Total=25263.1
Fri Jun 20 08:00:00 GMT+00:00 2014 BUY  - GMLP - 269 @37.08 Total=9974.52
Wed Jun 25 08:00:00 GMT+00:00 2014 SELL  - FCNCA - 39 @249.5 Total=9730.5
Wed Jun 25 08:00:00 GMT+00:00 2014 BUY  - TGNA - 325 @30.67 Total=9967.75
Thu Jun 26 08:00:00 GMT+00:00 2014 SELL  - KEX - 144 @115.78 Total=16672.32
Thu Jun 26 08:00:00 GMT+00:00 2014 BUY  - MEI - 265 @37.68 Total=9985.2
Tue Jul 01 08:00:00 GMT+00:00 2014 SELL  - GMLP - 269 @36.5 Total=9818.5
Tue Jul 01 08:00:00 GMT+00:00 2014 BUY  - ANET - 131 @76.0 Total=9956.0
Mon Jul 07 08:00:00 GMT+00:00 2014 SELL  - ANET - 131 @72.17 Total=9454.27
Tue Jul 08 08:00:00 GMT+00:00 2014 SELL  - MEI - 265 @35.76 Total=9476.4
Tue Jul 08 08:00:00 GMT+00:00 2014 SELL  - MTSI - 454 @21.03 Total=9547.62
Wed Jul 09 08:00:00 GMT+00:00 2014 BUY  - PZE - 1417 @7.05 Total=9989.85
Mon Jul 14 08:00:00 GMT+00:00 2014 BUY  - LNG - 83 @72.0 Total=5976.0
Thu Jul 17 08:00:00 GMT+00:00 2014 SELL  - PZE - 1417 @6.65 Total=9423.05
Thu Jul 24 08:00:00 GMT+00:00 2014 BUY  - JMEI - 334 @29.86 Total=9973.24
Tue Jul 29 08:00:00 GMT+00:00 2014 BUY  - LNG - 53 @74.46 Total=3946.38
Thu Jul 31 08:00:00 GMT+00:00 2014 SELL  - LNG - 286 @70.76 Total=20237.36
Thu Aug 07 08:00:00 GMT+00:00 2014 BUY  - LEAF - 337 @29.65 Total=9992.05
Thu Aug 14 08:00:00 GMT+00:00 2014 BUY  - TGNA - 176 @34.05 Total=5992.8
Wed Aug 20 08:00:00 GMT+00:00 2014 SELL  - JMEI - 334 @31.87 Total=10644.58
Thu Aug 28 08:00:00 GMT+00:00 2014 BUY  - SIG - 85 @116.37 Total=9891.45
Fri Aug 29 08:00:00 GMT+00:00 2014 BUY  - GPRO - 192 @51.8 Total=9945.6
Tue Sep 02 08:00:00 GMT+00:00 2014 BUY  - NVS - 106 @93.71 Total=9933.26
Thu Sep 04 08:00:00 GMT+00:00 2014 SELL  - TGNA - 501 @33.31 Total=16688.31
Thu Sep 04 08:00:00 GMT+00:00 2014 BUY  - MEI - 251 @39.72 Total=9969.72
Wed Sep 17 08:00:00 GMT+00:00 2014 BUY  - LEAF - 178 @33.66 Total=5991.48
Mon Sep 22 08:00:00 GMT+00:00 2014 SELL  - LEAF - 515 @32.52 Total=16747.8
Mon Sep 22 08:00:00 GMT+00:00 2014 BUY  - CLX - 102 @97.23 Total=9917.46
Tue Sep 23 08:00:00 GMT+00:00 2014 SELL  - SIG - 85 @112.91 Total=9597.35
Tue Sep 23 08:00:00 GMT+00:00 2014 BUY  - LE - 233 @42.73 Total=9956.09
Thu Sep 25 08:00:00 GMT+00:00 2014 SELL  - MEI - 251 @38.04 Total=9548.04
Fri Sep 26 08:00:00 GMT+00:00 2014 SELL  - NVS - 106 @93.18 Total=9877.08
Fri Sep 26 08:00:00 GMT+00:00 2014 BUY  - EIGI - 602 @16.59 Total=9987.18
Tue Sep 30 08:00:00 GMT+00:00 2014 SELL  - LE - 233 @41.12 Total=9580.96
Wed Oct 01 08:00:00 GMT+00:00 2014 SELL  - EIGI - 602 @15.94 Total=9595.88
Fri Oct 03 08:00:00 GMT+00:00 2014 BUY  - GPN - 130 @76.32 Total=9921.6
Mon Oct 06 08:00:00 GMT+00:00 2014 SELL  - CLX - 102 @96.38 Total=9830.76
Mon Oct 06 08:00:00 GMT+00:00 2014 BUY  - BDX - 79 @124.98 Total=9873.42
Thu Oct 09 08:00:00 GMT+00:00 2014 SELL  - GPN - 130 @73.97 Total=9616.1
Mon Oct 13 08:00:00 GMT+00:00 2014 BUY  - CMN - 257 @38.86 Total=9987.02
Thu Oct 16 08:00:00 GMT+00:00 2014 SELL  - BDX - 79 @120.78 Total=9541.62
Thu Oct 16 08:00:00 GMT+00:00 2014 SELL  - CMN - 257 @37.28 Total=9580.96
Fri Oct 17 08:00:00 GMT+00:00 2014 BUY  - NAVI - 536 @18.61 Total=9974.96
Tue Oct 21 08:00:00 GMT+00:00 2014 BUY  - AKRX - 242 @41.29 Total=9992.18
Mon Oct 27 08:00:00 GMT+00:00 2014 SELL  - GPRO - 192 @64.91 Total=12462.72
Mon Oct 27 08:00:00 GMT+00:00 2014 BUY  - EPAM - 213 @46.91 Total=9991.83
Thu Oct 30 08:00:00 GMT+00:00 2014 BUY  - BMY - 169 @58.98 Total=9967.62
Thu Oct 30 08:00:00 GMT+00:00 2014 BUY  - BIN - 353 @28.25 Total=9972.25
Thu Nov 06 08:00:00 GMT+00:00 2014 SELL  - AKRX - 242 @37.88 Total=9166.96
Wed Nov 12 08:00:00 GMT+00:00 2014 BUY  - MSG - 133 @74.74 Total=9940.42
Wed Nov 19 08:00:00 GMT+00:00 2014 SELL  - BMY - 169 @58.81 Total=9938.89
Wed Nov 19 08:00:00 GMT+00:00 2014 BUY  - ENV - 190 @52.58 Total=9990.2
Fri Nov 21 08:00:00 GMT+00:00 2014 BUY  - BIN - 198 @30.26 Total=5991.48
Fri Nov 28 08:00:00 GMT+00:00 2014 BUY  - NAVI - 285 @20.96 Total=5973.6
Mon Dec 01 08:00:00 GMT+00:00 2014 SELL  - ENV - 190 @49.55 Total=9414.5
Tue Dec 02 08:00:00 GMT+00:00 2014 BUY  - EPAM - 119 @50.05 Total=5955.95
Wed Dec 10 08:00:00 GMT+00:00 2014 SELL  - MSG - 133 @72.21 Total=9603.93
Tue Dec 16 08:00:00 GMT+00:00 2014 SELL  - EPAM - 332 @46.24 Total=15351.68
Wed Dec 17 08:00:00 GMT+00:00 2014 BUY  - FGEN - 364 @27.38 Total=9966.32
Thu Dec 18 08:00:00 GMT+00:00 2014 BUY  - KRFT - 157 @63.38 Total=9950.66
Wed Dec 24 08:00:00 GMT+00:00 2014 BUY  - VA - 243 @41.0 Total=9963.0
Tue Dec 30 08:00:00 GMT+00:00 2014 BUY  - NAVI - 181 @21.985 Total=3979.285
Mon Jan 05 08:00:00 GMT+00:00 2015 SELL  - NAVI - 1002 @21.1 Total=21142.2
Wed Jan 07 08:00:00 GMT+00:00 2015 SELL  - VA - 243 @39.75 Total=9659.25
Mon Jan 12 08:00:00 GMT+00:00 2015 SELL  - BIN - 551 @28.85 Total=15896.35
Thu Jan 22 08:00:00 GMT+00:00 2015 BUY  - HELE - 128 @77.53 Total=9923.84
Thu Jan 22 08:00:00 GMT+00:00 2015 BUY  - AGU - 93 @107.2 Total=9969.6
Fri Jan 23 08:00:00 GMT+00:00 2015 SELL  - FGEN - 364 @29.38 Total=10694.32
Fri Jan 23 08:00:00 GMT+00:00 2015 BUY  - SBUX - 113 @88.22 Total=9968.86
Wed Jan 28 08:00:00 GMT+00:00 2015 SELL  - KRFT - 157 @65.74 Total=10321.18
Wed Jan 28 08:00:00 GMT+00:00 2015 BUY  - KLIC - 634 @15.75 Total=9985.5
Fri Jan 30 08:00:00 GMT+00:00 2015 SELL  - HELE - 128 @75.22 Total=9628.16
Fri Jan 30 08:00:00 GMT+00:00 2015 SELL  - KLIC - 634 @15.17 Total=9617.78
Thu Feb 05 08:00:00 GMT+00:00 2015 BUY  - BLL - 138 @72.03 Total=9940.14
Mon Feb 09 08:00:00 GMT+00:00 2015 BUY  - HAS - 167 @59.66 Total=9963.22
Tue Feb 10 08:00:00 GMT+00:00 2015 BUY  - SEE - 220 @45.27 Total=9959.4
Wed Feb 11 08:00:00 GMT+00:00 2015 SELL  - AGU - 93 @106.52 Total=9906.36
Wed Feb 11 08:00:00 GMT+00:00 2015 BUY  - SCI - 409 @24.39 Total=9975.51
Mon Mar 02 08:00:00 GMT+00:00 2015 BUY  - SBUX - 63 @94.225 Total=5936.175
Wed Mar 04 08:00:00 GMT+00:00 2015 SELL  - BLL - 138 @71.3 Total=9839.4
Wed Mar 04 08:00:00 GMT+00:00 2015 BUY  - BMY - 152 @65.67 Total=9981.84
Wed Mar 18 08:00:00 GMT+00:00 2015 SELL  - HAS - 167 @61.43 Total=10258.81
Wed Mar 18 08:00:00 GMT+00:00 2015 BUY  - AMBA - 145 @68.48 Total=9929.6
Wed Mar 25 08:00:00 GMT+00:00 2015 SELL  - BMY - 152 @64.7 Total=9834.4
Wed Mar 25 08:00:00 GMT+00:00 2015 BUY  - EW - 70 @142.25 Total=9957.5
Thu Mar 26 08:00:00 GMT+00:00 2015 SELL  - SEE - 220 @45.05 Total=9911.0
Thu Mar 26 08:00:00 GMT+00:00 2015 BUY  - SFS - 562 @17.77 Total=9986.74
Thu Mar 26 08:00:00 GMT+00:00 2015 SELL  - SBUX - 176 @95.08 Total=16734.08
Thu Mar 26 08:00:00 GMT+00:00 2015 BUY  - SIG - 74 @135.0 Total=9990.0
Wed Apr 01 08:00:00 GMT+00:00 2015 BUY  - SCI - 228 @26.25 Total=5985.0
Fri Apr 10 08:00:00 GMT+00:00 2015 SELL  - EW - 70 @141.68 Total=9917.6
Fri Apr 10 08:00:00 GMT+00:00 2015 BUY  - GE - 350 @28.51 Total=9978.5
Wed Apr 15 08:00:00 GMT+00:00 2015 BUY  - SCI - 147 @26.98 Total=3966.06
Mon Apr 20 08:00:00 GMT+00:00 2015 BUY  - AMBA - 80 @74.56 Total=5964.8
Tue Apr 21 08:00:00 GMT+00:00 2015 SELL  - GE - 350 @26.62 Total=9317.0
Mon Apr 27 08:00:00 GMT+00:00 2015 SELL  - AMBA - 225 @70.63 Total=15891.75
Mon Apr 27 08:00:00 GMT+00:00 2015 SELL  - SFS - 562 @17.71 Total=9953.02
Tue Apr 28 08:00:00 GMT+00:00 2015 BUY  - HQY - 359 @27.76 Total=9965.84
Wed Apr 29 08:00:00 GMT+00:00 2015 BUY  - XPO - 204 @48.83 Total=9961.32
Thu Apr 30 08:00:00 GMT+00:00 2015 SELL  - HQY - 359 @26.21 Total=9409.39
Thu Apr 30 08:00:00 GMT+00:00 2015 BUY  - AVG - 417 @23.92 Total=9974.64
Fri May 01 08:00:00 GMT+00:00 2015 BUY  - BFAM - 184 @54.05 Total=9945.2
Tue May 05 08:00:00 GMT+00:00 2015 SELL  - SIG - 74 @135.68 Total=10040.32
Tue May 05 08:00:00 GMT+00:00 2015 BUY  - CLGX - 258 @38.7 Total=9984.6
Fri May 08 08:00:00 GMT+00:00 2015 SELL  - SCI - 784 @27.97 Total=21928.48
Fri May 08 08:00:00 GMT+00:00 2015 BUY  - IMPV - 185 @53.98 Total=9986.3
Tue May 12 08:00:00 GMT+00:00 2015 SELL  - BFAM - 184 @52.84 Total=9722.56
Tue May 12 08:00:00 GMT+00:00 2015 BUY  - IPAR - 296 @33.65 Total=9960.4
Fri May 15 08:00:00 GMT+00:00 2015 SELL  - IPAR - 296 @31.93 Total=9451.28
Wed May 20 08:00:00 GMT+00:00 2015 BUY  - TTPH - 220 @45.33 Total=9972.6
Wed May 20 08:00:00 GMT+00:00 2015 SELL  - XPO - 204 @49.44 Total=10085.76
Wed May 20 08:00:00 GMT+00:00 2015 BUY  - TWC - 60 @166.55 Total=9993.0
Fri May 22 08:00:00 GMT+00:00 2015 SELL  - TTPH - 220 @42.94 Total=9446.8
Tue May 26 08:00:00 GMT+00:00 2015 SELL  - TWC - 60 @183.6 Total=11016.0
Wed May 27 08:00:00 GMT+00:00 2015 BUY  - AMED - 315 @31.67 Total=9976.05
Fri Jun 05 08:00:00 GMT+00:00 2015 BUY  - JUNO - 146 @68.36 Total=9980.56
Tue Jun 09 08:00:00 GMT+00:00 2015 SELL  - JUNO - 146 @62.14 Total=9072.44
Tue Jun 09 08:00:00 GMT+00:00 2015 BUY  - CMN - 192 @52.0 Total=9984.0
Wed Jun 17 08:00:00 GMT+00:00 2015 SELL  - CLGX - 258 @37.54 Total=9685.32
Wed Jun 17 08:00:00 GMT+00:00 2015 BUY  - RDUS - 193 @51.73 Total=9983.89
Thu Jun 25 08:00:00 GMT+00:00 2015 BUY  - AMED - 149 @39.96 Total=5954.04
Wed Jul 01 08:00:00 GMT+00:00 2015 BUY  - AVG - 218 @27.43 Total=5979.74
