Start Date: Tue Jan 01 08:00:00 GMT+00:00 2013
End Date: Thu Jul 02 03:50:01 GMT+00:00 2015
Initial Cash: 100000.0
Num Positions: 5
-----------------
Fri Jan 04 08:00:00 GMT+00:00 2013 BUY: 196 shares of IEP cost-basis=50.7 for $9945.04 CASH-BAL=90047.96
Mon Jan 07 08:00:00 GMT+00:00 2013 BUY: 257 shares of NSM cost-basis=38.8 for $9979.31 CASH-BAL=80061.65
Mon Jan 07 08:00:00 GMT+00:00 2013 BUY: 234 shares of RNF cost-basis=42.6 for $9961.38 CASH-BAL=70093.27
Fri Jan 11 08:00:00 GMT+00:00 2013 BUY: 557 shares of HTHT cost-basis=17.9 for $9981.44 CASH-BAL=60104.83
Wed Jan 16 08:00:00 GMT+00:00 2013 BUY: 233 shares of PRLB cost-basis=42.7 for $9951.43 CASH-BAL=50146.4
Thu Jan 17 08:00:00 GMT+00:00 2013 Selling due to underperformance: NSM
Thu Jan 17 08:00:00 GMT+00:00 2013 SELL NSM x257 for $9449.89 CASH-BAL=59589.29
Thu Jan 17 08:00:00 GMT+00:00 2013 BUY: 225 shares of CLW cost-basis=44.2 for $9954.0 CASH-BAL=49628.29
Fri Jan 25 08:00:00 GMT+00:00 2013 BUY: 132 shares of RNF cost-basis=43.6 for $5988.84 CASH-BAL=43632.45
Wed Feb 06 08:00:00 GMT+00:00 2013 StopLoss-SoftStop SELL: (-6.44%)233 shares of PRLB for -6.44
Wed Feb 06 08:00:00 GMT+00:00 2013 SELL PRLB x233 for $9317.67 CASH-BAL=52943.12
Wed Feb 06 08:00:00 GMT+00:00 2013 BUY: 83 shares of RNF cost-basis=44.4 for $3967.4 CASH-BAL=48968.72
Mon Feb 11 08:00:00 GMT+00:00 2013 StopLoss-ScaledSoftStop SELL: ($45.288000000000004)449 @$43.65 shares of RNF for -1.71
Mon Feb 11 08:00:00 GMT+00:00 2013 SELL RNF x449 for $19598.85 CASH-BAL=68560.57
Wed Feb 20 08:00:00 GMT+00:00 2013Market-Uptrend-Sell 20EMA: (-4.56%)557 shares of HTHT for -0.517
Wed Feb 20 08:00:00 GMT+00:00 2013 SELL HTHT x557 for $9936.88 CASH-BAL=78490.45
Mon Mar 04 08:00:00 GMT+00:00 2013Market-Uptrend-Sell 20EMA: (-9.06%)196 shares of IEP for 20.9
Mon Mar 04 08:00:00 GMT+00:00 2013 SELL IEP x196 for $12030.48 CASH-BAL=90513.93
Mon Mar 04 08:00:00 GMT+00:00 2013 BUY: 164 shares of IX cost-basis=60.7 for $9956.44 CASH-BAL=80550.49
Wed Apr 10 08:00:00 GMT+00:00 2013 BUY: 117 shares of CLW cost-basis=46.6 for $5977.53 CASH-BAL=74565.96
Mon Apr 15 08:00:00 GMT+00:00 2013Market-Uptrend-Sell 20EMA: (-5.27%)342 shares of CLW for 2.35
Mon Apr 15 08:00:00 GMT+00:00 2013 SELL CLW x342 for $16320.24 CASH-BAL=90879.2
Fri May 03 08:00:00 GMT+00:00 2013 BUY: 79 shares of IX cost-basis=65.6 for $5981.09 CASH-BAL=84891.11
Tue May 14 08:00:00 GMT+00:00 2013 BUY: 257 shares of QIHU cost-basis=38.8 for $9963.89 CASH-BAL=74920.22
Wed May 15 08:00:00 GMT+00:00 2013 BUY: 278 shares of SMTC cost-basis=35.9 for $9985.76 CASH-BAL=64927.46
Wed May 22 08:00:00 GMT+00:00 2013 BUY: 372 shares of INXN cost-basis=26.8 for $9984.48 CASH-BAL=54935.98
Thu May 23 08:00:00 GMT+00:00 2013Market-Uptrend-Sell 20EMA: (-5.95%)243 shares of IX for 7.98
Thu May 23 08:00:00 GMT+00:00 2013 SELL IX x243 for $17223.84 CASH-BAL=72152.82
Tue Jun 18 08:00:00 GMT+00:00 2013 BUY: 159 shares of PRLB cost-basis=62.5 for $9942.27 CASH-BAL=62203.55
Thu Jun 20 08:00:00 GMT+00:00 2013 StopLoss-SoftStop SELL: (-6.74%)372 shares of INXN for -6.74
Thu Jun 20 08:00:00 GMT+00:00 2013 SELL INXN x372 for $9318.6 CASH-BAL=71515.15
Fri Jun 21 08:00:00 GMT+00:00 2013Market-Downtrend-Sell -3%: (-4.12%)159 shares of PRLB for -4.12
Fri Jun 21 08:00:00 GMT+00:00 2013 SELL PRLB x159 for $9540.0 CASH-BAL=81048.15
Mon Jun 24 08:00:00 GMT+00:00 2013Market-Downtrend-Sell 20EMA: (-3.31%)278 shares of SMTC for -4.0
Mon Jun 24 08:00:00 GMT+00:00 2013 SELL SMTC x278 for $9593.78 CASH-BAL=90634.93
Thu Jun 27 08:00:00 GMT+00:00 2013 BUY: 186 shares of SSTK cost-basis=53.6 for $9962.16 CASH-BAL=80665.77
Tue Jul 02 08:00:00 GMT+00:00 2013 BUY: 122 shares of AYI cost-basis=81.4 for $9929.58 CASH-BAL=70729.19
Tue Jul 23 08:00:00 GMT+00:00 2013Market-Uptrend-Sell 20EMA: (-2.57%)186 shares of SSTK for 1.07
Tue Jul 23 08:00:00 GMT+00:00 2013 SELL SSTK x186 for $10075.62 CASH-BAL=80797.81
Wed Jul 31 08:00:00 GMT+00:00 2013 BUY: 248 shares of JCI cost-basis=40.2 for $9972.08 CASH-BAL=70818.73
Thu Aug 08 08:00:00 GMT+00:00 2013 BUY: 69 shares of AYI cost-basis=83.3 for $5975.4 CASH-BAL=64836.33
Fri Aug 16 08:00:00 GMT+00:00 2013 BUY: 193 shares of CSC cost-basis=51.6 for $9949.15 CASH-BAL=54880.18
Wed Aug 28 08:00:00 GMT+00:00 2013Market-CautiousUp-Sell -3%: (-3.06%)193 shares of CSC for -3.06
Wed Aug 28 08:00:00 GMT+00:00 2013 SELL CSC x193 for $9651.93 CASH-BAL=64525.11
Wed Sep 04 08:00:00 GMT+00:00 2013 BUY: 283 shares of SALE cost-basis=35.3 for $9989.9 CASH-BAL=54528.21
Wed Sep 11 08:00:00 GMT+00:00 2013 StopLoss-HardStop SELL: (-7.69%)283 shares of SALE for -7.69
Wed Sep 11 08:00:00 GMT+00:00 2013 SELL SALE x283 for $9228.63 CASH-BAL=63749.84
Thu Sep 12 08:00:00 GMT+00:00 2013 BUY: 187 shares of WBA cost-basis=53.3 for $9965.23 CASH-BAL=53777.61
Mon Sep 16 08:00:00 GMT+00:00 2013 BUY: 406 shares of AVG cost-basis=24.6 for $9987.6 CASH-BAL=43783.01
Wed Sep 18 08:00:00 GMT+00:00 2013 BUY: 69 shares of QIHU cost-basis=48.8 for $5929.86 CASH-BAL=37846.15
Tue Sep 24 08:00:00 GMT+00:00 2013 BUY: 139 shares of JCI cost-basis=41.2 for $5974.22 CASH-BAL=31864.93
Thu Sep 26 08:00:00 GMT+00:00 2013 BUY: 43 shares of AYI cost-basis=84.9 for $3962.45 CASH-BAL=27895.48
Mon Sep 30 08:00:00 GMT+00:00 2013 StopLoss-ScaledSoftStop SELL: ($41.612)387 @$41.5 shares of JCI for 0.628
Mon Sep 30 08:00:00 GMT+00:00 2013 SELL JCI x387 for $16060.5 CASH-BAL=43948.98
Thu Oct 03 08:00:00 GMT+00:00 2013 StopLoss-SoftStop SELL: (-5.56%)406 shares of AVG for -5.56
Thu Oct 03 08:00:00 GMT+00:00 2013 SELL AVG x406 for $9439.5 CASH-BAL=53381.48
Tue Oct 08 08:00:00 GMT+00:00 2013Market-Uptrend-Sell 20EMA: (-8.03%)326 shares of QIHU for 58.3
Tue Oct 08 08:00:00 GMT+00:00 2013 SELL QIHU x326 for $25180.24 CASH-BAL=78554.72
Thu Oct 10 08:00:00 GMT+00:00 2013 BUY: 107 shares of WBA cost-basis=54.3 for $5992.0 CASH-BAL=72555.72
Wed Oct 16 08:00:00 GMT+00:00 2013 BUY: 230 shares of TMH cost-basis=43.4 for $9988.9 CASH-BAL=62559.82
Thu Oct 17 08:00:00 GMT+00:00 2013 BUY: 916 shares of STNG cost-basis=10.9 for $9984.4 CASH-BAL=52568.42
Tue Oct 22 08:00:00 GMT+00:00 2013 BUY: 515 shares of NOAH cost-basis=19.4 for $9975.55 CASH-BAL=42585.87
Fri Oct 25 08:00:00 GMT+00:00 2013 StopLoss-HardStop SELL: (-7.5%)515 shares of NOAH for -7.5
Fri Oct 25 08:00:00 GMT+00:00 2013 SELL NOAH x515 for $9233.95 CASH-BAL=51812.82
Tue Oct 29 08:00:00 GMT+00:00 2013 BUY: 570 shares of BDBD cost-basis=17.5 for $9986.4 CASH-BAL=41819.42
Wed Oct 30 08:00:00 GMT+00:00 2013 Selling due to underperformance: TMH
Wed Oct 30 08:00:00 GMT+00:00 2013 SELL TMH x230 for $9975.1 CASH-BAL=51787.52
Wed Oct 30 08:00:00 GMT+00:00 2013 BUY: 264 shares of AZPN cost-basis=37.8 for $9981.84 CASH-BAL=41798.68
Thu Oct 31 08:00:00 GMT+00:00 2013 StopLoss-SoftStop SELL: (-6.52%)570 shares of BDBD for -6.52
Thu Oct 31 08:00:00 GMT+00:00 2013 SELL BDBD x570 for $9342.3 CASH-BAL=51133.98
Thu Oct 31 08:00:00 GMT+00:00 2013 BUY: 67 shares of WBA cost-basis=55.2 for $3969.08 CASH-BAL=47157.9
Thu Oct 31 08:00:00 GMT+00:00 2013 BUY: 192 shares of KS cost-basis=52.0 for $9976.32 CASH-BAL=37174.58
Thu Nov 07 08:00:00 GMT+00:00 2013 StopLoss-HardStop SELL: (-7.21%)192 shares of KS for -7.21
Thu Nov 07 08:00:00 GMT+00:00 2013 SELL KS x192 for $9264.0 CASH-BAL=46431.58
Thu Nov 07 08:00:00 GMT+00:00 2013 BUY: 538 shares of GMED cost-basis=18.5 for $9974.52 CASH-BAL=36450.06
Wed Nov 20 08:00:00 GMT+00:00 2013 Selling due to underperformance: AZPN
Wed Nov 20 08:00:00 GMT+00:00 2013 SELL AZPN x264 for $9936.96 CASH-BAL=46380.02
Wed Nov 20 08:00:00 GMT+00:00 2013 BUY: 291 shares of VOYA cost-basis=34.3 for $9992.94 CASH-BAL=36380.08
Mon Nov 25 08:00:00 GMT+00:00 2013 Selling due to underperformance: GMED
Mon Nov 25 08:00:00 GMT+00:00 2013 SELL GMED x538 for $10060.6 CASH-BAL=46433.68
Mon Nov 25 08:00:00 GMT+00:00 2013 BUY: 371 shares of BLMN cost-basis=26.9 for $9983.61 CASH-BAL=36443.07
Mon Dec 02 08:00:00 GMT+00:00 2013 StopLoss-SoftStop SELL: (-5.83%)371 shares of BLMN for -5.83
Mon Dec 02 08:00:00 GMT+00:00 2013 SELL BLMN x371 for $9408.56 CASH-BAL=45844.63
Tue Dec 03 08:00:00 GMT+00:00 2013Market-Uptrend-Sell 20EMA: (-3.21%)916 shares of STNG for 1.58
Tue Dec 03 08:00:00 GMT+00:00 2013 SELL STNG x916 for $10149.28 CASH-BAL=55986.91
Wed Dec 04 08:00:00 GMT+00:00 2013Market-Uptrend-Sell 20EMA: (-2.74%)361 shares of WBA for 4.19
Wed Dec 04 08:00:00 GMT+00:00 2013 SELL WBA x361 for $20782.77 CASH-BAL=76762.68
Tue Dec 10 08:00:00 GMT+00:00 2013 BUY: 192 shares of TWTR cost-basis=52.0 for $9982.08 CASH-BAL=66773.6
Mon Dec 16 08:00:00 GMT+00:00 2013 BUY: 309 shares of GNTX cost-basis=32.3 for $9976.065 CASH-BAL=56790.535
Thu Jan 02 08:00:00 GMT+00:00 2014 BUY: 472 shares of XRS cost-basis=21.2 for $9982.8 CASH-BAL=46800.735
Thu Jan 02 08:00:00 GMT+00:00 2014 Selling due to underperformance: GNTX
Thu Jan 02 08:00:00 GMT+00:00 2014 SELL GNTX x309 for $9952.89 CASH-BAL=56746.625
Thu Jan 02 08:00:00 GMT+00:00 2014 BUY: 960 shares of VWDRY cost-basis=10.4 for $9987.264 CASH-BAL=46752.361
Fri Jan 03 08:00:00 GMT+00:00 2014 Selling due to underperformance: VOYA
Fri Jan 03 08:00:00 GMT+00:00 2014 SELL VOYA x291 for $10382.88 CASH-BAL=57128.241
Fri Jan 03 08:00:00 GMT+00:00 2014 BUY: 242 shares of MKTO cost-basis=41.2 for $9975.24 CASH-BAL=47146.001
Thu Jan 09 08:00:00 GMT+00:00 2014Market-Uptrend-Sell 20EMA: (-4.79%)192 shares of TWTR for 9.66
Thu Jan 09 08:00:00 GMT+00:00 2014 SELL TWTR x192 for $10953.6 CASH-BAL=58092.601
Thu Jan 09 08:00:00 GMT+00:00 2014 BUY: 179 shares of M cost-basis=55.8 for $9988.2 CASH-BAL=48097.401
Tue Jan 21 08:00:00 GMT+00:00 2014 Selling due to underperformance: M
Tue Jan 21 08:00:00 GMT+00:00 2014 SELL M x179 for $9945.24 CASH-BAL=58035.641
Tue Jan 21 08:00:00 GMT+00:00 2014 BUY: 508 shares of NVDQ cost-basis=19.7 for $9987.28 CASH-BAL=48041.361
Fri Jan 24 08:00:00 GMT+00:00 2014Market-CautiousUp-Sell -3%: (-4.24%)508 shares of NVDQ for -4.24
Fri Jan 24 08:00:00 GMT+00:00 2014 SELL NVDQ x508 for $9570.72 CASH-BAL=57605.081
Mon Jan 27 08:00:00 GMT+00:00 2014Market-CautiousUp-Sell -3%: (-3.85%)960 shares of VWDRY for -3.85
Mon Jan 27 08:00:00 GMT+00:00 2014 SELL VWDRY x960 for $9609.6 CASH-BAL=67207.681
Mon Feb 03 08:00:00 GMT+00:00 2014 StopLoss-SoftStop SELL: (-5.87%)242 shares of MKTO for -5.87
Mon Feb 03 08:00:00 GMT+00:00 2014 SELL MKTO x242 for $9396.86 CASH-BAL=76597.541
Tue Feb 04 08:00:00 GMT+00:00 2014 BUY: 176 shares of GMT cost-basis=56.5 for $9938.72 CASH-BAL=66651.821
Fri Feb 07 08:00:00 GMT+00:00 2014 BUY: 79 shares of LVNTA cost-basis=126 for $9966.64 CASH-BAL=56678.181
Mon Feb 10 08:00:00 GMT+00:00 2014 BUY: 241 shares of SALE cost-basis=41.3 for $9960.53 CASH-BAL=46710.651
Fri Feb 14 08:00:00 GMT+00:00 2014 BUY: 247 shares of XRS cost-basis=22.2 for $5969.99 CASH-BAL=40733.661
Fri Feb 28 08:00:00 GMT+00:00 2014Market-Uptrend-Sell 20EMA: (-2.2%)719 shares of XRS for 6.82
Fri Feb 28 08:00:00 GMT+00:00 2014 SELL XRS x719 for $17054.68 CASH-BAL=57781.341
Tue Mar 04 08:00:00 GMT+00:00 2014 BUY: 254 shares of NUVA cost-basis=39.3 for $9979.66 CASH-BAL=47794.681
Wed Mar 05 08:00:00 GMT+00:00 2014 BUY: 136 shares of SALE cost-basis=42.2 for $5954.08 CASH-BAL=41833.601
Thu Mar 06 08:00:00 GMT+00:00 2014 StopLoss-SoftStop SELL: (-5.16%)254 shares of NUVA for -5.16
Thu Mar 06 08:00:00 GMT+00:00 2014 SELL NUVA x254 for $9471.66 CASH-BAL=51298.261
Thu Mar 06 08:00:00 GMT+00:00 2014 BUY: 183 shares of RARE cost-basis=54.4 for $9951.54 CASH-BAL=41339.721
Mon Mar 10 08:00:00 GMT+00:00 2014 StopLoss-ScaledSoftStop SELL: ($42.622)377 @$40.6 shares of SALE for -3.91
Mon Mar 10 08:00:00 GMT+00:00 2014 SELL SALE x377 for $15306.2 CASH-BAL=56638.921
Tue Mar 11 08:00:00 GMT+00:00 2014 BUY: 199 shares of EMES cost-basis=50.1 for $9969.9 CASH-BAL=46662.021
Tue Mar 18 08:00:00 GMT+00:00 2014 BUY: 42 shares of LVNTA cost-basis=132 for $5977.02 CASH-BAL=40678.001
Tue Mar 18 08:00:00 GMT+00:00 2014 BUY: 99 shares of RARE cost-basis=56.5 for $5983.56 CASH-BAL=34687.441
Fri Mar 21 08:00:00 GMT+00:00 2014 StopLoss-ScaledSoftStop SELL: ($57.065)282 @$55.05 shares of RARE for -2.67
Fri Mar 21 08:00:00 GMT+00:00 2014 SELL RARE x282 for $15524.1 CASH-BAL=50204.541
Fri Mar 21 08:00:00 GMT+00:00 2014 BUY: 90 shares of GMT cost-basis=59.7 for $5940.0 CASH-BAL=44257.541
Mon Mar 24 08:00:00 GMT+00:00 2014Market-Uptrend-Sell 20EMA: (-2.54%)121 shares of LVNTA for 2.92
Mon Mar 24 08:00:00 GMT+00:00 2014 SELL LVNTA x121 for $16423.33 CASH-BAL=60673.871
Thu Mar 27 08:00:00 GMT+00:00 2014Market-Downtrend-Sell 50EDMA: (-4.94%)234 shares of AYI for 50.8
Thu Mar 27 08:00:00 GMT+00:00 2014 SELL AYI x234 for $29987.1 CASH-BAL=90653.971
Fri Apr 11 08:00:00 GMT+00:00 2014Market-Downtrend-Sell 20EMA: (-1.6%)266 shares of GMT for 9.12
Fri Apr 11 08:00:00 GMT+00:00 2014 SELL GMT x266 for $17340.54 CASH-BAL=107987.511
Tue Apr 15 08:00:00 GMT+00:00 2014 BUY: 160 shares of BCPC cost-basis=62.3 for $9964.8 CASH-BAL=98015.711
Thu Apr 17 08:00:00 GMT+00:00 2014 BUY: 95 shares of WSO cost-basis=104 for $9897.1 CASH-BAL=88111.611
Thu May 01 08:00:00 GMT+00:00 2014 Selling due to underperformance: BCPC
Thu May 01 08:00:00 GMT+00:00 2014 SELL BCPC x160 for $9820.8 CASH-BAL=97925.411
Thu May 01 08:00:00 GMT+00:00 2014 BUY: 92 shares of KEX cost-basis=108 for $9921.28 CASH-BAL=87997.131
Wed May 14 08:00:00 GMT+00:00 2014Market-Downtrend-Sell -3%: (-3.42%)95 shares of WSO for -3.42
Wed May 14 08:00:00 GMT+00:00 2014 SELL WSO x95 for $9565.55 CASH-BAL=97555.681
Wed May 28 08:00:00 GMT+00:00 2014 BUY: 341 shares of CAL cost-basis=29.3 for $9991.3 CASH-BAL=87557.381
Mon Jun 02 08:00:00 GMT+00:00 2014 StopLoss-SoftStop SELL: (-5.09%)341 shares of CAL for -5.09
Mon Jun 02 08:00:00 GMT+00:00 2014 SELL CAL x341 for $9490.03 CASH-BAL=97040.411
Mon Jun 09 08:00:00 GMT+00:00 2014 BUY: 454 shares of MTSI cost-basis=22.0 for $9983.46 CASH-BAL=87049.951
Wed Jun 11 08:00:00 GMT+00:00 2014 BUY: 52 shares of KEX cost-basis=110 for $5930.08 CASH-BAL=81112.871
Wed Jun 11 08:00:00 GMT+00:00 2014 BUY: 150 shares of LNG cost-basis=66.6 for $9987.0 CASH-BAL=71118.871
Wed Jun 11 08:00:00 GMT+00:00 2014 BUY: 39 shares of FCNCA cost-basis=252 for $9824.49 CASH-BAL=61287.381
Fri Jun 13 08:00:00 GMT+00:00 2014 BUY: 58 shares of EMES cost-basis=61.8 for $5913.1 CASH-BAL=55367.281
Fri Jun 20 08:00:00 GMT+00:00 2014Market-Uptrend-Sell 20EMA: (-2.55%)257 shares of EMES for 59.0
Fri Jun 20 08:00:00 GMT+00:00 2014 SELL EMES x257 for $25263.1 CASH-BAL=80623.381
Fri Jun 20 08:00:00 GMT+00:00 2014 BUY: 269 shares of GMLP cost-basis=37.1 for $9974.52 CASH-BAL=70641.861
Wed Jun 25 08:00:00 GMT+00:00 2014 Selling due to underperformance: FCNCA
Wed Jun 25 08:00:00 GMT+00:00 2014 SELL FCNCA x39 for $9730.5 CASH-BAL=80365.361
Wed Jun 25 08:00:00 GMT+00:00 2014 BUY: 325 shares of TGNA cost-basis=30.7 for $9967.75 CASH-BAL=70390.611
Thu Jun 26 08:00:00 GMT+00:00 2014 Selling due to underperformance: KEX
Thu Jun 26 08:00:00 GMT+00:00 2014 SELL KEX x144 for $16672.32 CASH-BAL=87055.931
Thu Jun 26 08:00:00 GMT+00:00 2014 BUY: 265 shares of MEI cost-basis=37.7 for $9985.2 CASH-BAL=77063.731
Tue Jul 01 08:00:00 GMT+00:00 2014 Selling due to underperformance: GMLP
Tue Jul 01 08:00:00 GMT+00:00 2014 SELL GMLP x269 for $9818.5 CASH-BAL=86875.231
Tue Jul 01 08:00:00 GMT+00:00 2014 BUY: 131 shares of ANET cost-basis=76.0 for $9956.0 CASH-BAL=76912.231
Mon Jul 07 08:00:00 GMT+00:00 2014 StopLoss-SoftStop SELL: (-5.11%)131 shares of ANET for -5.11
Mon Jul 07 08:00:00 GMT+00:00 2014 SELL ANET x131 for $9454.27 CASH-BAL=86359.501
Tue Jul 08 08:00:00 GMT+00:00 2014 StopLoss-SoftStop SELL: (-5.17%)265 shares of MEI for -5.17
Tue Jul 08 08:00:00 GMT+00:00 2014 SELL MEI x265 for $9476.4 CASH-BAL=95828.901
Tue Jul 08 08:00:00 GMT+00:00 2014Market-Uptrend-Sell 20EMA: (-3.89%)454 shares of MTSI for -4.44
Tue Jul 08 08:00:00 GMT+00:00 2014 SELL MTSI x454 for $9547.62 CASH-BAL=105369.521
Wed Jul 09 08:00:00 GMT+00:00 2014 BUY: 1417 shares of PZE cost-basis=7.05 for $9989.85 CASH-BAL=95372.671
Mon Jul 14 08:00:00 GMT+00:00 2014 BUY: 83 shares of LNG cost-basis=68.5 for $5976.0 CASH-BAL=89389.671
Thu Jul 17 08:00:00 GMT+00:00 2014 StopLoss-SoftStop SELL: (-5.74%)1417 shares of PZE for -5.74
Thu Jul 17 08:00:00 GMT+00:00 2014 SELL PZE x1417 for $9423.05 CASH-BAL=98805.721
Thu Jul 24 08:00:00 GMT+00:00 2014 BUY: 334 shares of JMEI cost-basis=29.9 for $9973.24 CASH-BAL=88825.481
Tue Jul 29 08:00:00 GMT+00:00 2014 BUY: 53 shares of LNG cost-basis=69.6 for $3946.38 CASH-BAL=84872.101
Thu Jul 31 08:00:00 GMT+00:00 2014 StopLoss-ScaledSoftStop SELL: ($70.992)286 @$70.76 shares of LNG for 1.54
Thu Jul 31 08:00:00 GMT+00:00 2014 SELL LNG x286 for $20237.36 CASH-BAL=105102.461
Thu Aug 07 08:00:00 GMT+00:00 2014 BUY: 337 shares of LEAF cost-basis=29.7 for $9992.05 CASH-BAL=95103.411
Thu Aug 14 08:00:00 GMT+00:00 2014 BUY: 176 shares of TGNA cost-basis=31.9 for $5992.8 CASH-BAL=89103.611
Wed Aug 20 08:00:00 GMT+00:00 2014Market-Uptrend-Sell 20EMA: (-2.06%)334 shares of JMEI for 6.66
Wed Aug 20 08:00:00 GMT+00:00 2014 SELL JMEI x334 for $10644.58 CASH-BAL=99741.191
Thu Aug 28 08:00:00 GMT+00:00 2014 BUY: 85 shares of SIG cost-basis=116 for $9891.45 CASH-BAL=89842.741
Fri Aug 29 08:00:00 GMT+00:00 2014 BUY: 192 shares of GPRO cost-basis=51.8 for $9945.6 CASH-BAL=79890.141
Tue Sep 02 08:00:00 GMT+00:00 2014 BUY: 106 shares of NVS cost-basis=93.7 for $9933.26 CASH-BAL=69949.881
Thu Sep 04 08:00:00 GMT+00:00 2014 Selling due to underperformance: TGNA
Thu Sep 04 08:00:00 GMT+00:00 2014 SELL TGNA x501 for $16688.31 CASH-BAL=86631.191
Thu Sep 04 08:00:00 GMT+00:00 2014 BUY: 251 shares of MEI cost-basis=39.7 for $9969.72 CASH-BAL=76654.471
Wed Sep 17 08:00:00 GMT+00:00 2014 BUY: 178 shares of LEAF cost-basis=31.0 for $5991.48 CASH-BAL=70655.991
Mon Sep 22 08:00:00 GMT+00:00 2014Market-Uptrend-Sell 20EMA: (-2.09%)515 shares of LEAF for 4.69
Mon Sep 22 08:00:00 GMT+00:00 2014 SELL LEAF x515 for $16747.8 CASH-BAL=87396.791
Mon Sep 22 08:00:00 GMT+00:00 2014 BUY: 102 shares of CLX cost-basis=97.2 for $9917.46 CASH-BAL=77472.331
Tue Sep 23 08:00:00 GMT+00:00 2014 Selling due to underperformance: SIG
Tue Sep 23 08:00:00 GMT+00:00 2014 SELL SIG x85 for $9597.35 CASH-BAL=87062.681
Tue Sep 23 08:00:00 GMT+00:00 2014 BUY: 233 shares of LE cost-basis=42.7 for $9956.09 CASH-BAL=77099.591
Thu Sep 25 08:00:00 GMT+00:00 2014Market-Downtrend-Sell -3%: (-4.3%)251 shares of MEI for -4.3
Thu Sep 25 08:00:00 GMT+00:00 2014 SELL MEI x251 for $9548.04 CASH-BAL=86640.631
Fri Sep 26 08:00:00 GMT+00:00 2014 Selling due to underperformance: NVS
Fri Sep 26 08:00:00 GMT+00:00 2014 SELL NVS x106 for $9877.08 CASH-BAL=96510.711
Fri Sep 26 08:00:00 GMT+00:00 2014 BUY: 602 shares of EIGI cost-basis=16.6 for $9987.18 CASH-BAL=86516.531
Tue Sep 30 08:00:00 GMT+00:00 2014Market-Downtrend-Sell -3%: (-3.84%)233 shares of LE for -3.84
Tue Sep 30 08:00:00 GMT+00:00 2014 SELL LE x233 for $9580.96 CASH-BAL=96090.491
Wed Oct 01 08:00:00 GMT+00:00 2014Market-Downtrend-Sell -3%: (-3.99%)602 shares of EIGI for -3.99
Wed Oct 01 08:00:00 GMT+00:00 2014 SELL EIGI x602 for $9595.88 CASH-BAL=105679.371
Fri Oct 03 08:00:00 GMT+00:00 2014 BUY: 130 shares of GPN cost-basis=76.3 for $9921.6 CASH-BAL=95750.771
Mon Oct 06 08:00:00 GMT+00:00 2014 Selling due to underperformance: CLX
Mon Oct 06 08:00:00 GMT+00:00 2014 SELL CLX x102 for $9830.76 CASH-BAL=105574.531
Mon Oct 06 08:00:00 GMT+00:00 2014 BUY: 79 shares of BDX cost-basis=125 for $9873.42 CASH-BAL=95694.111
Thu Oct 09 08:00:00 GMT+00:00 2014Market-Downtrend-Sell -3%: (-3.15%)130 shares of GPN for -3.15
Thu Oct 09 08:00:00 GMT+00:00 2014 SELL GPN x130 for $9616.1 CASH-BAL=105303.211
Mon Oct 13 08:00:00 GMT+00:00 2014 BUY: 257 shares of CMN cost-basis=38.9 for $9987.02 CASH-BAL=95309.191
Thu Oct 16 08:00:00 GMT+00:00 2014Market-Downtrend-Sell -3%: (-3.43%)79 shares of BDX for -3.43
Thu Oct 16 08:00:00 GMT+00:00 2014Market-Downtrend-Sell -3%: (-4.14%)257 shares of CMN for -4.14
Thu Oct 16 08:00:00 GMT+00:00 2014 SELL BDX x79 for $9541.62 CASH-BAL=104843.811
Thu Oct 16 08:00:00 GMT+00:00 2014 SELL CMN x257 for $9580.96 CASH-BAL=114417.771
Fri Oct 17 08:00:00 GMT+00:00 2014 BUY: 536 shares of NAVI cost-basis=18.6 for $9974.96 CASH-BAL=104435.811
Tue Oct 21 08:00:00 GMT+00:00 2014 BUY: 242 shares of AKRX cost-basis=41.3 for $9992.18 CASH-BAL=94436.631
Mon Oct 27 08:00:00 GMT+00:00 2014Market-CautiousUp-Sell 50EMA: (-5.9%)192 shares of GPRO for 25.2
Mon Oct 27 08:00:00 GMT+00:00 2014 SELL GPRO x192 for $12462.72 CASH-BAL=106892.351
Mon Oct 27 08:00:00 GMT+00:00 2014 BUY: 213 shares of EPAM cost-basis=46.9 for $9991.83 CASH-BAL=96893.521
Thu Oct 30 08:00:00 GMT+00:00 2014 BUY: 169 shares of BMY cost-basis=59.0 for $9967.62 CASH-BAL=86918.901
Thu Oct 30 08:00:00 GMT+00:00 2014 BUY: 353 shares of BIN cost-basis=28.3 for $9972.25 CASH-BAL=76939.651
Thu Nov 06 08:00:00 GMT+00:00 2014 StopLoss-HardStop SELL: (-8.33%)242 shares of AKRX for -8.33
Thu Nov 06 08:00:00 GMT+00:00 2014 SELL AKRX x242 for $9166.96 CASH-BAL=86099.611
Wed Nov 12 08:00:00 GMT+00:00 2014 BUY: 133 shares of MSG cost-basis=74.7 for $9940.42 CASH-BAL=76152.191
Wed Nov 19 08:00:00 GMT+00:00 2014 Selling due to underperformance: BMY
Wed Nov 19 08:00:00 GMT+00:00 2014 SELL BMY x169 for $9938.89 CASH-BAL=86084.081
Wed Nov 19 08:00:00 GMT+00:00 2014 BUY: 190 shares of ENV cost-basis=52.6 for $9990.2 CASH-BAL=76086.881
Fri Nov 21 08:00:00 GMT+00:00 2014 BUY: 198 shares of BIN cost-basis=29.0 for $5991.48 CASH-BAL=70088.401
Fri Nov 28 08:00:00 GMT+00:00 2014 BUY: 285 shares of NAVI cost-basis=19.4 for $5973.6 CASH-BAL=64107.801
Mon Dec 01 08:00:00 GMT+00:00 2014 StopLoss-SoftStop SELL: (-5.83%)190 shares of ENV for -5.83
Mon Dec 01 08:00:00 GMT+00:00 2014 SELL ENV x190 for $9414.5 CASH-BAL=73515.301
Tue Dec 02 08:00:00 GMT+00:00 2014 BUY: 119 shares of EPAM cost-basis=48.0 for $5955.95 CASH-BAL=67552.351
Wed Dec 10 08:00:00 GMT+00:00 2014Market-CautiousUp-Sell -3%: (-3.46%)133 shares of MSG for -3.46
Wed Dec 10 08:00:00 GMT+00:00 2014 SELL MSG x133 for $9603.93 CASH-BAL=77149.281
Tue Dec 16 08:00:00 GMT+00:00 2014 StopLoss-ScaledSoftStop SELL: ($48.480000000000004)332 @$46.24 shares of EPAM for -3.83
Tue Dec 16 08:00:00 GMT+00:00 2014 SELL EPAM x332 for $15351.68 CASH-BAL=92493.961
Wed Dec 17 08:00:00 GMT+00:00 2014 BUY: 364 shares of FGEN cost-basis=27.4 for $9966.32 CASH-BAL=82520.641
Thu Dec 18 08:00:00 GMT+00:00 2014 BUY: 157 shares of KRFT cost-basis=63.4 for $9950.66 CASH-BAL=72562.981
Wed Dec 24 08:00:00 GMT+00:00 2014 BUY: 243 shares of VA cost-basis=41.0 for $9963.0 CASH-BAL=62592.981
Tue Dec 30 08:00:00 GMT+00:00 2014 BUY: 181 shares of NAVI cost-basis=19.9 for $3979.285 CASH-BAL=58606.696
Mon Jan 05 08:00:00 GMT+00:00 2015Market-Downtrend-Sell 20EMA: (-2.03%)1002 shares of NAVI for 5.99
Mon Jan 05 08:00:00 GMT+00:00 2015 SELL NAVI x1002 for $21142.2 CASH-BAL=79741.896
Wed Jan 07 08:00:00 GMT+00:00 2015Market-Downtrend-Sell -3%: (-3.12%)243 shares of VA for -3.12
Wed Jan 07 08:00:00 GMT+00:00 2015 SELL VA x243 for $9659.25 CASH-BAL=89394.146
Mon Jan 12 08:00:00 GMT+00:00 2015 StopLoss-ScaledSoftStop SELL: ($29.29)551 @$28.85 shares of BIN for -0.51
Mon Jan 12 08:00:00 GMT+00:00 2015 SELL BIN x551 for $15896.35 CASH-BAL=105283.496
Thu Jan 22 08:00:00 GMT+00:00 2015 BUY: 128 shares of HELE cost-basis=77.5 for $9923.84 CASH-BAL=95352.656
Thu Jan 22 08:00:00 GMT+00:00 2015 BUY: 93 shares of AGU cost-basis=107 for $9969.6 CASH-BAL=85376.056
Fri Jan 23 08:00:00 GMT+00:00 2015Market-Uptrend-Sell 20EMA: (-6.57%)364 shares of FGEN for 7.23
Fri Jan 23 08:00:00 GMT+00:00 2015 SELL FGEN x364 for $10694.32 CASH-BAL=96063.376
Fri Jan 23 08:00:00 GMT+00:00 2015 BUY: 113 shares of SBUX cost-basis=88.2 for $9968.86 CASH-BAL=86087.516
Wed Jan 28 08:00:00 GMT+00:00 2015 Selling due to underperformance: KRFT
Wed Jan 28 08:00:00 GMT+00:00 2015 SELL KRFT x157 for $10321.18 CASH-BAL=96401.696
Wed Jan 28 08:00:00 GMT+00:00 2015 BUY: 634 shares of KLIC cost-basis=15.8 for $9985.5 CASH-BAL=86409.196
Fri Jan 30 08:00:00 GMT+00:00 2015Market-Downtrend-Sell -3%: (-3.05%)128 shares of HELE for -3.05
Fri Jan 30 08:00:00 GMT+00:00 2015Market-Downtrend-Sell -3%: (-3.75%)634 shares of KLIC for -3.75
Fri Jan 30 08:00:00 GMT+00:00 2015 SELL HELE x128 for $9628.16 CASH-BAL=96030.356
Fri Jan 30 08:00:00 GMT+00:00 2015 SELL KLIC x634 for $9617.78 CASH-BAL=105641.136
Thu Feb 05 08:00:00 GMT+00:00 2015 BUY: 138 shares of BLL cost-basis=72.0 for $9940.14 CASH-BAL=95693.996
Mon Feb 09 08:00:00 GMT+00:00 2015 BUY: 167 shares of HAS cost-basis=59.7 for $9963.22 CASH-BAL=85723.776
Tue Feb 10 08:00:00 GMT+00:00 2015 BUY: 220 shares of SEE cost-basis=45.3 for $9959.4 CASH-BAL=75757.376
Wed Feb 11 08:00:00 GMT+00:00 2015 Selling due to underperformance: AGU
Wed Feb 11 08:00:00 GMT+00:00 2015 SELL AGU x93 for $9906.36 CASH-BAL=85656.736
Wed Feb 11 08:00:00 GMT+00:00 2015 BUY: 409 shares of SCI cost-basis=24.4 for $9975.51 CASH-BAL=75674.226
Mon Mar 02 08:00:00 GMT+00:00 2015 BUY: 63 shares of SBUX cost-basis=90.4 for $5936.175 CASH-BAL=69731.051
Wed Mar 04 08:00:00 GMT+00:00 2015 Selling due to underperformance: BLL
Wed Mar 04 08:00:00 GMT+00:00 2015 SELL BLL x138 for $9839.4 CASH-BAL=79563.451
Wed Mar 04 08:00:00 GMT+00:00 2015 BUY: 152 shares of BMY cost-basis=65.7 for $9981.84 CASH-BAL=69574.611
Wed Mar 18 08:00:00 GMT+00:00 2015 Selling due to underperformance: HAS
Wed Mar 18 08:00:00 GMT+00:00 2015 SELL HAS x167 for $10258.81 CASH-BAL=79826.421
Wed Mar 18 08:00:00 GMT+00:00 2015 BUY: 145 shares of AMBA cost-basis=68.5 for $9929.6 CASH-BAL=69889.821
Wed Mar 25 08:00:00 GMT+00:00 2015 Selling due to underperformance: BMY
Wed Mar 25 08:00:00 GMT+00:00 2015 SELL BMY x152 for $9834.4 CASH-BAL=79717.221
Wed Mar 25 08:00:00 GMT+00:00 2015 BUY: 70 shares of EW cost-basis=142 for $9957.5 CASH-BAL=69752.721
Thu Mar 26 08:00:00 GMT+00:00 2015 Selling due to underperformance: SEE
Thu Mar 26 08:00:00 GMT+00:00 2015 SELL SEE x220 for $9911.0 CASH-BAL=79656.721
Thu Mar 26 08:00:00 GMT+00:00 2015 BUY: 562 shares of SFS cost-basis=17.8 for $9986.74 CASH-BAL=69662.981
Thu Mar 26 08:00:00 GMT+00:00 2015 Selling due to underperformance: SBUX
Thu Mar 26 08:00:00 GMT+00:00 2015 SELL SBUX x176 for $16734.08 CASH-BAL=86390.061
Thu Mar 26 08:00:00 GMT+00:00 2015 BUY: 74 shares of SIG cost-basis=135 for $9990.0 CASH-BAL=76393.061
Wed Apr 01 08:00:00 GMT+00:00 2015 BUY: 228 shares of SCI cost-basis=25.1 for $5985.0 CASH-BAL=70401.061
Fri Apr 10 08:00:00 GMT+00:00 2015 Selling due to underperformance: EW
Fri Apr 10 08:00:00 GMT+00:00 2015 SELL EW x70 for $9917.6 CASH-BAL=80311.661
Fri Apr 10 08:00:00 GMT+00:00 2015 BUY: 350 shares of GE cost-basis=28.5 for $9978.5 CASH-BAL=70326.161
Wed Apr 15 08:00:00 GMT+00:00 2015 BUY: 147 shares of SCI cost-basis=25.4 for $3966.06 CASH-BAL=66353.101
Mon Apr 20 08:00:00 GMT+00:00 2015 BUY: 80 shares of AMBA cost-basis=70.6 for $5964.8 CASH-BAL=60381.301
Tue Apr 21 08:00:00 GMT+00:00 2015 StopLoss-SoftStop SELL: (-6.7%)350 shares of GE for -6.7
Tue Apr 21 08:00:00 GMT+00:00 2015 SELL GE x350 for $9317.0 CASH-BAL=69691.301
Mon Apr 27 08:00:00 GMT+00:00 2015 StopLoss-ScaledSoftStop SELL: ($71.306)225 @$70.63 shares of AMBA for -0.105
Mon Apr 27 08:00:00 GMT+00:00 2015 SELL AMBA x225 for $15891.75 CASH-BAL=85576.051
Mon Apr 27 08:00:00 GMT+00:00 2015Market-Uptrend-Sell 20EMA: (-2.06%)562 shares of SFS for -0.408
Mon Apr 27 08:00:00 GMT+00:00 2015 SELL SFS x562 for $9953.02 CASH-BAL=95522.071
Tue Apr 28 08:00:00 GMT+00:00 2015 BUY: 359 shares of HQY cost-basis=27.8 for $9965.84 CASH-BAL=85549.231
Wed Apr 29 08:00:00 GMT+00:00 2015 BUY: 204 shares of XPO cost-basis=48.8 for $9961.32 CASH-BAL=75580.911
Thu Apr 30 08:00:00 GMT+00:00 2015 StopLoss-SoftStop SELL: (-5.65%)359 shares of HQY for -5.65
Thu Apr 30 08:00:00 GMT+00:00 2015 SELL HQY x359 for $9409.39 CASH-BAL=84983.301
Thu Apr 30 08:00:00 GMT+00:00 2015 BUY: 417 shares of AVG cost-basis=23.9 for $9974.64 CASH-BAL=75001.661
Fri May 01 08:00:00 GMT+00:00 2015 BUY: 184 shares of BFAM cost-basis=54.1 for $9945.2 CASH-BAL=65049.461
Tue May 05 08:00:00 GMT+00:00 2015 Selling due to underperformance: SIG
Tue May 05 08:00:00 GMT+00:00 2015 SELL SIG x74 for $10040.32 CASH-BAL=75082.781
Tue May 05 08:00:00 GMT+00:00 2015 BUY: 258 shares of CLGX cost-basis=38.7 for $9984.6 CASH-BAL=65091.181
Fri May 08 08:00:00 GMT+00:00 2015 Selling due to underperformance: SCI
Fri May 08 08:00:00 GMT+00:00 2015 SELL SCI x784 for $21928.48 CASH-BAL=87012.661
Fri May 08 08:00:00 GMT+00:00 2015 BUY: 185 shares of IMPV cost-basis=54.0 for $9986.3 CASH-BAL=77019.361
Tue May 12 08:00:00 GMT+00:00 2015 Selling due to underperformance: BFAM
Tue May 12 08:00:00 GMT+00:00 2015 SELL BFAM x184 for $9722.56 CASH-BAL=86734.921
Tue May 12 08:00:00 GMT+00:00 2015 BUY: 296 shares of IPAR cost-basis=33.7 for $9960.4 CASH-BAL=76767.521
Fri May 15 08:00:00 GMT+00:00 2015 StopLoss-SoftStop SELL: (-5.18%)296 shares of IPAR for -5.18
Fri May 15 08:00:00 GMT+00:00 2015 SELL IPAR x296 for $9451.28 CASH-BAL=86211.801
Wed May 20 08:00:00 GMT+00:00 2015 BUY: 220 shares of TTPH cost-basis=45.3 for $9972.6 CASH-BAL=76232.201
Wed May 20 08:00:00 GMT+00:00 2015 Selling due to underperformance: XPO
Wed May 20 08:00:00 GMT+00:00 2015 SELL XPO x204 for $10085.76 CASH-BAL=86310.961
Wed May 20 08:00:00 GMT+00:00 2015 BUY: 60 shares of TWC cost-basis=167 for $9993.0 CASH-BAL=76310.961
Fri May 22 08:00:00 GMT+00:00 2015 StopLoss-SoftStop SELL: (-5.34%)220 shares of TTPH for -5.34
Fri May 22 08:00:00 GMT+00:00 2015 SELL TTPH x220 for $9446.8 CASH-BAL=85750.761
Tue May 26 08:00:00 GMT+00:00 2015 Got Acquired/Merged: 60 shares of TWC for 10.2
Tue May 26 08:00:00 GMT+00:00 2015 SELL TWC x60 for $11016.0 CASH-BAL=96759.761
Wed May 27 08:00:00 GMT+00:00 2015 BUY: 315 shares of AMED cost-basis=31.7 for $9976.05 CASH-BAL=86776.711
Fri Jun 05 08:00:00 GMT+00:00 2015 BUY: 146 shares of JUNO cost-basis=68.4 for $9980.56 CASH-BAL=76789.151
Tue Jun 09 08:00:00 GMT+00:00 2015 StopLoss-HardStop SELL: (-9.17%)146 shares of JUNO for -9.17
Tue Jun 09 08:00:00 GMT+00:00 2015 SELL JUNO x146 for $9072.44 CASH-BAL=85854.591
Tue Jun 09 08:00:00 GMT+00:00 2015 BUY: 192 shares of CMN cost-basis=52.0 for $9984.0 CASH-BAL=75863.591
Wed Jun 17 08:00:00 GMT+00:00 2015Market-Uptrend-Sell 20EMA: (-2.83%)258 shares of CLGX for -3.07
Wed Jun 17 08:00:00 GMT+00:00 2015 SELL CLGX x258 for $9685.32 CASH-BAL=85541.911
Wed Jun 17 08:00:00 GMT+00:00 2015 BUY: 193 shares of RDUS cost-basis=51.7 for $9983.89 CASH-BAL=75551.021
Thu Jun 25 08:00:00 GMT+00:00 2015 BUY: 149 shares of AMED cost-basis=34.3 for $5954.04 CASH-BAL=69589.981
Wed Jul 01 08:00:00 GMT+00:00 2015 BUY: 218 shares of AVG cost-basis=25.1 for $5979.74 CASH-BAL=63603.241

---- Final Portfolio Holdings as of Thu Jul 02 03:50:01 GMT+00:00 2015 ----
null 635 of AVG with cost basis of 25.1 and pct-chg: 9.13% with % of portfolio weight=12.9%
null 185 of IMPV with cost basis of 54.0 and pct-chg: 24.2% with % of portfolio weight=9.16%
null 464 of AMED with cost basis of 34.3 and pct-chg: 18.2% with % of portfolio weight=13.9%
null 192 of CMN with cost basis of 52.0 and pct-chg: 2.76% with % of portfolio weight=7.58%
null 193 of RDUS with cost basis of 51.7 and pct-chg: 29.3% with % of portfolio weight=9.53%

Total Invested Amount = 71822.89 with % of portfolio weight=53.0%
Cash Bal = 63603.241 with % of portfolio weight=47.0%
Net Value = 135426.131

---- Run stats ----
Start-Date: Tue Jan 01 08:00:00 GMT+00:00 2013
End-Date: Thu Jul 02 03:50:01 GMT+00:00 2015
Total Trading days: 912
Net Gain/Loss = 35426.131
Pct Chg = 35.4%
