Start Date: Wed Jan 01 08:00:00 GMT+00:00 2014
End Date: Fri Jul 03 03:58:26 GMT+00:00 2015
Initial Cash: 100000.0
Num Positions: 5
-----------------
Thu Jan 02 08:00:00 GMT+00:00 2014 BUY: 960 shares of VWDRY cost-basis=10.4 for $9987.264 CASH-BAL=90005.736
Fri Jan 03 08:00:00 GMT+00:00 2014 BUY: 242 shares of MKTO cost-basis=41.2 for $9975.24 CASH-BAL=80023.496
Fri Jan 03 08:00:00 GMT+00:00 2014 BUY: 292 shares of PFPT cost-basis=34.2 for $9980.56 CASH-BAL=70035.936
Tue Jan 07 08:00:00 GMT+00:00 2014 BUY: 132 shares of SPLK cost-basis=75.4 for $9951.48 CASH-BAL=60077.456
Thu Jan 09 08:00:00 GMT+00:00 2014 BUY: 179 shares of M cost-basis=55.8 for $9988.2 CASH-BAL=50082.256
Mon Jan 13 08:00:00 GMT+00:00 2014 Selling due to underperformance: MKTO
Mon Jan 13 08:00:00 GMT+00:00 2014 SELL MKTO x242 for $9856.66 CASH-BAL=59931.916
Mon Jan 13 08:00:00 GMT+00:00 2014 BUY: 233 shares of ENV cost-basis=42.8 for $9960.75 CASH-BAL=49964.166
Tue Jan 21 08:00:00 GMT+00:00 2014 Selling due to underperformance: M
Tue Jan 21 08:00:00 GMT+00:00 2014 SELL M x179 for $9945.24 CASH-BAL=59902.406
Tue Jan 21 08:00:00 GMT+00:00 2014 BUY: 508 shares of NVDQ cost-basis=19.7 for $9987.28 CASH-BAL=49908.126
Fri Jan 24 08:00:00 GMT+00:00 2014Market-CautiousUp-Sell -3%: (-4.24%)508 shares of NVDQ for -4.24
Fri Jan 24 08:00:00 GMT+00:00 2014 SELL NVDQ x508 for $9570.72 CASH-BAL=59471.846
Mon Jan 27 08:00:00 GMT+00:00 2014Market-CautiousUp-Sell -3%: (-3.85%)960 shares of VWDRY for -3.85
Mon Jan 27 08:00:00 GMT+00:00 2014 SELL VWDRY x960 for $9609.6 CASH-BAL=69074.446
Wed Jan 29 08:00:00 GMT+00:00 2014Market-Downtrend-Sell 20EMA: (-3.09%)132 shares of SPLK for -3.2
Wed Jan 29 08:00:00 GMT+00:00 2014Market-Downtrend-Sell 20EMA: (-2.52%)233 shares of ENV for -0.608
Wed Jan 29 08:00:00 GMT+00:00 2014Market-Downtrend-Sell 20EMA: (-1.59%)292 shares of PFPT for 2.07
Wed Jan 29 08:00:00 GMT+00:00 2014 SELL SPLK x132 for $9639.96 CASH-BAL=78707.406
Wed Jan 29 08:00:00 GMT+00:00 2014 SELL ENV x233 for $9907.16 CASH-BAL=88607.566
Wed Jan 29 08:00:00 GMT+00:00 2014 SELL PFPT x292 for $10193.72 CASH-BAL=98794.286
Tue Feb 04 08:00:00 GMT+00:00 2014 BUY: 176 shares of GMT cost-basis=56.5 for $9938.72 CASH-BAL=88848.566
Fri Feb 07 08:00:00 GMT+00:00 2014 BUY: 79 shares of LVNTA cost-basis=126 for $9966.64 CASH-BAL=78874.926
Mon Feb 10 08:00:00 GMT+00:00 2014 BUY: 241 shares of SALE cost-basis=41.3 for $9960.53 CASH-BAL=68907.396
Wed Feb 12 08:00:00 GMT+00:00 2014 BUY: 315 shares of SN cost-basis=31.7 for $9991.8 CASH-BAL=58908.596
Thu Feb 13 08:00:00 GMT+00:00 2014 BUY: 69 shares of TWC cost-basis=145 for $9991.89 CASH-BAL=48909.706
Tue Feb 18 08:00:00 GMT+00:00 2014 StopLoss-SoftStop SELL: (-6.31%)315 shares of SN for -6.31
Tue Feb 18 08:00:00 GMT+00:00 2014 SELL SN x315 for $9368.1 CASH-BAL=58270.806
Tue Feb 18 08:00:00 GMT+00:00 2014 BUY: 199 shares of NMBL cost-basis=50.0 for $9948.01 CASH-BAL=48315.796
Wed Feb 26 08:00:00 GMT+00:00 2014 Selling due to underperformance: TWC
Wed Feb 26 08:00:00 GMT+00:00 2014 SELL TWC x69 for $9505.44 CASH-BAL=57814.236
Wed Feb 26 08:00:00 GMT+00:00 2014 BUY: 159 shares of HEI cost-basis=62.7 for $9969.3 CASH-BAL=47837.936
Mon Mar 03 08:00:00 GMT+00:00 2014 StopLoss-HardStop SELL: (-7.75%)199 shares of NMBL for -7.75
Mon Mar 03 08:00:00 GMT+00:00 2014 SELL NMBL x199 for $9183.85 CASH-BAL=57014.786
Tue Mar 04 08:00:00 GMT+00:00 2014 BUY: 254 shares of NUVA cost-basis=39.3 for $9979.66 CASH-BAL=47028.126
Wed Mar 05 08:00:00 GMT+00:00 2014 BUY: 136 shares of SALE cost-basis=42.2 for $5954.08 CASH-BAL=41067.046
Thu Mar 06 08:00:00 GMT+00:00 2014 StopLoss-SoftStop SELL: (-5.16%)254 shares of NUVA for -5.16
Thu Mar 06 08:00:00 GMT+00:00 2014 SELL NUVA x254 for $9471.66 CASH-BAL=50531.706
Thu Mar 06 08:00:00 GMT+00:00 2014 BUY: 183 shares of RARE cost-basis=54.4 for $9951.54 CASH-BAL=40573.166
Mon Mar 10 08:00:00 GMT+00:00 2014 StopLoss-ScaledSoftStop SELL: ($42.622)377 @$40.6 shares of SALE for -3.91
Mon Mar 10 08:00:00 GMT+00:00 2014 SELL SALE x377 for $15306.2 CASH-BAL=55872.366
Tue Mar 11 08:00:00 GMT+00:00 2014 BUY: 199 shares of EMES cost-basis=50.1 for $9969.9 CASH-BAL=45895.466
Fri Mar 14 08:00:00 GMT+00:00 2014 Selling due to underperformance: HEI
Fri Mar 14 08:00:00 GMT+00:00 2014 SELL HEI x159 for $9616.32 CASH-BAL=55504.786
Fri Mar 14 08:00:00 GMT+00:00 2014 BUY: 212 shares of MFRM cost-basis=47.0 for $9961.88 CASH-BAL=45535.906
Tue Mar 18 08:00:00 GMT+00:00 2014 BUY: 42 shares of LVNTA cost-basis=132 for $5977.02 CASH-BAL=39551.886
Tue Mar 18 08:00:00 GMT+00:00 2014 BUY: 99 shares of RARE cost-basis=56.5 for $5983.56 CASH-BAL=33561.326
Fri Mar 21 08:00:00 GMT+00:00 2014 StopLoss-ScaledSoftStop SELL: ($57.065)282 @$55.05 shares of RARE for -2.67
Fri Mar 21 08:00:00 GMT+00:00 2014 SELL RARE x282 for $15524.1 CASH-BAL=49078.426
Fri Mar 21 08:00:00 GMT+00:00 2014 BUY: 90 shares of GMT cost-basis=59.7 for $5940.0 CASH-BAL=43131.426
Mon Mar 24 08:00:00 GMT+00:00 2014Market-Uptrend-Sell 20EMA: (-2.54%)121 shares of LVNTA for 2.92
Mon Mar 24 08:00:00 GMT+00:00 2014 SELL LVNTA x121 for $16423.33 CASH-BAL=59547.756
Thu Apr 10 08:00:00 GMT+00:00 2014Market-Downtrend-Sell 20EMA: (-1.93%)212 shares of MFRM for -2.45
Thu Apr 10 08:00:00 GMT+00:00 2014 SELL MFRM x212 for $9724.44 CASH-BAL=69265.196
Fri Apr 11 08:00:00 GMT+00:00 2014Market-Downtrend-Sell 20EMA: (-1.6%)266 shares of GMT for 9.12
Fri Apr 11 08:00:00 GMT+00:00 2014 SELL GMT x266 for $17340.54 CASH-BAL=86598.736
Tue Apr 15 08:00:00 GMT+00:00 2014 BUY: 160 shares of BCPC cost-basis=62.3 for $9964.8 CASH-BAL=76626.936
Thu Apr 17 08:00:00 GMT+00:00 2014 BUY: 95 shares of WSO cost-basis=104 for $9897.1 CASH-BAL=66722.836
Thu May 01 08:00:00 GMT+00:00 2014 Selling due to underperformance: BCPC
Thu May 01 08:00:00 GMT+00:00 2014 SELL BCPC x160 for $9820.8 CASH-BAL=76536.636
Thu May 01 08:00:00 GMT+00:00 2014 BUY: 92 shares of KEX cost-basis=108 for $9921.28 CASH-BAL=66608.356
Wed May 14 08:00:00 GMT+00:00 2014Market-Downtrend-Sell -3%: (-3.42%)95 shares of WSO for -3.42
Wed May 14 08:00:00 GMT+00:00 2014 SELL WSO x95 for $9565.55 CASH-BAL=76166.906
Wed May 28 08:00:00 GMT+00:00 2014 BUY: 341 shares of CAL cost-basis=29.3 for $9991.3 CASH-BAL=66168.606
Mon Jun 02 08:00:00 GMT+00:00 2014 StopLoss-SoftStop SELL: (-5.09%)341 shares of CAL for -5.09
Mon Jun 02 08:00:00 GMT+00:00 2014 SELL CAL x341 for $9490.03 CASH-BAL=75651.636
Mon Jun 09 08:00:00 GMT+00:00 2014 BUY: 454 shares of MTSI cost-basis=22.0 for $9983.46 CASH-BAL=65661.176
Wed Jun 11 08:00:00 GMT+00:00 2014 BUY: 52 shares of KEX cost-basis=110 for $5930.08 CASH-BAL=59724.096
Wed Jun 11 08:00:00 GMT+00:00 2014 BUY: 150 shares of LNG cost-basis=66.6 for $9987.0 CASH-BAL=49730.096
Wed Jun 11 08:00:00 GMT+00:00 2014 BUY: 39 shares of FCNCA cost-basis=252 for $9824.49 CASH-BAL=39898.606
Fri Jun 13 08:00:00 GMT+00:00 2014 BUY: 58 shares of EMES cost-basis=61.8 for $5913.1 CASH-BAL=33978.506
Fri Jun 20 08:00:00 GMT+00:00 2014Market-Uptrend-Sell 20EMA: (-2.55%)257 shares of EMES for 59.0
Fri Jun 20 08:00:00 GMT+00:00 2014 SELL EMES x257 for $25263.1 CASH-BAL=59234.606
Fri Jun 20 08:00:00 GMT+00:00 2014 BUY: 269 shares of GMLP cost-basis=37.1 for $9974.52 CASH-BAL=49253.086
Wed Jun 25 08:00:00 GMT+00:00 2014 Selling due to underperformance: FCNCA
Wed Jun 25 08:00:00 GMT+00:00 2014 SELL FCNCA x39 for $9730.5 CASH-BAL=58976.586
Wed Jun 25 08:00:00 GMT+00:00 2014 BUY: 325 shares of TGNA cost-basis=30.7 for $9967.75 CASH-BAL=49001.836
Thu Jun 26 08:00:00 GMT+00:00 2014 Selling due to underperformance: KEX
Thu Jun 26 08:00:00 GMT+00:00 2014 SELL KEX x144 for $16672.32 CASH-BAL=65667.156
Thu Jun 26 08:00:00 GMT+00:00 2014 BUY: 265 shares of MEI cost-basis=37.7 for $9985.2 CASH-BAL=55674.956
Tue Jul 01 08:00:00 GMT+00:00 2014 Selling due to underperformance: GMLP
Tue Jul 01 08:00:00 GMT+00:00 2014 SELL GMLP x269 for $9818.5 CASH-BAL=65486.456
Tue Jul 01 08:00:00 GMT+00:00 2014 BUY: 131 shares of ANET cost-basis=76.0 for $9956.0 CASH-BAL=55523.456
Mon Jul 07 08:00:00 GMT+00:00 2014 StopLoss-SoftStop SELL: (-5.11%)131 shares of ANET for -5.11
Mon Jul 07 08:00:00 GMT+00:00 2014 SELL ANET x131 for $9454.27 CASH-BAL=64970.726
Tue Jul 08 08:00:00 GMT+00:00 2014 StopLoss-SoftStop SELL: (-5.17%)265 shares of MEI for -5.17
Tue Jul 08 08:00:00 GMT+00:00 2014 SELL MEI x265 for $9476.4 CASH-BAL=74440.126
Tue Jul 08 08:00:00 GMT+00:00 2014Market-Uptrend-Sell 20EMA: (-3.89%)454 shares of MTSI for -4.44
Tue Jul 08 08:00:00 GMT+00:00 2014 SELL MTSI x454 for $9547.62 CASH-BAL=83980.746
Wed Jul 09 08:00:00 GMT+00:00 2014 BUY: 1417 shares of PZE cost-basis=7.05 for $9989.85 CASH-BAL=73983.896
Mon Jul 14 08:00:00 GMT+00:00 2014 BUY: 83 shares of LNG cost-basis=68.5 for $5976.0 CASH-BAL=68000.896
Thu Jul 17 08:00:00 GMT+00:00 2014 StopLoss-SoftStop SELL: (-5.74%)1417 shares of PZE for -5.74
Thu Jul 17 08:00:00 GMT+00:00 2014 SELL PZE x1417 for $9423.05 CASH-BAL=77416.946
Thu Jul 24 08:00:00 GMT+00:00 2014 BUY: 334 shares of JMEI cost-basis=29.9 for $9973.24 CASH-BAL=67436.706
Tue Jul 29 08:00:00 GMT+00:00 2014 BUY: 53 shares of LNG cost-basis=69.6 for $3946.38 CASH-BAL=63483.326
Thu Jul 31 08:00:00 GMT+00:00 2014 StopLoss-ScaledSoftStop SELL: ($70.992)286 @$70.76 shares of LNG for 1.54
Thu Jul 31 08:00:00 GMT+00:00 2014 SELL LNG x286 for $20237.36 CASH-BAL=83713.686
Thu Aug 07 08:00:00 GMT+00:00 2014 BUY: 337 shares of LEAF cost-basis=29.7 for $9992.05 CASH-BAL=73714.636
Thu Aug 14 08:00:00 GMT+00:00 2014 BUY: 176 shares of TGNA cost-basis=31.9 for $5992.8 CASH-BAL=67714.836
Wed Aug 20 08:00:00 GMT+00:00 2014Market-Uptrend-Sell 20EMA: (-2.06%)334 shares of JMEI for 6.66
Wed Aug 20 08:00:00 GMT+00:00 2014 SELL JMEI x334 for $10644.58 CASH-BAL=78352.416
Mon Aug 25 08:00:00 GMT+00:00 2014 BUY: 246 shares of KMI cost-basis=40.5 for $9970.38 CASH-BAL=68375.036
Thu Aug 28 08:00:00 GMT+00:00 2014 BUY: 85 shares of SIG cost-basis=116 for $9891.45 CASH-BAL=58476.586
Fri Aug 29 08:00:00 GMT+00:00 2014 BUY: 192 shares of GPRO cost-basis=51.8 for $9945.6 CASH-BAL=48523.986
Tue Sep 02 08:00:00 GMT+00:00 2014 Selling due to underperformance: TGNA
Tue Sep 02 08:00:00 GMT+00:00 2014 SELL TGNA x501 for $17084.1 CASH-BAL=65601.086
Tue Sep 02 08:00:00 GMT+00:00 2014 BUY: 106 shares of NVS cost-basis=93.7 for $9933.26 CASH-BAL=55660.826
Thu Sep 04 08:00:00 GMT+00:00 2014 Selling due to underperformance: KMI
Thu Sep 04 08:00:00 GMT+00:00 2014 SELL KMI x246 for $9606.3 CASH-BAL=65260.126
Thu Sep 04 08:00:00 GMT+00:00 2014 BUY: 251 shares of MEI cost-basis=39.7 for $9969.72 CASH-BAL=55283.406
Wed Sep 17 08:00:00 GMT+00:00 2014 BUY: 178 shares of LEAF cost-basis=31.0 for $5991.48 CASH-BAL=49284.926
Mon Sep 22 08:00:00 GMT+00:00 2014Market-Uptrend-Sell 20EMA: (-2.09%)515 shares of LEAF for 4.69
Mon Sep 22 08:00:00 GMT+00:00 2014 SELL LEAF x515 for $16747.8 CASH-BAL=66025.726
Mon Sep 22 08:00:00 GMT+00:00 2014 BUY: 102 shares of CLX cost-basis=97.2 for $9917.46 CASH-BAL=56101.266
Tue Sep 23 08:00:00 GMT+00:00 2014 Selling due to underperformance: SIG
Tue Sep 23 08:00:00 GMT+00:00 2014 SELL SIG x85 for $9597.35 CASH-BAL=65691.616
Tue Sep 23 08:00:00 GMT+00:00 2014 BUY: 233 shares of LE cost-basis=42.7 for $9956.09 CASH-BAL=55728.526
Thu Sep 25 08:00:00 GMT+00:00 2014Market-Downtrend-Sell -3%: (-4.3%)251 shares of MEI for -4.3
Thu Sep 25 08:00:00 GMT+00:00 2014 SELL MEI x251 for $9548.04 CASH-BAL=65269.566
Fri Sep 26 08:00:00 GMT+00:00 2014 Selling due to underperformance: NVS
Fri Sep 26 08:00:00 GMT+00:00 2014 SELL NVS x106 for $9877.08 CASH-BAL=75139.646
Fri Sep 26 08:00:00 GMT+00:00 2014 BUY: 602 shares of EIGI cost-basis=16.6 for $9987.18 CASH-BAL=65145.466
Tue Sep 30 08:00:00 GMT+00:00 2014Market-Downtrend-Sell -3%: (-3.84%)233 shares of LE for -3.84
Tue Sep 30 08:00:00 GMT+00:00 2014 SELL LE x233 for $9580.96 CASH-BAL=74719.426
Wed Oct 01 08:00:00 GMT+00:00 2014Market-Downtrend-Sell -3%: (-3.99%)602 shares of EIGI for -3.99
Wed Oct 01 08:00:00 GMT+00:00 2014 SELL EIGI x602 for $9595.88 CASH-BAL=84308.306
Fri Oct 03 08:00:00 GMT+00:00 2014 BUY: 130 shares of GPN cost-basis=76.3 for $9921.6 CASH-BAL=74379.706
Mon Oct 06 08:00:00 GMT+00:00 2014 Selling due to underperformance: CLX
Mon Oct 06 08:00:00 GMT+00:00 2014 SELL CLX x102 for $9830.76 CASH-BAL=84203.466
Mon Oct 06 08:00:00 GMT+00:00 2014 BUY: 79 shares of BDX cost-basis=125 for $9873.42 CASH-BAL=74323.046
Thu Oct 09 08:00:00 GMT+00:00 2014Market-Downtrend-Sell -3%: (-3.15%)130 shares of GPN for -3.15
Thu Oct 09 08:00:00 GMT+00:00 2014 SELL GPN x130 for $9616.1 CASH-BAL=83932.146
Mon Oct 13 08:00:00 GMT+00:00 2014 BUY: 257 shares of CMN cost-basis=38.9 for $9987.02 CASH-BAL=73938.126
Thu Oct 16 08:00:00 GMT+00:00 2014Market-Downtrend-Sell -3%: (-3.43%)79 shares of BDX for -3.43
Thu Oct 16 08:00:00 GMT+00:00 2014Market-Downtrend-Sell -3%: (-4.14%)257 shares of CMN for -4.14
Thu Oct 16 08:00:00 GMT+00:00 2014 SELL BDX x79 for $9541.62 CASH-BAL=83472.746
Thu Oct 16 08:00:00 GMT+00:00 2014 SELL CMN x257 for $9580.96 CASH-BAL=93046.706
Fri Oct 17 08:00:00 GMT+00:00 2014 BUY: 536 shares of NAVI cost-basis=18.6 for $9974.96 CASH-BAL=83064.746
Tue Oct 21 08:00:00 GMT+00:00 2014 BUY: 242 shares of AKRX cost-basis=41.3 for $9992.18 CASH-BAL=73065.566
Mon Oct 27 08:00:00 GMT+00:00 2014Market-CautiousUp-Sell 50EMA: (-5.9%)192 shares of GPRO for 25.2
Mon Oct 27 08:00:00 GMT+00:00 2014 SELL GPRO x192 for $12462.72 CASH-BAL=85521.286
Mon Oct 27 08:00:00 GMT+00:00 2014 BUY: 213 shares of EPAM cost-basis=46.9 for $9991.83 CASH-BAL=75522.456
Thu Oct 30 08:00:00 GMT+00:00 2014 BUY: 169 shares of BMY cost-basis=59.0 for $9967.62 CASH-BAL=65547.836
Thu Oct 30 08:00:00 GMT+00:00 2014 BUY: 353 shares of BIN cost-basis=28.3 for $9972.25 CASH-BAL=55568.586
Thu Nov 06 08:00:00 GMT+00:00 2014 StopLoss-HardStop SELL: (-8.33%)242 shares of AKRX for -8.33
Thu Nov 06 08:00:00 GMT+00:00 2014 SELL AKRX x242 for $9166.96 CASH-BAL=64728.546
Wed Nov 12 08:00:00 GMT+00:00 2014 BUY: 133 shares of MSG cost-basis=74.7 for $9940.42 CASH-BAL=54781.126
Wed Nov 19 08:00:00 GMT+00:00 2014 Selling due to underperformance: BMY
Wed Nov 19 08:00:00 GMT+00:00 2014 SELL BMY x169 for $9938.89 CASH-BAL=64713.016
Wed Nov 19 08:00:00 GMT+00:00 2014 BUY: 190 shares of ENV cost-basis=52.6 for $9990.2 CASH-BAL=54715.816
Fri Nov 21 08:00:00 GMT+00:00 2014 BUY: 198 shares of BIN cost-basis=29.0 for $5991.48 CASH-BAL=48717.336
Fri Nov 28 08:00:00 GMT+00:00 2014 BUY: 285 shares of NAVI cost-basis=19.4 for $5973.6 CASH-BAL=42736.736
Mon Dec 01 08:00:00 GMT+00:00 2014 StopLoss-SoftStop SELL: (-5.83%)190 shares of ENV for -5.83
Mon Dec 01 08:00:00 GMT+00:00 2014 SELL ENV x190 for $9414.5 CASH-BAL=52144.236
Tue Dec 02 08:00:00 GMT+00:00 2014 BUY: 119 shares of EPAM cost-basis=48.0 for $5955.95 CASH-BAL=46181.286
Wed Dec 10 08:00:00 GMT+00:00 2014Market-CautiousUp-Sell -3%: (-3.46%)133 shares of MSG for -3.46
Wed Dec 10 08:00:00 GMT+00:00 2014 SELL MSG x133 for $9603.93 CASH-BAL=55778.216
Tue Dec 16 08:00:00 GMT+00:00 2014 StopLoss-ScaledSoftStop SELL: ($48.480000000000004)332 @$46.24 shares of EPAM for -3.83
Tue Dec 16 08:00:00 GMT+00:00 2014 SELL EPAM x332 for $15351.68 CASH-BAL=71122.896
Wed Dec 17 08:00:00 GMT+00:00 2014 BUY: 364 shares of FGEN cost-basis=27.4 for $9966.32 CASH-BAL=61149.576
Thu Dec 18 08:00:00 GMT+00:00 2014 BUY: 157 shares of KRFT cost-basis=63.4 for $9950.66 CASH-BAL=51191.916
Wed Dec 24 08:00:00 GMT+00:00 2014 BUY: 243 shares of VA cost-basis=41.0 for $9963.0 CASH-BAL=41221.916
Tue Dec 30 08:00:00 GMT+00:00 2014 BUY: 181 shares of NAVI cost-basis=19.9 for $3979.285 CASH-BAL=37235.631
Mon Jan 05 08:00:00 GMT+00:00 2015Market-Downtrend-Sell 20EMA: (-2.03%)1002 shares of NAVI for 5.99
Mon Jan 05 08:00:00 GMT+00:00 2015 SELL NAVI x1002 for $21142.2 CASH-BAL=58370.831
Wed Jan 07 08:00:00 GMT+00:00 2015Market-Downtrend-Sell -3%: (-3.12%)243 shares of VA for -3.12
Wed Jan 07 08:00:00 GMT+00:00 2015 SELL VA x243 for $9659.25 CASH-BAL=68023.081
Mon Jan 12 08:00:00 GMT+00:00 2015 StopLoss-ScaledSoftStop SELL: ($29.29)551 @$28.85 shares of BIN for -0.51
Mon Jan 12 08:00:00 GMT+00:00 2015 SELL BIN x551 for $15896.35 CASH-BAL=83912.431
Fri Jan 16 08:00:00 GMT+00:00 2015 BUY: 66 shares of AYI cost-basis=151 for $9942.24 CASH-BAL=73963.191
Thu Jan 22 08:00:00 GMT+00:00 2015 BUY: 128 shares of HELE cost-basis=77.5 for $9923.84 CASH-BAL=64032.351
Fri Jan 23 08:00:00 GMT+00:00 2015Market-Uptrend-Sell 20EMA: (-6.57%)364 shares of FGEN for 7.23
Fri Jan 23 08:00:00 GMT+00:00 2015 SELL FGEN x364 for $10694.32 CASH-BAL=74719.671
Fri Jan 23 08:00:00 GMT+00:00 2015 BUY: 113 shares of SBUX cost-basis=88.2 for $9968.86 CASH-BAL=64743.811
Wed Jan 28 08:00:00 GMT+00:00 2015 Selling due to underperformance: KRFT
Wed Jan 28 08:00:00 GMT+00:00 2015 SELL KRFT x157 for $10321.18 CASH-BAL=75057.991
Wed Jan 28 08:00:00 GMT+00:00 2015 BUY: 634 shares of KLIC cost-basis=15.8 for $9985.5 CASH-BAL=65065.491
Fri Jan 30 08:00:00 GMT+00:00 2015Market-Downtrend-Sell -3%: (-3.05%)128 shares of HELE for -3.05
Fri Jan 30 08:00:00 GMT+00:00 2015Market-Downtrend-Sell -3%: (-3.75%)634 shares of KLIC for -3.75
Fri Jan 30 08:00:00 GMT+00:00 2015 SELL HELE x128 for $9628.16 CASH-BAL=74686.651
Fri Jan 30 08:00:00 GMT+00:00 2015 SELL KLIC x634 for $9617.78 CASH-BAL=84297.431
Thu Feb 05 08:00:00 GMT+00:00 2015 BUY: 138 shares of BLL cost-basis=72.0 for $9940.14 CASH-BAL=74350.291
Mon Feb 09 08:00:00 GMT+00:00 2015 BUY: 167 shares of HAS cost-basis=59.7 for $9963.22 CASH-BAL=64380.071
Tue Feb 10 08:00:00 GMT+00:00 2015 BUY: 220 shares of SEE cost-basis=45.3 for $9959.4 CASH-BAL=54413.671
Tue Feb 24 08:00:00 GMT+00:00 2015 BUY: 37 shares of AYI cost-basis=155 for $5972.17 CASH-BAL=48434.501
Mon Mar 02 08:00:00 GMT+00:00 2015 BUY: 63 shares of SBUX cost-basis=90.4 for $5936.175 CASH-BAL=42491.326
Wed Mar 04 08:00:00 GMT+00:00 2015 Selling due to underperformance: BLL
Wed Mar 04 08:00:00 GMT+00:00 2015 SELL BLL x138 for $9839.4 CASH-BAL=52323.726
Wed Mar 04 08:00:00 GMT+00:00 2015 BUY: 152 shares of BMY cost-basis=65.7 for $9981.84 CASH-BAL=42334.886
Wed Mar 18 08:00:00 GMT+00:00 2015 Selling due to underperformance: HAS
Wed Mar 18 08:00:00 GMT+00:00 2015 SELL HAS x167 for $10258.81 CASH-BAL=52586.696
Wed Mar 18 08:00:00 GMT+00:00 2015 BUY: 145 shares of AMBA cost-basis=68.5 for $9929.6 CASH-BAL=42650.096
Wed Mar 25 08:00:00 GMT+00:00 2015 Selling due to underperformance: BMY
Wed Mar 25 08:00:00 GMT+00:00 2015 SELL BMY x152 for $9834.4 CASH-BAL=52477.496
Wed Mar 25 08:00:00 GMT+00:00 2015 BUY: 70 shares of EW cost-basis=142 for $9957.5 CASH-BAL=42512.996
Thu Mar 26 08:00:00 GMT+00:00 2015 Selling due to underperformance: SEE
Thu Mar 26 08:00:00 GMT+00:00 2015 SELL SEE x220 for $9911.0 CASH-BAL=52416.996
Thu Mar 26 08:00:00 GMT+00:00 2015 BUY: 562 shares of SFS cost-basis=17.8 for $9986.74 CASH-BAL=42423.256
Thu Mar 26 08:00:00 GMT+00:00 2015 Selling due to underperformance: SBUX
Thu Mar 26 08:00:00 GMT+00:00 2015 SELL SBUX x176 for $16734.08 CASH-BAL=59150.336
Thu Mar 26 08:00:00 GMT+00:00 2015 BUY: 74 shares of SIG cost-basis=135 for $9990.0 CASH-BAL=49153.336
Wed Apr 08 08:00:00 GMT+00:00 2015 BUY: 23 shares of AYI cost-basis=157 for $3886.08 CASH-BAL=45260.256
Fri Apr 10 08:00:00 GMT+00:00 2015 Selling due to underperformance: EW
Fri Apr 10 08:00:00 GMT+00:00 2015 SELL EW x70 for $9917.6 CASH-BAL=55170.856
Fri Apr 10 08:00:00 GMT+00:00 2015 BUY: 350 shares of GE cost-basis=28.5 for $9978.5 CASH-BAL=45185.356
Mon Apr 20 08:00:00 GMT+00:00 2015 BUY: 80 shares of AMBA cost-basis=70.6 for $5964.8 CASH-BAL=39213.556
Tue Apr 21 08:00:00 GMT+00:00 2015 StopLoss-SoftStop SELL: (-6.7%)350 shares of GE for -6.7
Tue Apr 21 08:00:00 GMT+00:00 2015 SELL GE x350 for $9317.0 CASH-BAL=48523.556
Mon Apr 27 08:00:00 GMT+00:00 2015 StopLoss-ScaledSoftStop SELL: ($71.306)225 @$70.63 shares of AMBA for -0.105
Mon Apr 27 08:00:00 GMT+00:00 2015 SELL AMBA x225 for $15891.75 CASH-BAL=64408.306
Mon Apr 27 08:00:00 GMT+00:00 2015Market-Uptrend-Sell 20EMA: (-2.06%)562 shares of SFS for -0.408
Mon Apr 27 08:00:00 GMT+00:00 2015 SELL SFS x562 for $9953.02 CASH-BAL=74354.326
Tue Apr 28 08:00:00 GMT+00:00 2015 BUY: 359 shares of HQY cost-basis=27.8 for $9965.84 CASH-BAL=64381.486
Wed Apr 29 08:00:00 GMT+00:00 2015 BUY: 204 shares of XPO cost-basis=48.8 for $9961.32 CASH-BAL=54413.166
Thu Apr 30 08:00:00 GMT+00:00 2015 StopLoss-SoftStop SELL: (-5.65%)359 shares of HQY for -5.65
Thu Apr 30 08:00:00 GMT+00:00 2015 SELL HQY x359 for $9409.39 CASH-BAL=63815.556
Thu Apr 30 08:00:00 GMT+00:00 2015 BUY: 417 shares of AVG cost-basis=23.9 for $9974.64 CASH-BAL=53833.916
Fri May 01 08:00:00 GMT+00:00 2015 BUY: 184 shares of BFAM cost-basis=54.1 for $9945.2 CASH-BAL=43881.716
Tue May 05 08:00:00 GMT+00:00 2015 Selling due to underperformance: SIG
Tue May 05 08:00:00 GMT+00:00 2015 SELL SIG x74 for $10040.32 CASH-BAL=53915.036
Tue May 05 08:00:00 GMT+00:00 2015 BUY: 258 shares of CLGX cost-basis=38.7 for $9984.6 CASH-BAL=43923.436
Fri May 08 08:00:00 GMT+00:00 2015 Selling due to underperformance: AYI
Fri May 08 08:00:00 GMT+00:00 2015 SELL AYI x126 for $21956.76 CASH-BAL=65873.196
Fri May 08 08:00:00 GMT+00:00 2015 BUY: 185 shares of IMPV cost-basis=54.0 for $9986.3 CASH-BAL=55879.896
Tue May 12 08:00:00 GMT+00:00 2015 Selling due to underperformance: BFAM
Tue May 12 08:00:00 GMT+00:00 2015 SELL BFAM x184 for $9722.56 CASH-BAL=65595.456
Tue May 12 08:00:00 GMT+00:00 2015 BUY: 296 shares of IPAR cost-basis=33.7 for $9960.4 CASH-BAL=55628.056
Fri May 15 08:00:00 GMT+00:00 2015 StopLoss-SoftStop SELL: (-5.18%)296 shares of IPAR for -5.18
Fri May 15 08:00:00 GMT+00:00 2015 SELL IPAR x296 for $9451.28 CASH-BAL=65072.336
Wed May 20 08:00:00 GMT+00:00 2015 BUY: 220 shares of TTPH cost-basis=45.3 for $9972.6 CASH-BAL=55092.736
Wed May 20 08:00:00 GMT+00:00 2015 Selling due to underperformance: XPO
Wed May 20 08:00:00 GMT+00:00 2015 SELL XPO x204 for $10085.76 CASH-BAL=65171.496
Wed May 20 08:00:00 GMT+00:00 2015 BUY: 60 shares of TWC cost-basis=167 for $9993.0 CASH-BAL=55171.496
Fri May 22 08:00:00 GMT+00:00 2015 StopLoss-SoftStop SELL: (-5.34%)220 shares of TTPH for -5.34
Fri May 22 08:00:00 GMT+00:00 2015 SELL TTPH x220 for $9446.8 CASH-BAL=64611.296
Tue May 26 08:00:00 GMT+00:00 2015 Got Acquired/Merged: 60 shares of TWC for 10.2
Tue May 26 08:00:00 GMT+00:00 2015 SELL TWC x60 for $11016.0 CASH-BAL=75620.296
Wed May 27 08:00:00 GMT+00:00 2015 BUY: 315 shares of AMED cost-basis=31.7 for $9976.05 CASH-BAL=65637.246
Fri May 29 08:00:00 GMT+00:00 2015 BUY: 132 shares of DGX cost-basis=75.2 for $9930.36 CASH-BAL=55699.886
Fri Jun 05 08:00:00 GMT+00:00 2015 Selling due to underperformance: CLGX
Fri Jun 05 08:00:00 GMT+00:00 2015 SELL CLGX x258 for $10038.78 CASH-BAL=65731.666
Fri Jun 05 08:00:00 GMT+00:00 2015 BUY: 146 shares of JUNO cost-basis=68.4 for $9980.56 CASH-BAL=55744.106
Tue Jun 09 08:00:00 GMT+00:00 2015 StopLoss-HardStop SELL: (-9.17%)146 shares of JUNO for -9.17
Tue Jun 09 08:00:00 GMT+00:00 2015 SELL JUNO x146 for $9072.44 CASH-BAL=64809.546
Tue Jun 09 08:00:00 GMT+00:00 2015 BUY: 192 shares of CMN cost-basis=52.0 for $9984.0 CASH-BAL=54818.546
Wed Jun 17 08:00:00 GMT+00:00 2015 Selling due to underperformance: DGX
Wed Jun 17 08:00:00 GMT+00:00 2015 SELL DGX x132 for $9613.56 CASH-BAL=64425.106
Wed Jun 17 08:00:00 GMT+00:00 2015 BUY: 193 shares of RDUS cost-basis=51.7 for $9983.89 CASH-BAL=54434.216
Thu Jun 25 08:00:00 GMT+00:00 2015 BUY: 149 shares of AMED cost-basis=34.3 for $5954.04 CASH-BAL=48473.176
Wed Jul 01 08:00:00 GMT+00:00 2015 BUY: 218 shares of AVG cost-basis=25.1 for $5979.74 CASH-BAL=42486.436

---- Final Portfolio Holdings as of Fri Jul 03 03:58:26 GMT+00:00 2015 ----
null 635 of AVG with cost basis of 25.1 and pct-chg: 9.64% with % of portfolio weight=15.3%
null 185 of IMPV with cost basis of 54.0 and pct-chg: 24.0% with % of portfolio weight=10.8%
null 464 of AMED with cost basis of 34.3 and pct-chg: 18.9% with % of portfolio weight=16.5%
null 192 of CMN with cost basis of 52.0 and pct-chg: 3.03% with % of portfolio weight=8.97%
null 193 of RDUS with cost basis of 51.7 and pct-chg: 31.2% with % of portfolio weight=11.4%

Total Invested Amount = 72215.6 with % of portfolio weight=63.0%
Cash Bal = 42486.436 with % of portfolio weight=37.0%
Net Value = 114702.036

---- Run stats ----
Start-Date: Wed Jan 01 08:00:00 GMT+00:00 2014
End-Date: Fri Jul 03 03:58:26 GMT+00:00 2015
Total Trading days: 548
Net Gain/Loss = 14702.036
Pct Chg = 14.7%
