Fri Jan 02 08:00:00 GMT+00:00 2015 : Watchlists added : 
Fri Jan 02 08:00:00 GMT+00:00 2015: Bases processed : IBDD-D,NQS-D,TLO-D,VMO-D,XMPT-D,PGF-D,MVF-D,MUE-D,HOFT-D,GFI-D,BCC-D,ARKK-D,VRTV-D,TPHS-D,RLGT-D,NLNK-D,LTPZ-D,EGRX-D,COWN-D,ASYS-D,ASMI-D,
Fri Jan 02 08:00:00 GMT+00:00 2015: signals : 
Fri Jan 02 08:00:00 GMT+00:00 2015: Signals ordered by strength : 
Mon Jan 05 08:00:00 GMT+00:00 2015 : Watchlists added : 
Mon Jan 05 08:00:00 GMT+00:00 2015: Bases processed : BNY-D,CJNK-D,FMB-D,NBD-D,NID-D,NXQ-D,PYN-D,VBLT-D,SCKT-D,PBPB-D,NEA-D,JOBS-D,GBAB-D,EDV-D,ATHX-D,ARGS-D,VGLT-D,GSH-D,DGICA-D,CRME-D,PULB-D,MIFI-D,FRS-D,
Mon Jan 05 08:00:00 GMT+00:00 2015: signals : 
Mon Jan 05 08:00:00 GMT+00:00 2015: Signals ordered by strength : 
Tue Jan 06 08:00:00 GMT+00:00 2015 : Watchlists added : 
Tue Jan 06 08:00:00 GMT+00:00 2015: Bases processed : BAF-D,BFZ-D,BLV-D,BSE-D,EXR-D,IGU-D,MIY-D,MOC-D,MSCI-D,MUC-D,MVT-D,MYI-D,MYM-D,NQI-D,NXZ-D,SCHZ-D,TYD-D,VKI-D,VKQ-D,VBND-D,TLH-D,SYTL-D,PZT-D,PPSI-D,NYV-D,NERV-D,ILTB-D,HYMB-D,GOVT-D,GBLI-D,EVOK-D,EIM-D,EDUC-D,DEI-D,CNXR-D,CHN-D,BTT-D,BAB-D,ACH-D,SRC-D,ORFR-D,LPT-D,
Tue Jan 06 08:00:00 GMT+00:00 2015: signals : 
Tue Jan 06 08:00:00 GMT+00:00 2015: Signals ordered by strength : 
Wed Jan 07 08:00:00 GMT+00:00 2015 : Watchlists added : 
Wed Jan 07 08:00:00 GMT+00:00 2015: Bases processed : ARNA-D,CF-D,CLVS-D,EIA-D,ENX-D,HALO-D,MCHI-D,MEN-D,MFT-D,NMO-D,NPP-D,NUV-D,NVSL-D,PMF-D,PMX-D,PZA-D,STAG-D,VFL-D,MUI-D,CXH-D,BTA-D,BLCM-D,TAYD-D,AMPH-D,WMT-D,MNR-D,IDT-D,CRL-D,BRX-D,
Wed Jan 07 08:00:00 GMT+00:00 2015: signals : 
Wed Jan 07 08:00:00 GMT+00:00 2015: Signals ordered by strength : 
Thu Jan 08 08:00:00 GMT+00:00 2015 : Watchlists added : 
Thu Jan 08 08:00:00 GMT+00:00 2015: Bases processed : BAM-D,HPS-D,IMH-D,ITB-D,MANT-D,NMA-D,NQP-D,NRK-D,PFNX-D,TAP-D,TMO-D,WAT-D,TSRO-D,TRNO-D,TREE-D,MSBF-D,MRVL-D,MCRI-D,LABL-D,IDI-D,HPF-D,GXC-D,FXI-D,FSL-D,EPR-D,DHI-D,CMG-D,BSX-D,BKS-D,WK-D,UMC-D,PCH-D,ZBRA-D,WMAR-D,QTS-D,NLS-D,XPLR-D,ANTM-D,PENN-D,ILMN-D,
Thu Jan 08 08:00:00 GMT+00:00 2015: signals : 
Thu Jan 08 08:00:00 GMT+00:00 2015: Signals ordered by strength : 
Fri Jan 09 08:00:00 GMT+00:00 2015 : Watchlists added : 
Fri Jan 09 08:00:00 GMT+00:00 2015: Bases processed : JGBT-D,KTF-D,MYJ-D,NAN-D,NBO-D,STLY-D,SSFN-D,SMSI-D,PRTO-D,JRVR-D,HELE-D,DHT-D,CENTA-D,AYI-D,ARKR-D,ALR-D,TAST-D,PTLA-D,PSG-D,NXPI-D,CMT-D,CPB-D,
Fri Jan 09 08:00:00 GMT+00:00 2015: signals : AYI,
Fri Jan 09 08:00:00 GMT+00:00 2015: Signals ordered by strength : AYI(110.0), 
Mon Jan 12 08:00:00 GMT+00:00 2015 : Watchlists added : 
Mon Jan 12 08:00:00 GMT+00:00 2015: Bases processed : CCA-D,CPT-D,ENGN-D,VLRS-D,VASC-D,TSRI-D,OFC-D,NMS-D,MLN-D,MCUR-D,IGR-D,FMI-D,CZWI-D,WMS-D,HOLX-D,UNIS-D,CLUB-D,AGN-D,BPY-D,
Mon Jan 12 08:00:00 GMT+00:00 2015: signals : 
Mon Jan 12 08:00:00 GMT+00:00 2015: Signals ordered by strength : 
Tue Jan 13 08:00:00 GMT+00:00 2015 : Watchlists added : 
Tue Jan 13 08:00:00 GMT+00:00 2015: Bases processed : BABS-D,DPS-D,FCEA-D,FCEB-D,IBDH-D,LAG-D,MLNX-D,NVS-D,PMM-D,QUNR-D,SIRI-D,PERY-D,OCIR-D,NORD-D,NAP-D,LEN-D,IRWD-D,IDXX-D,HSII-D,GFF-D,ELNK-D,CRY-D,CNXT-D,CA-D,BZH-D,VSEC-D,UNB-D,TUES-D,MNRO-D,LENB-D,IRET-D,INTG-D,INCO-D,FRSH-D,CNS-D,BDN-D,JCE-D,IFN-D,
Tue Jan 13 08:00:00 GMT+00:00 2015: signals : 
Tue Jan 13 08:00:00 GMT+00:00 2015: Signals ordered by strength : 
Wed Jan 14 08:00:00 GMT+00:00 2015 : Watchlists added : 
Wed Jan 14 08:00:00 GMT+00:00 2015: Bases processed : BIE-D,BSCL-D,EPHE-D,IEF-D,NMZ-D,NYF-D,VGIT-D,VCLT-D,UST-D,TENZ-D,RUTH-D,OWW-D,NVCN-D,ITCI-D,HYD-D,GBF-D,EEI-D,DLR-D,CLGX-D,BSCN-D,BOM-D,BBRY-D,AMPS-D,
Wed Jan 14 08:00:00 GMT+00:00 2015: signals : 
Wed Jan 14 08:00:00 GMT+00:00 2015: Signals ordered by strength : 
Thu Jan 15 08:00:00 GMT+00:00 2015 : Watchlists added : 
Thu Jan 15 08:00:00 GMT+00:00 2015: Bases processed : CRED-D,CXA-D,IEI-D,MGF-D,MNP-D,MUB-D,MYN-D,NXJ-D,NXN-D,NZF-D,PML-D,SCHR-D,NIQ-D,MNE-D,ITM-D,INP-D,IBMI-D,BOS-D,WDTI-D,RAI-D,NTES-D,HDB-D,EGP-D,
Thu Jan 15 08:00:00 GMT+00:00 2015: signals : HDB,
Thu Jan 15 08:00:00 GMT+00:00 2015: Signals ordered by strength : HDB(80.0), 
Fri Jan 16 08:00:00 GMT+00:00 2015 : Watchlists added : 
Fri Jan 16 08:00:00 GMT+00:00 2015: Bases processed : LFUS-D,SUBD-D,WNS-D,RAVE-D,IPHS-D,GGAC-D,FXF-D,BEP-D,AUMA-D,WSR-D,INDY-D,GPN-D,GGAL-D,WRI-D,VLGEA-D,NCB-D,EPI-D,COKE-D,
Fri Jan 16 08:00:00 GMT+00:00 2015: signals : 
Fri Jan 16 08:00:00 GMT+00:00 2015: Signals ordered by strength : 
Tue Jan 20 08:00:00 GMT+00:00 2015 : Watchlists added : 
Tue Jan 20 08:00:00 GMT+00:00 2015: Bases processed : ACWV-D,BUD-D,DWAT-D,ICUI-D,PDT-D,TM-D,TEP-D,PPH-D,MCI-D,LWC-D,INFY-D,INDA-D,IBCE-D,EIO-D,CLDX-D,GEO-D,
Tue Jan 20 08:00:00 GMT+00:00 2015: signals : 
Tue Jan 20 08:00:00 GMT+00:00 2015: Signals ordered by strength : 
Wed Jan 21 08:00:00 GMT+00:00 2015 : Watchlists added : 
Wed Jan 21 08:00:00 GMT+00:00 2015: Bases processed : ASR-D,PIN-D,SJM-D,TFI-D,TKC-D,TSEM-D,WX-D,UNFI-D,PSO-D,NSP-D,MRCY-D,KEYS-D,INDL-D,CNY-D,BRLI-D,ABCD-D,WEN-D,UTX-D,IIF-D,CRUS-D,SBGL-D,CHL-D,
Wed Jan 21 08:00:00 GMT+00:00 2015: signals : 
Wed Jan 21 08:00:00 GMT+00:00 2015: Signals ordered by strength : 
Thu Jan 22 08:00:00 GMT+00:00 2015 : Watchlists added : HELE,
Thu Jan 22 08:00:00 GMT+00:00 2015: Bases processed : ADP-D,CCI-D,CEV-D,CNK-D,FBND-D,HLT-D,PBH-D,RLGY-D,RNP-D,SABR-D,TSM-D,TTM-D,TUR-D,TXT-D,VDC-D,VMC-D,RMAX-D,NRF-D,KO-D,IVOG-D,ISLE-D,IMAX-D,HURC-D,HLS-D,HL-D,HEWG-D,FTLB-D,FCHI-D,FCA-D,EMCG-D,DWAQ-D,CLNY-D,CCF-D,BLKB-D,BAESY-D,AHP-D,AGU-D,WETF-D,STON-D,ARRY-D,
Thu Jan 22 08:00:00 GMT+00:00 2015: signals : 
Thu Jan 22 08:00:00 GMT+00:00 2015: Signals ordered by strength : HELE(115.0), 
Fri Jan 23 08:00:00 GMT+00:00 2015 : Watchlists added : 
Fri Jan 23 08:00:00 GMT+00:00 2015: Bases processed : JPS-D,LVLT-D,PAYX-D,PDP-D,PJP-D,PUK-D,VIPS-D,WBII-D,ULTA-D,SNE-D,SBUX-D,RMCF-D,HPTO-D,HEDJ-D,FHK-D,ERH-D,DXGE-D,CSWC-D,UNP-D,TSO-D,GD-D,SPAR-D,BX-D,
Fri Jan 23 08:00:00 GMT+00:00 2015: signals : SBUX,
Fri Jan 23 08:00:00 GMT+00:00 2015: Signals ordered by strength : SBUX(160.0), 
Mon Jan 26 08:00:00 GMT+00:00 2015 : Watchlists added : 
Mon Jan 26 08:00:00 GMT+00:00 2015: Bases processed : RELX-D,
Mon Jan 26 08:00:00 GMT+00:00 2015: signals : 
Mon Jan 26 08:00:00 GMT+00:00 2015: Signals ordered by strength : 
Tue Jan 27 08:00:00 GMT+00:00 2015 : Watchlists added : 
Tue Jan 27 08:00:00 GMT+00:00 2015: Bases processed : AFB-D,CARB-D,DL-D,INCY-D,JTP-D,LQD-D,NQU-D,VHT-D,VGR-D,TCEHY-D,SMG-D,SHYD-D,PSXP-D,PLBC-D,PDM-D,OIA-D,NYLDA-D,JWB-D,JWA-D,IXJ-D,INFA-D,HURN-D,GTS-D,GMOM-D,ESP-D,CSTE-D,COSI-D,CLY-D,ANAC-D,WTT-D,SRI-D,PSB-D,HDRA-D,
Tue Jan 27 08:00:00 GMT+00:00 2015: signals : 
Tue Jan 27 08:00:00 GMT+00:00 2015: Signals ordered by strength : 
Wed Jan 28 08:00:00 GMT+00:00 2015 : Watchlists added : 
Wed Jan 28 08:00:00 GMT+00:00 2015: Bases processed : AGG-D,BND-D,DTYL-D,ENDP-D,EVO-D,FDIV-D,FLC-D,HBI-D,KCG-D,LPL-D,MATX-D,MMU-D,NKG-D,NNC-D,NPV-D,NVG-D,ORAN-D,PAYC-D,PBM-D,PEBK-D,SKX-D,SPR-D,WOOD-D,SIMO-D,OC-D,NJ-D,KSM-D,KLIC-D,GIB-D,FWP-D,DOX-D,CGI-D,CDXS-D,BFR-D,ASX-D,ALDX-D,YARIY-D,TTC-D,KONA-D,AWRE-D,SOCB-D,FRFHF-D,COMM-D,
Wed Jan 28 08:00:00 GMT+00:00 2015: signals : KLIC,
Wed Jan 28 08:00:00 GMT+00:00 2015: Signals ordered by strength : KLIC(50.0), 
Thu Jan 29 08:00:00 GMT+00:00 2015 : Watchlists added : 
Thu Jan 29 08:00:00 GMT+00:00 2015: Bases processed : BUNL-D,CXE-D,HAE-D,ISIL-D,ISTB-D,MKTO-D,NIM-D,NMY-D,VAR-D,TTDKY-D,TRR-D,LRLCY-D,JHP-D,HAR-D,GHC-D,FUTS-D,ELUXY-D,EBSB-D,CCMP-D,BA-D,AZUR-D,
Thu Jan 29 08:00:00 GMT+00:00 2015: signals : VAR,BA,
Thu Jan 29 08:00:00 GMT+00:00 2015: Signals ordered by strength : VAR(125.0), BA(85.0), 
Fri Jan 30 08:00:00 GMT+00:00 2015 : Watchlists added : BA,
Fri Jan 30 08:00:00 GMT+00:00 2015: Bases processed : AAPL-D,AKP-D,BOND-D,BSCJ-D,BSCM-D,GVI-D,ICB-D,IPE-D,ITR-D,LEO-D,PNF-D,RENX-D,SLQD-D,UA-D,ZAIS-D,TROV-D,SRDX-D,RGC-D,MZF-D,MX-D,MPC-D,MCHP-D,JYNT-D,HLIT-D,ENFC-D,DFP-D,CPRX-D,CEA-D,AGTC-D,VPV-D,BDL-D,AINC-D,
Fri Jan 30 08:00:00 GMT+00:00 2015: signals : 
Fri Jan 30 08:00:00 GMT+00:00 2015: Signals ordered by strength : BA(85.0), 
Mon Feb 02 08:00:00 GMT+00:00 2015 : Watchlists added : NSP,
Mon Feb 02 08:00:00 GMT+00:00 2015: Bases processed : BHK-D,DSM-D,EIV-D,FFC-D,FRPH-D,NUO-D,PCK-D,RGCO-D,SBI-D,TIPZ-D,USDU-D,FLWS-D,CACC-D,ZGNX-D,CUBI-D,GYEN-D,
Mon Feb 02 08:00:00 GMT+00:00 2015: signals : 
Mon Feb 02 08:00:00 GMT+00:00 2015: Signals ordered by strength : NSP(115.0), 
Tue Feb 03 08:00:00 GMT+00:00 2015 : Watchlists added : 
Tue Feb 03 08:00:00 GMT+00:00 2015: Bases processed : ALQA-D,COST-D,FCAU-D,JPIN-D,LDRI-D,MHFI-D,MSCC-D,NMT-D,PAI-D,PRE-D,TIME-D,VRSK-D,UHAL-D,SEIC-D,NFRA-D,MWA-D,MENT-D,LPSB-D,KW-D,KSS-D,INT-D,IFEU-D,HRTG-D,HEI-D,HEFA-D,FPT-D,FNGN-D,DSPG-D,DAN-D,CSGP-D,BRC-D,AMWD-D,WTBA-D,LMOS-D,LLNW-D,FTR-D,DTEGY-D,ANCB-D,DST-D,
Tue Feb 03 08:00:00 GMT+00:00 2015: signals : PRE,
Tue Feb 03 08:00:00 GMT+00:00 2015: Signals ordered by strength : PRE(45.0), 
Wed Feb 04 08:00:00 GMT+00:00 2015 : Watchlists added : PRE,
Wed Feb 04 08:00:00 GMT+00:00 2015: Bases processed : CMU-D,DTV-D,GIVE-D,JKE-D,JPGE-D,MSG-D,QTWN-D,RXI-D,SLGN-D,TLKGY-D,TREX-D,TNAV-D,RE-D,OMCL-D,MIC-D,MHLD-D,MFSF-D,MCY-D,LPX-D,LM-D,IPGP-D,ICL-D,HRB-D,ETFC-D,EGL-D,CCOI-D,ASHS-D,AHL-D,ULTI-D,LWAY-D,FBR-D,TARO-D,
Wed Feb 04 08:00:00 GMT+00:00 2015: signals : 
Wed Feb 04 08:00:00 GMT+00:00 2015: Signals ordered by strength : PRE(85.0), 
Thu Feb 05 08:00:00 GMT+00:00 2015 : Watchlists added : PRE,
Thu Feb 05 08:00:00 GMT+00:00 2015: Bases processed : AKRX-D,APD-D,BCE-D,BRCM-D,CDI-D,DASTY-D,DATA-D,DLPH-D,EL-D,EWRM-D,EXPO-D,JKH-D,JMM-D,JOUT-D,MKL-D,NNI-D,PCRX-D,PPA-D,QLYS-D,RTM-D,RVP-D,SLAB-D,SNA-D,V-D,VBK-D,TYL-D,SMRT-D,SIGI-D,SBH-D,RWT-D,ROP-D,PAG-D,ORLY-D,NICE-D,MSON-D,MOFG-D,LDRH-D,KKR-D,KFRC-D,KBWP-D,FSS-D,FONE-D,FAD-D,DKL-D,DD-D,CHTR-D,CEB-D,BOOT-D,AWH-D,AMSF-D,ADT-D,ABR-D,VXF-D,QUMU-D,BLL-D,
Thu Feb 05 08:00:00 GMT+00:00 2015: signals : EL,CHTR,BLL,
Thu Feb 05 08:00:00 GMT+00:00 2015: Signals ordered by strength : PRE(85.0), EL(70.0), BLL(55.0), CHTR(25.0), 
Fri Feb 06 08:00:00 GMT+00:00 2015 : Watchlists added : BLL,EL,
Fri Feb 06 08:00:00 GMT+00:00 2015: Bases processed : ALFA-D,CPRT-D,EWRI-D,FBGX-D,FCOM-D,HRS-D,ITW-D,IWR-D,JKG-D,PVTB-D,QDEF-D,VOE-D,WBS-D,WAL-D,VUG-D,VTWG-D,VRSN-D,VR-D,VO-D,TGNA-D,SXT-D,RZG-D,RPG-D,RFP-D,PFS-D,MSTR-D,MGK-D,MDLL-D,LNKD-D,JKK-D,IWF-D,HNI-D,FTA-D,FRME-D,FRC-D,FII-D,ESND-D,ENV-D,DIVC-D,CSC-D,CME-D,CBM-D,CATY-D,BOH-D,BKMU-D,BCOV-D,ATLC-D,AOR-D,AMTD-D,ALOG-D,AFH-D,WSFS-D,SNV-D,PTF-D,IWO-D,ICE-D,AJRD-D,FHN-D,
Fri Feb 06 08:00:00 GMT+00:00 2015: signals : 
Fri Feb 06 08:00:00 GMT+00:00 2015: Signals ordered by strength : EL(100.0), BLL(95.0), 
Mon Feb 09 08:00:00 GMT+00:00 2015 : Watchlists added : ORLY,
Mon Feb 09 08:00:00 GMT+00:00 2015: Bases processed : HPI-D,RTEC-D,ORA-D,MSI-D,IRIX-D,HAS-D,ANIP-D,AHS-D,
Mon Feb 09 08:00:00 GMT+00:00 2015: signals : HAS,
Mon Feb 09 08:00:00 GMT+00:00 2015: Signals ordered by strength : ORLY(115.0), HAS(45.0), 
Tue Feb 10 08:00:00 GMT+00:00 2015 : Watchlists added : HAS,
Tue Feb 10 08:00:00 GMT+00:00 2015: Bases processed : APH-D,BLK-D,FVL-D,MOH-D,TTFS-D,VTTI-D,URBN-D,TW-D,SIAL-D,RAX-D,PSI-D,PINC-D,NHF-D,MODN-D,FWV-D,FRGI-D,AON-D,SEE-D,MLM-D,HIHO-D,
Tue Feb 10 08:00:00 GMT+00:00 2015: signals : MOH,SEE,MLM,
Tue Feb 10 08:00:00 GMT+00:00 2015: Signals ordered by strength : MOH(135.0), SEE(90.0), MLM(85.0), HAS(60.0), 
Wed Feb 11 08:00:00 GMT+00:00 2015 : Watchlists added : SEE,MLM,HAS,
Wed Feb 11 08:00:00 GMT+00:00 2015: Bases processed : AIR-D,ARKK-D,CTLT-D,DNB-D,IWY-D,MCRL-D,MOS-D,PEP-D,PKW-D,SBFG-D,SCI-D,VOT-D,WBA-D,WBIH-D,WSH-D,XPH-D,ZTS-D,VOYA-D,TXN-D,SGU-D,SEMI-D,RAD-D,PSJ-D,PLCM-D,PII-D,NTRS-D,MON-D,MIDD-D,IP-D,INXN-D,ICBK-D,GCV-D,FIBG-D,EGBN-D,CAP-D,BLBD-D,ASMB-D,ARW-D,APOG-D,WU-D,TMH-D,PNRA-D,FTC-D,BZQ-D,BT-D,
Wed Feb 11 08:00:00 GMT+00:00 2015: signals : SCI,WSH,
Wed Feb 11 08:00:00 GMT+00:00 2015: Signals ordered by strength : MLM(115.0), SCI(105.0), SEE(90.0), WSH(75.0), HAS(70.0), 
Thu Feb 12 08:00:00 GMT+00:00 2015 : Watchlists added : MLM,HAS,
Thu Feb 12 08:00:00 GMT+00:00 2015: Bases processed : ADX-D,BMS-D,CFA-D,DGRW-D,EPAM-D,EUSA-D,FLGE-D,FTEC-D,HUBS-D,INTL-D,IVW-D,IWB-D,IWV-D,LXFT-D,MDCA-D,NDAQ-D,ONEK-D,PXMV-D,QDYN-D,RSP-D,RWK-D,RWL-D,SAIC-D,SCHB-D,SCHX-D,SFLA-D,SIZE-D,SPYG-D,TACO-D,THRK-D,TY-D,VONE-D,VONG-D,VOO-D,VOOG-D,VUSE-D,XLB-D,XRT-D,XSW-D,VTI-D,VB-D,STNR-D,STMP-D,STC-D,SSD-D,SNPS-D,SCOR-D,SCHA-D,SATS-D,RFG-D,RDVY-D,RCD-D,QUAL-D,QQXT-D,QQEW-D,QEH-D,PXMG-D,PSCT-D,PBS-D,OTEX-D,ONEQ-D,NXST-D,NVDA-D,NTWK-D,MRTN-D,MERC-D,MATL-D,MASI-D,LVMUY-D,LMCK-D,IVOV-D,IUSG-D,IJJ-D,IELG-D,ICLR-D,GIII-D,FXL-D,FXD-D,FPX-D,FNDA-D,FMK-D,FDN-D,FBG-D,EXPE-D,EQWS-D,EQLT-D,DXYN-D,DBGR-D,CYBR-D,CYAN-D,CRBN-D,CPI-D,CIGI-D,BFOR-D,AVT-D,AMP-D,AKAM-D,AFG-D,VV-D,IPG-D,GM-D,EZY-D,EZM-D,CZA-D,CYRN-D,BMA-D,
Thu Feb 12 08:00:00 GMT+00:00 2015: signals : NVDA,AKAM,
Thu Feb 12 08:00:00 GMT+00:00 2015: Signals ordered by strength : MLM(120.0), NVDA(120.0), AKAM(115.0), HAS(70.0), 
Fri Feb 13 08:00:00 GMT+00:00 2015 : Watchlists added : EPAM,NVDA,
Fri Feb 13 08:00:00 GMT+00:00 2015: Bases processed : BSCO-D,CAPE-D,CIVB-D,CSM-D,DBEU-D,EIGI-D,EQL-D,EQWM-D,EXT-D,FAB-D,FTCS-D,HASI-D,HBMD-D,HDG-D,HRL-D,IESM-D,IGM-D,IIN-D,INGN-D,IWL-D,IXN-D,IYJ-D,JCOM-D,JKI-D,KAR-D,LOWC-D,MGC-D,MTK-D,NEWR-D,OMAM-D,PAM-D,QDF-D,QLD-D,QQQ-D,RFV-D,ROM-D,RTI-D,RYT-D,SBAC-D,SPHB-D,SPUU-D,SPXL-D,SSO-D,TDIV-D,TECL-D,TQQQ-D,UPRO-D,UXI-D,VGT-D,WAB-D,WBC-D,WTFC-D,WWAV-D,XLK-D,XPO-D,WWE-D,VRML-D,VLUE-D,VBR-D,SWK-D,SNX-D,RYJ-D,RTIX-D,QTWO-D,PXLG-D,PWC-D,NHYDY-D,MPWR-D,LBTYK-D,LBTYA-D,JKJ-D,IYY-D,IYW-D,IWM-D,IVV-D,ITOT-D,ISSI-D,IPOS-D,IJR-D,IGV-D,HEEM-D,HBAN-D,FNDX-D,FNDB-D,ENTL-D,EMCI-D,DTD-D,DBEF-D,DAVE-D,COLM-D,CMCSK-D,CMCSA-D,CLS-D,CFO-D,CFG-D,BPFH-D,BKD-D,BBP-D,AVG-D,AOA-D,ALTV-D,VTWO-D,VIOO-D,SKYY-D,KING-D,TWOK-D,OA-D,HACK-D,BIG-D,QLIK-D,DAX-D,
Fri Feb 13 08:00:00 GMT+00:00 2015: signals : EIGI,JCOM,
Fri Feb 13 08:00:00 GMT+00:00 2015: Signals ordered by strength : EIGI(210.0), EPAM(200.0), NVDA(125.0), JCOM(95.0), 
Tue Feb 17 08:00:00 GMT+00:00 2015 : Watchlists added : EPAM,JCOM,
Tue Feb 17 08:00:00 GMT+00:00 2015: Bases processed : ATRO-D,BZM-D,CFGE-D,CFNL-D,CVT-D,EPS-D,FMAT-D,INKM-D,MBFI-D,MMTM-D,MNA-D,OEF-D,PRF-D,PRXL-D,PSK-D,RBC-D,RGA-D,RIGL-D,RPV-D,SCS-D,TOFR-D,VDSI-D,VIG-D,WTM-D,XLG-D,WGP-D,WEA-D,VT-D,UWM-D,TUSA-D,SMH-D,SLY-D,SKUL-D,RWC-D,ROG-D,PXQ-D,PRTA-D,PATK-D,PAHC-D,NEWT-D,MGU-D,LNG-D,LCI-D,GV-D,DWAS-D,CBPO-D,BANR-D,B-D,AFL-D,ADI-D,ABT-D,UCBI-D,MPG-D,
Tue Feb 17 08:00:00 GMT+00:00 2015: signals : LCI,
Tue Feb 17 08:00:00 GMT+00:00 2015: Signals ordered by strength : EPAM(195.0), LCI(145.0), JCOM(95.0), 
Wed Feb 18 08:00:00 GMT+00:00 2015 : Watchlists added : EPAM,HAS,LNKD,JCOM,NVDA,
Wed Feb 18 08:00:00 GMT+00:00 2015: Bases processed : CKX-D,DHR-D,DXJ-D,ESMC-D,GAM-D,HIFS-D,IGN-D,IPO-D,MATH-D,MCS-D,NCT-D,TXRH-D,WNC-D,WGBS-D,VEGA-D,SGMO-D,SAA-D,RUBI-D,PMCS-D,MLR-D,KE-D,JBT-D,HEWJ-D,HAIN-D,FJP-D,DE-D,CNI-D,CHE-D,BSQR-D,ATE-D,A-D,VSAT-D,HXL-D,ADBE-D,VEEV-D,
Wed Feb 18 08:00:00 GMT+00:00 2015: signals : CHE,
Wed Feb 18 08:00:00 GMT+00:00 2015: Signals ordered by strength : LNKD(200.0), EPAM(195.0), NVDA(110.0), JCOM(95.0), HAS(80.0), CHE(65.0), 
Thu Feb 19 08:00:00 GMT+00:00 2015 : Watchlists added : EPAM,HAS,CHE,JCOM,NVDA,
Thu Feb 19 08:00:00 GMT+00:00 2015: Bases processed : ATROB-D,AVOL-D,BJRI-D,CNCE-D,DGRS-D,EWJ-D,EWN-D,FCCO-D,FIDU-D,INGIY-D,JEQ-D,JPMV-D,KXI-D,MA-D,NCLH-D,NICK-D,NOBL-D,PCTY-D,QJPN-D,SYNT-D,WBIE-D,WERN-D,WST-D,XLI-D,VLO-D,VHC-D,VAW-D,SLYG-D,R-D,PRFZ-D,PBF-D,MJN-D,LVNTA-D,LDOS-D,IRY-D,FYX-D,FXR-D,FORM-D,FNFV-D,FIF-D,CNA-D,CLFD-D,CHDN-D,AYR-D,AXLL-D,ADSK-D,ADPT-D,XLV-D,WPPGY-D,NSAM-D,EBAY-D,RLD-D,IBLN-D,
Thu Feb 19 08:00:00 GMT+00:00 2015: signals : BJRI,
Thu Feb 19 08:00:00 GMT+00:00 2015: Signals ordered by strength : EPAM(195.0), BJRI(120.0), NVDA(110.0), CHE(100.0), JCOM(100.0), HAS(80.0), 
Fri Feb 20 08:00:00 GMT+00:00 2015 : Watchlists added : HAS,BJRI,CHE,JCOM,
Fri Feb 20 08:00:00 GMT+00:00 2015: Bases processed : BCV-D,CSD-D,DDM-D,DIA-D,DLN-D,DSI-D,EQWL-D,JWN-D,MDYV-D,MMM-D,MOO-D,RGI-D,ROST-D,SPHQ-D,TMO-D,UDOW-D,URTH-D,VIS-D,Y-D,ZSPH-D,WCG-D,VEC-D,THO-D,TFX-D,ST-D,SOXL-D,SAAS-D,QUAD-D,QQQE-D,PCLN-D,ONCE-D,LOGM-D,LL-D,KS-D,IYK-D,INTU-D,GTT-D,FRP-D,EQIX-D,EIG-D,DISH-D,CURE-D,CPHI-D,ARIA-D,WRLD-D,SOXX-D,AMOT-D,CIZ-D,
Fri Feb 20 08:00:00 GMT+00:00 2015: signals : JWN,INTU,
Fri Feb 20 08:00:00 GMT+00:00 2015: Signals ordered by strength : BJRI(125.0), JCOM(100.0), INTU(80.0), CHE(75.0), HAS(50.0), JWN(45.0), 
Mon Feb 23 08:00:00 GMT+00:00 2015 : Watchlists added : JWN,INTU,HAS,BJRI,CHE,JCOM,NVDA,
Mon Feb 23 08:00:00 GMT+00:00 2015: Bases processed : AVY-D,AZO-D,BDX-D,FIA-D,FLTX-D,GAL-D,JBHT-D,JGBL-D,KMG-D,SPLP-D,STWD-D,TECH-D,UGE-D,TERP-D,STS-D,SIXD-D,RGEN-D,PRN-D,PPO-D,NVMI-D,NRZ-D,MDVN-D,IG-D,FUN-D,FIG-D,FDP-D,ESRX-D,ESLT-D,EEFT-D,DPZ-D,DG-D,COWN-D,CMRX-D,AXTA-D,ISDR-D,AAC-D,
Mon Feb 23 08:00:00 GMT+00:00 2015: signals : 
Mon Feb 23 08:00:00 GMT+00:00 2015: Signals ordered by strength : BJRI(120.0), NVDA(110.0), JCOM(95.0), INTU(85.0), HAS(80.0), CHE(75.0), JWN(50.0), 
Tue Feb 24 08:00:00 GMT+00:00 2015 : Watchlists added : JWN,INTU,HAS,CHE,NVDA,
Tue Feb 24 08:00:00 GMT+00:00 2015: Bases processed : DGRO-D,EMAN-D,EOS-D,EVT-D,EXPD-D,IDCC-D,ITF-D,JKL-D,NKY-D,PWV-D,RORO-D,SCHD-D,SYLD-D,TMK-D,VAL-D,VYM-D,VTV-D,UFPI-D,TWC-D,TILT-D,TCON-D,SYE-D,STT-D,SMTC-D,SHLM-D,SF-D,SCHW-D,RWJ-D,RJF-D,QSR-D,PXLV-D,PHM-D,PCLB-D,OZRK-D,OTTR-D,OMN-D,MOGA-D,MGLN-D,LGF-D,LBTYB-D,LBRDA-D,KNOW-D,KBWB-D,JPM-D,JBL-D,IWC-D,ING-D,IAI-D,HDS-D,GIL-D,FDM-D,FCCY-D,ECON-D,DW-D,DSW-D,DK-D,DDS-D,CSII-D,CSF-D,CHT-D,CGEMY-D,CBRL-D,BK-D,ARMH-D,AMG-D,AGO-D,CR-D,ASML-D,ASMI-D,CHGG-D,ANCX-D,
Tue Feb 24 08:00:00 GMT+00:00 2015: signals : CBRL,
Tue Feb 24 08:00:00 GMT+00:00 2015: Signals ordered by strength : CBRL(125.0), NVDA(110.0), INTU(85.0), HAS(80.0), CHE(80.0), JWN(50.0), 
Wed Feb 25 08:00:00 GMT+00:00 2015 : Watchlists added : MLM,JWN,INTU,CBRL,CHE,NVDA,
Wed Feb 25 08:00:00 GMT+00:00 2015: Bases processed : GRUB-D,KLD-D,LQ-D,TJX-D,VFC-D,WFC-D,WCIC-D,VOOV-D,VG-D,USCR-D,TGT-D,SUSQ-D,STRZA-D,SSP-D,SSH-D,SPIL-D,SFBC-D,OSIR-D,ORFR-D,ONFC-D,OMC-D,NEOG-D,NDSN-D,MTX-D,MAG-D,LARK-D,IL-D,HMHC-D,ECL-D,CW-D,CMN-D,CERU-D,CCK-D,CBAN-D,BSFT-D,AOK-D,AGA-D,ZAGG-D,SYG-D,SPNS-D,CVU-D,BNFT-D,ARQL-D,ACN-D,QTNT-D,
Wed Feb 25 08:00:00 GMT+00:00 2015: signals : 
Wed Feb 25 08:00:00 GMT+00:00 2015: Signals ordered by strength : CBRL(125.0), INTU(110.0), NVDA(105.0), MLM(100.0), CHE(80.0), JWN(50.0), 
Thu Feb 26 08:00:00 GMT+00:00 2015 : Watchlists added : JWN,INTU,CHE,NVDA,AKAM,
Thu Feb 26 08:00:00 GMT+00:00 2015: Bases processed : ARI-D,ESE-D,IPK-D,IUSB-D,PNQI-D,STXX-D,XXIA-D,WNR-D,WBB-D,VLRS-D,UVE-D,TGS-D,SPOK-D,SIGM-D,OTEL-D,NEWM-D,NEON-D,NASH-D,MEI-D,LHCG-D,KYO-D,JNP-D,IPS-D,IPCC-D,HAWK-D,GLOB-D,FYT-D,ELGX-D,EEMA-D,DGII-D,CYBX-D,CRM-D,CRI-D,CHCO-D,CBPX-D,BKS-D,BHLB-D,AMED-D,ALN-D,AIA-D,SOIL-D,AB-D,ATOS-D,
Thu Feb 26 08:00:00 GMT+00:00 2015: signals : UVE,BKS,
Thu Feb 26 08:00:00 GMT+00:00 2015: Signals ordered by strength : AKAM(120.0), UVE(115.0), NVDA(110.0), INTU(85.0), CHE(80.0), BKS(65.0), JWN(50.0), 
Fri Feb 27 08:00:00 GMT+00:00 2015 : Watchlists added : JWN,INTU,UVE,BKS,STMP,CHE,JCOM,NVDA,AKAM,
Fri Feb 27 08:00:00 GMT+00:00 2015: Bases processed : ABTL-D,CMK-D,NWYF-D,PFF-D,VRNT-D,TUMI-D,SUNS-D,SPLK-D,SOR-D,NYCB-D,NPTN-D,LAWS-D,KAI-D,IDI-D,GMK-D,GCAP-D,FIX-D,DHG-D,DBAP-D,CSU-D,CN-D,BLOX-D,FLY-D,AVID-D,FCB-D,BIO-D,ARES-D,
Fri Feb 27 08:00:00 GMT+00:00 2015: signals : 
Fri Feb 27 08:00:00 GMT+00:00 2015: Signals ordered by strength : UVE(120.0), STMP(120.0), AKAM(120.0), INTU(110.0), NVDA(105.0), JCOM(95.0), CHE(80.0), BKS(70.0), JWN(50.0), 
Mon Mar 02 08:00:00 GMT+00:00 2015 : Watchlists added : JWN,INTU,BKS,
Mon Mar 02 08:00:00 GMT+00:00 2015: Bases processed : NLNK-D,PSF-D,QTEC-D,SRCL-D,WMC-D,XBKS-D,XL-D,VICR-D,USD-D,UHS-D,TSQ-D,STBZ-D,SMMF-D,PXSV-D,PSCI-D,PLOW-D,PGTI-D,PETX-D,OHRP-D,OFIX-D,NVEE-D,MKSI-D,MACK-D,LEG-D,KOPN-D,GBNK-D,FCS-D,FCH-D,DVAX-D,DAC-D,CPIX-D,CHMT-D,CGNX-D,BPOP-D,AMAT-D,STM-D,RVSB-D,ARG-D,NTT-D,LTRPA-D,GWB-D,CISG-D,
Mon Mar 02 08:00:00 GMT+00:00 2015: signals : 
Mon Mar 02 08:00:00 GMT+00:00 2015: Signals ordered by strength : INTU(85.0), JWN(50.0), BKS(40.0), 
Tue Mar 03 08:00:00 GMT+00:00 2015 : Watchlists added : JWN,INTU,BKS,CRM,SF,
Tue Mar 03 08:00:00 GMT+00:00 2015: Bases processed : ERI-D,JD-D,NTK-D,PIN-D,SBBX-D,UN-D,TSRI-D,OUT-D,OREX-D,NTRI-D,NTN-D,MTG-D,LEAF-D,GLP-D,FLKS-D,EPI-D,DTSI-D,DPLO-D,DKS-D,AT-D,ALLB-D,DNBF-D,DCM-D,
Tue Mar 03 08:00:00 GMT+00:00 2015: signals : 
Tue Mar 03 08:00:00 GMT+00:00 2015: Signals ordered by strength : INTU(110.0), CRM(105.0), SF(75.0), BKS(70.0), JWN(50.0), 
Wed Mar 04 08:00:00 GMT+00:00 2015 : Watchlists added : JWN,INTU,UVE,BKS,CBRL,CHE,SF,
Wed Mar 04 08:00:00 GMT+00:00 2015: Bases processed : IBP-D,MRCC-D,SYBT-D,UEPS-D,SPTN-D,RSSS-D,OMER-D,OLN-D,HCA-D,FLXN-D,DRR-D,DDAIF-D,ECOL-D,BMY-D,ADMP-D,ACHC-D,AMBA-D,ALNY-D,AJX-D,
Wed Mar 04 08:00:00 GMT+00:00 2015: signals : OLN,BMY,
Wed Mar 04 08:00:00 GMT+00:00 2015: Signals ordered by strength : CBRL(130.0), UVE(115.0), CHE(100.0), BMY(80.0), SF(75.0), INTU(70.0), BKS(65.0), JWN(50.0), OLN(30.0), 
Thu Mar 05 08:00:00 GMT+00:00 2015 : Watchlists added : 
Thu Mar 05 08:00:00 GMT+00:00 2015: Bases processed : CL-D,MXIM-D,RARE-D,USPH-D,TRCB-D,SIEN-D,RCPT-D,QURE-D,PTX-D,POWR-D,MVIS-D,MRTX-D,ICLN-D,HCBK-D,GTN-D,FMER-D,CY-D,CPGI-D,CORT-D,CLDN-D,CFI-D,CBF-D,BME-D,BLUE-D,BFIN-D,ATRS-D,ALDW-D,
Thu Mar 05 08:00:00 GMT+00:00 2015: signals : 
Thu Mar 05 08:00:00 GMT+00:00 2015: Signals ordered by strength : 
Fri Mar 06 08:00:00 GMT+00:00 2015 : Watchlists added : JWN,INTU,UVE,BKS,AMBA,CBRL,SF,OLN,BMY,
Fri Mar 06 08:00:00 GMT+00:00 2015: Bases processed : AUMA-D,COO-D,STI-D,USB-D,TYPE-D,TRMK-D,TBRA-D,SYA-D,PNC-D,PCTI-D,ORBK-D,KRU-D,KRE-D,KLXI-D,KBE-D,IYG-D,IRS-D,IAT-D,IAK-D,HIG-D,FULT-D,FBMS-D,XLF-D,PRQR-D,BBY-D,BBT-D,LNC-D,ATSG-D,FL-D,
Fri Mar 06 08:00:00 GMT+00:00 2015: signals : 
Fri Mar 06 08:00:00 GMT+00:00 2015: Signals ordered by strength : AMBA(190.0), CBRL(125.0), UVE(115.0), BMY(115.0), INTU(85.0), SF(75.0), JWN(55.0), BKS(40.0), OLN(35.0), 
Mon Mar 09 08:00:00 GMT+00:00 2015 : Watchlists added : UVE,BKS,CRM,SF,OLN,BMY,
Mon Mar 09 08:00:00 GMT+00:00 2015: Bases processed : PLT-D,RKUS-D,UTIW-D,RMD-D,REPH-D,PNK-D,MSBF-D,MAN-D,MAC-D,GILT-D,GARS-D,FSNN-D,FCBC-D,BLMT-D,SCAI-D,AGRO-D,GBR-D,
Mon Mar 09 08:00:00 GMT+00:00 2015: signals : 
Mon Mar 09 08:00:00 GMT+00:00 2015: Signals ordered by strength : BMY(120.0), UVE(110.0), CRM(105.0), SF(75.0), BKS(40.0), OLN(35.0), 
Tue Mar 10 08:00:00 GMT+00:00 2015 : Watchlists added : UVE,OLN,BMY,
Tue Mar 10 08:00:00 GMT+00:00 2015: Bases processed : BSJM-D,PBCP-D,MLVF-D,GLL-D,GERN-D,FOLD-D,WBIA-D,OTIC-D,BWINA-D,
Tue Mar 10 08:00:00 GMT+00:00 2015: signals : 
Tue Mar 10 08:00:00 GMT+00:00 2015: Signals ordered by strength : BMY(120.0), UVE(115.0), OLN(35.0), 
Wed Mar 11 08:00:00 GMT+00:00 2015 : Watchlists added : UVE,SF,OLN,BMY,
Wed Mar 11 08:00:00 GMT+00:00 2015: Bases processed : FMD-D,MYL-D,SIFI-D,SURG-D,RPTP-D,RDI-D,HCHC-D,DGLD-D,CHNB-D,
Wed Mar 11 08:00:00 GMT+00:00 2015: signals : 
Wed Mar 11 08:00:00 GMT+00:00 2015: Signals ordered by strength : BMY(135.0), UVE(115.0), SF(75.0), OLN(30.0), 
Thu Mar 12 08:00:00 GMT+00:00 2015 : Watchlists added : UVE,CRM,OLN,
Thu Mar 12 08:00:00 GMT+00:00 2015: Bases processed : AMFC-D,CSBK-D,METR-D,MYRG-D,OLED-D,PLCE-D,VSTM-D,VTL-D,TXMD-D,TWOU-D,TR-D,TOWN-D,TBNK-D,SYNC-D,STRP-D,SGMS-D,SFNC-D,SCLN-D,SBCF-D,SASR-D,RLI-D,PBIP-D,PARR-D,MTN-D,LBRDK-D,KEY-D,KBWR-D,KBWC-D,INDB-D,HYH-D,HOMB-D,DXJS-D,DXJH-D,DVCR-D,CZFC-D,CVGW-D,BIOB-D,BAYRY-D,AFSI-D,
Thu Mar 12 08:00:00 GMT+00:00 2015: signals : 
Thu Mar 12 08:00:00 GMT+00:00 2015: Signals ordered by strength : UVE(115.0), CRM(90.0), OLN(30.0), 
Fri Mar 13 08:00:00 GMT+00:00 2015 : Watchlists added : UVE,OLN,
Fri Mar 13 08:00:00 GMT+00:00 2015: Bases processed : BHV-D,QADA-D,VLGEA-D,UAM-D,SUPN-D,SMLL-D,SAGE-D,PRMW-D,PACW-D,MSO-D,MBUU-D,DSPG-D,DGX-D,CHFC-D,CENT-D,DXJF-D,
Fri Mar 13 08:00:00 GMT+00:00 2015: signals : 
Fri Mar 13 08:00:00 GMT+00:00 2015: Signals ordered by strength : UVE(115.0), OLN(30.0), 
Mon Mar 16 08:00:00 GMT+00:00 2015 : Watchlists added : OLN,
Mon Mar 16 08:00:00 GMT+00:00 2015: Bases processed : BHB-D,CSLS-D,DHIL-D,ESS-D,GOOD-D,GPIC-D,IVZ-D,JPP-D,MATW-D,ORLY-D,PFI-D,STBA-D,STE-D,WAT-D,VRTX-D,UBSI-D,TRVN-D,TLMR-D,SZO-D,SSI-D,SPNC-D,SC-D,SBNY-D,ROL-D,REV-D,REGN-D,QGEN-D,PKI-D,PFSI-D,PEK-D,KCE-D,KBA-D,JOF-D,IHDG-D,FEIM-D,FCNCA-D,EWG-D,EW-D,DTO-D,CUK-D,CTSO-D,CSFL-D,CAF-D,ZOES-D,CRMT-D,WMCR-D,QDEU-D,ZNH-D,
Mon Mar 16 08:00:00 GMT+00:00 2015: signals : 
Mon Mar 16 08:00:00 GMT+00:00 2015: Signals ordered by strength : OLN(30.0), 
Tue Mar 17 08:00:00 GMT+00:00 2015 : Watchlists added : OLN,
Tue Mar 17 08:00:00 GMT+00:00 2015: Bases processed : BDE-D,PRSC-D,QUNR-D,WFBI-D,TEO-D,TCEHY-D,SUNE-D,REIS-D,PRGO-D,NTDOY-D,ISBC-D,GNE-D,FXO-D,CLNY-D,CENTA-D,CEN-D,BGCP-D,AUPH-D,ASHR-D,AKER-D,AIN-D,AFMD-D,XTN-D,QRVO-D,ODFL-D,
Tue Mar 17 08:00:00 GMT+00:00 2015: signals : 
Tue Mar 17 08:00:00 GMT+00:00 2015: Signals ordered by strength : OLN(30.0), 
Wed Mar 18 08:00:00 GMT+00:00 2015 : Watchlists added : OLN,
Wed Mar 18 08:00:00 GMT+00:00 2015: Bases processed : AAIT-D,AVX-D,CBG-D,DFJ-D,EES-D,EFFE-D,FAS-D,KIE-D,RWW-D,SXI-D,UYG-D,TWX-D,TGTX-D,TEVA-D,SSFN-D,SSB-D,SEB-D,RSCO-D,PGR-D,OEC-D,NVO-D,MDSO-D,MCO-D,JFC-D,JAZZ-D,IWN-D,IPKW-D,INCO-D,HTBK-D,GLPI-D,FUJIY-D,FINU-D,DNO-D,DBAW-D,CVG-D,CSH-D,CRESY-D,CPLP-D,CMT-D,CMD-D,CDK-D,CCBG-D,CANF-D,CAJ-D,BTX-D,AMCX-D,AIG-D,ACIW-D,PXSG-D,
Wed Mar 18 08:00:00 GMT+00:00 2015: signals : 
Wed Mar 18 08:00:00 GMT+00:00 2015: Signals ordered by strength : OLN(30.0), 
Thu Mar 19 08:00:00 GMT+00:00 2015 : Watchlists added : OLN,
Thu Mar 19 08:00:00 GMT+00:00 2015: Bases processed : ARKQ-D,CET-D,ELS-D,GNMA-D,MDP-D,RYL-D,TWO-D,VASC-D,TMUS-D,TLYS-D,THRM-D,THQ-D,STRN-D,SONC-D,SFS-D,SCVL-D,RPX-D,RNDY-D,QBAK-D,NXTD-D,NVRO-D,MTD-D,MGCD-D,LAD-D,JUNO-D,ISIS-D,INSM-D,DENN-D,CO-D,FB-D,EVHC-D,
Thu Mar 19 08:00:00 GMT+00:00 2015: signals : NVRO,
Thu Mar 19 08:00:00 GMT+00:00 2015: Signals ordered by strength : NVRO(150.0), OLN(30.0), 
Fri Mar 20 08:00:00 GMT+00:00 2015 : Watchlists added : PRSC,NVRO,
Fri Mar 20 08:00:00 GMT+00:00 2015: Bases processed : AOM-D,AWR-D,BOND-D,DES-D,EFAV-D,ESCA-D,ESRT-D,EVBN-D,EXR-D,HMN-D,IPAC-D,MORE-D,RWG-D,SGBK-D,SHEN-D,SLG-D,XSLV-D,XMLV-D,VTWV-D,VIOV-D,UTMD-D,UHT-D,UDR-D,UCBA-D,TER-D,TAN-D,SUI-D,STOR-D,SGC-D,SBRA-D,RTN-D,ROIC-D,PRGS-D,PKBK-D,PGRE-D,OFC-D,OC-D,NKE-D,MTSC-D,MTRN-D,MGNX-D,LXU-D,LLY-D,KNX-D,KNL-D,JRVR-D,JMP-D,JBAXY-D,INFI-D,IJS-D,ICFI-D,HPT-D,HPP-D,HNI-D,HMTV-D,HILL-D,GPT-D,GEO-D,FWDD-D,FRT-D,FRM-D,FNX-D,FGM-D,ERB-D,EQR-D,ENSG-D,ELOS-D,EIRL-D,CRWN-D,CLBH-D,BLKB-D,ASR-D,ARE-D,AAL-D,XHR-D,WTBA-D,WSR-D,
Fri Mar 20 08:00:00 GMT+00:00 2015: signals : 
Fri Mar 20 08:00:00 GMT+00:00 2015: Signals ordered by strength : NVRO(205.0), PRSC(110.0), 
Mon Mar 23 08:00:00 GMT+00:00 2015 : Watchlists added : NVRO,
Mon Mar 23 08:00:00 GMT+00:00 2015: Bases processed : ACWI-D,ALG-D,CLX-D,EXAM-D,FUR-D,MINI-D,NP-D,PFE-D,QINC-D,TSYS-D,VR-D,VFH-D,SYV-D,SSS-D,SMLV-D,SFLY-D,SEM-D,PZE-D,PSG-D,NAP-D,MTB-D,MRLN-D,MRKT-D,MRH-D,LPNT-D,LNCE-D,KWT-D,KBWI-D,JSC-D,IPD-D,GNCMA-D,FRPT-D,FEUZ-D,ELY-D,DIM-D,CUNB-D,BNDX-D,BABY-D,AXR-D,AWI-D,AVB-D,ATRC-D,ARLUF-D,APF-D,AEC-D,ABG-D,AADR-D,WDFC-D,OLP-D,NBBC-D,
Mon Mar 23 08:00:00 GMT+00:00 2015: signals : 
Mon Mar 23 08:00:00 GMT+00:00 2015: Signals ordered by strength : NVRO(190.0), 
Tue Mar 24 08:00:00 GMT+00:00 2015 : Watchlists added : 
Tue Mar 24 08:00:00 GMT+00:00 2015: Bases processed : ACG-D,MBB-D,SYKE-D,TRGT-D,WGO-D,TWTR-D,SHAK-D,POOL-D,PLPM-D,OVAS-D,ODC-D,MKCV-D,MKC-D,LWAY-D,INUV-D,HIFR-D,HEIA-D,HECO-D,GZT-D,CEA-D,BEP-D,AIRT-D,MLNK-D,KEN-D,CYTR-D,
Tue Mar 24 08:00:00 GMT+00:00 2015: signals : 
Tue Mar 24 08:00:00 GMT+00:00 2015: Signals ordered by strength : 
Wed Mar 25 08:00:00 GMT+00:00 2015 : Watchlists added : JUNO,OVAS,EW,NVRO,
Wed Mar 25 08:00:00 GMT+00:00 2015: Bases processed : BSCL-D,FBND-D,KHC-D,LB-D,LNDC-D,MONY-D,MTS-D,SUBD-D,SNX-D,SCJ-D,RDIB-D,IESC-D,EFO-D,DBOEF-D,CPE-D,RXDX-D,
Wed Mar 25 08:00:00 GMT+00:00 2015: signals : 
Wed Mar 25 08:00:00 GMT+00:00 2015: Signals ordered by strength : JUNO(245.0), NVRO(190.0), EW(115.0), OVAS(85.0), 
Thu Mar 26 08:00:00 GMT+00:00 2015 : Watchlists added : SFS,OVAS,
Thu Mar 26 08:00:00 GMT+00:00 2015: Bases processed : SIG-D,RHT-D,LAZ-D,HOT-D,FSGI-D,HDRA-D,
Thu Mar 26 08:00:00 GMT+00:00 2015: signals : SIG,
Thu Mar 26 08:00:00 GMT+00:00 2015: Signals ordered by strength : SFS(220.0), OVAS(80.0), SIG(60.0), 
Fri Mar 27 08:00:00 GMT+00:00 2015 : Watchlists added : SFS,SIG,
Fri Mar 27 08:00:00 GMT+00:00 2015: Bases processed : TIK-D,TDF-D,ROLL-D,RAD-D,MHF-D,KTCC-D,GTPS-D,FWP-D,FBR-D,CCL-D,ALTR-D,
Fri Mar 27 08:00:00 GMT+00:00 2015: signals : 
Fri Mar 27 08:00:00 GMT+00:00 2015: Signals ordered by strength : SFS(215.0), SIG(100.0), 
Mon Mar 30 08:00:00 GMT+00:00 2015 : Watchlists added : SFS,SIG,
Mon Mar 30 08:00:00 GMT+00:00 2015: Bases processed : ADS-D,CACI-D,FCEA-D,FCEB-D,MUSA-D,XPP-D,YINN-D,WGL-D,SHI-D,RH-D,PRFT-D,PLMT-D,PETS-D,OSIS-D,MMAC-D,KMX-D,KFY-D,HRC-D,HMPR-D,GIS-D,EWH-D,CNXR-D,CHNA-D,CHN-D,CHIX-D,CHII-D,AN-D,AMSF-D,ABAX-D,AAON-D,NWHM-D,
Mon Mar 30 08:00:00 GMT+00:00 2015: signals : 
Mon Mar 30 08:00:00 GMT+00:00 2015: Signals ordered by strength : SFS(215.0), SIG(100.0), 
Tue Mar 31 08:00:00 GMT+00:00 2015 : Watchlists added : SFS,SIG,
Tue Mar 31 08:00:00 GMT+00:00 2015: Bases processed : DST-D,FIVZ-D,FMF-D,HRS-D,IBDH-D,JXSB-D,LBF-D,MCRI-D,SPXH-D,USNA-D,VRP-D,TPZ-D,STON-D,SONA-D,QAI-D,PKB-D,PGJ-D,GPS-D,EFT-D,DKL-D,BUSE-D,BAMM-D,ABCB-D,LZB-D,
Tue Mar 31 08:00:00 GMT+00:00 2015: signals : 
Tue Mar 31 08:00:00 GMT+00:00 2015: Signals ordered by strength : SFS(215.0), SIG(105.0), 
Wed Apr 01 08:00:00 GMT+00:00 2015 : Watchlists added : SFS,SIG,PRSC,
Wed Apr 01 08:00:00 GMT+00:00 2015: Bases processed : CMPR-D,DFVL-D,ECON-D,ENGN-D,EPHE-D,HCKT-D,MUA-D,PAI-D,UWN-D,SRLP-D,SEMG-D,PFBC-D,OSBC-D,NVSL-D,NAT-D,MCBK-D,LMNS-D,IRDM-D,BRKL-D,
Wed Apr 01 08:00:00 GMT+00:00 2015: signals : 
Wed Apr 01 08:00:00 GMT+00:00 2015: Signals ordered by strength : SFS(215.0), PRSC(105.0), SIG(100.0), 
Thu Apr 02 08:00:00 GMT+00:00 2015 : Watchlists added : SFS,SIG,
Thu Apr 02 08:00:00 GMT+00:00 2015: Bases processed : AGO-D,ARAY-D,ATNI-D,AXJV-D,CAG-D,CHA-D,CHIM-D,CQQQ-D,CSGS-D,ECNS-D,EMCG-D,GOVT-D,JPEM-D,LANC-D,PAG-D,SFG-D,SPG-D,TAYD-D,TRI-D,UCFC-D,TNP-D,STRZB-D,STFC-D,SPWH-D,RNST-D,RLGT-D,OCFC-D,NAVG-D,NATH-D,MCY-D,M-D,HF-D,HBIO-D,HAO-D,GSM-D,GSBC-D,FFNW-D,EXPR-D,ENTG-D,YAO-D,XSOE-D,
Thu Apr 02 08:00:00 GMT+00:00 2015: signals : 
Thu Apr 02 08:00:00 GMT+00:00 2015: Signals ordered by strength : SFS(215.0), SIG(100.0), 
Mon Apr 06 08:00:00 GMT+00:00 2015 : Watchlists added : SIG,
Mon Apr 06 08:00:00 GMT+00:00 2015: Bases processed : CXSE-D,FSBW-D,GBX-D,IDHQ-D,NXST-D,OMAB-D,OMCL-D,PULB-D,RFV-D,ROAM-D,RZV-D,SIX-D,SKOR-D,TXT-D,VDC-D,VXUS-D,TRTL-D,TOL-D,THG-D,SYUT-D,SCZ-D,RDY-D,PRTO-D,PMD-D,NWL-D,NNA-D,NECB-D,IMAX-D,HIW-D,GMF-D,FNDC-D,EVOK-D,EMDD-D,ELNK-D,EFG-D,DXJT-D,DRW-D,DOC-D,DIVC-D,CPK-D,BWLA-D,BIP-D,BHK-D,ALX-D,ACH-D,
Mon Apr 06 08:00:00 GMT+00:00 2015: signals : 
Mon Apr 06 08:00:00 GMT+00:00 2015: Signals ordered by strength : SIG(105.0), 
Tue Apr 07 08:00:00 GMT+00:00 2015 : Watchlists added : ALTR,
Tue Apr 07 08:00:00 GMT+00:00 2015: Bases processed : BAL-D,CLAC-D,DHG-D,DXYN-D,HOFT-D,IRMD-D,ISRA-D,SMED-D,UMH-D,ZBRA-D,TRK-D,TAP-D,SKYAY-D,RMBS-D,PMBC-D,NLS-D,MYCC-D,MRGE-D,LOAN-D,KTWO-D,IPOS-D,IEFA-D,FNI-D,DBJP-D,CYNO-D,CUDA-D,CHU-D,CBZ-D,BLBD-D,AROW-D,ADUS-D,
Tue Apr 07 08:00:00 GMT+00:00 2015: signals : 
Tue Apr 07 08:00:00 GMT+00:00 2015: Signals ordered by strength : ALTR(110.0), 
Wed Apr 08 08:00:00 GMT+00:00 2015 : Watchlists added : 
Wed Apr 08 08:00:00 GMT+00:00 2015: Bases processed : ASGN-D,CYN-D,EVF-D,FLTB-D,GHII-D,GSH-D,IBCC-D,JPIN-D,PDFS-D,QQQC-D,SNPS-D,SOHU-D,TAO-D,WD-D,VPL-D,VEA-D,SMI-D,PXR-D,PSJ-D,NTES-D,MHO-D,LULU-D,LGND-D,JRO-D,IEIL-D,GWL-D,FPXI-D,ETE-D,DZK-D,DSGX-D,CHL-D,CHIQ-D,BONA-D,BNY-D,APB-D,AMCN-D,AAXJ-D,NOAH-D,
Wed Apr 08 08:00:00 GMT+00:00 2015: signals : 
Wed Apr 08 08:00:00 GMT+00:00 2015: Signals ordered by strength : 
Thu Apr 09 08:00:00 GMT+00:00 2015 : Watchlists added : RHT,
Thu Apr 09 08:00:00 GMT+00:00 2015: Bases processed : EWRM-D,IX-D,KWEB-D,PGX-D,PIN-D,SHW-D,SMIN-D,TPHS-D,WBIE-D,WBIH-D,WPS-D,TLO-D,SYNA-D,SIMO-D,RNG-D,QLIK-D,NSEC-D,NOW-D,KOLD-D,EVI-D,ESRX-D,EIGI-D,DL-D,CJJD-D,CCO-D,BCHP-D,ASMB-D,DXCM-D,APOG-D,
Thu Apr 09 08:00:00 GMT+00:00 2015: signals : APOG,
Thu Apr 09 08:00:00 GMT+00:00 2015: Signals ordered by strength : APOG(120.0), RHT(95.0), 
Fri Apr 10 08:00:00 GMT+00:00 2015 : Watchlists added : RHT,SIMO,
Fri Apr 10 08:00:00 GMT+00:00 2015: Bases processed : A-D,AOD-D,BXMT-D,CCA-D,EXL-D,GE-D,NVS-D,SANW-D,QTM-D,QCLN-D,NFO-D,NEO-D,MOAT-D,MELR-D,MDGN-D,EMRE-D,DXR-D,CYT-D,CDW-D,BRO-D,AXJS-D,GSBD-D,ALU-D,
Fri Apr 10 08:00:00 GMT+00:00 2015: signals : GE,
Fri Apr 10 08:00:00 GMT+00:00 2015: Signals ordered by strength : SIMO(150.0), RHT(100.0), GE(20.0), 
Mon Apr 13 08:00:00 GMT+00:00 2015 : Watchlists added : GE,
Mon Apr 13 08:00:00 GMT+00:00 2015: Bases processed : CCC-D,DFP-D,DXKW-D,ENTL-D,ETO-D,GLO-D,HEEM-D,INDL-D,IQLT-D,IR-D,KFYP-D,MFLX-D,PTSI-D,SQNM-D,STK-D,TDY-D,TNGO-D,TSE-D,STCK-D,SRLN-D,SPAN-D,SCIN-D,RTIX-D,PBIB-D,KING-D,IVC-D,ISRG-D,GMED-D,FELE-D,FARO-D,ETM-D,DCO-D,CGIX-D,BLDR-D,AERI-D,AEPI-D,
Mon Apr 13 08:00:00 GMT+00:00 2015: signals : TSE,
Mon Apr 13 08:00:00 GMT+00:00 2015: Signals ordered by strength : TSE(200.0), GE(20.0), 
Tue Apr 14 08:00:00 GMT+00:00 2015 : Watchlists added : AERI,GE,SIMO,
Tue Apr 14 08:00:00 GMT+00:00 2015: Bases processed : GS-D,IBCE-D,KLXI-D,PGEM-D,PRE-D,XRM-D,WUBA-D,STDY-D,RGS-D,PGTI-D,NPBC-D,MODN-D,IDHB-D,GWPH-D,GIB-D,CUT-D,CORI-D,CHKE-D,CARA-D,BMI-D,AXS-D,YORW-D,LGL-D,JPM-D,
Tue Apr 14 08:00:00 GMT+00:00 2015: signals : 
Tue Apr 14 08:00:00 GMT+00:00 2015: Signals ordered by strength : AERI(175.0), SIMO(150.0), GE(30.0), 
Wed Apr 15 08:00:00 GMT+00:00 2015 : Watchlists added : AERI,
Wed Apr 15 08:00:00 GMT+00:00 2015: Bases processed : DCA-D,ECF-D,EQAL-D,EWRI-D,FAB-D,FEX-D,FSLR-D,FSZ-D,GAA-D,GVA-D,JDD-D,JGBL-D,KXI-D,MSA-D,MW-D,NGHC-D,OCLR-D,PRF-D,ROIA-D,ROIAK-D,RSP-D,SLYV-D,SPHB-D,TAST-D,WBIG-D,WVFC-D,ZSML-D,WINA-D,WBIB-D,TTHI-D,TMH-D,SWHC-D,RDN-D,QABA-D,PLXS-D,NTCT-D,NEWP-D,MWA-D,KMI-D,IGA-D,HAWK-D,GSIG-D,EXLP-D,EWRS-D,ECL-D,DXLG-D,DDC-D,DCM-D,CYRN-D,CNTR-D,CNHI-D,CLSN-D,CKSW-D,CBAN-D,FSS-D,ACIM-D,ABEO-D,AAC-D,
Wed Apr 15 08:00:00 GMT+00:00 2015: signals : 
Wed Apr 15 08:00:00 GMT+00:00 2015: Signals ordered by strength : AERI(175.0), 
Thu Apr 16 08:00:00 GMT+00:00 2015 : Watchlists added : 
Thu Apr 16 08:00:00 GMT+00:00 2015: Bases processed : ARKK-D,ENZN-D,GII-D,ISL-D,MHE-D,SBEU-D,SKYY-D,UL-D,UN-D,VEOEY-D,VGR-D,VEGA-D,TRQ-D,TASR-D,SUM-D,SDT-D,PNRA-D,PN-D,NJ-D,NFLX-D,MRIC-D,MNOV-D,IXG-D,IPHS-D,HACK-D,GTOMY-D,FDN-D,FBP-D,EZA-D,EOC-D,EFAD-D,DATA-D,CYBR-D,BRSS-D,ADRA-D,ACU-D,FPA-D,
Thu Apr 16 08:00:00 GMT+00:00 2015: signals : PNRA,
Thu Apr 16 08:00:00 GMT+00:00 2015: Signals ordered by strength : PNRA(45.0), 
Fri Apr 17 08:00:00 GMT+00:00 2015 : Watchlists added : PNRA,TSE,
Fri Apr 17 08:00:00 GMT+00:00 2015: Bases processed : LSBG-D,NAN-D,RWXL-D,SOCB-D,VWR-D,VIMC-D,RICK-D,MOKO-D,MIFI-D,KALU-D,IFV-D,FWDI-D,FATE-D,EVM-D,CRDT-D,CE-D,AMS-D,
Fri Apr 17 08:00:00 GMT+00:00 2015: signals : CE,
Fri Apr 17 08:00:00 GMT+00:00 2015: Signals ordered by strength : TSE(210.0), CE(80.0), PNRA(55.0), 
Mon Apr 20 08:00:00 GMT+00:00 2015 : Watchlists added : CE,TSE,
Mon Apr 20 08:00:00 GMT+00:00 2015: Bases processed : BSCM-D,SIAL-D,UJB-D,SEAS-D,PZG-D,PMF-D,KMDA-D,JBSS-D,INR-D,FCAP-D,FAF-D,EMCI-D,COOL-D,KCNY-D,
Mon Apr 20 08:00:00 GMT+00:00 2015: signals : 
Mon Apr 20 08:00:00 GMT+00:00 2015: Signals ordered by strength : TSE(200.0), CE(80.0), 
Tue Apr 21 08:00:00 GMT+00:00 2015 : Watchlists added : CE,PNRA,APOG,
Tue Apr 21 08:00:00 GMT+00:00 2015: Bases processed : ALSK-D,DASTY-D,DEF-D,GURU-D,HIFS-D,IHG-D,MMU-D,NSANY-D,OCR-D,PPR-D,SNCR-D,SMLL-D,SIRO-D,SFBS-D,SFBC-D,RELY-D,RDWR-D,PFO-D,LNBB-D,GSL-D,FSB-D,FEYE-D,EMJ-D,ECHO-D,DXJC-D,CLS-D,ASTE-D,AKRX-D,AGA-D,AEL-D,TSCO-D,
Tue Apr 21 08:00:00 GMT+00:00 2015: signals : 
Tue Apr 21 08:00:00 GMT+00:00 2015: Signals ordered by strength : APOG(115.0), CE(70.0), PNRA(55.0), 
Wed Apr 22 08:00:00 GMT+00:00 2015 : Watchlists added : CE,AERI,PNRA,APOG,SIMO,
Wed Apr 22 08:00:00 GMT+00:00 2015: Bases processed : AYR-D,DNP-D,QEH-D,SAR-D,SOCL-D,V-D,VAR-D,WAB-D,WPPGY-D,XRS-D,WIL-D,VLP-D,UEC-D,TFX-D,STJ-D,RAI-D,PCCC-D,PBHC-D,HNP-D,GLYC-D,GLUU-D,CYOU-D,CARZ-D,AVEO-D,ATSG-D,AMGN-D,ABT-D,YUM-D,CRNT-D,
Wed Apr 22 08:00:00 GMT+00:00 2015: signals : STJ,
Wed Apr 22 08:00:00 GMT+00:00 2015: Signals ordered by strength : AERI(175.0), SIMO(130.0), APOG(110.0), STJ(80.0), CE(65.0), PNRA(55.0), 
Thu Apr 23 08:00:00 GMT+00:00 2015 : Watchlists added : CE,AERI,PNRA,APOG,
Thu Apr 23 08:00:00 GMT+00:00 2015: Bases processed : ATVI-D,CLGX-D,EWT-D,EXPO-D,FBGX-D,FCOM-D,FFA-D,FLRT-D,FLT-D,FPF-D,IGF-D,IMMR-D,IXN-D,KCG-D,MGU-D,NDSN-D,NEU-D,NFRA-D,ONEK-D,QLD-D,SPUU-D,SQNS-D,SWK-D,THRK-D,TWN-D,UNB-D,VOX-D,WGP-D,TTMI-D,TFSL-D,SLM-D,RGR-D,QQQ-D,PXMG-D,PXLG-D,PMC-D,NXTM-D,NTWK-D,JCI-D,IGV-D,HAR-D,GLP-D,GIG-D,FRC-D,FRAN-D,ESND-D,ENI-D,EFX-D,DTV-D,DPZ-D,CSL-D,COLB-D,CMCSK-D,CMCSA-D,BPFH-D,BMTC-D,ARRS-D,ARKW-D,ANIP-D,ADSK-D,ZIXI-D,XIN-D,VCRA-D,
Thu Apr 23 08:00:00 GMT+00:00 2015: signals : PMC,DPZ,ARRS,
Thu Apr 23 08:00:00 GMT+00:00 2015: Signals ordered by strength : AERI(175.0), ARRS(115.0), APOG(105.0), DPZ(85.0), PMC(70.0), CE(65.0), PNRA(55.0), 
Fri Apr 24 08:00:00 GMT+00:00 2015 : Watchlists added : CE,STJ,PNRA,APOG,SIMO,ARRS,
Fri Apr 24 08:00:00 GMT+00:00 2015: Bases processed : AGEN-D,AVOL-D,BCR-D,BGS-D,CRH-D,DFE-D,GIVE-D,IBCD-D,IGM-D,JQC-D,OSHC-D,PENN-D,QADA-D,SPSC-D,SPYG-D,SSNC-D,SSO-D,WWW-D,VWO-D,TQQQ-D,TAOM-D,SIVB-D,SCHE-D,NI-D,MMSI-D,INNL-D,INBK-D,IMS-D,FNF-D,EMQQ-D,DSW-D,DNKN-D,CII-D,CHIE-D,BT-D,AMZN-D,XXIA-D,VSR-D,
Fri Apr 24 08:00:00 GMT+00:00 2015: signals : MMSI,
Fri Apr 24 08:00:00 GMT+00:00 2015: Signals ordered by strength : SIMO(130.0), ARRS(120.0), MMSI(110.0), APOG(105.0), STJ(85.0), PNRA(55.0), CE(40.0), 
Mon Apr 27 08:00:00 GMT+00:00 2015 : Watchlists added : CE,STJ,PNRA,MMSI,PRE,DPZ,
Mon Apr 27 08:00:00 GMT+00:00 2015: Bases processed : ARKG-D,AVL-D,IDCC-D,IGN-D,MGC-D,MNST-D,PFSW-D,QLGC-D,QUAL-D,ROM-D,SCHX-D,SMMF-D,SOIL-D,SPXL-D,TOK-D,TSM-D,UPRO-D,VGT-D,VOO-D,VV-D,VNQI-D,VC-D,SNY-D,PZZA-D,LMNR-D,KND-D,KATE-D,IYW-D,IVV-D,IPF-D,HME-D,GRO-D,EZU-D,EEMV-D,EEMS-D,DGAZ-D,DCIX-D,DBEM-D,BIK-D,ARMH-D,AAN-D,XTL-D,
Mon Apr 27 08:00:00 GMT+00:00 2015: signals : 
Mon Apr 27 08:00:00 GMT+00:00 2015: Signals ordered by strength : MMSI(120.0), DPZ(110.0), PRE(90.0), STJ(80.0), PNRA(55.0), CE(40.0), 
Tue Apr 28 08:00:00 GMT+00:00 2015 : Watchlists added : CE,STJ,PNRA,
Tue Apr 28 08:00:00 GMT+00:00 2015: Bases processed : AAPL-D,CNY-D,JPC-D,RTEC-D,SBBX-D,XLK-D,TECL-D,SC-D,PGC-D,OPB-D,MZA-D,MSEX-D,MOFG-D,MEOH-D,MBVT-D,JOBS-D,IPGP-D,HQY-D,GTT-D,FDEF-D,CZFC-D,CDNS-D,BRN-D,BHBK-D,ARPI-D,AGCO-D,
Tue Apr 28 08:00:00 GMT+00:00 2015: signals : 
Tue Apr 28 08:00:00 GMT+00:00 2015: Signals ordered by strength : STJ(80.0), PNRA(80.0), CE(75.0), 
Wed Apr 29 08:00:00 GMT+00:00 2015 : Watchlists added : CE,STJ,PNRA,
Wed Apr 29 08:00:00 GMT+00:00 2015: Bases processed : AVY-D,CRM-D,DHT-D,EXAM-D,FRBA-D,LVLT-D,NEM-D,TPX-D,VRSK-D,UBSI-D,TSS-D,TRCB-D,MSTR-D,MA-D,LFUS-D,KBE-D,JCTCF-D,GT-D,FI-D,AU-D,XPO-D,
Wed Apr 29 08:00:00 GMT+00:00 2015: signals : VRSK,XPO,
Wed Apr 29 08:00:00 GMT+00:00 2015: Signals ordered by strength : VRSK(130.0), XPO(90.0), PNRA(80.0), CE(75.0), STJ(75.0), 
Thu Apr 30 08:00:00 GMT+00:00 2015 : Watchlists added : CE,PNRA,XPO,AMZN,CRM,
Thu Apr 30 08:00:00 GMT+00:00 2015: Bases processed : ASH-D,BLVD-D,BRBW-D,IVZ-D,MLM-D,WX-D,VAC-D,UAN-D,SVCBY-D,JCAP-D,IPHI-D,IEUS-D,BAA-D,AVG-D,ATTU-D,AAWW-D,WIFI-D,
Thu Apr 30 08:00:00 GMT+00:00 2015: signals : WX,AVG,
Thu Apr 30 08:00:00 GMT+00:00 2015: Signals ordered by strength : AVG(175.0), CRM(110.0), WX(110.0), XPO(95.0), AMZN(90.0), PNRA(85.0), CE(75.0), 
Fri May 01 08:00:00 GMT+00:00 2015 : Watchlists added : CE,STJ,PNRA,NFLX,XPO,AMZN,
Fri May 01 08:00:00 GMT+00:00 2015: Bases processed : CIF-D,CMFN-D,TER-D,VMC-D,VWDRY-D,TDS-D,RTI-D,NTLS-D,MOCO-D,LLNW-D,GCAP-D,FNFV-D,EGRW-D,DTUL-D,BFAM-D,BCOR-D,
Fri May 01 08:00:00 GMT+00:00 2015: signals : BFAM,
Fri May 01 08:00:00 GMT+00:00 2015: Signals ordered by strength : NFLX(130.0), XPO(90.0), AMZN(90.0), PNRA(80.0), CE(75.0), STJ(75.0), BFAM(65.0), 
Mon May 04 08:00:00 GMT+00:00 2015 : Watchlists added : STJ,XPO,AMZN,
Mon May 04 08:00:00 GMT+00:00 2015: Bases processed : CTSH-D,DRA-D,ENFC-D,FTA-D,IWL-D,LYV-D,QKOR-D,RLGY-D,SBFG-D,VOOV-D,XLG-D,VLUE-D,UBS-D,SHLX-D,SGMS-D,RWW-D,PFLT-D,PCLN-D,OZM-D,MAS-D,LMLP-D,KNOW-D,KBWB-D,IYG-D,HIL-D,GIGA-D,EVBS-D,EBIO-D,DM-D,PTC-D,
Mon May 04 08:00:00 GMT+00:00 2015: signals : 
Mon May 04 08:00:00 GMT+00:00 2015: Signals ordered by strength : STJ(95.0), XPO(90.0), AMZN(90.0), 
Tue May 05 08:00:00 GMT+00:00 2015 : Watchlists added : STJ,CLGX,XPO,AMZN,
Tue May 05 08:00:00 GMT+00:00 2015: Bases processed : EL-D,GTN-D,GTNA-D,RPV-D,STT-D,SCHW-D,PRMW-D,NOM-D,NCOM-D,KEY-D,GTWN-D,GTIM-D,GGAC-D,XEC-D,
Tue May 05 08:00:00 GMT+00:00 2015: signals : 
Tue May 05 08:00:00 GMT+00:00 2015: Signals ordered by strength : STJ(95.0), CLGX(95.0), AMZN(90.0), XPO(80.0), 
Wed May 06 08:00:00 GMT+00:00 2015 : Watchlists added : STJ,XPO,AMZN,
Wed May 06 08:00:00 GMT+00:00 2015: Bases processed : CSV-D,OBAS-D,PLCE-D,WIX-D,RNR-D,IACI-D,HLF-D,HDSN-D,
Wed May 06 08:00:00 GMT+00:00 2015: signals : PLCE,
Wed May 06 08:00:00 GMT+00:00 2015: Signals ordered by strength : STJ(95.0), AMZN(90.0), XPO(85.0), PLCE(80.0), 
Thu May 07 08:00:00 GMT+00:00 2015 : Watchlists added : CLGX,XPO,AMZN,
Thu May 07 08:00:00 GMT+00:00 2015: Bases processed : HUBS-D,MTSL-D,TFSC-D,TBRA-D,SSRG-D,QLTY-D,PRAH-D,PEGA-D,NICE-D,GURE-D,EMKR-D,CRF-D,CDK-D,ALDR-D,ACLS-D,BWXT-D,
Thu May 07 08:00:00 GMT+00:00 2015: signals : 
Thu May 07 08:00:00 GMT+00:00 2015: Signals ordered by strength : CLGX(95.0), AMZN(90.0), XPO(80.0), 
Fri May 08 08:00:00 GMT+00:00 2015 : Watchlists added : CLGX,XPO,
Fri May 08 08:00:00 GMT+00:00 2015: Bases processed : AYN-D,BYBK-D,CUTR-D,DDAIF-D,MOO-D,NTDOY-D,PLPM-D,SEE-D,STMP-D,VSS-D,UVV-D,SYV-D,SYT-D,SYE-D,SWZ-D,SSNI-D,SPLK-D,RLH-D,RBA-D,QTWO-D,POST-D,PAYC-D,MYTAY-D,MRTX-D,MMI-D,MMAC-D,MGA-D,MDLZ-D,LEG-D,IMPV-D,GEX-D,FFIV-D,EUDG-D,ESNT-D,EBIX-D,CCS-D,CBS-D,BCA-D,WRLD-D,WNC-D,
Fri May 08 08:00:00 GMT+00:00 2015: signals : STMP,IMPV,
Fri May 08 08:00:00 GMT+00:00 2015: Signals ordered by strength : IMPV(170.0), STMP(135.0), CLGX(95.0), XPO(85.0), 
Mon May 11 08:00:00 GMT+00:00 2015 : Watchlists added : RBA,XPO,STMP,IMPV,
Mon May 11 08:00:00 GMT+00:00 2015: Bases processed : ICUI-D,TFLO-D,VTV-D,XLF-D,VOYA-D,USPH-D,SPTN-D,SEV-D,SBCP-D,REGN-D,PHH-D,PCTY-D,NPTN-D,NMR-D,MET-D,LOJN-D,KOSS-D,KMPH-D,ICE-D,IAI-D,FMER-D,CALM-D,BCS-D,
Mon May 11 08:00:00 GMT+00:00 2015: signals : CALM,
Mon May 11 08:00:00 GMT+00:00 2015: Signals ordered by strength : IMPV(155.0), STMP(130.0), RBA(100.0), CALM(100.0), XPO(80.0), 
Tue May 12 08:00:00 GMT+00:00 2015 : Watchlists added : RBA,XPO,STMP,IMPV,
Tue May 12 08:00:00 GMT+00:00 2015: Bases processed : CSRE-D,PINC-D,PLAB-D,PLL-D,WBS-D,VRTU-D,TRR-D,SNFCA-D,RF-D,PAHC-D,MCHX-D,KBWI-D,IPAR-D,INTG-D,IMN-D,GRN-D,GDDY-D,GBCI-D,FFNM-D,FFKT-D,FCB-D,CCU-D,ANCX-D,
Tue May 12 08:00:00 GMT+00:00 2015: signals : VRTU,
Tue May 12 08:00:00 GMT+00:00 2015: Signals ordered by strength : IMPV(165.0), STMP(130.0), VRTU(105.0), RBA(100.0), XPO(85.0), 
Wed May 13 08:00:00 GMT+00:00 2015 : Watchlists added : RBA,PLCE,XPO,STMP,IMPV,
Wed May 13 08:00:00 GMT+00:00 2015: Bases processed : DHR-D,EXR-D,MCK-D,MGN-D,TLTD-D,VOD-D,WBII-D,WNS-D,TTDKY-D,STRN-D,SCLN-D,RPTP-D,PZD-D,PRTY-D,PDN-D,OPK-D,NG-D,IDTI-D,ICCC-D,IAT-D,HSP-D,FNDF-D,FLL-D,FISV-D,EWL-D,CROP-D,BTO-D,BSI-D,AME-D,ADRU-D,YDLE-D,
Wed May 13 08:00:00 GMT+00:00 2015: signals : 
Wed May 13 08:00:00 GMT+00:00 2015: Signals ordered by strength : IMPV(170.0), STMP(130.0), RBA(100.0), PLCE(85.0), XPO(80.0), 
Thu May 14 08:00:00 GMT+00:00 2015 : Watchlists added : RBA,PLCE,XPO,STMP,IMPV,
Thu May 14 08:00:00 GMT+00:00 2015: Bases processed : BKCC-D,ETV-D,EUMV-D,EXT-D,FGM-D,FSFG-D,GAM-D,GDL-D,GTXI-D,HON-D,ISSI-D,JAH-D,LLSP-D,MGV-D,NDAQ-D,OEF-D,SNX-D,SSFN-D,TCBI-D,TDG-D,UGE-D,STRP-D,SPNS-D,SAP-D,RHT-D,RE-D,PXF-D,PERY-D,NSU-D,NPK-D,MKSI-D,MKC-D,JJSF-D,IT-D,ICPT-D,GDXX-D,FXO-D,EWK-D,EGBN-D,DWM-D,DNL-D,CTRX-D,CTRP-D,CSCD-D,CRTO-D,CGA-D,C-D,BFA-D,ASB-D,ANTM-D,ANSS-D,ALN-D,ALJ-D,ACN-D,NXRT-D,JHX-D,
Thu May 14 08:00:00 GMT+00:00 2015: signals : 
Thu May 14 08:00:00 GMT+00:00 2015: Signals ordered by strength : IMPV(160.0), STMP(130.0), RBA(100.0), PLCE(80.0), XPO(80.0), 
Fri May 15 08:00:00 GMT+00:00 2015 : Watchlists added : RBA,PLCE,STMP,
Fri May 15 08:00:00 GMT+00:00 2015: Bases processed : CAPE-D,CSWC-D,DGRW-D,DOL-D,EPS-D,FTEC-D,IFGL-D,IXUS-D,LVNTB-D,RWX-D,SCOR-D,SERV-D,SGU-D,SPYV-D,TACT-D,TCX-D,TTFS-D,TW-D,SRNE-D,PSCC-D,PF-D,NKE-D,KE-D,HOLI-D,GSVC-D,ELUXY-D,COF-D,CIEN-D,CAG-D,BSQR-D,ASML-D,ALR-D,FAS-D,
Fri May 15 08:00:00 GMT+00:00 2015: signals : 
Fri May 15 08:00:00 GMT+00:00 2015: Signals ordered by strength : STMP(130.0), RBA(100.0), PLCE(80.0), 
Mon May 18 08:00:00 GMT+00:00 2015 : Watchlists added : RBA,PLCE,STMP,
Mon May 18 08:00:00 GMT+00:00 2015: Bases processed : ADX-D,ANGL-D,BHB-D,DDM-D,DIA-D,DLN-D,EQWL-D,FNDB-D,FNDX-D,FXL-D,JKG-D,JKI-D,KLD-D,LPX-D,MMTM-D,NBN-D,NCLH-D,ORRF-D,PWV-D,RWL-D,SCHV-D,SPY-D,UDOW-D,VONV-D,SWKS-D,SRLP-D,SNV-D,SIEN-D,SFLY-D,RMP-D,RDVY-D,QRVO-D,PTF-D,PPO-D,NSA-D,MXL-D,MLVF-D,MEI-D,LUK-D,LDRH-D,KRNT-D,IVE-D,IUSV-D,ITRN-D,IJH-D,CZA-D,CVGW-D,CQH-D,BLOX-D,ANN-D,AEIS-D,ADRD-D,ABCD-D,
Mon May 18 08:00:00 GMT+00:00 2015: signals : 
Mon May 18 08:00:00 GMT+00:00 2015: Signals ordered by strength : STMP(135.0), RBA(115.0), PLCE(80.0), 
Tue May 19 08:00:00 GMT+00:00 2015 : Watchlists added : RBA,PLCE,STMP,
Tue May 19 08:00:00 GMT+00:00 2015: Bases processed : ALFA-D,BIOB-D,PXLV-D,SHW-D,TRSK-D,VTHR-D,WFC-D,ZSPH-D,UYG-D,SUSQ-D,STV-D,STI-D,SREV-D,SEM-D,SCJ-D,RGA-D,PBCT-D,MS-D,MMC-D,MIW-D,MHK-D,IYF-D,IHF-D,FNB-D,FL-D,FINU-D,FHN-D,EXAR-D,ESPR-D,DGT-D,CVRS-D,CURE-D,CPS-D,CFO-D,AMTD-D,VFH-D,BOKF-D,UEPS-D,
Tue May 19 08:00:00 GMT+00:00 2015: signals : 
Tue May 19 08:00:00 GMT+00:00 2015: Signals ordered by strength : STMP(130.0), RBA(120.0), PLCE(80.0), 
Wed May 20 08:00:00 GMT+00:00 2015 : Watchlists added : PLCE,STMP,
Wed May 20 08:00:00 GMT+00:00 2015: Bases processed : ADI-D,AJG-D,AXAHY-D,BMY-D,CSGS-D,CSM-D,DGRO-D,DSI-D,IWD-D,OSIR-D,QDEF-D,RBC-D,SST-D,TWC-D,VYM-D,WEN-D,Y-D,WOOD-D,TTPH-D,RXL-D,PIO-D,NVR-D,MSBF-D,MOMO-D,MIDD-D,MGPI-D,MENT-D,MBTF-D,LVMUY-D,LBTYA-D,IAK-D,HRL-D,HEI-D,GHC-D,FSI-D,FNCL-D,FLY-D,FLAG-D,FBT-D,EHIC-D,EFSC-D,DXJR-D,DMO-D,CVC-D,COT-D,BME-D,ATRI-D,ALTV-D,AGD-D,ABM-D,VHT-D,ULBI-D,
Wed May 20 08:00:00 GMT+00:00 2015: signals : TTPH,
Wed May 20 08:00:00 GMT+00:00 2015: Signals ordered by strength : TTPH(160.0), STMP(125.0), PLCE(80.0), 
Thu May 21 08:00:00 GMT+00:00 2015 : Watchlists added : PLCE,
Thu May 21 08:00:00 GMT+00:00 2015: Bases processed : CSMA-D,DRAGF-D,ENZY-D,EQAL-D,QADB-D,SHPG-D,VRML-D,URI-D,TNK-D,TNAV-D,SFEF-D,NVMI-D,NEP-D,KIRK-D,IDI-D,HNT-D,FLM-D,ESRX-D,EGHT-D,DIVC-D,DIRI-D,CVBF-D,CNTR-D,CNHI-D,CF-D,ADBE-D,ACET-D,
Thu May 21 08:00:00 GMT+00:00 2015: signals : 
Thu May 21 08:00:00 GMT+00:00 2015: Signals ordered by strength : PLCE(80.0), 
Fri May 22 08:00:00 GMT+00:00 2015 : Watchlists added : RBA,VRTU,
Fri May 22 08:00:00 GMT+00:00 2015: Bases processed : FRS-D,JGBB-D,TTC-D,VSTO-D,OUTR-D,LPG-D,LONG-D,LBTYK-D,FLML-D,FINL-D,DGX-D,DE-D,CMRX-D,CI-D,CHIQ-D,CASH-D,ATAI-D,XHS-D,
Fri May 22 08:00:00 GMT+00:00 2015: signals : 
Fri May 22 08:00:00 GMT+00:00 2015: Signals ordered by strength : RBA(120.0), VRTU(110.0), 
Tue May 26 08:00:00 GMT+00:00 2015 : Watchlists added : VRTU,DGX,
Tue May 26 08:00:00 GMT+00:00 2015: Bases processed : ARKR-D,UBCP-D,PFSI-D,IPN-D,EWH-D,CNTY-D,BGFV-D,ABBV-D,YCS-D,
Tue May 26 08:00:00 GMT+00:00 2015: signals : 
Tue May 26 08:00:00 GMT+00:00 2015: Signals ordered by strength : VRTU(110.0), DGX(95.0), 
Wed May 27 08:00:00 GMT+00:00 2015 : Watchlists added : VRTU,DGX,
Wed May 27 08:00:00 GMT+00:00 2015: Bases processed : FUN-D,LMBS-D,RYT-D,SNOW-D,SOXX-D,SOXL-D,SMH-D,RSYS-D,QTEC-D,PTLA-D,PSI-D,NXPI-D,JNP-D,IBTX-D,HZNP-D,FSL-D,CLLS-D,CGNX-D,BSTC-D,AVGO-D,AMED-D,ACHC-D,XSD-D,USD-D,TV-D,TRTL-D,CBSA-D,
Wed May 27 08:00:00 GMT+00:00 2015: signals : AVGO,AMED,
Wed May 27 08:00:00 GMT+00:00 2015: Signals ordered by strength : AVGO(160.0), VRTU(110.0), AMED(95.0), DGX(90.0), 
Thu May 28 08:00:00 GMT+00:00 2015 : Watchlists added : AVGO,AMED,DGX,
Thu May 28 08:00:00 GMT+00:00 2015: Bases processed : KCNY-D,WGO-D,MTSI-D,MBFI-D,INDB-D,HMPR-D,HCCI-D,EPAM-D,CTLT-D,CPB-D,BBC-D,ARES-D,ALGN-D,ABR-D,
Thu May 28 08:00:00 GMT+00:00 2015: signals : 
Thu May 28 08:00:00 GMT+00:00 2015: Signals ordered by strength : AVGO(175.0), AMED(100.0), DGX(90.0), 
Fri May 29 08:00:00 GMT+00:00 2015 : Watchlists added : AMED,DGX,
Fri May 29 08:00:00 GMT+00:00 2015: Bases processed : KTOS-D,MNA-D,ON-D,SAL-D,TITN-D,RSSS-D,RDHL-D,PKBK-D,NUVA-D,LLY-D,IYH-D,HUM-D,GRIF-D,GMK-D,FOE-D,FMLP-D,FHLC-D,EBAY-D,DATE-D,CTAS-D,CPK-D,CFP-D,ADM-D,YCB-D,XUE-D,XBI-D,
Fri May 29 08:00:00 GMT+00:00 2015: signals : 
Fri May 29 08:00:00 GMT+00:00 2015: Signals ordered by strength : AMED(100.0), DGX(85.0), 
Mon Jun 01 08:00:00 GMT+00:00 2015 : Watchlists added : 
Mon Jun 01 08:00:00 GMT+00:00 2015: Bases processed : GSBD-D,INCY-D,MXPT-D,NEU-D,NSIT-D,PAY-D,TOFR-D,UUU-D,TXTR-D,STNR-D,SMDV-D,RXDX-D,PFNX-D,MSLI-D,MRK-D,IMGN-D,FONE-D,FLXS-D,ESND-D,ESGR-D,ENTG-D,EFUT-D,DAC-D,CWCO-D,COKE-D,CLCD-D,BYLK-D,BID-D,AMPH-D,WSO-D,
Mon Jun 01 08:00:00 GMT+00:00 2015: signals : 
Mon Jun 01 08:00:00 GMT+00:00 2015: Signals ordered by strength : 
Tue Jun 02 08:00:00 GMT+00:00 2015 : Watchlists added : CVC,
Tue Jun 02 08:00:00 GMT+00:00 2015: Bases processed : FIA-D,GUID-D,PBIP-D,ZAGG-D,TIA-D,TI-D,TANH-D,STLD-D,SGEN-D,RLGT-D,PSP-D,OSN-D,NAT-D,MORN-D,M-D,KYTH-D,HTGM-D,GIII-D,FMBI-D,ETG-D,ENSG-D,CRIS-D,COTY-D,ALLB-D,AER-D,WIBC-D,
Tue Jun 02 08:00:00 GMT+00:00 2015: signals : 
Tue Jun 02 08:00:00 GMT+00:00 2015: Signals ordered by strength : CVC(55.0), 
Wed Jun 03 08:00:00 GMT+00:00 2015 : Watchlists added : AVGO,
Wed Jun 03 08:00:00 GMT+00:00 2015: Bases processed : EWD-D,FMS-D,FTHI-D,KCE-D,NCR-D,RYJ-D,WCN-D,XXIA-D,WSFS-D,VR-D,UMPQ-D,TRMR-D,TLMR-D,TGNA-D,TEN-D,TBBK-D,SYF-D,STCK-D,SRI-D,SGYP-D,QED-D,PXSG-D,PXQ-D,PXLW-D,PSCT-D,PRU-D,PRTA-D,PRAA-D,ONFC-D,ONEQ-D,OFLX-D,NVEC-D,NUAN-D,LPTH-D,LGF-D,LAD-D,KBAL-D,JNS-D,JKJ-D,JAKK-D,HOMB-D,HACK-D,EROS-D,CSTE-D,CSL-D,COMM-D,CFR-D,CEMI-D,CBM-D,BYD-D,BLFS-D,AFOP-D,ADMS-D,
Wed Jun 03 08:00:00 GMT+00:00 2015: signals : 
Wed Jun 03 08:00:00 GMT+00:00 2015: Signals ordered by strength : AVGO(175.0), 
Thu Jun 04 08:00:00 GMT+00:00 2015 : Watchlists added : AVGO,
Thu Jun 04 08:00:00 GMT+00:00 2015: Bases processed : WOWO-D,VISN-D,RRTS-D,RDI-D,PETS-D,NVSL-D,NTRI-D,NBY-D,MBVT-D,HRMN-D,CS-D,CAVM-D,BRLI-D,BFB-D,BBT-D,AMWD-D,ADHD-D,
Thu Jun 04 08:00:00 GMT+00:00 2015: signals : 
Thu Jun 04 08:00:00 GMT+00:00 2015: Signals ordered by strength : AVGO(175.0), 
Fri Jun 05 08:00:00 GMT+00:00 2015 : Watchlists added : AVGO,
Fri Jun 05 08:00:00 GMT+00:00 2015: Bases processed : BBP-D,JUNO-D,RSTI-D,SIXD-D,UCBI-D,RJF-D,PTN-D,PNC-D,PFPT-D,PAH-D,NPBC-D,LXFT-D,LTXB-D,KMX-D,JAXB-D,ISLE-D,GALE-D,FNFG-D,FII-D,CLFD-D,CCXI-D,CBYL-D,BOFI-D,ANTH-D,ABG-D,ZOES-D,
Fri Jun 05 08:00:00 GMT+00:00 2015: signals : 
Fri Jun 05 08:00:00 GMT+00:00 2015: Signals ordered by strength : AVGO(175.0), 
Mon Jun 08 08:00:00 GMT+00:00 2015 : Watchlists added : AVGO,
Mon Jun 08 08:00:00 GMT+00:00 2015: Bases processed : EURN-D,RDWR-D,ZNH-D,WAFD-D,SOHU-D,SFUN-D,SF-D,ROL-D,POZN-D,POWR-D,PCYO-D,OKSB-D,NWBO-D,NBIX-D,MSFG-D,LMNS-D,LIOX-D,KMG-D,JD-D,IXYS-D,HTM-D,HBK-D,GMED-D,FNGN-D,FFTY-D,FCSC-D,CUBI-D,CFNL-D,BRID-D,BBCN-D,BANR-D,ATML-D,AMRI-D,AF-D,XNCR-D,
Mon Jun 08 08:00:00 GMT+00:00 2015: signals : 
Mon Jun 08 08:00:00 GMT+00:00 2015: Signals ordered by strength : AVGO(185.0), 
Tue Jun 09 08:00:00 GMT+00:00 2015 : Watchlists added : NWBO,
Tue Jun 09 08:00:00 GMT+00:00 2015: Bases processed : TISA-D,ROSYY-D,PMBC-D,OXM-D,NWL-D,LOXO-D,KZ-D,KNL-D,ISNS-D,ILMN-D,HTLF-D,HDS-D,FRME-D,FOLD-D,CMN-D,CBAN-D,CASY-D,BXS-D,BKU-D,
Tue Jun 09 08:00:00 GMT+00:00 2015: signals : CMN,
Tue Jun 09 08:00:00 GMT+00:00 2015: Signals ordered by strength : CMN(120.0), NWBO(95.0), 
Wed Jun 10 08:00:00 GMT+00:00 2015 : Watchlists added : 
Wed Jun 10 08:00:00 GMT+00:00 2015: Bases processed : HFFC-D,HUBG-D,INGN-D,PXSLY-D,RNST-D,SASR-D,SCHL-D,STZB-D,TNXP-D,TX-D,VDSI-D,VDTH-D,XENT-D,XVIX-D,WFBI-D,WETF-D,WCIC-D,VIOO-D,UBSI-D,TPS-D,TCB-D,SYBT-D,STZ-D,SLYG-D,SLY-D,SFBS-D,RZG-D,RWJ-D,RNG-D,PRGS-D,PPP-D,PENN-D,PACW-D,OGXI-D,MGYR-D,MFC-D,MDAS-D,MAN-D,LNC-D,LLSC-D,LENS-D,IWC-D,INSY-D,IJT-D,IBP-D,HQY-D,HELE-D,HCC-D,GTS-D,GILD-D,FIBK-D,FDX-D,FCF-D,FCBC-D,EME-D,ELLI-D,DWAQ-D,DG-D,CPIX-D,CORT-D,CMA-D,CHFC-D,BVXV-D,BSFT-D,BPFH-D,BNCN-D,BMI-D,ATLC-D,AIZ-D,
Wed Jun 10 08:00:00 GMT+00:00 2015: signals : WETF,
Wed Jun 10 08:00:00 GMT+00:00 2015: Signals ordered by strength : WETF(75.0), 
Thu Jun 11 08:00:00 GMT+00:00 2015 : Watchlists added : WETF,
Thu Jun 11 08:00:00 GMT+00:00 2015: Bases processed : IBCP-D,MBLY-D,PSCD-D,STJ-D,WLH-D,VTWG-D,SYUT-D,STBZ-D,RRGB-D,RAD-D,LSBK-D,IWO-D,HTHT-D,GD-D,EQWS-D,DXYN-D,CTXS-D,CTRN-D,CRWN-D,CJJD-D,BPMC-D,BHBK-D,
Thu Jun 11 08:00:00 GMT+00:00 2015: signals : MBLY,
Thu Jun 11 08:00:00 GMT+00:00 2015: Signals ordered by strength : MBLY(205.0), WETF(80.0), 
Fri Jun 12 08:00:00 GMT+00:00 2015 : Watchlists added : WETF,
Fri Jun 12 08:00:00 GMT+00:00 2015: Bases processed : JYNT-D,REI-D,SHOP-D,RIVR-D,OPB-D,MOBI-D,MCOX-D,KFY-D,KEYW-D,HTBK-D,GWB-D,EMQQ-D,BNFT-D,AON-D,AGII-D,AAP-D,
Fri Jun 12 08:00:00 GMT+00:00 2015: signals : 
Fri Jun 12 08:00:00 GMT+00:00 2015: Signals ordered by strength : WETF(80.0), 
Mon Jun 15 08:00:00 GMT+00:00 2015 : Watchlists added : MBLY,
Mon Jun 15 08:00:00 GMT+00:00 2015: Bases processed : VHI-D,VCRA-D,UBOH-D,SPU-D,QURE-D,OLBK-D,NMBL-D,NIB-D,MCBK-D,HWBK-D,HSPX-D,HFBL-D,FRSH-D,FOXF-D,ESXB-D,ENFC-D,DXLG-D,AVHI-D,ADAP-D,
Mon Jun 15 08:00:00 GMT+00:00 2015: signals : 
Mon Jun 15 08:00:00 GMT+00:00 2015: Signals ordered by strength : MBLY(210.0), 
Tue Jun 16 08:00:00 GMT+00:00 2015 : Watchlists added : 
Tue Jun 16 08:00:00 GMT+00:00 2015: Bases processed : ACUR-D,MATW-D,RDN-D,SPB-D,WYY-D,VLP-D,VIRT-D,VIOG-D,TSCO-D,SOHO-D,PSCH-D,PFS-D,NSTG-D,MPB-D,MNE-D,MGLN-D,KBWP-D,HF-D,GSBC-D,FCCY-D,CZFC-D,CASI-D,BNK-D,BHAC-D,AZPN-D,AFG-D,WSM-D,
Tue Jun 16 08:00:00 GMT+00:00 2015: signals : 
Tue Jun 16 08:00:00 GMT+00:00 2015: Signals ordered by strength : 
Wed Jun 17 08:00:00 GMT+00:00 2015 : Watchlists added : NWBO,
Wed Jun 17 08:00:00 GMT+00:00 2015: Bases processed : BKS-D,DKL-D,LAZ-D,MCRI-D,MMSI-D,MPAA-D,PGR-D,PSJ-D,SCHA-D,THG-D,ZAIS-D,SYG-D,SAA-D,RDUS-D,RATE-D,OPOF-D,NVAX-D,LPSB-D,LNBB-D,JKK-D,IJR-D,HRC-D,HAWK-D,HAS-D,FYC-D,CAKE-D,BRO-D,BLDR-D,AMCX-D,AGMA-D,AFCB-D,ADUS-D,VGR-D,VBK-D,TSLA-D,TREE-D,SMCP-D,INCR-D,
Wed Jun 17 08:00:00 GMT+00:00 2015: signals : RDUS,
Wed Jun 17 08:00:00 GMT+00:00 2015: Signals ordered by strength : RDUS(220.0), NWBO(120.0), 
Thu Jun 18 08:00:00 GMT+00:00 2015 : Watchlists added : NWBO,HRC,
Thu Jun 18 08:00:00 GMT+00:00 2015: Bases processed : BABY-D,BIB-D,BMRN-D,ECL-D,EVC-D,FDM-D,FPX-D,HIFR-D,IBB-D,ICD-D,IJK-D,IJS-D,IL-D,IMPR-D,IWM-D,JRVR-D,LACO-D,LPNT-D,MANH-D,MDYG-D,MTUM-D,OSIS-D,PLT-D,PSCF-D,PXMG-D,QQEW-D,QQQE-D,RFG-D,RPXC-D,RSCO-D,SMLL-D,SQBG-D,SSRI-D,TG-D,TWOK-D,TWX-D,URTY-D,UWM-D,VB-D,VCR-D,VTWO-D,W-D,WHF-D,WMCR-D,WWD-D,XL-D,XLV-D,XLY-D,TNA-D,PEGA-D,PBE-D,MDXG-D,HSIC-D,HIHO-D,HAIN-D,GCBC-D,FXH-D,FV-D,FTC-D,FIVN-D,FDIS-D,FCN-D,EZY-D,EZM-D,DIS-D,CVS-D,CMCSK-D,CCL-D,BOTJ-D,AUBN-D,ASGN-D,ANCB-D,AMSF-D,ALSK-D,VXF-D,
Thu Jun 18 08:00:00 GMT+00:00 2015: signals : 
Thu Jun 18 08:00:00 GMT+00:00 2015: Signals ordered by strength : HRC(115.0), NWBO(95.0), 
Fri Jun 19 08:00:00 GMT+00:00 2015 : Watchlists added : BMRN,HRC,
Fri Jun 19 08:00:00 GMT+00:00 2015: Bases processed : BZH-D,PGC-D,PLMT-D,RYAAY-D,SCAI-D,TTEC-D,XRM-D,XHR-D,VG-D,TTHI-D,TGT-D,TBI-D,SFNC-D,QQXT-D,PTH-D,ORLY-D,ORFR-D,NOC-D,NECB-D,MTN-D,MSO-D,MKTX-D,MHLD-D,LOCK-D,LGIH-D,LABC-D,JBSS-D,IPCM-D,INUV-D,HTBI-D,HLS-D,HBCP-D,GLPI-D,FNLC-D,FDTS-D,EXAS-D,ETY-D,ECHO-D,DWRE-D,CUK-D,CSF-D,CMCSA-D,CHRS-D,CHFN-D,CFI-D,BDGE-D,BCRX-D,ASBB-D,AHL-D,AGCO-D,XON-D,
Fri Jun 19 08:00:00 GMT+00:00 2015: signals : 
Fri Jun 19 08:00:00 GMT+00:00 2015: Signals ordered by strength : HRC(115.0), BMRN(80.0), 
Mon Jun 22 08:00:00 GMT+00:00 2015 : Watchlists added : HRC,
Mon Jun 22 08:00:00 GMT+00:00 2015: Bases processed : BKMU-D,DCOM-D,FLIC-D,FXG-D,IYK-D,MCZ-D,MDCO-D,NWHM-D,PGNX-D,PRXL-D,PSL-D,RNR-D,SLYV-D,SNCR-D,TOWN-D,VTWV-D,XIV-D,XHE-D,WMB-D,WEX-D,VUZI-D,VIOV-D,VBR-D,VASC-D,UFCS-D,UAM-D,TQQQ-D,SVXY-D,SVCBY-D,PXSV-D,PSCI-D,PEZ-D,PBJ-D,ORA-D,OCFC-D,NFBK-D,MYE-D,MTB-D,MRH-D,MCUR-D,IWN-D,IUSG-D,ITCI-D,HQH-D,HNSN-D,HIG-D,HECO-D,GTOMY-D,FNDA-D,FIBG-D,FAD-D,EPZM-D,DSGX-D,DCM-D,DBOEF-D,CYAN-D,CRY-D,CNOB-D,CNO-D,CBZ-D,CBB-D,CATM-D,BTN-D,BOS-D,BECN-D,BBH-D,ATTO-D,ARRY-D,ACAD-D,YDKN-D,
Mon Jun 22 08:00:00 GMT+00:00 2015: signals : 
Mon Jun 22 08:00:00 GMT+00:00 2015: Signals ordered by strength : HRC(120.0), 
Tue Jun 23 08:00:00 GMT+00:00 2015 : Watchlists added : HRC,BCRX,
Tue Jun 23 08:00:00 GMT+00:00 2015: Bases processed : EVI-D,FB-D,GLYC-D,HVB-D,IGA-D,IIVI-D,LPCN-D,PRFZ-D,PWC-D,RLI-D,SXT-D,THFF-D,UNM-D,XYL-D,STL-D,PRK-D,LULU-D,IJJ-D,HDP-D,FDN-D,ENH-D,DXJH-D,DRI-D,DNKN-D,DMRC-D,DMD-D,DHT-D,CHCO-D,CBPX-D,BT-D,BFOR-D,BAC-D,XHB-D,
Tue Jun 23 08:00:00 GMT+00:00 2015: signals : 
Tue Jun 23 08:00:00 GMT+00:00 2015: Signals ordered by strength : BCRX(120.0), HRC(115.0), 
Wed Jun 24 08:00:00 GMT+00:00 2015 : Watchlists added : BMRN,HRC,ITCI,BCRX,
Wed Jun 24 08:00:00 GMT+00:00 2015: Bases processed : LBTYB-D,SMI-D,STMP-D,VNOM-D,VNDA-D,USCR-D,TTWO-D,TSN-D,TMHC-D,SVBI-D,SNGX-D,PMFG-D,PFLT-D,PBY-D,PAG-D,MHO-D,MD-D,LENB-D,HCBK-D,GIG-D,GASS-D,EIS-D,ECF-D,CUTR-D,BUSE-D,DBVT-D,
Wed Jun 24 08:00:00 GMT+00:00 2015: signals : 
Wed Jun 24 08:00:00 GMT+00:00 2015: Signals ordered by strength : BCRX(120.0), HRC(115.0), ITCI(85.0), BMRN(80.0), 
Thu Jun 25 08:00:00 GMT+00:00 2015 : Watchlists added : BMRN,HRC,ITCI,BCRX,
Thu Jun 25 08:00:00 GMT+00:00 2015: Bases processed : RLH-D,USNA-D,TMH-D,TBNK-D,STS-D,RUTH-D,PFBC-D,NHC-D,LNN-D,LNCE-D,JXSB-D,HRG-D,HQL-D,HBNC-D,GCAP-D,FFIC-D,EVHC-D,EQGP-D,EBSB-D,CYH-D,CENTA-D,CENT-D,AFH-D,CMC-D,
Thu Jun 25 08:00:00 GMT+00:00 2015: signals : TMH,
Thu Jun 25 08:00:00 GMT+00:00 2015: Signals ordered by strength : TMH(150.0), HRC(110.0), ITCI(110.0), BCRX(105.0), BMRN(75.0), 
Fri Jun 26 08:00:00 GMT+00:00 2015 : Watchlists added : BMRN,HRC,ITCI,BCRX,
Fri Jun 26 08:00:00 GMT+00:00 2015: Bases processed : CPHD-D,DPZ-D,LKFN-D,NGHC-D,NX-D,UNH-D,TTS-D,SYN-D,SPTN-D,SHOO-D,SCVL-D,RH-D,RBPAA-D,NC-D,NBTB-D,HSNI-D,FCNCA-D,DEL-D,CNBKA-D,CLGX-D,BHLB-D,ABIO-D,ABCW-D,WWWW-D,WTBA-D,
Fri Jun 26 08:00:00 GMT+00:00 2015: signals : 
Fri Jun 26 08:00:00 GMT+00:00 2015: Signals ordered by strength : HRC(110.0), ITCI(110.0), BCRX(105.0), BMRN(75.0), 
Mon Jun 29 08:00:00 GMT+00:00 2015 : Watchlists added : BMRN,HRC,ITCI,IPCM,BCRX,
Mon Jun 29 08:00:00 GMT+00:00 2015: Bases processed : SPRO-D,ROLA-D,RGEN-D,PGND-D,HRTG-D,FFNW-D,FDEF-D,CHOC-D,CHNR-D,ASBI-D,AGX-D,WIL-D,
Mon Jun 29 08:00:00 GMT+00:00 2015: signals : 
Mon Jun 29 08:00:00 GMT+00:00 2015: Signals ordered by strength : HRC(115.0), ITCI(110.0), IPCM(110.0), BCRX(110.0), BMRN(75.0), 
Tue Jun 30 08:00:00 GMT+00:00 2015 : Watchlists added : BMRN,IPCM,BCRX,
Tue Jun 30 08:00:00 GMT+00:00 2015: Bases processed : LION-D,GNCA-D,GAIN-D,FXCB-D,FPT-D,CTRV-D,CACC-D,ASMB-D,
Tue Jun 30 08:00:00 GMT+00:00 2015: signals : 
Tue Jun 30 08:00:00 GMT+00:00 2015: Signals ordered by strength : BCRX(120.0), IPCM(105.0), BMRN(75.0), 
Wed Jul 01 08:00:00 GMT+00:00 2015 : Watchlists added : BMRN,IPCM,BCRX,
Wed Jul 01 08:00:00 GMT+00:00 2015: Bases processed : CB-D,MLPS-D,VLO-D,WRB-D,VWDRY-D,TYL-D,STON-D,SRCE-D,SIGI-D,SCLN-D,RMAX-D,RGR-D,RCPT-D,PAHC-D,NMR-D,NJ-D,NEWR-D,NEOT-D,MPC-D,MFSF-D,HFWA-D,GERN-D,FKO-D,DTUL-D,BSRR-D,BSET-D,BFY-D,AME-D,AIRT-D,
Wed Jul 01 08:00:00 GMT+00:00 2015: signals : 
Wed Jul 01 08:00:00 GMT+00:00 2015: Signals ordered by strength : IPCM(110.0), BCRX(110.0), BMRN(75.0), 
Thu Jul 02 08:00:00 GMT+00:00 2015 : Watchlists added : BMRN,BCRX,
Thu Jul 02 08:00:00 GMT+00:00 2015: Bases processed : PRA-D,OIIM-D,NWYF-D,NVEE-D,GIS-D,EVH-D,AEPI-D,
Thu Jul 02 08:00:00 GMT+00:00 2015: signals : 
Thu Jul 02 08:00:00 GMT+00:00 2015: Signals ordered by strength : BCRX(110.0), BMRN(75.0), 
Mon Jul 06 08:00:00 GMT+00:00 2015 : Watchlists added : 
Mon Jul 06 08:00:00 GMT+00:00 2015: Bases processed : VBTX-D,QNST-D,PRISY-D,PMC-D,CCBG-D,ALDW-D,FCVA-D,
Mon Jul 06 08:00:00 GMT+00:00 2015: signals : 
Mon Jul 06 08:00:00 GMT+00:00 2015: Signals ordered by strength : 
Tue Jul 07 08:00:00 GMT+00:00 2015 : Watchlists added : CYH,
Tue Jul 07 08:00:00 GMT+00:00 2015: Bases processed : FAF-D,PLL-D,TDY-D,WST-D,UTMD-D,TISI-D,STFC-D,PNK-D,NVR-D,MZF-D,MCI-D,LEN-D,JLL-D,EW-D,DEPO-D,CXH-D,CROC-D,CNLM-D,ALGT-D,
Tue Jul 07 08:00:00 GMT+00:00 2015: signals : 
Tue Jul 07 08:00:00 GMT+00:00 2015: Signals ordered by strength : CYH(125.0), 
Wed Jul 08 08:00:00 GMT+00:00 2015 : Watchlists added : 
Wed Jul 08 08:00:00 GMT+00:00 2015: Bases processed : EDZ-D,ULTA-D,WDFC-D,USBI-D,SMDV-D,SHV-D,NTIP-D,ICCC-D,HWKN-D,EEV-D,CHUY-D,BOM-D,
Wed Jul 08 08:00:00 GMT+00:00 2015: signals : 
Wed Jul 08 08:00:00 GMT+00:00 2015: Signals ordered by strength : 
Thu Jul 09 08:00:00 GMT+00:00 2015 : Watchlists added : CYH,
Thu Jul 09 08:00:00 GMT+00:00 2015: Bases processed : ABCO-D,CRV-D,GNCMA-D,KHC-D,TGTX-D,TRUP-D,MM-D,DVAX-D,VBFC-D,WING-D,
Thu Jul 09 08:00:00 GMT+00:00 2015: signals : 
Thu Jul 09 08:00:00 GMT+00:00 2015: Signals ordered by strength : CYH(125.0), 
Fri Jul 10 08:00:00 GMT+00:00 2015 : Watchlists added : 
