Fri Jan 09 08:00:00 GMT+00:00 2015 BUY  - AYI - 65 @151.5 Total=9847.5
Thu Jan 15 08:00:00 GMT+00:00 2015 BUY  - HDB - 179 @55.66 Total=9963.14
Thu Jan 22 08:00:00 GMT+00:00 2015 BUY  - HELE - 128 @77.53 Total=9923.84
Fri Jan 23 08:00:00 GMT+00:00 2015 BUY  - SBUX - 113 @88.22 Total=9968.86
Wed Jan 28 08:00:00 GMT+00:00 2015 BUY  - KLIC - 634 @15.75 Total=9985.5
Thu Jan 29 08:00:00 GMT+00:00 2015 BUY  - VAR - 106 @94.04 Total=9968.24
Fri Jan 30 08:00:00 GMT+00:00 2015 SELL  - HELE - 128 @75.22 Total=9628.16
Fri Jan 30 08:00:00 GMT+00:00 2015 SELL  - KLIC - 634 @15.17 Total=9617.78
Fri Jan 30 08:00:00 GMT+00:00 2015 BUY  - BA - 68 @145.37 Total=9885.16
Mon Feb 02 08:00:00 GMT+00:00 2015 BUY  - NSP - 240 @41.57 Total=9976.8
Thu Feb 05 08:00:00 GMT+00:00 2015 BUY  - PRE - 82 @121.09 Total=9929.38
Fri Feb 06 08:00:00 GMT+00:00 2015 BUY  - EL - 125 @79.55 Total=9943.75
Fri Feb 06 08:00:00 GMT+00:00 2015 BUY  - BLL - 141 @70.61 Total=9956.01
Mon Feb 09 08:00:00 GMT+00:00 2015 SELL  - HDB - 179 @56.28 Total=10074.12
Mon Feb 09 08:00:00 GMT+00:00 2015 BUY  - ORLY - 48 @205.07 Total=9843.36
Mon Feb 23 08:00:00 GMT+00:00 2015 SELL  - PRE - 82 @115.28 Total=9452.96
Mon Feb 23 08:00:00 GMT+00:00 2015 BUY  - BJRI - 187 @53.43 Total=9991.41
Fri Mar 06 08:00:00 GMT+00:00 2015 SELL  - BLL - 141 @70.82 Total=9985.62
Fri Mar 06 08:00:00 GMT+00:00 2015 BUY  - AMBA - 155 @64.22 Total=9954.1
Fri Mar 06 08:00:00 GMT+00:00 2015 SELL  - ORLY - 48 @204.19 Total=9801.12
Fri Mar 06 08:00:00 GMT+00:00 2015 BUY  - CBRL - 67 @147.51 Total=9883.17
Tue Mar 10 08:00:00 GMT+00:00 2015 SELL  - BJRI - 187 @51.41 Total=9613.67
Wed Mar 11 08:00:00 GMT+00:00 2015 SELL  - EL - 125 @80.5 Total=10062.5
Wed Mar 11 08:00:00 GMT+00:00 2015 BUY  - BMY - 152 @65.6 Total=9971.2
Tue Mar 24 08:00:00 GMT+00:00 2015 BUY  - NSP - 112 @53.1 Total=5947.2
Wed Mar 25 08:00:00 GMT+00:00 2015 SELL  - VAR - 106 @92.72 Total=9828.32
Wed Mar 25 08:00:00 GMT+00:00 2015 BUY  - JUNO - 186 @53.48 Total=9947.28
Wed Mar 25 08:00:00 GMT+00:00 2015 SELL  - BMY - 152 @64.7 Total=9834.4
Wed Mar 25 08:00:00 GMT+00:00 2015 BUY  - NVRO - 208 @48.04 Total=9992.32
Wed Mar 25 08:00:00 GMT+00:00 2015 SELL  - BA - 68 @148.23 Total=10079.64
Wed Mar 25 08:00:00 GMT+00:00 2015 BUY  - EW - 70 @142.25 Total=9957.5
Mon Mar 30 08:00:00 GMT+00:00 2015 BUY  - SBUX - 62 @95.98 Total=5950.76
Mon Apr 06 08:00:00 GMT+00:00 2015 SELL  - EW - 70 @139.85 Total=9789.5
Mon Apr 06 08:00:00 GMT+00:00 2015 BUY  - SIG - 71 @139.76 Total=9922.96
Tue Apr 07 08:00:00 GMT+00:00 2015 SELL  - CBRL - 67 @147.61 Total=9889.87
Tue Apr 07 08:00:00 GMT+00:00 2015 BUY  - ALTR - 241 @41.36 Total=9967.76
Wed Apr 08 08:00:00 GMT+00:00 2015 BUY  - AYI - 35 @168.96 Total=5913.6
Fri Apr 17 08:00:00 GMT+00:00 2015 SELL  - SIG - 71 @132.41 Total=9401.11
Mon Apr 20 08:00:00 GMT+00:00 2015 BUY  - AMBA - 80 @74.56 Total=5964.8
Fri Apr 24 08:00:00 GMT+00:00 2015 SELL  - ALTR - 241 @40.89 Total=9854.49
Fri Apr 24 08:00:00 GMT+00:00 2015 SELL  - NSP - 352 @50.8 Total=17881.6
Fri Apr 24 08:00:00 GMT+00:00 2015 BUY  - SIMO - 328 @30.4 Total=9971.2
Fri Apr 24 08:00:00 GMT+00:00 2015 BUY  - ARRS - 279 @35.76 Total=9977.04
Mon Apr 27 08:00:00 GMT+00:00 2015 SELL  - JUNO - 186 @50.81 Total=9450.66
Mon Apr 27 08:00:00 GMT+00:00 2015 BUY  - MMSI - 485 @20.58 Total=9981.3
Mon Apr 27 08:00:00 GMT+00:00 2015 BUY  - DPZ - 90 @110.25 Total=9922.5
Mon Apr 27 08:00:00 GMT+00:00 2015 SELL  - NVRO - 208 @48.93 Total=10177.44
Mon Apr 27 08:00:00 GMT+00:00 2015 BUY  - PRE - 77 @128.57 Total=9899.89
Thu Apr 30 08:00:00 GMT+00:00 2015 SELL  - MMSI - 485 @19.41 Total=9413.85
Thu Apr 30 08:00:00 GMT+00:00 2015 SELL  - SIMO - 328 @29.31 Total=9613.68
Thu Apr 30 08:00:00 GMT+00:00 2015 BUY  - AVG - 417 @23.92 Total=9974.64
Thu Apr 30 08:00:00 GMT+00:00 2015 BUY  - CRM - 137 @72.82 Total=9976.34
Wed May 06 08:00:00 GMT+00:00 2015 SELL  - ARRS - 279 @33.44 Total=9329.76
Wed May 06 08:00:00 GMT+00:00 2015 SELL  - SBUX - 350 @48.93 Total=17125.5
Wed May 06 08:00:00 GMT+00:00 2015 BUY  - STJ - 140 @71.07 Total=9949.8
Wed May 20 08:00:00 GMT+00:00 2015 SELL  - CRM - 137 @70.16 Total=9611.92
Wed May 20 08:00:00 GMT+00:00 2015 BUY  - STMP - 140 @70.89 Total=9924.6
Fri May 29 08:00:00 GMT+00:00 2015 SELL  - STMP - 140 @67.29 Total=9420.6
Fri May 29 08:00:00 GMT+00:00 2015 BUY  - AMED - 322 @31.02 Total=9988.44
Fri May 29 08:00:00 GMT+00:00 2015 BUY  - DGX - 132 @75.23 Total=9930.36
Tue Jun 02 08:00:00 GMT+00:00 2015 BUY  - AYI - 22 @178.51 Total=3927.22
Mon Jun 08 08:00:00 GMT+00:00 2015 SELL  - DGX - 132 @73.84 Total=9746.88
Mon Jun 08 08:00:00 GMT+00:00 2015 BUY  - AVGO - 72 @138.63 Total=9981.36
Tue Jun 09 08:00:00 GMT+00:00 2015 SELL  - PRE - 77 @130.12 Total=10019.24
Tue Jun 09 08:00:00 GMT+00:00 2015 BUY  - CMN - 192 @52.0 Total=9984.0
Thu Jun 25 08:00:00 GMT+00:00 2015 BUY  - AMED - 149 @39.96 Total=5954.04
Thu Jun 25 08:00:00 GMT+00:00 2015 SELL  - AVGO - 72 @139.23 Total=10024.56
Thu Jun 25 08:00:00 GMT+00:00 2015 BUY  - TMH - 150 @66.41 Total=9961.5
Mon Jun 29 08:00:00 GMT+00:00 2015 SELL  - STJ - 140 @72.85 Total=10199.0
Mon Jun 29 08:00:00 GMT+00:00 2015 BUY  - HRC - 181 @55.08 Total=9969.48
Mon Jun 29 08:00:00 GMT+00:00 2015 SELL  - AYI - 122 @179.27 Total=21870.94
Mon Jun 29 08:00:00 GMT+00:00 2015 BUY  - ITCI - 322 @30.94 Total=9962.68
Wed Jul 01 08:00:00 GMT+00:00 2015 BUY  - AVG - 218 @27.43 Total=5979.74
Thu Jul 09 08:00:00 GMT+00:00 2015 SELL  - HRC - 181 @53.38 Total=9661.78
