Start Date: Thu Jan 01 08:00:00 GMT+00:00 2015
End Date: Fri Jul 10 07:15:26 GMT+00:00 2015
Initial Cash: 100000.0
Num Positions: 5
-----------------
Fri Jan 02 08:00:00 GMT+00:00 2015 net-val=100000.0; cashbal=100000.0; num-po=0; market-dir=UPTREND; positions={}
Mon Jan 05 08:00:00 GMT+00:00 2015 net-val=100000.0; cashbal=100000.0; num-po=0; market-dir=DOWNTREND; positions={}
Tue Jan 06 08:00:00 GMT+00:00 2015 net-val=100000.0; cashbal=100000.0; num-po=0; market-dir=DOWNTREND; positions={}
Wed Jan 07 08:00:00 GMT+00:00 2015 net-val=100000.0; cashbal=100000.0; num-po=0; market-dir=DOWNTREND; positions={}
Thu Jan 08 08:00:00 GMT+00:00 2015 net-val=100000.0; cashbal=100000.0; num-po=0; market-dir=CAUTIOUS_UPTREND; positions={}
Fri Jan 09 08:00:00 GMT+00:00 2015 BUY: 65 shares of AYI cost-basis=152 for $9847.5 CASH-BAL=90145.5
Fri Jan 09 08:00:00 GMT+00:00 2015 net-val=99993.0; cashbal=90145.5; num-po=1; market-dir=CAUTIOUS_UPTREND; positions={AYI=0.0}
Mon Jan 12 08:00:00 GMT+00:00 2015 net-val=100089.35; cashbal=90145.5; num-po=1; market-dir=DOWNTREND; positions={AYI=0.978}
Tue Jan 13 08:00:00 GMT+00:00 2015 net-val=100080.9; cashbal=90145.5; num-po=1; market-dir=DOWNTREND; positions={AYI=0.893}
Wed Jan 14 08:00:00 GMT+00:00 2015 net-val=99945.05; cashbal=90145.5; num-po=1; market-dir=DOWNTREND; positions={AYI=-0.487}
Thu Jan 15 08:00:00 GMT+00:00 2015 BUY: 179 shares of HDB cost-basis=55.7 for $9963.14 CASH-BAL=80175.36
Thu Jan 15 08:00:00 GMT+00:00 2015 net-val=99808.05; cashbal=80175.36; num-po=2; market-dir=DOWNTREND; positions={AYI=-1.81, HDB=0.0}
Fri Jan 16 08:00:00 GMT+00:00 2015 net-val=100155.95999999999; cashbal=80175.36; num-po=2; market-dir=DOWNTREND; positions={AYI=-0.639, HDB=2.34}
Tue Jan 20 08:00:00 GMT+00:00 2015 net-val=100465.2; cashbal=80175.36; num-po=2; market-dir=DOWNTREND; positions={AYI=-1.06, HDB=5.86}
Wed Jan 21 08:00:00 GMT+00:00 2015 net-val=100478.22; cashbal=80175.36; num-po=2; market-dir=DOWNTREND; positions={AYI=-1.07, HDB=6.0}
Thu Jan 22 08:00:00 GMT+00:00 2015 BUY: 128 shares of HELE cost-basis=77.5 for $9923.84 CASH-BAL=70244.52
Thu Jan 22 08:00:00 GMT+00:00 2015 net-val=100677.66; cashbal=70244.52; num-po=3; market-dir=CAUTIOUS_UPTREND; positions={AYI=-0.632, HDB=7.64, HELE=0.0}
Fri Jan 23 08:00:00 GMT+00:00 2015 BUY: 113 shares of SBUX cost-basis=88.2 for $9968.86 CASH-BAL=60268.66
Fri Jan 23 08:00:00 GMT+00:00 2015 net-val=100701.77; cashbal=60268.66; num-po=4; market-dir=UPTREND; positions={AYI=0.173, SBUX=0.0, HDB=9.7, HELE=-2.56}
Mon Jan 26 08:00:00 GMT+00:00 2015 net-val=100701.77; cashbal=60268.66; num-po=4; market-dir=UPTREND; positions={AYI=0.173, SBUX=0.0, HDB=9.7, HELE=-2.56}
Tue Jan 27 08:00:00 GMT+00:00 2015 net-val=100983.49; cashbal=60268.66; num-po=4; market-dir=DOWNTREND; positions={AYI=1.11, SBUX=0.0658, HDB=11.3, HELE=-2.34}
Wed Jan 28 08:00:00 GMT+00:00 2015 BUY: 634 shares of KLIC cost-basis=15.8 for $9985.5 CASH-BAL=50276.16
Wed Jan 28 08:00:00 GMT+00:00 2015 net-val=100518.77; cashbal=50276.16; num-po=5; market-dir=DOWNTREND; positions={AYI=0.0477, SBUX=-0.818, HDB=8.75, HELE=-2.43, KLIC=0.0}
Thu Jan 29 08:00:00 GMT+00:00 2015 BUY: 106 shares of VAR cost-basis=94.0 for $9968.24 CASH-BAL=40300.92
Thu Jan 29 08:00:00 GMT+00:00 2015 Adding unprocessed symbols to watchlist: [BA]
Thu Jan 29 08:00:00 GMT+00:00 2015 net-val=100677.23; cashbal=40300.92; num-po=6; market-dir=DOWNTREND; positions={AYI=0.206, SBUX=0.871, VAR=0.0, HDB=7.73, HELE=-1.9, KLIC=0.311}
Fri Jan 30 08:00:00 GMT+00:00 2015Market-Downtrend-Sell -3%: (-3.05%)128 shares of HELE for -3.05
Fri Jan 30 08:00:00 GMT+00:00 2015Market-Downtrend-Sell -3%: (-3.75%)634 shares of KLIC for -3.75
Fri Jan 30 08:00:00 GMT+00:00 2015 SELL HELE x128 for $9628.16 -3.05%
Fri Jan 30 08:00:00 GMT+00:00 2015 SELL KLIC x634 for $9617.78 -3.75%
Fri Jan 30 08:00:00 GMT+00:00 2015 BUY: 68 shares of BA cost-basis=145 for $9885.16 CASH-BAL=49640.7
Fri Jan 30 08:00:00 GMT+00:00 2015 net-val=99142.38; cashbal=49640.7; num-po=5; market-dir=DOWNTREND; positions={AYI=-1.13, SBUX=-0.852, VAR=-1.64, HDB=2.3, BA=0.0}
Mon Feb 02 08:00:00 GMT+00:00 2015 BUY: 240 shares of NSP cost-basis=41.6 for $9976.8 CASH-BAL=39656.9
Mon Feb 02 08:00:00 GMT+00:00 2015 net-val=99512.39; cashbal=39656.9; num-po=6; market-dir=DOWNTREND; positions={AYI=-0.0447, SBUX=-0.331, VAR=-1.33, HDB=3.63, NSP=0.0, BA=0.541}
Tue Feb 03 08:00:00 GMT+00:00 2015 Adding unprocessed symbols to watchlist: [PRE]
Tue Feb 03 08:00:00 GMT+00:00 2015 net-val=99686.12; cashbal=39656.9; num-po=6; market-dir=DOWNTREND; positions={AYI=1.76, SBUX=0.236, VAR=-1.55, HDB=1.56, NSP=0.94, BA=1.28}
Wed Feb 04 08:00:00 GMT+00:00 2015 Adding unprocessed symbols to watchlist: [PRE]
Wed Feb 04 08:00:00 GMT+00:00 2015 net-val=99825.51; cashbal=39656.9; num-po=6; market-dir=DOWNTREND; positions={AYI=0.899, SBUX=0.474, VAR=-2.34, HDB=3.7, NSP=1.69, BA=1.2}
Thu Feb 05 08:00:00 GMT+00:00 2015 BUY: 82 shares of PRE cost-basis=121 for $9929.38 CASH-BAL=29720.52
Thu Feb 05 08:00:00 GMT+00:00 2015 Adding unprocessed symbols to watchlist: [BLL, EL]
Thu Feb 05 08:00:00 GMT+00:00 2015 net-val=100200.26; cashbal=29720.52; num-po=7; market-dir=CAUTIOUS_UPTREND; positions={AYI=1.62, PRE=0.0, SBUX=1.54, VAR=-2.19, HDB=3.7, NSP=2.65, BA=2.15}
Fri Feb 06 08:00:00 GMT+00:00 2015 BUY: 125 shares of EL cost-basis=79.6 for $9943.75 CASH-BAL=19769.77
Fri Feb 06 08:00:00 GMT+00:00 2015 BUY: 141 shares of BLL cost-basis=70.6 for $9956.01 CASH-BAL=9806.76
Fri Feb 06 08:00:00 GMT+00:00 2015 net-val=99975.75; cashbal=9806.76; num-po=9; market-dir=UPTREND; positions={AYI=1.74, PRE=-0.0788, BLL=0.0, SBUX=0.814, VAR=-1.68, HDB=2.18, EL=0.0, NSP=2.65, BA=1.74}
Mon Feb 09 08:00:00 GMT+00:00 2015 Selling due to underperformance: HDB 1.04% in 25
Mon Feb 09 08:00:00 GMT+00:00 2015 SELL HDB x179 for $10074.12 1.04%
Mon Feb 09 08:00:00 GMT+00:00 2015 BUY: 48 shares of ORLY cost-basis=205 for $9843.36 CASH-BAL=10023.52
Mon Feb 09 08:00:00 GMT+00:00 2015 Adding unprocessed symbols to watchlist: [HAS]
Mon Feb 09 08:00:00 GMT+00:00 2015 net-val=99975.64; cashbal=10023.52; num-po=9; market-dir=UPTREND; positions={AYI=4.0, PRE=0.144, BLL=-0.0703, SBUX=0.61, ORLY=0.0, VAR=-1.97, EL=-0.184, NSP=2.43, BA=1.45}
Tue Feb 10 08:00:00 GMT+00:00 2015 Adding unprocessed symbols to watchlist: [SEE, MOH, HAS, MLM]
Tue Feb 10 08:00:00 GMT+00:00 2015 net-val=101103.91; cashbal=10023.52; num-po=9; market-dir=UPTREND; positions={AYI=5.88, PRE=-1.48, BLL=1.76, SBUX=3.29, ORLY=0.397, VAR=-1.68, EL=0.508, NSP=7.31, BA=1.77}
Wed Feb 11 08:00:00 GMT+00:00 2015 Adding unprocessed symbols to watchlist: [SEE, SCI, HAS, MLM]
Wed Feb 11 08:00:00 GMT+00:00 2015 net-val=101550.31999999999; cashbal=10023.52; num-po=9; market-dir=UPTREND; positions={AYI=6.13, PRE=-1.8, BLL=2.46, SBUX=2.84, ORLY=1.09, VAR=-1.9, EL=0.948, NSP=10.8, BA=1.68}
Thu Feb 12 08:00:00 GMT+00:00 2015 Adding unprocessed symbols to watchlist: [NVDA, AKAM, HAS, MLM]
Thu Feb 12 08:00:00 GMT+00:00 2015 net-val=102535.43000000001; cashbal=10023.52; num-po=9; market-dir=UPTREND; positions={AYI=7.27, PRE=-1.15, BLL=4.79, SBUX=4.01, ORLY=0.66, VAR=-1.58, EL=1.64, NSP=14.7, BA=1.8}
Fri Feb 13 08:00:00 GMT+00:00 2015 Adding unprocessed symbols to watchlist: [NVDA, JCOM, EPAM]
Fri Feb 13 08:00:00 GMT+00:00 2015 net-val=103230.0; cashbal=10023.52; num-po=9; market-dir=UPTREND; positions={AYI=7.78, PRE=-1.21, BLL=6.05, SBUX=3.74, ORLY=0.163, VAR=-1.55, EL=3.63, NSP=17.6, BA=2.93}
Tue Feb 17 08:00:00 GMT+00:00 2015 Adding unprocessed symbols to watchlist: [JCOM, EPAM]
Tue Feb 17 08:00:00 GMT+00:00 2015 net-val=103353.56999999999; cashbal=10023.52; num-po=9; market-dir=UPTREND; positions={AYI=7.84, PRE=-1.96, BLL=5.28, SBUX=4.25, ORLY=0.236, VAR=-1.33, EL=2.73, NSP=20.2, BA=3.06}
Wed Feb 18 08:00:00 GMT+00:00 2015 Adding unprocessed symbols to watchlist: [NVDA, CHE, JCOM, EPAM, LNKD, HAS]
Wed Feb 18 08:00:00 GMT+00:00 2015 net-val=104002.84999999999; cashbal=10023.52; num-po=9; market-dir=UPTREND; positions={AYI=6.73, PRE=-1.96, BLL=9.21, SBUX=5.35, ORLY=0.275, VAR=-0.357, EL=2.38, NSP=21.3, BA=3.92}
Thu Feb 19 08:00:00 GMT+00:00 2015 Adding unprocessed symbols to watchlist: [BJRI, NVDA, CHE, JCOM, EPAM, HAS]
Thu Feb 19 08:00:00 GMT+00:00 2015 net-val=103647.42; cashbal=10023.52; num-po=9; market-dir=UPTREND; positions={AYI=5.71, PRE=-2.21, BLL=4.52, SBUX=5.54, ORLY=-0.149, VAR=-1.59, EL=1.85, NSP=23.9, BA=5.69}
Fri Feb 20 08:00:00 GMT+00:00 2015 Adding unprocessed symbols to watchlist: [BJRI, JWN, CHE, INTU, JCOM, HAS]
Fri Feb 20 08:00:00 GMT+00:00 2015 net-val=103955.82; cashbal=10023.52; num-po=9; market-dir=UPTREND; positions={AYI=5.66, PRE=-2.88, BLL=3.58, SBUX=5.93, ORLY=0.304, VAR=-1.28, EL=2.76, NSP=23.5, BA=8.83}
Mon Feb 23 08:00:00 GMT+00:00 2015 Selling due to underperformance: PRE -4.87% in 18
Mon Feb 23 08:00:00 GMT+00:00 2015 SELL PRE x82 for $9452.96 -4.87%
Mon Feb 23 08:00:00 GMT+00:00 2015 BUY: 187 shares of BJRI cost-basis=53.4 for $9991.41 CASH-BAL=9471.07
Mon Feb 23 08:00:00 GMT+00:00 2015 Adding unprocessed symbols to watchlist: [JWN, NVDA, CHE, INTU, JCOM, HAS]
Mon Feb 23 08:00:00 GMT+00:00 2015 net-val=103732.21; cashbal=9471.07; num-po=9; market-dir=UPTREND; positions={BJRI=0.0, AYI=6.05, BLL=4.38, SBUX=6.01, ORLY=1.61, VAR=-1.01, EL=3.19, NSP=22.5, BA=6.37}
Tue Feb 24 08:00:00 GMT+00:00 2015 Adding unprocessed symbols to watchlist: [JWN, NVDA, CHE, INTU, CBRL, HAS]
Tue Feb 24 08:00:00 GMT+00:00 2015 net-val=103386.6; cashbal=9471.07; num-po=9; market-dir=UPTREND; positions={BJRI=-0.763, AYI=6.47, BLL=2.69, SBUX=5.86, ORLY=1.13, VAR=-0.602, EL=2.72, NSP=22.0, BA=6.13}
Wed Feb 25 08:00:00 GMT+00:00 2015 Adding unprocessed symbols to watchlist: [JWN, NVDA, CHE, INTU, CBRL, MLM]
Wed Feb 25 08:00:00 GMT+00:00 2015 net-val=103188.56; cashbal=9471.07; num-po=9; market-dir=UPTREND; positions={BJRI=-1.87, AYI=5.54, BLL=2.12, SBUX=6.78, ORLY=1.69, VAR=-0.527, EL=2.86, NSP=21.8, BA=5.18}
Thu Feb 26 08:00:00 GMT+00:00 2015 Adding unprocessed symbols to watchlist: [JWN, NVDA, CHE, INTU, UVE, AKAM, BKS]
Thu Feb 26 08:00:00 GMT+00:00 2015 net-val=103467.59; cashbal=9471.07; num-po=9; market-dir=UPTREND; positions={BJRI=-2.15, AYI=5.04, BLL=2.49, SBUX=7.11, ORLY=2.01, VAR=-1.76, EL=3.36, NSP=26.0, BA=4.3}
Fri Feb 27 08:00:00 GMT+00:00 2015 Adding unprocessed symbols to watchlist: [JWN, NVDA, CHE, STMP, INTU, UVE, JCOM, AKAM, BKS]
Fri Feb 27 08:00:00 GMT+00:00 2015 net-val=103017.37; cashbal=9471.07; num-po=9; market-dir=UPTREND; positions={BJRI=-2.33, AYI=4.54, BLL=1.49, SBUX=5.89, ORLY=1.42, VAR=-1.21, EL=3.85, NSP=24.5, BA=3.7}
Mon Mar 02 08:00:00 GMT+00:00 2015 Adding unprocessed symbols to watchlist: [JWN, INTU, BKS]
Mon Mar 02 08:00:00 GMT+00:00 2015 net-val=104414.47; cashbal=9471.07; num-po=9; market-dir=UPTREND; positions={BJRI=-0.912, AYI=6.2, BLL=2.83, SBUX=6.73, ORLY=3.31, VAR=0.068, EL=4.77, NSP=27.2, BA=5.73}
Tue Mar 03 08:00:00 GMT+00:00 2015 Adding unprocessed symbols to watchlist: [JWN, SF, INTU, BKS, CRM]
Tue Mar 03 08:00:00 GMT+00:00 2015 net-val=104187.83; cashbal=9471.07; num-po=9; market-dir=UPTREND; positions={BJRI=-2.07, AYI=5.48, BLL=2.32, SBUX=6.48, ORLY=3.14, VAR=-0.219, EL=4.15, NSP=27.4, BA=6.95}
Wed Mar 04 08:00:00 GMT+00:00 2015 Adding unprocessed symbols to watchlist: [JWN, OLN, CHE, SF, INTU, UVE, CBRL, BKS, BMY]
Wed Mar 04 08:00:00 GMT+00:00 2015 net-val=103609.18000000001; cashbal=9471.07; num-po=9; market-dir=UPTREND; positions={BJRI=-2.04, AYI=5.32, BLL=0.907, SBUX=5.42, ORLY=1.27, VAR=-0.347, EL=3.3, NSP=27.9, BA=6.11}
Thu Mar 05 08:00:00 GMT+00:00 2015 net-val=103908.71; cashbal=9471.07; num-po=9; market-dir=UPTREND; positions={BJRI=-1.79, AYI=5.51, BLL=0.468, SBUX=6.06, ORLY=1.37, VAR=0.121, EL=4.54, NSP=28.4, BA=6.19}
Fri Mar 06 08:00:00 GMT+00:00 2015 Selling due to underperformance: BLL 0.227% in 28
Fri Mar 06 08:00:00 GMT+00:00 2015 SELL BLL x141 for $9985.62 0.227%
Fri Mar 06 08:00:00 GMT+00:00 2015 BUY: 155 shares of AMBA cost-basis=64.2 for $9954.1 CASH-BAL=9488.59
Fri Mar 06 08:00:00 GMT+00:00 2015 Selling due to underperformance: ORLY -0.5% in 25
Fri Mar 06 08:00:00 GMT+00:00 2015 SELL ORLY x48 for $9801.12 -0.5%
Fri Mar 06 08:00:00 GMT+00:00 2015 BUY: 67 shares of CBRL cost-basis=148 for $9883.17 CASH-BAL=9392.54
Fri Mar 06 08:00:00 GMT+00:00 2015 Adding unprocessed symbols to watchlist: [JWN, OLN, SF, INTU, UVE, BKS, BMY]
Fri Mar 06 08:00:00 GMT+00:00 2015 net-val=102815.52; cashbal=9392.54; num-po=9; market-dir=UPTREND; positions={BJRI=-3.44, AYI=4.6, SBUX=4.46, AMBA=0.0, VAR=-0.985, CBRL=0.0, EL=3.3, NSP=27.1, BA=5.26}
Mon Mar 09 08:00:00 GMT+00:00 2015 Adding unprocessed symbols to watchlist: [OLN, SF, UVE, BKS, BMY, CRM]
Mon Mar 09 08:00:00 GMT+00:00 2015 net-val=104069.28; cashbal=9392.54; num-po=9; market-dir=UPTREND; positions={BJRI=-3.55, AYI=5.73, SBUX=5.39, AMBA=3.18, VAR=0.281, CBRL=1.71, EL=4.12, NSP=29.6, BA=6.38}
Tue Mar 10 08:00:00 GMT+00:00 2015 Market-CautiousUp-Sell -3%: (-3.85%)187 shares of BJRI for -3.85
Tue Mar 10 08:00:00 GMT+00:00 2015 SELL BJRI x187 for $9613.67 -3.85%
Tue Mar 10 08:00:00 GMT+00:00 2015 Adding unprocessed symbols to watchlist: [OLN, UVE, BMY]
Tue Mar 10 08:00:00 GMT+00:00 2015 net-val=103184.6; cashbal=18999.21; num-po=8; market-dir=CAUTIOUS_UPTREND; positions={AYI=4.93, SBUX=4.42, AMBA=3.73, VAR=-1.68, CBRL=1.33, EL=2.09, NSP=28.2, BA=4.78}
Wed Mar 11 08:00:00 GMT+00:00 2015 Selling due to underperformance: EL 1.12% in 33
Wed Mar 11 08:00:00 GMT+00:00 2015 SELL EL x125 for $10062.5 1.12%
Wed Mar 11 08:00:00 GMT+00:00 2015 BUY: 152 shares of BMY cost-basis=65.6 for $9971.2 CASH-BAL=19076.51
Wed Mar 11 08:00:00 GMT+00:00 2015 Adding unprocessed symbols to watchlist: [OLN, SF, UVE]
Wed Mar 11 08:00:00 GMT+00:00 2015 net-val=103501.7; cashbal=19076.51; num-po=8; market-dir=CAUTIOUS_UPTREND; positions={AYI=6.14, SBUX=3.56, AMBA=5.22, VAR=-1.21, CBRL=1.41, NSP=30.9, BA=3.92, BMY=0.0}
Thu Mar 12 08:00:00 GMT+00:00 2015 Adding unprocessed symbols to watchlist: [OLN, UVE, CRM]
Thu Mar 12 08:00:00 GMT+00:00 2015 net-val=104420.54; cashbal=19076.51; num-po=8; market-dir=CAUTIOUS_UPTREND; positions={AYI=6.29, SBUX=5.78, AMBA=5.07, VAR=0.568, CBRL=3.98, NSP=31.5, BA=4.52, BMY=1.53}
Fri Mar 13 08:00:00 GMT+00:00 2015 Adding unprocessed symbols to watchlist: [OLN, UVE]
Fri Mar 13 08:00:00 GMT+00:00 2015 net-val=104249.55; cashbal=19076.51; num-po=8; market-dir=CAUTIOUS_UPTREND; positions={AYI=5.16, SBUX=5.68, AMBA=6.5, VAR=-0.751, CBRL=2.78, NSP=32.0, BA=4.19, BMY=1.87}
Mon Mar 16 08:00:00 GMT+00:00 2015 Adding unprocessed symbols to watchlist: [OLN]
Mon Mar 16 08:00:00 GMT+00:00 2015 net-val=105098.59; cashbal=19076.51; num-po=8; market-dir=UPTREND; positions={AYI=6.81, SBUX=6.53, AMBA=7.79, VAR=0.855, CBRL=4.05, NSP=30.7, BA=5.64, BMY=3.63}
Tue Mar 17 08:00:00 GMT+00:00 2015 Adding unprocessed symbols to watchlist: [OLN]
Tue Mar 17 08:00:00 GMT+00:00 2015 net-val=104894.56; cashbal=19076.51; num-po=8; market-dir=UPTREND; positions={AYI=6.36, SBUX=6.91, AMBA=5.52, VAR=0.249, CBRL=4.46, NSP=31.3, BA=6.22, BMY=3.01}
Wed Mar 18 08:00:00 GMT+00:00 2015 AYI ATR Sell signal. atr=2.754665882060921; vol-rate: 7.36% ;cls-rng=81.75399479747315
Wed Mar 18 08:00:00 GMT+00:00 2015 Adding unprocessed symbols to watchlist: [OLN]
Wed Mar 18 08:00:00 GMT+00:00 2015 net-val=105753.71; cashbal=19076.51; num-po=8; market-dir=UPTREND; positions={AYI=10.2, SBUX=8.57, AMBA=6.56, VAR=0.493, CBRL=3.58, NSP=31.9, BA=7.06, BMY=4.3}
Thu Mar 19 08:00:00 GMT+00:00 2015 Adding unprocessed symbols to watchlist: [OLN, NVRO]
Thu Mar 19 08:00:00 GMT+00:00 2015 net-val=105952.33; cashbal=19076.51; num-po=8; market-dir=UPTREND; positions={AYI=9.4, SBUX=10.7, AMBA=7.76, VAR=0.727, CBRL=4.9, NSP=31.1, BA=5.94, BMY=4.08}
Fri Mar 20 08:00:00 GMT+00:00 2015 Adding unprocessed symbols to watchlist: [NVRO, PRSC]
Fri Mar 20 08:00:00 GMT+00:00 2015 net-val=106458.84; cashbal=19076.51; num-po=8; market-dir=UPTREND; positions={AYI=10.9, SBUX=10.4, AMBA=12.7, VAR=0.43, CBRL=5.15, NSP=30.7, BA=6.21, BMY=3.22}
Mon Mar 23 08:00:00 GMT+00:00 2015 Adding unprocessed symbols to watchlist: [NVRO]
Mon Mar 23 08:00:00 GMT+00:00 2015 net-val=105627.58; cashbal=19076.51; num-po=8; market-dir=UPTREND; positions={AYI=8.87, SBUX=10.3, AMBA=12.4, VAR=0.525, CBRL=5.15, NSP=26.1, BA=5.05, BMY=2.95}
Tue Mar 24 08:00:00 GMT+00:00 2015 BUY: 112 shares of NSP cost-basis=45.2 for $5947.2 CASH-BAL=13122.31
Tue Mar 24 08:00:00 GMT+00:00 2015 net-val=105423.75; cashbal=13122.31; num-po=8; market-dir=UPTREND; positions={AYI=8.29, SBUX=10.9, AMBA=13.2, VAR=-0.411, CBRL=5.44, NSP=17.3, BA=4.25, BMY=0.067}
Wed Mar 25 08:00:00 GMT+00:00 2015 Selling due to underperformance: VAR -1.47% in 55
Wed Mar 25 08:00:00 GMT+00:00 2015 SELL VAR x106 for $9828.32 -1.47%
Wed Mar 25 08:00:00 GMT+00:00 2015 BUY: 186 shares of JUNO cost-basis=53.5 for $9947.28 CASH-BAL=12989.35
Wed Mar 25 08:00:00 GMT+00:00 2015 Selling due to underperformance: BMY -1.44% in 14
Wed Mar 25 08:00:00 GMT+00:00 2015 SELL BMY x152 for $9834.4 -1.44%
Wed Mar 25 08:00:00 GMT+00:00 2015 BUY: 208 shares of NVRO cost-basis=48.0 for $9992.32 CASH-BAL=12817.43
Wed Mar 25 08:00:00 GMT+00:00 2015 Selling due to underperformance: BA 1.9% in 54
Wed Mar 25 08:00:00 GMT+00:00 2015 SELL BA x68 for $10079.64 1.9%
Wed Mar 25 08:00:00 GMT+00:00 2015 BUY: 70 shares of EW cost-basis=142 for $9957.5 CASH-BAL=12925.57
Wed Mar 25 08:00:00 GMT+00:00 2015 Adding unprocessed symbols to watchlist: [OVAS]
Wed Mar 25 08:00:00 GMT+00:00 2015 net-val=102971.82; cashbal=12925.57; num-po=8; market-dir=CAUTIOUS_UPTREND; positions={AYI=6.69, NVRO=0.0, EW=0.0, SBUX=8.49, AMBA=8.24, CBRL=1.67, NSP=13.1, JUNO=0.0}
Thu Mar 26 08:00:00 GMT+00:00 2015 Adding unprocessed symbols to watchlist: [SIG, SFS, OVAS]
Thu Mar 26 08:00:00 GMT+00:00 2015 net-val=103392.61; cashbal=12925.57; num-po=8; market-dir=CAUTIOUS_UPTREND; positions={AYI=9.44, NVRO=1.22, EW=-0.316, SBUX=7.71, AMBA=6.61, CBRL=1.63, NSP=15.1, JUNO=-0.164}
Fri Mar 27 08:00:00 GMT+00:00 2015 Adding unprocessed symbols to watchlist: [SIG, SFS]
Fri Mar 27 08:00:00 GMT+00:00 2015 net-val=104573.61; cashbal=12925.57; num-po=8; market-dir=CAUTIOUS_UPTREND; positions={AYI=10.8, NVRO=2.74, EW=0.935, SBUX=7.69, AMBA=9.47, CBRL=2.35, NSP=14.0, JUNO=5.76}
Mon Mar 30 08:00:00 GMT+00:00 2015 BUY: 62 shares of SBUX cost-basis=91.0 for $5950.76 CASH-BAL=6967.81
Mon Mar 30 08:00:00 GMT+00:00 2015 Adding unprocessed symbols to watchlist: [SIG, SFS]
Mon Mar 30 08:00:00 GMT+00:00 2015 net-val=106836.81999999999; cashbal=6967.81; num-po=8; market-dir=CAUTIOUS_UPTREND; positions={AYI=13.8, NVRO=1.43, EW=1.26, SBUX=5.46, AMBA=16.1, CBRL=3.51, NSP=16.6, JUNO=13.5}
Tue Mar 31 08:00:00 GMT+00:00 2015 Adding unprocessed symbols to watchlist: [SIG, SFS]
Tue Mar 31 08:00:00 GMT+00:00 2015 net-val=105959.62; cashbal=6967.81; num-po=8; market-dir=CAUTIOUS_UPTREND; positions={AYI=10.9, NVRO=-0.299, EW=0.0773, SBUX=4.01, AMBA=17.8, CBRL=3.07, NSP=15.5, JUNO=13.4}
Wed Apr 01 08:00:00 GMT+00:00 2015 Adding unprocessed symbols to watchlist: [SIG, SFS, PRSC]
Wed Apr 01 08:00:00 GMT+00:00 2015 net-val=105113.14; cashbal=6967.81; num-po=8; market-dir=CAUTIOUS_UPTREND; positions={AYI=10.9, NVRO=-0.361, EW=-1.16, SBUX=2.17, AMBA=15.1, CBRL=1.79, NSP=16.7, JUNO=11.2}
Thu Apr 02 08:00:00 GMT+00:00 2015 Adding unprocessed symbols to watchlist: [SIG, SFS]
Thu Apr 02 08:00:00 GMT+00:00 2015 net-val=104765.39; cashbal=6967.81; num-po=8; market-dir=CAUTIOUS_UPTREND; positions={AYI=9.92, NVRO=0.367, EW=-1.22, SBUX=3.67, AMBA=15.2, CBRL=2.74, NSP=15.5, JUNO=6.59}
Mon Apr 06 08:00:00 GMT+00:00 2015 Selling due to underperformance: EW -1.76% in 12
Mon Apr 06 08:00:00 GMT+00:00 2015 SELL EW x70 for $9789.5 -1.76%
Mon Apr 06 08:00:00 GMT+00:00 2015 BUY: 71 shares of SIG cost-basis=140 for $9922.96 CASH-BAL=6820.35
Mon Apr 06 08:00:00 GMT+00:00 2015 net-val=104874.45999999999; cashbal=6820.35; num-po=8; market-dir=CAUTIOUS_UPTREND; positions={SIG=0.0, AYI=11.5, NVRO=-0.0701, SBUX=3.82, AMBA=14.6, CBRL=1.92, NSP=15.6, JUNO=8.01}
Tue Apr 07 08:00:00 GMT+00:00 2015 Selling due to underperformance: CBRL -0.00304% in 32
Tue Apr 07 08:00:00 GMT+00:00 2015 SELL CBRL x67 for $9889.87 -0.00304%
Tue Apr 07 08:00:00 GMT+00:00 2015 BUY: 241 shares of ALTR cost-basis=41.4 for $9967.76 CASH-BAL=6728.46
Tue Apr 07 08:00:00 GMT+00:00 2015 net-val=103729.67; cashbal=6728.46; num-po=8; market-dir=CAUTIOUS_UPTREND; positions={SIG=-1.18, AYI=10.6, NVRO=-1.76, SBUX=3.32, AMBA=13.3, ALTR=0.0, NSP=15.1, JUNO=5.2}
Wed Apr 08 08:00:00 GMT+00:00 2015 BUY: 35 shares of AYI cost-basis=158 for $5913.6 CASH-BAL=807.86
Wed Apr 08 08:00:00 GMT+00:00 2015 net-val=105460.12; cashbal=807.86; num-po=8; market-dir=UPTREND; positions={SIG=-1.49, AYI=7.16, NVRO=4.05, SBUX=4.6, AMBA=15.8, ALTR=1.48, NSP=15.5, JUNO=9.69}
Thu Apr 09 08:00:00 GMT+00:00 2015 SBUX: Applying split factor of: 2.0
Thu Apr 09 08:00:00 GMT+00:00 2015 Adding unprocessed symbols to watchlist: [APOG, RHT]
Thu Apr 09 08:00:00 GMT+00:00 2015 net-val=105884.34; cashbal=807.86; num-po=8; market-dir=UPTREND; positions={SIG=-1.36, AYI=6.05, NVRO=3.7, SBUX=5.35, AMBA=17.0, ALTR=4.69, NSP=15.2, JUNO=10.7}
Fri Apr 10 08:00:00 GMT+00:00 2015 Adding unprocessed symbols to watchlist: [SIMO, GE, RHT]
Fri Apr 10 08:00:00 GMT+00:00 2015 net-val=107611.56; cashbal=807.86; num-po=8; market-dir=UPTREND; positions={SIG=-2.03, AYI=5.87, NVRO=11.7, SBUX=5.82, AMBA=18.0, ALTR=7.57, NSP=17.4, JUNO=12.9}
Mon Apr 13 08:00:00 GMT+00:00 2015 Adding unprocessed symbols to watchlist: [TSE, GE]
Mon Apr 13 08:00:00 GMT+00:00 2015 net-val=107165.38; cashbal=807.86; num-po=8; market-dir=UPTREND; positions={SIG=-2.76, AYI=5.62, NVRO=9.21, SBUX=6.54, AMBA=17.1, ALTR=5.97, NSP=17.9, JUNO=12.5}
Tue Apr 14 08:00:00 GMT+00:00 2015 Adding unprocessed symbols to watchlist: [AERI, SIMO, GE]
Tue Apr 14 08:00:00 GMT+00:00 2015 net-val=106802.47; cashbal=807.86; num-po=8; market-dir=UPTREND; positions={SIG=-3.34, AYI=5.14, NVRO=9.59, SBUX=6.1, AMBA=16.5, ALTR=2.81, NSP=17.0, JUNO=15.7}
Wed Apr 15 08:00:00 GMT+00:00 2015 Adding unprocessed symbols to watchlist: [AERI]
Wed Apr 15 08:00:00 GMT+00:00 2015 net-val=107646.14; cashbal=807.86; num-po=8; market-dir=UPTREND; positions={SIG=-3.43, AYI=7.04, NVRO=9.4, SBUX=5.75, AMBA=16.2, ALTR=4.91, NSP=17.5, JUNO=19.5}
Thu Apr 16 08:00:00 GMT+00:00 2015 Adding unprocessed symbols to watchlist: [PNRA]
Thu Apr 16 08:00:00 GMT+00:00 2015 net-val=107536.38; cashbal=807.86; num-po=8; market-dir=UPTREND; positions={SIG=-4.03, AYI=6.15, NVRO=11.6, SBUX=5.97, AMBA=16.1, ALTR=4.74, NSP=15.9, JUNO=20.5}
Fri Apr 17 08:00:00 GMT+00:00 2015 StopLoss-SoftStop SELL: (-5.33%)71 shares of SIG for -5.33
Fri Apr 17 08:00:00 GMT+00:00 2015 SELL SIG x71 for $9401.11 -5.33%
Fri Apr 17 08:00:00 GMT+00:00 2015 Adding unprocessed symbols to watchlist: [CE, TSE, PNRA]
Fri Apr 17 08:00:00 GMT+00:00 2015 net-val=106227.87; cashbal=10201.97; num-po=7; market-dir=UPTREND; positions={AYI=4.99, NVRO=10.0, SBUX=4.61, AMBA=13.4, ALTR=6.36, NSP=12.6, JUNO=20.8}
Mon Apr 20 08:00:00 GMT+00:00 2015 BUY: 80 shares of AMBA cost-basis=67.7 for $5964.8 CASH-BAL=4230.17
Mon Apr 20 08:00:00 GMT+00:00 2015 Adding unprocessed symbols to watchlist: [CE, TSE]
Mon Apr 20 08:00:00 GMT+00:00 2015 net-val=105261.11; cashbal=4230.17; num-po=7; market-dir=UPTREND; positions={AYI=6.27, NVRO=9.63, SBUX=5.38, AMBA=10.0, ALTR=4.28, NSP=14.6, JUNO=4.45}
Tue Apr 21 08:00:00 GMT+00:00 2015 Adding unprocessed symbols to watchlist: [CE, PNRA, APOG]
Tue Apr 21 08:00:00 GMT+00:00 2015 net-val=105571.20999999999; cashbal=4230.17; num-po=7; market-dir=UPTREND; positions={AYI=6.64, NVRO=10.2, SBUX=6.26, AMBA=9.71, ALTR=4.48, NSP=14.6, JUNO=5.39}
Wed Apr 22 08:00:00 GMT+00:00 2015 Adding unprocessed symbols to watchlist: [CE, AERI, STJ, PNRA, APOG, SIMO]
Wed Apr 22 08:00:00 GMT+00:00 2015 net-val=105182.5; cashbal=4230.17; num-po=7; market-dir=UPTREND; positions={AYI=6.17, NVRO=11.3, SBUX=6.19, AMBA=9.99, ALTR=3.36, NSP=13.2, JUNO=4.12}
Thu Apr 23 08:00:00 GMT+00:00 2015 Adding unprocessed symbols to watchlist: [CE, AERI, PNRA, APOG, ARRS, DPZ]
Thu Apr 23 08:00:00 GMT+00:00 2015 net-val=105720.67; cashbal=4230.17; num-po=7; market-dir=UPTREND; positions={AYI=6.36, NVRO=11.5, SBUX=8.59, AMBA=8.34, ALTR=1.69, NSP=14.2, JUNO=7.86}
Fri Apr 24 08:00:00 GMT+00:00 2015 SBUX ATR Sell signal. atr=0.7647698742432526; vol-rate: 169% ;cls-rng=82.99319727891164
Fri Apr 24 08:00:00 GMT+00:00 2015 Market-Uptrend-Sell 20EMA: (-2.2%)241 shares of ALTR for -1.21
Fri Apr 24 08:00:00 GMT+00:00 2015Market-Uptrend-Sell 50EDMA: (-3.02%)352 shares of NSP for 12.2
Fri Apr 24 08:00:00 GMT+00:00 2015 SELL ALTR x241 for $9854.49 -1.21%
Fri Apr 24 08:00:00 GMT+00:00 2015 SELL NSP x352 for $17881.6 12.2%
Fri Apr 24 08:00:00 GMT+00:00 2015 BUY: 328 shares of SIMO cost-basis=30.4 for $9971.2 CASH-BAL=21974.06
Fri Apr 24 08:00:00 GMT+00:00 2015 BUY: 279 shares of ARRS cost-basis=35.8 for $9977.04 CASH-BAL=11990.02
Fri Apr 24 08:00:00 GMT+00:00 2015 Adding unprocessed symbols to watchlist: [MMSI, CE, STJ, PNRA, APOG]
Fri Apr 24 08:00:00 GMT+00:00 2015 net-val=105390.53; cashbal=11990.02; num-po=7; market-dir=UPTREND; positions={AYI=6.34, NVRO=11.0, SBUX=13.9, AMBA=6.39, ARRS=0.0, JUNO=5.88, SIMO=0.0}
Mon Apr 27 08:00:00 GMT+00:00 2015 StopLoss-SoftStop SELL: (-5.06%)186 shares of JUNO for -5.06
Mon Apr 27 08:00:00 GMT+00:00 2015 SELL JUNO x186 for $9450.66 -5.06%
Mon Apr 27 08:00:00 GMT+00:00 2015 BUY: 485 shares of MMSI cost-basis=20.6 for $9981.3 CASH-BAL=11445.38
Mon Apr 27 08:00:00 GMT+00:00 2015 BUY: 90 shares of DPZ cost-basis=110 for $9922.5 CASH-BAL=1515.88
Mon Apr 27 08:00:00 GMT+00:00 2015 Selling due to underperformance: NVRO 1.78% in 33
Mon Apr 27 08:00:00 GMT+00:00 2015 SELL NVRO x208 for $10177.44 1.78%
Mon Apr 27 08:00:00 GMT+00:00 2015 BUY: 77 shares of PRE cost-basis=129 for $9899.89 CASH-BAL=1779.43
Mon Apr 27 08:00:00 GMT+00:00 2015 Adding unprocessed symbols to watchlist: [CE, STJ, PNRA]
Mon Apr 27 08:00:00 GMT+00:00 2015 net-val=102325.56999999999; cashbal=1779.43; num-po=8; market-dir=UPTREND; positions={AYI=6.15, MMSI=0.0, PRE=0.0, SBUX=11.8, AMBA=4.18, ARRS=-2.25, SIMO=-0.86, DPZ=0.0}
Tue Apr 28 08:00:00 GMT+00:00 2015 Adding unprocessed symbols to watchlist: [CE, STJ, PNRA]
Tue Apr 28 08:00:00 GMT+00:00 2015 net-val=102612.94; cashbal=1779.43; num-po=8; market-dir=UPTREND; positions={AYI=4.98, MMSI=1.24, PRE=0.59, SBUX=11.2, AMBA=6.22, ARRS=-2.22, SIMO=-1.65, DPZ=1.33}
Wed Apr 29 08:00:00 GMT+00:00 2015 Adding unprocessed symbols to watchlist: [CE, XPO, PNRA, STJ]
Wed Apr 29 08:00:00 GMT+00:00 2015 net-val=103504.77; cashbal=1779.43; num-po=8; market-dir=UPTREND; positions={AYI=7.16, MMSI=-0.993, PRE=0.046, SBUX=11.3, AMBA=11.2, ARRS=-3.09, SIMO=1.61, DPZ=-0.851}
Thu Apr 30 08:00:00 GMT+00:00 2015 StopLoss-SoftStop SELL: (-5.76%)485 shares of MMSI for -5.76
Thu Apr 30 08:00:00 GMT+00:00 2015 SELL MMSI x485 for $9413.85 -5.76%
Thu Apr 30 08:00:00 GMT+00:00 2015 Market-Uptrend-Sell 20EMA: (-4.79%)328 shares of SIMO for -3.66
Thu Apr 30 08:00:00 GMT+00:00 2015 SELL SIMO x328 for $9613.68 -3.66%
Thu Apr 30 08:00:00 GMT+00:00 2015 BUY: 417 shares of AVG cost-basis=23.9 for $9974.64 CASH-BAL=10811.32
Thu Apr 30 08:00:00 GMT+00:00 2015 BUY: 137 shares of CRM cost-basis=72.8 for $9976.34 CASH-BAL=827.98
Thu Apr 30 08:00:00 GMT+00:00 2015 Adding unprocessed symbols to watchlist: [CE, XPO, PNRA, AMZN]
Thu Apr 30 08:00:00 GMT+00:00 2015 net-val=100913.43; cashbal=827.98; num-po=8; market-dir=UPTREND; positions={AYI=5.84, PRE=-0.514, AVG=0.0, SBUX=8.92, AMBA=7.9, ARRS=-5.89, DPZ=-2.25, CRM=0.0}
Fri May 01 08:00:00 GMT+00:00 2015 Adding unprocessed symbols to watchlist: [NFLX, CE, XPO, PNRA, STJ, AMZN]
Fri May 01 08:00:00 GMT+00:00 2015 net-val=100899.43; cashbal=827.98; num-po=8; market-dir=UPTREND; positions={AYI=5.84, PRE=-0.514, AVG=-0.0702, SBUX=8.92, AMBA=7.9, ARRS=-5.89, DPZ=-2.25, CRM=-0.0702}
Mon May 04 08:00:00 GMT+00:00 2015 Adding unprocessed symbols to watchlist: [XPO, STJ, AMZN]
Mon May 04 08:00:00 GMT+00:00 2015 net-val=102212.68000000001; cashbal=827.98; num-po=8; market-dir=UPTREND; positions={AYI=9.79, PRE=-1.35, AVG=-0.864, SBUX=10.8, AMBA=11.2, ARRS=-4.1, DPZ=-2.17, CRM=-1.75}
Tue May 05 08:00:00 GMT+00:00 2015 Adding unprocessed symbols to watchlist: [CLGX, XPO, STJ, AMZN]
Tue May 05 08:00:00 GMT+00:00 2015 net-val=100667.23999999999; cashbal=827.98; num-po=8; market-dir=UPTREND; positions={AYI=7.97, PRE=-0.514, AVG=-2.79, SBUX=8.54, AMBA=6.97, ARRS=-4.77, DPZ=-4.19, CRM=-0.166}
Wed May 06 08:00:00 GMT+00:00 2015 StopLoss-SoftStop SELL: (-6.56%)279 shares of ARRS for -6.56
Wed May 06 08:00:00 GMT+00:00 2015 SELL ARRS x279 for $9329.76 -6.56%
Wed May 06 08:00:00 GMT+00:00 2015 Selling due to underperformance: SBUX 7.49% in 103
Wed May 06 08:00:00 GMT+00:00 2015 SELL SBUX x350 for $17125.5 7.49%
Wed May 06 08:00:00 GMT+00:00 2015 BUY: 140 shares of STJ cost-basis=71.1 for $9949.8 CASH-BAL=17312.44
Wed May 06 08:00:00 GMT+00:00 2015 Adding unprocessed symbols to watchlist: [XPO, PLCE, AMZN]
Wed May 06 08:00:00 GMT+00:00 2015 net-val=100896.49; cashbal=17312.44; num-po=7; market-dir=DOWNTREND; positions={AYI=8.32, PRE=-0.172, AVG=-1.95, AMBA=8.37, STJ=0.0, DPZ=-3.81, CRM=1.26}
Thu May 07 08:00:00 GMT+00:00 2015 Adding unprocessed symbols to watchlist: [CLGX, XPO, AMZN]
Thu May 07 08:00:00 GMT+00:00 2015 net-val=101304.51; cashbal=17312.44; num-po=7; market-dir=DOWNTREND; positions={AYI=8.65, PRE=-0.0552, AVG=-0.99, AMBA=8.09, STJ=0.324, DPZ=-2.17, CRM=2.26}
Fri May 08 08:00:00 GMT+00:00 2015 PRE ATR Sell signal. atr=1.5810756295561998; vol-rate: 282% ;cls-rng=92.06680584551157
Fri May 08 08:00:00 GMT+00:00 2015 Adding unprocessed symbols to watchlist: [STMP, CLGX, XPO, IMPV]
Fri May 08 08:00:00 GMT+00:00 2015 net-val=101609.14; cashbal=17312.44; num-po=7; market-dir=DOWNTREND; positions={AYI=10.5, PRE=3.26, AVG=-0.99, AMBA=6.3, STJ=1.89, DPZ=-1.09, CRM=-0.647}
Mon May 11 08:00:00 GMT+00:00 2015 Adding unprocessed symbols to watchlist: [RBA, CALM, STMP, XPO, IMPV]
Mon May 11 08:00:00 GMT+00:00 2015 net-val=101799.13; cashbal=17312.44; num-po=7; market-dir=DOWNTREND; positions={AYI=11.2, PRE=3.72, AVG=0.808, AMBA=5.96, STJ=1.98, DPZ=-0.442, CRM=-2.29}
Tue May 12 08:00:00 GMT+00:00 2015 Adding unprocessed symbols to watchlist: [RBA, STMP, VRTU, XPO, IMPV]
Tue May 12 08:00:00 GMT+00:00 2015 net-val=102318.53; cashbal=17312.44; num-po=7; market-dir=DOWNTREND; positions={AYI=12.4, PRE=4.59, AVG=1.69, AMBA=7.53, STJ=0.915, DPZ=-1.15, CRM=-1.51}
Wed May 13 08:00:00 GMT+00:00 2015 Adding unprocessed symbols to watchlist: [RBA, STMP, XPO, IMPV, PLCE]
Wed May 13 08:00:00 GMT+00:00 2015 net-val=102697.13; cashbal=17312.44; num-po=7; market-dir=DOWNTREND; positions={AYI=14.1, PRE=4.4, AVG=2.81, AMBA=7.84, STJ=0.901, DPZ=-1.49, CRM=-1.48}
Thu May 14 08:00:00 GMT+00:00 2015 STJ ATR Sell signal. atr=1.323360606326207; vol-rate: 29.3% ;cls-rng=93.60902255639091
Thu May 14 08:00:00 GMT+00:00 2015 Adding unprocessed symbols to watchlist: [RBA, STMP, XPO, IMPV, PLCE]
Thu May 14 08:00:00 GMT+00:00 2015 net-val=104130.83; cashbal=17312.44; num-po=7; market-dir=CAUTIOUS_UPTREND; positions={AYI=14.8, PRE=4.22, AVG=3.19, AMBA=12.0, STJ=4.74, DPZ=-0.379, CRM=0.0122}
Fri May 15 08:00:00 GMT+00:00 2015 Adding unprocessed symbols to watchlist: [RBA, STMP, PLCE]
Fri May 15 08:00:00 GMT+00:00 2015 net-val=105364.67; cashbal=17312.44; num-po=7; market-dir=UPTREND; positions={AYI=16.0, PRE=4.33, AVG=3.86, AMBA=17.8, STJ=5.4, DPZ=0.0111, CRM=-0.647}
Mon May 18 08:00:00 GMT+00:00 2015 Adding unprocessed symbols to watchlist: [RBA, STMP, PLCE]
Mon May 18 08:00:00 GMT+00:00 2015 net-val=105525.94; cashbal=17312.44; num-po=7; market-dir=UPTREND; positions={AYI=14.4, PRE=4.46, AVG=3.4, AMBA=20.1, STJ=5.08, DPZ=0.691, CRM=-0.0976}
Tue May 19 08:00:00 GMT+00:00 2015 Adding unprocessed symbols to watchlist: [RBA, STMP, PLCE]
Tue May 19 08:00:00 GMT+00:00 2015 net-val=105802.98; cashbal=17312.44; num-po=7; market-dir=UPTREND; positions={AYI=15.1, PRE=4.28, AVG=2.65, AMBA=23.3, STJ=4.87, DPZ=0.202, CRM=-1.91}
Wed May 20 08:00:00 GMT+00:00 2015 Selling due to underperformance: CRM -3.72% in 20
Wed May 20 08:00:00 GMT+00:00 2015 SELL CRM x137 for $9611.92 -3.72%
Wed May 20 08:00:00 GMT+00:00 2015 BUY: 140 shares of STMP cost-basis=70.9 for $9924.6 CASH-BAL=16985.76
Wed May 20 08:00:00 GMT+00:00 2015 Adding unprocessed symbols to watchlist: [PLCE]
Wed May 20 08:00:00 GMT+00:00 2015 net-val=106312.22; cashbal=16985.76; num-po=7; market-dir=UPTREND; positions={AYI=15.7, PRE=4.46, AVG=2.48, STMP=0.0, AMBA=27.2, STJ=4.7, DPZ=0.0746}
Thu May 21 08:00:00 GMT+00:00 2015 Adding unprocessed symbols to watchlist: [PLCE]
Thu May 21 08:00:00 GMT+00:00 2015 net-val=105542.04; cashbal=16985.76; num-po=7; market-dir=UPTREND; positions={AYI=15.7, PRE=3.79, AVG=3.02, STMP=-0.649, AMBA=22.9, STJ=5.09, DPZ=-0.234}
Fri May 22 08:00:00 GMT+00:00 2015 Adding unprocessed symbols to watchlist: [RBA, VRTU]
Fri May 22 08:00:00 GMT+00:00 2015 net-val=105185.54000000001; cashbal=16985.76; num-po=7; market-dir=UPTREND; positions={AYI=15.2, PRE=3.4, AVG=1.98, STMP=-1.35, AMBA=23.4, STJ=4.43, DPZ=-1.18}
Tue May 26 08:00:00 GMT+00:00 2015 Adding unprocessed symbols to watchlist: [DGX, VRTU]
Tue May 26 08:00:00 GMT+00:00 2015 net-val=105528.75; cashbal=16985.76; num-po=7; market-dir=UPTREND; positions={AYI=14.3, PRE=2.67, AVG=1.85, STMP=-2.68, AMBA=28.6, STJ=3.62, DPZ=-1.6}
Wed May 27 08:00:00 GMT+00:00 2015 Adding unprocessed symbols to watchlist: [AVGO, DGX, VRTU, AMED]
Wed May 27 08:00:00 GMT+00:00 2015 net-val=106261.1; cashbal=16985.76; num-po=7; market-dir=UPTREND; positions={AYI=13.6, PRE=2.79, AVG=3.07, STMP=-2.93, AMBA=32.6, STJ=4.47, DPZ=-1.52}
Thu May 28 08:00:00 GMT+00:00 2015 Adding unprocessed symbols to watchlist: [AVGO, DGX, AMED]
Thu May 28 08:00:00 GMT+00:00 2015 net-val=105890.70999999999; cashbal=16985.76; num-po=7; market-dir=UPTREND; positions={AYI=13.2, PRE=2.86, AVG=2.4, STMP=-3.53, AMBA=31.2, STJ=4.26, DPZ=-1.01}
Fri May 29 08:00:00 GMT+00:00 2015 StopLoss-SoftStop SELL: (-5.15%)140 shares of STMP for -5.15
Fri May 29 08:00:00 GMT+00:00 2015 SELL STMP x140 for $9420.6 -5.15%
Fri May 29 08:00:00 GMT+00:00 2015 BUY: 322 shares of AMED cost-basis=31.0 for $9988.44 CASH-BAL=16403.92
Fri May 29 08:00:00 GMT+00:00 2015 BUY: 132 shares of DGX cost-basis=75.2 for $9930.36 CASH-BAL=6466.56
Fri May 29 08:00:00 GMT+00:00 2015 net-val=105627.06; cashbal=6466.56; num-po=8; market-dir=UPTREND; positions={AYI=11.9, PRE=2.15, AVG=2.44, DGX=0.0, AMBA=33.1, AMED=0.0, STJ=3.7, DPZ=-1.51}
Mon Jun 01 08:00:00 GMT+00:00 2015 net-val=107462.02; cashbal=6466.56; num-po=8; market-dir=UPTREND; positions={AYI=12.5, PRE=2.47, AVG=4.7, DGX=0.262, AMBA=39.4, AMED=3.25, STJ=4.6, DPZ=-1.16}
Tue Jun 02 08:00:00 GMT+00:00 2015 BUY: 22 shares of AYI cost-basis=161 for $3927.22 CASH-BAL=2532.34
Tue Jun 02 08:00:00 GMT+00:00 2015 Adding unprocessed symbols to watchlist: [CVC]
Tue Jun 02 08:00:00 GMT+00:00 2015 net-val=107018.6; cashbal=2532.34; num-po=8; market-dir=UPTREND; positions={AYI=10.5, PRE=2.98, AVG=3.86, DGX=-0.695, AMBA=36.0, AMED=4.89, STJ=4.35, DPZ=-1.32}
Wed Jun 03 08:00:00 GMT+00:00 2015 Adding unprocessed symbols to watchlist: [AVGO]
Wed Jun 03 08:00:00 GMT+00:00 2015 net-val=108476.2; cashbal=2532.34; num-po=8; market-dir=UPTREND; positions={AYI=11.3, PRE=2.89, AVG=7.54, DGX=-1.23, AMBA=41.1, AMED=6.44, STJ=4.71, DPZ=-1.21}
Thu Jun 04 08:00:00 GMT+00:00 2015 Adding unprocessed symbols to watchlist: [AVGO]
Thu Jun 04 08:00:00 GMT+00:00 2015 net-val=109110.62; cashbal=2532.34; num-po=8; market-dir=UPTREND; positions={AYI=10.4, PRE=2.37, AVG=4.86, DGX=-0.456, AMBA=48.1, AMED=7.28, STJ=3.14, DPZ=-1.18}
Fri Jun 05 08:00:00 GMT+00:00 2015 Adding unprocessed symbols to watchlist: [AVGO]
Fri Jun 05 08:00:00 GMT+00:00 2015 net-val=110576.69; cashbal=2532.34; num-po=8; market-dir=UPTREND; positions={AYI=11.4, PRE=2.54, AVG=7.5, DGX=-1.76, AMBA=52.5, AMED=9.99, STJ=3.81, DPZ=-0.297}
Mon Jun 08 08:00:00 GMT+00:00 2015 Selling due to underperformance: DGX -1.92% in 10
Mon Jun 08 08:00:00 GMT+00:00 2015 SELL DGX x132 for $9746.88 -1.92%
Mon Jun 08 08:00:00 GMT+00:00 2015 BUY: 72 shares of AVGO cost-basis=139 for $9981.36 CASH-BAL=2283.86
Mon Jun 08 08:00:00 GMT+00:00 2015 net-val=111537.51; cashbal=2283.86; num-po=8; market-dir=UPTREND; positions={AYI=9.88, PRE=1.66, AVG=8.0, AVGO=0.0, AMBA=60.5, AMED=11.6, STJ=2.84, DPZ=-0.415}
Tue Jun 09 08:00:00 GMT+00:00 2015 Selling due to underperformance: PRE 1.13% in 43
Tue Jun 09 08:00:00 GMT+00:00 2015 SELL PRE x77 for $10019.24 1.13%
Tue Jun 09 08:00:00 GMT+00:00 2015 BUY: 192 shares of CMN cost-basis=52.0 for $9984.0 CASH-BAL=2305.1
Tue Jun 09 08:00:00 GMT+00:00 2015 Adding unprocessed symbols to watchlist: [NWBO]
Tue Jun 09 08:00:00 GMT+00:00 2015 net-val=113586.43000000001; cashbal=2305.1; num-po=8; market-dir=UPTREND; positions={AYI=10.9, AVG=8.0, AVGO=1.07, AMBA=68.3, AMED=16.3, CMN=0.0, STJ=3.19, DPZ=0.0927}
Wed Jun 10 08:00:00 GMT+00:00 2015 Adding unprocessed symbols to watchlist: [WETF]
Wed Jun 10 08:00:00 GMT+00:00 2015 net-val=114298.69; cashbal=2305.1; num-po=8; market-dir=UPTREND; positions={AYI=11.2, AVG=9.67, AVGO=2.98, AMBA=66.6, AMED=20.5, CMN=-1.95, STJ=4.67, DPZ=1.87}
Thu Jun 11 08:00:00 GMT+00:00 2015 Adding unprocessed symbols to watchlist: [MBLY, WETF]
Thu Jun 11 08:00:00 GMT+00:00 2015 net-val=114901.08; cashbal=2305.1; num-po=8; market-dir=UPTREND; positions={AYI=12.5, AVG=14.6, AVGO=2.35, AMBA=64.5, AMED=20.8, CMN=-0.185, STJ=5.66, DPZ=1.45}
Fri Jun 12 08:00:00 GMT+00:00 2015 Adding unprocessed symbols to watchlist: [WETF]
Fri Jun 12 08:00:00 GMT+00:00 2015 net-val=116639.66; cashbal=2305.1; num-po=8; market-dir=UPTREND; positions={AYI=12.4, AVG=16.1, AVGO=1.26, AMBA=74.3, AMED=23.2, CMN=-0.205, STJ=4.53, DPZ=1.78}
Mon Jun 15 08:00:00 GMT+00:00 2015 Adding unprocessed symbols to watchlist: [MBLY]
Mon Jun 15 08:00:00 GMT+00:00 2015 net-val=116572.75; cashbal=2305.1; num-po=8; market-dir=UPTREND; positions={AYI=13.6, AVG=16.1, AVGO=3.17, AMBA=73.4, AMED=22.4, CMN=-0.839, STJ=3.86, DPZ=0.437}
Tue Jun 16 08:00:00 GMT+00:00 2015 net-val=117116.3; cashbal=2305.1; num-po=8; market-dir=UPTREND; positions={AYI=13.4, AVG=16.1, AVGO=2.35, AMBA=73.9, AMED=26.2, CMN=0.988, STJ=4.04, DPZ=0.392}
Wed Jun 17 08:00:00 GMT+00:00 2015 Adding unprocessed symbols to watchlist: [NWBO]
Wed Jun 17 08:00:00 GMT+00:00 2015 net-val=118361.31; cashbal=2305.1; num-po=8; market-dir=UPTREND; positions={AYI=13.6, AVG=16.4, AVGO=1.41, AMBA=80.4, AMED=29.4, CMN=-0.185, STJ=4.33, DPZ=0.537}
Thu Jun 18 08:00:00 GMT+00:00 2015 Adding unprocessed symbols to watchlist: [NWBO, HRC]
Thu Jun 18 08:00:00 GMT+00:00 2015 net-val=120468.76; cashbal=2305.1; num-po=8; market-dir=UPTREND; positions={AYI=14.5, AVG=15.6, AVGO=3.08, AMBA=87.0, AMED=31.9, CMN=1.51, STJ=6.64, DPZ=2.03}
Fri Jun 19 08:00:00 GMT+00:00 2015 Adding unprocessed symbols to watchlist: [HRC, BMRN]
Fri Jun 19 08:00:00 GMT+00:00 2015 net-val=119335.47; cashbal=2305.1; num-po=8; market-dir=UPTREND; positions={AYI=15.1, AVG=16.1, AVGO=3.0, AMBA=76.1, AMED=36.4, CMN=2.12, STJ=6.39, DPZ=1.44}
Mon Jun 22 08:00:00 GMT+00:00 2015 Adding unprocessed symbols to watchlist: [HRC]
Mon Jun 22 08:00:00 GMT+00:00 2015 net-val=113819.68; cashbal=2305.1; num-po=8; market-dir=UPTREND; positions={AYI=14.8, AVG=17.4, AVGO=3.28, AMBA=39.2, AMED=36.0, CMN=3.26, STJ=6.61, DPZ=3.2}
Tue Jun 23 08:00:00 GMT+00:00 2015 Adding unprocessed symbols to watchlist: [BCRX, HRC]
Tue Jun 23 08:00:00 GMT+00:00 2015 net-val=115182.66; cashbal=2305.1; num-po=8; market-dir=UPTREND; positions={AYI=14.6, AVG=19.8, AVGO=2.1, AMBA=50.9, AMED=30.3, CMN=3.83, STJ=5.88, DPZ=2.99}
Wed Jun 24 08:00:00 GMT+00:00 2015 Adding unprocessed symbols to watchlist: [ITCI, BCRX, HRC, BMRN]
Wed Jun 24 08:00:00 GMT+00:00 2015 net-val=113560.04; cashbal=2305.1; num-po=8; market-dir=UPTREND; positions={AYI=12.1, AVG=17.9, AVGO=0.896, AMBA=49.9, AMED=27.2, CMN=3.51, STJ=4.66, DPZ=1.19}
Thu Jun 25 08:00:00 GMT+00:00 2015 BUY: 149 shares of AMED cost-basis=33.8 for $5954.04 CASH-BAL=-3655.94
Thu Jun 25 08:00:00 GMT+00:00 2015 Selling due to underperformance: AVGO 0.363% in 17
Thu Jun 25 08:00:00 GMT+00:00 2015 SELL AVGO x72 for $10024.56 0.363%
Thu Jun 25 08:00:00 GMT+00:00 2015 BUY: 150 shares of TMH cost-basis=66.4 for $9961.5 CASH-BAL=-3606.88
Thu Jun 25 08:00:00 GMT+00:00 2015 Adding unprocessed symbols to watchlist: [ITCI, HRC, BCRX, BMRN]
Thu Jun 25 08:00:00 GMT+00:00 2015 net-val=114646.62; cashbal=-3606.88; num-po=8; market-dir=UPTREND; positions={AYI=13.0, AVG=18.0, AMBA=54.5, AMED=18.0, CMN=3.97, STJ=4.97, TMH=0.0, DPZ=1.26}
Fri Jun 26 08:00:00 GMT+00:00 2015 Adding unprocessed symbols to watchlist: [ITCI, HRC, BCRX, BMRN]
Fri Jun 26 08:00:00 GMT+00:00 2015 net-val=113785.45; cashbal=-3606.88; num-po=8; market-dir=UPTREND; positions={AYI=12.8, AVG=16.6, AMBA=49.9, AMED=16.1, CMN=3.6, STJ=4.59, TMH=1.44, DPZ=4.15}
Mon Jun 29 08:00:00 GMT+00:00 2015 Selling due to underperformance: STJ 2.43% in 54
Mon Jun 29 08:00:00 GMT+00:00 2015 SELL STJ x140 for $10199.0 2.43%
Mon Jun 29 08:00:00 GMT+00:00 2015 BUY: 181 shares of HRC cost-basis=55.1 for $9969.48 CASH-BAL=-3391.36
Mon Jun 29 08:00:00 GMT+00:00 2015 Selling due to underperformance: AYI 11.0% in 171
Mon Jun 29 08:00:00 GMT+00:00 2015 SELL AYI x122 for $21870.94 11.0%
Mon Jun 29 08:00:00 GMT+00:00 2015 BUY: 322 shares of ITCI cost-basis=30.9 for $9962.68 CASH-BAL=8502.9
Mon Jun 29 08:00:00 GMT+00:00 2015 Adding unprocessed symbols to watchlist: [IPCM, BCRX, BMRN]
Mon Jun 29 08:00:00 GMT+00:00 2015 net-val=112280.49; cashbal=8502.9; num-po=8; market-dir=DOWNTREND; positions={AVG=12.3, ITCI=0.0, AMBA=48.7, AMED=17.4, CMN=2.28, HRC=0.0, TMH=-1.82, DPZ=3.33}
Tue Jun 30 08:00:00 GMT+00:00 2015 Adding unprocessed symbols to watchlist: [IPCM, BCRX, BMRN]
Tue Jun 30 08:00:00 GMT+00:00 2015 net-val=113056.22; cashbal=8502.9; num-po=8; market-dir=DOWNTREND; positions={AVG=13.7, ITCI=3.19, AMBA=51.5, AMED=17.3, CMN=3.14, HRC=-1.43, TMH=-1.7, DPZ=2.79}
Wed Jul 01 08:00:00 GMT+00:00 2015 BUY: 218 shares of AVG cost-basis=25.1 for $5979.74 CASH-BAL=2516.16
Wed Jul 01 08:00:00 GMT+00:00 2015 Adding unprocessed symbols to watchlist: [IPCM, BCRX, BMRN]
Wed Jul 01 08:00:00 GMT+00:00 2015 net-val=113377.56999999999; cashbal=2516.16; num-po=8; market-dir=DOWNTREND; positions={AVG=9.13, ITCI=1.61, AMBA=50.3, AMED=19.9, CMN=2.76, HRC=-1.52, TMH=-0.597, DPZ=3.83}
Thu Jul 02 08:00:00 GMT+00:00 2015 Adding unprocessed symbols to watchlist: [BCRX, BMRN]
Thu Jul 02 08:00:00 GMT+00:00 2015 net-val=113239.15; cashbal=2516.16; num-po=8; market-dir=DOWNTREND; positions={AVG=9.64, ITCI=0.608, AMBA=49.3, AMED=20.6, CMN=3.03, HRC=-1.65, TMH=-0.898, DPZ=3.22}
Mon Jul 06 08:00:00 GMT+00:00 2015 net-val=114445.14; cashbal=2516.16; num-po=8; market-dir=DOWNTREND; positions={AVG=8.69, ITCI=10.4, AMBA=50.4, AMED=21.4, CMN=4.39, HRC=-1.58, TMH=-0.748, DPZ=2.54}
Tue Jul 07 08:00:00 GMT+00:00 2015 Adding unprocessed symbols to watchlist: [CYH]
Tue Jul 07 08:00:00 GMT+00:00 2015 net-val=114445.14; cashbal=2516.16; num-po=8; market-dir=DOWNTREND; positions={AVG=8.69, ITCI=10.4, AMBA=50.4, AMED=21.4, CMN=4.39, HRC=-1.58, TMH=-0.748, DPZ=2.54}
Wed Jul 08 08:00:00 GMT+00:00 2015 net-val=113042.4; cashbal=2516.16; num-po=8; market-dir=DOWNTREND; positions={AVG=7.1, ITCI=6.91, AMBA=45.5, AMED=23.2, CMN=3.03, HRC=-2.68, TMH=-1.29, DPZ=2.4}
Thu Jul 09 08:00:00 GMT+00:00 2015Market-Downtrend-Sell -3%: (-3.03%)181 shares of HRC for -3.03
Thu Jul 09 08:00:00 GMT+00:00 2015 SELL HRC x181 for $9661.78 -3.03%
Thu Jul 09 08:00:00 GMT+00:00 2015 Adding unprocessed symbols to watchlist: [CYH]
Thu Jul 09 08:00:00 GMT+00:00 2015 net-val=112949.88; cashbal=12170.94; num-po=7; market-dir=DOWNTREND; positions={AVG=10.0, ITCI=6.52, AMBA=43.8, AMED=23.1, CMN=1.18, TMH=-1.43, DPZ=2.64}
Fri Jul 10 08:00:00 GMT+00:00 2015 net-val=112949.88; cashbal=12170.94; num-po=7; market-dir=DOWNTREND; positions={AVG=10.0, ITCI=6.52, AMBA=43.8, AMED=23.1, CMN=1.18, TMH=-1.43, DPZ=2.64}

---- Final Portfolio Holdings as of Fri Jul 10 07:15:26 GMT+00:00 2015 ----
null 235 of AMBA with cost basis of 67.7 and pct-chg: 43.8% with % of portfolio weight=20.3%
null 90 of DPZ with cost basis of 110.0 and pct-chg: 2.64% with % of portfolio weight=9.02%
null 635 of AVG with cost basis of 25.1 and pct-chg: 10.0% with % of portfolio weight=15.5%
null 471 of AMED with cost basis of 33.8 and pct-chg: 23.1% with % of portfolio weight=17.4%
null 192 of CMN with cost basis of 52.0 and pct-chg: 1.18% with % of portfolio weight=8.94%
null 150 of TMH with cost basis of 66.4 and pct-chg: -1.43% with % of portfolio weight=8.69%
null 322 of ITCI with cost basis of 30.9 and pct-chg: 6.52% with % of portfolio weight=9.4%

Total Invested Amount = 100778.94 with % of portfolio weight=89.2%
Cash Bal = 12170.94 with % of portfolio weight=10.8%
Net Value = 112949.88

---- Run stats ----
Start-Date: Thu Jan 01 08:00:00 GMT+00:00 2015
End-Date: Fri Jul 10 07:15:26 GMT+00:00 2015
Total Trading days: 190
Net Gain/Loss = 12949.880000000001
Pct Chg = 12.9%
