Thu Jan 08 08:00:00 GMT+00:00 2015 BUY  - TSRO - 480 @41.61 Total=19980.8
Thu Jan 08 08:00:00 GMT+00:00 2015 BUY  - CMG - 27 @719.99 Total=19447.73
Mon Jan 12 08:00:00 GMT+00:00 2015 SELL  - CMG - 27 @711.7 Total=19207.9
Tue Jan 13 08:00:00 GMT+00:00 2015 SELL  - TSRO - 480 @40.0 Total=19192.0
Thu Jan 22 08:00:00 GMT+00:00 2015 BUY  - TSM - 843 @23.71 Total=19995.53
Thu Jan 22 08:00:00 GMT+00:00 2015 BUY  - CCI - 234 @85.25 Total=19956.5
Fri Jan 23 08:00:00 GMT+00:00 2015 BUY  - SBUX - 226 @88.22 Total=19945.72
Fri Jan 23 08:00:00 GMT+00:00 2015 BUY  - CSWC - 469 @42.59 Total=19982.71
Thu Jan 29 08:00:00 GMT+00:00 2015 SELL  - TSM - 843 @23.29 Total=19625.47
Fri Feb 06 08:00:00 GMT+00:00 2015 BUY  - CME - 212 @94.21 Total=19980.52
Fri Feb 06 08:00:00 GMT+00:00 2015 BUY  - VRSN - 333 @59.97 Total=19978.01
Wed Mar 25 08:00:00 GMT+00:00 2015 SELL  - CCI - 234 @84.64 Total=19797.76
Mon Apr 06 08:00:00 GMT+00:00 2015 SELL  - CME - 212 @92.095 Total=19516.14
Wed Apr 08 08:00:00 GMT+00:00 2015 BUY  - CHL - 277 @71.94 Total=19935.38
Thu Apr 09 08:00:00 GMT+00:00 2015 BUY  - EIGI - 952 @20.98 Total=19980.96
Fri Apr 17 08:00:00 GMT+00:00 2015 SELL  - CHL - 277 @67.68 Total=18739.36
Fri Apr 17 08:00:00 GMT+00:00 2015 SELL  - CSWC - 469 @47.01 Total=22039.69
Fri Apr 17 08:00:00 GMT+00:00 2015 BUY  - CE - 297 @67.18 Total=19960.46
Tue Apr 21 08:00:00 GMT+00:00 2015 BUY  - OCR - 246 @81.07 Total=19951.22
Tue Apr 28 08:00:00 GMT+00:00 2015 SELL  - EIGI - 952 @19.7 Total=18746.4
Tue Apr 28 08:00:00 GMT+00:00 2015 BUY  - HQY - 720 @27.76 Total=19995.2
Wed Apr 29 08:00:00 GMT+00:00 2015 SELL  - VRSN - 333 @64.14 Total=21350.62
Wed Apr 29 08:00:00 GMT+00:00 2015 BUY  - XPO - 409 @48.83 Total=19979.47
Thu Apr 30 08:00:00 GMT+00:00 2015 SELL  - HQY - 720 @26.21 Total=18863.2
Thu Apr 30 08:00:00 GMT+00:00 2015 BUY  - IPHI - 932 @21.45 Total=19999.4
Tue May 05 08:00:00 GMT+00:00 2015 SELL  - IPHI - 932 @20.31 Total=18920.92
Wed May 06 08:00:00 GMT+00:00 2015 SELL  - XPO - 409 @48.15 Total=19685.35
Thu May 07 08:00:00 GMT+00:00 2015 SELL  - CE - 297 @66.5 Total=19742.5
Wed May 20 08:00:00 GMT+00:00 2015 BUY  - TTPH - 441 @45.33 Total=19998.53
Wed May 20 08:00:00 GMT+00:00 2015 BUY  - TWC - 120 @166.55 Total=19994.0
Wed May 20 08:00:00 GMT+00:00 2015 BUY  - ATRI - 54 @369.27 Total=19948.58
Fri May 22 08:00:00 GMT+00:00 2015 SELL  - TTPH - 441 @42.94 Total=18928.54
Wed May 27 08:00:00 GMT+00:00 2015 BUY  - AVGO - 141 @141.49 Total=19958.09
