Start Date: Thu Jan 01 08:00:00 GMT+00:00 2015
End Date: Sun Jun 21 07:00:00 GMT+00:00 2015
Initial Cash: 100000.0
Num Positions: 5
-----------------
Thu Jan 08 08:00:00 GMT+00:00 2015 BUY: 480 shares of TSRO cost-basis=41.6 for $19980.8 CASH-BAL=80019.2
Thu Jan 08 08:00:00 GMT+00:00 2015 BUY: 27 shares of CMG cost-basis=720 for $19447.73 CASH-BAL=60571.47
Mon Jan 12 08:00:00 GMT+00:00 2015Market-Downtrend-Sell -1%: (-1.19%)27 shares of CMG for -1.19
Mon Jan 12 08:00:00 GMT+00:00 2015 SELL CMG x27 for $19207.9 CASH-BAL=79779.37
Tue Jan 13 08:00:00 GMT+00:00 2015Market-Downtrend-Sell -1%: (-3.91%)480 shares of TSRO for -3.91
Tue Jan 13 08:00:00 GMT+00:00 2015 SELL TSRO x480 for $19192.0 CASH-BAL=98971.37
Thu Jan 22 08:00:00 GMT+00:00 2015 BUY: 843 shares of TSM cost-basis=23.7 for $19995.53 CASH-BAL=78975.84
Thu Jan 22 08:00:00 GMT+00:00 2015 BUY: 234 shares of CCI cost-basis=85.3 for $19956.5 CASH-BAL=59019.34
Fri Jan 23 08:00:00 GMT+00:00 2015 BUY: 226 shares of SBUX cost-basis=88.3 for $19945.72 CASH-BAL=39073.62
Fri Jan 23 08:00:00 GMT+00:00 2015 BUY: 469 shares of CSWC cost-basis=42.6 for $19982.71 CASH-BAL=19090.91
Thu Jan 29 08:00:00 GMT+00:00 2015Market-Downtrend-Sell -1%: (-1.81%)843 shares of TSM for -1.81
Thu Jan 29 08:00:00 GMT+00:00 2015 SELL TSM x843 for $19625.47 CASH-BAL=38716.38
Fri Feb 06 08:00:00 GMT+00:00 2015 BUY: 212 shares of CME cost-basis=94.2 for $19980.52 CASH-BAL=18735.86
Fri Feb 06 08:00:00 GMT+00:00 2015 BUY: 333 shares of VRSN cost-basis=60.0 for $19978.01 CASH-BAL=-1242.15
Wed Mar 25 08:00:00 GMT+00:00 2015 TA-SELL 50SMA: (-1.52%)234 shares of CCI for -0.755
Wed Mar 25 08:00:00 GMT+00:00 2015 SELL CCI x234 for $19797.76 CASH-BAL=18555.61
Mon Apr 06 08:00:00 GMT+00:00 2015 TA-SELL 50SMA: (-2.26%)212 shares of CME for -2.28
Mon Apr 06 08:00:00 GMT+00:00 2015 SELL CME x212 for $19516.14 CASH-BAL=38071.75
Wed Apr 08 08:00:00 GMT+00:00 2015 BUY: 277 shares of CHL cost-basis=72.0 for $19935.38 CASH-BAL=18136.37
Thu Apr 09 08:00:00 GMT+00:00 2015 SBUX: Applying split factor of: 2.0
Thu Apr 09 08:00:00 GMT+00:00 2015 BUY: 952 shares of EIGI cost-basis=21.0 for $19980.96 CASH-BAL=-1844.59
Fri Apr 17 08:00:00 GMT+00:00 2015 StopLoss SELL: (-5.96%)277 shares of CHL for -5.96
Fri Apr 17 08:00:00 GMT+00:00 2015 SELL CHL x277 for $18739.36 CASH-BAL=16894.77
Fri Apr 17 08:00:00 GMT+00:00 2015 TA-SELL 50SMA: (-1.56%)469 shares of CSWC for 10.3
Fri Apr 17 08:00:00 GMT+00:00 2015 SELL CSWC x469 for $22039.69 CASH-BAL=38934.46
Fri Apr 17 08:00:00 GMT+00:00 2015 BUY: 297 shares of CE cost-basis=67.2 for $19960.46 CASH-BAL=18974.0
Tue Apr 21 08:00:00 GMT+00:00 2015 BUY: 246 shares of OCR cost-basis=81.1 for $19951.22 CASH-BAL=-977.22
Tue Apr 28 08:00:00 GMT+00:00 2015 StopLoss SELL: (-6.14%)952 shares of EIGI for -6.14
Tue Apr 28 08:00:00 GMT+00:00 2015 SELL EIGI x952 for $18746.4 CASH-BAL=17769.18
Tue Apr 28 08:00:00 GMT+00:00 2015 BUY: 720 shares of HQY cost-basis=27.8 for $19995.2 CASH-BAL=-2226.02
Wed Apr 29 08:00:00 GMT+00:00 2015 TA-SELL 50SMA: (-1.81%)333 shares of VRSN for 6.91
Wed Apr 29 08:00:00 GMT+00:00 2015 SELL VRSN x333 for $21350.62 CASH-BAL=19124.6
Wed Apr 29 08:00:00 GMT+00:00 2015 BUY: 409 shares of XPO cost-basis=48.8 for $19979.47 CASH-BAL=-854.87
Thu Apr 30 08:00:00 GMT+00:00 2015 StopLoss SELL: (-5.62%)720 shares of HQY for -5.62
Thu Apr 30 08:00:00 GMT+00:00 2015 SELL HQY x720 for $18863.2 CASH-BAL=18008.33
Thu Apr 30 08:00:00 GMT+00:00 2015 BUY: 932 shares of IPHI cost-basis=21.5 for $19999.4 CASH-BAL=-1991.07
Tue May 05 08:00:00 GMT+00:00 2015 StopLoss SELL: (-5.35%)932 shares of IPHI for -5.35
Tue May 05 08:00:00 GMT+00:00 2015 SELL IPHI x932 for $18920.92 CASH-BAL=16929.85
Wed May 06 08:00:00 GMT+00:00 2015Market-Downtrend-Sell -1%: (-1.43%)409 shares of XPO for -1.43
Wed May 06 08:00:00 GMT+00:00 2015 SELL XPO x409 for $19685.35 CASH-BAL=36615.2
Thu May 07 08:00:00 GMT+00:00 2015Market-Downtrend-Sell -1%: (-1.05%)297 shares of CE for -1.05
Thu May 07 08:00:00 GMT+00:00 2015 SELL CE x297 for $19742.5 CASH-BAL=56357.7
Wed May 20 08:00:00 GMT+00:00 2015 BUY: 441 shares of TTPH cost-basis=45.3 for $19998.53 CASH-BAL=36359.17
Wed May 20 08:00:00 GMT+00:00 2015 BUY: 120 shares of TWC cost-basis=167 for $19994.0 CASH-BAL=16365.17
Wed May 20 08:00:00 GMT+00:00 2015 BUY: 54 shares of ATRI cost-basis=369 for $19948.58 CASH-BAL=-3583.41
Fri May 22 08:00:00 GMT+00:00 2015 StopLoss SELL: (-5.31%)441 shares of TTPH for -5.31
Fri May 22 08:00:00 GMT+00:00 2015 SELL TTPH x441 for $18928.54 CASH-BAL=15345.13
Wed May 27 08:00:00 GMT+00:00 2015 BUY: 141 shares of AVGO cost-basis=142 for $19958.09 CASH-BAL=-4612.96

---- Final Portfolio Holdings as of Sun Jun 21 07:00:00 GMT+00:00 2015 ----
null 452 of SBUX with cost basis of 44.1 and pct-chg: 22.2%
null 246 of OCR with cost basis of 81.1 and pct-chg: 16.2%
null 120 of TWC with cost basis of 167.0 and pct-chg: 6.41%
null 54 of ATRI with cost basis of 369.0 and pct-chg: 6.56%
null 141 of AVGO with cost basis of 142.0 and pct-chg: 0.949%

Total Invested Amount = 110235.06999999999
Cash Bal = -4612.96
Net Value = 105622.11

---- Run stats ----
Start-Date: Thu Jan 01 08:00:00 GMT+00:00 2015
End-Date: Sun Jun 21 07:00:00 GMT+00:00 2015
Total Trading days: 171
Net Gain/Loss = 5622.109999999998
Pct Chg = 5.62%
