Fri Jan 02 08:00:00 GMT+00:00 2015 : Watchlists added : 
Fri Jan 02 08:00:00 GMT+00:00 2015: Bases processed : DDS-W, ABM-W, BIO-W, GPX-W, SJI-W, SYNL-W, WRE-W, GAS-W, ASMI-D, ASMI-W, CTWS-W, GFI-D, AN-W, QDEL-W, UTMD-W, UAM-W, SBCF-W, TPHS-D, TPHS-W, ASYS-D, WSM-W, HCSG-W, ONB-W, MBVT-W, FULT-W, WTS-W, SUBK-W, SKYW-W, DJCO-W, MVF-D, MVF-W, DNP-W, HALL-W, NQS-D, NQS-W, DV-W, DMF-W, MHF-W, NBTB-W, NIO-W, GSBC-W, SYBT-W, VMO-D, VMO-W, WINA-W, BYD-W, ALLB-W, TDF-W, RWT-W, DVA-W, MIG-W, SASR-W, ALV-W, REIS-W, MFL-W, AXTI-W, BSRR-W, MUE-D, MUE-W, GBL-W, INAP-W, MMV-W, EMI-W, XLI-W, PFSW-W, FCBC-W, CHFN-W, PWOD-W, BLJ-W, HOFT-D, HOFT-W, VBR-W, EBTC-W, PFBC-W, MFLX-W, SNX-W, HEOP-W, PXSG-W, DRAD-W, PBIP-W, ISBC-W, PEJ-W, FDL-W, QVCB-W, COWN-D, COWN-W, PGF-D, PGF-W, GFN-W, UWM-W, APEI-W, TTGT-W, FGB-W, TLO-D, TLO-W, SEP-W, VRTU-W, IQNT-W, HI-W, FSFG-W, MTT-W, LTPZ-D, LTPZ-W, CPI-W, SCHA-W, IRWD-W, BBN-W, KRU-W, CJJD-W, IVOO-W, IPHI-W, RLGT-D, RLGT-W, BOTJ-W, SBRA-W, BV-W, ARGS-W, SIBC-W, XMPT-D, XMPT-W, NLNK-D, NLNK-W, ALSN-W, EMLP-W, LOCK-W, CAPL-W, MPLX-W, CONE-W, BCC-D, BCC-W, XSLV-W, PGEM-W, IBDD-D, IBDD-W, CVT-W, DOOR-W, HMHC-W, EGRX-D, EGRX-W, GEUR-W, FNFV-W, CDC-W, VRTV-D, VRTV-W, MRNS-W, BHBK-W, TRTL-W, PRQR-W, BCLI-W, XENE-W, DBVT-W, CHRS-W, BGSF-W, ARKK-D, ARKK-W, NDRM-W, CNV-W, PGRE-W, HDP-W, NEWR-W, 
Fri Jan 02 08:00:00 GMT+00:00 2015: signals : 
Fri Jan 02 08:00:00 GMT+00:00 2015: Signals ordered by strength : 
Mon Jan 05 08:00:00 GMT+00:00 2015 : Watchlists added : 
Mon Jan 05 08:00:00 GMT+00:00 2015: Bases processed : FRS-D, NXQ-D, PULB-D, SCKT-D, GSH-D, CRME-D, MIFI-D, DGICA-D, BNY-D, PYN-D, NEA-D, JOBS-D, ATHX-D, EDV-D, VGLT-D, GBAB-D, NBD-D, ARGS-D, CJNK-D, NID-D, PBPB-D, FMB-D, VBLT-D, 
Mon Jan 05 08:00:00 GMT+00:00 2015: signals : 
Mon Jan 05 08:00:00 GMT+00:00 2015: Signals ordered by strength : 
Tue Jan 06 08:00:00 GMT+00:00 2015 : Watchlists added : 
Tue Jan 06 08:00:00 GMT+00:00 2015: Bases processed : EDUC-D, MOC-D, NQI-D, VKQ-D, MYM-D, MYI-D, CHN-D, MIY-D, MVT-D, VKI-D, LPT-D, ORFR-D, MUC-D, NXZ-D, BFZ-D, ACH-D, EIM-D, BAF-D, BSE-D, GBLI-D, EXR-D, SRC-D, DEI-D, TLH-D, BLV-D, PZT-D, MSCI-D, TYD-D, NYV-D, BAB-D, ILTB-D, HYMB-D, IGU-D, PPSI-D, SCHZ-D, GOVT-D, BTT-D, EVOK-D, NERV-D, SYTL-D, VBND-D, CNXR-D, 
Tue Jan 06 08:00:00 GMT+00:00 2015: signals : 
Tue Jan 06 08:00:00 GMT+00:00 2015: Signals ordered by strength : 
Wed Jan 07 08:00:00 GMT+00:00 2015 : Watchlists added : 
Wed Jan 07 08:00:00 GMT+00:00 2015: Bases processed : WMT-D, TAYD-D, NUV-D, MNR-D, MEN-D, CXH-D, NPP-D, NMO-D, MFT-D, VFL-D, CRL-D, ARNA-D, IDT-D, PMF-D, ENX-D, PMX-D, EIA-D, MUI-D, NVSL-D, HALO-D, CF-D, BTA-D, PZA-D, MCHI-D, STAG-D, CLVS-D, BRX-D, AMPH-D, BLCM-D, 
Wed Jan 07 08:00:00 GMT+00:00 2015: signals : 
Wed Jan 07 08:00:00 GMT+00:00 2015: Signals ordered by strength : 
Thu Jan 08 08:00:00 GMT+00:00 2015 : Watchlists added : 
Thu Jan 08 08:00:00 GMT+00:00 2015: Bases processed : PCH-D, TMO-D, TAP-D, BAM-D, LABL-D, NMA-D, NQP-D, ZBRA-D, BSX-D, DHI-D, MCRI-D, BKS-D, WMAR-D, PENN-D, WAT-D, IMH-D, NLS-D, EPR-D, MRVL-D, ILMN-D, UMC-D, ANTM-D, MANT-D, NRK-D, HPF-D, HPS-D, FXI-D, CMG-D, ITB-D, MSBF-D, GXC-D, IDI-D, TREE-D, TRNO-D, FSL-D, TSRO-D, XPLR-D, QTS-D, PFNX-D, WK-D, 
Thu Jan 08 08:00:00 GMT+00:00 2015: signals : 
Thu Jan 08 08:00:00 GMT+00:00 2015: Signals ordered by strength : 
Fri Jan 09 08:00:00 GMT+00:00 2015 : Watchlists added : 
Fri Jan 09 08:00:00 GMT+00:00 2015: Bases processed : BDX-W, CPB-D, FRS-W, PCH-W, PHM-W, PSA-W, TMO-W, WMT-W, TAP-W, EDUC-W, HELE-D, HELE-W, TAYD-W, VLGEA-W, BAM-W, SRSC-W, MNST-W, ARKR-D, ARKR-W, NVR-W, NUV-W, EBIX-W, LABL-W, MNR-W, NMI-W, CMT-D, CMT-W, KTF-D, KTF-W, MEN-W, CXH-W, NPP-W, NMA-W, MOC-W, NQI-W, NQP-W, VKQ-W, MYM-W, MYI-W, MYJ-D, MYJ-W, BSX-W, NXQ-W, DHI-W, CHN-W, MFT-W, MIY-W, STLY-D, STLY-W, VFL-W, MVT-W, MCRI-W, BKS-W, VKI-W, WMAR-W, PULB-W, PENN-W, LPT-W, SCKT-W, SMSI-D, WAT-W, IMH-W, ORFR-W, NLS-W, EPR-W, AIII-W, MUC-W, NAN-D, NAN-W, CRME-W, MRVL-W, CRL-W, ILMN-W, ARNA-W, UMC-W, MIFI-W, NXZ-W, DGICA-W, IDT-W, PMF-W, BFZ-W, BNY-W, ANTM-W, ALR-D, ALR-W, AYI-D, AYI-W, ACH-W, MANT-W, EIM-W, ENX-W, NBO-D, NBO-W, BAF-W, BSE-W, PMX-W, PYN-W, NEA-W, NRK-W, EIA-W, HPF-W, HPS-W, MUI-W, GBLI-W, EXR-W, JOBS-W, FXI-W, HALO-W, SRC-W, CF-W, DHT-D, DHT-W, CMG-W, BTA-W, ITB-W, DEI-W, TAST-D, TAST-W, MSBF-W, TLH-W, CENTA-D, CENTA-W, GXC-W, SSFN-D, SSFN-W, BLV-W, PZA-W, PZT-W, MSCI-W, ATHX-W, EDV-W, IDI-W, PGX-W, TREE-W, TYD-W, NYV-W, BAB-W, VGLT-W, ILTB-W, TRNO-W, NXPI-D, NXPI-W, GBAB-W, NBD-W, JGBT-D, JGBT-W, MCHI-W, STAG-W, HYMB-W, IGU-W, FSL-W, PPSI-W, SCHZ-W, CLVS-W, GOVT-W, TSRO-W, CJNK-W, BTT-W, XPLR-W, NID-W, PTLA-D, PTLA-W, OTEL-W, PBPB-W, QTS-W, BRX-W, FMB-W, NERV-W, AMPH-W, PSG-D, PFNX-W, SYTL-W, MBSD-W, VBLT-W, PRTO-D, PRTO-W, VBND-W, FGEN-W, SKOR-W, WK-W, CNXR-W, JRVR-D, BLCM-W, 
Fri Jan 09 08:00:00 GMT+00:00 2015: signals : 
Fri Jan 09 08:00:00 GMT+00:00 2015: Signals ordered by strength : 
Mon Jan 12 08:00:00 GMT+00:00 2015 : Watchlists added : 
Mon Jan 12 08:00:00 GMT+00:00 2015: Bases processed : TSRI-D, HOLX-D, OFC-D, AGN-D, CPT-D, CCA-D, VASC-D, IGR-D, CLUB-D, CZWI-D, MLN-D, UNIS-D, ENGN-D, BPY-D, VLRS-D, FMI-D, WMS-D, MCUR-D, NMS-D, 
Mon Jan 12 08:00:00 GMT+00:00 2015: signals : 
Mon Jan 12 08:00:00 GMT+00:00 2015: Signals ordered by strength : 
Tue Jan 13 08:00:00 GMT+00:00 2015 : Watchlists added : 
Tue Jan 13 08:00:00 GMT+00:00 2015: Bases processed : FCEA-D, GFF-D, LEN-D, CA-D, INTG-D, VSEC-D, FCEB-D, BDN-D, PMM-D, IDXX-D, MNRO-D, CRY-D, PERY-D, IFN-D, BZH-D, SIRI-D, NVS-D, IRET-D, TUES-D, HSII-D, ELNK-D, UNB-D, LENB-D, CNS-D, MLNX-D, JCE-D, LAG-D, DPS-D, IRWD-D, BABS-D, INCO-D, OCIR-D, QUNR-D, NORD-D, FRSH-D, IBDH-D, CNXT-D, NAP-D, 
Tue Jan 13 08:00:00 GMT+00:00 2015: signals : 
Tue Jan 13 08:00:00 GMT+00:00 2015: Signals ordered by strength : 
Wed Jan 14 08:00:00 GMT+00:00 2015 : Watchlists added : 
Wed Jan 14 08:00:00 GMT+00:00 2015: Bases processed : CLGX-D, EEI-D, ADVS-D, BBRY-D, BIE-D, IEF-D, NMZ-D, DLR-D, RUTH-D, GBF-D, OWW-D, NYF-D, BOM-D, HYD-D, TENZ-D, VGIT-D, VCLT-D, UST-D, EPHE-D, AMPS-D, BSCL-D, ITCI-D, NVCN-D, BSCN-D, 
Wed Jan 14 08:00:00 GMT+00:00 2015: signals : 
Wed Jan 14 08:00:00 GMT+00:00 2015: Signals ordered by strength : 
Thu Jan 15 08:00:00 GMT+00:00 2015 : Watchlists added : 
Thu Jan 15 08:00:00 GMT+00:00 2015: Bases processed : EGP-D, MGF-D, MYN-D, NXN-D, MNP-D, RAI-D, NTES-D, NXJ-D, HDB-D, NZF-D, PML-D, MNE-D, CRED-D, IEI-D, INP-D, MUB-D, CXA-D, ITM-D, BOS-D, SCHR-D, WDTI-D, NIQ-D, IBMI-D, 
Thu Jan 15 08:00:00 GMT+00:00 2015: signals : 
Thu Jan 15 08:00:00 GMT+00:00 2015: Signals ordered by strength : 
Fri Jan 16 08:00:00 GMT+00:00 2015 : Watchlists added : 
Fri Jan 16 08:00:00 GMT+00:00 2015: Bases processed : FCEA-W, GFF-W, LEN-W, PFE-W, CA-W, COKE-D, COKE-W, CLGX-W, INTG-W, TSRI-W, VLGEA-D, VSEC-W, FCEB-W, WRI-D, WRI-W, BDN-W, MGF-W, PMM-W, HOLX-W, IDXX-W, MNRO-W, OFC-W, MYN-W, NXN-W, LFUS-D, LFUS-W, MNP-W, CRY-W, AGN-W, PERY-W, CPT-W, RAVE-D, RAVE-W, IFN-W, SIRI-W, ADVS-W, GSH-W, NVS-W, SRT-W, IRET-W, BBRY-W, MAR-W, TUES-W, HSII-W, RAI-W, CCA-W, ELNK-W, EW-W, IYH-W, CPHD-W, NTES-W, UNB-W, VASC-W, GGAL-D, GGAL-W, GPN-D, GPN-W, NXJ-W, HDB-W, NZF-W, BIE-W, PML-W, IEF-W, LENB-W, MNE-W, NMZ-W, IGR-W, CNS-W, DLR-W, XNPT-W, RUTH-W, CLUB-W, FXF-D, FXF-W, WNS-D, WNS-W, IPHS-D, IPHS-W, CZWI-W, CRED-W, GBF-W, IEI-W, MLNX-W, RXL-W, JCE-W, HOLI-W, INP-W, LAG-W, MUB-W, NYF-W, CXA-W, ITM-W, MLN-W, EPI-D, EPI-W, DPS-W, BOM-W, BOS-W, HYD-W, NCB-D, TENZ-W, INDY-D, INDY-W, VGIT-W, VCLT-W, UST-W, UNIS-W, BABS-W, SCHR-W, WSR-D, WSR-W, EPHE-W, WDTI-W, INCO-W, ENGN-W, AMPS-W, NIQ-W, BPY-W, AHH-W, BEP-D, BEP-W, BSCL-W, OCIR-W, VLRS-W, FMI-W, ITCI-W, NORD-W, FRSH-W, SUBD-D, SUBD-W, NVCN-W, IBDH-W, WMS-W, MCUR-W, GGAC-D, GGAC-W, CNXT-W, IBMI-W, BSCN-W, NMS-W, AUMA-D, AUMA-W, NAP-W, 
Fri Jan 16 08:00:00 GMT+00:00 2015: signals : 
Fri Jan 16 08:00:00 GMT+00:00 2015: Signals ordered by strength : 
Tue Jan 20 08:00:00 GMT+00:00 2015 : Watchlists added : 
Tue Jan 20 08:00:00 GMT+00:00 2015: Bases processed : MCI-D, TM-D, CLDX-D, PDT-D, ICUI-D, GEO-D, INFY-D, PPH-D, EIO-D, LWC-D, BUD-D, ACWV-D, IBCE-D, TEP-D, INDA-D, DWAT-D, 
Tue Jan 20 08:00:00 GMT+00:00 2015: signals : 
Tue Jan 20 08:00:00 GMT+00:00 2015: Signals ordered by strength : 
Wed Jan 21 08:00:00 GMT+00:00 2015 : Watchlists added : 
Wed Jan 21 08:00:00 GMT+00:00 2015: Bases processed : WEN-D, SJM-D, UTX-D, CRUS-D, BRLI-D, IIF-D, TSEM-D, UNFI-D, NSP-D, CHL-D, MRCY-D, TKC-D, PSO-D, ASR-D, WX-D, TFI-D, PIN-D, CNY-D, ABCD-D, INDL-D, DRGS-D, SBGL-D, KEYS-D, 
Wed Jan 21 08:00:00 GMT+00:00 2015: signals : 
Wed Jan 21 08:00:00 GMT+00:00 2015: Signals ordered by strength : 
Thu Jan 22 08:00:00 GMT+00:00 2015 : Watchlists added : 
Thu Jan 22 08:00:00 GMT+00:00 2015: Bases processed : ADP-D, HL-D, TXT-D, VMC-D, CCF-D, HURC-D, HLS-D, WETF-D, ISLE-D, AGU-D, IMAX-D, TSM-D, CCI-D, CEV-D, ARRY-D, DWAQ-D, RNP-D, VDC-D, BLKB-D, STON-D, TTM-D, NRF-D, PBH-D, RLGY-D, CNK-D, TUR-D, FCHI-D, CLNY-D, IVOG-D, FCA-D, RMAX-D, EMCG-D, HLT-D, AHP-D, FTLB-D, HEWG-D, SABR-D, FBND-D, BAESY-D, 
Thu Jan 22 08:00:00 GMT+00:00 2015: signals : 
Thu Jan 22 08:00:00 GMT+00:00 2015: Signals ordered by strength : 
Fri Jan 23 08:00:00 GMT+00:00 2015 : Watchlists added : 
Fri Jan 23 08:00:00 GMT+00:00 2015: Bases processed : ADP-W, WEN-W, GD-D, GD-W, MCI-W, SJM-W, SNE-D, SNE-W, TSO-D, TSO-W, TXT-W, UNP-D, UNP-W, UTX-W, VMC-W, CCF-W, CSWC-D, CSWC-W, TM-W, VISI-W, PAYX-D, PAYX-W, SPAR-D, SPAR-W, RMCF-D, RMCF-W, CLDX-W, HLS-W, FUN-W, HQH-W, NCA-W, CRUS-W, PDT-W, WETF-W, ICUI-W, SBUX-D, SBUX-W, ISLE-W, AGU-W, BRLI-W, IIF-W, IMAX-W, GEO-W, TSEM-W, UNFI-W, TSM-W, CHL-W, FDP-W, MRCY-W, LVLT-D, LVLT-W, CCI-W, CEV-W, INFY-W, HPTO-D, HPTO-W, PPH-W, IBN-W, PUK-D, PUK-W, TKC-W, ASR-W, ARRY-W, JPS-D, JPS-W, EIO-W, DWAQ-W, RNP-W, VDC-W, ERH-D, ERH-W, BLKB-W, STON-W, TTM-W, NRF-W, PBH-W, PJP-D, PJP-W, RLGY-W, HF-W, PDP-D, PDP-W, CNK-W, BX-D, BX-W, OWW-W, WX-W, TFI-W, ULTA-D, ULTA-W, PIN-W, TUR-W, CNY-W, FCHI-W, LWC-W, PMT-W, CLNY-W, BUD-W, ABCD-W, HEDJ-D, HEDJ-W, INDL-W, KKR-W, IVOG-W, FCA-W, ACWV-W, DRGS-W, FHK-D, FHK-W, VIPS-D, VIPS-W, SBGL-W, IBCE-W, TEP-W, RMAX-W, EMCG-W, DXGE-D, DXGE-W, RLYP-W, HLT-W, AHP-W, FTLB-W, HEWG-W, SABR-W, INDA-W, TCEHY-W, WBII-D, WBII-W, DWAT-W, FBND-W, KEYS-W, BAESY-W, SMIN-W, 
Fri Jan 23 08:00:00 GMT+00:00 2015: signals : SBUX,
Fri Jan 23 08:00:00 GMT+00:00 2015: Signals ordered by strength : SBUX(140.0), 
Mon Jan 26 08:00:00 GMT+00:00 2015 : Watchlists added : 
Tue Jan 27 08:00:00 GMT+00:00 2015 : Watchlists added : 
Tue Jan 27 08:00:00 GMT+00:00 2015: Bases processed : ESP-D, JWA-D, JWB-D, VGR-D, OIA-D, PSB-D, NQU-D, WTT-D, SMG-D, INCY-D, RUK-D, SRI-D, INFA-D, IXJ-D, AFB-D, JTP-D, LQD-D, COSI-D, VHT-D, HURN-D, PLBC-D, GTS-D, DL-D, CLY-D, PDM-D, ANAC-D, CARB-D, CSTE-D, RALY-D, NYLDA-D, PSXP-D, SHYD-D, TCEHY-D, GMOM-D, HDRA-D, 
Tue Jan 27 08:00:00 GMT+00:00 2015: signals : 
Tue Jan 27 08:00:00 GMT+00:00 2015: Signals ordered by strength : 
Wed Jan 28 08:00:00 GMT+00:00 2015 : Watchlists added : 
Wed Jan 28 08:00:00 GMT+00:00 2015: Bases processed : OC-D, TTC-D, MATX-D, KLIC-D, PEBK-D, FRFHF-D, KSM-D, GIB-D, MMU-D, NPV-D, NNC-D, BFR-D, CGI-D, AWRE-D, ORAN-D, DOX-D, EVO-D, SKX-D, ENDP-D, ASX-D, NJ-D, NVG-D, NKG-D, FLC-D, AGG-D, SOCB-D, LPL-D, SIMO-D, KONA-D, HBI-D, SPR-D, BND-D, PBM-D, YARIY-D, WOOD-D, CDXS-D, DTYL-D, KCG-D, COMM-D, ALDX-D, PAYC-D, FDIV-D, FWP-D, 
Wed Jan 28 08:00:00 GMT+00:00 2015: signals : 
Wed Jan 28 08:00:00 GMT+00:00 2015: Signals ordered by strength : 
Thu Jan 29 08:00:00 GMT+00:00 2015 : Watchlists added : 
Thu Jan 29 08:00:00 GMT+00:00 2015: Bases processed : BA-D, TTDKY-D, VAR-D, GHC-D, TRR-D, HAR-D, ELUXY-D, CXE-D, HAE-D, NIM-D, NMY-D, ISIL-D, CCMP-D, LRLCY-D, JHP-D, EBSB-D, BUNL-D, ISTB-D, MKTO-D, AZUR-D, FUTS-D, 
Thu Jan 29 08:00:00 GMT+00:00 2015: signals : BA,VAR,
Thu Jan 29 08:00:00 GMT+00:00 2015: Signals ordered by strength : VAR(110.0), BA(70.0), 
Fri Jan 30 08:00:00 GMT+00:00 2015 : Watchlists added : 
Fri Jan 30 08:00:00 GMT+00:00 2015: Bases processed : BA-W, BDL-D, BDL-W, ESP-W, ICB-D, ICB-W, EGP-W, OC-W, TTDKY-W, TTC-W, VAR-W, GHC-W, AAPL-D, AAPL-W, AEM-W, MATX-W, KLIC-W, TRR-W, JWA-W, JWB-W, PEBK-W, MCY-W, HAR-W, FRFHF-W, ELUXY-W, LEO-D, LEO-W, VGR-W, MOS-W, OIA-W, CXE-W, KSM-W, PSB-W, HAE-W, NQU-W, NZTCY-W, WTT-W, SMG-W, GIB-W, MMU-W, NIM-W, NMY-W, NPV-W, MCHP-D, MCHP-W, NNC-W, NTC-W, VPV-D, VPV-W, INCY-W, BFR-W, CGI-W, SILC-W, ENL-D, ENL-W, RUK-W, HLIT-D, HLIT-W, MD-W, AWRE-W, CEA-D, CEA-W, SRI-W, ORAN-W, PSEM-W, SRDX-D, SRDX-W, MUH-W, DOX-W, LMIA-W, FCAP-W, EVO-W, INFA-W, SKX-W, FNSR-W, ISIL-W, CCMP-W, ENDP-W, ASX-W, RDY-W, PNF-D, PNF-W, LRLCY-W, NJ-W, IXJ-W, AFB-W, AKP-D, AKP-W, NVG-W, RGC-D, RGC-W, JTP-W, LQD-W, NBH-W, NKG-W, COSI-W, JHP-W, PFD-W, FLC-W, MZF-D, MZF-W, AGG-W, SOCB-W, VHT-W, LPL-W, HURN-W, PLBC-W, SIMO-W, KONA-W, UA-D, UA-W, HBI-W, CPRX-D, CPRX-W, SPR-W, GVI-D, GVI-W, BND-W, IPE-D, IPE-W, PBM-W, GTS-W, EBSB-W, YARIY-W, WOOD-W, DL-W, ITR-D, ITR-W, CLY-W, PDM-W, CDXS-W, MX-D, MX-W, DTYL-W, ANAC-W, BUNL-W, MPC-D, MPC-W, CARB-W, BOND-D, BOND-W, CSTE-W, BSCJ-D, BSCJ-W, TROV-D, TROV-W, ISTB-W, ZAIS-D, ZAIS-W, RALY-W, MKTO-W, DFP-D, DFP-W, NYLDA-W, PSXP-W, BSCM-D, BSCM-W, AZUR-W, COMM-W, SLQD-D, SLQD-W, SHYD-W, AGTC-D, ALDX-W, PAYC-W, FDIV-W, ENFC-D, ENFC-W, FUTS-W, FWP-W, JYNT-D, JYNT-W, GMOM-W, AINC-D, AINC-W, HDRA-W, 
Fri Jan 30 08:00:00 GMT+00:00 2015: signals : 
Fri Jan 30 08:00:00 GMT+00:00 2015: Signals ordered by strength : 
Mon Feb 02 08:00:00 GMT+00:00 2015 : Watchlists added : 
Mon Feb 02 08:00:00 GMT+00:00 2015: Bases processed : FRPH-D, DSM-D, NUO-D, SBI-D, CACC-D, RGCO-D, FLWS-D, BHK-D, PCK-D, EIV-D, FFC-D, TIPZ-D, ZGNX-D, CUBI-D, USDU-D, GYEN-D, 
Mon Feb 02 08:00:00 GMT+00:00 2015: signals : 
Mon Feb 02 08:00:00 GMT+00:00 2015: Signals ordered by strength : 
Tue Feb 03 08:00:00 GMT+00:00 2015 : Watchlists added : 
Tue Feb 03 08:00:00 GMT+00:00 2015: Bases processed : DAN-D, HEI-D, MHFI-D, PAI-D, FTR-D, MSCC-D, SEIC-D, MENT-D, BRC-D, COST-D, AMWD-D, INT-D, KSS-D, NMT-D, PRE-D, DSPG-D, UHAL-D, DST-D, DTEGY-D, CSGP-D, WTBA-D, FPT-D, MWA-D, LLNW-D, LPSB-D, IFEU-D, KW-D, VRSK-D, FNGN-D, ANCB-D, LMOS-D, NFRA-D, ALQA-D, HEFA-D, HRTG-D, TIME-D, LDRI-D, FCAU-D, JPIN-D, 
Tue Feb 03 08:00:00 GMT+00:00 2015: signals : 
Tue Feb 03 08:00:00 GMT+00:00 2015: Signals ordered by strength : 
Wed Feb 04 08:00:00 GMT+00:00 2015 : Watchlists added : 
Wed Feb 04 08:00:00 GMT+00:00 2015: Bases processed : HRB-D, LPX-D, TARO-D, LM-D, MCY-D, DTV-D, CMU-D, LWAY-D, RE-D, ETFC-D, SLGN-D, ULTI-D, TREX-D, MFSF-D, FBR-D, OMCL-D, CCOI-D, TLKGY-D, AHL-D, JKE-D, MIC-D, RXI-D, IPGP-D, MHLD-D, MSG-D, TNAV-D, GIVE-D, EGL-D, ASHS-D, JPGE-D, QTWN-D, ICL-D, 
Wed Feb 04 08:00:00 GMT+00:00 2015: signals : 
Wed Feb 04 08:00:00 GMT+00:00 2015: Signals ordered by strength : 
Thu Feb 05 08:00:00 GMT+00:00 2015 : Watchlists added : 
Thu Feb 05 08:00:00 GMT+00:00 2015: Bases processed : APD-D, BCE-D, BLL-D, CDI-D, DD-D, FSS-D, SNA-D, TYL-D, SIGI-D, MKL-D, JOUT-D, AKRX-D, JMM-D, EXPO-D, MSON-D, ROP-D, SMRT-D, QUMU-D, ORLY-D, HHS-D, RWT-D, KFRC-D, EL-D, NICE-D, DASTY-D, PAG-D, BRCM-D, DLPH-D, CEB-D, CHTR-D, SLAB-D, RVP-D, VXF-D, NNI-D, VBK-D, ABR-D, JKH-D, PPA-D, AMSF-D, AWH-D, RTM-D, SBH-D, FAD-D, V-D, MOFG-D, KKR-D, KBWP-D, EWRM-D, PCRX-D, FONE-D, QLYS-D, ADT-D, DKL-D, DATA-D, LDRH-D, BOOT-D, 
Thu Feb 05 08:00:00 GMT+00:00 2015: signals : 
Thu Feb 05 08:00:00 GMT+00:00 2015: Signals ordered by strength : 
Fri Feb 06 08:00:00 GMT+00:00 2015 : Watchlists added : 
Fri Feb 06 08:00:00 GMT+00:00 2015: Bases processed : APD-W, BCE-W, BLL-W, BMI-W, CDI-W, CSC-D, CSC-W, DAN-W, DD-W, FSS-W, GCI-D, GCI-W, AJRD-D, AJRD-W, HEI-W, HRB-W, HRS-D, HRS-W, ITW-D, ITW-W, LPX-W, MHFI-W, NI-W, PAI-W, SNA-W, TYL-W, SXT-D, SXT-W, ALOG-D, ALOG-W, APOG-W, BOH-D, BOH-W, SNV-D, SNV-W, FTR-W, FHN-D, FHN-W, GK-W, HNI-D, HNI-W, MSCC-W, OMI-W, SEIC-W, SIGI-W, TARO-W, ESND-D, ESND-W, LM-W, NPBC-W, MENT-W, HCSG-W, RFP-D, RFP-W, BRC-W, NANO-W, EXAR-W, COST-W, DTV-W, FRPH-W, AMWD-W, SUBK-W, FRC-D, FRC-W, INT-W, WSFS-D, WSFS-W, MKL-W, WBS-D, WBS-W, FBP-W, CMU-W, CPF-W, CBM-D, CBM-W, JOUT-W, AKRX-W, JMM-W, LWAY-W, SPLS-W, FRME-D, FRME-W, TG-W, DSM-W, GSBC-W, MMSI-W, EXPO-W, CATY-D, CATY-W, MLI-W, ZBRA-W, NUO-W, EEP-W, ROP-W, SBI-W, SMRT-W, KSS-W, CACC-W, HCC-W, QUMU-W, NMT-W, ORLY-W, PRE-W, HHS-W, OSBC-W, RGCO-W, DSPG-W, CPRT-D, CPRT-W, FLEX-W, MTSN-W, UHAL-W, RWT-W, KFRC-W, MDY-W, RE-W, DST-W, EL-W, NICE-W, SSNC-W, DASTY-W, ETFC-W, PAG-W, PLUS-W, DTEGY-W, SLGN-W, AMTD-D, AMTD-W, ALV-W, MTD-W, VRSN-D, VRSN-W, BRCM-W, FII-D, FII-W, ULTI-W, MSTR-D, MSTR-W, CSGP-W, XLY-W, DLPH-W, EWBC-W, CEB-W, TREX-W, ATLC-D, ATLC-W, PVTB-D, PVTB-W, FLWS-W, CHTR-W, MFSF-W, FBR-W, IJH-W, IWF-D, IWF-W, IYC-W, IWO-D, IWO-W, IJT-W, BKMU-D, BKMU-W, RVP-W, IWS-W, IWR-D, IWR-W, IWP-W, OMCL-W, CHFN-W, BHK-W, VXF-W, CCOI-W, ABG-W, PNFP-W, WTBA-W, PCK-W, SAFT-W, EIV-W, CME-D, CME-W, FPT-W, PFS-D, PFS-W, FFC-W, TLKGY-W, AHL-W, NNI-W, VBK-W, VCR-W, VO-D, VO-W, VUG-D, VUG-W, ABR-W, JKE-W, JKG-D, JKG-W, JKH-W, JKK-D, JKK-W, MIC-W, PWB-W, WAL-D, WAL-W, ISBC-W, PPA-W, ICE-D, ICE-W, AMSF-W, RPG-D, RPG-W, RZG-D, RZG-W, MWA-W, VG-W, DON-W, DXJ-W, MVV-W, AWH-W, VOE-D, VOE-W, RXI-W, PTF-D, PTF-W, RTM-W, SBH-W, IPGP-W, UCC-W, FAD-W, FEX-W, FTA-D, FTA-W, LLNW-W, VR-D, VR-W, MOO-W, FFNW-W, LPSB-W, IFEU-W, KW-W, V-W, MOFG-W, MHLD-W, MGK-D, MGK-W, AOR-D, AOR-W, ICI-W, TIPZ-W, MG-W, VRSK-W, SCHG-W, MSG-W, FNGN-W, TNAV-W, ENV-D, ENV-W, IVOO-W, VTWG-D, VTWG-W, ZGNX-W, KBWP-W, EWRI-D, EWRI-W, SCHM-W, PCRX-W, ANCB-W, FONE-W, LNKD-D, LNKD-W, DBGR-W, LMOS-W, BCOV-D, BCOV-W, CUBI-W, GIVE-W, ALFA-D, ALFA-W, EGL-W, LVNTA-W, QLYS-W, ADT-W, DKL-W, QDEF-D, QDEF-W, AFH-D, DATA-W, COTY-W, PGZ-W, KCG-W, LDRH-W, RDIV-W, FDIS-W, FCOM-D, FCOM-W, ALLE-W, USDU-W, ALQA-W, HEWJ-W, HEFA-W, GYEN-W, SQBK-W, HRTG-W, ASHS-W, TIME-W, FBGX-D, FBGX-W, WIL-W, MDLL-D, MDLL-W, LDRI-W, QTWN-W, ICL-W, DVP-W, FCAU-W, BOOT-W, JPIN-W, DIVC-D, DIVC-W, 
Fri Feb 06 08:00:00 GMT+00:00 2015: signals : 
Fri Feb 06 08:00:00 GMT+00:00 2015: Signals ordered by strength : 
Mon Feb 09 08:00:00 GMT+00:00 2015 : Watchlists added : 
Mon Feb 09 08:00:00 GMT+00:00 2015: Bases processed : HAS-D, MSI-D, IRIX-D, RTEC-D, AHS-D, HPI-D, ANIP-D, ORA-D, 
Mon Feb 09 08:00:00 GMT+00:00 2015: signals : 
Mon Feb 09 08:00:00 GMT+00:00 2015: Signals ordered by strength : 
Tue Feb 10 08:00:00 GMT+00:00 2015 : Watchlists added : 
Tue Feb 10 08:00:00 GMT+00:00 2015: Bases processed : AON-D, SEE-D, SIAL-D, APH-D, URBN-D, MLM-D, FWV-D, HIHO-D, BLK-D, TW-D, FVL-D, MOH-D, PSI-D, NHF-D, RAX-D, TTFS-D, FRGI-D, MODN-D, PINC-D, VTTI-D, 
Tue Feb 10 08:00:00 GMT+00:00 2015: signals : SEE,
Tue Feb 10 08:00:00 GMT+00:00 2015: Signals ordered by strength : SEE(75.0), 
Wed Feb 11 08:00:00 GMT+00:00 2015 : Watchlists added : 
Wed Feb 11 08:00:00 GMT+00:00 2015: Bases processed : AIR-D, ARW-D, IP-D, PEP-D, RAD-D, SCI-D, TXN-D, WBA-D, APOG-D, NTRS-D, BT-D, MIDD-D, PII-D, MOS-D, PNRA-D, MCRL-D, GCV-D, SGU-D, PLCM-D, EGBN-D, DNB-D, MON-D, WSH-D, SBFG-D, PSJ-D, XPH-D, VOT-D, WU-D, PKW-D, CAP-D, FTC-D, BZQ-D, IWY-D, TMH-D, ASMB-D, INXN-D, ZTS-D, VOYA-D, FIBG-D, SEMI-D, BLBD-D, CTLT-D, WBIH-D, ARKK-D, ICBK-D, 
Wed Feb 11 08:00:00 GMT+00:00 2015: signals : SCI,
Wed Feb 11 08:00:00 GMT+00:00 2015: Signals ordered by strength : SCI(85.0), 
Wed Apr 01 08:00:00 GMT+00:00 2015 : Watchlists added : 
Wed Apr 01 08:00:00 GMT+00:00 2015: Bases processed : PAI-D, MUA-D, OSBC-D, LMNS-D, NAT-D, BRKL-D, HCKT-D, UWN-D, NVSL-D, PFBC-D, CMPR-D, IRDM-D, ECON-D, EPHE-D, SEMG-D, DFVL-D, ENGN-D, MCBK-D, SRLP-D, 
Wed Apr 01 08:00:00 GMT+00:00 2015: signals : 
Wed Apr 01 08:00:00 GMT+00:00 2015: Signals ordered by strength : 
Thu Apr 02 08:00:00 GMT+00:00 2015 : Watchlists added : 
Thu Apr 02 08:00:00 GMT+00:00 2015: Bases processed : CAG-D, TAYD-D, TRI-D, MCY-D, NAVG-D, GSBC-D, STFC-D, ATNI-D, M-D, RNST-D, NATH-D, CSGS-D, OCFC-D, PAG-D, UCFC-D, SFG-D, ENTG-D, HBIO-D, TNP-D, CHA-D, SPG-D, AGO-D, HF-D, ARAY-D, FFNW-D, HAO-D, GSM-D, YAO-D, CQQQ-D, CHIM-D, EXPR-D, ECNS-D, STRZB-D, RLGT-D, GOVT-D, EMCG-D, SPWH-D, AXJV-D, XSOE-D, JPEM-D, 
Thu Apr 02 08:00:00 GMT+00:00 2015: signals : 
Thu Apr 02 08:00:00 GMT+00:00 2015: Signals ordered by strength : 
Mon Apr 06 08:00:00 GMT+00:00 2015 : Watchlists added : 
Mon Apr 06 08:00:00 GMT+00:00 2015: Bases processed : ALX-D, BWLA-D, NWL-D, TXT-D, CPK-D, TOL-D, PMD-D, PULB-D, HIW-D, IMAX-D, GBX-D, THG-D, MIG-D, SIX-D, ELNK-D, RDY-D, OMCL-D, BHK-D, ACH-D, NXST-D, VDC-D, EFG-D, RFV-D, RZV-D, NECB-D, OMAB-D, GMF-D, SYUT-D, DRW-D, IDHQ-D, BIP-D, NNA-D, SCZ-D, VXUS-D, FSBW-D, EMDD-D, CHXF-D, DOC-D, FNDC-D, EVOK-D, DXJT-D, TRTL-D, PRTO-D, SKOR-D, ROAM-D, DIVC-D, 
Mon Apr 06 08:00:00 GMT+00:00 2015: signals : 
Mon Apr 06 08:00:00 GMT+00:00 2015: Signals ordered by strength : 
Tue Apr 07 08:00:00 GMT+00:00 2015 : Watchlists added : 
Tue Apr 07 08:00:00 GMT+00:00 2015: Bases processed : TAP-D, AROW-D, UMH-D, DXYN-D, ZBRA-D, SKYAY-D, TRK-D, CBZ-D, RMBS-D, NLS-D, MRGE-D, LOAN-D, PMBC-D, CHU-D, HOFT-D, CYNO-D, DHG-D, FNI-D, BAL-D, SMED-D, ADUS-D, DBJP-D, IEFA-D, ISRA-D, CLAC-D, MYCC-D, CUDA-D, KTWO-D, BLBD-D, IRMD-D, IPOS-D, 
Tue Apr 07 08:00:00 GMT+00:00 2015: signals : 
Tue Apr 07 08:00:00 GMT+00:00 2015: Signals ordered by strength : 
Wed Apr 08 08:00:00 GMT+00:00 2015 : Watchlists added : 
Wed Apr 08 08:00:00 GMT+00:00 2015: Bases processed : CYN-D, APB-D, SNPS-D, ASGN-D, LGND-D, MHO-D, GSH-D, CHL-D, DSGX-D, EVF-D, NTES-D, SOHU-D, BNY-D, PDFS-D, SMI-D, JRO-D, VPL-D, PSJ-D, ETE-D, GWL-D, LULU-D, VEA-D, AMCN-D, TAO-D, AAXJ-D, PXR-D, DZK-D, CHIQ-D, QQQC-D, NOAH-D, BONA-D, WD-D, IBCC-D, CLACU-D, IEIL-D, FLTB-D, FPXI-D, JPIN-D, GHII-D, 
Wed Apr 08 08:00:00 GMT+00:00 2015: signals : 
Wed Apr 08 08:00:00 GMT+00:00 2015: Signals ordered by strength : 
Thu Apr 09 08:00:00 GMT+00:00 2015 : Watchlists added : 
Thu Apr 09 08:00:00 GMT+00:00 2015: Bases processed : SHW-D, APOG-D, EVI-D, NSEC-D, TPHS-D, ESRX-D, IX-D, SYNA-D, DXCM-D, SIMO-D, CCO-D, TLO-D, WPS-D, PGX-D, PIN-D, DL-D, CJJD-D, QLIK-D, EWRM-D, ASMB-D, KOLD-D, NOW-D, KWEB-D, RNG-D, EIGI-D, BCHP-D, WBIE-D, WBIH-D, SMIN-D, 
Thu Apr 09 08:00:00 GMT+00:00 2015: signals : 
Thu Apr 09 08:00:00 GMT+00:00 2015: Signals ordered by strength : 
Fri Apr 10 08:00:00 GMT+00:00 2015 : Watchlists added : 
Fri Apr 10 08:00:00 GMT+00:00 2015: Bases processed : ALX-W, BWLA-W, BXMT-D, BXMT-W, GE-D, GE-W, NWL-W, SHW-W, SNE-W, TXT-W, TAP-W, RWC-W, APOG-W, CPK-W, CYN-W, EVI-W, NSEC-W, BRO-D, BRO-W, QTM-D, QTM-W, DXR-D, TPHS-W, UMH-W, DXYN-W, TOL-W, PMD-W, APB-W, CCC-W, ZBRA-W, SNPS-W, ALU-D, ALU-W, SPNS-W, ESRX-W, ASGN-W, LGND-W, MHO-W, CYT-D, CYT-W, PULB-W, HIW-W, IMAX-W, SKYAY-W, TRK-W, CBZ-W, THG-W, MIG-W, GSH-W, SIX-W, USNA-W, NVS-D, NVS-W, RMBS-W, CHL-W, NLS-W, MYTAY-W, DSGX-W, MRGE-W, IX-W, EVF-W, LOAN-W, CCA-D, CCA-W, A-D, ELNK-W, PMBC-W, CHU-W, NTES-W, SOHU-W, JNS-W, BNY-W, PDFS-W, OMCL-W, NJ-W, BHK-W, ACH-W, SYNA-W, HOFT-W, HPI-W, NXST-W, VDC-W, SMI-W, JRO-W, DXCM-W, SIMO-W, PSJ-W, CCO-W, CYNO-W, ETE-W, RFV-W, RZV-W, DFE-W, NECB-W, NFO-D, NFO-W, RHS-W, OMAB-W, DHG-W, AOD-D, AOD-W, QCLN-D, QCLN-W, GMF-W, SYUT-W, GWL-W, TLO-W, DRW-W, IDHQ-W, LULU-W, VEA-W, WPS-W, FNI-W, AMCN-W, TAO-W, BIP-W, PGX-W, PIN-W, IRDM-W, NNA-W, DL-W, IPN-W, AAXJ-W, SCZ-W, PXR-W, DZK-W, NEO-D, NEO-W, ADUS-W, CHIQ-W, QQQC-W, EXL-D, EXL-W, CJJD-W, SANW-D, QLIK-W, NOAH-W, BONA-W, WD-W, EWRM-W, ASMB-W, VXUS-W, MDGN-D, MDGN-W, DBJP-W, KOLD-W, EPAM-W, AXJS-D, AXJS-W, MOAT-D, MOAT-W, NOW-W, FSBW-W, EMDD-W, CHXF-W, IEFA-W, IBCC-W, CLACU-W, CDW-D, CDW-W, ISRA-W, CLAC-W, DOC-W, KWEB-W, FNDC-W, MYCC-W, RNG-W, EMCG-W, EIGI-W, CUDA-W, IEIL-W, DXJT-W, BCHP-W, KTWO-W, QEFA-W, IRMD-W, TRTL-W, WBIE-W, WBIH-W, EMRE-D, EMRE-W, IPOS-W, FLTB-W, PRTO-W, MELR-D, MELR-W, FPXI-W, JPIN-W, SKOR-W, SMIN-W, GHII-W, ROAM-W, GSBD-D, GSBD-W, DIVC-W, 
Fri Apr 10 08:00:00 GMT+00:00 2015: signals : 
Fri Apr 10 08:00:00 GMT+00:00 2015: Signals ordered by strength : 
Mon Apr 13 08:00:00 GMT+00:00 2015 : Watchlists added : 
Mon Apr 13 08:00:00 GMT+00:00 2015: Bases processed : DCO-D, IR-D, FELE-D, IVC-D, AEPI-D, PTSI-D, CCC-D, FARO-D, ETM-D, TDY-D, SQNM-D, ISRG-D, RTIX-D, ETO-D, MFLX-D, BLDR-D, GLO-D, PBIB-D, STK-D, INDL-D, SCIN-D, TNGO-D, GMED-D, SRLN-D, DFP-D, KFYP-D, STCK-D, CGIX-D, AERI-D, DXKW-D, KING-D, TSE-D, HEEM-D, IQLT-D, ENTL-D, 
Mon Apr 13 08:00:00 GMT+00:00 2015: signals : 
Mon Apr 13 08:00:00 GMT+00:00 2015: Signals ordered by strength : 
Tue Apr 14 08:00:00 GMT+00:00 2015 : Watchlists added : 
Tue Apr 14 08:00:00 GMT+00:00 2015: Bases processed : BMI-D, JPM-D, LGL-D, NPBC-D, CHKE-D, RGS-D, GIB-D, PRE-D, GS-D, YORW-D, AXS-D, XRM-D, DOVR-D, PGTI-D, CUT-D, IDHB-D, MODN-D, IBCE-D, GWPH-D, PGEM-D, WUBA-D, CARA-D, CORI-D, KLXI-D, STDY-D, 
Tue Apr 14 08:00:00 GMT+00:00 2015: signals : 
Tue Apr 14 08:00:00 GMT+00:00 2015: Signals ordered by strength : 
Wed Apr 15 08:00:00 GMT+00:00 2015 : Watchlists added : 
Wed Apr 15 08:00:00 GMT+00:00 2015: Bases processed : FSS-D, KMI-D, ECL-D, MSA-D, NEWP-D, PLXS-D, ECF-D, DXLG-D, DDC-D, GVA-D, MW-D, RDN-D, WINA-D, WVFC-D, CBAN-D, GSIG-D, ROIA-D, CYRN-D, NTCT-D, OCLR-D, DCM-D, CLSN-D, ROIAK-D, CKSW-D, SLYV-D, SWHC-D, RSP-D, JDD-D, DCA-D, IGA-D, PRF-D, KXI-D, EXLP-D, FSLR-D, TAST-D, FAB-D, FEX-D, TTHI-D, QABA-D, TMH-D, EWRI-D, EWRS-D, JGBL-D, SPHB-D, FSZ-D, ACIM-D, HAWK-D, CNHI-D, CNTR-D, NGHC-D, WBIB-D, WBIG-D, AAC-D, GAA-D, ABEO-D, EQAL-D, ZSML-D, 
Wed Apr 15 08:00:00 GMT+00:00 2015: signals : 
Wed Apr 15 08:00:00 GMT+00:00 2015: Signals ordered by strength : 
Thu Apr 16 08:00:00 GMT+00:00 2015 : Watchlists added : 
Thu Apr 16 08:00:00 GMT+00:00 2015: Bases processed : ACU-D, UL-D, UN-D, ENZN-D, FBP-D, VGR-D, PNRA-D, ISL-D, MHE-D, EOC-D, TRQ-D, TASR-D, NJ-D, VEOEY-D, IXG-D, NFLX-D, ADRA-D, EZA-D, FDN-D, IPHS-D, MNOV-D, GII-D, SDT-D, FPA-D, SKYY-D, VEGA-D, DATA-D, BRSS-D, MRIC-D, EFAD-D, CYBR-D, GTOMY-D, ARKK-D, HACK-D, PN-D, SBEU-D, SUM-D, 
Thu Apr 16 08:00:00 GMT+00:00 2015: signals : 
Thu Apr 16 08:00:00 GMT+00:00 2015: Signals ordered by strength : 
Fri Apr 17 08:00:00 GMT+00:00 2015 : Watchlists added : 
Fri Apr 17 08:00:00 GMT+00:00 2015: Bases processed : ACU-W, JPM-W, DCO-W, FSS-W, IR-W, KMI-W, LGL-W, UL-W, UN-W, ECL-W, FELE-W, NEWP-W, DXR-W, SRCE-W, NPBC-W, ENZN-W, IVC-W, AMS-D, AMS-W, AEPI-W, PLXS-W, LSBG-D, LSBG-W, ECF-W, PTSI-W, FBP-W, DXLG-W, VGR-W, DDC-W, GVA-W, CHKE-W, PNRA-W, RGS-W, KALU-D, KALU-W, MW-W, GIB-W, ISL-W, RDN-W, MHE-W, WINA-W, PRE-W, WVFC-W, EOC-W, NTT-W, RICK-D, TRQ-W, CBAN-W, ETM-W, GSIG-W, GS-W, ROIA-W, NAN-D, NAN-W, CYRN-W, CE-D, CE-W, TDY-W, SQNM-W, OCLR-W, DCM-W, CLSN-W, ROIAK-W, ISRG-W, CKSW-W, RTIX-W, SLYV-W, MIFI-D, MIFI-W, YORW-W, TASR-W, VEOEY-W, NFLX-W, EVM-D, EVM-W, ADRA-W, SWHC-W, EZA-W, RSP-W, AXS-W, JDD-W, SOCB-D, SOCB-W, ETO-W, MFLX-W, DCA-W, XRM-W, BLDR-W, IGA-W, DOVR-W, VIMC-D, VIMC-W, PRF-W, GLO-W, PGTI-W, FDN-W, PBIB-W, KXI-W, EXLP-W, FSLR-W, MNOV-W, TAST-W, GII-W, FAB-W, FEX-W, TTHI-W, CUT-W, QABA-W, STK-W, TMH-W, INDL-W, FIBK-W, SCIN-W, EWRI-W, EWRS-W, SDT-W, SPHB-W, FWDI-D, FWDI-W, SKYY-W, FSZ-W, IDHB-W, ACIM-W, RWXL-D, RWXL-W, GMED-W, VEGA-W, CRDT-D, CRDT-W, MODN-W, SRLN-W, HAWK-W, IBCE-W, GWPH-W, DATA-W, PGEM-W, DFP-W, KFYP-W, STCK-W, CGIX-W, FATE-D, FATE-W, MRIC-W, EVOK-W, CNHI-W, AERI-W, WUBA-W, DXKW-W, CNTR-W, ACSF-W, CARA-W, NGHC-W, KING-W, CORI-W, DXJF-W, TSE-W, MOKO-D, MOKO-W, IFV-D, IFV-W, EFAD-W, WBIB-W, WBIG-W, VWR-D, VWR-W, HEEM-W, GTOMY-W, ARKK-W, HACK-W, GAA-W, ABEO-W, EQAL-W, PN-W, IQLT-W, ENTL-W, ZSML-W, SBEU-W, SUM-W, STDY-W, 
Fri Apr 17 08:00:00 GMT+00:00 2015: signals : 
Fri Apr 17 08:00:00 GMT+00:00 2015: Signals ordered by strength : 
Mon Apr 20 08:00:00 GMT+00:00 2015 : Watchlists added : 
Mon Apr 20 08:00:00 GMT+00:00 2015: Bases processed : EMCI-D, SIAL-D, JBSS-D, FCAP-D, PMF-D, COOL-D, PZG-D, INR-D, FAF-D, UJB-D, SEAS-D, KMDA-D, BSCM-D, KCNY-D, 
Mon Apr 20 08:00:00 GMT+00:00 2015: signals : 
Mon Apr 20 08:00:00 GMT+00:00 2015: Signals ordered by strength : 
Tue Apr 21 08:00:00 GMT+00:00 2015 : Watchlists added : 
Tue Apr 21 08:00:00 GMT+00:00 2015: Bases processed : OCR-D, NSANY-D, ASTE-D, AKRX-D, HIFS-D, PFO-D, PPR-D, MMU-D, TSCO-D, DASTY-D, SIRO-D, CLS-D, RDWR-D, ALSK-D, LNBB-D, EMJ-D, IHG-D, AEL-D, SNCR-D, GSL-D, DEF-D, ECHO-D, AGA-D, GURU-D, SFBC-D, FEYE-D, DXJC-D, SFBS-D, SMLL-D, FSB-D, RELY-D, 
Tue Apr 21 08:00:00 GMT+00:00 2015: signals : 
Tue Apr 21 08:00:00 GMT+00:00 2015: Signals ordered by strength : 
Wed Apr 22 08:00:00 GMT+00:00 2015 : Watchlists added : 
Wed Apr 22 08:00:00 GMT+00:00 2015: Bases processed : ABT-D, TFX-D, VAR-D, STJ-D, AMGN-D, DNP-D, WPPGY-D, HNP-D, WAB-D, PBHC-D, YUM-D, PCCC-D, RAI-D, CRNT-D, ATSG-D, AYR-D, GLUU-D, SAR-D, UEC-D, V-D, CYOU-D, AVEO-D, XRS-D, CARZ-D, SOCL-D, JPI-D, QEH-D, GLYC-D, VLP-D, WIL-D, 
Wed Apr 22 08:00:00 GMT+00:00 2015: signals : 
Wed Apr 22 08:00:00 GMT+00:00 2015: Signals ordered by strength : 
Thu Apr 23 08:00:00 GMT+00:00 2015 : Watchlists added : 
Thu Apr 23 08:00:00 GMT+00:00 2015: Bases processed : CSL-D, EFX-D, NEU-D, JCI-D, SWK-D, CMCSA-D, CLGX-D, NDSN-D, RGR-D, ESND-D, SLM-D, ADSK-D, BMTC-D, DTV-D, FRC-D, HAR-D, TWN-D, CMCSK-D, ZIXI-D, EXPO-D, COLB-D, ARRS-D, ENI-D, ATVI-D, BPFH-D, IGTE-D, QQQ-D, IMMR-D, NTWK-D, EWT-D, UNB-D, TTMI-D, THRK-D, IGV-D, IXN-D, ANIP-D, DPZ-D, FFA-D, VOX-D, PXMG-D, DRC-D, MGU-D, GLP-D, NXTM-D, ONEK-D, QLD-D, ORIT-D, TFSL-D, PMC-D, XIN-D, IGF-D, FLT-D, SQNS-D, PXLG-D, FRAN-D, TNDQ-D, VCRA-D, GIG-D, WGP-D, FPF-D, KCG-D, NFRA-D, FCOM-D, SPUU-D, FBGX-D, ARKW-D, FLRT-D, 
Thu Apr 23 08:00:00 GMT+00:00 2015: signals : 
Thu Apr 23 08:00:00 GMT+00:00 2015: Signals ordered by strength : 
Fri Apr 24 08:00:00 GMT+00:00 2015 : Watchlists added : 
Fri Apr 24 08:00:00 GMT+00:00 2015: Bases processed : ABT-W, BCR-D, BCR-W, BK-W, CSL-W, EFX-W, NEU-W, JCI-W, NI-D, NI-W, OCR-W, OXM-W, SWK-W, TFX-W, UVV-W, VAR-W, WWW-D, CMCSA-W, EMCI-W, CLGX-W, NSANY-W, SIAL-W, STJ-W, RGR-W, ESND-W, AMGN-W, SLM-W, MENT-W, BT-D, BT-W, ADSK-W, BMTC-W, DTV-W, FRC-W, HAR-W, VSR-D, VSR-W, TWN-W, CMCSK-W, DNP-W, SIVB-D, SIVB-W, WPPGY-W, AKRX-W, HIFS-W, CRH-D, CRH-W, ZIXI-W, MMSI-D, MMSI-W, EXPO-W, JBSS-W, PFO-W, PPR-W, COLB-W, MMU-W, ARRS-W, ENI-W, ATVI-W, TSCO-W, PENN-D, PENN-W, HNP-W, WAB-W, SSNC-D, SSNC-W, DASTY-W, IGTE-W, AMZN-D, AMZN-W, PBHC-W, SIRO-W, YUM-W, PCCC-W, CLS-W, FCAP-W, QQQ-W, RAI-W, RDWR-W, IMMR-W, ALSK-W, NTWK-W, AGEN-D, AGEN-W, LNBB-W, EWT-W, UNB-W, CRNT-W, SPYG-D, SPYG-W, XXIA-D, THRK-W, IGM-D, IGM-W, IGV-W, IXN-W, EMJ-W, EEM-W, IHG-W, JQC-D, JQC-W, ANIP-W, AEL-W, CII-D, CII-W, DPZ-W, GOOGL-W, FFA-W, VOX-W, PGJ-W, OSHC-D, OSHC-W, COOL-W, PXMG-W, VWO-D, VWO-W, DSW-D, DRC-W, EFG-W, GLP-W, NXTM-W, FNF-D, FNF-W, ONEK-W, SNCR-W, DFE-D, AXJL-W, QLD-W, SSO-D, SSO-W, AYR-W, GSL-W, DEF-W, ORIT-W, GLUU-W, SAR-W, TFSL-W, BGS-D, BGS-W, PMC-W, PZG-W, UEC-W, XIN-W, V-W, IGF-W, ACWX-W, INR-W, EDC-W, CYOU-W, EET-W, EMIF-W, ECHO-W, SCHE-D, SCHE-W, TQQQ-D, TQQQ-W, AVEO-W, SPSC-D, SPSC-W, FAF-W, XRS-W, VNQI-W, MOBI-W, FLT-W, QADA-D, SQNS-W, UJB-W, FEM-W, FPA-W, CARZ-W, TAOM-D, TAOM-W, PXLG-W, FRAN-W, DNKN-D, DNKN-W, EEMV-W, SOCL-W, AGA-W, TNDQ-W, EGRW-W, VCRA-W, GIG-W, GIVE-D, GIVE-W, GURU-W, JPI-W, QEH-W, SFBC-W, TLTE-W, IEMG-W, WGP-W, INBK-D, INBK-W, SEAS-W, IBCD-D, IBCD-W, KMDA-W, FPF-W, BSCM-W, NFRA-W, FCOM-W, GLYC-W, VIDI-W, IMS-D, IMS-W, DXJC-W, SFBS-W, SPUU-W, FBGX-W, BLBD-W, WIL-W, INNL-D, INNL-W, SMLL-W, BNK-W, AAC-W, EMQQ-D, EMQQ-W, AVOL-D, AVOL-W, KCNY-W, VSTO-W, FLRT-W, FSB-W, RELY-W, 
Fri Apr 24 08:00:00 GMT+00:00 2015: signals : 
Fri Apr 24 08:00:00 GMT+00:00 2015: Signals ordered by strength : 
Mon Apr 27 08:00:00 GMT+00:00 2015 : Watchlists added : 
Mon Apr 27 08:00:00 GMT+00:00 2015: Bases processed : IDCC-D, MNST-D, AAN-D, PZZA-D, QLGC-D, HME-D, TSM-D, ARMH-D, PFSW-D, IVV-D, IYW-D, VC-D, IGN-D, KND-D, VGT-D, VV-D, SMMF-D, ROM-D, BIK-D, GRO-D, IPF-D, TOK-D, MGC-D, SPXL-D, UPRO-D, SCHX-D, LMNR-D, VOO-D, VNQI-D, TRND-D, AVL-D, DCIX-D, XTL-D, SOIL-D, DBEM-D, EEMV-D, DGAZ-D, QUAL-D, ARKG-D, 
Mon Apr 27 08:00:00 GMT+00:00 2015: signals : 
Mon Apr 27 08:00:00 GMT+00:00 2015: Signals ordered by strength : 
Tue Apr 28 08:00:00 GMT+00:00 2015 : Watchlists added : 
Tue Apr 28 08:00:00 GMT+00:00 2015: Bases processed : BRN-D, AAPL-D, MSEX-D, MEOH-D, MBVT-D, CDNS-D, AGCO-D, FDEF-D, MZA-D, SBBX-D, XLK-D, RTEC-D, PGC-D, JPC-D, JOBS-D, CZFC-D, IPGP-D, MOFG-D, CNY-D, TECL-D, ARPI-D, GTT-D, SC-D, OPB-D, HQY-D, BHBK-D, 
Tue Apr 28 08:00:00 GMT+00:00 2015: signals : HQY,
Tue Apr 28 08:00:00 GMT+00:00 2015: Signals ordered by strength : HQY(90.0), 
Wed Apr 29 08:00:00 GMT+00:00 2015 : Watchlists added : 
Wed Apr 29 08:00:00 GMT+00:00 2015: Bases processed : AVY-D, GT-D, NEM-D, TSS-D, UBSI-D, LFUS-D, JCTCF-D, LVLT-D, MSTR-D, AU-D, TPX-D, XPO-D, CRM-D, DHT-D, KBE-D, TRCB-D, MA-D, VRSK-D, EXAM-D, FI-D, FRBA-D, 
Wed Apr 29 08:00:00 GMT+00:00 2015: signals : XPO,
Wed Apr 29 08:00:00 GMT+00:00 2015: Signals ordered by strength : XPO(80.0), 
Thu Apr 30 08:00:00 GMT+00:00 2015 : Watchlists added : 
Thu Apr 30 08:00:00 GMT+00:00 2015: Bases processed : ASH-D, SVCBY-D, ATTU-D, MLM-D, IVZ-D, BRBW-D, BAA-D, AAWW-D, WX-D, IEUS-D, IPHI-D, UAN-D, WIFI-D, VAC-D, AVG-D, BLVD-D, JCAP-D, 
Thu Apr 30 08:00:00 GMT+00:00 2015: signals : 
Thu Apr 30 08:00:00 GMT+00:00 2015: Signals ordered by strength : 
Fri May 01 08:00:00 GMT+00:00 2015 : Watchlists added : 
Fri May 01 08:00:00 GMT+00:00 2015: Bases processed : AET-W, ASH-W, AVY-W, BRN-W, GT-W, NEM-W, TDS-D, TDS-W, TER-D, TER-W, VMC-D, VMC-W, AAPL-W, IDCC-W, MOCO-D, MSEX-W, MEOH-W, TSS-W, SVCBY-W, MBVT-W, MNST-W, HLS-W, UBSI-W, CDNS-W, CIF-D, CIF-W, RTI-D, RTI-W, AGCO-W, LFUS-W, AAN-W, ATTU-W, PZZA-W, FDEF-W, MZA-W, MLM-W, QLGC-W, HME-W, IVZ-W, JCTCF-W, TSM-W, BFAM-D, BFAM-W, SBBX-W, LVLT-W, ARMH-W, MSTR-W, AU-W, BCOR-D, BCOR-W, XLK-W, RTEC-W, PFSW-W, IVV-W, IVW-W, IWV-W, IYW-W, IYY-W, NTRI-W, VC-W, IJT-W, COH-W, SLYG-W, PGC-W, SYT-W, BRBW-W, VTI-W, IGN-W, KND-W, JPC-W, NG-W, TPX-W, ITOT-W, VGT-W, VUG-W, VV-W, XPO-W, CRM-W, JKE-W, JOBS-W, EOS-W, SMMF-W, BAA-W, PBS-W, DHT-W, KBE-W, NTLS-D, NTLS-W, TRCB-W, MA-W, AAWW-W, AWI-W, PZD-W, CZFC-W, EQWM-W, IPGP-W, ROM-W, UCC-W, LLNW-D, LLNW-W, BIK-W, WX-W, IEUS-W, MOFG-W, CNY-W, IPF-W, TOK-W, MGC-W, SPXL-W, TECL-W, UPRO-W, VWDRY-D, VWDRY-W, VRSK-W, SCHX-W, SCHG-W, AT-W, EUSA-W, DTUL-D, DTUL-W, VOO-W, VOOG-W, EXAM-W, IPHI-W, GCAP-D, GCAP-W, TRND-W, AVL-W, DCIX-W, XTL-W, UAN-W, WIFI-W, FMK-W, SOIL-W, DBEM-W, VAC-W, AVG-W, JE-W, DGAZ-W, EGRW-D, EMDI-W, SAND-W, HASI-W, ARPI-W, GTT-W, QUAL-W, FI-W, FRBA-W, SC-W, CMFN-D, CMFN-W, LQ-W, BLVD-W, OPB-W, EUDG-W, FNFV-D, FNFV-W, HQY-W, BHBK-W, JYNT-W, STXX-W, ARKG-W, JCAP-W, 
Fri May 01 08:00:00 GMT+00:00 2015: signals : 
Fri May 01 08:00:00 GMT+00:00 2015: Signals ordered by strength : 
Mon May 04 08:00:00 GMT+00:00 2015 : Watchlists added : 
Mon May 04 08:00:00 GMT+00:00 2015: Bases processed : MAS-D, GIGA-D, SGMS-D, PTC-D, EVBS-D, CTSH-D, PCLN-D, IYG-D, SBFG-D, XLG-D, LYV-D, HIL-D, RLGY-D, FTA-D, OZM-D, RWW-D, IWL-D, VOOV-D, PFLT-D, KBWB-D, KNOW-D, VLUE-D, EBIO-D, LMLP-D, DRA-D, QKOR-D, ENFC-D, DM-D, SHLX-D, UBS-D, 
Mon May 04 08:00:00 GMT+00:00 2015: signals : 
Mon May 04 08:00:00 GMT+00:00 2015: Signals ordered by strength : 
Tue May 05 08:00:00 GMT+00:00 2015 : Watchlists added : 
Tue May 05 08:00:00 GMT+00:00 2015: Bases processed : KEY-D, STT-D, SCHW-D, GTIM-D, GTNA-D, NOM-D, EL-D, GTN-D, XEC-D, RPV-D, PRMW-D, GTWN-D, GGAC-D, NCOM-D, 
Tue May 05 08:00:00 GMT+00:00 2015: signals : 
Tue May 05 08:00:00 GMT+00:00 2015: Signals ordered by strength : 
Wed May 06 08:00:00 GMT+00:00 2015 : Watchlists added : 
Wed May 06 08:00:00 GMT+00:00 2015: Bases processed : IACI-D, HDSN-D, RNR-D, CSV-D, PLCE-D, OBAS-D, HLF-D, WIX-D, 
Wed May 06 08:00:00 GMT+00:00 2015: signals : 
Wed May 06 08:00:00 GMT+00:00 2015: Signals ordered by strength : 
Thu May 07 08:00:00 GMT+00:00 2015 : Watchlists added : 
Thu May 07 08:00:00 GMT+00:00 2015: Bases processed : CRF-D, GURE-D, NICE-D, PEGA-D, EMKR-D, MTSL-D, ACLS-D, QLTY-D, TBRA-D, ALDR-D, TFSC-D, HUBS-D, CDK-D, PRAH-D, SSRG-D, 
Thu May 07 08:00:00 GMT+00:00 2015: signals : 
Thu May 07 08:00:00 GMT+00:00 2015: Signals ordered by strength : 
Fri May 08 08:00:00 GMT+00:00 2015 : Watchlists added : 
Fri May 08 08:00:00 GMT+00:00 2015: Bases processed : BLL-W, CRF-W, LEG-D, LEG-W, MAS-W, SEE-D, SEE-W, UVV-D, KEY-W, GIGA-W, MGA-D, EBIX-D, EBIX-W, SWZ-D, SWZ-W, SCHW-W, CBS-D, CBS-W, GTIM-W, WNC-D, WNC-W, WRLD-D, WRLD-W, GTNA-W, GURE-W, IACI-W, PENC-W, NOM-W, BYBK-D, BYBK-W, HDSN-W, RNR-W, EL-W, PEGA-W, CSV-W, GTN-W, EMKR-W, MTSL-W, PLCE-W, MYTAY-D, EVBS-W, RBA-D, RBA-W, RLH-D, RLH-W, CTSH-W, OBAS-W, FFIV-D, BSRR-W, STMP-D, STMP-W, ACLS-W, IYG-W, SYT-D, MDLZ-D, MDLZ-W, SBFG-W, AYI-W, AYN-D, AYN-W, XEC-W, QLTY-W, CUTR-D, CUTR-W, ATSG-W, BCA-D, BCA-W, XLG-W, LYV-W, RPV-W, HIL-W, RLGY-W, NTDOY-D, NTDOY-W, FTA-W, MOO-D, MOO-W, OZM-W, RWW-W, IWL-W, VOOV-W, PRMW-W, PFLT-W, IMPV-D, IMPV-W, KBWB-W, KNOW-W, POST-D, POST-W, SPLK-D, DKL-W, PLPM-D, PLPM-W, SSNI-D, SSNI-W, VLUE-W, MRTX-D, MRTX-W, TBRA-W, ESNT-D, ESNT-W, MMI-D, MMI-W, WIX-W, SYE-D, SYE-W, SYV-D, SYV-W, EBIO-W, QTWO-D, QTWO-W, PAYC-D, PAYC-W, ALDR-W, EUDG-D, CCS-D, CCS-W, LMLP-W, GGAC-W, TFSC-W, DRA-W, QKOR-W, HUBS-W, CDK-W, ENFC-W, DM-W, MMAC-D, SHLX-W, PRAH-W, SSRG-W, UBS-W, NCOM-W, 
Fri May 08 08:00:00 GMT+00:00 2015: signals : IMPV,
Fri May 08 08:00:00 GMT+00:00 2015: Signals ordered by strength : IMPV(160.0), 
Mon May 11 08:00:00 GMT+00:00 2015 : Watchlists added : 
Mon May 11 08:00:00 GMT+00:00 2015: Bases processed : PHH-D, FMER-D, KOSS-D, LOJN-D, EMRI-D, BCS-D, SEV-D, REGN-D, ICUI-D, USPH-D, CALM-D, XLF-D, MET-D, SPTN-D, NMR-D, VTV-D, ICE-D, IAI-D, NPTN-D, VOYA-D, TFLO-D, PCTY-D, SBCP-D, KMPH-D, 
Mon May 11 08:00:00 GMT+00:00 2015: signals : 
Mon May 11 08:00:00 GMT+00:00 2015: Signals ordered by strength : 
Tue May 12 08:00:00 GMT+00:00 2015 : Watchlists added : 
Tue May 12 08:00:00 GMT+00:00 2015: Bases processed : PLL-D, RF-D, INTG-D, TRR-D, GBCI-D, FFKT-D, WBS-D, PLAB-D, SNFCA-D, IPAR-D, CCU-D, IMN-D, MCHX-D, ANCX-D, FFNM-D, VRTU-D, GRN-D, CSRE-D, KBWI-D, PINC-D, PAHC-D, FCB-D, GDDY-D, 
Tue May 12 08:00:00 GMT+00:00 2015: signals : 
Tue May 12 08:00:00 GMT+00:00 2015: Signals ordered by strength : 
Wed May 13 08:00:00 GMT+00:00 2015 : Watchlists added : 
Wed May 13 08:00:00 GMT+00:00 2015: Bases processed : AME-D, DHR-D, MCK-D, TTDKY-D, STRN-D, IDTI-D, FISV-D, ICCC-D, VOD-D, SCLN-D, FLL-D, BTO-D, OPK-D, EWL-D, BSI-D, RPTP-D, NG-D, MGN-D, HSP-D, EXR-D, IAT-D, WNS-D, PZD-D, PDN-D, CROP-D, WBII-D, YDLE-D, PRTY-D, 
Wed May 13 08:00:00 GMT+00:00 2015: signals : 
Wed May 13 08:00:00 GMT+00:00 2015: Signals ordered by strength : 
Thu May 14 08:00:00 GMT+00:00 2015 : Watchlists added : 
Thu May 14 08:00:00 GMT+00:00 2015: Bases processed : HON-D, BFA-D, GAM-D, NPK-D, ASB-D, MKC-D, JJSF-D, C-D, CGA-D, SPNS-D, JAH-D, PERY-D, IT-D, CTRX-D, ISSI-D, RE-D, NSU-D, EWK-D, ANSS-D, MKSI-D, RHT-D, EGBN-D, ACN-D, JHX-D, ANTM-D, TCBI-D, OEF-D, SNX-D, CTRP-D, GTXI-D, CSCD-D, NDAQ-D, ETV-D, ALJ-D, TDG-D, DNL-D, DWM-D, GDL-D, UGE-D, EXT-D, SSFN-D, FXO-D, BKCC-D, PXF-D, MGV-D, FSFG-D, ALN-D, FGM-D, ICPT-D, STRP-D, CRTO-D, EUMV-D, LLSP-D, GDXX-D, NXRT-D, 
Thu May 14 08:00:00 GMT+00:00 2015: signals : 
Thu May 14 08:00:00 GMT+00:00 2015: Signals ordered by strength : 
Fri May 15 08:00:00 GMT+00:00 2015 : Watchlists added : 
Fri May 15 08:00:00 GMT+00:00 2015: Bases processed : HON-W, AME-W, BFA-W, CAG-D, DHR-W, MCK-W, GAM-W, NPK-W, PHH-W, PLL-W, TTDKY-W, AEM-W, ASB-W, CSWC-D, CSWC-W, FMER-W, KOSS-W, INTG-W, NKE-D, NKE-W, TRR-W, STRN-W, IDTI-W, LOJN-W, EMRI-W, CNO-W, JJSF-W, BCS-W, FISV-W, C-W, FFKT-W, WBS-W, PLAB-W, ICCC-W, ELUXY-D, ELUXY-W, SNFCA-W, SEV-W, IPAR-W, VOD-W, PTC-W, CGA-W, REGN-W, SCLN-W, ICUI-W, USPH-W, CCU-W, JAH-W, PERY-W, FLL-W, IT-W, BTO-W, COF-D, COF-W, CTRX-W, ISSI-W, ASML-D, ASML-W, RE-W, RICK-W, OPK-W, SGU-D, SGU-W, EWK-W, EWL-W, TCX-D, TCX-W, FDS-W, IMN-W, BSI-W, TACT-D, TACT-W, CALM-W, CIEN-D, CIEN-W, WTFC-W, EBAY-W, XLF-W, MKSI-W, RHT-W, EGBN-W, BSQR-D, BSQR-W, SPTN-W, SPYV-D, SPYV-W, TW-D, TW-W, JHX-W, ANTM-W, ALR-D, NMR-W, OEF-W, SNX-W, CTRP-W, GTXI-W, VTV-W, MGN-W, MCHX-W, HSP-W, ANCX-W, EXR-W, CSCD-W, NDAQ-W, FFNM-W, ALJ-W, ICE-W, TDG-W, IAI-W, IAT-W, DNL-W, DOL-D, DOL-W, DWM-W, WNS-W, RWX-D, RWX-W, GDL-W, UGE-W, EPS-D, EPS-W, EXT-W, SSFN-W, HOLI-D, HOLI-W, FXO-W, SCOR-D, SCOR-W, BKCC-W, VRTU-W, PXF-W, PDN-W, IFGL-D, IFGL-W, MGV-W, FSFG-W, FAS-D, FAS-W, GRN-W, ALN-W, TAT-W, PSCC-D, PSCC-W, SANW-W, NPTN-W, CROP-W, GSVC-D, GSVC-W, CSRE-W, TTFS-D, TTFS-W, KBWI-W, LVNTB-D, LVNTB-W, ICPT-W, CAPE-D, CAPE-W, PF-D, VOYA-W, DGRW-D, DGRW-W, STRP-W, PINC-W, CRTO-W, FTEC-D, FTEC-W, SRNE-D, SRNE-W, TFLO-W, PCTY-W, PAHC-W, EUMV-W, SERV-D, SERV-W, SBCP-W, FCB-W, WBII-W, YDLE-W, KE-D, KLXI-W, LLSP-W, GDXX-W, GDDY-W, KMPH-W, PRTY-W, 
Fri May 15 08:00:00 GMT+00:00 2015: signals : 
Fri May 15 08:00:00 GMT+00:00 2015: Signals ordered by strength : 
Mon May 18 08:00:00 GMT+00:00 2015 : Watchlists added : 
Mon May 18 08:00:00 GMT+00:00 2015: Bases processed : ADX-D, SWKS-D, LPX-D, LUK-D, SNV-D, MEI-D, NBN-D, ANN-D, SPY-D, AEIS-D, QRVO-D, BHB-D, DIA-D, IJH-D, IVE-D, IUSV-D, CVGW-D, ADRD-D, JKG-D, JKI-D, PPO-D, KLD-D, PWV-D, ITRN-D, DLN-D, DDM-D, SFLY-D, PTF-D, EQWL-D, CZA-D, FXL-D, RWL-D, MLVF-D, ORRF-D, ABCD-D, SCHV-D, UDOW-D, MXL-D, VONV-D, BLOX-D, ANGL-D, MMTM-D, NCLH-D, FNDB-D, FNDX-D, LDRH-D, SRLP-D, CQH-D, RDVY-D, SIEN-D, RMP-D, KRNT-D, NSA-D, 
Mon May 18 08:00:00 GMT+00:00 2015: signals : 
Mon May 18 08:00:00 GMT+00:00 2015: Signals ordered by strength : 
Tue May 19 08:00:00 GMT+00:00 2015 : Watchlists added : 
Tue May 19 08:00:00 GMT+00:00 2015: Bases processed : BIOB-D, MMC-D, WFC-D, SHW-D, FL-D, BOKF-D, FHN-D, SUSQ-D, STI-D, EXAR-D, FNB-D, PBCT-D, MHK-D, MS-D, RGA-D, AMTD-D, IYF-D, DGT-D, MIW-D, VFH-D, UEPS-D, IHF-D, UYG-D, STV-D, SCJ-D, SEM-D, VTHR-D, CPS-D, TRNM-D, SREV-D, CURE-D, PXLV-D, ALFA-D, FINU-D, ESPR-D, TRSK-D, ZSPH-D, CFO-D, CVRS-D, 
Tue May 19 08:00:00 GMT+00:00 2015: signals : 
Tue May 19 08:00:00 GMT+00:00 2015: Signals ordered by strength : 
Wed May 20 08:00:00 GMT+00:00 2015 : Watchlists added : 
Wed May 20 08:00:00 GMT+00:00 2015: Bases processed : ABM-D, ADI-D, BMY-D, WEN-D, HEI-D, HRL-D, RBC-D, GHC-D, Y-D, ATRI-D, MENT-D, AJG-D, CVC-D, NVR-D, COT-D, MIDD-D, LVMUY-D, MGPI-D, ULBI-D, CSGS-D, AXAHY-D, ALTV-D, IWD-D, FSI-D, MBTF-D, VHT-D, LBTYA-D, EFSC-D, BME-D, IAK-D, FBT-D, OSIR-D, AGD-D, VYM-D, DSI-D, MSBF-D, RXL-D, TWC-D, PIO-D, FLY-D, CSM-D, DMO-D, SST-D, QDEF-D, FLAG-D, TTPH-D, FNCL-D, DXJR-D, DGRO-D, EHIC-D, MOMO-D, 
Wed May 20 08:00:00 GMT+00:00 2015: signals : TWC,
Wed May 20 08:00:00 GMT+00:00 2015: Signals ordered by strength : TWC(90.0), 
Thu May 21 08:00:00 GMT+00:00 2015 : Watchlists added : 
Thu May 21 08:00:00 GMT+00:00 2015: Bases processed : ACET-D, CVBF-D, ADBE-D, HNT-D, ESRX-D, DIRI-D, SFEF-D, EGHT-D, QADB-D, URI-D, SHPG-D, NVMI-D, VRML-D, KIRK-D, CF-D, DRAGF-D, TNK-D, IDI-D, FLM-D, TNAV-D, CSMA-D, ENZY-D, CNHI-D, CNTR-D, NEP-D, EQAL-D, DIVC-D, 
Thu May 21 08:00:00 GMT+00:00 2015: signals : 
Thu May 21 08:00:00 GMT+00:00 2015: Signals ordered by strength : 
Fri May 22 08:00:00 GMT+00:00 2015 : Watchlists added : 
Fri May 22 08:00:00 GMT+00:00 2015: Bases processed : ABM-W, ADI-W, ADX-W, SWKS-W, BIOB-W, BMY-W, CCK-W, CI-D, CI-W, DE-D, DE-W, WEN-W, FRS-D, FRS-W, HEI-W, HRL-W, LPX-W, LUK-W, MMC-W, WFC-W, RBC-W, SHW-W, TTC-D, TTC-W, WGL-W, GHC-W, Y-W, FL-W, ACET-W, ATRI-W, BOKF-W, SNV-W, CFR-W, FHN-W, MEI-W, CVBF-W, HCA-W, SUSQ-W, DY-W, AJG-W, MGA-W, STI-W, EXAR-W, CVC-W, NVR-W, ADBE-W, FNB-W, COT-W, VRX-W, MIDD-W, NBN-W, LVMUY-W, MGPI-W, ANN-W, HNT-W, MHK-W, ESRX-W, FINL-D, FINL-W, DIRI-W, ULBI-W, SPY-W, MS-W, RGA-W, CASH-D, CASH-W, SFEF-W, AEIS-W, CSGS-W, FLML-D, AXAHY-W, DGX-D, DGX-W, AMTD-W, QRVO-W, EGHT-W, OUTR-D, OUTR-W, QADB-W, BHB-W, DIA-W, SHPG-W, HEIA-W, ALTV-W, DDAIF-W, NVMI-W, RPTP-W, IJH-W, IVE-W, IWD-W, IYF-W, IUSV-W, VRML-W, DGT-W, SGEN-W, KIRK-W, CVGW-W, ESGR-W, ADRD-W, FSI-W, MIW-W, MBTF-W, VFH-W, VHT-W, LBTYA-W, JKG-W, JKI-W, PPO-W, LONG-D, LONG-W, KLD-W, EFSC-W, PWV-W, BME-W, CF-W, UEPS-W, DRAGF-W, LBTYK-D, LBTYK-W, ITRN-W, PKB-W, KIE-W, IAK-W, IHF-W, DLN-W, DDM-W, FBT-W, OSIR-W, AGD-W, VOE-W, PTF-W, VYM-W, DSI-W, EQWL-W, MSBF-W, RXL-W, UYG-W, TWC-W, CQP-W, CZA-W, FXL-W, PIO-W, FLY-W, STV-W, TNK-W, IDI-W, ATAI-D, ATAI-W, RWL-W, SCJ-W, MLVF-W, FLM-W, ORRF-W, CSM-W, SEM-W, CHIQ-D, CHIQ-W, ABCD-W, SCHV-W, UDOW-W, UMDD-W, DMO-W, MXL-W, TNAV-W, IVOO-W, IVOV-W, VONV-W, VTHR-W, CSMA-W, CPS-W, EWRI-W, SCHM-W, TRNM-W, CURE-W, PXLV-W, XHS-D, XHS-W, SST-W, EEHB-W, BLOX-W, ANGL-W, ALFA-W, FINU-W, MMTM-W, QDEF-W, NCLH-W, FLAG-W, TTPH-W, CMRX-D, CMRX-W, ESPR-W, TRSK-W, FNDB-W, FNDX-W, FEYE-W, DOOR-W, LDRH-W, SRLP-W, FNCL-W, CQH-W, JGBB-D, JGBB-W, RDVY-W, CNTR-W, DXJR-W, LPG-D, ZSPH-W, NEP-W, CFO-W, SIEN-W, EHIC-W, MOMO-W, RMP-W, EQAL-W, VSTO-D, QVM-W, KRNT-W, DIVC-W, NSA-W, CVRS-W, 
Fri May 22 08:00:00 GMT+00:00 2015: signals : 
Fri May 22 08:00:00 GMT+00:00 2015: Signals ordered by strength : 
Tue May 26 08:00:00 GMT+00:00 2015 : Watchlists added : 
Tue May 26 08:00:00 GMT+00:00 2015: Bases processed : ARKR-D, UBCP-D, CNTY-D, EWH-D, IPN-D, YCS-D, ABBV-D, PFSI-D, 
Tue May 26 08:00:00 GMT+00:00 2015: signals : 
Tue May 26 08:00:00 GMT+00:00 2015: Signals ordered by strength : 
Wed May 27 08:00:00 GMT+00:00 2015 : Watchlists added : 
Wed May 27 08:00:00 GMT+00:00 2015: Bases processed : CBSA-D, FUN-D, JNP-D, BSTC-D, TV-D, AMED-D, RSYS-D, SMH-D, SOXX-D, PSI-D, XSD-D, QTEC-D, RYT-D, USD-D, BR-D, AVGO-D, SOXL-D, NXPI-D, FSL-D, HZNP-D, ACHC-D, IBTX-D, PTLA-D, SNOW-D, TRTL-D, LMBS-D, CLLS-D, 
Wed May 27 08:00:00 GMT+00:00 2015: signals : AMED,
Wed May 27 08:00:00 GMT+00:00 2015: Signals ordered by strength : AMED(80.0), 
Thu May 28 08:00:00 GMT+00:00 2015 : Watchlists added : 
Thu May 28 08:00:00 GMT+00:00 2015: Bases processed : CPB-D, WGO-D, INDB-D, MBFI-D, ALGN-D, ABR-D, HMPR-D, HCCI-D, DRGS-D, EPAM-D, MTSI-D, RALY-D, ARES-D, CTLT-D, KCNY-D, BBC-D, 
Thu May 28 08:00:00 GMT+00:00 2015: signals : 
Thu May 28 08:00:00 GMT+00:00 2015: Signals ordered by strength : 
Fri May 29 08:00:00 GMT+00:00 2015 : Watchlists added : 
Fri May 29 08:00:00 GMT+00:00 2015: Bases processed : ADM-D, ADM-W, CPB-W, FOE-D, FOE-W, HUM-D, HUM-W, LLY-D, LLY-W, CBSA-W, CPK-D, CPK-W, CTAS-D, ARKR-W, INDB-W, FUN-W, JNP-W, CGNX-W, BSTC-W, UBCP-W, CNTY-W, TV-W, AMED-W, CBIN-D, CBIN-W, MBFI-W, RSYS-W, EWH-W, GRIF-D, GRIF-W, SAL-D, SAL-W, EBAY-D, KTOS-D, KTOS-W, SLAB-W, GMK-D, GMK-W, ON-D, ON-W, SMH-W, IYH-D, IYH-W, ALGN-W, SOXX-W, PKBK-D, PKBK-W, ABR-W, NUVA-D, NUVA-W, FCT-W, PSI-W, XBI-D, XBI-W, XSD-W, QTEC-W, VRTB-W, HMPR-W, RYT-W, USD-W, BR-W, CFP-D, CFP-W, TITN-D, TITN-W, YCS-W, AVGO-W, MNA-D, MNA-W, SOXL-W, NXPI-W, XUE-D, XUE-W, DATE-D, DATE-W, FSL-W, NMFC-W, DRGS-W, ACHC-W, EPAM-W, MTSI-W, RDHL-D, ABBV-W, RALY-W, PFSI-W, PTLA-W, FHLC-D, FHLC-W, SNOW-W, RSSS-D, RSSS-W, CTLT-W, TRTL-W, LMBS-W, BBC-W, CLLS-W, 
Fri May 29 08:00:00 GMT+00:00 2015: signals : 
Fri May 29 08:00:00 GMT+00:00 2015: Signals ordered by strength : 
Mon Jun 01 08:00:00 GMT+00:00 2015 : Watchlists added : 
Mon Jun 01 08:00:00 GMT+00:00 2015: Bases processed : NEU-D, LG-D, MRK-D, COKE-D, FLXS-D, UUU-D, ESND-D, WSO-D, BID-D, IMGN-D, INCY-D, NSIT-D, CWCO-D, STNR-D, MSLI-D, ENTG-D, ESGR-D, PAY-D, DAC-D, EFUT-D, FONE-D, TXTR-D, BYLK-D, RXDX-D, AMPH-D, PFNX-D, TOFR-D, SMDV-D, MXPT-D, GSBD-D, CLCD-D, 
Mon Jun 01 08:00:00 GMT+00:00 2015: signals : 
Mon Jun 01 08:00:00 GMT+00:00 2015: Signals ordered by strength : 
Tue Jun 02 08:00:00 GMT+00:00 2015 : Watchlists added : 
Tue Jun 02 08:00:00 GMT+00:00 2015: Bases processed : FMBI-D, GIII-D, M-D, ALLB-D, STLD-D, NAT-D, WIBC-D, CRIS-D, SGEN-D, TI-D, TIA-D, ETG-D, PBIP-D, MORN-D, PSP-D, AER-D, GUID-D, ENSG-D, ZAGG-D, OSN-D, RLGT-D, KYTH-D, COTY-D, FIA-D, TANH-D, HTGM-D, 
Tue Jun 02 08:00:00 GMT+00:00 2015: signals : 
Tue Jun 02 08:00:00 GMT+00:00 2015: Signals ordered by strength : 
Wed Jun 03 08:00:00 GMT+00:00 2015 : Watchlists added : 
Wed Jun 03 08:00:00 GMT+00:00 2015: Bases processed : CSL-D, GCI-D, TEN-D, CFR-D, KBAL-D, WSFS-D, CBM-D, BLFS-D, BYD-D, LGF-D, NUAN-D, LPTH-D, EWD-D, JAKK-D, NVEC-D, FMS-D, LAD-D, NCR-D, SRI-D, UMPQ-D, WCN-D, ONFC-D, PXLW-D, JNS-D, XXIA-D, AFOP-D, PRU-D, PRAA-D, ONEQ-D, TBBK-D, JKJ-D, PXSG-D, PXQ-D, HBOS-D, OFLX-D, KCE-D, RYJ-D, HOMB-D, VR-D, PSCT-D, SGYP-D, CSTE-D, CEMI-D, PRTA-D, TRMR-D, STCK-D, COMM-D, EROS-D, FTHI-D, TLMR-D, ADMS-D, SYF-D, HACK-D, QED-D, 
Wed Jun 03 08:00:00 GMT+00:00 2015: signals : 
Wed Jun 03 08:00:00 GMT+00:00 2015: Signals ordered by strength : 
Thu Jun 04 08:00:00 GMT+00:00 2015 : Watchlists added : 
Thu Jun 04 08:00:00 GMT+00:00 2015: Bases processed : BFB-D, BBT-D, RDI-D, MBVT-D, AMWD-D, BRLI-D, NTRI-D, CS-D, PETS-D, NVSL-D, CAVM-D, NBY-D, VISN-D, RRTS-D, ADHD-D, WOWO-D, HRMN-D, 
Thu Jun 04 08:00:00 GMT+00:00 2015: signals : 
Thu Jun 04 08:00:00 GMT+00:00 2015: Signals ordered by strength : 
Fri Jun 05 08:00:00 GMT+00:00 2015 : Watchlists added : 
Fri Jun 05 08:00:00 GMT+00:00 2015: Bases processed : BFB-W, BWLA-W, CSL-W, NEU-W, GCI-W, LG-W, MRK-W, TEN-W, COKE-W, RF-W, FLXS-W, KBAL-W, PNC-D, PNC-W, BBT-W, UUU-W, ESND-W, RDI-W, FMBI-W, RJF-D, RJF-W, NPBC-D, NPBC-W, WSO-W, SGMS-W, MBVT-W, AMWD-W, CLFD-D, WSFS-W, TWN-W, CBM-W, IMGN-W, BLFS-W, GIII-W, M-W, ASUR-W, ISLE-D, ISLE-W, OMG-W, BYD-W, INCY-W, BRLI-W, LGF-W, NSIT-W, ALLB-W, CWCO-W, NUAN-W, LPTH-W, EWD-W, JAKK-W, FLML-W, NVEC-W, RSTI-D, RSTI-W, FMS-W, STNR-W, STLD-W, LAD-W, NCR-W, KMX-D, KMX-W, MSLI-W, NAT-W, SRI-W, PTN-D, PTN-W, UMPQ-W, FNFG-D, FNFG-W, FII-D, FII-W, WCN-W, WIBC-W, ONFC-W, CEB-W, PXLW-W, ENTG-W, JNS-W, CRIS-W, XXIA-W, AFOP-W, CS-W, PRU-W, ABG-D, ABG-W, UCBI-D, UCBI-W, JAXB-D, JAXB-W, PRAA-W, TI-W, TIA-W, ONEQ-W, PETS-W, ETG-W, TBBK-W, JKJ-W, NVSL-W, PXSG-W, BOFI-D, BOFI-W, PBIP-W, PAY-W, MORN-W, PXQ-W, HBOS-W, KCE-W, RYJ-W, COWN-W, DAC-W, LTXB-D, LTXB-W, PSP-W, EFUT-W, AER-W, GUID-W, UWM-W, CAVM-W, VR-W, NBY-W, ENSG-W, VISN-W, GALE-D, GALE-W, ZAGG-W, MSG-W, ANTH-D, ANTH-W, PSCT-W, RRTS-W, OSN-W, FONE-W, SREV-W, SGYP-W, RLGT-W, CCXI-D, CCXI-W, CSTE-W, PFPT-D, PFPT-W, CEMI-W, PRTA-W, ADHD-W, TXTR-W, COTY-W, LXFT-D, LXFT-W, TRMR-W, DXPS-W, STCK-W, CGIX-W, COMM-W, BYLK-W, EROS-W, FTHI-W, PAH-D, PAH-W, TLMR-W, RXDX-W, ADMS-W, ZOES-D, ZOES-W, AMPH-W, PFNX-W, SYF-W, TOFR-W, FIA-W, HACK-W, TANH-W, JUNO-D, JUNO-W, SIXD-D, SIXD-W, BBP-D, BBP-W, CBYL-D, SMDV-W, WOWO-W, GSBD-W, QED-W, HRMN-W, CLCD-W, PAK-W, TEGP-W, HTGM-W, FTAI-W, 
Fri Jun 05 08:00:00 GMT+00:00 2015: signals : JUNO,
Fri Jun 05 08:00:00 GMT+00:00 2015: Signals ordered by strength : JUNO(190.0), 
Tue Jun 09 08:00:00 GMT+00:00 2015 : Watchlists added : 
Tue Jun 09 08:00:00 GMT+00:00 2015: Bases processed : NWL-D, OXM-D, CASY-D, BXS-D, FRME-D, CMN-D, ISNS-D, TISA-D, ROSYY-D, CBAN-D, PMBC-D, ILMN-D, HTLF-D, KZ-D, KNL-D, FOLD-D, BKU-D, HDS-D, LOXO-D, VTTI-D, 
Tue Jun 09 08:00:00 GMT+00:00 2015: signals : CMN,
Tue Jun 09 08:00:00 GMT+00:00 2015: Signals ordered by strength : CMN(100.0), 
Fri Jun 12 08:00:00 GMT+00:00 2015 : Watchlists added : 
Fri Jun 12 08:00:00 GMT+00:00 2015: Bases processed : BMI-W, FDX-W, GD-W, LNC-W, NWL-W, OXM-W, AON-D, AON-W, RAD-W, ROL-W, BRID-W, CMA-W, STZB-W, DG-W, HELE-W, STT-W, STJ-W, TISI-W, WAFD-W, STAA-W, CAH-W, SRCE-W, SF-W, CASY-W, GBCI-W, IBCP-W, DXYN-W, TCB-W, STZ-W, AGII-D, UBSI-W, MAN-W, CHFC-W, FRME-W, ATML-W, PRGS-W, WETF-W, MSFG-W, GILD-W, POWR-W, SCHL-W, FRED-W, HFFC-W, RNST-W, FCF-W, CMN-W, HCC-W, SYBT-W, AF-W, OKSB-W, PENN-W, ISNS-W, IXYS-W, OGXI-W, BANR-W, CTXS-W, LMNS-W, EME-W, NSU-W, HUBG-W, SASR-W, NBIX-W, TISA-W, RIVR-D, RIVR-W, MTN-W, KMG-W, ZNH-W, BBCN-W, ROSYY-W, CBAN-W, CFNL-W, HTBK-D, HTBK-W, AMRI-W, KFY-D, KFY-W, ATLC-W, LIOX-W, MFC-W, RDWR-W, CRWN-W, VDSI-W, PMBC-W, SOHU-W, ILMN-W, IWO-W, IJT-W, SLYG-W, POZN-W, FCBC-W, TASR-W, AAP-D, AAP-W, NWBO-W, RRGB-W, CME-W, FCSC-W, DWAQ-W, HTLF-W, BNCN-W, AIZ-W, CORT-W, PCYO-W, KZ-W, KNL-W, CTRN-W, IWC-W, PXSLY-W, DOVR-W, SLY-W, TX-W, MGYR-W, RZG-W, LSBK-W, HOMB-W, EQWS-W, ZN-W, SYUT-W, FOLD-W, CPIX-W, MDAS-W, RWJ-W, UGA-W, HTM-W, FNGN-W, FIBK-W, PSCD-W, CJJD-W, VIOO-W, SFUN-W, KEYW-D, KEYW-W, VTWG-W, MCOX-D, MCOX-W, MOBI-D, MOBI-W, XVIX-W, BKU-W, TPS-W, QIHU-W, ELLI-W, STBZ-W, TAOM-W, PPP-W, CUBI-W, GMED-W, HBK-W, INSY-W, HDS-W, WCIC-W, TNXP-W, REI-D, BNFT-D, BNFT-W, RNG-W, XNCR-W, IBP-W, INGN-W, OPB-D, OPB-W, ARES-W, SFBS-W, JD-W, XENT-W, HQY-W, MBLY-W, LOXO-W, VTTI-W, BHBK-W, CYBR-W, GWB-D, GWB-W, JYNT-D, EMQQ-D, EMQQ-W, LLSC-W, LENS-W, EURN-W, VDTH-W, FFTY-W, BPMC-W, BVXV-W, SHOP-D, SHOP-W, 
Fri Jun 12 08:00:00 GMT+00:00 2015: signals : 
Fri Jun 12 08:00:00 GMT+00:00 2015: Signals ordered by strength : 
Mon Jun 15 08:00:00 GMT+00:00 2015 : Watchlists added : 
Mon Jun 15 08:00:00 GMT+00:00 2015: Bases processed : VHI-D, AVHI-D, DXLG-D, HWBK-D, UBOH-D, OLBK-D, ESXB-D, NIB-D, SPU-D, HFBL-D, VCRA-D, MCBK-D, HSPX-D, FOXF-D, NMBL-D, QURE-D, FRSH-D, ENFC-D, ADAP-D, 
Mon Jun 15 08:00:00 GMT+00:00 2015: signals : 
Mon Jun 15 08:00:00 GMT+00:00 2015: Signals ordered by strength : 
Tue Jun 16 08:00:00 GMT+00:00 2015 : Watchlists added : 
Tue Jun 16 08:00:00 GMT+00:00 2015: Bases processed : AFG-D, WSM-D, ACUR-D, GSBC-D, MGLN-D, RDN-D, TSCO-D, MATW-D, AZPN-D, CASI-D, SPB-D, MPB-D, WYY-D, FCCY-D, PFS-D, MNE-D, SOHO-D, CZFC-D, HF-D, PSCH-D, VIOG-D, KBWP-D, NSTG-D, VLP-D, BNK-D, BHAC-D, VIRT-D, 
Tue Jun 16 08:00:00 GMT+00:00 2015: signals : 
Tue Jun 16 08:00:00 GMT+00:00 2015: Signals ordered by strength : 
Wed Jun 17 08:00:00 GMT+00:00 2015 : Watchlists added : 
Wed Jun 17 08:00:00 GMT+00:00 2015: Bases processed : HAS-D, HRC-D, BRO-D, PGR-D, VGR-D, MMSI-D, CAKE-D, MCRI-D, BKS-D, AGMA-D, MPAA-D, THG-D, NVAX-D, RATE-D, LNBB-D, IJR-D, VBK-D, JKK-D, LAZ-D, BLDR-D, PSJ-D, SAA-D, LPSB-D, TREE-D, ADUS-D, SCHA-D, AFCB-D, TSLA-D, FYC-D, AMCX-D, RDUS-D, DKL-D, ZAIS-D, HAWK-D, SYG-D, INCR-D, SMCP-D, 
Wed Jun 17 08:00:00 GMT+00:00 2015: signals : RDUS,
Wed Jun 17 08:00:00 GMT+00:00 2015: Signals ordered by strength : RDUS(210.0), 
