Fri Jan 23 08:00:00 GMT+00:00 2015 BUY  - SBUX - 113 @88.22 Total=9968.86
Thu Jan 29 08:00:00 GMT+00:00 2015 BUY  - VAR - 106 @94.04 Total=9968.24
Thu Jan 29 08:00:00 GMT+00:00 2015 BUY  - BA - 67 @147.78 Total=9901.26
Tue Feb 10 08:00:00 GMT+00:00 2015 BUY  - SEE - 220 @45.27 Total=9959.4
Wed Feb 11 08:00:00 GMT+00:00 2015 BUY  - SCI - 409 @24.39 Total=9975.51
Mon Mar 09 08:00:00 GMT+00:00 2015 BUY  - SBUX - 64 @93.04 Total=5954.56
Mon Mar 30 08:00:00 GMT+00:00 2015 BUY  - SBUX - 41 @95.98 Total=3935.18
Wed Apr 01 08:00:00 GMT+00:00 2015 SELL  - SBUX - 218 @93.02 Total=20278.36
Wed Apr 01 08:00:00 GMT+00:00 2015 BUY  - SCI - 228 @26.25 Total=5985.0
Wed Apr 15 08:00:00 GMT+00:00 2015 SELL  - SEE - 220 @44.46 Total=9781.2
Fri Apr 24 08:00:00 GMT+00:00 2015 SELL  - BA - 67 @148.4 Total=9942.8
Tue Apr 28 08:00:00 GMT+00:00 2015 BUY  - HQY - 359 @27.76 Total=9965.84
Wed Apr 29 08:00:00 GMT+00:00 2015 BUY  - XPO - 204 @48.83 Total=9961.32
Thu Apr 30 08:00:00 GMT+00:00 2015 SELL  - VAR - 106 @88.85 Total=9418.1
Thu Apr 30 08:00:00 GMT+00:00 2015 SELL  - HQY - 359 @26.21 Total=9409.39
Fri May 08 08:00:00 GMT+00:00 2015 BUY  - IMPV - 185 @53.98 Total=9986.3
Wed May 20 08:00:00 GMT+00:00 2015 BUY  - TWC - 60 @166.55 Total=9993.0
Tue May 26 08:00:00 GMT+00:00 2015 SELL  - TWC - 60 @183.6 Total=11016.0
Wed May 27 08:00:00 GMT+00:00 2015 BUY  - AMED - 315 @31.67 Total=9976.05
Fri Jun 05 08:00:00 GMT+00:00 2015 BUY  - JUNO - 146 @68.36 Total=9980.56
Tue Jun 09 08:00:00 GMT+00:00 2015 SELL  - JUNO - 146 @62.14 Total=9072.44
Tue Jun 09 08:00:00 GMT+00:00 2015 BUY  - SCI - 137 @29.11 Total=3988.07
Tue Jun 09 08:00:00 GMT+00:00 2015 BUY  - CMN - 192 @52.0 Total=9984.0
Fri Jun 12 08:00:00 GMT+00:00 2015 SELL  - XPO - 204 @47.46 Total=9681.84
Wed Jun 17 08:00:00 GMT+00:00 2015 BUY  - RDUS - 193 @51.73 Total=9983.89
