Start Date: Thu Jan 01 08:00:00 GMT+00:00 2015
End Date: Fri Jul 03 06:15:43 GMT+00:00 2015
Initial Cash: 100000.0
Num Positions: 5
-----------------
Fri Jan 16 08:00:00 GMT+00:00 2015 BUY: 66 shares of AYI cost-basis=151 for $9942.24 CASH-BAL=90050.76
Thu Jan 22 08:00:00 GMT+00:00 2015 BUY: 128 shares of HELE cost-basis=77.5 for $9923.84 CASH-BAL=80119.92
Thu Jan 22 08:00:00 GMT+00:00 2015 BUY: 93 shares of AGU cost-basis=107 for $9969.6 CASH-BAL=70143.32
Fri Jan 23 08:00:00 GMT+00:00 2015 BUY: 113 shares of SBUX cost-basis=88.2 for $9968.86 CASH-BAL=60167.46
Fri Jan 30 08:00:00 GMT+00:00 2015Market-Downtrend-Sell -3%: (-3.05%)128 shares of HELE for -3.05
Fri Jan 30 08:00:00 GMT+00:00 2015 SELL HELE x128 for $9628.16 CASH-BAL=69788.62
Thu Feb 05 08:00:00 GMT+00:00 2015 BUY: 138 shares of BLL cost-basis=72.0 for $9940.14 CASH-BAL=59841.48
Mon Feb 09 08:00:00 GMT+00:00 2015 BUY: 167 shares of HAS cost-basis=59.7 for $9963.22 CASH-BAL=49871.26
Tue Feb 10 08:00:00 GMT+00:00 2015 Selling due to underperformance: AGU
Tue Feb 10 08:00:00 GMT+00:00 2015 SELL AGU x93 for $9858.0 CASH-BAL=59722.26
Tue Feb 10 08:00:00 GMT+00:00 2015 BUY: 220 shares of SEE cost-basis=45.3 for $9959.4 CASH-BAL=49755.86
Tue Feb 24 08:00:00 GMT+00:00 2015 BUY: 37 shares of AYI cost-basis=155 for $5972.17 CASH-BAL=43776.69
Wed Mar 04 08:00:00 GMT+00:00 2015 Selling due to underperformance: BLL
Wed Mar 04 08:00:00 GMT+00:00 2015 SELL BLL x138 for $9839.4 CASH-BAL=53609.09
Wed Mar 04 08:00:00 GMT+00:00 2015 BUY: 152 shares of BMY cost-basis=65.7 for $9981.84 CASH-BAL=43620.25
Wed Mar 18 08:00:00 GMT+00:00 2015 Selling due to underperformance: HAS
Wed Mar 18 08:00:00 GMT+00:00 2015 SELL HAS x167 for $10258.81 CASH-BAL=53872.06
Wed Mar 18 08:00:00 GMT+00:00 2015 BUY: 145 shares of AMBA cost-basis=68.5 for $9929.6 CASH-BAL=43935.46
Wed Mar 25 08:00:00 GMT+00:00 2015 Selling due to underperformance: BMY
Wed Mar 25 08:00:00 GMT+00:00 2015 SELL BMY x152 for $9834.4 CASH-BAL=53762.86
Wed Mar 25 08:00:00 GMT+00:00 2015 BUY: 70 shares of EW cost-basis=142 for $9957.5 CASH-BAL=43798.36
Thu Mar 26 08:00:00 GMT+00:00 2015 Selling due to underperformance: SEE
Thu Mar 26 08:00:00 GMT+00:00 2015 SELL SEE x220 for $9911.0 CASH-BAL=53702.36
Thu Mar 26 08:00:00 GMT+00:00 2015 BUY: 562 shares of SFS cost-basis=17.8 for $9986.74 CASH-BAL=43708.62
Thu Mar 26 08:00:00 GMT+00:00 2015 Selling due to underperformance: AYI
Thu Mar 26 08:00:00 GMT+00:00 2015 SELL AYI x103 for $17088.73 CASH-BAL=60790.35
Thu Mar 26 08:00:00 GMT+00:00 2015 BUY: 74 shares of SIG cost-basis=135 for $9990.0 CASH-BAL=50793.35
Mon Mar 30 08:00:00 GMT+00:00 2015 BUY: 62 shares of SBUX cost-basis=91.0 for $5950.76 CASH-BAL=44835.59
Thu Apr 09 08:00:00 GMT+00:00 2015 SBUX: Applying split factor of: 2.0
Fri Apr 10 08:00:00 GMT+00:00 2015 Selling due to underperformance: EW
Fri Apr 10 08:00:00 GMT+00:00 2015 SELL EW x70 for $9917.6 CASH-BAL=54746.19
Fri Apr 10 08:00:00 GMT+00:00 2015 BUY: 350 shares of GE cost-basis=28.5 for $9978.5 CASH-BAL=44760.69
Mon Apr 20 08:00:00 GMT+00:00 2015 BUY: 80 shares of AMBA cost-basis=70.6 for $5964.8 CASH-BAL=38788.89
Tue Apr 21 08:00:00 GMT+00:00 2015 StopLoss-SoftStop SELL: (-6.7%)350 shares of GE for -6.7
Tue Apr 21 08:00:00 GMT+00:00 2015 SELL GE x350 for $9317.0 CASH-BAL=48098.89
Mon Apr 27 08:00:00 GMT+00:00 2015 StopLoss-ScaledSoftStop SELL: ($71.306)225 @$70.63 shares of AMBA for -0.105
Mon Apr 27 08:00:00 GMT+00:00 2015 SELL AMBA x225 for $15891.75 CASH-BAL=63983.64
Mon Apr 27 08:00:00 GMT+00:00 2015Market-Uptrend-Sell 20EMA: (-2.06%)562 shares of SFS for -0.408
Mon Apr 27 08:00:00 GMT+00:00 2015 SELL SFS x562 for $9953.02 CASH-BAL=73929.66
Tue Apr 28 08:00:00 GMT+00:00 2015 BUY: 359 shares of HQY cost-basis=27.8 for $9965.84 CASH-BAL=63956.82
Wed Apr 29 08:00:00 GMT+00:00 2015 BUY: 204 shares of XPO cost-basis=48.8 for $9961.32 CASH-BAL=53988.5
Thu Apr 30 08:00:00 GMT+00:00 2015 StopLoss-SoftStop SELL: (-5.65%)359 shares of HQY for -5.65
Thu Apr 30 08:00:00 GMT+00:00 2015 SELL HQY x359 for $9409.39 CASH-BAL=63390.89
Thu Apr 30 08:00:00 GMT+00:00 2015 BUY: 417 shares of AVG cost-basis=23.9 for $9974.64 CASH-BAL=53409.25
Fri May 01 08:00:00 GMT+00:00 2015 BUY: 184 shares of BFAM cost-basis=54.1 for $9945.2 CASH-BAL=43457.05
Tue May 05 08:00:00 GMT+00:00 2015 Selling due to underperformance: SIG
Tue May 05 08:00:00 GMT+00:00 2015 SELL SIG x74 for $10040.32 CASH-BAL=53490.37
Tue May 05 08:00:00 GMT+00:00 2015 BUY: 258 shares of CLGX cost-basis=38.7 for $9984.6 CASH-BAL=43498.77
Fri May 08 08:00:00 GMT+00:00 2015 Selling due to underperformance: SBUX
Fri May 08 08:00:00 GMT+00:00 2015 SELL SBUX x350 for $17423.0 CASH-BAL=60914.77
Fri May 08 08:00:00 GMT+00:00 2015 BUY: 185 shares of IMPV cost-basis=54.0 for $9986.3 CASH-BAL=50921.47
Tue May 12 08:00:00 GMT+00:00 2015 Selling due to underperformance: BFAM
Tue May 12 08:00:00 GMT+00:00 2015 SELL BFAM x184 for $9722.56 CASH-BAL=60637.03
Tue May 12 08:00:00 GMT+00:00 2015 BUY: 296 shares of IPAR cost-basis=33.7 for $9960.4 CASH-BAL=50669.63
Fri May 15 08:00:00 GMT+00:00 2015 StopLoss-SoftStop SELL: (-5.18%)296 shares of IPAR for -5.18
Fri May 15 08:00:00 GMT+00:00 2015 SELL IPAR x296 for $9451.28 CASH-BAL=60113.91
Wed May 20 08:00:00 GMT+00:00 2015 BUY: 220 shares of TTPH cost-basis=45.3 for $9972.6 CASH-BAL=50134.31
Wed May 20 08:00:00 GMT+00:00 2015 Selling due to underperformance: XPO
Wed May 20 08:00:00 GMT+00:00 2015 SELL XPO x204 for $10085.76 CASH-BAL=60213.07
Wed May 20 08:00:00 GMT+00:00 2015 BUY: 60 shares of TWC cost-basis=167 for $9993.0 CASH-BAL=50213.07
Fri May 22 08:00:00 GMT+00:00 2015 StopLoss-SoftStop SELL: (-5.34%)220 shares of TTPH for -5.34
Fri May 22 08:00:00 GMT+00:00 2015 SELL TTPH x220 for $9446.8 CASH-BAL=59652.87
Tue May 26 08:00:00 GMT+00:00 2015 Got Acquired/Merged: 60 shares of TWC for 10.2
Tue May 26 08:00:00 GMT+00:00 2015 SELL TWC x60 for $11016.0 CASH-BAL=70661.87
Wed May 27 08:00:00 GMT+00:00 2015 BUY: 315 shares of AMED cost-basis=31.7 for $9976.05 CASH-BAL=60678.82
Fri May 29 08:00:00 GMT+00:00 2015 BUY: 132 shares of DGX cost-basis=75.2 for $9930.36 CASH-BAL=50741.46
Fri Jun 05 08:00:00 GMT+00:00 2015 Selling due to underperformance: CLGX
Fri Jun 05 08:00:00 GMT+00:00 2015 SELL CLGX x258 for $10038.78 CASH-BAL=60773.24
Fri Jun 05 08:00:00 GMT+00:00 2015 BUY: 146 shares of JUNO cost-basis=68.4 for $9980.56 CASH-BAL=50785.68
Tue Jun 09 08:00:00 GMT+00:00 2015 StopLoss-HardStop SELL: (-9.17%)146 shares of JUNO for -9.17
Tue Jun 09 08:00:00 GMT+00:00 2015 SELL JUNO x146 for $9072.44 CASH-BAL=59851.12
Tue Jun 09 08:00:00 GMT+00:00 2015 BUY: 192 shares of CMN cost-basis=52.0 for $9984.0 CASH-BAL=49860.12
Wed Jun 17 08:00:00 GMT+00:00 2015 Selling due to underperformance: DGX
Wed Jun 17 08:00:00 GMT+00:00 2015 SELL DGX x132 for $9613.56 CASH-BAL=59466.68
Wed Jun 17 08:00:00 GMT+00:00 2015 BUY: 193 shares of RDUS cost-basis=51.7 for $9983.89 CASH-BAL=49475.79
Thu Jun 25 08:00:00 GMT+00:00 2015 BUY: 149 shares of AMED cost-basis=34.3 for $5954.04 CASH-BAL=43514.75
Wed Jul 01 08:00:00 GMT+00:00 2015 BUY: 218 shares of AVG cost-basis=25.1 for $5979.74 CASH-BAL=37528.01

---- Final Portfolio Holdings as of Fri Jul 03 06:15:43 GMT+00:00 2015 ----
null 635 of AVG with cost basis of 25.1 and pct-chg: 9.64% with % of portfolio weight=15.9%
null 185 of IMPV with cost basis of 54.0 and pct-chg: 24.0% with % of portfolio weight=11.3%
null 464 of AMED with cost basis of 34.3 and pct-chg: 18.9% with % of portfolio weight=17.3%
null 192 of CMN with cost basis of 52.0 and pct-chg: 3.03% with % of portfolio weight=9.37%
null 193 of RDUS with cost basis of 51.7 and pct-chg: 31.2% with % of portfolio weight=11.9%

Total Invested Amount = 72215.6 with % of portfolio weight=65.8%
Cash Bal = 37528.01 with % of portfolio weight=34.2%
Net Value = 109743.61

---- Run stats ----
Start-Date: Thu Jan 01 08:00:00 GMT+00:00 2015
End-Date: Fri Jul 03 06:15:43 GMT+00:00 2015
Total Trading days: 183
Net Gain/Loss = 9743.61
Pct Chg = 9.74%
