Date,Action,Symbol,Shares,Price,Cost
01/04/2013,BUY,IEP,196,50.74,7.0
01/07/2013,BUY,NSM,257,38.83,7.0
01/07/2013,BUY,RNF,234,42.57,7.0
01/11/2013,BUY,HTHT,557,17.92,7.0
01/17/2013,BUY,CLW,225,44.24,7.0
01/18/2013,SELL,NSM,257,35.81,7.0
01/30/2013,BUY,HES,147,67.88,7.0
02/05/2013,BUY,BRO,340,29.38,7.0
02/06/2013,BUY,RNF,125,47.8,7.0
02/11/2013,SELL,RNF,359,43.65,7.0
02/20/2013,SELL,HTHT,557,17.84,7.0
02/21/2013,SELL,HES,147,64.4,7.0
02/27/2013,BUY,BLOX,467,21.38,7.0
03/01/2013,BUY,SSTK,307,32.52,7.0
03/04/2013,BUY,IX,164,60.71,7.0
03/05/2013,BUY,EVER,619,16.14,7.0
03/07/2013,BUY,IEP,98,61.03,7.0
03/08/2013,BUY,MBI,799,12.5,7.0
03/13/2013,SELL,IEP,294,60.58,7.0
03/18/2013,SELL,EVER,619,15.09,7.0
03/18/2013,SELL,MBI,799,11.79,7.0
03/25/2013,SELL,BLOX,467,20.89,7.0
03/28/2013,BUY,SIG,149,67.0,7.0
04/03/2013,BUY,TSLA,243,41.1,7.0
04/05/2013,BUY,SSTK,147,40.57,7.0
04/10/2013,BUY,CLW,117,51.09,7.0
04/15/2013,SELL,CLW,342,47.72,7.0
04/17/2013,BUY,SSTK,94,42.43,7.0
04/30/2013,BUY,BRO,193,30.99,7.0
05/03/2013,BUY,IX,79,75.71,7.0
05/14/2013,BUY,QIHU,257,38.77,7.0
05/15/2013,BUY,SMTC,278,35.92,7.0
05/24/2013,SELL,IX,243,69.32,7.0
05/24/2013,BUY,INXN,373,26.75,7.0
05/24/2013,BUY,PCP,47,210.73,7.0
06/05/2013,SELL,SIG,149,66.71,7.0
06/06/2013,SELL,SSTK,548,44.04,7.0
06/07/2013,BUY,BRO,123,32.28,7.0
06/18/2013,BUY,PRLB,159,62.53,7.0
06/20/2013,SELL,INXN,373,25.05,7.0
06/21/2013,SELL,PRLB,159,60.0,7.0
06/24/2013,SELL,BRO,656,30.91,7.0
06/24/2013,SELL,SMTC,278,34.51,7.0
06/24/2013,SELL,PCP,47,209.69,7.0
07/02/2013,BUY,AYI,122,81.39,7.0
07/17/2013,BUY,TSLA,49,120.25,7.0
07/19/2013,BUY,SVU,1350,7.39,7.0
07/22/2013,BUY,SFUN,329,30.32,7.0
07/26/2013,BUY,FB,293,34.01,7.0
07/31/2013,BUY,JCI,248,40.21,7.0
08/02/2013,BUY,GIB,294,33.88,7.0
08/05/2013,BUY,LOCK,832,12.0,7.0
08/15/2013,SELL,SVU,1350,7.3,7.0
08/15/2013,BUY,CSC,194,51.3,7.0
09/03/2013,SELL,GIB,294,31.79,7.0
09/04/2013,BUY,AYI,69,86.61,7.0
09/04/2013,BUY,SALE,283,35.3,7.0
09/10/2013,BUY,TSLA,24,166.37,7.0
09/11/2013,SELL,SALE,283,32.61,7.0
09/18/2013,BUY,QIHU,69,85.94,7.0
09/26/2013,BUY,AYI,43,92.15,7.0
10/04/2013,BUY,SFUN,119,50.36,7.0
10/04/2013,BUY,XOOM,306,32.57,7.0
10/07/2013,BUY,FUL,226,44.04,7.0
10/08/2013,SELL,XOOM,306,30.66,7.0
10/08/2013,SELL,CSC,194,49.97,7.0
10/08/2013,SELL,JCI,248,39.89,7.0
10/10/2013,BUY,FB,122,49.05,7.0
10/10/2013,BUY,LOCK,430,13.92,7.0
10/11/2013,BUY,TTM,309,32.32,7.0
10/16/2013,BUY,TMH,230,43.43,7.0
10/17/2013,BUY,LOCK,277,14.37,7.0
10/17/2013,BUY,STNG,916,10.9,7.0
10/22/2013,BUY,NOAH,515,19.37,7.0
10/23/2013,SELL,TTM,309,30.46,7.0
10/23/2013,SELL,TSLA,316,164.5,7.0
10/24/2013,BUY,QIHU,58,89.0,7.0
10/25/2013,SELL,NOAH,515,17.93,7.0
10/28/2013,SELL,QIHU,384,81.9,7.0
10/28/2013,BUY,NXPI,341,41.02,7.0
10/28/2013,BUY,CP,98,141.8,7.0
10/29/2013,SELL,LOCK,1539,13.68,7.0
10/29/2013,BUY,BDBD,798,17.52,7.0
10/30/2013,BUY,LOCK,884,15.82,7.0
10/31/2013,SELL,BDBD,798,16.39,7.0
10/31/2013,BUY,AZPN,366,38.15,7.0
11/11/2013,SELL,FB,415,46.2,7.0
11/11/2013,BUY,GMED,753,18.57,7.0
11/12/2013,BUY,FUL,172,48.75,7.0
11/25/2013,SELL,NXPI,341,40.45,7.0
11/25/2013,BUY,BLMN,519,26.91,7.0
11/26/2013,BUY,SFUN,85,65.62,7.0
12/02/2013,SELL,BLMN,519,25.36,7.0
12/04/2013,BUY,FUL,111,50.16,7.0
12/10/2013,SELL,STNG,916,10.92,7.0
12/11/2013,SELL,LOCK,884,16.02,7.0
12/11/2013,BUY,TWTR,267,52.34,7.0
12/19/2013,SELL,TMH,230,44.47,7.0
12/19/2013,BUY,GNTX,425,32.9,7.0
12/26/2013,BUY,CP,54,152.62,7.0
12/30/2013,BUY,AZPN,200,41.92,7.0
01/06/2014,SELL,CP,152,147.47,7.0
01/06/2014,BUY,PFPT,399,35.02,7.0
01/16/2014,SELL,FUL,509,50.82,7.0
01/16/2014,BUY,M,249,56.03,7.0
01/24/2014,SELL,AZPN,566,41.42,7.0
01/24/2014,BUY,NVDQ,742,18.84,7.0
01/27/2014,SELL,M,249,54.18,7.0
01/29/2014,SELL,PFPT,399,34.91,7.0
01/31/2014,SELL,GNTX,425,32.39,7.0
02/05/2014,SELL,SFUN,533,72.26,7.0
02/06/2014,SELL,TWTR,267,50.03,7.0
02/06/2014,BUY,GMT,281,56.74,7.0
02/07/2014,SELL,NVDQ,742,18.15,7.0
02/07/2014,BUY,LVNTA,126,126.16,7.0
02/12/2014,BUY,SN,504,31.72,7.0
02/13/2014,BUY,GMED,405,23.64,7.0
02/18/2014,SELL,SN,504,29.74,7.0
02/18/2014,BUY,NMBL,319,49.99,7.0
02/19/2014,BUY,FLS,198,80.6,7.0
02/21/2014,BUY,STRZA,513,31.15,7.0
02/24/2014,BUY,LEAF,563,28.36,7.0
02/25/2014,BUY,HUM,144,110.49,7.0
02/28/2014,SELL,NMBL,319,48.01,7.0
02/28/2014,BUY,HEI,257,62.19,7.0
03/12/2014,SELL,LEAF,563,26.15,7.0
03/12/2014,BUY,NUVA,426,37.48,7.0
03/13/2014,SELL,FLS,198,75.74,7.0
03/18/2014,BUY,LVNTA,63,142.31,7.0
03/21/2014,BUY,GMT,136,66.0,7.0
03/24/2014,SELL,HEI,257,60.17,7.0
03/24/2014,BUY,MFRM,317,47.23,7.0
03/25/2014,BUY,GMED,231,25.86,7.0
03/26/2014,SELL,LVNTA,189,130.34,7.0
03/26/2014,SELL,NUVA,426,37.23,7.0
03/27/2014,SELL,AYI,234,128.15,7.0
04/03/2014,BUY,BCPC,261,61.27,7.0
04/07/2014,SELL,BCPC,261,59.2,7.0
04/09/2014,SELL,GMED,1389,24.35,7.0
04/10/2014,SELL,MFRM,317,45.87,7.0
04/10/2014,SELL,HUM,144,109.66,7.0
04/10/2014,SELL,STRZA,513,31.46,7.0
04/17/2014,BUY,WSO,163,104.18,7.0
04/21/2014,BUY,AZN,245,69.1,7.0
04/22/2014,SELL,AZN,245,66.86,7.0
04/25/2014,BUY,ZBH,169,100.54,7.0
04/28/2014,SELL,GMT,417,64.87,7.0
04/30/2014,SELL,ZBH,169,96.8,7.0
05/01/2014,BUY,KEX,157,107.84,7.0
05/14/2014,SELL,WSO,163,100.69,7.0
05/28/2014,BUY,CAL,579,29.3,7.0
06/02/2014,SELL,CAL,579,27.83,7.0
06/09/2014,BUY,MTSI,772,21.99,7.0
06/11/2014,BUY,LNG,255,66.58,7.0
06/11/2014,BUY,FCNCA,67,251.91,7.0
06/17/2014,BUY,JWA,282,60.1,7.0
06/19/2014,BUY,GLOG,568,29.88,7.0
06/19/2014,BUY,FNV,306,55.47,7.0
06/19/2014,BUY,TAHO,666,25.49,7.0
06/19/2014,BUY,APD,131,129.7,7.0
06/20/2014,BUY,GMLP,458,37.08,7.0
07/01/2014,SELL,FCNCA,67,242.5,7.0
07/01/2014,BUY,ANET,223,76.0,7.0
07/07/2014,SELL,GLOG,568,28.23,7.0
07/07/2014,SELL,ANET,223,72.17,7.0
07/07/2014,BUY,MEI,432,37.01,7.0
07/07/2014,BUY,TGNA,501,31.88,7.0
07/08/2014,SELL,MTSI,772,21.03,7.0
07/10/2014,SELL,MEI,432,34.89,7.0
07/11/2014,SELL,GMLP,458,35.05,7.0
07/11/2014,BUY,KEX,82,116.49,7.0
07/23/2014,BUY,LEJU,1216,13.15,7.0
07/24/2014,BUY,JMEI,535,29.86,7.0
07/29/2014,BUY,LNG,128,74.46,7.0
08/01/2014,SELL,JWA,282,59.47,7.0
08/01/2014,BUY,THC,305,52.34,7.0
08/05/2014,SELL,LEJU,1216,11.94,7.0
08/07/2014,SELL,APD,131,131.16,7.0
08/07/2014,BUY,LEAF,539,29.65,7.0
08/14/2014,SELL,TAHO,666,26.06,7.0
08/14/2014,BUY,KMI,401,39.88,7.0
08/21/2014,SELL,FNV,306,55.43,7.0
08/25/2014,BUY,JMEI,291,32.86,7.0
08/27/2014,BUY,ANET,192,83.16,7.0
08/29/2014,SELL,JMEI,826,30.57,7.0
08/29/2014,BUY,GPRO,308,51.8,7.0
09/02/2014,BUY,KEX,52,120.63,7.0
09/04/2014,SELL,KMI,401,39.05,7.0
09/04/2014,BUY,MEI,402,39.72,7.0
09/04/2014,SELL,TGNA,501,33.31,7.0
09/04/2014,BUY,SIG,135,117.64,7.0
09/08/2014,BUY,THC,162,58.99,7.0
09/17/2014,BUY,LEAF,284,33.66,7.0
09/22/2014,SELL,SIG,135,114.26,7.0
09/22/2014,BUY,HQY,809,19.76,7.0
09/22/2014,SELL,KEX,291,118.73,7.0
09/22/2014,BUY,CLX,164,97.23,7.0
09/24/2014,SELL,HQY,809,18.24,7.0
09/24/2014,BUY,LNG,78,81.73,7.0
09/24/2014,BUY,ALR,400,39.95,7.0
09/25/2014,SELL,MEI,402,38.04,7.0
09/30/2014,SELL,LEAF,823,31.93,7.0
09/30/2014,BUY,MYCC,806,19.83,7.0
10/01/2014,SELL,ALR,400,38.7,7.0
10/01/2014,SELL,MYCC,806,19.2,7.0
10/01/2014,SELL,THC,467,57.74,7.0
10/02/2014,SELL,LNG,461,76.02,7.0
10/03/2014,BUY,GPN,209,76.32,7.0
10/06/2014,BUY,KITE,487,32.83,7.0
10/07/2014,SELL,KITE,487,31.8,7.0
10/07/2014,SELL,ANET,192,82.81,7.0
10/09/2014,SELL,GPN,209,73.97,7.0
10/13/2014,BUY,CMN,411,38.86,7.0
10/13/2014,BUY,BDX,127,125.83,7.0
10/14/2014,BUY,AVA,469,34.03,7.0
10/16/2014,SELL,CMN,411,37.28,7.0
10/16/2014,SELL,BDX,127,120.78,7.0
10/21/2014,BUY,AKRX,387,41.29,7.0
10/27/2014,SELL,GPRO,308,64.91,7.0
10/27/2014,BUY,EPAM,340,46.91,7.0
10/30/2014,BUY,BMY,271,58.98,7.0
10/30/2014,BUY,BIN,566,28.25,7.0
10/30/2014,BUY,CACI,194,82.05,7.0
10/31/2014,BUY,FLT,106,150.56,7.0
11/03/2014,BUY,ZEN,605,26.4,7.0
11/05/2014,SELL,ZEN,605,24.96,7.0
11/06/2014,SELL,AKRX,387,37.88,7.0
11/12/2014,BUY,MSG,213,74.74,7.0
11/14/2014,SELL,AVA,469,33.46,7.0
11/19/2014,BUY,ENV,304,52.58,7.0
11/21/2014,BUY,SWIR,436,36.62,7.0
12/01/2014,SELL,ENV,304,49.55,7.0
12/05/2014,BUY,ENB,312,51.15,7.0
12/10/2014,SELL,ENB,312,47.99,7.0
12/10/2014,SELL,FLT,106,143.9,7.0
12/10/2014,SELL,MSG,213,72.21,7.0
12/16/2014,SELL,EPAM,340,46.24,7.0
12/16/2014,SELL,BMY,271,57.69,7.0
12/18/2014,BUY,FGEN,570,28.05,7.0
12/18/2014,BUY,KRFT,252,63.38,7.0
12/22/2014,SELL,FGEN,570,26.32,7.0
12/24/2014,BUY,BIN,315,30.43,7.0
12/24/2014,BUY,VA,390,41.0,7.0
01/07/2015,SELL,VA,390,39.75,7.0
01/09/2015,BUY,AYI,105,151.5,7.0
01/12/2015,SELL,BIN,881,28.85,7.0
01/16/2015,SELL,SWIR,436,40.07,7.0
01/22/2015,BUY,CACI,109,87.96,7.0
01/22/2015,BUY,HELE,206,77.53,7.0
01/22/2015,BUY,AGU,149,107.2,7.0
01/23/2015,BUY,SBUX,181,88.22,7.0
01/30/2015,SELL,CACI,303,84.59,7.0
01/30/2015,SELL,HELE,206,75.22,7.0
01/30/2015,BUY,VAR,172,92.56,7.0
02/02/2015,BUY,CLX,88,107.83,7.0
02/05/2015,BUY,KLIC,1004,15.92,7.0
02/06/2015,BUY,BLL,226,70.61,7.0
02/06/2015,BUY,BA,108,148.0,7.0
02/11/2015,SELL,KRFT,252,65.07,7.0
02/11/2015,BUY,SCI,655,24.39,7.0
03/06/2015,SELL,BLL,226,70.82,7.0
03/06/2015,BUY,AMBA,249,64.22,7.0
03/10/2015,SELL,AGU,149,110.1,7.0
03/10/2015,BUY,BMY,244,65.53,7.0
03/25/2015,SELL,KLIC,1004,15.6,7.0
03/25/2015,BUY,JUNO,299,53.48,7.0
03/25/2015,SELL,BMY,244,64.7,7.0
03/25/2015,BUY,NVRO,332,48.04,7.0
03/25/2015,SELL,VAR,172,92.72,7.0
03/25/2015,BUY,EW,112,142.25,7.0
03/30/2015,BUY,CLX,57,110.76,7.0
03/30/2015,BUY,SBUX,99,95.98,7.0
03/31/2015,SELL,BA,108,150.08,7.0
03/31/2015,BUY,SFS,908,17.6,7.0
04/01/2015,BUY,SCI,365,26.25,7.0
04/06/2015,SELL,EW,112,139.85,7.0
04/06/2015,BUY,SIG,114,139.76,7.0
04/08/2015,BUY,AYI,56,168.96,7.0
04/10/2015,BUY,GE,560,28.51,7.0
04/13/2015,BUY,TSE,741,21.58,7.0
04/20/2015,BUY,AMBA,128,74.56,7.0
04/21/2015,SELL,GE,560,26.62,7.0
04/27/2015,SELL,JUNO,299,50.81,7.0
04/27/2015,SELL,SFS,908,17.71,7.0
04/29/2015,SELL,NVRO,332,47.08,7.0
04/29/2015,SELL,CLX,309,107.11,7.0
04/29/2015,BUY,XPO,327,48.83,7.0
04/30/2015,SELL,SIG,114,134.13,7.0
04/30/2015,BUY,AVG,668,23.92,7.0
05/01/2015,BUY,SCI,228,27.98,7.0
05/06/2015,SELL,SBUX,560,48.93,7.0
05/06/2015,BUY,BFAM,295,54.19,7.0
06/02/2015,BUY,AYI,35,178.51,7.0
06/05/2015,SELL,XPO,327,48.63,7.0
06/05/2015,BUY,DGX,216,73.96,7.0
06/15/2015,SELL,DGX,216,72.67,7.0
06/15/2015,BUY,MBLY,317,50.34,7.0
06/23/2015,BUY,TSE,340,28.14,7.0
06/29/2015,SELL,TSE,1081,26.06,7.0
07/01/2015,BUY,AVG,349,27.43,7.0
