Fri Jan 04 08:00:00 GMT+00:00 2013 BUY  - IEP - 196 @50.74 Total=9945.04
Mon Jan 07 08:00:00 GMT+00:00 2013 BUY  - NSM - 257 @38.83 Total=9979.31
Mon Jan 07 08:00:00 GMT+00:00 2013 BUY  - RNF - 234 @42.57 Total=9961.38
Fri Jan 11 08:00:00 GMT+00:00 2013 BUY  - HTHT - 557 @17.92 Total=9981.44
Thu Jan 17 08:00:00 GMT+00:00 2013 BUY  - CLW - 225 @44.24 Total=9954.0
Fri Jan 18 08:00:00 GMT+00:00 2013 SELL  - NSM - 257 @35.81 Total=9203.17
Wed Jan 30 08:00:00 GMT+00:00 2013 BUY  - HES - 147 @67.88 Total=9978.36
Tue Feb 05 08:00:00 GMT+00:00 2013 BUY  - BRO - 340 @29.38 Total=9989.2
Wed Feb 06 08:00:00 GMT+00:00 2013 BUY  - RNF - 125 @47.8 Total=5975.0
Mon Feb 11 08:00:00 GMT+00:00 2013 SELL  - RNF - 359 @43.65 Total=15670.35
Wed Feb 20 08:00:00 GMT+00:00 2013 SELL  - HTHT - 557 @17.84 Total=9936.88
Thu Feb 21 08:00:00 GMT+00:00 2013 SELL  - HES - 147 @64.4 Total=9466.8
Wed Feb 27 08:00:00 GMT+00:00 2013 BUY  - BLOX - 467 @21.38 Total=9984.46
Fri Mar 01 08:00:00 GMT+00:00 2013 BUY  - SSTK - 307 @32.52 Total=9983.64
Mon Mar 04 08:00:00 GMT+00:00 2013 BUY  - IX - 164 @60.71 Total=9956.44
Tue Mar 05 08:00:00 GMT+00:00 2013 BUY  - EVER - 619 @16.14 Total=9990.66
Thu Mar 07 08:00:00 GMT+00:00 2013 BUY  - IEP - 98 @61.03 Total=5980.94
Fri Mar 08 08:00:00 GMT+00:00 2013 BUY  - MBI - 799 @12.5 Total=9987.5
Wed Mar 13 08:00:00 GMT+00:00 2013 SELL  - IEP - 294 @60.58 Total=17810.52
Mon Mar 18 08:00:00 GMT+00:00 2013 SELL  - EVER - 619 @15.09 Total=9340.71
Mon Mar 18 08:00:00 GMT+00:00 2013 SELL  - MBI - 799 @11.79 Total=9420.21
Mon Mar 25 08:00:00 GMT+00:00 2013 SELL  - BLOX - 467 @20.89 Total=9755.63
Thu Mar 28 08:00:00 GMT+00:00 2013 BUY  - SIG - 149 @67.0 Total=9983.0
Wed Apr 03 08:00:00 GMT+00:00 2013 BUY  - TSLA - 243 @41.1 Total=9987.3
Fri Apr 05 08:00:00 GMT+00:00 2013 BUY  - SSTK - 147 @40.57 Total=5963.79
Wed Apr 10 08:00:00 GMT+00:00 2013 BUY  - CLW - 117 @51.09 Total=5977.53
Mon Apr 15 08:00:00 GMT+00:00 2013 SELL  - CLW - 342 @47.72 Total=16320.24
Wed Apr 17 08:00:00 GMT+00:00 2013 BUY  - SSTK - 94 @42.43 Total=3988.42
Tue Apr 30 08:00:00 GMT+00:00 2013 BUY  - BRO - 193 @30.99 Total=5981.07
Fri May 03 08:00:00 GMT+00:00 2013 BUY  - IX - 79 @75.71 Total=5981.09
Tue May 14 08:00:00 GMT+00:00 2013 BUY  - QIHU - 257 @38.77 Total=9963.89
Wed May 15 08:00:00 GMT+00:00 2013 BUY  - SMTC - 278 @35.92 Total=9985.76
Fri May 24 08:00:00 GMT+00:00 2013 SELL  - IX - 243 @69.32 Total=16844.76
Fri May 24 08:00:00 GMT+00:00 2013 BUY  - INXN - 373 @26.75 Total=9977.75
Fri May 24 08:00:00 GMT+00:00 2013 BUY  - PCP - 47 @210.73 Total=9904.31
Wed Jun 05 08:00:00 GMT+00:00 2013 SELL  - SIG - 149 @66.71 Total=9939.79
Thu Jun 06 08:00:00 GMT+00:00 2013 SELL  - SSTK - 548 @44.04 Total=24133.92
Fri Jun 07 08:00:00 GMT+00:00 2013 BUY  - BRO - 123 @32.28 Total=3970.44
Tue Jun 18 08:00:00 GMT+00:00 2013 BUY  - PRLB - 159 @62.53 Total=9942.27
Thu Jun 20 08:00:00 GMT+00:00 2013 SELL  - INXN - 373 @25.05 Total=9343.65
Fri Jun 21 08:00:00 GMT+00:00 2013 SELL  - PRLB - 159 @60.0 Total=9540.0
Mon Jun 24 08:00:00 GMT+00:00 2013 SELL  - BRO - 656 @30.91 Total=20276.96
Mon Jun 24 08:00:00 GMT+00:00 2013 SELL  - SMTC - 278 @34.51 Total=9593.78
Mon Jun 24 08:00:00 GMT+00:00 2013 SELL  - PCP - 47 @209.69 Total=9855.43
Tue Jul 02 08:00:00 GMT+00:00 2013 BUY  - AYI - 122 @81.39 Total=9929.58
Wed Jul 17 08:00:00 GMT+00:00 2013 BUY  - TSLA - 49 @120.25 Total=5892.25
Fri Jul 19 08:00:00 GMT+00:00 2013 BUY  - SVU - 1350 @7.39 Total=9976.5
Mon Jul 22 08:00:00 GMT+00:00 2013 BUY  - SFUN - 329 @30.32 Total=9975.28
Fri Jul 26 08:00:00 GMT+00:00 2013 BUY  - FB - 293 @34.01 Total=9964.93
Wed Jul 31 08:00:00 GMT+00:00 2013 BUY  - JCI - 248 @40.21 Total=9972.08
Fri Aug 02 08:00:00 GMT+00:00 2013 BUY  - GIB - 294 @33.88 Total=9960.72
Mon Aug 05 08:00:00 GMT+00:00 2013 BUY  - LOCK - 832 @12.0 Total=9984.0
Thu Aug 15 08:00:00 GMT+00:00 2013 SELL  - SVU - 1350 @7.3 Total=9855.0
Thu Aug 15 08:00:00 GMT+00:00 2013 BUY  - CSC - 194 @51.3 Total=9952.2
Tue Sep 03 08:00:00 GMT+00:00 2013 SELL  - GIB - 294 @31.79 Total=9346.26
Wed Sep 04 08:00:00 GMT+00:00 2013 BUY  - AYI - 69 @86.61 Total=5976.09
Wed Sep 04 08:00:00 GMT+00:00 2013 BUY  - SALE - 283 @35.3 Total=9989.9
Tue Sep 10 08:00:00 GMT+00:00 2013 BUY  - TSLA - 24 @166.37 Total=3992.88
Wed Sep 11 08:00:00 GMT+00:00 2013 SELL  - SALE - 283 @32.61 Total=9228.63
Wed Sep 18 08:00:00 GMT+00:00 2013 BUY  - QIHU - 69 @85.94 Total=5929.86
Thu Sep 26 08:00:00 GMT+00:00 2013 BUY  - AYI - 43 @92.15 Total=3962.45
Fri Oct 04 08:00:00 GMT+00:00 2013 BUY  - SFUN - 119 @50.36 Total=5992.84
Fri Oct 04 08:00:00 GMT+00:00 2013 BUY  - XOOM - 306 @32.57 Total=9966.42
Mon Oct 07 08:00:00 GMT+00:00 2013 BUY  - FUL - 226 @44.04 Total=9953.04
Tue Oct 08 08:00:00 GMT+00:00 2013 SELL  - XOOM - 306 @30.66 Total=9381.96
Tue Oct 08 08:00:00 GMT+00:00 2013 SELL  - CSC - 194 @49.97 Total=9694.18
Tue Oct 08 08:00:00 GMT+00:00 2013 SELL  - JCI - 248 @39.89 Total=9892.72
Thu Oct 10 08:00:00 GMT+00:00 2013 BUY  - FB - 122 @49.05 Total=5984.1
Thu Oct 10 08:00:00 GMT+00:00 2013 BUY  - LOCK - 430 @13.92 Total=5985.6
Fri Oct 11 08:00:00 GMT+00:00 2013 BUY  - TTM - 309 @32.32 Total=9986.88
Wed Oct 16 08:00:00 GMT+00:00 2013 BUY  - TMH - 230 @43.43 Total=9988.9
Thu Oct 17 08:00:00 GMT+00:00 2013 BUY  - LOCK - 277 @14.37 Total=3980.49
Thu Oct 17 08:00:00 GMT+00:00 2013 BUY  - STNG - 916 @10.9 Total=9984.4
Tue Oct 22 08:00:00 GMT+00:00 2013 BUY  - NOAH - 515 @19.37 Total=9975.55
Wed Oct 23 08:00:00 GMT+00:00 2013 SELL  - TTM - 309 @30.46 Total=9412.14
Wed Oct 23 08:00:00 GMT+00:00 2013 SELL  - TSLA - 316 @164.5 Total=51982.0
Thu Oct 24 08:00:00 GMT+00:00 2013 BUY  - QIHU - 58 @89.0 Total=5162.0
Fri Oct 25 08:00:00 GMT+00:00 2013 SELL  - NOAH - 515 @17.93 Total=9233.95
Mon Oct 28 08:00:00 GMT+00:00 2013 SELL  - QIHU - 384 @81.9 Total=31449.6
Mon Oct 28 08:00:00 GMT+00:00 2013 BUY  - NXPI - 341 @41.02 Total=13987.82
Mon Oct 28 08:00:00 GMT+00:00 2013 BUY  - CP - 98 @141.8 Total=13896.4
Tue Oct 29 08:00:00 GMT+00:00 2013 SELL  - LOCK - 1539 @13.68 Total=21053.52
Tue Oct 29 08:00:00 GMT+00:00 2013 BUY  - BDBD - 798 @17.52 Total=13980.96
Wed Oct 30 08:00:00 GMT+00:00 2013 BUY  - LOCK - 884 @15.82 Total=13984.88
Thu Oct 31 08:00:00 GMT+00:00 2013 SELL  - BDBD - 798 @16.39 Total=13079.22
Thu Oct 31 08:00:00 GMT+00:00 2013 BUY  - AZPN - 366 @38.15 Total=13962.9
Mon Nov 11 08:00:00 GMT+00:00 2013 SELL  - FB - 415 @46.2 Total=19173.0
Mon Nov 11 08:00:00 GMT+00:00 2013 BUY  - GMED - 753 @18.57 Total=13983.21
Tue Nov 12 08:00:00 GMT+00:00 2013 BUY  - FUL - 172 @48.75 Total=8385.0
Mon Nov 25 08:00:00 GMT+00:00 2013 SELL  - NXPI - 341 @40.45 Total=13793.45
Mon Nov 25 08:00:00 GMT+00:00 2013 BUY  - BLMN - 519 @26.91 Total=13966.29
Tue Nov 26 08:00:00 GMT+00:00 2013 BUY  - SFUN - 85 @65.62 Total=5577.7
Mon Dec 02 08:00:00 GMT+00:00 2013 SELL  - BLMN - 519 @25.36 Total=13161.84
Wed Dec 04 08:00:00 GMT+00:00 2013 BUY  - FUL - 111 @50.16 Total=5567.76
Tue Dec 10 08:00:00 GMT+00:00 2013 SELL  - STNG - 916 @10.92 Total=10002.72
Wed Dec 11 08:00:00 GMT+00:00 2013 SELL  - LOCK - 884 @16.02 Total=14161.68
Wed Dec 11 08:00:00 GMT+00:00 2013 BUY  - TWTR - 267 @52.34 Total=13974.78
Thu Dec 19 08:00:00 GMT+00:00 2013 SELL  - TMH - 230 @44.47 Total=10228.1
Thu Dec 19 08:00:00 GMT+00:00 2013 BUY  - GNTX - 425 @32.9 Total=13982.5
Thu Dec 26 08:00:00 GMT+00:00 2013 BUY  - CP - 54 @152.62 Total=8241.48
Mon Dec 30 08:00:00 GMT+00:00 2013 BUY  - AZPN - 200 @41.92 Total=8384.0
Mon Jan 06 08:00:00 GMT+00:00 2014 SELL  - CP - 152 @147.47 Total=22415.44
Mon Jan 06 08:00:00 GMT+00:00 2014 BUY  - PFPT - 399 @35.02 Total=13972.98
Thu Jan 16 08:00:00 GMT+00:00 2014 SELL  - FUL - 509 @50.82 Total=25867.38
Thu Jan 16 08:00:00 GMT+00:00 2014 BUY  - M - 249 @56.03 Total=13951.47
Fri Jan 24 08:00:00 GMT+00:00 2014 SELL  - AZPN - 566 @41.42 Total=23443.72
Fri Jan 24 08:00:00 GMT+00:00 2014 BUY  - NVDQ - 742 @18.84 Total=13979.28
Mon Jan 27 08:00:00 GMT+00:00 2014 SELL  - M - 249 @54.18 Total=13490.82
Wed Jan 29 08:00:00 GMT+00:00 2014 SELL  - PFPT - 399 @34.91 Total=13929.09
Fri Jan 31 08:00:00 GMT+00:00 2014 SELL  - GNTX - 425 @32.39 Total=13765.75
Wed Feb 05 08:00:00 GMT+00:00 2014 SELL  - SFUN - 533 @72.26 Total=38514.58
Thu Feb 06 08:00:00 GMT+00:00 2014 SELL  - TWTR - 267 @50.03 Total=13358.01
Thu Feb 06 08:00:00 GMT+00:00 2014 BUY  - GMT - 281 @56.74 Total=15943.94
Fri Feb 07 08:00:00 GMT+00:00 2014 SELL  - NVDQ - 742 @18.15 Total=13467.3
Fri Feb 07 08:00:00 GMT+00:00 2014 BUY  - LVNTA - 126 @126.16 Total=15896.16
Wed Feb 12 08:00:00 GMT+00:00 2014 BUY  - SN - 504 @31.72 Total=15986.88
Thu Feb 13 08:00:00 GMT+00:00 2014 BUY  - GMED - 405 @23.64 Total=9574.2
Tue Feb 18 08:00:00 GMT+00:00 2014 SELL  - SN - 504 @29.74 Total=14988.96
Tue Feb 18 08:00:00 GMT+00:00 2014 BUY  - NMBL - 319 @49.99 Total=15946.81
Wed Feb 19 08:00:00 GMT+00:00 2014 BUY  - FLS - 198 @80.6 Total=15958.8
Fri Feb 21 08:00:00 GMT+00:00 2014 BUY  - STRZA - 513 @31.15 Total=15979.95
Mon Feb 24 08:00:00 GMT+00:00 2014 BUY  - LEAF - 563 @28.36 Total=15966.68
Tue Feb 25 08:00:00 GMT+00:00 2014 BUY  - HUM - 144 @110.49 Total=15910.56
Fri Feb 28 08:00:00 GMT+00:00 2014 SELL  - NMBL - 319 @48.01 Total=15315.19
Fri Feb 28 08:00:00 GMT+00:00 2014 BUY  - HEI - 257 @62.19 Total=15982.83
Wed Mar 12 08:00:00 GMT+00:00 2014 SELL  - LEAF - 563 @26.15 Total=14722.45
Wed Mar 12 08:00:00 GMT+00:00 2014 BUY  - NUVA - 426 @37.48 Total=15966.48
Thu Mar 13 08:00:00 GMT+00:00 2014 SELL  - FLS - 198 @75.74 Total=14996.52
Tue Mar 18 08:00:00 GMT+00:00 2014 BUY  - LVNTA - 63 @142.31 Total=8965.53
Fri Mar 21 08:00:00 GMT+00:00 2014 BUY  - GMT - 136 @66.0 Total=8976.0
Mon Mar 24 08:00:00 GMT+00:00 2014 SELL  - HEI - 257 @60.17 Total=15463.69
Mon Mar 24 08:00:00 GMT+00:00 2014 BUY  - MFRM - 317 @47.23 Total=14971.91
Tue Mar 25 08:00:00 GMT+00:00 2014 BUY  - GMED - 231 @25.86 Total=5973.66
Wed Mar 26 08:00:00 GMT+00:00 2014 SELL  - LVNTA - 189 @130.34 Total=24634.26
Wed Mar 26 08:00:00 GMT+00:00 2014 SELL  - NUVA - 426 @37.23 Total=15859.98
Thu Mar 27 08:00:00 GMT+00:00 2014 SELL  - AYI - 234 @128.15 Total=29987.1
Thu Apr 03 08:00:00 GMT+00:00 2014 BUY  - BCPC - 261 @61.27 Total=15991.47
Mon Apr 07 08:00:00 GMT+00:00 2014 SELL  - BCPC - 261 @59.2 Total=15451.2
Wed Apr 09 08:00:00 GMT+00:00 2014 SELL  - GMED - 1389 @24.35 Total=33822.15
Thu Apr 10 08:00:00 GMT+00:00 2014 SELL  - MFRM - 317 @45.87 Total=14540.79
Thu Apr 10 08:00:00 GMT+00:00 2014 SELL  - HUM - 144 @109.66 Total=15791.04
Thu Apr 10 08:00:00 GMT+00:00 2014 SELL  - STRZA - 513 @31.46 Total=16138.98
Thu Apr 17 08:00:00 GMT+00:00 2014 BUY  - WSO - 163 @104.18 Total=16981.34
Mon Apr 21 08:00:00 GMT+00:00 2014 BUY  - AZN - 245 @69.1 Total=16929.5
Tue Apr 22 08:00:00 GMT+00:00 2014 SELL  - AZN - 245 @66.86 Total=16380.7
Fri Apr 25 08:00:00 GMT+00:00 2014 BUY  - ZBH - 169 @100.54 Total=16991.26
Mon Apr 28 08:00:00 GMT+00:00 2014 SELL  - GMT - 417 @64.87 Total=27050.79
Wed Apr 30 08:00:00 GMT+00:00 2014 SELL  - ZBH - 169 @96.8 Total=16359.2
Thu May 01 08:00:00 GMT+00:00 2014 BUY  - KEX - 157 @107.84 Total=16930.88
Wed May 14 08:00:00 GMT+00:00 2014 SELL  - WSO - 163 @100.69 Total=16412.47
Wed May 28 08:00:00 GMT+00:00 2014 BUY  - CAL - 579 @29.3 Total=16964.7
Mon Jun 02 08:00:00 GMT+00:00 2014 SELL  - CAL - 579 @27.83 Total=16113.57
Mon Jun 09 08:00:00 GMT+00:00 2014 BUY  - MTSI - 772 @21.99 Total=16976.28
Wed Jun 11 08:00:00 GMT+00:00 2014 BUY  - LNG - 255 @66.58 Total=16977.9
Wed Jun 11 08:00:00 GMT+00:00 2014 BUY  - FCNCA - 67 @251.91 Total=16877.97
Tue Jun 17 08:00:00 GMT+00:00 2014 BUY  - JWA - 282 @60.1 Total=16948.2
Thu Jun 19 08:00:00 GMT+00:00 2014 BUY  - GLOG - 568 @29.88 Total=16971.84
Thu Jun 19 08:00:00 GMT+00:00 2014 BUY  - FNV - 306 @55.47 Total=16973.82
Thu Jun 19 08:00:00 GMT+00:00 2014 BUY  - TAHO - 666 @25.49 Total=16976.34
Thu Jun 19 08:00:00 GMT+00:00 2014 BUY  - APD - 131 @129.7 Total=16990.7
Fri Jun 20 08:00:00 GMT+00:00 2014 BUY  - GMLP - 458 @37.08 Total=16982.64
Tue Jul 01 08:00:00 GMT+00:00 2014 SELL  - FCNCA - 67 @242.5 Total=16247.5
Tue Jul 01 08:00:00 GMT+00:00 2014 BUY  - ANET - 223 @76.0 Total=16948.0
Mon Jul 07 08:00:00 GMT+00:00 2014 SELL  - GLOG - 568 @28.23 Total=16034.64
Mon Jul 07 08:00:00 GMT+00:00 2014 SELL  - ANET - 223 @72.17 Total=16093.91
Mon Jul 07 08:00:00 GMT+00:00 2014 BUY  - MEI - 432 @37.01 Total=15988.32
Mon Jul 07 08:00:00 GMT+00:00 2014 BUY  - TGNA - 501 @31.88 Total=15971.88
Tue Jul 08 08:00:00 GMT+00:00 2014 SELL  - MTSI - 772 @21.03 Total=16235.16
Thu Jul 10 08:00:00 GMT+00:00 2014 SELL  - MEI - 432 @34.89 Total=15072.48
Fri Jul 11 08:00:00 GMT+00:00 2014 SELL  - GMLP - 458 @35.05 Total=16052.9
Fri Jul 11 08:00:00 GMT+00:00 2014 BUY  - KEX - 82 @116.49 Total=9552.18
Wed Jul 23 08:00:00 GMT+00:00 2014 BUY  - LEJU - 1216 @13.15 Total=15990.4
Thu Jul 24 08:00:00 GMT+00:00 2014 BUY  - JMEI - 535 @29.86 Total=15975.1
Tue Jul 29 08:00:00 GMT+00:00 2014 BUY  - LNG - 128 @74.46 Total=9530.88
Fri Aug 01 08:00:00 GMT+00:00 2014 SELL  - JWA - 282 @59.47 Total=16770.54
Fri Aug 01 08:00:00 GMT+00:00 2014 BUY  - THC - 305 @52.34 Total=15963.7
Tue Aug 05 08:00:00 GMT+00:00 2014 SELL  - LEJU - 1216 @11.94 Total=14519.04
Thu Aug 07 08:00:00 GMT+00:00 2014 SELL  - APD - 131 @131.16 Total=17181.96
Thu Aug 07 08:00:00 GMT+00:00 2014 BUY  - LEAF - 539 @29.65 Total=15981.35
Thu Aug 14 08:00:00 GMT+00:00 2014 SELL  - TAHO - 666 @26.06 Total=17355.96
Thu Aug 14 08:00:00 GMT+00:00 2014 BUY  - KMI - 401 @39.88 Total=15991.88
Thu Aug 21 08:00:00 GMT+00:00 2014 SELL  - FNV - 306 @55.43 Total=16961.58
Mon Aug 25 08:00:00 GMT+00:00 2014 BUY  - JMEI - 291 @32.86 Total=9562.26
Wed Aug 27 08:00:00 GMT+00:00 2014 BUY  - ANET - 192 @83.16 Total=15966.72
Fri Aug 29 08:00:00 GMT+00:00 2014 SELL  - JMEI - 826 @30.57 Total=25250.82
Fri Aug 29 08:00:00 GMT+00:00 2014 BUY  - GPRO - 308 @51.8 Total=15954.4
Tue Sep 02 08:00:00 GMT+00:00 2014 BUY  - KEX - 52 @120.63 Total=6272.76
Thu Sep 04 08:00:00 GMT+00:00 2014 SELL  - KMI - 401 @39.05 Total=15659.05
Thu Sep 04 08:00:00 GMT+00:00 2014 BUY  - MEI - 402 @39.72 Total=15967.44
Thu Sep 04 08:00:00 GMT+00:00 2014 SELL  - TGNA - 501 @33.31 Total=16688.31
Thu Sep 04 08:00:00 GMT+00:00 2014 BUY  - SIG - 135 @117.64 Total=15881.4
Mon Sep 08 08:00:00 GMT+00:00 2014 BUY  - THC - 162 @58.99 Total=9556.38
Wed Sep 17 08:00:00 GMT+00:00 2014 BUY  - LEAF - 284 @33.66 Total=9559.44
Mon Sep 22 08:00:00 GMT+00:00 2014 SELL  - SIG - 135 @114.26 Total=15425.1
Mon Sep 22 08:00:00 GMT+00:00 2014 BUY  - HQY - 809 @19.76 Total=15985.84
Mon Sep 22 08:00:00 GMT+00:00 2014 SELL  - KEX - 291 @118.73 Total=34550.43
Mon Sep 22 08:00:00 GMT+00:00 2014 BUY  - CLX - 164 @97.23 Total=15945.72
Wed Sep 24 08:00:00 GMT+00:00 2014 SELL  - HQY - 809 @18.24 Total=14756.16
Wed Sep 24 08:00:00 GMT+00:00 2014 BUY  - LNG - 78 @81.73 Total=6374.94
Wed Sep 24 08:00:00 GMT+00:00 2014 BUY  - ALR - 400 @39.95 Total=15980.0
Thu Sep 25 08:00:00 GMT+00:00 2014 SELL  - MEI - 402 @38.04 Total=15292.08
Tue Sep 30 08:00:00 GMT+00:00 2014 SELL  - LEAF - 823 @31.93 Total=26278.39
Tue Sep 30 08:00:00 GMT+00:00 2014 BUY  - MYCC - 806 @19.83 Total=15982.98
Wed Oct 01 08:00:00 GMT+00:00 2014 SELL  - ALR - 400 @38.7 Total=15480.0
Wed Oct 01 08:00:00 GMT+00:00 2014 SELL  - MYCC - 806 @19.2 Total=15475.2
Wed Oct 01 08:00:00 GMT+00:00 2014 SELL  - THC - 467 @57.74 Total=26964.58
Thu Oct 02 08:00:00 GMT+00:00 2014 SELL  - LNG - 461 @76.02 Total=35045.22
Fri Oct 03 08:00:00 GMT+00:00 2014 BUY  - GPN - 209 @76.32 Total=15950.88
Mon Oct 06 08:00:00 GMT+00:00 2014 BUY  - KITE - 487 @32.83 Total=15988.21
Tue Oct 07 08:00:00 GMT+00:00 2014 SELL  - KITE - 487 @31.8 Total=15486.6
Tue Oct 07 08:00:00 GMT+00:00 2014 SELL  - ANET - 192 @82.81 Total=15899.52
Thu Oct 09 08:00:00 GMT+00:00 2014 SELL  - GPN - 209 @73.97 Total=15459.73
Mon Oct 13 08:00:00 GMT+00:00 2014 BUY  - CMN - 411 @38.86 Total=15971.46
Mon Oct 13 08:00:00 GMT+00:00 2014 BUY  - BDX - 127 @125.83 Total=15980.41
Tue Oct 14 08:00:00 GMT+00:00 2014 BUY  - AVA - 469 @34.03 Total=15960.07
Thu Oct 16 08:00:00 GMT+00:00 2014 SELL  - CMN - 411 @37.28 Total=15322.08
Thu Oct 16 08:00:00 GMT+00:00 2014 SELL  - BDX - 127 @120.78 Total=15339.06
Tue Oct 21 08:00:00 GMT+00:00 2014 BUY  - AKRX - 387 @41.29 Total=15979.23
Mon Oct 27 08:00:00 GMT+00:00 2014 SELL  - GPRO - 308 @64.91 Total=19992.28
Mon Oct 27 08:00:00 GMT+00:00 2014 BUY  - EPAM - 340 @46.91 Total=15949.4
Thu Oct 30 08:00:00 GMT+00:00 2014 BUY  - BMY - 271 @58.98 Total=15983.58
Thu Oct 30 08:00:00 GMT+00:00 2014 BUY  - BIN - 566 @28.25 Total=15989.5
Thu Oct 30 08:00:00 GMT+00:00 2014 BUY  - CACI - 194 @82.05 Total=15917.7
Fri Oct 31 08:00:00 GMT+00:00 2014 BUY  - FLT - 106 @150.56 Total=15959.36
Mon Nov 03 08:00:00 GMT+00:00 2014 BUY  - ZEN - 605 @26.4 Total=15972.0
Wed Nov 05 08:00:00 GMT+00:00 2014 SELL  - ZEN - 605 @24.96 Total=15100.8
Thu Nov 06 08:00:00 GMT+00:00 2014 SELL  - AKRX - 387 @37.88 Total=14659.56
Wed Nov 12 08:00:00 GMT+00:00 2014 BUY  - MSG - 213 @74.74 Total=15919.62
Fri Nov 14 08:00:00 GMT+00:00 2014 SELL  - AVA - 469 @33.46 Total=15692.74
Wed Nov 19 08:00:00 GMT+00:00 2014 BUY  - ENV - 304 @52.58 Total=15984.32
Fri Nov 21 08:00:00 GMT+00:00 2014 BUY  - SWIR - 436 @36.62 Total=15966.32
Mon Dec 01 08:00:00 GMT+00:00 2014 SELL  - ENV - 304 @49.55 Total=15063.2
Fri Dec 05 08:00:00 GMT+00:00 2014 BUY  - ENB - 312 @51.15 Total=15958.8
Wed Dec 10 08:00:00 GMT+00:00 2014 SELL  - ENB - 312 @47.99 Total=14972.88
Wed Dec 10 08:00:00 GMT+00:00 2014 SELL  - FLT - 106 @143.9 Total=15253.4
Wed Dec 10 08:00:00 GMT+00:00 2014 SELL  - MSG - 213 @72.21 Total=15380.73
Tue Dec 16 08:00:00 GMT+00:00 2014 SELL  - EPAM - 340 @46.24 Total=15721.6
Tue Dec 16 08:00:00 GMT+00:00 2014 SELL  - BMY - 271 @57.69 Total=15633.99
Thu Dec 18 08:00:00 GMT+00:00 2014 BUY  - FGEN - 570 @28.05 Total=15988.5
Thu Dec 18 08:00:00 GMT+00:00 2014 BUY  - KRFT - 252 @63.38 Total=15971.76
Mon Dec 22 08:00:00 GMT+00:00 2014 SELL  - FGEN - 570 @26.32 Total=15002.4
Wed Dec 24 08:00:00 GMT+00:00 2014 BUY  - BIN - 315 @30.43 Total=9585.45
Wed Dec 24 08:00:00 GMT+00:00 2014 BUY  - VA - 390 @41.0 Total=15990.0
Wed Jan 07 08:00:00 GMT+00:00 2015 SELL  - VA - 390 @39.75 Total=15502.5
Fri Jan 09 08:00:00 GMT+00:00 2015 BUY  - AYI - 105 @151.5 Total=15907.5
Mon Jan 12 08:00:00 GMT+00:00 2015 SELL  - BIN - 881 @28.85 Total=25416.85
Fri Jan 16 08:00:00 GMT+00:00 2015 SELL  - SWIR - 436 @40.07 Total=17470.52
Thu Jan 22 08:00:00 GMT+00:00 2015 BUY  - CACI - 109 @87.96 Total=9587.64
Thu Jan 22 08:00:00 GMT+00:00 2015 BUY  - HELE - 206 @77.53 Total=15971.18
Thu Jan 22 08:00:00 GMT+00:00 2015 BUY  - AGU - 149 @107.2 Total=15972.8
Fri Jan 23 08:00:00 GMT+00:00 2015 BUY  - SBUX - 181 @88.22 Total=15967.82
Fri Jan 30 08:00:00 GMT+00:00 2015 SELL  - CACI - 303 @84.59 Total=25630.77
Fri Jan 30 08:00:00 GMT+00:00 2015 SELL  - HELE - 206 @75.22 Total=15495.32
Fri Jan 30 08:00:00 GMT+00:00 2015 BUY  - VAR - 172 @92.56 Total=15920.32
Mon Feb 02 08:00:00 GMT+00:00 2015 BUY  - CLX - 88 @107.83 Total=9489.04
Thu Feb 05 08:00:00 GMT+00:00 2015 BUY  - KLIC - 1004 @15.92 Total=15983.68
Fri Feb 06 08:00:00 GMT+00:00 2015 BUY  - BLL - 226 @70.61 Total=15957.86
Fri Feb 06 08:00:00 GMT+00:00 2015 BUY  - BA - 108 @148.0 Total=15984.0
Wed Feb 11 08:00:00 GMT+00:00 2015 SELL  - KRFT - 252 @65.07 Total=16397.64
Wed Feb 11 08:00:00 GMT+00:00 2015 BUY  - SCI - 655 @24.39 Total=15975.45
Fri Mar 06 08:00:00 GMT+00:00 2015 SELL  - BLL - 226 @70.82 Total=16005.32
Fri Mar 06 08:00:00 GMT+00:00 2015 BUY  - AMBA - 249 @64.22 Total=15990.78
Tue Mar 10 08:00:00 GMT+00:00 2015 SELL  - AGU - 149 @110.1 Total=16404.9
Tue Mar 10 08:00:00 GMT+00:00 2015 BUY  - BMY - 244 @65.53 Total=15989.32
Wed Mar 25 08:00:00 GMT+00:00 2015 SELL  - KLIC - 1004 @15.6 Total=15662.4
Wed Mar 25 08:00:00 GMT+00:00 2015 BUY  - JUNO - 299 @53.48 Total=15990.52
Wed Mar 25 08:00:00 GMT+00:00 2015 SELL  - BMY - 244 @64.7 Total=15786.8
Wed Mar 25 08:00:00 GMT+00:00 2015 BUY  - NVRO - 332 @48.04 Total=15949.28
Wed Mar 25 08:00:00 GMT+00:00 2015 SELL  - VAR - 172 @92.72 Total=15947.84
Wed Mar 25 08:00:00 GMT+00:00 2015 BUY  - EW - 112 @142.25 Total=15932.0
Mon Mar 30 08:00:00 GMT+00:00 2015 BUY  - CLX - 57 @110.76 Total=6313.32
Mon Mar 30 08:00:00 GMT+00:00 2015 BUY  - SBUX - 99 @95.98 Total=9502.02
Tue Mar 31 08:00:00 GMT+00:00 2015 SELL  - BA - 108 @150.08 Total=16208.64
Tue Mar 31 08:00:00 GMT+00:00 2015 BUY  - SFS - 908 @17.6 Total=15980.8
Wed Apr 01 08:00:00 GMT+00:00 2015 BUY  - SCI - 365 @26.25 Total=9581.25
Mon Apr 06 08:00:00 GMT+00:00 2015 SELL  - EW - 112 @139.85 Total=15663.2
Mon Apr 06 08:00:00 GMT+00:00 2015 BUY  - SIG - 114 @139.76 Total=15932.64
Wed Apr 08 08:00:00 GMT+00:00 2015 BUY  - AYI - 56 @168.96 Total=9461.76
Fri Apr 10 08:00:00 GMT+00:00 2015 BUY  - GE - 560 @28.51 Total=15965.6
Mon Apr 13 08:00:00 GMT+00:00 2015 BUY  - TSE - 741 @21.58 Total=15990.78
Mon Apr 20 08:00:00 GMT+00:00 2015 BUY  - AMBA - 128 @74.56 Total=9543.68
Tue Apr 21 08:00:00 GMT+00:00 2015 SELL  - GE - 560 @26.62 Total=14907.2
Mon Apr 27 08:00:00 GMT+00:00 2015 SELL  - JUNO - 299 @50.81 Total=15192.19
Mon Apr 27 08:00:00 GMT+00:00 2015 SELL  - SFS - 908 @17.71 Total=16080.68
Wed Apr 29 08:00:00 GMT+00:00 2015 SELL  - NVRO - 332 @47.08 Total=15630.56
Wed Apr 29 08:00:00 GMT+00:00 2015 SELL  - CLX - 309 @107.11 Total=33096.99
Wed Apr 29 08:00:00 GMT+00:00 2015 BUY  - XPO - 327 @48.83 Total=15967.41
Thu Apr 30 08:00:00 GMT+00:00 2015 SELL  - SIG - 114 @134.13 Total=15290.82
Thu Apr 30 08:00:00 GMT+00:00 2015 BUY  - AVG - 668 @23.92 Total=15978.56
Fri May 01 08:00:00 GMT+00:00 2015 BUY  - SCI - 228 @27.98 Total=6379.44
Wed May 06 08:00:00 GMT+00:00 2015 SELL  - SBUX - 560 @48.93 Total=27400.8
Wed May 06 08:00:00 GMT+00:00 2015 BUY  - BFAM - 295 @54.19 Total=15986.05
Tue Jun 02 08:00:00 GMT+00:00 2015 BUY  - AYI - 35 @178.51 Total=6247.85
Fri Jun 05 08:00:00 GMT+00:00 2015 SELL  - XPO - 327 @48.63 Total=15902.01
Fri Jun 05 08:00:00 GMT+00:00 2015 BUY  - DGX - 216 @73.96 Total=15975.36
Mon Jun 15 08:00:00 GMT+00:00 2015 SELL  - DGX - 216 @72.67 Total=15696.72
Mon Jun 15 08:00:00 GMT+00:00 2015 BUY  - MBLY - 317 @50.34 Total=15957.78
Tue Jun 23 08:00:00 GMT+00:00 2015 BUY  - TSE - 340 @28.14 Total=9567.6
Mon Jun 29 08:00:00 GMT+00:00 2015 SELL  - TSE - 1081 @26.06 Total=28170.86
Wed Jul 01 08:00:00 GMT+00:00 2015 BUY  - AVG - 349 @27.43 Total=9573.07
