Date,Action,Symbol,Shares,Price,Cost
01/04/2013,BUY,IEP,164,50.74,7.0
01/07/2013,BUY,NSM,214,38.83,7.0
01/07/2013,BUY,RNF,195,42.57,7.0
01/11/2013,BUY,HTHT,465,17.92,7.0
01/17/2013,BUY,CLW,188,44.24,7.0
01/18/2013,SELL,NSM,214,35.81,7.0
02/06/2013,BUY,RNF,104,47.8,7.0
02/11/2013,SELL,RNF,299,43.65,7.0
02/20/2013,SELL,HTHT,465,17.84,7.0
03/04/2013,BUY,IX,137,60.71,7.0
03/07/2013,BUY,IEP,81,61.03,7.0
03/13/2013,SELL,IEP,245,60.58,7.0
03/28/2013,BUY,SIG,124,67.0,7.0
04/05/2013,BUY,TSLA,201,41.37,7.0
04/10/2013,BUY,CLW,97,51.09,7.0
04/15/2013,SELL,CLW,285,47.72,7.0
05/03/2013,BUY,IX,66,75.71,7.0
05/14/2013,BUY,QIHU,215,38.77,7.0
05/15/2013,BUY,SMTC,232,35.92,7.0
05/22/2013,BUY,INXN,310,26.84,7.0
05/24/2013,SELL,IX,203,69.32,7.0
05/24/2013,BUY,PCP,39,210.73,7.0
06/05/2013,SELL,SIG,124,66.71,7.0
06/18/2013,BUY,PRLB,133,62.53,7.0
06/20/2013,SELL,INXN,310,25.05,7.0
06/20/2013,SELL,PCP,39,213.48,7.0
06/20/2013,BUY,CTB,269,30.97,7.0
06/21/2013,SELL,PRLB,133,60.0,7.0
06/24/2013,SELL,SMTC,232,34.51,7.0
07/02/2013,BUY,AYI,102,81.39,7.0
07/17/2013,BUY,TSLA,41,120.25,7.0
07/31/2013,BUY,JCI,207,40.21,7.0
08/07/2013,BUY,GNC,158,52.51,7.0
08/19/2013,SELL,CTB,269,32.25,7.0
08/20/2013,BUY,CSC,160,52.1,7.0
08/21/2013,SELL,GNC,158,50.77,7.0
08/28/2013,SELL,CSC,160,50.01,7.0
08/29/2013,BUY,ATVI,498,16.75,7.0
09/04/2013,BUY,AYI,57,86.61,7.0
09/04/2013,BUY,SALE,236,35.3,7.0
09/10/2013,BUY,TSLA,20,166.37,7.0
09/11/2013,SELL,SALE,236,32.61,7.0
09/11/2013,BUY,AKRX,449,18.58,7.0
09/18/2013,BUY,QIHU,58,85.94,7.0
09/26/2013,BUY,AYI,36,92.15,7.0
09/27/2013,SELL,ATVI,498,16.82,7.0
09/27/2013,BUY,AVG,333,25.03,7.0
10/03/2013,SELL,AVG,333,23.25,7.0
10/03/2013,BUY,KS,188,44.34,7.0
10/07/2013,SELL,JCI,207,40.74,7.0
10/07/2013,BUY,FUL,189,44.04,7.0
10/23/2013,SELL,TSLA,262,164.5,7.0
10/23/2013,BUY,FIVE,206,48.43,7.0
10/24/2013,BUY,QIHU,44,89.0,7.0
10/28/2013,SELL,QIHU,317,81.9,7.0
10/28/2013,BUY,TMH,249,43.66,7.0
11/04/2013,BUY,AKRX,312,20.82,7.0
11/12/2013,BUY,FUL,133,48.75,7.0
12/03/2013,BUY,KS,122,53.01,7.0
12/04/2013,BUY,FUL,86,50.16,7.0
12/04/2013,SELL,FIVE,206,49.71,7.0
12/04/2013,BUY,GNRC,206,52.8,7.0
12/13/2013,BUY,AKRX,176,24.58,7.0
12/19/2013,SELL,TMH,249,44.47,7.0
12/19/2013,BUY,NXPI,252,43.1,7.0
12/19/2013,SELL,FUL,408,49.48,7.0
12/19/2013,BUY,ACHC,233,46.64,7.0
01/06/2014,SELL,NXPI,252,43.12,7.0
01/06/2014,BUY,LOCK,666,16.35,7.0
01/08/2014,SELL,AKRX,937,22.89,7.0
01/08/2014,BUY,AZPN,258,42.17,7.0
01/09/2014,BUY,KS,156,27.65,7.0
01/13/2014,SELL,GNRC,206,54.18,7.0
01/13/2014,BUY,ENV,254,42.75,7.0
01/24/2014,SELL,AZPN,258,41.42,7.0
01/24/2014,BUY,NVDQ,578,18.84,7.0
01/29/2014,SELL,ENV,254,42.52,7.0
02/05/2014,SELL,ACHC,233,48.12,7.0
02/07/2014,SELL,NVDQ,578,18.15,7.0
02/07/2014,BUY,PFPT,274,39.62,7.0
02/07/2014,BUY,LVNTA,86,126.16,7.0
02/07/2014,BUY,GMT,188,57.83,7.0
03/13/2014,BUY,LOCK,323,20.1,7.0
03/18/2014,BUY,LVNTA,45,142.31,7.0
03/21/2014,SELL,PFPT,274,39.15,7.0
03/21/2014,SELL,LOCK,989,19.56,7.0
03/21/2014,BUY,GMT,105,66.0,7.0
03/21/2014,BUY,NUVA,299,39.0,7.0
03/24/2014,BUY,MFRM,247,47.23,7.0
03/26/2014,SELL,LVNTA,131,130.34,7.0
03/26/2014,SELL,NUVA,299,37.23,7.0
03/26/2014,SELL,KS,776,28.71,7.0
03/26/2014,BUY,SN,411,28.41,7.0
03/27/2014,SELL,AYI,195,128.15,7.0
03/28/2014,BUY,STRZA,389,32.07,7.0
04/01/2014,BUY,HEI,202,61.78,7.0
04/01/2014,BUY,HUBB,104,120.06,7.0
04/07/2014,SELL,HEI,202,58.23,7.0
04/07/2014,SELL,HUBB,104,115.85,7.0
04/07/2014,SELL,SN,411,28.31,7.0
04/08/2014,BUY,RARE,221,52.8,7.0
04/09/2014,SELL,MFRM,247,46.72,7.0
04/09/2014,BUY,TWC,84,138.34,7.0
04/10/2014,SELL,STRZA,389,31.46,7.0
04/10/2014,SELL,TWC,84,134.83,7.0
04/15/2014,SELL,RARE,221,49.89,7.0
04/15/2014,BUY,BCPC,187,62.28,7.0
04/17/2014,BUY,WSO,112,104.18,7.0
04/21/2014,BUY,AZN,169,69.1,7.0
04/22/2014,SELL,AZN,169,66.86,7.0
04/28/2014,SELL,GMT,293,64.87,7.0
04/30/2014,BUY,ZBH,120,96.8,7.0
05/01/2014,BUY,KEX,108,107.84,7.0
05/06/2014,SELL,BCPC,187,58.0,7.0
05/14/2014,SELL,WSO,112,100.69,7.0
05/28/2014,BUY,CAL,399,29.3,7.0
06/02/2014,SELL,CAL,399,27.83,7.0
06/09/2014,BUY,MTSI,531,21.99,7.0
06/11/2014,BUY,LNG,175,66.58,7.0
06/11/2014,BUY,FCNCA,46,251.91,7.0
06/17/2014,BUY,JWA,194,60.1,7.0
06/25/2014,BUY,ZBH,66,105.37,7.0
06/30/2014,SELL,FCNCA,46,245.0,7.0
06/30/2014,BUY,APD,90,128.62,7.0
07/07/2014,SELL,ZBH,186,104.48,7.0
07/07/2014,BUY,FNV,207,56.39,7.0
07/08/2014,SELL,MTSI,531,21.03,7.0
07/08/2014,BUY,GMLP,328,35.57,7.0
07/11/2014,BUY,KEX,59,116.49,7.0
07/15/2014,SELL,GMLP,328,34.4,7.0
07/15/2014,BUY,TGNA,367,31.82,7.0
07/17/2014,SELL,JWA,194,60.06,7.0
07/17/2014,BUY,TAHO,437,26.73,7.0
07/29/2014,BUY,LNG,93,74.46,7.0
07/30/2014,SELL,KEX,167,117.74,7.0
07/30/2014,BUY,JMEI,396,29.49,7.0
08/07/2014,SELL,APD,90,131.16,7.0
08/07/2014,BUY,LEAF,394,29.65,7.0
08/14/2014,SELL,TAHO,437,26.06,7.0
08/21/2014,SELL,FNV,207,55.43,7.0
08/25/2014,BUY,JMEI,212,32.86,7.0
08/25/2014,BUY,KMI,288,40.53,7.0
08/28/2014,BUY,SIG,100,116.37,7.0
08/29/2014,SELL,JMEI,608,30.57,7.0
08/29/2014,BUY,GPRO,225,51.8,7.0
09/02/2014,BUY,TGNA,204,34.1,7.0
09/04/2014,SELL,KMI,288,39.05,7.0
09/04/2014,BUY,MEI,294,39.72,7.0
09/09/2014,SELL,TGNA,571,32.38,7.0
09/10/2014,BUY,HQY,540,21.62,7.0
09/16/2014,SELL,HQY,540,20.1,7.0
09/17/2014,BUY,LEAF,207,33.66,7.0
09/22/2014,BUY,CLX,120,97.23,7.0
09/22/2014,SELL,SIG,100,114.26,7.0
09/22/2014,BUY,ALR,292,39.97,7.0
09/24/2014,BUY,LNG,56,81.73,7.0
09/25/2014,SELL,MEI,294,38.04,7.0
09/30/2014,SELL,ALR,292,38.78,7.0
10/02/2014,SELL,LNG,324,76.02,7.0
10/03/2014,BUY,MYCC,599,19.49,7.0
10/03/2014,SELL,LEAF,601,32.45,7.0
10/03/2014,BUY,GPN,153,76.32,7.0
10/07/2014,SELL,MYCC,599,18.73,7.0
10/09/2014,SELL,GPN,153,73.97,7.0
10/13/2014,BUY,CMN,300,38.86,7.0
10/14/2014,BUY,AVA,343,34.03,7.0
10/16/2014,SELL,CMN,300,37.28,7.0
10/21/2014,BUY,AKRX,283,41.29,7.0
10/21/2014,BUY,BDX,94,123.31,7.0
10/27/2014,SELL,GPRO,225,64.91,7.0
10/27/2014,BUY,EPAM,249,46.91,7.0
10/30/2014,BUY,BMY,198,58.98,7.0
11/06/2014,SELL,AKRX,283,37.88,7.0
11/12/2014,BUY,FLT,79,147.4,7.0
11/12/2014,SELL,AVA,343,34.37,7.0
11/12/2014,BUY,MSG,156,74.74,7.0
11/21/2014,SELL,CLX,120,99.71,7.0
11/21/2014,BUY,ENV,225,51.77,7.0
12/02/2014,SELL,MSG,156,72.35,7.0
12/02/2014,BUY,SWIR,301,38.825,7.0
12/08/2014,SELL,ENV,225,49.27,7.0
12/08/2014,BUY,BDX,49,139.78,7.0
12/08/2014,BUY,ENB,238,48.99,7.0
12/11/2014,SELL,FLT,79,142.98,7.0
12/12/2014,SELL,ENB,238,46.95,7.0
12/16/2014,SELL,EPAM,249,46.24,7.0
12/16/2014,SELL,BMY,198,57.69,7.0
12/18/2014,BUY,FGEN,416,28.05,7.0
12/18/2014,BUY,KRFT,184,63.38,7.0
12/22/2014,SELL,FGEN,416,26.32,7.0
12/24/2014,BUY,VA,285,41.0,7.0
01/07/2015,SELL,VA,285,39.75,7.0
01/16/2015,SELL,SWIR,301,40.07,7.0
01/16/2015,BUY,AYI,77,150.64,7.0
01/22/2015,BUY,HELE,150,77.53,7.0
01/22/2015,BUY,AGU,109,107.2,7.0
01/23/2015,BUY,SBUX,132,88.22,7.0
01/30/2015,SELL,HELE,150,75.22,7.0
02/05/2015,BUY,BLL,162,72.03,7.0
02/11/2015,SELL,KRFT,184,65.07,7.0
02/11/2015,BUY,VAR,126,92.32,7.0
02/13/2015,BUY,BDX,32,143.71,7.0
03/04/2015,SELL,BLL,162,71.3,7.0
03/04/2015,BUY,EIGI,603,19.39,7.0
03/06/2015,SELL,AGU,109,110.42,7.0
03/06/2015,BUY,EPAM,196,59.45,7.0
03/06/2015,SELL,BDX,175,144.88,7.0
03/06/2015,BUY,LCI,185,63.2,7.0
03/10/2015,SELL,VAR,126,92.53,7.0
03/10/2015,BUY,CBPO,143,81.58,7.0
03/11/2015,SELL,EIGI,603,18.11,7.0
03/11/2015,BUY,OLN,395,29.54,7.0
03/19/2015,SELL,OLN,395,28.05,7.0
03/19/2015,BUY,KLIC,726,16.095,7.0
03/25/2015,SELL,KLIC,726,15.6,7.0
03/25/2015,BUY,AMBA,168,69.56,7.0
03/30/2015,BUY,SBUX,72,95.98,7.0
04/08/2015,BUY,AYI,41,168.96,7.0
04/20/2015,BUY,LCI,104,66.75,7.0
04/27/2015,SELL,LCI,289,61.9,7.0
04/27/2015,BUY,SIG,85,136.62,7.0
04/30/2015,SELL,AYI,118,166.95,7.0
04/30/2015,BUY,AVG,488,23.92,7.0
05/01/2015,BUY,EPAM,104,66.79,7.0
05/01/2015,BUY,CBPO,71,98.2,7.0
05/08/2015,BUY,SBUX,93,49.78,7.0
05/13/2015,SELL,SIG,85,135.23,7.0
05/13/2015,BUY,XPO,242,48.14,7.0
06/05/2015,SELL,XPO,242,48.63,7.0
06/05/2015,BUY,TTPH,273,42.73,7.0
06/15/2015,BUY,EPAM,65,70.98,7.0
06/15/2015,BUY,CBPO,42,109.91,7.0
06/29/2015,SELL,TTPH,273,43.17,7.0
06/29/2015,SELL,EPAM,365,69.58,7.0
06/29/2015,BUY,BRLI,292,40.02,7.0
07/01/2015,BUY,AVG,254,27.43,7.0
