Fri Jan 04 08:00:00 GMT+00:00 2013 BUY  - IEP - 164 @50.74 Total=8321.36
Mon Jan 07 08:00:00 GMT+00:00 2013 BUY  - NSM - 214 @38.83 Total=8309.62
Mon Jan 07 08:00:00 GMT+00:00 2013 BUY  - RNF - 195 @42.57 Total=8301.15
Fri Jan 11 08:00:00 GMT+00:00 2013 BUY  - HTHT - 465 @17.92 Total=8332.8
Thu Jan 17 08:00:00 GMT+00:00 2013 BUY  - CLW - 188 @44.24 Total=8317.12
Fri Jan 18 08:00:00 GMT+00:00 2013 SELL  - NSM - 214 @35.81 Total=7663.34
Wed Feb 06 08:00:00 GMT+00:00 2013 BUY  - RNF - 104 @47.8 Total=4971.2
Mon Feb 11 08:00:00 GMT+00:00 2013 SELL  - RNF - 299 @43.65 Total=13051.35
Wed Feb 20 08:00:00 GMT+00:00 2013 SELL  - HTHT - 465 @17.84 Total=8295.6
Mon Mar 04 08:00:00 GMT+00:00 2013 BUY  - IX - 137 @60.71 Total=8317.27
Thu Mar 07 08:00:00 GMT+00:00 2013 BUY  - IEP - 81 @61.03 Total=4943.43
Wed Mar 13 08:00:00 GMT+00:00 2013 SELL  - IEP - 245 @60.58 Total=14842.1
Thu Mar 28 08:00:00 GMT+00:00 2013 BUY  - SIG - 124 @67.0 Total=8308.0
Fri Apr 05 08:00:00 GMT+00:00 2013 BUY  - TSLA - 201 @41.37 Total=8315.37
Wed Apr 10 08:00:00 GMT+00:00 2013 BUY  - CLW - 97 @51.09 Total=4955.73
Mon Apr 15 08:00:00 GMT+00:00 2013 SELL  - CLW - 285 @47.72 Total=13600.2
Fri May 03 08:00:00 GMT+00:00 2013 BUY  - IX - 66 @75.71 Total=4996.86
Tue May 14 08:00:00 GMT+00:00 2013 BUY  - QIHU - 215 @38.77 Total=8335.55
Wed May 15 08:00:00 GMT+00:00 2013 BUY  - SMTC - 232 @35.92 Total=8333.44
Wed May 22 08:00:00 GMT+00:00 2013 BUY  - INXN - 310 @26.84 Total=8320.4
Fri May 24 08:00:00 GMT+00:00 2013 SELL  - IX - 203 @69.32 Total=14071.96
Fri May 24 08:00:00 GMT+00:00 2013 BUY  - PCP - 39 @210.73 Total=8218.47
Wed Jun 05 08:00:00 GMT+00:00 2013 SELL  - SIG - 124 @66.71 Total=8272.04
Tue Jun 18 08:00:00 GMT+00:00 2013 BUY  - PRLB - 133 @62.53 Total=8316.49
Thu Jun 20 08:00:00 GMT+00:00 2013 SELL  - INXN - 310 @25.05 Total=7765.5
Thu Jun 20 08:00:00 GMT+00:00 2013 SELL  - PCP - 39 @213.48 Total=8325.72
Thu Jun 20 08:00:00 GMT+00:00 2013 BUY  - CTB - 269 @30.97 Total=8330.93
Fri Jun 21 08:00:00 GMT+00:00 2013 SELL  - PRLB - 133 @60.0 Total=7980.0
Mon Jun 24 08:00:00 GMT+00:00 2013 SELL  - SMTC - 232 @34.51 Total=8006.32
Tue Jul 02 08:00:00 GMT+00:00 2013 BUY  - AYI - 102 @81.39 Total=8301.78
Wed Jul 17 08:00:00 GMT+00:00 2013 BUY  - TSLA - 41 @120.25 Total=4930.25
Wed Jul 31 08:00:00 GMT+00:00 2013 BUY  - JCI - 207 @40.21 Total=8323.47
Wed Aug 07 08:00:00 GMT+00:00 2013 BUY  - GNC - 158 @52.51 Total=8296.58
Mon Aug 19 08:00:00 GMT+00:00 2013 SELL  - CTB - 269 @32.25 Total=8675.25
Tue Aug 20 08:00:00 GMT+00:00 2013 BUY  - CSC - 160 @52.1 Total=8336.0
Wed Aug 21 08:00:00 GMT+00:00 2013 SELL  - GNC - 158 @50.77 Total=8021.66
Wed Aug 28 08:00:00 GMT+00:00 2013 SELL  - CSC - 160 @50.01 Total=8001.6
Thu Aug 29 08:00:00 GMT+00:00 2013 BUY  - ATVI - 498 @16.75 Total=8341.5
Wed Sep 04 08:00:00 GMT+00:00 2013 BUY  - AYI - 57 @86.61 Total=4936.77
Wed Sep 04 08:00:00 GMT+00:00 2013 BUY  - SALE - 236 @35.3 Total=8330.8
Tue Sep 10 08:00:00 GMT+00:00 2013 BUY  - TSLA - 20 @166.37 Total=3327.4
Wed Sep 11 08:00:00 GMT+00:00 2013 SELL  - SALE - 236 @32.61 Total=7695.96
Wed Sep 11 08:00:00 GMT+00:00 2013 BUY  - AKRX - 449 @18.58 Total=8342.42
Wed Sep 18 08:00:00 GMT+00:00 2013 BUY  - QIHU - 58 @85.94 Total=4984.52
Thu Sep 26 08:00:00 GMT+00:00 2013 BUY  - AYI - 36 @92.15 Total=3317.4
Fri Sep 27 08:00:00 GMT+00:00 2013 SELL  - ATVI - 498 @16.82 Total=8376.36
Fri Sep 27 08:00:00 GMT+00:00 2013 BUY  - AVG - 333 @25.03 Total=8334.99
Thu Oct 03 08:00:00 GMT+00:00 2013 SELL  - AVG - 333 @23.25 Total=7742.25
Thu Oct 03 08:00:00 GMT+00:00 2013 BUY  - KS - 188 @44.34 Total=8335.92
Mon Oct 07 08:00:00 GMT+00:00 2013 SELL  - JCI - 207 @40.74 Total=8433.18
Mon Oct 07 08:00:00 GMT+00:00 2013 BUY  - FUL - 189 @44.04 Total=8323.56
Wed Oct 23 08:00:00 GMT+00:00 2013 SELL  - TSLA - 262 @164.5 Total=43099.0
Wed Oct 23 08:00:00 GMT+00:00 2013 BUY  - FIVE - 206 @48.43 Total=9976.58
Thu Oct 24 08:00:00 GMT+00:00 2013 BUY  - QIHU - 44 @89.0 Total=3916.0
Mon Oct 28 08:00:00 GMT+00:00 2013 SELL  - QIHU - 317 @81.9 Total=25962.3
Mon Oct 28 08:00:00 GMT+00:00 2013 BUY  - TMH - 249 @43.66 Total=10871.34
Mon Nov 04 08:00:00 GMT+00:00 2013 BUY  - AKRX - 312 @20.82 Total=6495.84
Tue Nov 12 08:00:00 GMT+00:00 2013 BUY  - FUL - 133 @48.75 Total=6483.75
Tue Dec 03 08:00:00 GMT+00:00 2013 BUY  - KS - 122 @53.01 Total=6467.22
Wed Dec 04 08:00:00 GMT+00:00 2013 BUY  - FUL - 86 @50.16 Total=4313.76
Wed Dec 04 08:00:00 GMT+00:00 2013 SELL  - FIVE - 206 @49.71 Total=10240.26
Wed Dec 04 08:00:00 GMT+00:00 2013 BUY  - GNRC - 206 @52.8 Total=10876.8
Fri Dec 13 08:00:00 GMT+00:00 2013 BUY  - AKRX - 176 @24.58 Total=4326.08
Thu Dec 19 08:00:00 GMT+00:00 2013 SELL  - TMH - 249 @44.47 Total=11073.03
Thu Dec 19 08:00:00 GMT+00:00 2013 BUY  - NXPI - 252 @43.1 Total=10861.2
Thu Dec 19 08:00:00 GMT+00:00 2013 SELL  - FUL - 408 @49.48 Total=20187.84
Thu Dec 19 08:00:00 GMT+00:00 2013 BUY  - ACHC - 233 @46.64 Total=10867.12
Mon Jan 06 08:00:00 GMT+00:00 2014 SELL  - NXPI - 252 @43.12 Total=10866.24
Mon Jan 06 08:00:00 GMT+00:00 2014 BUY  - LOCK - 666 @16.35 Total=10889.1
Wed Jan 08 08:00:00 GMT+00:00 2014 SELL  - AKRX - 937 @22.89 Total=21447.93
Wed Jan 08 08:00:00 GMT+00:00 2014 BUY  - AZPN - 258 @42.17 Total=10879.86
Thu Jan 09 08:00:00 GMT+00:00 2014 BUY  - KS - 156 @27.65 Total=4313.4
Mon Jan 13 08:00:00 GMT+00:00 2014 SELL  - GNRC - 206 @54.18 Total=11161.08
Mon Jan 13 08:00:00 GMT+00:00 2014 BUY  - ENV - 254 @42.75 Total=10858.5
Fri Jan 24 08:00:00 GMT+00:00 2014 SELL  - AZPN - 258 @41.42 Total=10686.36
Fri Jan 24 08:00:00 GMT+00:00 2014 BUY  - NVDQ - 578 @18.84 Total=10889.52
Wed Jan 29 08:00:00 GMT+00:00 2014 SELL  - ENV - 254 @42.52 Total=10800.08
Wed Feb 05 08:00:00 GMT+00:00 2014 SELL  - ACHC - 233 @48.12 Total=11211.96
Fri Feb 07 08:00:00 GMT+00:00 2014 SELL  - NVDQ - 578 @18.15 Total=10490.7
Fri Feb 07 08:00:00 GMT+00:00 2014 BUY  - PFPT - 274 @39.62 Total=10855.88
Fri Feb 07 08:00:00 GMT+00:00 2014 BUY  - LVNTA - 86 @126.16 Total=10849.76
Fri Feb 07 08:00:00 GMT+00:00 2014 BUY  - GMT - 188 @57.83 Total=10872.04
Thu Mar 13 08:00:00 GMT+00:00 2014 BUY  - LOCK - 323 @20.1 Total=6492.3
Tue Mar 18 08:00:00 GMT+00:00 2014 BUY  - LVNTA - 45 @142.31 Total=6403.95
Fri Mar 21 08:00:00 GMT+00:00 2014 SELL  - PFPT - 274 @39.15 Total=10727.1
Fri Mar 21 08:00:00 GMT+00:00 2014 SELL  - LOCK - 989 @19.56 Total=19344.84
Fri Mar 21 08:00:00 GMT+00:00 2014 BUY  - GMT - 105 @66.0 Total=6930.0
Fri Mar 21 08:00:00 GMT+00:00 2014 BUY  - NUVA - 299 @39.0 Total=11661.0
Mon Mar 24 08:00:00 GMT+00:00 2014 BUY  - MFRM - 247 @47.23 Total=11665.81
Wed Mar 26 08:00:00 GMT+00:00 2014 SELL  - LVNTA - 131 @130.34 Total=17074.54
Wed Mar 26 08:00:00 GMT+00:00 2014 SELL  - NUVA - 299 @37.23 Total=11131.77
Wed Mar 26 08:00:00 GMT+00:00 2014 SELL  - KS - 776 @28.71 Total=22278.96
Wed Mar 26 08:00:00 GMT+00:00 2014 BUY  - SN - 411 @28.41 Total=11676.51
Thu Mar 27 08:00:00 GMT+00:00 2014 SELL  - AYI - 195 @128.15 Total=24989.25
Fri Mar 28 08:00:00 GMT+00:00 2014 BUY  - STRZA - 389 @32.07 Total=12475.23
Tue Apr 01 08:00:00 GMT+00:00 2014 BUY  - HEI - 202 @61.78 Total=12479.56
Tue Apr 01 08:00:00 GMT+00:00 2014 BUY  - HUBB - 104 @120.06 Total=12486.24
Mon Apr 07 08:00:00 GMT+00:00 2014 SELL  - HEI - 202 @58.23 Total=11762.46
Mon Apr 07 08:00:00 GMT+00:00 2014 SELL  - HUBB - 104 @115.85 Total=12048.4
Mon Apr 07 08:00:00 GMT+00:00 2014 SELL  - SN - 411 @28.31 Total=11635.41
Tue Apr 08 08:00:00 GMT+00:00 2014 BUY  - RARE - 221 @52.8 Total=11668.8
Wed Apr 09 08:00:00 GMT+00:00 2014 SELL  - MFRM - 247 @46.72 Total=11539.84
Wed Apr 09 08:00:00 GMT+00:00 2014 BUY  - TWC - 84 @138.34 Total=11620.56
Thu Apr 10 08:00:00 GMT+00:00 2014 SELL  - STRZA - 389 @31.46 Total=12237.94
Thu Apr 10 08:00:00 GMT+00:00 2014 SELL  - TWC - 84 @134.83 Total=11325.72
Tue Apr 15 08:00:00 GMT+00:00 2014 SELL  - RARE - 221 @49.89 Total=11025.69
Tue Apr 15 08:00:00 GMT+00:00 2014 BUY  - BCPC - 187 @62.28 Total=11646.36
Thu Apr 17 08:00:00 GMT+00:00 2014 BUY  - WSO - 112 @104.18 Total=11668.16
Mon Apr 21 08:00:00 GMT+00:00 2014 BUY  - AZN - 169 @69.1 Total=11677.9
Tue Apr 22 08:00:00 GMT+00:00 2014 SELL  - AZN - 169 @66.86 Total=11299.34
Mon Apr 28 08:00:00 GMT+00:00 2014 SELL  - GMT - 293 @64.87 Total=19006.91
Wed Apr 30 08:00:00 GMT+00:00 2014 BUY  - ZBH - 120 @96.8 Total=11616.0
Thu May 01 08:00:00 GMT+00:00 2014 BUY  - KEX - 108 @107.84 Total=11646.72
Tue May 06 08:00:00 GMT+00:00 2014 SELL  - BCPC - 187 @58.0 Total=10846.0
Wed May 14 08:00:00 GMT+00:00 2014 SELL  - WSO - 112 @100.69 Total=11277.28
Wed May 28 08:00:00 GMT+00:00 2014 BUY  - CAL - 399 @29.3 Total=11690.7
Mon Jun 02 08:00:00 GMT+00:00 2014 SELL  - CAL - 399 @27.83 Total=11104.17
Mon Jun 09 08:00:00 GMT+00:00 2014 BUY  - MTSI - 531 @21.99 Total=11676.69
Wed Jun 11 08:00:00 GMT+00:00 2014 BUY  - LNG - 175 @66.58 Total=11651.5
Wed Jun 11 08:00:00 GMT+00:00 2014 BUY  - FCNCA - 46 @251.91 Total=11587.86
Tue Jun 17 08:00:00 GMT+00:00 2014 BUY  - JWA - 194 @60.1 Total=11659.4
Wed Jun 25 08:00:00 GMT+00:00 2014 BUY  - ZBH - 66 @105.37 Total=6954.42
Mon Jun 30 08:00:00 GMT+00:00 2014 SELL  - FCNCA - 46 @245.0 Total=11270.0
Mon Jun 30 08:00:00 GMT+00:00 2014 BUY  - APD - 90 @128.62 Total=11575.8
Mon Jul 07 08:00:00 GMT+00:00 2014 SELL  - ZBH - 186 @104.48 Total=19433.28
Mon Jul 07 08:00:00 GMT+00:00 2014 BUY  - FNV - 207 @56.39 Total=11672.73
Tue Jul 08 08:00:00 GMT+00:00 2014 SELL  - MTSI - 531 @21.03 Total=11166.93
Tue Jul 08 08:00:00 GMT+00:00 2014 BUY  - GMLP - 328 @35.57 Total=11666.96
Fri Jul 11 08:00:00 GMT+00:00 2014 BUY  - KEX - 59 @116.49 Total=6872.91
Tue Jul 15 08:00:00 GMT+00:00 2014 SELL  - GMLP - 328 @34.4 Total=11283.2
Tue Jul 15 08:00:00 GMT+00:00 2014 BUY  - TGNA - 367 @31.82 Total=11677.94
Thu Jul 17 08:00:00 GMT+00:00 2014 SELL  - JWA - 194 @60.06 Total=11651.64
Thu Jul 17 08:00:00 GMT+00:00 2014 BUY  - TAHO - 437 @26.73 Total=11681.01
Tue Jul 29 08:00:00 GMT+00:00 2014 BUY  - LNG - 93 @74.46 Total=6924.78
Wed Jul 30 08:00:00 GMT+00:00 2014 SELL  - KEX - 167 @117.74 Total=19662.58
Wed Jul 30 08:00:00 GMT+00:00 2014 BUY  - JMEI - 396 @29.49 Total=11678.04
Thu Aug 07 08:00:00 GMT+00:00 2014 SELL  - APD - 90 @131.16 Total=11804.4
Thu Aug 07 08:00:00 GMT+00:00 2014 BUY  - LEAF - 394 @29.65 Total=11682.1
Thu Aug 14 08:00:00 GMT+00:00 2014 SELL  - TAHO - 437 @26.06 Total=11388.22
Thu Aug 21 08:00:00 GMT+00:00 2014 SELL  - FNV - 207 @55.43 Total=11474.01
Mon Aug 25 08:00:00 GMT+00:00 2014 BUY  - JMEI - 212 @32.86 Total=6966.32
Mon Aug 25 08:00:00 GMT+00:00 2014 BUY  - KMI - 288 @40.53 Total=11672.64
Thu Aug 28 08:00:00 GMT+00:00 2014 BUY  - SIG - 100 @116.37 Total=11637.0
Fri Aug 29 08:00:00 GMT+00:00 2014 SELL  - JMEI - 608 @30.57 Total=18586.56
Fri Aug 29 08:00:00 GMT+00:00 2014 BUY  - GPRO - 225 @51.8 Total=11655.0
Tue Sep 02 08:00:00 GMT+00:00 2014 BUY  - TGNA - 204 @34.1 Total=6956.4
Thu Sep 04 08:00:00 GMT+00:00 2014 SELL  - KMI - 288 @39.05 Total=11246.4
Thu Sep 04 08:00:00 GMT+00:00 2014 BUY  - MEI - 294 @39.72 Total=11677.68
Tue Sep 09 08:00:00 GMT+00:00 2014 SELL  - TGNA - 571 @32.38 Total=18488.98
Wed Sep 10 08:00:00 GMT+00:00 2014 BUY  - HQY - 540 @21.62 Total=11674.8
Tue Sep 16 08:00:00 GMT+00:00 2014 SELL  - HQY - 540 @20.1 Total=10854.0
Wed Sep 17 08:00:00 GMT+00:00 2014 BUY  - LEAF - 207 @33.66 Total=6967.62
Mon Sep 22 08:00:00 GMT+00:00 2014 BUY  - CLX - 120 @97.23 Total=11667.6
Mon Sep 22 08:00:00 GMT+00:00 2014 SELL  - SIG - 100 @114.26 Total=11426.0
Mon Sep 22 08:00:00 GMT+00:00 2014 BUY  - ALR - 292 @39.97 Total=11671.24
Wed Sep 24 08:00:00 GMT+00:00 2014 BUY  - LNG - 56 @81.73 Total=4576.88
Thu Sep 25 08:00:00 GMT+00:00 2014 SELL  - MEI - 294 @38.04 Total=11183.76
Tue Sep 30 08:00:00 GMT+00:00 2014 SELL  - ALR - 292 @38.78 Total=11323.76
Thu Oct 02 08:00:00 GMT+00:00 2014 SELL  - LNG - 324 @76.02 Total=24630.48
Fri Oct 03 08:00:00 GMT+00:00 2014 BUY  - MYCC - 599 @19.49 Total=11674.51
Fri Oct 03 08:00:00 GMT+00:00 2014 SELL  - LEAF - 601 @32.45 Total=19502.45
Fri Oct 03 08:00:00 GMT+00:00 2014 BUY  - GPN - 153 @76.32 Total=11676.96
Tue Oct 07 08:00:00 GMT+00:00 2014 SELL  - MYCC - 599 @18.73 Total=11219.27
Thu Oct 09 08:00:00 GMT+00:00 2014 SELL  - GPN - 153 @73.97 Total=11317.41
Mon Oct 13 08:00:00 GMT+00:00 2014 BUY  - CMN - 300 @38.86 Total=11658.0
Tue Oct 14 08:00:00 GMT+00:00 2014 BUY  - AVA - 343 @34.03 Total=11672.29
Thu Oct 16 08:00:00 GMT+00:00 2014 SELL  - CMN - 300 @37.28 Total=11184.0
Tue Oct 21 08:00:00 GMT+00:00 2014 BUY  - AKRX - 283 @41.29 Total=11685.07
Tue Oct 21 08:00:00 GMT+00:00 2014 BUY  - BDX - 94 @123.31 Total=11591.14
Mon Oct 27 08:00:00 GMT+00:00 2014 SELL  - GPRO - 225 @64.91 Total=14604.75
Mon Oct 27 08:00:00 GMT+00:00 2014 BUY  - EPAM - 249 @46.91 Total=11680.59
Thu Oct 30 08:00:00 GMT+00:00 2014 BUY  - BMY - 198 @58.98 Total=11678.04
Thu Nov 06 08:00:00 GMT+00:00 2014 SELL  - AKRX - 283 @37.88 Total=10720.04
Wed Nov 12 08:00:00 GMT+00:00 2014 BUY  - FLT - 79 @147.4 Total=11644.6
Wed Nov 12 08:00:00 GMT+00:00 2014 SELL  - AVA - 343 @34.37 Total=11788.91
Wed Nov 12 08:00:00 GMT+00:00 2014 BUY  - MSG - 156 @74.74 Total=11659.44
Fri Nov 21 08:00:00 GMT+00:00 2014 SELL  - CLX - 120 @99.71 Total=11965.2
Fri Nov 21 08:00:00 GMT+00:00 2014 BUY  - ENV - 225 @51.77 Total=11648.25
Tue Dec 02 08:00:00 GMT+00:00 2014 SELL  - MSG - 156 @72.35 Total=11286.6
Tue Dec 02 08:00:00 GMT+00:00 2014 BUY  - SWIR - 301 @38.825 Total=11686.325
Mon Dec 08 08:00:00 GMT+00:00 2014 SELL  - ENV - 225 @49.27 Total=11085.75
Mon Dec 08 08:00:00 GMT+00:00 2014 BUY  - BDX - 49 @139.78 Total=6849.22
Mon Dec 08 08:00:00 GMT+00:00 2014 BUY  - ENB - 238 @48.99 Total=11659.62
Thu Dec 11 08:00:00 GMT+00:00 2014 SELL  - FLT - 79 @142.98 Total=11295.42
Fri Dec 12 08:00:00 GMT+00:00 2014 SELL  - ENB - 238 @46.95 Total=11174.1
Tue Dec 16 08:00:00 GMT+00:00 2014 SELL  - EPAM - 249 @46.24 Total=11513.76
Tue Dec 16 08:00:00 GMT+00:00 2014 SELL  - BMY - 198 @57.69 Total=11422.62
Thu Dec 18 08:00:00 GMT+00:00 2014 BUY  - FGEN - 416 @28.05 Total=11668.8
Thu Dec 18 08:00:00 GMT+00:00 2014 BUY  - KRFT - 184 @63.38 Total=11661.92
Mon Dec 22 08:00:00 GMT+00:00 2014 SELL  - FGEN - 416 @26.32 Total=10949.12
Wed Dec 24 08:00:00 GMT+00:00 2014 BUY  - VA - 285 @41.0 Total=11685.0
Wed Jan 07 08:00:00 GMT+00:00 2015 SELL  - VA - 285 @39.75 Total=11328.75
Fri Jan 16 08:00:00 GMT+00:00 2015 SELL  - SWIR - 301 @40.07 Total=12061.07
Fri Jan 16 08:00:00 GMT+00:00 2015 BUY  - AYI - 77 @150.64 Total=11599.28
Thu Jan 22 08:00:00 GMT+00:00 2015 BUY  - HELE - 150 @77.53 Total=11629.5
Thu Jan 22 08:00:00 GMT+00:00 2015 BUY  - AGU - 109 @107.2 Total=11684.8
Fri Jan 23 08:00:00 GMT+00:00 2015 BUY  - SBUX - 132 @88.22 Total=11645.04
Fri Jan 30 08:00:00 GMT+00:00 2015 SELL  - HELE - 150 @75.22 Total=11283.0
Thu Feb 05 08:00:00 GMT+00:00 2015 BUY  - BLL - 162 @72.03 Total=11668.86
Wed Feb 11 08:00:00 GMT+00:00 2015 SELL  - KRFT - 184 @65.07 Total=11972.88
Wed Feb 11 08:00:00 GMT+00:00 2015 BUY  - VAR - 126 @92.32 Total=11632.32
Fri Feb 13 08:00:00 GMT+00:00 2015 BUY  - BDX - 32 @143.71 Total=4598.72
Wed Mar 04 08:00:00 GMT+00:00 2015 SELL  - BLL - 162 @71.3 Total=11550.6
Wed Mar 04 08:00:00 GMT+00:00 2015 BUY  - EIGI - 603 @19.39 Total=11692.17
Fri Mar 06 08:00:00 GMT+00:00 2015 SELL  - AGU - 109 @110.42 Total=12035.78
Fri Mar 06 08:00:00 GMT+00:00 2015 BUY  - EPAM - 196 @59.45 Total=11652.2
Fri Mar 06 08:00:00 GMT+00:00 2015 SELL  - BDX - 175 @144.88 Total=25354.0
Fri Mar 06 08:00:00 GMT+00:00 2015 BUY  - LCI - 185 @63.2 Total=11692.0
Tue Mar 10 08:00:00 GMT+00:00 2015 SELL  - VAR - 126 @92.53 Total=11658.78
Tue Mar 10 08:00:00 GMT+00:00 2015 BUY  - CBPO - 143 @81.58 Total=11665.94
Wed Mar 11 08:00:00 GMT+00:00 2015 SELL  - EIGI - 603 @18.11 Total=10920.33
Wed Mar 11 08:00:00 GMT+00:00 2015 BUY  - OLN - 395 @29.54 Total=11668.3
Thu Mar 19 08:00:00 GMT+00:00 2015 SELL  - OLN - 395 @28.05 Total=11079.75
Thu Mar 19 08:00:00 GMT+00:00 2015 BUY  - KLIC - 726 @16.095 Total=11684.97
Wed Mar 25 08:00:00 GMT+00:00 2015 SELL  - KLIC - 726 @15.6 Total=11325.6
Wed Mar 25 08:00:00 GMT+00:00 2015 BUY  - AMBA - 168 @69.56 Total=11686.08
Mon Mar 30 08:00:00 GMT+00:00 2015 BUY  - SBUX - 72 @95.98 Total=6910.56
Wed Apr 08 08:00:00 GMT+00:00 2015 BUY  - AYI - 41 @168.96 Total=6927.36
Mon Apr 20 08:00:00 GMT+00:00 2015 BUY  - LCI - 104 @66.75 Total=6942.0
Mon Apr 27 08:00:00 GMT+00:00 2015 SELL  - LCI - 289 @61.9 Total=17889.1
Mon Apr 27 08:00:00 GMT+00:00 2015 BUY  - SIG - 85 @136.62 Total=11612.7
Thu Apr 30 08:00:00 GMT+00:00 2015 SELL  - AYI - 118 @166.95 Total=19700.1
Thu Apr 30 08:00:00 GMT+00:00 2015 BUY  - AVG - 488 @23.92 Total=11672.96
Fri May 01 08:00:00 GMT+00:00 2015 BUY  - EPAM - 104 @66.79 Total=6946.16
Fri May 01 08:00:00 GMT+00:00 2015 BUY  - CBPO - 71 @98.2 Total=6972.2
Fri May 08 08:00:00 GMT+00:00 2015 BUY  - SBUX - 93 @49.78 Total=4629.54
Wed May 13 08:00:00 GMT+00:00 2015 SELL  - SIG - 85 @135.23 Total=11494.55
Wed May 13 08:00:00 GMT+00:00 2015 BUY  - XPO - 242 @48.14 Total=11649.88
Fri Jun 05 08:00:00 GMT+00:00 2015 SELL  - XPO - 242 @48.63 Total=11768.46
Fri Jun 05 08:00:00 GMT+00:00 2015 BUY  - TTPH - 273 @42.73 Total=11665.29
Mon Jun 15 08:00:00 GMT+00:00 2015 BUY  - EPAM - 65 @70.98 Total=4613.7
Mon Jun 15 08:00:00 GMT+00:00 2015 BUY  - CBPO - 42 @109.91 Total=4616.22
Mon Jun 29 08:00:00 GMT+00:00 2015 SELL  - TTPH - 273 @43.17 Total=11785.41
Mon Jun 29 08:00:00 GMT+00:00 2015 SELL  - EPAM - 365 @69.58 Total=25396.7
Mon Jun 29 08:00:00 GMT+00:00 2015 BUY  - BRLI - 292 @40.02 Total=11685.84
Wed Jul 01 08:00:00 GMT+00:00 2015 BUY  - AVG - 254 @27.43 Total=6967.22
