Start Date: Tue Jan 01 08:00:00 GMT+00:00 2013
End Date: Sun Jul 05 04:32:37 GMT+00:00 2015
Initial Cash: 100000.0
Num Positions: 6
-----------------
Fri Jan 04 08:00:00 GMT+00:00 2013 BUY: 164 shares of IEP cost-basis=50.7 for $8321.36 CASH-BAL=91671.64
Mon Jan 07 08:00:00 GMT+00:00 2013 BUY: 214 shares of NSM cost-basis=38.8 for $8309.62 CASH-BAL=83355.02
Mon Jan 07 08:00:00 GMT+00:00 2013 BUY: 195 shares of RNF cost-basis=42.6 for $8301.15 CASH-BAL=75046.87
Fri Jan 11 08:00:00 GMT+00:00 2013 BUY: 465 shares of HTHT cost-basis=17.9 for $8332.8 CASH-BAL=66707.07
Thu Jan 17 08:00:00 GMT+00:00 2013 BUY: 188 shares of CLW cost-basis=44.2 for $8317.12 CASH-BAL=58382.95
Fri Jan 18 08:00:00 GMT+00:00 2013 StopLoss-HardStop SELL: (-7.86%)214 shares of NSM for -7.86
Fri Jan 18 08:00:00 GMT+00:00 2013 SELL NSM x214 for $7663.34 -7.86%
Wed Feb 06 08:00:00 GMT+00:00 2013 BUY: 104 shares of RNF cost-basis=44.4 for $4971.2 CASH-BAL=61061.09
Mon Feb 11 08:00:00 GMT+00:00 2013 StopLoss-ScaledSoftStop SELL: ($44.844)299 @$43.65 shares of RNF for -1.77
Mon Feb 11 08:00:00 GMT+00:00 2013 SELL RNF x299 for $13051.35 -1.77%
Wed Feb 20 08:00:00 GMT+00:00 2013 Market-Uptrend-Sell 20EMA: (-4.56%)465 shares of HTHT for -0.53
Wed Feb 20 08:00:00 GMT+00:00 2013 SELL HTHT x465 for $8295.6 -0.53%
Mon Mar 04 08:00:00 GMT+00:00 2013 BUY: 137 shares of IX cost-basis=60.7 for $8317.27 CASH-BAL=74069.77
Thu Mar 07 08:00:00 GMT+00:00 2013 BUY: 81 shares of IEP cost-basis=54.1 for $4943.43 CASH-BAL=69119.34
Wed Mar 13 08:00:00 GMT+00:00 2013Market-Uptrend-Sell 50EDMA: (-2.62%)245 shares of IEP for 11.8
Wed Mar 13 08:00:00 GMT+00:00 2013 SELL IEP x245 for $14842.1 11.8%
Thu Mar 28 08:00:00 GMT+00:00 2013 BUY: 124 shares of SIG cost-basis=67.0 for $8308.0 CASH-BAL=75639.44
Fri Apr 05 08:00:00 GMT+00:00 2013 BUY: 201 shares of TSLA cost-basis=41.4 for $8315.37 CASH-BAL=67317.07
Wed Apr 10 08:00:00 GMT+00:00 2013 BUY: 97 shares of CLW cost-basis=46.6 for $4955.73 CASH-BAL=62354.34
Mon Apr 15 08:00:00 GMT+00:00 2013Market-Uptrend-Sell 50EDMA: (-2.6%)285 shares of CLW for 2.36
Mon Apr 15 08:00:00 GMT+00:00 2013 SELL CLW x285 for $13600.2 2.36%
Fri May 03 08:00:00 GMT+00:00 2013 BUY: 66 shares of IX cost-basis=65.6 for $4996.86 CASH-BAL=70943.68
Tue May 14 08:00:00 GMT+00:00 2013 BUY: 215 shares of QIHU cost-basis=38.8 for $8335.55 CASH-BAL=62601.13
Wed May 15 08:00:00 GMT+00:00 2013 BUY: 232 shares of SMTC cost-basis=35.9 for $8333.44 CASH-BAL=54260.69
Wed May 22 08:00:00 GMT+00:00 2013 BUY: 310 shares of INXN cost-basis=26.8 for $8320.4 CASH-BAL=45933.29
Thu May 23 08:00:00 GMT+00:00 2013 Adding unprocessed symbols to watchlist: [PCP]
Fri May 24 08:00:00 GMT+00:00 2013Market-Uptrend-Sell 50EDMA: (-2.68%)203 shares of IX for 5.59
Fri May 24 08:00:00 GMT+00:00 2013 SELL IX x203 for $14071.96 5.59%
Fri May 24 08:00:00 GMT+00:00 2013 BUY: 39 shares of PCP cost-basis=211 for $8218.47 CASH-BAL=51772.78
Wed Jun 05 08:00:00 GMT+00:00 2013 Market-CautiousUp-Sell 50EMA: (-2.3%)124 shares of SIG for -0.517
Wed Jun 05 08:00:00 GMT+00:00 2013 SELL SIG x124 for $8272.04 -0.517%
Tue Jun 18 08:00:00 GMT+00:00 2013 BUY: 133 shares of PRLB cost-basis=62.5 for $8316.49 CASH-BAL=51714.33
Thu Jun 20 08:00:00 GMT+00:00 2013 StopLoss-SoftStop SELL: (-6.75%)310 shares of INXN for -6.75
Thu Jun 20 08:00:00 GMT+00:00 2013 SELL INXN x310 for $7765.5 -6.75%
Thu Jun 20 08:00:00 GMT+00:00 2013 Selling due to underperformance: PCP 1.22% in 27
Thu Jun 20 08:00:00 GMT+00:00 2013 SELL PCP x39 for $8325.72 1.22%
Thu Jun 20 08:00:00 GMT+00:00 2013 BUY: 269 shares of CTB cost-basis=31.0 for $8330.93 CASH-BAL=59453.62
Fri Jun 21 08:00:00 GMT+00:00 2013Market-Downtrend-Sell -3%: (-4.13%)133 shares of PRLB for -4.13
Fri Jun 21 08:00:00 GMT+00:00 2013 SELL PRLB x133 for $7980.0 -4.13%
Mon Jun 24 08:00:00 GMT+00:00 2013 Market-Downtrend-Sell 20EMA: (-3.31%)232 shares of SMTC for -4.01
Mon Jun 24 08:00:00 GMT+00:00 2013 SELL SMTC x232 for $8006.32 -4.01%
Tue Jul 02 08:00:00 GMT+00:00 2013 BUY: 102 shares of AYI cost-basis=81.4 for $8301.78 CASH-BAL=67117.16
Wed Jul 17 08:00:00 GMT+00:00 2013 BUY: 41 shares of TSLA cost-basis=54.7 for $4930.25 CASH-BAL=62179.91
Wed Jul 31 08:00:00 GMT+00:00 2013 BUY: 207 shares of JCI cost-basis=40.2 for $8323.47 CASH-BAL=53849.44
Wed Aug 07 08:00:00 GMT+00:00 2013 BUY: 158 shares of GNC cost-basis=52.5 for $8296.58 CASH-BAL=45545.86
Wed Aug 07 08:00:00 GMT+00:00 2013 Adding unprocessed symbols to watchlist: [ATVI]
Tue Aug 13 08:00:00 GMT+00:00 2013 Adding unprocessed symbols to watchlist: [ATVI]
Wed Aug 14 08:00:00 GMT+00:00 2013 Adding unprocessed symbols to watchlist: [ATVI]
Thu Aug 15 08:00:00 GMT+00:00 2013 Adding unprocessed symbols to watchlist: [CSC]
Fri Aug 16 08:00:00 GMT+00:00 2013 Adding unprocessed symbols to watchlist: [CSC]
Mon Aug 19 08:00:00 GMT+00:00 2013 Market-CautiousUp-Sell 50EMA: (-2.0%)269 shares of CTB for 4.05
Mon Aug 19 08:00:00 GMT+00:00 2013 SELL CTB x269 for $8675.25 4.05%
Tue Aug 20 08:00:00 GMT+00:00 2013 BUY: 160 shares of CSC cost-basis=52.1 for $8336.0 CASH-BAL=45871.11
Wed Aug 21 08:00:00 GMT+00:00 2013 Market-CautiousUp-Sell -3%: (-3.4%)158 shares of GNC for -3.4
Wed Aug 21 08:00:00 GMT+00:00 2013 SELL GNC x158 for $8021.66 -3.4%
Wed Aug 28 08:00:00 GMT+00:00 2013 Market-CautiousUp-Sell -3%: (-4.1%)160 shares of CSC for -4.1
Wed Aug 28 08:00:00 GMT+00:00 2013 SELL CSC x160 for $8001.6 -4.1%
Thu Aug 29 08:00:00 GMT+00:00 2013 BUY: 498 shares of ATVI cost-basis=16.8 for $8341.5 CASH-BAL=53531.87
Wed Sep 04 08:00:00 GMT+00:00 2013 BUY: 57 shares of AYI cost-basis=83.3 for $4936.77 CASH-BAL=48588.1
Wed Sep 04 08:00:00 GMT+00:00 2013 BUY: 236 shares of SALE cost-basis=35.3 for $8330.8 CASH-BAL=40250.3
Tue Sep 10 08:00:00 GMT+00:00 2013 BUY: 20 shares of TSLA cost-basis=63.3 for $3327.4 CASH-BAL=36915.9
Wed Sep 11 08:00:00 GMT+00:00 2013 StopLoss-HardStop SELL: (-7.7%)236 shares of SALE for -7.7
Wed Sep 11 08:00:00 GMT+00:00 2013 SELL SALE x236 for $7695.96 -7.7%
Wed Sep 11 08:00:00 GMT+00:00 2013 BUY: 449 shares of AKRX cost-basis=18.6 for $8342.42 CASH-BAL=36255.44
Mon Sep 16 08:00:00 GMT+00:00 2013 Adding unprocessed symbols to watchlist: [AVG]
Tue Sep 17 08:00:00 GMT+00:00 2013 Adding unprocessed symbols to watchlist: [KS]
Wed Sep 18 08:00:00 GMT+00:00 2013 BUY: 58 shares of QIHU cost-basis=48.8 for $4984.52 CASH-BAL=31263.92
Wed Sep 25 08:00:00 GMT+00:00 2013 Adding unprocessed symbols to watchlist: [FIVE]
Thu Sep 26 08:00:00 GMT+00:00 2013 BUY: 36 shares of AYI cost-basis=84.9 for $3317.4 CASH-BAL=27939.52
Thu Sep 26 08:00:00 GMT+00:00 2013 Adding unprocessed symbols to watchlist: [FIVE, FUL]
Fri Sep 27 08:00:00 GMT+00:00 2013 Selling due to underperformance: ATVI 0.334% in 29
Fri Sep 27 08:00:00 GMT+00:00 2013 SELL ATVI x498 for $8376.36 0.334%
Fri Sep 27 08:00:00 GMT+00:00 2013 BUY: 333 shares of AVG cost-basis=25.0 for $8334.99 CASH-BAL=27966.89
Tue Oct 01 08:00:00 GMT+00:00 2013 Adding unprocessed symbols to watchlist: [FIVE, KS]
Thu Oct 03 08:00:00 GMT+00:00 2013 StopLoss-HardStop SELL: (-7.2%)333 shares of AVG for -7.2
Thu Oct 03 08:00:00 GMT+00:00 2013 SELL AVG x333 for $7742.25 -7.2%
Thu Oct 03 08:00:00 GMT+00:00 2013 BUY: 188 shares of KS cost-basis=44.3 for $8335.92 CASH-BAL=27359.22
Mon Oct 07 08:00:00 GMT+00:00 2013 Selling due to underperformance: JCI 1.23% in 68
Mon Oct 07 08:00:00 GMT+00:00 2013 SELL JCI x207 for $8433.18 1.23%
Mon Oct 07 08:00:00 GMT+00:00 2013 BUY: 189 shares of FUL cost-basis=44.0 for $8323.56 CASH-BAL=27454.84
Fri Oct 11 08:00:00 GMT+00:00 2013 Adding unprocessed symbols to watchlist: [FIVE, TTM]
Mon Oct 14 08:00:00 GMT+00:00 2013 Adding unprocessed symbols to watchlist: [FIVE]
Wed Oct 16 08:00:00 GMT+00:00 2013 Adding unprocessed symbols to watchlist: [FIVE, TMH]
Thu Oct 17 08:00:00 GMT+00:00 2013 Adding unprocessed symbols to watchlist: [FIVE, STNG]
Tue Oct 22 08:00:00 GMT+00:00 2013 Adding unprocessed symbols to watchlist: [FIVE]
Wed Oct 23 08:00:00 GMT+00:00 2013Market-Uptrend-Sell 50EDMA: (-3.5%)262 shares of TSLA for 160.0
Wed Oct 23 08:00:00 GMT+00:00 2013 SELL TSLA x262 for $43099.0 160.0%
Realized-Gain-Loss: + 25906.5% adjusted-to: 20% max-amt-per-position is: 20000.0
Wed Oct 23 08:00:00 GMT+00:00 2013 BUY: 206 shares of FIVE cost-basis=48.4 for $9976.58 CASH-BAL=60563.26
Wed Oct 23 08:00:00 GMT+00:00 2013 Adding unprocessed symbols to watchlist: [NOAH, CP]
Thu Oct 24 08:00:00 GMT+00:00 2013 BUY: 44 shares of QIHU cost-basis=54.4 for $3916.0 CASH-BAL=56640.26
Thu Oct 24 08:00:00 GMT+00:00 2013 Adding unprocessed symbols to watchlist: [TTM]
Fri Oct 25 08:00:00 GMT+00:00 2013 Adding unprocessed symbols to watchlist: [CHH, TTM]
Mon Oct 28 08:00:00 GMT+00:00 2013Market-Uptrend-Sell 50EDMA: (-2.24%)317 shares of QIHU for 50.5
Mon Oct 28 08:00:00 GMT+00:00 2013 SELL QIHU x317 for $25962.3 50.5%
Realized-Gain-Loss: 34624.0 adjusted-to-%: 30% max-amt-per-position is: 21700.0
Mon Oct 28 08:00:00 GMT+00:00 2013 BUY: 249 shares of TMH cost-basis=43.7 for $10871.34 CASH-BAL=71717.22
Tue Oct 29 08:00:00 GMT+00:00 2013 Adding unprocessed symbols to watchlist: [BDBD, NOAH, TTM]
Wed Oct 30 08:00:00 GMT+00:00 2013 Adding unprocessed symbols to watchlist: [ACHC, LOCK, AZPN, ROG, TTM]
Fri Nov 01 08:00:00 GMT+00:00 2013 Adding unprocessed symbols to watchlist: [TTM]
Mon Nov 04 08:00:00 GMT+00:00 2013 BUY: 312 shares of AKRX cost-basis=19.5 for $6495.84 CASH-BAL=65214.38
Mon Nov 04 08:00:00 GMT+00:00 2013 Adding unprocessed symbols to watchlist: [NXPI]
Tue Nov 05 08:00:00 GMT+00:00 2013 Adding unprocessed symbols to watchlist: [ORIG, GNRC, NSC]
Wed Nov 06 08:00:00 GMT+00:00 2013 Adding unprocessed symbols to watchlist: [GNRC, TTM, NSC]
Thu Nov 07 08:00:00 GMT+00:00 2013 Adding unprocessed symbols to watchlist: [ACHC, GMED, LOCK, AZPN, HBI]
Fri Nov 08 08:00:00 GMT+00:00 2013 Adding unprocessed symbols to watchlist: [ACHC, GMED, CLGX, NXPI, LOCK, GNRC, AZPN, ROG, NOAH, TTM, FDML, HBI]
Mon Nov 11 08:00:00 GMT+00:00 2013 Adding unprocessed symbols to watchlist: [GMED, NXPI, LOCK, GNRC, AZPN, HBI, NSC]
Tue Nov 12 08:00:00 GMT+00:00 2013 BUY: 133 shares of FUL cost-basis=46.0 for $6483.75 CASH-BAL=58723.63
Tue Nov 12 08:00:00 GMT+00:00 2013 Adding unprocessed symbols to watchlist: [GMED, AZPN, NSC]
Wed Nov 13 08:00:00 GMT+00:00 2013 Adding unprocessed symbols to watchlist: [GMED, NXPI, GNRC, AZPN, NSC]
Thu Nov 14 08:00:00 GMT+00:00 2013 Adding unprocessed symbols to watchlist: [GMED, NXPI, GNRC, AZPN, TTM]
Fri Nov 15 08:00:00 GMT+00:00 2013 Adding unprocessed symbols to watchlist: [ACHC, NXPI, GNRC, AZPN, NSC]
Mon Nov 18 08:00:00 GMT+00:00 2013 Adding unprocessed symbols to watchlist: [ACHC, AZPN, NSC]
Tue Nov 19 08:00:00 GMT+00:00 2013 Adding unprocessed symbols to watchlist: [ACHC, TTM, HBI]
Wed Nov 20 08:00:00 GMT+00:00 2013 Adding unprocessed symbols to watchlist: [LOCK, GNRC, AZPN, HBI]
Thu Nov 21 08:00:00 GMT+00:00 2013 Adding unprocessed symbols to watchlist: [GMED, GNRC, AZPN, NSC]
Fri Nov 22 08:00:00 GMT+00:00 2013 Adding unprocessed symbols to watchlist: [ACHC, CLGX, GNRC, FDML, NSC]
Mon Nov 25 08:00:00 GMT+00:00 2013 Adding unprocessed symbols to watchlist: [ACHC, BLMN, GMED, GNRC, TTM, FDML, NSC]
Tue Nov 26 08:00:00 GMT+00:00 2013 Adding unprocessed symbols to watchlist: [ACHC, GMED, CLGX, NXPI, LOCK, FDML, NSC]
Wed Nov 27 08:00:00 GMT+00:00 2013 Adding unprocessed symbols to watchlist: [CLGX, LOCK, FDML, NSC]
Fri Nov 29 08:00:00 GMT+00:00 2013 Adding unprocessed symbols to watchlist: [BLMN, CLGX, LOCK, FDML, NSC]
Mon Dec 02 08:00:00 GMT+00:00 2013 Adding unprocessed symbols to watchlist: [CLGX, NXPI, AZPN, FDML, NSC]
Tue Dec 03 08:00:00 GMT+00:00 2013 BUY: 122 shares of KS cost-basis=47.8 for $6467.22 CASH-BAL=52249.41
Tue Dec 03 08:00:00 GMT+00:00 2013 Adding unprocessed symbols to watchlist: [GMED, NXPI, GNRC, AZPN, TTM, HBI, NSC]
Wed Dec 04 08:00:00 GMT+00:00 2013 BUY: 86 shares of FUL cost-basis=46.9 for $4313.76 CASH-BAL=47928.65
Wed Dec 04 08:00:00 GMT+00:00 2013 Selling due to underperformance: FIVE 2.57% in 41
Wed Dec 04 08:00:00 GMT+00:00 2013 SELL FIVE x206 for $10240.26 2.57%
Wed Dec 04 08:00:00 GMT+00:00 2013 BUY: 206 shares of GNRC cost-basis=52.8 for $10876.8 CASH-BAL=47278.11
Wed Dec 04 08:00:00 GMT+00:00 2013 Adding unprocessed symbols to watchlist: [ACHC, GMED, AZPN, TTM]
Thu Dec 05 08:00:00 GMT+00:00 2013 Adding unprocessed symbols to watchlist: [GMED, AZPN, HBI, NSC]
Fri Dec 06 08:00:00 GMT+00:00 2013 Adding unprocessed symbols to watchlist: [GMED, CLGX, TTM, FDML]
Mon Dec 09 08:00:00 GMT+00:00 2013 Adding unprocessed symbols to watchlist: [LOCK]
Tue Dec 10 08:00:00 GMT+00:00 2013 Adding unprocessed symbols to watchlist: [GMED, TWTR, AZPN, TTM]
Thu Dec 12 08:00:00 GMT+00:00 2013 Adding unprocessed symbols to watchlist: [ACHC]
Fri Dec 13 08:00:00 GMT+00:00 2013 BUY: 176 shares of AKRX cost-basis=20.5 for $4326.08 CASH-BAL=42945.03
Fri Dec 13 08:00:00 GMT+00:00 2013 Adding unprocessed symbols to watchlist: [ACHC, AZPN, FDML]
Mon Dec 16 08:00:00 GMT+00:00 2013 Adding unprocessed symbols to watchlist: [ACHC, NXPI, AZPN, GNTX, FDML, NSC]
Tue Dec 17 08:00:00 GMT+00:00 2013 Adding unprocessed symbols to watchlist: [ACHC, GMED, NXPI, AZPN, FDML, NSC]
Wed Dec 18 08:00:00 GMT+00:00 2013 Adding unprocessed symbols to watchlist: [ACHC, CLGX, HBI, NSC]
Thu Dec 19 08:00:00 GMT+00:00 2013 Selling due to underperformance: TMH 1.79% in 51
Thu Dec 19 08:00:00 GMT+00:00 2013 SELL TMH x249 for $11073.03 1.79%
Thu Dec 19 08:00:00 GMT+00:00 2013 BUY: 252 shares of NXPI cost-basis=43.1 for $10861.2 CASH-BAL=43142.86
Thu Dec 19 08:00:00 GMT+00:00 2013 Selling due to underperformance: FUL 5.47% in 72
Thu Dec 19 08:00:00 GMT+00:00 2013 SELL FUL x408 for $20187.84 5.47%
Thu Dec 19 08:00:00 GMT+00:00 2013 BUY: 233 shares of ACHC cost-basis=46.6 for $10867.12 CASH-BAL=52449.58
Thu Dec 19 08:00:00 GMT+00:00 2013 Adding unprocessed symbols to watchlist: [NSC]
Fri Dec 20 08:00:00 GMT+00:00 2013 Adding unprocessed symbols to watchlist: [CLGX, LOCK, HBI, NSC]
Mon Dec 23 08:00:00 GMT+00:00 2013 Adding unprocessed symbols to watchlist: [CLGX, HBI]
Tue Dec 24 08:00:00 GMT+00:00 2013 Adding unprocessed symbols to watchlist: [CLGX, LOCK, FDML, HBI]
Thu Dec 26 08:00:00 GMT+00:00 2013 Adding unprocessed symbols to watchlist: [LOCK, FDML]
Fri Dec 27 08:00:00 GMT+00:00 2013 Adding unprocessed symbols to watchlist: [GMED, GNTX, HBI]
Mon Dec 30 08:00:00 GMT+00:00 2013 Adding unprocessed symbols to watchlist: [GMED, CLGX, LOCK, AZPN, GNTX, HBI, NSC]
Tue Dec 31 08:00:00 GMT+00:00 2013 Adding unprocessed symbols to watchlist: [GMED, CLGX, GNTX, FDML, NSC]
Thu Jan 02 08:00:00 GMT+00:00 2014 Adding unprocessed symbols to watchlist: [CLGX, XRS, AZPN, FDML, HBI, VWDRY]
Fri Jan 03 08:00:00 GMT+00:00 2014 Adding unprocessed symbols to watchlist: [XRS, AZPN, HBI, PFPT]
Mon Jan 06 08:00:00 GMT+00:00 2014 Selling due to underperformance: NXPI -0.018% in 18
Mon Jan 06 08:00:00 GMT+00:00 2014 SELL NXPI x252 for $10866.24 -0.018%
Mon Jan 06 08:00:00 GMT+00:00 2014 BUY: 666 shares of LOCK cost-basis=16.4 for $10889.1 CASH-BAL=52412.72
Mon Jan 06 08:00:00 GMT+00:00 2014 Adding unprocessed symbols to watchlist: [GMED]
Tue Jan 07 08:00:00 GMT+00:00 2014 Adding unprocessed symbols to watchlist: [GMED, CLGX, AZPN, SPLK, GNTX, FDML]
Wed Jan 08 08:00:00 GMT+00:00 2014 KS: Applying split factor of: 2.0
Wed Jan 08 08:00:00 GMT+00:00 2014Market-Uptrend-Sell 50EDMA: (-3.22%)937 shares of AKRX for 11.8
Wed Jan 08 08:00:00 GMT+00:00 2014 SELL AKRX x937 for $21447.93 11.8%
Wed Jan 08 08:00:00 GMT+00:00 2014 BUY: 258 shares of AZPN cost-basis=42.2 for $10879.86 CASH-BAL=62966.79
Wed Jan 08 08:00:00 GMT+00:00 2014 Adding unprocessed symbols to watchlist: [GNTX]
Thu Jan 09 08:00:00 GMT+00:00 2014 BUY: 156 shares of KS cost-basis=24.6 for $4313.4 CASH-BAL=58646.39
Thu Jan 09 08:00:00 GMT+00:00 2014 Adding unprocessed symbols to watchlist: [GMED, CLGX, GNTX, M, HBI, NSC]
Fri Jan 10 08:00:00 GMT+00:00 2014 Adding unprocessed symbols to watchlist: [CLGX, GNTX, FDML, HBI, PFPT, NSC]
Mon Jan 13 08:00:00 GMT+00:00 2014 Selling due to underperformance: GNRC 2.55% in 40
Mon Jan 13 08:00:00 GMT+00:00 2014 SELL GNRC x206 for $11161.08 2.55%
Mon Jan 13 08:00:00 GMT+00:00 2014 BUY: 254 shares of ENV cost-basis=42.8 for $10858.5 CASH-BAL=58934.97
Mon Jan 13 08:00:00 GMT+00:00 2014 Adding unprocessed symbols to watchlist: [SPLK]
Tue Jan 14 08:00:00 GMT+00:00 2014 Adding unprocessed symbols to watchlist: [GMED, CLGX, SPLK, GNTX, HBI]
Wed Jan 15 08:00:00 GMT+00:00 2014 Adding unprocessed symbols to watchlist: [CLGX, NTDOY, HBI, NSC]
Thu Jan 16 08:00:00 GMT+00:00 2014 Adding unprocessed symbols to watchlist: [CLGX]
Tue Jan 21 08:00:00 GMT+00:00 2014 Adding unprocessed symbols to watchlist: [NVDQ, GNTX, M]
Wed Jan 22 08:00:00 GMT+00:00 2014 Adding unprocessed symbols to watchlist: [GNTX, FDML, M, NSC]
Thu Jan 23 08:00:00 GMT+00:00 2014 Adding unprocessed symbols to watchlist: [PFPT, HUBB]
Fri Jan 24 08:00:00 GMT+00:00 2014 Selling due to underperformance: AZPN -1.84% in 16
Fri Jan 24 08:00:00 GMT+00:00 2014 SELL AZPN x258 for $10686.36 -1.84%
Fri Jan 24 08:00:00 GMT+00:00 2014 BUY: 578 shares of NVDQ cost-basis=18.8 for $10889.52 CASH-BAL=58717.81
Fri Jan 24 08:00:00 GMT+00:00 2014 Adding unprocessed symbols to watchlist: [GNTX]
Wed Jan 29 08:00:00 GMT+00:00 2014 Market-Downtrend-Sell 20EMA: (-2.52%)254 shares of ENV for -0.602
Wed Jan 29 08:00:00 GMT+00:00 2014 SELL ENV x254 for $10800.08 -0.602%
Tue Feb 04 08:00:00 GMT+00:00 2014 Adding unprocessed symbols to watchlist: [NSC]
Wed Feb 05 08:00:00 GMT+00:00 2014Market-Downtrend-Sell 50EDMA: (-1.11%)233 shares of ACHC for 3.11
Wed Feb 05 08:00:00 GMT+00:00 2014 SELL ACHC x233 for $11211.96 3.11%
Wed Feb 05 08:00:00 GMT+00:00 2014 Adding unprocessed symbols to watchlist: [PFPT]
Thu Feb 06 08:00:00 GMT+00:00 2014 Adding unprocessed symbols to watchlist: [PFPT, NSC, GMT, HUBB]
Fri Feb 07 08:00:00 GMT+00:00 2014 Market-CautiousUp-Sell -3%: (-3.73%)578 shares of NVDQ for -3.73
Fri Feb 07 08:00:00 GMT+00:00 2014 SELL NVDQ x578 for $10490.7 -3.73%
Fri Feb 07 08:00:00 GMT+00:00 2014 BUY: 274 shares of PFPT cost-basis=39.6 for $10855.88 CASH-BAL=80336.67
Fri Feb 07 08:00:00 GMT+00:00 2014 BUY: 86 shares of LVNTA cost-basis=126 for $10849.76 CASH-BAL=69479.91
Fri Feb 07 08:00:00 GMT+00:00 2014 BUY: 188 shares of GMT cost-basis=57.8 for $10872.04 CASH-BAL=58600.87
Mon Feb 10 08:00:00 GMT+00:00 2014 Adding unprocessed symbols to watchlist: [NSC, HUBB]
Tue Feb 11 08:00:00 GMT+00:00 2014 Adding unprocessed symbols to watchlist: [NSC, HUBB]
Wed Feb 12 08:00:00 GMT+00:00 2014 Adding unprocessed symbols to watchlist: [SN, NSC]
Thu Feb 13 08:00:00 GMT+00:00 2014 Adding unprocessed symbols to watchlist: [TWC]
Fri Feb 14 08:00:00 GMT+00:00 2014 Adding unprocessed symbols to watchlist: [NSC]
Tue Feb 18 08:00:00 GMT+00:00 2014 Adding unprocessed symbols to watchlist: [NMBL]
Wed Feb 19 08:00:00 GMT+00:00 2014 Adding unprocessed symbols to watchlist: [TWC, FLS]
Thu Feb 20 08:00:00 GMT+00:00 2014 Adding unprocessed symbols to watchlist: [TWC, HUBB]
Fri Feb 21 08:00:00 GMT+00:00 2014 Adding unprocessed symbols to watchlist: [STRZA, TWC]
Mon Feb 24 08:00:00 GMT+00:00 2014 Adding unprocessed symbols to watchlist: [SN, HUBB]
Wed Feb 26 08:00:00 GMT+00:00 2014 Adding unprocessed symbols to watchlist: [HEI, HUBB]
Thu Feb 27 08:00:00 GMT+00:00 2014 Adding unprocessed symbols to watchlist: [NMBL, HUBB]
Fri Feb 28 08:00:00 GMT+00:00 2014 Adding unprocessed symbols to watchlist: [TWC, SN, HUBB]
Mon Mar 03 08:00:00 GMT+00:00 2014 Adding unprocessed symbols to watchlist: [STRZA, HUBB]
Tue Mar 04 08:00:00 GMT+00:00 2014 Adding unprocessed symbols to watchlist: [TWC, NUVA, SN, FLS, HUBB]
Wed Mar 05 08:00:00 GMT+00:00 2014 Adding unprocessed symbols to watchlist: [TWC, NUVA, FLS, HUBB]
Thu Mar 06 08:00:00 GMT+00:00 2014 Adding unprocessed symbols to watchlist: [FLS, HUBB]
Fri Mar 07 08:00:00 GMT+00:00 2014 Adding unprocessed symbols to watchlist: [TWC, RARE, FLS, HUBB]
Mon Mar 10 08:00:00 GMT+00:00 2014 Adding unprocessed symbols to watchlist: [STRZA, HEI, HUBB]
Wed Mar 12 08:00:00 GMT+00:00 2014 Adding unprocessed symbols to watchlist: [STRZA, NUVA, HEI]
Thu Mar 13 08:00:00 GMT+00:00 2014 BUY: 323 shares of LOCK cost-basis=17.6 for $6492.3 CASH-BAL=52101.57
Thu Mar 13 08:00:00 GMT+00:00 2014 Adding unprocessed symbols to watchlist: [STRZA, NUVA, HEI]
Fri Mar 14 08:00:00 GMT+00:00 2014 Adding unprocessed symbols to watchlist: [MFRM, NUVA, HEI]
Mon Mar 17 08:00:00 GMT+00:00 2014 Adding unprocessed symbols to watchlist: [HEI, HUBB]
Tue Mar 18 08:00:00 GMT+00:00 2014 BUY: 45 shares of LVNTA cost-basis=132 for $6403.95 CASH-BAL=45690.62
Tue Mar 18 08:00:00 GMT+00:00 2014 Adding unprocessed symbols to watchlist: [STRZA, RARE, SN, HEI, HUBB]
Wed Mar 19 08:00:00 GMT+00:00 2014 Adding unprocessed symbols to watchlist: [RARE, NUVA, HUBB]
Thu Mar 20 08:00:00 GMT+00:00 2014 Adding unprocessed symbols to watchlist: [TWC, RARE, NUVA, HUBB]
Fri Mar 21 08:00:00 GMT+00:00 2014 Market-Uptrend-Sell 20EMA: (-6.41%)274 shares of PFPT for -1.25
Fri Mar 21 08:00:00 GMT+00:00 2014Market-Uptrend-Sell 50EDMA: (-2.42%)989 shares of LOCK for 11.2
Fri Mar 21 08:00:00 GMT+00:00 2014 SELL PFPT x274 for $10727.1 -1.25%
Fri Mar 21 08:00:00 GMT+00:00 2014 SELL LOCK x989 for $19344.84 11.2%
Realized-Gain-Loss: 40277.5 adjusted-to-%: 40% max-amt-per-position is: 23300.0
Fri Mar 21 08:00:00 GMT+00:00 2014 BUY: 105 shares of GMT cost-basis=60.8 for $6930.0 CASH-BAL=68811.56
Fri Mar 21 08:00:00 GMT+00:00 2014 BUY: 299 shares of NUVA cost-basis=39.0 for $11661.0 CASH-BAL=57143.56
Mon Mar 24 08:00:00 GMT+00:00 2014 BUY: 247 shares of MFRM cost-basis=47.2 for $11665.81 CASH-BAL=45470.75
Tue Mar 25 08:00:00 GMT+00:00 2014 Adding unprocessed symbols to watchlist: [HUBB]
Wed Mar 26 08:00:00 GMT+00:00 2014 StopLoss-ScaledSoftStop SELL: ($133.32)131 @$130.34 shares of LVNTA for -1.12
Wed Mar 26 08:00:00 GMT+00:00 2014 SELL LVNTA x131 for $17074.54 -1.12%
Wed Mar 26 08:00:00 GMT+00:00 2014 Market-Downtrend-Sell 20EMA: (-1.53%)299 shares of NUVA for -4.6
Wed Mar 26 08:00:00 GMT+00:00 2014Market-Downtrend-Sell 50EDMA: (-2.92%)776 shares of KS for 16.4
Wed Mar 26 08:00:00 GMT+00:00 2014 SELL NUVA x299 for $11131.77 -4.6%
Wed Mar 26 08:00:00 GMT+00:00 2014 SELL KS x776 for $22278.96 16.4%
Wed Mar 26 08:00:00 GMT+00:00 2014 BUY: 411 shares of SN cost-basis=28.4 for $11676.51 CASH-BAL=84251.51
Thu Mar 27 08:00:00 GMT+00:00 2014Market-Downtrend-Sell 50EDMA: (-4.94%)195 shares of AYI for 50.8
Thu Mar 27 08:00:00 GMT+00:00 2014 SELL AYI x195 for $24989.25 50.8%
Realized-Gain-Loss: 51063.4 adjusted-to-%: 50% max-amt-per-position is: 25000.0
Fri Mar 28 08:00:00 GMT+00:00 2014 BUY: 389 shares of STRZA cost-basis=32.1 for $12475.23 CASH-BAL=96751.53
Mon Mar 31 08:00:00 GMT+00:00 2014 Adding unprocessed symbols to watchlist: [TWC, HEI, HUBB]
Tue Apr 01 08:00:00 GMT+00:00 2014 BUY: 202 shares of HEI cost-basis=61.8 for $12479.56 CASH-BAL=84264.97
Tue Apr 01 08:00:00 GMT+00:00 2014 BUY: 104 shares of HUBB cost-basis=120 for $12486.24 CASH-BAL=71771.73
Tue Apr 01 08:00:00 GMT+00:00 2014 Adding unprocessed symbols to watchlist: [TWC]
Wed Apr 02 08:00:00 GMT+00:00 2014 Adding unprocessed symbols to watchlist: [TWC, RARE]
Mon Apr 07 08:00:00 GMT+00:00 2014 StopLoss-SoftStop SELL: (-5.8%)202 shares of HEI for -5.8
Mon Apr 07 08:00:00 GMT+00:00 2014 SELL HEI x202 for $11762.46 -5.8%
Mon Apr 07 08:00:00 GMT+00:00 2014 Market-Downtrend-Sell 20EMA: (-2.53%)104 shares of HUBB for -3.56
Mon Apr 07 08:00:00 GMT+00:00 2014 Market-Downtrend-Sell 20EMA: (-2.54%)411 shares of SN for -0.412
Mon Apr 07 08:00:00 GMT+00:00 2014 SELL HUBB x104 for $12048.4 -3.56%
Mon Apr 07 08:00:00 GMT+00:00 2014 SELL SN x411 for $11635.41 -0.412%
Realized-Gain-Loss: 49879.1 adjusted-to-%: 40% max-amt-per-position is: 23300.0
Tue Apr 08 08:00:00 GMT+00:00 2014 BUY: 221 shares of RARE cost-basis=52.8 for $11668.8 CASH-BAL=95521.2
Wed Apr 09 08:00:00 GMT+00:00 2014 Selling due to underperformance: MFRM -1.14% in 16
Wed Apr 09 08:00:00 GMT+00:00 2014 SELL MFRM x247 for $11539.84 -1.14%
Wed Apr 09 08:00:00 GMT+00:00 2014 BUY: 84 shares of TWC cost-basis=138 for $11620.56 CASH-BAL=95426.48
Thu Apr 10 08:00:00 GMT+00:00 2014 Market-Downtrend-Sell 20EMA: (-2.4%)389 shares of STRZA for -1.96
Thu Apr 10 08:00:00 GMT+00:00 2014 Market-Downtrend-Sell 20EMA: (-1.92%)84 shares of TWC for -2.6
Thu Apr 10 08:00:00 GMT+00:00 2014 SELL STRZA x389 for $12237.94 -1.96%
Thu Apr 10 08:00:00 GMT+00:00 2014 SELL TWC x84 for $11325.72 -2.6%
Tue Apr 15 08:00:00 GMT+00:00 2014 StopLoss-SoftStop SELL: (-5.57%)221 shares of RARE for -5.57
Tue Apr 15 08:00:00 GMT+00:00 2014 SELL RARE x221 for $11025.69 -5.57%
Tue Apr 15 08:00:00 GMT+00:00 2014 BUY: 187 shares of BCPC cost-basis=62.3 for $11646.36 CASH-BAL=118341.47
Thu Apr 17 08:00:00 GMT+00:00 2014 BUY: 112 shares of WSO cost-basis=104 for $11668.16 CASH-BAL=106666.31
Mon Apr 21 08:00:00 GMT+00:00 2014 BUY: 169 shares of AZN cost-basis=69.1 for $11677.9 CASH-BAL=94981.41
Tue Apr 22 08:00:00 GMT+00:00 2014Market-Downtrend-Sell -3%: (-3.3%)169 shares of AZN for -3.3
Tue Apr 22 08:00:00 GMT+00:00 2014 SELL AZN x169 for $11299.34 -3.3%
Mon Apr 28 08:00:00 GMT+00:00 2014Market-Downtrend-Sell 50EDMA: (-1.22%)293 shares of GMT for 6.69
Mon Apr 28 08:00:00 GMT+00:00 2014 SELL GMT x293 for $19006.91 6.69%
Wed Apr 30 08:00:00 GMT+00:00 2014 BUY: 120 shares of ZBH cost-basis=96.8 for $11616.0 CASH-BAL=113650.66
Thu May 01 08:00:00 GMT+00:00 2014 BUY: 108 shares of KEX cost-basis=108 for $11646.72 CASH-BAL=101996.94
Tue May 06 08:00:00 GMT+00:00 2014 StopLoss-SoftStop SELL: (-6.93%)187 shares of BCPC for -6.93
Tue May 06 08:00:00 GMT+00:00 2014 SELL BCPC x187 for $10846.0 -6.93%
Wed May 14 08:00:00 GMT+00:00 2014Market-Downtrend-Sell -3%: (-3.41%)112 shares of WSO for -3.41
Wed May 14 08:00:00 GMT+00:00 2014 SELL WSO x112 for $11277.28 -3.41%
Wed May 28 08:00:00 GMT+00:00 2014 BUY: 399 shares of CAL cost-basis=29.3 for $11690.7 CASH-BAL=112408.52
Mon Jun 02 08:00:00 GMT+00:00 2014 StopLoss-SoftStop SELL: (-5.08%)399 shares of CAL for -5.08
Mon Jun 02 08:00:00 GMT+00:00 2014 SELL CAL x399 for $11104.17 -5.08%
Mon Jun 09 08:00:00 GMT+00:00 2014 BUY: 531 shares of MTSI cost-basis=22.0 for $11676.69 CASH-BAL=111822.0
Wed Jun 11 08:00:00 GMT+00:00 2014 BUY: 175 shares of LNG cost-basis=66.6 for $11651.5 CASH-BAL=100163.5
Wed Jun 11 08:00:00 GMT+00:00 2014 BUY: 46 shares of FCNCA cost-basis=252 for $11587.86 CASH-BAL=88568.64
Tue Jun 17 08:00:00 GMT+00:00 2014 BUY: 194 shares of JWA cost-basis=60.1 for $11659.4 CASH-BAL=76902.24
Thu Jun 19 08:00:00 GMT+00:00 2014 Adding unprocessed symbols to watchlist: [TAHO, GLOG, FNV]
Fri Jun 20 08:00:00 GMT+00:00 2014 Adding unprocessed symbols to watchlist: [KS, GMLP]
Wed Jun 25 08:00:00 GMT+00:00 2014 BUY: 66 shares of ZBH cost-basis=99.8 for $6954.42 CASH-BAL=69940.82
Wed Jun 25 08:00:00 GMT+00:00 2014 Adding unprocessed symbols to watchlist: [TGNA]
Thu Jun 26 08:00:00 GMT+00:00 2014 Adding unprocessed symbols to watchlist: [MEI, APD]
Fri Jun 27 08:00:00 GMT+00:00 2014 Adding unprocessed symbols to watchlist: [APD]
Mon Jun 30 08:00:00 GMT+00:00 2014 Selling due to underperformance: FCNCA -2.8% in 19
Mon Jun 30 08:00:00 GMT+00:00 2014 SELL FCNCA x46 for $11270.0 -2.8%
Mon Jun 30 08:00:00 GMT+00:00 2014 BUY: 90 shares of APD cost-basis=129 for $11575.8 CASH-BAL=69621.02
Tue Jul 01 08:00:00 GMT+00:00 2014 Adding unprocessed symbols to watchlist: [ANET, GLOG]
Wed Jul 02 08:00:00 GMT+00:00 2014 Adding unprocessed symbols to watchlist: [TAHO, GMLP, GLOG]
Thu Jul 03 08:00:00 GMT+00:00 2014 Adding unprocessed symbols to watchlist: [CNL, TAHO, KS, GMLP, GLOG, FNV]
Mon Jul 07 08:00:00 GMT+00:00 2014 Selling due to underperformance: ZBH 4.57% in 68
Mon Jul 07 08:00:00 GMT+00:00 2014 SELL ZBH x186 for $19433.28 4.57%
Mon Jul 07 08:00:00 GMT+00:00 2014 BUY: 207 shares of FNV cost-basis=56.4 for $11672.73 CASH-BAL=77367.57
Tue Jul 08 08:00:00 GMT+00:00 2014 Market-Uptrend-Sell 20EMA: (-3.89%)531 shares of MTSI for -4.43
Tue Jul 08 08:00:00 GMT+00:00 2014 SELL MTSI x531 for $11166.93 -4.43%
Tue Jul 08 08:00:00 GMT+00:00 2014 BUY: 328 shares of GMLP cost-basis=35.6 for $11666.96 CASH-BAL=76853.54
Tue Jul 08 08:00:00 GMT+00:00 2014 Adding unprocessed symbols to watchlist: [TGNA, TAHO]
Wed Jul 09 08:00:00 GMT+00:00 2014 Adding unprocessed symbols to watchlist: [TGNA, ANET, TAHO]
Thu Jul 10 08:00:00 GMT+00:00 2014 Adding unprocessed symbols to watchlist: [TGNA]
Fri Jul 11 08:00:00 GMT+00:00 2014 BUY: 59 shares of KEX cost-basis=111 for $6872.91 CASH-BAL=69973.63
Fri Jul 11 08:00:00 GMT+00:00 2014 Adding unprocessed symbols to watchlist: [TGNA]
Mon Jul 14 08:00:00 GMT+00:00 2014 Adding unprocessed symbols to watchlist: [TGNA]
Tue Jul 15 08:00:00 GMT+00:00 2014 Market-Uptrend-Sell 20EMA: (-2.37%)328 shares of GMLP for -3.35
Tue Jul 15 08:00:00 GMT+00:00 2014 SELL GMLP x328 for $11283.2 -3.35%
Tue Jul 15 08:00:00 GMT+00:00 2014 BUY: 367 shares of TGNA cost-basis=31.8 for $11677.94 CASH-BAL=69564.89
Thu Jul 17 08:00:00 GMT+00:00 2014 Selling due to underperformance: JWA -0.127% in 30
Thu Jul 17 08:00:00 GMT+00:00 2014 SELL JWA x194 for $11651.64 -0.127%
Thu Jul 17 08:00:00 GMT+00:00 2014 BUY: 437 shares of TAHO cost-basis=26.7 for $11681.01 CASH-BAL=69521.52
Thu Jul 24 08:00:00 GMT+00:00 2014 Adding unprocessed symbols to watchlist: [JMEI]
Tue Jul 29 08:00:00 GMT+00:00 2014 BUY: 93 shares of LNG cost-basis=69.3 for $6924.78 CASH-BAL=62589.74
Wed Jul 30 08:00:00 GMT+00:00 2014 Selling due to underperformance: KEX 6.1% in 90
Wed Jul 30 08:00:00 GMT+00:00 2014 SELL KEX x167 for $19662.58 6.1%
Wed Jul 30 08:00:00 GMT+00:00 2014 BUY: 396 shares of JMEI cost-basis=29.5 for $11678.04 CASH-BAL=70560.28
Thu Aug 07 08:00:00 GMT+00:00 2014 Selling due to underperformance: APD 1.91% in 38
Thu Aug 07 08:00:00 GMT+00:00 2014 SELL APD x90 for $11804.4 1.91%
Thu Aug 07 08:00:00 GMT+00:00 2014 BUY: 394 shares of LEAF cost-basis=29.7 for $11682.1 CASH-BAL=70668.58
Thu Aug 14 08:00:00 GMT+00:00 2014 Market-Uptrend-Sell 20EMA: (-2.32%)437 shares of TAHO for -2.57
Thu Aug 14 08:00:00 GMT+00:00 2014 SELL TAHO x437 for $11388.22 -2.57%
Thu Aug 21 08:00:00 GMT+00:00 2014 Market-Uptrend-Sell 20EMA: (-4.13%)207 shares of FNV for -1.76
Thu Aug 21 08:00:00 GMT+00:00 2014 SELL FNV x207 for $11474.01 -1.76%
Mon Aug 25 08:00:00 GMT+00:00 2014 BUY: 212 shares of JMEI cost-basis=30.7 for $6966.32 CASH-BAL=86543.49
Mon Aug 25 08:00:00 GMT+00:00 2014 BUY: 288 shares of KMI cost-basis=40.5 for $11672.64 CASH-BAL=74863.85
Thu Aug 28 08:00:00 GMT+00:00 2014 BUY: 100 shares of SIG cost-basis=116 for $11637.0 CASH-BAL=63219.85
Fri Aug 29 08:00:00 GMT+00:00 2014 StopLoss-ScaledSoftStop SELL: ($31.007)608 @$30.57 shares of JMEI for -0.385
Fri Aug 29 08:00:00 GMT+00:00 2014 SELL JMEI x608 for $18586.56 -0.385%
Fri Aug 29 08:00:00 GMT+00:00 2014 BUY: 225 shares of GPRO cost-basis=51.8 for $11655.0 CASH-BAL=70137.41
Tue Sep 02 08:00:00 GMT+00:00 2014 BUY: 204 shares of TGNA cost-basis=32.6 for $6956.4 CASH-BAL=63174.01
Thu Sep 04 08:00:00 GMT+00:00 2014 Selling due to underperformance: KMI -3.71% in 10
Thu Sep 04 08:00:00 GMT+00:00 2014 SELL KMI x288 for $11246.4 -3.71%
Thu Sep 04 08:00:00 GMT+00:00 2014 BUY: 294 shares of MEI cost-basis=39.7 for $11677.68 CASH-BAL=62728.73
Tue Sep 09 08:00:00 GMT+00:00 2014 StopLoss-ScaledSoftStop SELL: ($32.926)571 @$32.38 shares of TGNA for -0.855
Tue Sep 09 08:00:00 GMT+00:00 2014 SELL TGNA x571 for $18488.98 -0.855%
Wed Sep 10 08:00:00 GMT+00:00 2014 BUY: 540 shares of HQY cost-basis=21.6 for $11674.8 CASH-BAL=69528.91
Tue Sep 16 08:00:00 GMT+00:00 2014 StopLoss-HardStop SELL: (-7.09%)540 shares of HQY for -7.09
Tue Sep 16 08:00:00 GMT+00:00 2014 SELL HQY x540 for $10854.0 -7.09%
Wed Sep 17 08:00:00 GMT+00:00 2014 BUY: 207 shares of LEAF cost-basis=31.0 for $6967.62 CASH-BAL=73401.29
Mon Sep 22 08:00:00 GMT+00:00 2014 BUY: 120 shares of CLX cost-basis=97.2 for $11667.6 CASH-BAL=61726.69
Mon Sep 22 08:00:00 GMT+00:00 2014 Selling due to underperformance: SIG -1.87% in 25
Mon Sep 22 08:00:00 GMT+00:00 2014 SELL SIG x100 for $11426.0 -1.87%
Mon Sep 22 08:00:00 GMT+00:00 2014 BUY: 292 shares of ALR cost-basis=40.0 for $11671.24 CASH-BAL=61467.45
Wed Sep 24 08:00:00 GMT+00:00 2014 BUY: 56 shares of LNG cost-basis=71.5 for $4576.88 CASH-BAL=56883.57
Thu Sep 25 08:00:00 GMT+00:00 2014Market-Downtrend-Sell -3%: (-4.29%)294 shares of MEI for -4.29
Thu Sep 25 08:00:00 GMT+00:00 2014 SELL MEI x294 for $11183.76 -4.29%
Mon Sep 29 08:00:00 GMT+00:00 2014 Adding unprocessed symbols to watchlist: [MYCC]
Tue Sep 30 08:00:00 GMT+00:00 2014Market-Downtrend-Sell -3%: (-3.04%)292 shares of ALR for -3.04
Tue Sep 30 08:00:00 GMT+00:00 2014 SELL ALR x292 for $11323.76 -3.04%
Thu Oct 02 08:00:00 GMT+00:00 2014Market-Downtrend-Sell 50EDMA: (-2.0%)324 shares of LNG for 6.29
Thu Oct 02 08:00:00 GMT+00:00 2014 SELL LNG x324 for $24630.48 6.29%
Fri Oct 03 08:00:00 GMT+00:00 2014 BUY: 599 shares of MYCC cost-basis=19.5 for $11674.51 CASH-BAL=92319.06
Fri Oct 03 08:00:00 GMT+00:00 2014 Selling due to underperformance: LEAF 4.5% in 57
Fri Oct 03 08:00:00 GMT+00:00 2014 SELL LEAF x601 for $19502.45 4.5%
Fri Oct 03 08:00:00 GMT+00:00 2014 BUY: 153 shares of GPN cost-basis=76.3 for $11676.96 CASH-BAL=100130.55
Mon Oct 06 08:00:00 GMT+00:00 2014 Adding unprocessed symbols to watchlist: [BDX]
Tue Oct 07 08:00:00 GMT+00:00 2014Market-Downtrend-Sell -3%: (-3.96%)599 shares of MYCC for -3.96
Tue Oct 07 08:00:00 GMT+00:00 2014 SELL MYCC x599 for $11219.27 -3.96%
Thu Oct 09 08:00:00 GMT+00:00 2014Market-Downtrend-Sell -3%: (-3.14%)153 shares of GPN for -3.14
Thu Oct 09 08:00:00 GMT+00:00 2014 SELL GPN x153 for $11317.41 -3.14%
Mon Oct 13 08:00:00 GMT+00:00 2014 BUY: 300 shares of CMN cost-basis=38.9 for $11658.0 CASH-BAL=110988.23
Tue Oct 14 08:00:00 GMT+00:00 2014 BUY: 343 shares of AVA cost-basis=34.0 for $11672.29 CASH-BAL=99308.94
Wed Oct 15 08:00:00 GMT+00:00 2014 Adding unprocessed symbols to watchlist: [BDX]
Thu Oct 16 08:00:00 GMT+00:00 2014Market-Downtrend-Sell -3%: (-4.13%)300 shares of CMN for -4.13
Thu Oct 16 08:00:00 GMT+00:00 2014 SELL CMN x300 for $11184.0 -4.13%
Tue Oct 21 08:00:00 GMT+00:00 2014 BUY: 283 shares of AKRX cost-basis=41.3 for $11685.07 CASH-BAL=98793.87
Tue Oct 21 08:00:00 GMT+00:00 2014 BUY: 94 shares of BDX cost-basis=123 for $11591.14 CASH-BAL=87195.73
Mon Oct 27 08:00:00 GMT+00:00 2014 Market-CautiousUp-Sell 50EMA: (-5.9%)225 shares of GPRO for 25.2
Mon Oct 27 08:00:00 GMT+00:00 2014 SELL GPRO x225 for $14604.75 25.2%
Mon Oct 27 08:00:00 GMT+00:00 2014 BUY: 249 shares of EPAM cost-basis=46.9 for $11680.59 CASH-BAL=90105.89
Thu Oct 30 08:00:00 GMT+00:00 2014 BUY: 198 shares of BMY cost-basis=59.0 for $11678.04 CASH-BAL=78420.85
Thu Oct 30 08:00:00 GMT+00:00 2014 Adding unprocessed symbols to watchlist: [BIN, CACI]
Fri Oct 31 08:00:00 GMT+00:00 2014 Adding unprocessed symbols to watchlist: [FLT]
Thu Nov 06 08:00:00 GMT+00:00 2014 StopLoss-HardStop SELL: (-8.32%)283 shares of AKRX for -8.32
Thu Nov 06 08:00:00 GMT+00:00 2014 SELL AKRX x283 for $10720.04 -8.32%
Wed Nov 12 08:00:00 GMT+00:00 2014 BUY: 79 shares of FLT cost-basis=147 for $11644.6 CASH-BAL=77482.29
Wed Nov 12 08:00:00 GMT+00:00 2014 Selling due to underperformance: AVA 0.939% in 28
Wed Nov 12 08:00:00 GMT+00:00 2014 SELL AVA x343 for $11788.91 0.939%
Wed Nov 12 08:00:00 GMT+00:00 2014 BUY: 156 shares of MSG cost-basis=74.7 for $11659.44 CASH-BAL=77597.76
Wed Nov 19 08:00:00 GMT+00:00 2014 Adding unprocessed symbols to watchlist: [ENV]
Thu Nov 20 08:00:00 GMT+00:00 2014 Adding unprocessed symbols to watchlist: [ENV]
Fri Nov 21 08:00:00 GMT+00:00 2014 Selling due to underperformance: CLX 2.49% in 59
Fri Nov 21 08:00:00 GMT+00:00 2014 SELL CLX x120 for $11965.2 2.49%
Fri Nov 21 08:00:00 GMT+00:00 2014 BUY: 225 shares of ENV cost-basis=51.8 for $11648.25 CASH-BAL=77900.71
Fri Nov 21 08:00:00 GMT+00:00 2014 Adding unprocessed symbols to watchlist: [SWIR]
Mon Nov 24 08:00:00 GMT+00:00 2014 Adding unprocessed symbols to watchlist: [SWIR]
Wed Nov 26 08:00:00 GMT+00:00 2014 Adding unprocessed symbols to watchlist: [SWIR]
Fri Nov 28 08:00:00 GMT+00:00 2014 Adding unprocessed symbols to watchlist: [SWIR]
Tue Dec 02 08:00:00 GMT+00:00 2014 Selling due to underperformance: MSG -3.26% in 20
Tue Dec 02 08:00:00 GMT+00:00 2014 SELL MSG x156 for $11286.6 -3.26%
Tue Dec 02 08:00:00 GMT+00:00 2014 BUY: 301 shares of SWIR cost-basis=38.8 for $11686.325 CASH-BAL=77486.985
Mon Dec 08 08:00:00 GMT+00:00 2014 Market-Uptrend-Sell 20EMA: (-2.09%)225 shares of ENV for -4.89
Mon Dec 08 08:00:00 GMT+00:00 2014 SELL ENV x225 for $11085.75 -4.89%
Mon Dec 08 08:00:00 GMT+00:00 2014 BUY: 49 shares of BDX cost-basis=129 for $6849.22 CASH-BAL=81709.515
Mon Dec 08 08:00:00 GMT+00:00 2014 BUY: 238 shares of ENB cost-basis=49.0 for $11659.62 CASH-BAL=70042.895
Thu Dec 11 08:00:00 GMT+00:00 2014 Market-CautiousUp-Sell -3%: (-3.06%)79 shares of FLT for -3.06
Thu Dec 11 08:00:00 GMT+00:00 2014 SELL FLT x79 for $11295.42 -3.06%
Fri Dec 12 08:00:00 GMT+00:00 2014 Market-CautiousUp-Sell -3%: (-4.22%)238 shares of ENB for -4.22
Fri Dec 12 08:00:00 GMT+00:00 2014 SELL ENB x238 for $11174.1 -4.22%
Tue Dec 16 08:00:00 GMT+00:00 2014 Market-Downtrend-Sell 20EMA: (-6.3%)249 shares of EPAM for -1.49
Tue Dec 16 08:00:00 GMT+00:00 2014 Market-Downtrend-Sell 20EMA: (-1.79%)198 shares of BMY for -2.25
Tue Dec 16 08:00:00 GMT+00:00 2014 SELL EPAM x249 for $11513.76 -1.49%
Tue Dec 16 08:00:00 GMT+00:00 2014 SELL BMY x198 for $11422.62 -2.25%
Thu Dec 18 08:00:00 GMT+00:00 2014 BUY: 416 shares of FGEN cost-basis=28.1 for $11668.8 CASH-BAL=103744.995
Thu Dec 18 08:00:00 GMT+00:00 2014 BUY: 184 shares of KRFT cost-basis=63.4 for $11661.92 CASH-BAL=92076.075
Mon Dec 22 08:00:00 GMT+00:00 2014 StopLoss-SoftStop SELL: (-6.23%)416 shares of FGEN for -6.23
Mon Dec 22 08:00:00 GMT+00:00 2014 SELL FGEN x416 for $10949.12 -6.23%
Wed Dec 24 08:00:00 GMT+00:00 2014 BUY: 285 shares of VA cost-basis=41.0 for $11685.0 CASH-BAL=91326.195
Wed Jan 07 08:00:00 GMT+00:00 2015Market-Downtrend-Sell -3%: (-3.11%)285 shares of VA for -3.11
Wed Jan 07 08:00:00 GMT+00:00 2015 SELL VA x285 for $11328.75 -3.11%
Fri Jan 16 08:00:00 GMT+00:00 2015Market-Downtrend-Sell 50EDMA: (-1.71%)301 shares of SWIR for 3.15
Fri Jan 16 08:00:00 GMT+00:00 2015 SELL SWIR x301 for $12061.07 3.15%
Fri Jan 16 08:00:00 GMT+00:00 2015 BUY: 77 shares of AYI cost-basis=151 for $11599.28 CASH-BAL=103095.735
Thu Jan 22 08:00:00 GMT+00:00 2015 BUY: 150 shares of HELE cost-basis=77.5 for $11629.5 CASH-BAL=91459.235
Thu Jan 22 08:00:00 GMT+00:00 2015 BUY: 109 shares of AGU cost-basis=107 for $11684.8 CASH-BAL=79767.435
Fri Jan 23 08:00:00 GMT+00:00 2015 BUY: 132 shares of SBUX cost-basis=88.2 for $11645.04 CASH-BAL=68115.395
Wed Jan 28 08:00:00 GMT+00:00 2015 Adding unprocessed symbols to watchlist: [KLIC]
Thu Jan 29 08:00:00 GMT+00:00 2015 Adding unprocessed symbols to watchlist: [VAR, BA]
Fri Jan 30 08:00:00 GMT+00:00 2015Market-Downtrend-Sell -3%: (-3.04%)150 shares of HELE for -3.04
Fri Jan 30 08:00:00 GMT+00:00 2015 SELL HELE x150 for $11283.0 -3.04%
Thu Feb 05 08:00:00 GMT+00:00 2015 BUY: 162 shares of BLL cost-basis=72.0 for $11668.86 CASH-BAL=67715.535
Fri Feb 06 08:00:00 GMT+00:00 2015 Adding unprocessed symbols to watchlist: [VAR]
Mon Feb 09 08:00:00 GMT+00:00 2015 Adding unprocessed symbols to watchlist: [VAR, KLIC, HAS]
Tue Feb 10 08:00:00 GMT+00:00 2015 Adding unprocessed symbols to watchlist: [SEE, VAR, KLIC]
Wed Feb 11 08:00:00 GMT+00:00 2015 Selling due to underperformance: KRFT 2.61% in 55
Wed Feb 11 08:00:00 GMT+00:00 2015 SELL KRFT x184 for $11972.88 2.61%
Wed Feb 11 08:00:00 GMT+00:00 2015 BUY: 126 shares of VAR cost-basis=92.3 for $11632.32 CASH-BAL=68042.095
Wed Feb 11 08:00:00 GMT+00:00 2015 Adding unprocessed symbols to watchlist: [SCI]
Fri Feb 13 08:00:00 GMT+00:00 2015 BUY: 32 shares of BDX cost-basis=132 for $4598.72 CASH-BAL=63436.375
Fri Feb 13 08:00:00 GMT+00:00 2015 Adding unprocessed symbols to watchlist: [EIGI, KLIC]
Tue Feb 17 08:00:00 GMT+00:00 2015 Adding unprocessed symbols to watchlist: [CBPO, LCI, KLIC]
Wed Feb 18 08:00:00 GMT+00:00 2015 Adding unprocessed symbols to watchlist: [LNKD, KLIC]
Thu Feb 19 08:00:00 GMT+00:00 2015 Adding unprocessed symbols to watchlist: [EPAM]
Fri Feb 20 08:00:00 GMT+00:00 2015 Adding unprocessed symbols to watchlist: [KLIC]
Mon Feb 23 08:00:00 GMT+00:00 2015 Adding unprocessed symbols to watchlist: [EIGI, LNKD, KLIC]
Tue Feb 24 08:00:00 GMT+00:00 2015 Adding unprocessed symbols to watchlist: [EIGI, LNKD, KLIC]
Wed Feb 25 08:00:00 GMT+00:00 2015 Adding unprocessed symbols to watchlist: [LNKD]
Thu Feb 26 08:00:00 GMT+00:00 2015 Adding unprocessed symbols to watchlist: [CBPO]
Fri Feb 27 08:00:00 GMT+00:00 2015 Adding unprocessed symbols to watchlist: [LCI]
Mon Mar 02 08:00:00 GMT+00:00 2015 Adding unprocessed symbols to watchlist: [LCI, EIGI, KLIC]
Tue Mar 03 08:00:00 GMT+00:00 2015 Adding unprocessed symbols to watchlist: [EIGI, KLIC]
Wed Mar 04 08:00:00 GMT+00:00 2015 Selling due to underperformance: BLL -1.07% in 27
Wed Mar 04 08:00:00 GMT+00:00 2015 SELL BLL x162 for $11550.6 -1.07%
Wed Mar 04 08:00:00 GMT+00:00 2015 BUY: 603 shares of EIGI cost-basis=19.4 for $11692.17 CASH-BAL=63280.805
Wed Mar 04 08:00:00 GMT+00:00 2015 Adding unprocessed symbols to watchlist: [OLN, LCI, KLIC, BMY]
Fri Mar 06 08:00:00 GMT+00:00 2015 Selling due to underperformance: AGU 2.94% in 43
Fri Mar 06 08:00:00 GMT+00:00 2015 SELL AGU x109 for $12035.78 2.94%
Fri Mar 06 08:00:00 GMT+00:00 2015 BUY: 196 shares of EPAM cost-basis=59.5 for $11652.2 CASH-BAL=63650.385
Fri Mar 06 08:00:00 GMT+00:00 2015 Selling due to underperformance: BDX 9.96% in 135
Fri Mar 06 08:00:00 GMT+00:00 2015 SELL BDX x175 for $25354.0 9.96%
Fri Mar 06 08:00:00 GMT+00:00 2015 BUY: 185 shares of LCI cost-basis=63.2 for $11692.0 CASH-BAL=77298.385
Mon Mar 09 08:00:00 GMT+00:00 2015 Adding unprocessed symbols to watchlist: [LNKD, KLIC]
Tue Mar 10 08:00:00 GMT+00:00 2015 Selling due to underperformance: VAR 0.167% in 27
Tue Mar 10 08:00:00 GMT+00:00 2015 SELL VAR x126 for $11658.78 0.167%
Tue Mar 10 08:00:00 GMT+00:00 2015 BUY: 143 shares of CBPO cost-basis=81.6 for $11665.94 CASH-BAL=77277.225
Wed Mar 11 08:00:00 GMT+00:00 2015 StopLoss-SoftStop SELL: (-6.66%)603 shares of EIGI for -6.66
Wed Mar 11 08:00:00 GMT+00:00 2015 SELL EIGI x603 for $10920.33 -6.66%
Wed Mar 11 08:00:00 GMT+00:00 2015 BUY: 395 shares of OLN cost-basis=29.5 for $11668.3 CASH-BAL=76515.255
Thu Mar 12 08:00:00 GMT+00:00 2015 Adding unprocessed symbols to watchlist: [LNKD]
Fri Mar 13 08:00:00 GMT+00:00 2015 Adding unprocessed symbols to watchlist: [KLIC]
Mon Mar 16 08:00:00 GMT+00:00 2015 Adding unprocessed symbols to watchlist: [KLIC]
Wed Mar 18 08:00:00 GMT+00:00 2015 Adding unprocessed symbols to watchlist: [AMBA, BMY]
Thu Mar 19 08:00:00 GMT+00:00 2015 StopLoss-SoftStop SELL: (-5.1%)395 shares of OLN for -5.1
Thu Mar 19 08:00:00 GMT+00:00 2015 SELL OLN x395 for $11079.75 -5.1%
Thu Mar 19 08:00:00 GMT+00:00 2015 BUY: 726 shares of KLIC cost-basis=16.1 for $11684.97 CASH-BAL=75896.035
Fri Mar 20 08:00:00 GMT+00:00 2015 Adding unprocessed symbols to watchlist: [LNKD]
Mon Mar 23 08:00:00 GMT+00:00 2015 Adding unprocessed symbols to watchlist: [BMY]
Tue Mar 24 08:00:00 GMT+00:00 2015 Adding unprocessed symbols to watchlist: [LNKD]
Wed Mar 25 08:00:00 GMT+00:00 2015 Market-CautiousUp-Sell -3%: (-3.14%)726 shares of KLIC for -3.14
Wed Mar 25 08:00:00 GMT+00:00 2015 SELL KLIC x726 for $11325.6 -3.14%
Wed Mar 25 08:00:00 GMT+00:00 2015 BUY: 168 shares of AMBA cost-basis=69.6 for $11686.08 CASH-BAL=75521.555
Thu Mar 26 08:00:00 GMT+00:00 2015 Adding unprocessed symbols to watchlist: [SIG, SFS]
Fri Mar 27 08:00:00 GMT+00:00 2015 Adding unprocessed symbols to watchlist: [SFS, EW]
Mon Mar 30 08:00:00 GMT+00:00 2015 BUY: 72 shares of SBUX cost-basis=91.0 for $6910.56 CASH-BAL=68603.995
Mon Mar 30 08:00:00 GMT+00:00 2015 Adding unprocessed symbols to watchlist: [SFS, EW]
Tue Mar 31 08:00:00 GMT+00:00 2015 Adding unprocessed symbols to watchlist: [SFS, NTDOY]
Wed Apr 01 08:00:00 GMT+00:00 2015 Adding unprocessed symbols to watchlist: [SFS, NTDOY]
Thu Apr 02 08:00:00 GMT+00:00 2015 Adding unprocessed symbols to watchlist: [SFS]
Mon Apr 06 08:00:00 GMT+00:00 2015 Adding unprocessed symbols to watchlist: [NTDOY]
Wed Apr 08 08:00:00 GMT+00:00 2015 BUY: 41 shares of AYI cost-basis=157 for $6927.36 CASH-BAL=61669.635
Thu Apr 09 08:00:00 GMT+00:00 2015 SBUX: Applying split factor of: 2.0
Thu Apr 09 08:00:00 GMT+00:00 2015 Adding unprocessed symbols to watchlist: [SIG]
Fri Apr 10 08:00:00 GMT+00:00 2015 Adding unprocessed symbols to watchlist: [SIG, EW, GE]
Mon Apr 13 08:00:00 GMT+00:00 2015 Adding unprocessed symbols to watchlist: [EW]
Tue Apr 14 08:00:00 GMT+00:00 2015 Adding unprocessed symbols to watchlist: [SFS, EW]
Thu Apr 16 08:00:00 GMT+00:00 2015 Adding unprocessed symbols to watchlist: [EW]
Mon Apr 20 08:00:00 GMT+00:00 2015 BUY: 104 shares of LCI cost-basis=64.5 for $6942.0 CASH-BAL=54720.635
Mon Apr 20 08:00:00 GMT+00:00 2015 Adding unprocessed symbols to watchlist: [SIG, EW]
Tue Apr 21 08:00:00 GMT+00:00 2015 Adding unprocessed symbols to watchlist: [SIG, SFS]
Wed Apr 22 08:00:00 GMT+00:00 2015 Adding unprocessed symbols to watchlist: [SIG]
Thu Apr 23 08:00:00 GMT+00:00 2015 Adding unprocessed symbols to watchlist: [EW]
Fri Apr 24 08:00:00 GMT+00:00 2015 Adding unprocessed symbols to watchlist: [SIG]
Mon Apr 27 08:00:00 GMT+00:00 2015 StopLoss-ScaledSoftStop SELL: ($65.145)289 @$61.9 shares of LCI for -4.07
Mon Apr 27 08:00:00 GMT+00:00 2015 SELL LCI x289 for $17889.1 -4.07%
Mon Apr 27 08:00:00 GMT+00:00 2015 BUY: 85 shares of SIG cost-basis=137 for $11612.7 CASH-BAL=60983.035
Wed Apr 29 08:00:00 GMT+00:00 2015 Adding unprocessed symbols to watchlist: [XPO]
Thu Apr 30 08:00:00 GMT+00:00 2015 Selling due to underperformance: AYI 6.26% in 104
Thu Apr 30 08:00:00 GMT+00:00 2015 SELL AYI x118 for $19700.1 6.26%
Thu Apr 30 08:00:00 GMT+00:00 2015 BUY: 488 shares of AVG cost-basis=23.9 for $11672.96 CASH-BAL=68996.175
Fri May 01 08:00:00 GMT+00:00 2015 BUY: 104 shares of EPAM cost-basis=62.0 for $6946.16 CASH-BAL=62043.015
Fri May 01 08:00:00 GMT+00:00 2015 BUY: 71 shares of CBPO cost-basis=87.1 for $6972.2 CASH-BAL=55063.815
Fri May 01 08:00:00 GMT+00:00 2015 Adding unprocessed symbols to watchlist: [BFAM]
Tue May 05 08:00:00 GMT+00:00 2015 Adding unprocessed symbols to watchlist: [CLGX]
Thu May 07 08:00:00 GMT+00:00 2015 Adding unprocessed symbols to watchlist: [CLGX]
Fri May 08 08:00:00 GMT+00:00 2015 BUY: 93 shares of SBUX cost-basis=46.3 for $4629.54 CASH-BAL=50427.275
Fri May 08 08:00:00 GMT+00:00 2015 Adding unprocessed symbols to watchlist: [CLGX, IMPV, BFAM]
Mon May 11 08:00:00 GMT+00:00 2015 Adding unprocessed symbols to watchlist: [BFAM]
Tue May 12 08:00:00 GMT+00:00 2015 Adding unprocessed symbols to watchlist: [XPO, IPAR]
Wed May 13 08:00:00 GMT+00:00 2015 Selling due to underperformance: SIG -1.08% in 16
Wed May 13 08:00:00 GMT+00:00 2015 SELL SIG x85 for $11494.55 -1.08%
Wed May 13 08:00:00 GMT+00:00 2015 BUY: 242 shares of XPO cost-basis=48.1 for $11649.88 CASH-BAL=50257.945
Thu May 14 08:00:00 GMT+00:00 2015 Adding unprocessed symbols to watchlist: [CLGX, BFAM]
Fri May 15 08:00:00 GMT+00:00 2015 Adding unprocessed symbols to watchlist: [BFAM]
Mon May 18 08:00:00 GMT+00:00 2015 Adding unprocessed symbols to watchlist: [IPAR, BFAM]
Tue May 19 08:00:00 GMT+00:00 2015 Adding unprocessed symbols to watchlist: [BFAM]
Wed May 20 08:00:00 GMT+00:00 2015 Adding unprocessed symbols to watchlist: [TWC, IPAR, TTPH]
Thu May 21 08:00:00 GMT+00:00 2015 Adding unprocessed symbols to watchlist: [CLGX]
Fri May 22 08:00:00 GMT+00:00 2015 Adding unprocessed symbols to watchlist: [CLGX]
Tue May 26 08:00:00 GMT+00:00 2015 Adding unprocessed symbols to watchlist: [IPAR, BFAM]
Wed May 27 08:00:00 GMT+00:00 2015 Adding unprocessed symbols to watchlist: [AMED, CLGX, IPAR, BFAM]
Thu May 28 08:00:00 GMT+00:00 2015 Adding unprocessed symbols to watchlist: [IPAR, TTPH]
Fri May 29 08:00:00 GMT+00:00 2015 Adding unprocessed symbols to watchlist: [DGX, AMED, IPAR, TTPH]
Mon Jun 01 08:00:00 GMT+00:00 2015 Adding unprocessed symbols to watchlist: [DGX, AMED]
Tue Jun 02 08:00:00 GMT+00:00 2015 Adding unprocessed symbols to watchlist: [IPAR]
Wed Jun 03 08:00:00 GMT+00:00 2015 Adding unprocessed symbols to watchlist: [TTPH]
Fri Jun 05 08:00:00 GMT+00:00 2015 Selling due to underperformance: XPO 0.958% in 23
Fri Jun 05 08:00:00 GMT+00:00 2015 SELL XPO x242 for $11768.46 0.958%
Fri Jun 05 08:00:00 GMT+00:00 2015 BUY: 273 shares of TTPH cost-basis=42.7 for $11665.29 CASH-BAL=50347.115
Fri Jun 05 08:00:00 GMT+00:00 2015 Adding unprocessed symbols to watchlist: [BFAM]
Mon Jun 08 08:00:00 GMT+00:00 2015 Adding unprocessed symbols to watchlist: [IPAR, BFAM]
Tue Jun 09 08:00:00 GMT+00:00 2015 Adding unprocessed symbols to watchlist: [CMN, IPAR]
Wed Jun 10 08:00:00 GMT+00:00 2015 Adding unprocessed symbols to watchlist: [IPAR]
Thu Jun 11 08:00:00 GMT+00:00 2015 Adding unprocessed symbols to watchlist: [IPAR]
Fri Jun 12 08:00:00 GMT+00:00 2015 Adding unprocessed symbols to watchlist: [BFAM]
Mon Jun 15 08:00:00 GMT+00:00 2015 BUY: 65 shares of EPAM cost-basis=63.6 for $4613.7 CASH-BAL=45726.415
Mon Jun 15 08:00:00 GMT+00:00 2015 BUY: 42 shares of CBPO cost-basis=90.8 for $4616.22 CASH-BAL=41103.195
Mon Jun 15 08:00:00 GMT+00:00 2015 Adding unprocessed symbols to watchlist: [BFAM]
Tue Jun 16 08:00:00 GMT+00:00 2015 Adding unprocessed symbols to watchlist: [IPAR, BFAM]
Wed Jun 17 08:00:00 GMT+00:00 2015 Adding unprocessed symbols to watchlist: [RDUS, IPAR]
Thu Jun 18 08:00:00 GMT+00:00 2015 Adding unprocessed symbols to watchlist: [IPAR]
Fri Jun 19 08:00:00 GMT+00:00 2015 Adding unprocessed symbols to watchlist: [BRLI, IPAR]
Mon Jun 22 08:00:00 GMT+00:00 2015 Adding unprocessed symbols to watchlist: [BRLI, IPAR]
Tue Jun 23 08:00:00 GMT+00:00 2015 Adding unprocessed symbols to watchlist: [BRLI, IPAR]
Wed Jun 24 08:00:00 GMT+00:00 2015 Adding unprocessed symbols to watchlist: [BRLI, IPAR, BFAM]
Thu Jun 25 08:00:00 GMT+00:00 2015 Adding unprocessed symbols to watchlist: [BRLI, IPAR, BFAM]
Fri Jun 26 08:00:00 GMT+00:00 2015 Adding unprocessed symbols to watchlist: [BRLI]
Mon Jun 29 08:00:00 GMT+00:00 2015 Market-Downtrend-Sell 20EMA: (-1.69%)273 shares of TTPH for 0.97
Mon Jun 29 08:00:00 GMT+00:00 2015 SELL TTPH x273 for $11785.41 0.97%
Mon Jun 29 08:00:00 GMT+00:00 2015 Selling due to underperformance: EPAM 9.32% in 115
Mon Jun 29 08:00:00 GMT+00:00 2015 SELL EPAM x365 for $25396.7 9.32%
Mon Jun 29 08:00:00 GMT+00:00 2015 BUY: 292 shares of BRLI cost-basis=40.0 for $11685.84 CASH-BAL=66578.465
Wed Jul 01 08:00:00 GMT+00:00 2015 BUY: 254 shares of AVG cost-basis=25.1 for $6967.22 CASH-BAL=59604.245
Wed Jul 01 08:00:00 GMT+00:00 2015 Adding unprocessed symbols to watchlist: [ITCI, IPAR]
Thu Jul 02 08:00:00 GMT+00:00 2015 Adding unprocessed symbols to watchlist: [ITCI]

---- Final Portfolio Holdings as of Sun Jul 05 04:32:37 GMT+00:00 2015 ----
null 501 of SBUX with cost basis of 46.3 and pct-chg: 17.1% with % of portfolio weight=16.4%
null 256 of CBPO with cost basis of 90.8 and pct-chg: 27.0% with % of portfolio weight=17.8%
null 168 of AMBA with cost basis of 69.6 and pct-chg: 45.4% with % of portfolio weight=10.2%
null 742 of AVG with cost basis of 25.1 and pct-chg: 9.67% with % of portfolio weight=12.3%
null 292 of BRLI with cost basis of 40.0 and pct-chg: 4.21% with % of portfolio weight=7.34%

Total Invested Amount = 106297.14 with % of portfolio weight=64.1%
Cash Bal = 59604.245 with % of portfolio weight=35.9%
Net Value = 165901.385

---- Run stats ----
Start-Date: Tue Jan 01 08:00:00 GMT+00:00 2013
End-Date: Sun Jul 05 04:32:37 GMT+00:00 2015
Total Trading days: 915
Net Gain/Loss = 65901.385
Pct Chg = 65.9%
