Fri Jan 02 08:00:00 GMT+00:00 2015: Bases processed : ABM-W, BIO-W, DDS-W, GPX-W, SJI-W, SYNL-W, WRE-W, GAS-W, ASMI-D, ASMI-W, CTWS-W, GFI-D, QDEL-W, AN-W, UTMD-W, UAM-W, WSM-W, ASYS-D, TPHS-D, TPHS-W, SBCF-W, HCSG-W, ONB-W, FULT-W, MBVT-W, DJCO-W, SKYW-W, SUBK-W, WTS-W, DNP-W, MVF-D, MVF-W, DMF-W, MHF-W, HALL-W, GSBC-W, NQS-D, NQS-W, DV-W, NIO-W, NBTB-W, VMO-D, VMO-W, SYBT-W, WINA-W, BYD-W, TDF-W, ALLB-W, RWT-W, DVA-W, MIG-W, SASR-W, ALV-W, REIS-W, MFL-W, AXTI-W, XLI-W, EMI-W, MMV-W, GBL-W, MUE-D, MUE-W, BSRR-W, INAP-W, PFSW-W, FCBC-W, CHFN-W, PWOD-W, BLJ-W, HOFT-D, HOFT-W, SNX-W, VBR-W, DRAD-W, MFLX-W, HEOP-W, EBTC-W, PFBC-W, PXSG-W, PBIP-W, PEJ-W, ISBC-W, FDL-W, QVCB-W, GFN-W, COWN-D, COWN-W, PGF-D, PGF-W, UWM-W, TTGT-W, FGB-W, TLO-D, TLO-W, SEP-W, VRTU-W, IQNT-W, APEI-W, HI-W, FSFG-W, MTT-W, LTPZ-D, LTPZ-W, CPI-W, SCHA-W, IRWD-W, CJJD-W, KRU-W, BBN-W, IVOO-W, IPHI-W, SBRA-W, SIBC-W, XMPT-D, XMPT-W, NLNK-D, NLNK-W, RLGT-D, RLGT-W, BOTJ-W, BV-W, ARGS-W, ALSN-W, EMLP-W, LOCK-W, CAPL-W, MPLX-W, CONE-W, BCC-D, BCC-W, XSLV-W, PGEM-W, IBDD-D, IBDD-W, CVT-W, DOOR-W, HMHC-W, EGRX-D, EGRX-W, GEUR-W, FNFV-W, CDC-W, VRTV-D, VRTV-W, MRNS-W, BHBK-W, TRTL-W, PRQR-W, BCLI-W, XENE-W, DBVT-W, CHRS-W, BGSF-W, ARKK-D, ARKK-W, NDRM-W, CNV-W, PGRE-W, HDP-W, NEWR-W, 
Fri Jan 02 08:00:00 GMT+00:00 2015: signals : 
Fri Jan 02 08:00:00 GMT+00:00 2015: Signals ordered by strength : 
Thu Jan 08 08:00:00 GMT+00:00 2015: Bases processed : PCH-D, TMO-D, TAP-D, BAM-D, LABL-D, NMA-D, NQP-D, ZBRA-D, BSX-D, DHI-D, MCRI-D, BKS-D, WMAR-D, PENN-D, WAT-D, IMH-D, NLS-D, EPR-D, MRVL-D, ILMN-D, UMC-D, ANTM-D, MANT-D, NRK-D, HPF-D, HPS-D, FXI-D, CMG-D, ITB-D, MSBF-D, GXC-D, IDI-D, TREE-D, TRNO-D, FSL-D, TSRO-D, XPLR-D, QTS-D, PFNX-D, WK-D, 
Thu Jan 08 08:00:00 GMT+00:00 2015: signals : BSX,MRVL,CMG,
Thu Jan 08 08:00:00 GMT+00:00 2015: Signals ordered by strength : CMG(125.0), MRVL(95.0), BSX(70.0), 
Thu Jan 22 08:00:00 GMT+00:00 2015: Bases processed : ADP-D, HL-D, TXT-D, VMC-D, CCF-D, HURC-D, HLS-D, WETF-D, ISLE-D, AGU-D, IMAX-D, TSM-D, CCI-D, CEV-D, ARRY-D, DWAQ-D, RNP-D, VDC-D, BLKB-D, STON-D, TTM-D, NRF-D, PBH-D, RLGY-D, CNK-D, TUR-D, FCHI-D, CLNY-D, IVOG-D, FCA-D, RMAX-D, EMCG-D, HLT-D, AHP-D, FTLB-D, HEWG-D, SABR-D, FBND-D, BAESY-D, 
Thu Jan 22 08:00:00 GMT+00:00 2015: signals : TSM,CCI,
Thu Jan 22 08:00:00 GMT+00:00 2015: Signals ordered by strength : TSM(115.0), CCI(75.0), 
Fri Jan 23 08:00:00 GMT+00:00 2015: Bases processed : ADP-W, WEN-W, GD-D, GD-W, MCI-W, SJM-W, SNE-D, SNE-W, TSO-D, TSO-W, TXT-W, UNP-D, UNP-W, UTX-W, VMC-W, CCF-W, CSWC-D, CSWC-W, TM-W, VISI-W, PAYX-D, PAYX-W, SPAR-D, SPAR-W, RMCF-D, RMCF-W, CLDX-W, HLS-W, FUN-W, HQH-W, NCA-W, CRUS-W, PDT-W, WETF-W, ICUI-W, SBUX-D, SBUX-W, ISLE-W, AGU-W, BRLI-W, IIF-W, IMAX-W, GEO-W, TSEM-W, UNFI-W, TSM-W, CHL-W, FDP-W, MRCY-W, LVLT-D, LVLT-W, CCI-W, CEV-W, INFY-W, HPTO-D, HPTO-W, PPH-W, IBN-W, PUK-D, PUK-W, TKC-W, ASR-W, ARRY-W, JPS-D, JPS-W, EIO-W, DWAQ-W, RNP-W, VDC-W, ERH-D, ERH-W, BLKB-W, STON-W, TTM-W, NRF-W, PBH-W, PJP-D, PJP-W, RLGY-W, HF-W, PDP-D, PDP-W, CNK-W, BX-D, BX-W, OWW-W, WX-W, TFI-W, ULTA-D, ULTA-W, PIN-W, TUR-W, CNY-W, FCHI-W, LWC-W, PMT-W, CLNY-W, BUD-W, ABCD-W, HEDJ-D, HEDJ-W, INDL-W, KKR-W, IVOG-W, FCA-W, ACWV-W, DRGS-W, GEVA-W, FHK-D, FHK-W, VIPS-D, VIPS-W, SBGL-W, IBCE-W, TEP-W, RMAX-W, EMCG-W, DXGE-D, DXGE-W, RLYP-W, HLT-W, AHP-W, FTLB-W, HEWG-W, SABR-W, INDA-W, TCEHY-W, WBII-D, WBII-W, DWAT-W, FBND-W, KEYS-W, BAESY-W, SMIN-W, 
Fri Jan 23 08:00:00 GMT+00:00 2015: signals : SBUX,
Fri Jan 23 08:00:00 GMT+00:00 2015: Signals ordered by strength : SBUX(140.0), 
Fri Feb 06 08:00:00 GMT+00:00 2015: Bases processed : APD-W, BCE-W, BLL-W, BMI-W, CDI-W, CSC-D, CSC-W, DAN-W, DD-W, FSS-W, GCI-D, GCI-W, AJRD-D, AJRD-W, HEI-W, HRB-W, HRS-D, HRS-W, ITW-D, ITW-W, LPX-W, MHFI-W, NI-W, PAI-W, SNA-W, TYL-W, SXT-D, SXT-W, ALOG-D, ALOG-W, APOG-W, BOH-D, BOH-W, SNV-D, SNV-W, FTR-W, FHN-D, FHN-W, GK-W, HNI-D, HNI-W, MSCC-W, OMI-W, SEIC-W, SIGI-W, TARO-W, ESND-D, ESND-W, LM-W, NPBC-W, MENT-W, HCSG-W, RFP-D, RFP-W, BRC-W, NANO-W, EXAR-W, COST-W, DTV-W, FRPH-W, AMWD-W, SUBK-W, FRC-D, FRC-W, INT-W, WSFS-D, WSFS-W, MKL-W, WBS-D, WBS-W, FBP-W, CMU-W, CPF-W, CBM-D, CBM-W, JOUT-W, AKRX-W, JMM-W, LWAY-W, SPLS-W, FRME-D, FRME-W, TG-W, DSM-W, GSBC-W, MMSI-W, EXPO-W, CATY-D, CATY-W, MLI-W, ZBRA-W, NUO-W, ROP-W, SBI-W, SMRT-W, KSS-W, CACC-W, HCC-W, QUMU-W, NMT-W, ORLY-W, PRE-W, HHS-W, OSBC-W, RGCO-W, DSPG-W, CPRT-D, CPRT-W, FLEX-W, MTSN-W, UHAL-W, RWT-W, KFRC-W, MDY-W, RE-W, DST-W, EL-W, NICE-W, SSNC-W, DASTY-W, ETFC-W, PAG-W, PLUS-W, DTEGY-W, SLGN-W, AMTD-D, AMTD-W, ALV-W, MTD-W, VRSN-D, VRSN-W, BRCM-W, FII-D, FII-W, ULTI-W, MSTR-D, MSTR-W, CSGP-W, XLY-W, DLPH-W, EWBC-W, CEB-W, TREX-W, ATLC-D, ATLC-W, PVTB-D, PVTB-W, FLWS-W, CHTR-W, MFSF-W, FBR-W, IJH-W, IWF-D, IWF-W, IYC-W, IWO-D, IWO-W, IJT-W, BKMU-D, BKMU-W, RVP-W, IWS-W, IWR-D, IWR-W, IWP-W, OMCL-W, CHFN-W, BHK-W, VXF-W, CCOI-W, ABG-W, PNFP-W, WTBA-W, PCK-W, SAFT-W, EIV-W, CME-D, CME-W, FPT-W, PFS-D, PFS-W, FFC-W, TLKGY-W, AHL-W, NNI-W, VBK-W, VCR-W, VO-D, VO-W, VUG-D, VUG-W, ABR-W, JKE-W, JKG-D, JKG-W, JKH-W, JKK-D, JKK-W, MIC-W, PWB-W, WAL-D, WAL-W, ISBC-W, PPA-W, ICE-D, ICE-W, AMSF-W, RPG-D, RPG-W, RZG-D, RZG-W, MWA-W, VG-W, DON-W, DXJ-W, MVV-W, AWH-W, VOE-D, VOE-W, RXI-W, PTF-D, PTF-W, RTM-W, SBH-W, IPGP-W, UCC-W, FAD-W, FEX-W, FTA-D, FTA-W, LLNW-W, VR-D, VR-W, MOO-W, FFNW-W, LPSB-W, IFEU-W, KW-W, V-W, MOFG-W, MHLD-W, MGK-D, MGK-W, AOR-D, AOR-W, ICI-W, TIPZ-W, MG-W, VRSK-W, SCHG-W, MSG-W, FNGN-W, TNAV-W, ENV-D, ENV-W, IVOO-W, VTWG-D, VTWG-W, ZGNX-W, KBWP-W, EWRI-D, EWRI-W, SCHM-W, PCRX-W, ANCB-W, FONE-W, LNKD-D, LNKD-W, DBGR-W, LMOS-W, BCOV-D, BCOV-W, CUBI-W, GIVE-W, ALFA-D, ALFA-W, EGL-W, LVNTA-W, QLYS-W, ADT-W, DKL-W, QDEF-D, QDEF-W, AFH-D, DATA-W, COTY-W, PGZ-W, KCG-W, LDRH-W, RDIV-W, FDIS-W, FCOM-D, FCOM-W, ALLE-W, USDU-W, ALQA-W, HEWJ-W, HEFA-W, GYEN-W, SQBK-W, HRTG-W, ASHS-W, TIME-W, FBGX-D, FBGX-W, WIL-W, MDLL-D, MDLL-W, LDRI-W, QTWN-W, ICL-W, DVP-W, FCAU-W, BOOT-W, JPIN-W, DIVC-D, DIVC-W, 
Fri Feb 06 08:00:00 GMT+00:00 2015: signals : VRSN,CME,
Fri Feb 06 08:00:00 GMT+00:00 2015: Signals ordered by strength : CME(70.0), VRSN(65.0), 
Mon Feb 09 08:00:00 GMT+00:00 2015: Bases processed : HAS-D, MSI-D, IRIX-D, RTEC-D, AHS-D, HPI-D, ANIP-D, ORA-D, 
Mon Feb 09 08:00:00 GMT+00:00 2015: signals : 
Mon Feb 09 08:00:00 GMT+00:00 2015: Signals ordered by strength : 
Tue Feb 10 08:00:00 GMT+00:00 2015: Bases processed : AON-D, SEE-D, SIAL-D, APH-D, URBN-D, MLM-D, FWV-D, HIHO-D, BLK-D, TW-D, FVL-D, MOH-D, PSI-D, NHF-D, RAX-D, TTFS-D, FRGI-D, MODN-D, PINC-D, VTTI-D, 
Tue Feb 10 08:00:00 GMT+00:00 2015: signals : SEE,MOH,
Tue Feb 10 08:00:00 GMT+00:00 2015: Signals ordered by strength : MOH(115.0), SEE(75.0), 
Wed Apr 08 08:00:00 GMT+00:00 2015: Bases processed : CYN-D, APB-D, SNPS-D, ASGN-D, LGND-D, MHO-D, GSH-D, CHL-D, DSGX-D, EVF-D, NTES-D, SOHU-D, BNY-D, PDFS-D, SMI-D, JRO-D, VPL-D, PSJ-D, ETE-D, GWL-D, LULU-D, VEA-D, AMCN-D, TAO-D, AAXJ-D, PXR-D, DZK-D, CHIQ-D, QQQC-D, NOAH-D, BONA-D, WD-D, IBCC-D, CLACU-D, IEIL-D, FLTB-D, FPXI-D, JPIN-D, GHII-D, 
Wed Apr 08 08:00:00 GMT+00:00 2015: signals : 
Wed Apr 08 08:00:00 GMT+00:00 2015: Signals ordered by strength : 
Thu Apr 09 08:00:00 GMT+00:00 2015: Bases processed : SHW-D, APOG-D, EVI-D, NSEC-D, TPHS-D, ESRX-D, IX-D, SYNA-D, DXCM-D, SIMO-D, CCO-D, TLO-D, WPS-D, PGX-D, PIN-D, DL-D, CJJD-D, QLIK-D, EWRM-D, ASMB-D, KOLD-D, NOW-D, KWEB-D, RNG-D, EIGI-D, BCHP-D, WBIE-D, WBIH-D, SMIN-D, 
Thu Apr 09 08:00:00 GMT+00:00 2015: signals : APOG,EIGI,
Thu Apr 09 08:00:00 GMT+00:00 2015: Signals ordered by strength : EIGI(195.0), APOG(100.0), 
Wed Apr 15 08:00:00 GMT+00:00 2015: Bases processed : FSS-D, KMI-D, ECL-D, MSA-D, NEWP-D, PLXS-D, ECF-D, DXLG-D, DDC-D, GVA-D, MW-D, RDN-D, WINA-D, WVFC-D, CBAN-D, GSIG-D, ROIA-D, CYRN-D, OCLR-D, DCM-D, CLSN-D, ROIAK-D, CKSW-D, SLYV-D, SWHC-D, RSP-D, JDD-D, DCA-D, IGA-D, PRF-D, KXI-D, EXLP-D, FSLR-D, TAST-D, FAB-D, FEX-D, TTHI-D, QABA-D, TMH-D, EWRI-D, EWRS-D, JGBL-D, SPHB-D, FSZ-D, ACIM-D, HAWK-D, CNHI-D, CNTR-D, NGHC-D, WBIB-D, WBIG-D, AAC-D, GAA-D, ABEO-D, EQAL-D, ZSML-D, 
Wed Apr 15 08:00:00 GMT+00:00 2015: signals : 
Wed Apr 15 08:00:00 GMT+00:00 2015: Signals ordered by strength : 
Thu Apr 16 08:00:00 GMT+00:00 2015: Bases processed : ACU-D, UL-D, UN-D, ENZN-D, FBP-D, VGR-D, PNRA-D, ISL-D, MHE-D, EOC-D, TRQ-D, TASR-D, NJ-D, VEOEY-D, IXG-D, NFLX-D, ADRA-D, EZA-D, FDN-D, IPHS-D, MNOV-D, GII-D, SDT-D, FPA-D, SKYY-D, VEGA-D, DATA-D, BRSS-D, MRIC-D, EFAD-D, CYBR-D, GTOMY-D, ARKK-D, HACK-D, PN-D, SBEU-D, SUM-D, 
Thu Apr 16 08:00:00 GMT+00:00 2015: signals : 
Thu Apr 16 08:00:00 GMT+00:00 2015: Signals ordered by strength : 
Fri Apr 17 08:00:00 GMT+00:00 2015: Bases processed : ACU-W, JPM-W, DCO-W, FSS-W, IR-W, KMI-W, LGL-W, UL-W, UN-W, ECL-W, FELE-W, NEWP-W, DXR-W, SRCE-W, NPBC-W, ENZN-W, IVC-W, AMS-D, AMS-W, AEPI-W, PLXS-W, LSBG-D, LSBG-W, ECF-W, PTSI-W, FBP-W, DXLG-W, VGR-W, DDC-W, GVA-W, CHKE-W, PNRA-W, RGS-W, KALU-D, KALU-W, MW-W, GIB-W, ISL-W, RDN-W, MHE-W, WINA-W, PRE-W, WVFC-W, EOC-W, NTT-W, RICK-D, TRQ-W, CBAN-W, ETM-W, GSIG-W, GS-W, ROIA-W, NAN-D, NAN-W, CYRN-W, CE-D, CE-W, TDY-W, SQNM-W, OCLR-W, DCM-W, CLSN-W, ROIAK-W, ISRG-W, CKSW-W, RTIX-W, SLYV-W, MIFI-D, MIFI-W, YORW-W, TASR-W, VEOEY-W, NFLX-W, EVM-D, EVM-W, ADRA-W, SWHC-W, EZA-W, RSP-W, AXS-W, JDD-W, SOCB-D, SOCB-W, ETO-W, MFLX-W, DCA-W, XRM-W, BLDR-W, IGA-W, DOVR-W, VIMC-D, VIMC-W, PRF-W, GLO-W, PGTI-W, FDN-W, PBIB-W, KXI-W, EXLP-W, FSLR-W, MNOV-W, TAST-W, GII-W, FAB-W, FEX-W, TTHI-W, CUT-W, QABA-W, STK-W, TMH-W, INDL-W, FIBK-W, SCIN-W, EWRI-W, EWRS-W, SDT-W, SPHB-W, FWDI-D, FWDI-W, SKYY-W, FSZ-W, IDHB-W, ACIM-W, RWXL-D, RWXL-W, GMED-W, VEGA-W, CRDT-D, CRDT-W, MODN-W, SRLN-W, HAWK-W, IBCE-W, GWPH-W, DATA-W, PGEM-W, DFP-W, KFYP-W, STCK-W, CGIX-W, FATE-D, FATE-W, MRIC-W, EVOK-W, CNHI-W, AERI-W, WUBA-W, DXKW-W, CNTR-W, ACSF-W, CARA-W, NGHC-W, KING-W, CORI-W, DXJF-W, TSE-W, MOKO-D, MOKO-W, IFV-D, IFV-W, EFAD-W, WBIB-W, WBIG-W, VWR-D, VWR-W, HEEM-W, GTOMY-W, ARKK-W, HACK-W, GAA-W, ABEO-W, EQAL-W, PN-W, IQLT-W, ENTL-W, ZSML-W, SBEU-W, SUM-W, STDY-W, 
Fri Apr 17 08:00:00 GMT+00:00 2015: signals : CE,
Fri Apr 17 08:00:00 GMT+00:00 2015: Signals ordered by strength : CE(65.0), 
Fri Apr 24 08:00:00 GMT+00:00 2015: Bases processed : ABT-W, BCR-D, BCR-W, BK-W, CSL-W, EFX-W, NEU-W, JCI-W, NI-D, NI-W, OCR-W, OXM-W, SWK-W, TFX-W, UVV-W, VAR-W, WWW-D, CMCSA-W, EMCI-W, CLGX-W, NSANY-W, SIAL-W, STJ-W, RGR-W, ESND-W, AMGN-W, SLM-W, CRV-W, MENT-W, BT-D, BT-W, ADSK-W, BMTC-W, DTV-W, FRC-W, HAR-W, VSR-D, VSR-W, TWN-W, CMCSK-W, DNP-W, SIVB-D, SIVB-W, WPPGY-W, AKRX-W, HIFS-W, CRH-D, CRH-W, ZIXI-W, MMSI-D, MMSI-W, EXPO-W, JBSS-W, PFO-W, PPR-W, COLB-W, MMU-W, ARRS-W, ENI-W, ATVI-W, TSCO-W, PENN-D, PENN-W, HNP-W, WAB-W, SSNC-D, SSNC-W, DASTY-W, IGTE-W, AMZN-D, AMZN-W, PBHC-W, SIRO-W, YUM-W, PCCC-W, CLS-W, FCAP-W, QQQ-W, RAI-W, RDWR-W, IMMR-W, ALSK-W, NTWK-W, AGEN-D, AGEN-W, LNBB-W, EWT-W, UNB-W, CRNT-W, SPYG-D, SPYG-W, XXIA-D, THRK-W, IGM-D, IGM-W, IGV-W, IXN-W, EMJ-W, EEM-W, IHG-W, JQC-D, JQC-W, ANIP-W, AEL-W, CII-D, CII-W, DPZ-W, FFA-W, VOX-W, PGJ-W, OSHC-D, OSHC-W, COOL-W, PXMG-W, VWO-D, VWO-W, DSW-D, DRC-W, EFG-W, GLP-W, NXTM-W, FNF-D, FNF-W, ONEK-W, SNCR-W, DFE-D, AXJL-W, QLD-W, SSO-D, SSO-W, AYR-W, GSL-W, DEF-W, ORIT-W, VEU-W, GLUU-W, SAR-W, TFSL-W, BGS-D, BGS-W, PMC-W, PZG-W, UEC-W, XIN-W, V-W, IGF-W, ACWX-W, INR-W, EDC-W, CYOU-W, EET-W, EMIF-W, ECHO-W, SCHF-W, SCHE-D, SCHE-W, TQQQ-D, TQQQ-W, AVEO-W, SPSC-D, SPSC-W, FAF-W, XRS-W, VNQI-W, MOBI-W, FLT-W, QADA-D, SQNS-W, UJB-W, FEM-W, FPA-W, CARZ-W, TAOM-D, TAOM-W, PXLG-W, FRAN-W, DNKN-D, DNKN-W, EEMV-W, SOCL-W, AGA-W, TNDQ-W, EGRW-W, VCRA-W, GIG-W, GIVE-D, GIVE-W, GURU-W, JPI-W, QEH-W, SFBC-W, TLTE-W, IXUS-W, IEMG-W, WGP-W, INBK-D, INBK-W, SEAS-W, IBCD-D, IBCD-W, KMDA-W, FPF-W, BSCM-W, NFRA-W, FCOM-W, GLYC-W, VIDI-W, IMS-D, IMS-W, DXJC-W, SFBS-W, SPUU-W, FBGX-W, IEUR-W, BLBD-W, WIL-W, INNL-D, INNL-W, SMLL-W, BNK-W, AAC-W, EMQQ-D, EMQQ-W, AVOL-D, AVOL-W, KCNY-W, VSTO-W, FLRT-W, FSB-W, RELY-W, 
Fri Apr 24 08:00:00 GMT+00:00 2015: signals : MMSI,DNKN,IMS,
Fri Apr 24 08:00:00 GMT+00:00 2015: Signals ordered by strength : IMS(190.0), DNKN(150.0), MMSI(90.0), 
Tue Apr 28 08:00:00 GMT+00:00 2015: Bases processed : BRN-D, AAPL-D, MSEX-D, MEOH-D, MBVT-D, CDNS-D, AGCO-D, FDEF-D, MZA-D, SBBX-D, XLK-D, RTEC-D, PGC-D, JPC-D, JOBS-D, CZFC-D, IPGP-D, MOFG-D, CNY-D, TECL-D, ARPI-D, GTT-D, SC-D, OPB-D, HQY-D, BHBK-D, 
Tue Apr 28 08:00:00 GMT+00:00 2015: signals : JOBS,SC,HQY,
Tue Apr 28 08:00:00 GMT+00:00 2015: Signals ordered by strength : SC(90.0), HQY(90.0), JOBS(65.0), 
Tue May 05 08:00:00 GMT+00:00 2015: Bases processed : KEY-D, STT-D, SCHW-D, GTIM-D, GTNA-D, NOM-D, EL-D, GTN-D, XEC-D, RPV-D, PRMW-D, GTWN-D, GGAC-D, NCOM-D, 
Tue May 05 08:00:00 GMT+00:00 2015: signals : 
Tue May 05 08:00:00 GMT+00:00 2015: Signals ordered by strength : 
Fri May 15 08:00:00 GMT+00:00 2015: Bases processed : HON-W, AME-W, BFA-W, CAG-D, DHR-W, MCK-W, GAM-W, NPK-W, PHH-W, PLL-W, TTDKY-W, AEM-W, ASB-W, CSWC-D, CSWC-W, FMER-W, KOSS-W, INTG-W, NKE-D, NKE-W, TRR-W, STRN-W, IDTI-W, LOJN-W, EMRI-W, CNO-W, JJSF-W, BCS-W, FISV-W, C-W, FFKT-W, WBS-W, PLAB-W, ICCC-W, ELUXY-D, ELUXY-W, SNFCA-W, SEV-W, IPAR-W, VOD-W, PTC-W, CGA-W, REGN-W, SCLN-W, ICUI-W, USPH-W, CCU-W, JAH-W, PERY-W, FLL-W, IT-W, BTO-W, COF-D, COF-W, CTRX-W, ISSI-W, ASML-D, ASML-W, RE-W, RICK-W, OPK-W, SGU-D, SGU-W, EWK-W, EWL-W, TCX-D, TCX-W, FDS-W, IMN-W, BSI-W, TACT-D, TACT-W, CALM-W, CIEN-D, CIEN-W, WTFC-W, SAP-W, EBAY-W, XLF-W, MKSI-W, RHT-W, EGBN-W, BSQR-D, BSQR-W, SPTN-W, SPYV-D, SPYV-W, TW-D, TW-W, JHX-W, ANTM-W, ALR-D, NMR-W, ADRU-W, OEF-W, SNX-W, CTRP-W, GTXI-W, VTV-W, MGN-W, MCHX-W, HSP-W, ANCX-W, EXR-W, CSCD-W, NDAQ-W, FFNM-W, ALJ-W, ICE-W, TDG-W, IAI-W, IAT-W, DNL-W, DOL-D, DOL-W, DWM-W, WNS-W, RWX-D, RWX-W, GDL-W, UGE-W, EPS-D, EPS-W, EXT-W, SSFN-W, HOLI-D, HOLI-W, FXO-W, SCOR-D, SCOR-W, BKCC-W, VRTU-W, PXF-W, PDN-W, IFGL-D, IFGL-W, MGV-W, FSFG-W, FAS-D, FAS-W, GRN-W, ALN-W, TAT-W, PSCC-D, PSCC-W, SANW-W, NPTN-W, CROP-W, GSVC-D, GSVC-W, CSRE-W, TTFS-D, TTFS-W, KBWI-W, LVNTB-D, LVNTB-W, TLTD-W, ICPT-W, CAPE-D, CAPE-W, IXUS-D, PF-D, VOYA-W, DGRW-D, DGRW-W, STRP-W, FNDF-W, PINC-W, CRTO-W, FTEC-D, FTEC-W, SRNE-D, SRNE-W, TFLO-W, PCTY-W, PAHC-W, EUMV-W, SERV-D, SERV-W, SBCP-W, FCB-W, WBII-W, YDLE-W, KE-D, KLXI-W, LLSP-W, GDXX-W, GDDY-W, KMPH-W, PRTY-W, 
Fri May 15 08:00:00 GMT+00:00 2015: signals : 
Fri May 15 08:00:00 GMT+00:00 2015: Signals ordered by strength : 
Mon May 18 08:00:00 GMT+00:00 2015: Bases processed : ADX-D, SWKS-D, LPX-D, LUK-D, SNV-D, MEI-D, NBN-D, ANN-D, SPY-D, AEIS-D, QRVO-D, BHB-D, DIA-D, IJH-D, IVE-D, IUSV-D, CVGW-D, ADRD-D, JKG-D, JKI-D, PPO-D, KLD-D, PWV-D, ITRN-D, DLN-D, DDM-D, SFLY-D, PTF-D, EQWL-D, CZA-D, FXL-D, RWL-D, MLVF-D, ORRF-D, ABCD-D, SCHV-D, UDOW-D, MXL-D, VONV-D, BLOX-D, ANGL-D, MMTM-D, NCLH-D, FNDB-D, FNDX-D, LDRH-D, SRLP-D, CQH-D, RDVY-D, SIEN-D, RMP-D, KRNT-D, NSA-D, 
Mon May 18 08:00:00 GMT+00:00 2015: signals : 
Mon May 18 08:00:00 GMT+00:00 2015: Signals ordered by strength : 
Tue May 19 08:00:00 GMT+00:00 2015: Bases processed : BIOB-D, MMC-D, WFC-D, SHW-D, FL-D, BOKF-D, FHN-D, SUSQ-D, STI-D, EXAR-D, FNB-D, PBCT-D, MHK-D, MS-D, RGA-D, AMTD-D, IYF-D, DGT-D, MIW-D, VFH-D, UEPS-D, IHF-D, UYG-D, STV-D, SCJ-D, SEM-D, VTHR-D, CPS-D, TRNM-D, SREV-D, CURE-D, PXLV-D, ALFA-D, FINU-D, ESPR-D, TRSK-D, ZSPH-D, CFO-D, CVRS-D, 
Tue May 19 08:00:00 GMT+00:00 2015: signals : 
Tue May 19 08:00:00 GMT+00:00 2015: Signals ordered by strength : 
Wed May 20 08:00:00 GMT+00:00 2015: Bases processed : ABM-D, ADI-D, BMY-D, WEN-D, HEI-D, HRL-D, RBC-D, GHC-D, Y-D, ATRI-D, MENT-D, AJG-D, CVC-D, NVR-D, COT-D, MIDD-D, LVMUY-D, MGPI-D, ULBI-D, CSGS-D, AXAHY-D, ALTV-D, IWD-D, FSI-D, MBTF-D, VHT-D, LBTYA-D, EFSC-D, BME-D, IAK-D, FBT-D, OSIR-D, AGD-D, VYM-D, DSI-D, MSBF-D, RXL-D, TWC-D, PIO-D, FLY-D, CSM-D, DMO-D, SST-D, QDEF-D, FLAG-D, TTPH-D, FNCL-D, DXJR-D, DGRO-D, EHIC-D, MOMO-D, 
Wed May 20 08:00:00 GMT+00:00 2015: signals : ADI,TWC,FLY,
Wed May 20 08:00:00 GMT+00:00 2015: Signals ordered by strength : TWC(90.0), FLY(90.0), ADI(85.0), 
Tue May 26 08:00:00 GMT+00:00 2015: Bases processed : ARKR-D, UBCP-D, CNTY-D, EWH-D, IPN-D, YCS-D, ABBV-D, PFSI-D, 
Tue May 26 08:00:00 GMT+00:00 2015: signals : 
Tue May 26 08:00:00 GMT+00:00 2015: Signals ordered by strength : 
Wed May 27 08:00:00 GMT+00:00 2015: Bases processed : CBSA-D, FUN-D, JNP-D, BSTC-D, TV-D, AMED-D, RSYS-D, SMH-D, SOXX-D, PSI-D, XSD-D, QTEC-D, RYT-D, USD-D, BR-D, AVGO-D, SOXL-D, NXPI-D, FSL-D, HZNP-D, ACHC-D, IBTX-D, PTLA-D, SNOW-D, TRTL-D, LMBS-D, CLLS-D, 
Wed May 27 08:00:00 GMT+00:00 2015: signals : AMED,AVGO,
Wed May 27 08:00:00 GMT+00:00 2015: Signals ordered by strength : AVGO(140.0), AMED(80.0), 
