Date,Action,Symbol,Shares,Price,Cost
01/02/2015,BUY,VA,228,43.81,7.0
01/02/2015,BUY,CHRS,631,15.82,7.0
01/02/2015,BUY,MPLX,131,75.9,7.0
01/02/2015,BUY,KMI,233,42.81,7.0
01/02/2015,BUY,TUMI,427,23.35,7.0
01/05/2015,SELL,VA,228,41.68,7.0
01/05/2015,SELL,MPLX,131,72.31,7.0
01/05/2015,SELL,KMI,233,41.65,7.0
01/05/2015,SELL,TUMI,427,22.98,7.0
01/08/2015,BUY,CMG,13,719.99,7.0
01/14/2015,SELL,CMG,13,709.74,7.0
01/22/2015,BUY,CHRS,287,20.86,7.0
01/22/2015,BUY,TSM,421,23.71,7.0
01/23/2015,BUY,SBUX,113,88.22,7.0
01/23/2015,BUY,SABR,482,20.71,7.0
01/23/2015,BUY,HLT,376,26.56,7.0
01/27/2015,SELL,SABR,482,20.06,7.0
01/29/2015,SELL,TSM,421,23.29,7.0
01/30/2015,SELL,HLT,376,25.97,7.0
02/05/2015,BUY,CHRS,163,24.39,7.0
02/06/2015,BUY,CME,106,94.21,7.0
02/06/2015,BUY,VRSN,166,59.97,7.0
02/06/2015,BUY,COMM,337,29.62,7.0
02/10/2015,BUY,SBUX,65,91.18,7.0
02/18/2015,BUY,COMM,192,31.13,7.0
02/25/2015,BUY,SBUX,42,94.26,7.0
03/02/2015,BUY,CME,61,97.12,7.0
03/02/2015,BUY,VRSN,92,64.58,7.0
03/06/2015,SELL,CHRS,1081,27.48,7.0
03/06/2015,BUY,FL,168,59.37,7.0
03/10/2015,SELL,COMM,529,29.07,7.0
03/16/2015,BUY,CME,39,100.06,7.0
03/16/2015,BUY,SUPN,894,11.17,7.0
03/17/2015,BUY,FL,97,61.23,7.0
03/24/2015,BUY,SUPN,517,11.58,7.0
03/25/2015,SELL,SUPN,1411,10.67,7.0
03/27/2015,BUY,VRSN,60,66.295,7.0
03/30/2015,BUY,FL,62,63.61,7.0
04/02/2015,SELL,CME,206,92.91,7.0
04/08/2015,BUY,CUDA,232,42.92,7.0
04/08/2015,BUY,KTWO,430,23.19,7.0
04/13/2015,BUY,CUDA,136,44.04,7.0
04/13/2015,BUY,KTWO,248,24.11,7.0
04/17/2015,SELL,FL,327,59.31,7.0
04/17/2015,BUY,CE,148,67.18,7.0
04/24/2015,SELL,VRSN,318,65.04,7.0
04/24/2015,BUY,CUDA,86,46.12,7.0
04/24/2015,BUY,IMS,344,29.0,7.0
04/27/2015,SELL,KTWO,678,22.0,7.0
04/27/2015,BUY,AVOL,447,22.35,7.0
04/30/2015,SELL,CUDA,454,40.53,7.0
04/30/2015,BUY,IPHI,465,21.45,7.0
05/05/2015,SELL,IMS,344,27.47,7.0
05/05/2015,SELL,IPHI,465,20.31,7.0
05/05/2015,BUY,IPHI,492,20.31,7.0
05/05/2015,BUY,EXAM,237,41.99,7.0
05/06/2015,SELL,EXAM,237,40.01,7.0
05/12/2015,SELL,CE,148,65.73,7.0
05/15/2015,BUY,PAYC,283,35.29,7.0
05/15/2015,BUY,CRTO,206,48.29,7.0
05/18/2015,BUY,AVOL,253,23.61,7.0
05/21/2015,BUY,PAYC,165,36.21,7.0
05/22/2015,BUY,IPHI,253,23.67,7.0
05/27/2015,BUY,IPHI,163,24.38,7.0
06/03/2015,BUY,AVOL,164,24.27,7.0
06/04/2015,BUY,CRTO,120,49.69,7.0
06/11/2015,SELL,CRTO,326,47.0,7.0
06/11/2015,BUY,MBLY,197,50.47,7.0
06/12/2015,SELL,AVOL,864,22.88,7.0
06/12/2015,BUY,HQY,358,27.89,7.0
06/16/2015,BUY,PAYC,104,38.24,7.0
