Fri Jan 02 08:00:00 GMT+00:00 2015 BUY  - VA - 228 @43.81 Total=9988.68
Fri Jan 02 08:00:00 GMT+00:00 2015 BUY  - CHRS - 631 @15.82 Total=9982.42
Fri Jan 02 08:00:00 GMT+00:00 2015 BUY  - MPLX - 131 @75.9 Total=9942.9
Fri Jan 02 08:00:00 GMT+00:00 2015 BUY  - KMI - 233 @42.81 Total=9974.73
Fri Jan 02 08:00:00 GMT+00:00 2015 BUY  - TUMI - 427 @23.35 Total=9970.45
Mon Jan 05 08:00:00 GMT+00:00 2015 SELL  - VA - 228 @41.68 Total=9503.04
Mon Jan 05 08:00:00 GMT+00:00 2015 SELL  - MPLX - 131 @72.31 Total=9472.61
Mon Jan 05 08:00:00 GMT+00:00 2015 SELL  - KMI - 233 @41.65 Total=9704.45
Mon Jan 05 08:00:00 GMT+00:00 2015 SELL  - TUMI - 427 @22.98 Total=9812.46
Thu Jan 08 08:00:00 GMT+00:00 2015 BUY  - CMG - 13 @719.99 Total=9359.87
Wed Jan 14 08:00:00 GMT+00:00 2015 SELL  - CMG - 13 @709.74 Total=9226.62
Thu Jan 22 08:00:00 GMT+00:00 2015 BUY  - CHRS - 287 @20.86 Total=5986.82
Thu Jan 22 08:00:00 GMT+00:00 2015 BUY  - TSM - 421 @23.71 Total=9981.91
Fri Jan 23 08:00:00 GMT+00:00 2015 BUY  - SBUX - 113 @88.22 Total=9968.86
Fri Jan 23 08:00:00 GMT+00:00 2015 BUY  - SABR - 482 @20.71 Total=9982.22
Fri Jan 23 08:00:00 GMT+00:00 2015 BUY  - HLT - 376 @26.56 Total=9986.56
Tue Jan 27 08:00:00 GMT+00:00 2015 SELL  - SABR - 482 @20.06 Total=9668.92
Thu Jan 29 08:00:00 GMT+00:00 2015 SELL  - TSM - 421 @23.29 Total=9805.09
Fri Jan 30 08:00:00 GMT+00:00 2015 SELL  - HLT - 376 @25.97 Total=9764.72
Thu Feb 05 08:00:00 GMT+00:00 2015 BUY  - CHRS - 163 @24.39 Total=3975.57
Fri Feb 06 08:00:00 GMT+00:00 2015 BUY  - CME - 106 @94.21 Total=9986.26
Fri Feb 06 08:00:00 GMT+00:00 2015 BUY  - VRSN - 166 @59.97 Total=9955.02
Fri Feb 06 08:00:00 GMT+00:00 2015 BUY  - COMM - 337 @29.62 Total=9981.94
Tue Feb 10 08:00:00 GMT+00:00 2015 BUY  - SBUX - 65 @91.18 Total=5926.7
Wed Feb 18 08:00:00 GMT+00:00 2015 BUY  - COMM - 192 @31.13 Total=5976.96
Wed Feb 25 08:00:00 GMT+00:00 2015 BUY  - SBUX - 42 @94.26 Total=3958.92
Mon Mar 02 08:00:00 GMT+00:00 2015 BUY  - CME - 61 @97.12 Total=5924.32
Mon Mar 02 08:00:00 GMT+00:00 2015 BUY  - VRSN - 92 @64.58 Total=5941.36
Fri Mar 06 08:00:00 GMT+00:00 2015 SELL  - CHRS - 1081 @27.48 Total=29705.88
Fri Mar 06 08:00:00 GMT+00:00 2015 BUY  - FL - 168 @59.37 Total=9974.16
Tue Mar 10 08:00:00 GMT+00:00 2015 SELL  - COMM - 529 @29.07 Total=15378.03
Mon Mar 16 08:00:00 GMT+00:00 2015 BUY  - CME - 39 @100.06 Total=3902.34
Mon Mar 16 08:00:00 GMT+00:00 2015 BUY  - SUPN - 894 @11.17 Total=9985.98
Tue Mar 17 08:00:00 GMT+00:00 2015 BUY  - FL - 97 @61.23 Total=5939.31
Tue Mar 24 08:00:00 GMT+00:00 2015 BUY  - SUPN - 517 @11.58 Total=5986.86
Wed Mar 25 08:00:00 GMT+00:00 2015 SELL  - SUPN - 1411 @10.67 Total=15055.37
Fri Mar 27 08:00:00 GMT+00:00 2015 BUY  - VRSN - 60 @66.295 Total=3977.7
Mon Mar 30 08:00:00 GMT+00:00 2015 BUY  - FL - 62 @63.61 Total=3943.82
Thu Apr 02 08:00:00 GMT+00:00 2015 SELL  - CME - 206 @92.91 Total=19139.46
Wed Apr 08 08:00:00 GMT+00:00 2015 BUY  - CUDA - 232 @42.92 Total=9957.44
Wed Apr 08 08:00:00 GMT+00:00 2015 BUY  - KTWO - 430 @23.19 Total=9971.7
Mon Apr 13 08:00:00 GMT+00:00 2015 BUY  - CUDA - 136 @44.04 Total=5989.44
Mon Apr 13 08:00:00 GMT+00:00 2015 BUY  - KTWO - 248 @24.11 Total=5979.28
Fri Apr 17 08:00:00 GMT+00:00 2015 SELL  - FL - 327 @59.31 Total=19394.37
Fri Apr 17 08:00:00 GMT+00:00 2015 BUY  - CE - 148 @67.18 Total=9942.64
Fri Apr 24 08:00:00 GMT+00:00 2015 SELL  - VRSN - 318 @65.04 Total=20682.72
Fri Apr 24 08:00:00 GMT+00:00 2015 BUY  - CUDA - 86 @46.12 Total=3966.32
Fri Apr 24 08:00:00 GMT+00:00 2015 BUY  - IMS - 344 @29.0 Total=9976.0
Mon Apr 27 08:00:00 GMT+00:00 2015 SELL  - KTWO - 678 @22.0 Total=14916.0
Mon Apr 27 08:00:00 GMT+00:00 2015 BUY  - AVOL - 447 @22.35 Total=9990.45
Thu Apr 30 08:00:00 GMT+00:00 2015 SELL  - CUDA - 454 @40.53 Total=18400.62
Thu Apr 30 08:00:00 GMT+00:00 2015 BUY  - IPHI - 465 @21.45 Total=9974.25
Tue May 05 08:00:00 GMT+00:00 2015 SELL  - IMS - 344 @27.47 Total=9449.68
Tue May 05 08:00:00 GMT+00:00 2015 SELL  - IPHI - 465 @20.31 Total=9444.15
Tue May 05 08:00:00 GMT+00:00 2015 BUY  - IPHI - 492 @20.31 Total=9992.52
Tue May 05 08:00:00 GMT+00:00 2015 BUY  - EXAM - 237 @41.99 Total=9951.63
Wed May 06 08:00:00 GMT+00:00 2015 SELL  - EXAM - 237 @40.01 Total=9482.37
Tue May 12 08:00:00 GMT+00:00 2015 SELL  - CE - 148 @65.73 Total=9728.04
Fri May 15 08:00:00 GMT+00:00 2015 BUY  - PAYC - 283 @35.29 Total=9987.07
Fri May 15 08:00:00 GMT+00:00 2015 BUY  - CRTO - 206 @48.29 Total=9947.74
Mon May 18 08:00:00 GMT+00:00 2015 BUY  - AVOL - 253 @23.61 Total=5973.33
Thu May 21 08:00:00 GMT+00:00 2015 BUY  - PAYC - 165 @36.21 Total=5974.65
Fri May 22 08:00:00 GMT+00:00 2015 BUY  - IPHI - 253 @23.67 Total=5988.51
Wed May 27 08:00:00 GMT+00:00 2015 BUY  - IPHI - 163 @24.38 Total=3973.94
Wed Jun 03 08:00:00 GMT+00:00 2015 BUY  - AVOL - 164 @24.27 Total=3980.28
Thu Jun 04 08:00:00 GMT+00:00 2015 BUY  - CRTO - 120 @49.69 Total=5962.8
Thu Jun 11 08:00:00 GMT+00:00 2015 SELL  - CRTO - 326 @47.0 Total=15322.0
Thu Jun 11 08:00:00 GMT+00:00 2015 BUY  - MBLY - 197 @50.47 Total=9942.59
Fri Jun 12 08:00:00 GMT+00:00 2015 SELL  - AVOL - 864 @22.88 Total=19768.32
Fri Jun 12 08:00:00 GMT+00:00 2015 BUY  - HQY - 358 @27.89 Total=9984.62
Tue Jun 16 08:00:00 GMT+00:00 2015 BUY  - PAYC - 104 @38.24 Total=3976.96
