Thu Jan 08 08:00:00 GMT+00:00 2015 BUY  - CMG - 13 @719.99 Total=9359.87
Thu Jan 08 08:00:00 GMT+00:00 2015 BUY  - MRVL - 623 @16.015 Total=9977.345
Tue Jan 13 08:00:00 GMT+00:00 2015 SELL  - MRVL - 623 @15.71 Total=9787.33
Wed Jan 14 08:00:00 GMT+00:00 2015 SELL  - CMG - 13 @709.74 Total=9226.62
Thu Jan 22 08:00:00 GMT+00:00 2015 BUY  - TSM - 421 @23.71 Total=9981.91
Thu Jan 22 08:00:00 GMT+00:00 2015 BUY  - CCI - 117 @85.25 Total=9974.25
Fri Jan 23 08:00:00 GMT+00:00 2015 BUY  - SBUX - 113 @88.22 Total=9968.86
Thu Jan 29 08:00:00 GMT+00:00 2015 SELL  - TSM - 421 @23.29 Total=9805.09
Fri Feb 06 08:00:00 GMT+00:00 2015 BUY  - CME - 106 @94.21 Total=9986.26
Fri Feb 06 08:00:00 GMT+00:00 2015 BUY  - VRSN - 166 @59.97 Total=9955.02
Tue Feb 10 08:00:00 GMT+00:00 2015 BUY  - SBUX - 65 @91.18 Total=5926.7
Tue Feb 10 08:00:00 GMT+00:00 2015 BUY  - MOH - 177 @56.26 Total=9958.02
Thu Feb 12 08:00:00 GMT+00:00 2015 BUY  - CCI - 68 @87.59 Total=5956.12
Wed Feb 25 08:00:00 GMT+00:00 2015 BUY  - SBUX - 42 @94.26 Total=3958.92
Mon Mar 02 08:00:00 GMT+00:00 2015 BUY  - CME - 61 @97.12 Total=5924.32
Mon Mar 02 08:00:00 GMT+00:00 2015 BUY  - VRSN - 92 @64.58 Total=5941.36
Thu Mar 05 08:00:00 GMT+00:00 2015 BUY  - MOH - 96 @62.27 Total=5977.92
Mon Mar 16 08:00:00 GMT+00:00 2015 BUY  - CME - 39 @100.06 Total=3902.34
Wed Mar 25 08:00:00 GMT+00:00 2015 SELL  - CCI - 185 @84.64 Total=15658.4
Wed Mar 25 08:00:00 GMT+00:00 2015 BUY  - MOH - 61 @64.62 Total=3941.82
Fri Mar 27 08:00:00 GMT+00:00 2015 BUY  - VRSN - 60 @66.295 Total=3977.7
Thu Apr 02 08:00:00 GMT+00:00 2015 SELL  - CME - 206 @92.91 Total=19139.46
Thu Apr 09 08:00:00 GMT+00:00 2015 BUY  - EIGI - 476 @20.98 Total=9986.48
Mon Apr 13 08:00:00 GMT+00:00 2015 BUY  - ISRG - 18 @542.31 Total=9761.58
Wed Apr 15 08:00:00 GMT+00:00 2015 SELL  - MOH - 334 @64.12 Total=21416.08
Fri Apr 17 08:00:00 GMT+00:00 2015 BUY  - CE - 148 @67.18 Total=9942.64
Thu Apr 23 08:00:00 GMT+00:00 2015 SELL  - ISRG - 18 @512.77 Total=9229.86
Thu Apr 23 08:00:00 GMT+00:00 2015 BUY  - EIGI - 260 @23.03 Total=5987.8
Thu Apr 23 08:00:00 GMT+00:00 2015 BUY  - ARRS - 267 @37.3 Total=9959.1
Fri Apr 24 08:00:00 GMT+00:00 2015 SELL  - VRSN - 318 @65.04 Total=20682.72
Fri Apr 24 08:00:00 GMT+00:00 2015 BUY  - IMS - 344 @29.0 Total=9976.0
Mon Apr 27 08:00:00 GMT+00:00 2015 SELL  - ARRS - 267 @34.98 Total=9339.66
Tue Apr 28 08:00:00 GMT+00:00 2015 SELL  - EIGI - 736 @19.7 Total=14499.2
Tue Apr 28 08:00:00 GMT+00:00 2015 BUY  - SC - 416 @24.0 Total=9984.0
Tue Apr 28 08:00:00 GMT+00:00 2015 BUY  - HQY - 359 @27.76 Total=9965.84
Thu Apr 30 08:00:00 GMT+00:00 2015 SELL  - HQY - 359 @26.21 Total=9409.39
Thu Apr 30 08:00:00 GMT+00:00 2015 BUY  - IPHI - 465 @21.45 Total=9974.25
Tue May 05 08:00:00 GMT+00:00 2015 SELL  - IMS - 344 @27.47 Total=9449.68
Tue May 05 08:00:00 GMT+00:00 2015 SELL  - IPHI - 465 @20.31 Total=9444.15
Tue May 12 08:00:00 GMT+00:00 2015 SELL  - CE - 148 @65.73 Total=9728.04
Fri May 15 08:00:00 GMT+00:00 2015 BUY  - SC - 241 @24.81 Total=5979.21
Wed May 20 08:00:00 GMT+00:00 2015 BUY  - TWC - 60 @166.55 Total=9993.0
Wed May 20 08:00:00 GMT+00:00 2015 BUY  - FLY - 628 @15.91 Total=9991.48
Wed May 20 08:00:00 GMT+00:00 2015 BUY  - ADI - 150 @66.18 Total=9927.0
Tue May 26 08:00:00 GMT+00:00 2015 SELL  - TWC - 60 @183.6 Total=11016.0
Wed May 27 08:00:00 GMT+00:00 2015 BUY  - AMED - 315 @31.67 Total=9976.05
Fri Jun 12 08:00:00 GMT+00:00 2015 BUY  - SC - 156 @25.46 Total=3971.76
Thu Jun 18 08:00:00 GMT+00:00 2015 BUY  - ADI - 87 @68.3 Total=5942.1
