Fri Jan 03 08:00:00 GMT+00:00 2014 BUY  - PFPT - 292 @34.18 Total=9980.56
Tue Jan 07 08:00:00 GMT+00:00 2014 BUY  - SPLK - 132 @75.39 Total=9951.48
Thu Jan 09 08:00:00 GMT+00:00 2014 BUY  - M - 179 @55.8 Total=9988.2
Fri Jan 10 08:00:00 GMT+00:00 2014 BUY  - FDML - 485 @20.57 Total=9976.45
Mon Jan 13 08:00:00 GMT+00:00 2014 SELL  - FDML - 485 @19.52 Total=9467.2
Mon Jan 13 08:00:00 GMT+00:00 2014 BUY  - ENV - 233 @42.75 Total=9960.75
Tue Jan 21 08:00:00 GMT+00:00 2014 BUY  - NVDQ - 508 @19.66 Total=9987.28
Thu Jan 23 08:00:00 GMT+00:00 2014 BUY  - HUBB - 84 @118.04 Total=9915.36
Fri Jan 24 08:00:00 GMT+00:00 2014 SELL  - NVDQ - 508 @18.84 Total=9570.72
Mon Jan 27 08:00:00 GMT+00:00 2014 SELL  - HUBB - 84 @113.28 Total=9515.52
Mon Jan 27 08:00:00 GMT+00:00 2014 SELL  - SPLK - 132 @73.97 Total=9764.04
Wed Jan 29 08:00:00 GMT+00:00 2014 SELL  - M - 179 @53.39 Total=9556.81
Wed Jan 29 08:00:00 GMT+00:00 2014 SELL  - ENV - 233 @42.52 Total=9907.16
Thu Feb 06 08:00:00 GMT+00:00 2014 BUY  - GMT - 176 @56.74 Total=9986.24
Fri Feb 07 08:00:00 GMT+00:00 2014 BUY  - LVNTA - 79 @126.16 Total=9966.64
Wed Feb 12 08:00:00 GMT+00:00 2014 BUY  - SN - 315 @31.72 Total=9991.8
Tue Feb 18 08:00:00 GMT+00:00 2014 SELL  - SN - 315 @29.74 Total=9368.1
Tue Feb 18 08:00:00 GMT+00:00 2014 BUY  - PFPT - 150 @39.77 Total=5965.5
Tue Feb 18 08:00:00 GMT+00:00 2014 BUY  - NMBL - 199 @49.99 Total=9948.01
Wed Feb 19 08:00:00 GMT+00:00 2014 BUY  - FLS - 123 @80.6 Total=9913.8
Fri Feb 21 08:00:00 GMT+00:00 2014 BUY  - STRZA - 320 @31.15 Total=9968.0
Mon Feb 24 08:00:00 GMT+00:00 2014 BUY  - LEAF - 352 @28.36 Total=9982.72
Tue Feb 25 08:00:00 GMT+00:00 2014 BUY  - HUM - 90 @110.49 Total=9944.1
Wed Feb 26 08:00:00 GMT+00:00 2014 BUY  - HEI - 159 @62.7 Total=9969.3
Mon Mar 03 08:00:00 GMT+00:00 2014 SELL  - NMBL - 199 @46.15 Total=9183.85
Tue Mar 04 08:00:00 GMT+00:00 2014 BUY  - NUVA - 254 @39.29 Total=9979.66
Thu Mar 06 08:00:00 GMT+00:00 2014 SELL  - NUVA - 254 @37.29 Total=9471.66
Fri Mar 07 08:00:00 GMT+00:00 2014 BUY  - RARE - 176 @56.625 Total=9966.0
Wed Mar 12 08:00:00 GMT+00:00 2014 SELL  - LEAF - 352 @26.15 Total=9204.8
Thu Mar 13 08:00:00 GMT+00:00 2014 SELL  - FLS - 123 @75.74 Total=9316.02
Tue Mar 18 08:00:00 GMT+00:00 2014 BUY  - LVNTA - 42 @142.31 Total=5977.02
Tue Mar 18 08:00:00 GMT+00:00 2014 BUY  - MFRM - 209 @47.76 Total=9981.84
Fri Mar 21 08:00:00 GMT+00:00 2014 SELL  - RARE - 176 @55.05 Total=9688.8
Fri Mar 21 08:00:00 GMT+00:00 2014 BUY  - GMT - 90 @66.0 Total=5940.0
Mon Mar 24 08:00:00 GMT+00:00 2014 SELL  - PFPT - 442 @37.1 Total=16398.2
Wed Mar 26 08:00:00 GMT+00:00 2014 SELL  - LVNTA - 121 @130.34 Total=15771.14
Wed Mar 26 08:00:00 GMT+00:00 2014 SELL  - HEI - 159 @58.74 Total=9339.66
Thu Apr 03 08:00:00 GMT+00:00 2014 BUY  - BCPC - 163 @61.27 Total=9987.01
Mon Apr 07 08:00:00 GMT+00:00 2014 SELL  - BCPC - 163 @59.2 Total=9649.6
Thu Apr 10 08:00:00 GMT+00:00 2014 SELL  - MFRM - 209 @45.87 Total=9586.83
Thu Apr 10 08:00:00 GMT+00:00 2014 SELL  - HUM - 90 @109.66 Total=9869.4
Thu Apr 10 08:00:00 GMT+00:00 2014 SELL  - STRZA - 320 @31.46 Total=10067.2
Thu Apr 17 08:00:00 GMT+00:00 2014 BUY  - WSO - 95 @104.18 Total=9897.1
Mon Apr 21 08:00:00 GMT+00:00 2014 BUY  - AZN - 144 @69.1 Total=9950.4
Tue Apr 22 08:00:00 GMT+00:00 2014 SELL  - AZN - 144 @66.86 Total=9627.84
Fri Apr 25 08:00:00 GMT+00:00 2014 BUY  - ZBH - 99 @100.54 Total=9953.46
Mon Apr 28 08:00:00 GMT+00:00 2014 SELL  - GMT - 266 @64.87 Total=17255.42
Wed Apr 30 08:00:00 GMT+00:00 2014 SELL  - ZBH - 99 @96.8 Total=9583.2
Thu May 01 08:00:00 GMT+00:00 2014 BUY  - KEX - 92 @107.84 Total=9921.28
Wed May 14 08:00:00 GMT+00:00 2014 SELL  - WSO - 95 @100.69 Total=9565.55
Wed May 28 08:00:00 GMT+00:00 2014 BUY  - CAL - 341 @29.3 Total=9991.3
Mon Jun 02 08:00:00 GMT+00:00 2014 SELL  - CAL - 341 @27.83 Total=9490.03
Wed Jun 11 08:00:00 GMT+00:00 2014 BUY  - LNG - 150 @66.58 Total=9987.0
Tue Jun 17 08:00:00 GMT+00:00 2014 BUY  - JWA - 166 @60.1 Total=9976.6
Thu Jun 19 08:00:00 GMT+00:00 2014 BUY  - GLOG - 334 @29.88 Total=9979.92
Thu Jun 19 08:00:00 GMT+00:00 2014 BUY  - FNV - 180 @55.47 Total=9984.6
Thu Jun 19 08:00:00 GMT+00:00 2014 BUY  - APD - 77 @129.7 Total=9986.9
Fri Jun 20 08:00:00 GMT+00:00 2014 BUY  - GMLP - 269 @37.08 Total=9974.52
Fri Jun 20 08:00:00 GMT+00:00 2014 BUY  - KS - 300 @33.21 Total=9963.0
Wed Jun 25 08:00:00 GMT+00:00 2014 BUY  - TGNA - 325 @30.67 Total=9967.75
Mon Jul 07 08:00:00 GMT+00:00 2014 SELL  - GLOG - 334 @28.23 Total=9428.82
Mon Jul 07 08:00:00 GMT+00:00 2014 SELL  - KS - 300 @30.55 Total=9165.0
Mon Jul 07 08:00:00 GMT+00:00 2014 BUY  - ANET - 138 @72.17 Total=9959.46
Mon Jul 07 08:00:00 GMT+00:00 2014 BUY  - MEI - 270 @37.01 Total=9992.7
Thu Jul 10 08:00:00 GMT+00:00 2014 SELL  - ANET - 138 @67.74 Total=9348.12
Thu Jul 10 08:00:00 GMT+00:00 2014 SELL  - MEI - 270 @34.89 Total=9420.3
Fri Jul 11 08:00:00 GMT+00:00 2014 SELL  - GMLP - 269 @35.05 Total=9428.45
Fri Jul 11 08:00:00 GMT+00:00 2014 BUY  - KEX - 51 @116.49 Total=5940.99
Wed Jul 23 08:00:00 GMT+00:00 2014 BUY  - LEJU - 759 @13.15 Total=9980.85
Thu Jul 24 08:00:00 GMT+00:00 2014 BUY  - JMEI - 334 @29.86 Total=9973.24
Tue Jul 29 08:00:00 GMT+00:00 2014 BUY  - LNG - 80 @74.46 Total=5956.8
Fri Aug 01 08:00:00 GMT+00:00 2014 SELL  - JWA - 166 @59.47 Total=9872.02
Fri Aug 01 08:00:00 GMT+00:00 2014 BUY  - THC - 190 @52.34 Total=9944.6
Tue Aug 05 08:00:00 GMT+00:00 2014 SELL  - LEJU - 759 @11.94 Total=9062.46
Thu Aug 07 08:00:00 GMT+00:00 2014 SELL  - LNG - 230 @70.47 Total=16208.1
Thu Aug 07 08:00:00 GMT+00:00 2014 SELL  - APD - 77 @131.16 Total=10099.32
Thu Aug 07 08:00:00 GMT+00:00 2014 BUY  - LEAF - 303 @29.65 Total=8983.95
Wed Aug 13 08:00:00 GMT+00:00 2014 BUY  - KMI - 231 @38.77 Total=8955.87
Thu Aug 14 08:00:00 GMT+00:00 2014 BUY  - TGNA - 158 @34.05 Total=5379.9
Thu Aug 21 08:00:00 GMT+00:00 2014 SELL  - FNV - 180 @55.43 Total=9977.4
Mon Aug 25 08:00:00 GMT+00:00 2014 BUY  - JMEI - 164 @32.86 Total=5389.04
Wed Aug 27 08:00:00 GMT+00:00 2014 BUY  - ANET - 108 @83.16 Total=8981.28
Fri Aug 29 08:00:00 GMT+00:00 2014 SELL  - JMEI - 498 @30.57 Total=15223.86
Fri Aug 29 08:00:00 GMT+00:00 2014 BUY  - GPRO - 173 @51.8 Total=8961.4
Fri Aug 29 08:00:00 GMT+00:00 2014 BUY  - SIG - 76 @117.87 Total=8958.12
Tue Sep 02 08:00:00 GMT+00:00 2014 BUY  - KEX - 29 @120.63 Total=3498.27
Thu Sep 04 08:00:00 GMT+00:00 2014 SELL  - KMI - 231 @39.05 Total=9020.55
Thu Sep 04 08:00:00 GMT+00:00 2014 BUY  - MEI - 226 @39.72 Total=8976.72
Mon Sep 08 08:00:00 GMT+00:00 2014 BUY  - THC - 91 @58.99 Total=5368.09
Tue Sep 09 08:00:00 GMT+00:00 2014 SELL  - TGNA - 483 @32.38 Total=15639.54
Wed Sep 10 08:00:00 GMT+00:00 2014 BUY  - HQY - 415 @21.62 Total=8972.3
Tue Sep 16 08:00:00 GMT+00:00 2014 SELL  - HQY - 415 @20.1 Total=8341.5
Wed Sep 17 08:00:00 GMT+00:00 2014 BUY  - LEAF - 160 @33.66 Total=5385.6
Mon Sep 22 08:00:00 GMT+00:00 2014 SELL  - SIG - 76 @114.26 Total=8683.76
Mon Sep 22 08:00:00 GMT+00:00 2014 BUY  - CLX - 92 @97.23 Total=8945.16
Mon Sep 22 08:00:00 GMT+00:00 2014 SELL  - KEX - 172 @118.73 Total=20421.56
Mon Sep 22 08:00:00 GMT+00:00 2014 BUY  - ALR - 224 @39.97 Total=8953.28
Thu Sep 25 08:00:00 GMT+00:00 2014 SELL  - MEI - 226 @38.04 Total=8597.04
Tue Sep 30 08:00:00 GMT+00:00 2014 SELL  - ALR - 224 @38.78 Total=8686.72
Tue Sep 30 08:00:00 GMT+00:00 2014 SELL  - LEAF - 463 @31.93 Total=14783.59
Tue Sep 30 08:00:00 GMT+00:00 2014 BUY  - MYCC - 453 @19.83 Total=8982.99
Wed Oct 01 08:00:00 GMT+00:00 2014 SELL  - MYCC - 453 @19.2 Total=8697.6
Wed Oct 01 08:00:00 GMT+00:00 2014 SELL  - THC - 281 @57.74 Total=16224.94
Fri Oct 03 08:00:00 GMT+00:00 2014 BUY  - GPN - 130 @76.32 Total=9921.6
Mon Oct 06 08:00:00 GMT+00:00 2014 BUY  - KITE - 304 @32.83 Total=9980.32
Tue Oct 07 08:00:00 GMT+00:00 2014 SELL  - KITE - 304 @31.8 Total=9667.2
Tue Oct 07 08:00:00 GMT+00:00 2014 SELL  - ANET - 108 @82.81 Total=8943.48
Thu Oct 09 08:00:00 GMT+00:00 2014 SELL  - GPN - 130 @73.97 Total=9616.1
Mon Oct 13 08:00:00 GMT+00:00 2014 BUY  - BDX - 71 @125.83 Total=8933.93
Tue Oct 14 08:00:00 GMT+00:00 2014 BUY  - AVA - 264 @34.03 Total=8983.92
Thu Oct 16 08:00:00 GMT+00:00 2014 SELL  - BDX - 71 @120.78 Total=8575.38
Tue Oct 21 08:00:00 GMT+00:00 2014 BUY  - AKRX - 217 @41.29 Total=8959.93
Mon Oct 27 08:00:00 GMT+00:00 2014 SELL  - GPRO - 173 @64.91 Total=11229.43
Mon Oct 27 08:00:00 GMT+00:00 2014 BUY  - EPAM - 213 @46.91 Total=9991.83
Thu Oct 30 08:00:00 GMT+00:00 2014 BUY  - BMY - 169 @58.98 Total=9967.62
Thu Oct 30 08:00:00 GMT+00:00 2014 BUY  - BIN - 353 @28.25 Total=9972.25
Thu Oct 30 08:00:00 GMT+00:00 2014 BUY  - CACI - 121 @82.05 Total=9928.05
Fri Oct 31 08:00:00 GMT+00:00 2014 BUY  - FLT - 66 @150.56 Total=9936.96
Mon Nov 03 08:00:00 GMT+00:00 2014 BUY  - ZEN - 378 @26.4 Total=9979.2
Wed Nov 05 08:00:00 GMT+00:00 2014 SELL  - ZEN - 378 @24.96 Total=9434.88
Thu Nov 06 08:00:00 GMT+00:00 2014 SELL  - AKRX - 217 @37.88 Total=8219.96
Wed Nov 12 08:00:00 GMT+00:00 2014 BUY  - MSG - 133 @74.74 Total=9940.42
Fri Nov 14 08:00:00 GMT+00:00 2014 SELL  - AVA - 264 @33.46 Total=8833.44
Wed Nov 19 08:00:00 GMT+00:00 2014 BUY  - ENV - 190 @52.58 Total=9990.2
Fri Nov 21 08:00:00 GMT+00:00 2014 BUY  - SWIR - 272 @36.62 Total=9960.64
Mon Dec 01 08:00:00 GMT+00:00 2014 SELL  - ENV - 190 @49.55 Total=9414.5
Fri Dec 05 08:00:00 GMT+00:00 2014 BUY  - ENB - 175 @51.15 Total=8951.25
Wed Dec 10 08:00:00 GMT+00:00 2014 SELL  - ENB - 175 @47.99 Total=8398.25
Wed Dec 10 08:00:00 GMT+00:00 2014 SELL  - FLT - 66 @143.9 Total=9497.4
Wed Dec 10 08:00:00 GMT+00:00 2014 SELL  - MSG - 133 @72.21 Total=9603.93
Tue Dec 16 08:00:00 GMT+00:00 2014 SELL  - EPAM - 213 @46.24 Total=9849.12
Tue Dec 16 08:00:00 GMT+00:00 2014 SELL  - BMY - 169 @57.69 Total=9749.61
Tue Dec 16 08:00:00 GMT+00:00 2014 SELL  - CACI - 121 @83.36 Total=10086.56
Thu Dec 18 08:00:00 GMT+00:00 2014 BUY  - FGEN - 320 @28.05 Total=8976.0
Thu Dec 18 08:00:00 GMT+00:00 2014 BUY  - KRFT - 141 @63.38 Total=8936.58
Mon Dec 22 08:00:00 GMT+00:00 2014 SELL  - FGEN - 320 @26.32 Total=8422.4
Wed Dec 24 08:00:00 GMT+00:00 2014 BUY  - BIN - 177 @30.43 Total=5386.11
Wed Dec 24 08:00:00 GMT+00:00 2014 BUY  - VA - 219 @41.0 Total=8979.0
Wed Jan 07 08:00:00 GMT+00:00 2015 SELL  - VA - 219 @39.75 Total=8705.25
Fri Jan 09 08:00:00 GMT+00:00 2015 BUY  - AYI - 59 @151.5 Total=8938.5
Mon Jan 12 08:00:00 GMT+00:00 2015 SELL  - BIN - 530 @28.85 Total=15290.5
Fri Jan 16 08:00:00 GMT+00:00 2015 SELL  - SWIR - 272 @40.07 Total=10899.04
Thu Jan 22 08:00:00 GMT+00:00 2015 BUY  - HELE - 115 @77.53 Total=8915.95
Thu Jan 22 08:00:00 GMT+00:00 2015 BUY  - AGU - 83 @107.2 Total=8897.6
Fri Jan 23 08:00:00 GMT+00:00 2015 BUY  - SBUX - 101 @88.22 Total=8910.22
Fri Jan 30 08:00:00 GMT+00:00 2015 SELL  - HELE - 115 @75.22 Total=8650.3
Fri Jan 30 08:00:00 GMT+00:00 2015 BUY  - VAR - 97 @92.56 Total=8978.32
Mon Feb 02 08:00:00 GMT+00:00 2015 BUY  - CLX - 50 @107.83 Total=5391.5
Thu Feb 05 08:00:00 GMT+00:00 2015 BUY  - KLIC - 564 @15.92 Total=8978.88
Fri Feb 06 08:00:00 GMT+00:00 2015 BUY  - BLL - 127 @70.61 Total=8967.47
Fri Feb 06 08:00:00 GMT+00:00 2015 BUY  - BA - 60 @148.0 Total=8880.0
Wed Feb 11 08:00:00 GMT+00:00 2015 SELL  - KRFT - 141 @65.07 Total=9174.87
Wed Feb 11 08:00:00 GMT+00:00 2015 BUY  - SCI - 368 @24.39 Total=8975.52
Fri Mar 06 08:00:00 GMT+00:00 2015 SELL  - BLL - 127 @70.82 Total=8994.14
Fri Mar 06 08:00:00 GMT+00:00 2015 BUY  - AMBA - 140 @64.22 Total=8990.8
Tue Mar 10 08:00:00 GMT+00:00 2015 SELL  - AGU - 83 @110.1 Total=9138.3
Tue Mar 10 08:00:00 GMT+00:00 2015 BUY  - BMY - 137 @65.53 Total=8977.61
Wed Mar 25 08:00:00 GMT+00:00 2015 SELL  - KLIC - 564 @15.6 Total=8798.4
Wed Mar 25 08:00:00 GMT+00:00 2015 SELL  - BA - 60 @148.23 Total=8893.8
Wed Mar 25 08:00:00 GMT+00:00 2015 BUY  - JUNO - 168 @53.48 Total=8984.64
Wed Mar 25 08:00:00 GMT+00:00 2015 SELL  - BMY - 137 @64.7 Total=8863.9
Wed Mar 25 08:00:00 GMT+00:00 2015 BUY  - NVRO - 187 @48.04 Total=8983.48
Wed Mar 25 08:00:00 GMT+00:00 2015 SELL  - VAR - 97 @92.72 Total=8993.84
Wed Mar 25 08:00:00 GMT+00:00 2015 BUY  - EW - 63 @142.25 Total=8961.75
Mon Mar 30 08:00:00 GMT+00:00 2015 BUY  - CLX - 32 @110.76 Total=3544.32
Mon Mar 30 08:00:00 GMT+00:00 2015 BUY  - SBUX - 56 @95.98 Total=5374.88
Wed Apr 01 08:00:00 GMT+00:00 2015 BUY  - SCI - 205 @26.25 Total=5381.25
Mon Apr 06 08:00:00 GMT+00:00 2015 SELL  - EW - 63 @139.85 Total=8810.55
Mon Apr 06 08:00:00 GMT+00:00 2015 BUY  - SIG - 64 @139.76 Total=8944.64
Wed Apr 08 08:00:00 GMT+00:00 2015 BUY  - AYI - 31 @168.96 Total=5237.76
Fri Apr 10 08:00:00 GMT+00:00 2015 BUY  - GE - 315 @28.51 Total=8980.65
Mon Apr 13 08:00:00 GMT+00:00 2015 BUY  - TSE - 416 @21.58 Total=8977.28
Fri Apr 17 08:00:00 GMT+00:00 2015 SELL  - SIG - 64 @132.41 Total=8474.24
Mon Apr 20 08:00:00 GMT+00:00 2015 BUY  - AMBA - 72 @74.56 Total=5368.32
Tue Apr 21 08:00:00 GMT+00:00 2015 SELL  - GE - 315 @26.62 Total=8385.3
Mon Apr 27 08:00:00 GMT+00:00 2015 SELL  - JUNO - 168 @50.81 Total=8536.08
Wed Apr 29 08:00:00 GMT+00:00 2015 SELL  - NVRO - 187 @47.08 Total=8803.96
Wed Apr 29 08:00:00 GMT+00:00 2015 SELL  - CLX - 174 @107.11 Total=18637.14
Wed Apr 29 08:00:00 GMT+00:00 2015 BUY  - XPO - 184 @48.83 Total=8984.72
Thu Apr 30 08:00:00 GMT+00:00 2015 BUY  - AVG - 375 @23.92 Total=8970.0
Fri May 01 08:00:00 GMT+00:00 2015 BUY  - SCI - 128 @27.98 Total=3581.44
Wed May 06 08:00:00 GMT+00:00 2015 SELL  - SBUX - 314 @48.93 Total=15364.02
Wed May 06 08:00:00 GMT+00:00 2015 BUY  - BFAM - 165 @54.19 Total=8941.35
Tue Jun 02 08:00:00 GMT+00:00 2015 BUY  - AYI - 20 @178.51 Total=3570.2
Fri Jun 05 08:00:00 GMT+00:00 2015 SELL  - XPO - 184 @48.63 Total=8947.92
Fri Jun 05 08:00:00 GMT+00:00 2015 BUY  - DGX - 121 @73.96 Total=8949.16
Mon Jun 15 08:00:00 GMT+00:00 2015 SELL  - DGX - 121 @72.67 Total=8793.07
Mon Jun 15 08:00:00 GMT+00:00 2015 BUY  - MBLY - 178 @50.34 Total=8960.52
Tue Jun 23 08:00:00 GMT+00:00 2015 BUY  - TSE - 191 @28.14 Total=5374.74
Mon Jun 29 08:00:00 GMT+00:00 2015 SELL  - TSE - 607 @26.06 Total=15818.42
Mon Jun 29 08:00:00 GMT+00:00 2015 SELL  - AYI - 110 @179.27 Total=19719.7
Mon Jun 29 08:00:00 GMT+00:00 2015 BUY  - ITCI - 322 @30.94 Total=9962.68
Wed Jul 01 08:00:00 GMT+00:00 2015 BUY  - AVG - 218 @27.43 Total=5979.74
