Mon Jan 07 08:00:00 GMT+00:00 2013 BUY  - NSM - 257 @38.83 Total=9979.31
Wed Jan 09 08:00:00 GMT+00:00 2013 BUY  - HCSG - 404 @24.72 Total=9986.88
Tue Jan 15 08:00:00 GMT+00:00 2013 BUY  - ASGN - 435 @22.94 Total=9978.9
Wed Jan 16 08:00:00 GMT+00:00 2013 BUY  - PRLB - 233 @42.71 Total=9951.43
Fri Jan 18 08:00:00 GMT+00:00 2013 SELL  - NSM - 257 @35.81 Total=9203.17
Tue Jan 29 08:00:00 GMT+00:00 2013 BUY  - DHI - 419 @23.82 Total=9980.58
Wed Jan 30 08:00:00 GMT+00:00 2013 BUY  - HES - 147 @67.88 Total=9978.36
Wed Jan 30 08:00:00 GMT+00:00 2013 BUY  - PLT - 240 @41.53 Total=9967.2
Thu Jan 31 08:00:00 GMT+00:00 2013 BUY  - TIVO - 749 @13.34 Total=9991.66
Mon Feb 04 08:00:00 GMT+00:00 2013 SELL  - PLT - 240 @39.34 Total=9441.6
Wed Feb 06 08:00:00 GMT+00:00 2013 SELL  - PRLB - 233 @39.99 Total=9317.67
Wed Feb 06 08:00:00 GMT+00:00 2013 BUY  - AGO - 510 @19.56 Total=9975.6
Fri Feb 15 08:00:00 GMT+00:00 2013 SELL  - ASGN - 435 @21.87 Total=9513.45
Wed Feb 20 08:00:00 GMT+00:00 2013 SELL  - DHI - 419 @21.93 Total=9188.67
Wed Feb 20 08:00:00 GMT+00:00 2013 SELL  - AGO - 510 @18.55 Total=9460.5
Wed Feb 20 08:00:00 GMT+00:00 2013 BUY  - SFLY - 244 @40.79 Total=9952.76
Thu Feb 21 08:00:00 GMT+00:00 2013 SELL  - HES - 147 @64.4 Total=9466.8
Thu Feb 21 08:00:00 GMT+00:00 2013 SELL  - TIVO - 749 @12.66 Total=9482.34
Fri Feb 22 08:00:00 GMT+00:00 2013 SELL  - HCSG - 404 @23.89 Total=9651.56
Mon Feb 25 08:00:00 GMT+00:00 2013 BUY  - JCOM - 285 @34.98 Total=9969.3
Wed Feb 27 08:00:00 GMT+00:00 2013 BUY  - BLOX - 467 @21.38 Total=9984.46
Fri Mar 01 08:00:00 GMT+00:00 2013 BUY  - SSTK - 307 @32.52 Total=9983.64
Fri Mar 08 08:00:00 GMT+00:00 2013 BUY  - MBI - 799 @12.5 Total=9987.5
Mon Mar 18 08:00:00 GMT+00:00 2013 SELL  - MBI - 799 @11.79 Total=9420.21
Mon Mar 18 08:00:00 GMT+00:00 2013 BUY  - CVLT - 121 @82.45 Total=9976.45
Mon Mar 25 08:00:00 GMT+00:00 2013 SELL  - BLOX - 467 @20.89 Total=9755.63
Thu Mar 28 08:00:00 GMT+00:00 2013 BUY  - SIG - 149 @67.0 Total=9983.0
Tue Apr 02 08:00:00 GMT+00:00 2013 BUY  - JCOM - 155 @38.46 Total=5961.3
Wed Apr 03 08:00:00 GMT+00:00 2013 SELL  - CVLT - 121 @76.41 Total=9245.61
Wed Apr 03 08:00:00 GMT+00:00 2013 BUY  - TSLA - 243 @41.1 Total=9987.3
Fri Apr 05 08:00:00 GMT+00:00 2013 BUY  - SSTK - 147 @40.57 Total=5963.79
Fri Apr 05 08:00:00 GMT+00:00 2013 BUY  - NKE - 169 @58.97 Total=9965.93
Wed Apr 10 08:00:00 GMT+00:00 2013 BUY  - FSLR - 275 @36.32 Total=9988.0
Wed Apr 17 08:00:00 GMT+00:00 2013 BUY  - SSTK - 94 @42.43 Total=3988.42
Thu Apr 18 08:00:00 GMT+00:00 2013 SELL  - SIG - 149 @65.63 Total=9778.87
Thu Apr 18 08:00:00 GMT+00:00 2013 BUY  - THRX - 306 @32.56 Total=9963.36
Fri Apr 19 08:00:00 GMT+00:00 2013 BUY  - SFLY - 136 @44.06 Total=5992.16
Wed Apr 24 08:00:00 GMT+00:00 2013 SELL  - THRX - 306 @30.54 Total=9345.24
Wed Apr 24 08:00:00 GMT+00:00 2013 BUY  - ARMH - 221 @45.06 Total=9958.26
Thu May 02 08:00:00 GMT+00:00 2013 BUY  - JCOM - 99 @40.1 Total=3969.9
Mon May 06 08:00:00 GMT+00:00 2013 SELL  - SFLY - 380 @43.38 Total=16484.4
Mon May 06 08:00:00 GMT+00:00 2013 BUY  - TREX - 189 @52.7 Total=9960.3
Fri May 17 08:00:00 GMT+00:00 2013 BUY  - NKE - 91 @65.32 Total=5944.12
Thu May 23 08:00:00 GMT+00:00 2013 SELL  - ARMH - 221 @45.37 Total=10026.77
Tue May 28 08:00:00 GMT+00:00 2013 SELL  - NKE - 260 @63.28 Total=16452.8
Tue May 28 08:00:00 GMT+00:00 2013 BUY  - INXN - 370 @27.0 Total=9990.0
Wed May 29 08:00:00 GMT+00:00 2013 BUY  - FSLR - 115 @51.76 Total=5952.4
Wed Jun 05 08:00:00 GMT+00:00 2013 SELL  - TREX - 189 @52.26 Total=9877.14
Thu Jun 06 08:00:00 GMT+00:00 2013 SELL  - SSTK - 548 @44.04 Total=24133.92
Thu Jun 06 08:00:00 GMT+00:00 2013 BUY  - TIVO - 728 @13.71 Total=9980.88
Fri Jun 07 08:00:00 GMT+00:00 2013 SELL  - TIVO - 728 @11.1 Total=8080.8
Thu Jun 13 08:00:00 GMT+00:00 2013 BUY  - KKD - 578 @17.26 Total=9976.28
Fri Jun 14 08:00:00 GMT+00:00 2013 SELL  - FSLR - 390 @44.71 Total=17436.9
Thu Jun 20 08:00:00 GMT+00:00 2013 SELL  - INXN - 370 @25.05 Total=9268.5
Fri Jun 21 08:00:00 GMT+00:00 2013 BUY  - CIEN - 504 @19.79 Total=9974.16
Mon Jun 24 08:00:00 GMT+00:00 2013 SELL  - KKD - 578 @16.64 Total=9617.92
Thu Jun 27 08:00:00 GMT+00:00 2013 BUY  - PTLA - 414 @24.13 Total=9989.82
Mon Jul 01 08:00:00 GMT+00:00 2013 BUY  - ICPT - 227 @43.89 Total=9963.03
Tue Jul 02 08:00:00 GMT+00:00 2013 BUY  - AYI - 122 @81.39 Total=9929.58
Wed Jul 17 08:00:00 GMT+00:00 2013 BUY  - TSLA - 49 @120.25 Total=5892.25
Fri Jul 19 08:00:00 GMT+00:00 2013 BUY  - SVU - 1350 @7.39 Total=9976.5
Mon Jul 22 08:00:00 GMT+00:00 2013 BUY  - SFUN - 329 @30.32 Total=9975.28
Mon Jul 29 08:00:00 GMT+00:00 2013 SELL  - ICPT - 227 @44.07 Total=10003.89
Mon Jul 29 08:00:00 GMT+00:00 2013 BUY  - LL - 106 @93.68 Total=9930.08
Tue Jul 30 08:00:00 GMT+00:00 2013 BUY  - CIEN - 268 @22.35 Total=5989.8
Tue Jul 30 08:00:00 GMT+00:00 2013 SELL  - PTLA - 414 @23.07 Total=9550.98
Tue Jul 30 08:00:00 GMT+00:00 2013 BUY  - POWI - 191 @52.07 Total=9945.37
Thu Aug 15 08:00:00 GMT+00:00 2013 SELL  - SVU - 1350 @7.3 Total=9855.0
Fri Aug 16 08:00:00 GMT+00:00 2013 SELL  - CIEN - 772 @21.04 Total=16242.88
Fri Aug 16 08:00:00 GMT+00:00 2013 BUY  - LOCK - 815 @12.26 Total=9991.9
Wed Sep 04 08:00:00 GMT+00:00 2013 BUY  - AYI - 69 @86.61 Total=5976.09
Tue Sep 10 08:00:00 GMT+00:00 2013 BUY  - TSLA - 24 @166.37 Total=3992.88
Thu Sep 26 08:00:00 GMT+00:00 2013 BUY  - AYI - 43 @92.15 Total=3962.45
Mon Sep 30 08:00:00 GMT+00:00 2013 SELL  - POWI - 191 @54.16 Total=10344.56
Mon Sep 30 08:00:00 GMT+00:00 2013 BUY  - AVG - 417 @23.94 Total=9982.98
Tue Oct 01 08:00:00 GMT+00:00 2013 BUY  - LL - 55 @108.69 Total=5977.95
Fri Oct 04 08:00:00 GMT+00:00 2013 BUY  - SFUN - 119 @50.36 Total=5992.84
Mon Oct 07 08:00:00 GMT+00:00 2013 SELL  - AVG - 417 @23.55 Total=9820.35
Thu Oct 10 08:00:00 GMT+00:00 2013 BUY  - LOCK - 430 @13.92 Total=5985.6
Thu Oct 17 08:00:00 GMT+00:00 2013 BUY  - LOCK - 277 @14.37 Total=3980.49
Wed Oct 23 08:00:00 GMT+00:00 2013 SELL  - TSLA - 316 @164.5 Total=51982.0
Wed Oct 23 08:00:00 GMT+00:00 2013 BUY  - NOAH - 610 @19.64 Total=11980.4
Wed Oct 23 08:00:00 GMT+00:00 2013 BUY  - VRTU - 380 @31.51 Total=11973.8
Wed Oct 23 08:00:00 GMT+00:00 2013 BUY  - EGOV - 486 @24.67 Total=11989.62
Fri Oct 25 08:00:00 GMT+00:00 2013 SELL  - NOAH - 610 @17.93 Total=10937.3
Tue Oct 29 08:00:00 GMT+00:00 2013 SELL  - LOCK - 1522 @13.68 Total=20820.96
Tue Oct 29 08:00:00 GMT+00:00 2013 BUY  - LOGM - 367 @32.6 Total=11964.2
Wed Oct 30 08:00:00 GMT+00:00 2013 BUY  - LOCK - 758 @15.82 Total=11991.56
Fri Nov 01 08:00:00 GMT+00:00 2013 SELL  - LOGM - 367 @30.62 Total=11237.54
Fri Nov 01 08:00:00 GMT+00:00 2013 BUY  - GMED - 631 @18.98 Total=11976.38
Mon Nov 04 08:00:00 GMT+00:00 2013 SELL  - EGOV - 486 @23.64 Total=11489.04
Mon Nov 04 08:00:00 GMT+00:00 2013 BUY  - NXPI - 282 @42.475 Total=11977.95
Wed Nov 06 08:00:00 GMT+00:00 2013 SELL  - JCOM - 539 @49.95 Total=26923.05
Wed Nov 06 08:00:00 GMT+00:00 2013 BUY  - GNRC - 271 @47.79 Total=12951.09
Wed Nov 06 08:00:00 GMT+00:00 2013 BUY  - AZPN - 339 @38.27 Total=12973.53
Thu Nov 07 08:00:00 GMT+00:00 2013 SELL  - NXPI - 282 @40.72 Total=11483.04
Fri Nov 08 08:00:00 GMT+00:00 2013 BUY  - LL - 45 @113.33 Total=5099.85
Fri Nov 08 08:00:00 GMT+00:00 2013 BUY  - ACHC - 301 @43.06 Total=12961.06
Fri Nov 22 08:00:00 GMT+00:00 2013 SELL  - LL - 206 @101.81 Total=20972.86
Fri Nov 22 08:00:00 GMT+00:00 2013 BUY  - A - 241 @53.85 Total=12977.85
Tue Nov 26 08:00:00 GMT+00:00 2013 BUY  - SFUN - 79 @65.62 Total=5183.98
Tue Nov 26 08:00:00 GMT+00:00 2013 BUY  - VRTU - 224 @34.79 Total=7792.96
Wed Dec 11 08:00:00 GMT+00:00 2013 SELL  - LOCK - 758 @16.02 Total=12143.16
Wed Dec 11 08:00:00 GMT+00:00 2013 BUY  - TWTR - 248 @52.34 Total=12980.32
Mon Dec 30 08:00:00 GMT+00:00 2013 BUY  - ACHC - 163 @47.76 Total=7784.88
Mon Jan 06 08:00:00 GMT+00:00 2014 BUY  - VRTU - 138 @37.41 Total=5162.58
Tue Jan 07 08:00:00 GMT+00:00 2014 BUY  - AZPN - 185 @42.05 Total=7779.25
Thu Jan 09 08:00:00 GMT+00:00 2014 SELL  - VRTU - 742 @34.12 Total=25317.04
Wed Jan 15 08:00:00 GMT+00:00 2014 BUY  - GNRC - 141 @55.24 Total=7788.84
Thu Jan 16 08:00:00 GMT+00:00 2014 SELL  - GNRC - 412 @50.89 Total=20966.68
Thu Jan 16 08:00:00 GMT+00:00 2014 BUY  - HTH - 527 @24.61 Total=12969.47
Fri Jan 24 08:00:00 GMT+00:00 2014 SELL  - AZPN - 524 @41.42 Total=21704.08
Fri Jan 24 08:00:00 GMT+00:00 2014 BUY  - NVDQ - 689 @18.84 Total=12980.76
Wed Jan 29 08:00:00 GMT+00:00 2014 SELL  - HTH - 527 @23.75 Total=12516.25
Mon Feb 03 08:00:00 GMT+00:00 2014 SELL  - A - 241 @56.15 Total=13532.15
Wed Feb 05 08:00:00 GMT+00:00 2014 SELL  - ACHC - 464 @48.12 Total=22327.68
Wed Feb 05 08:00:00 GMT+00:00 2014 SELL  - SFUN - 527 @72.26 Total=38081.02
Wed Feb 05 08:00:00 GMT+00:00 2014 BUY  - VGR - 841 @17.82 Total=14986.62
Thu Feb 06 08:00:00 GMT+00:00 2014 SELL  - TWTR - 248 @50.03 Total=12407.44
Thu Feb 06 08:00:00 GMT+00:00 2014 BUY  - EAT - 309 @48.47 Total=14977.23
Fri Feb 07 08:00:00 GMT+00:00 2014 SELL  - NVDQ - 689 @18.15 Total=12505.35
Fri Feb 07 08:00:00 GMT+00:00 2014 BUY  - GMT - 259 @57.83 Total=14977.97
Fri Feb 07 08:00:00 GMT+00:00 2014 BUY  - LVNTA - 118 @126.16 Total=14886.88
Mon Feb 10 08:00:00 GMT+00:00 2014 BUY  - SALE - 362 @41.33 Total=14961.46
Tue Feb 11 08:00:00 GMT+00:00 2014 BUY  - REGN - 45 @326.52 Total=14693.4
Tue Feb 11 08:00:00 GMT+00:00 2014 BUY  - SCOR - 483 @31.0 Total=14973.0
Wed Feb 12 08:00:00 GMT+00:00 2014 BUY  - SN - 472 @31.72 Total=14971.84
Thu Feb 13 08:00:00 GMT+00:00 2014 BUY  - GMED - 380 @23.64 Total=8983.2
Tue Feb 18 08:00:00 GMT+00:00 2014 SELL  - SN - 472 @29.74 Total=14037.28
Mon Mar 10 08:00:00 GMT+00:00 2014 SELL  - SALE - 362 @40.6 Total=14697.2
Mon Mar 10 08:00:00 GMT+00:00 2014 BUY  - ZU - 263 @56.88 Total=14959.44
Thu Mar 13 08:00:00 GMT+00:00 2014 SELL  - SCOR - 483 @30.85 Total=14900.55
Thu Mar 13 08:00:00 GMT+00:00 2014 BUY  - EMES - 299 @49.98 Total=14944.02
Fri Mar 14 08:00:00 GMT+00:00 2014 BUY  - EAT - 170 @52.87 Total=8987.9
Tue Mar 18 08:00:00 GMT+00:00 2014 BUY  - LVNTA - 63 @142.31 Total=8965.53
Fri Mar 21 08:00:00 GMT+00:00 2014 SELL  - REGN - 45 @310.79 Total=13985.55
Fri Mar 21 08:00:00 GMT+00:00 2014 BUY  - GMT - 136 @66.0 Total=8976.0
Mon Mar 24 08:00:00 GMT+00:00 2014 SELL  - ZU - 263 @54.91 Total=14441.33
Mon Mar 24 08:00:00 GMT+00:00 2014 SELL  - EAT - 479 @51.7 Total=24764.3
Mon Mar 24 08:00:00 GMT+00:00 2014 BUY  - MFRM - 317 @47.23 Total=14971.91
Tue Mar 25 08:00:00 GMT+00:00 2014 BUY  - GMED - 231 @25.86 Total=5973.66
Tue Mar 25 08:00:00 GMT+00:00 2014 BUY  - VGR - 423 @21.23 Total=8980.29
Wed Mar 26 08:00:00 GMT+00:00 2014 SELL  - LVNTA - 181 @130.34 Total=23591.54
Thu Mar 27 08:00:00 GMT+00:00 2014 SELL  - AYI - 234 @128.15 Total=29987.1
Thu Apr 03 08:00:00 GMT+00:00 2014 BUY  - FSLR - 233 @68.46 Total=15951.18
Thu Apr 03 08:00:00 GMT+00:00 2014 BUY  - BCPC - 261 @61.27 Total=15991.47
Thu Apr 03 08:00:00 GMT+00:00 2014 BUY  - APC - 161 @99.02 Total=15942.22
Mon Apr 07 08:00:00 GMT+00:00 2014 SELL  - BCPC - 261 @59.2 Total=15451.2
Wed Apr 09 08:00:00 GMT+00:00 2014 SELL  - GMED - 1242 @24.35 Total=30242.7
Thu Apr 10 08:00:00 GMT+00:00 2014 SELL  - MFRM - 317 @45.87 Total=14540.79
Thu Apr 10 08:00:00 GMT+00:00 2014 BUY  - ECOL - 387 @41.24 Total=15959.88
Tue Apr 15 08:00:00 GMT+00:00 2014 SELL  - FSLR - 233 @66.39 Total=15468.87
Mon Apr 21 08:00:00 GMT+00:00 2014 BUY  - AZN - 231 @69.1 Total=15962.1
Tue Apr 22 08:00:00 GMT+00:00 2014 SELL  - AZN - 231 @66.86 Total=15444.66
Fri Apr 25 08:00:00 GMT+00:00 2014 BUY  - ZBH - 159 @100.54 Total=15985.86
Mon Apr 28 08:00:00 GMT+00:00 2014 SELL  - GMT - 395 @64.87 Total=25623.65
Tue Apr 29 08:00:00 GMT+00:00 2014 BUY  - WLK - 226 @70.53 Total=15939.78
Wed Apr 30 08:00:00 GMT+00:00 2014 SELL  - ZBH - 159 @96.8 Total=15391.2
Wed Apr 30 08:00:00 GMT+00:00 2014 BUY  - HURN - 224 @71.2 Total=15948.8
Thu May 01 08:00:00 GMT+00:00 2014 SELL  - HURN - 224 @68.61 Total=15368.64
Thu May 01 08:00:00 GMT+00:00 2014 BUY  - KFRC - 680 @23.5 Total=15980.0
Mon May 05 08:00:00 GMT+00:00 2014 SELL  - KFRC - 680 @22.19 Total=15089.2
Mon May 05 08:00:00 GMT+00:00 2014 BUY  - CBG - 557 @28.71 Total=15991.47
Tue May 13 08:00:00 GMT+00:00 2014 SELL  - VGR - 1264 @20.18 Total=25507.52
Tue May 13 08:00:00 GMT+00:00 2014 BUY  - FISV - 261 @61.27 Total=15991.47
Thu May 15 08:00:00 GMT+00:00 2014 BUY  - IBN - 344 @46.37 Total=15951.28
Tue May 20 08:00:00 GMT+00:00 2014 SELL  - FISV - 261 @59.23 Total=15459.03
Wed May 21 08:00:00 GMT+00:00 2014 BUY  - TIF - 166 @96.3 Total=15985.8
Fri May 23 08:00:00 GMT+00:00 2014 BUY  - WSM - 235 @67.98 Total=15975.3
Wed May 28 08:00:00 GMT+00:00 2014 BUY  - CAL - 545 @29.3 Total=15968.5
Wed May 28 08:00:00 GMT+00:00 2014 BUY  - JWN - 237 @67.45 Total=15985.65
Mon Jun 02 08:00:00 GMT+00:00 2014 SELL  - CAL - 545 @27.83 Total=15167.35
Thu Jun 05 08:00:00 GMT+00:00 2014 BUY  - ECOL - 197 @48.57 Total=9568.29
Thu Jun 05 08:00:00 GMT+00:00 2014 BUY  - IBN - 188 @51.02 Total=9591.76
Fri Jun 13 08:00:00 GMT+00:00 2014 BUY  - EMES - 94 @101.95 Total=9583.3
Fri Jun 13 08:00:00 GMT+00:00 2014 BUY  - WLK - 116 @82.41 Total=9559.56
Mon Jun 16 08:00:00 GMT+00:00 2014 SELL  - IBN - 532 @48.97 Total=26052.04
Mon Jun 16 08:00:00 GMT+00:00 2014 BUY  - VRNT - 320 @49.83 Total=15945.6
Wed Jun 25 08:00:00 GMT+00:00 2014 BUY  - APC - 87 @109.57 Total=9532.59
Mon Jul 07 08:00:00 GMT+00:00 2014 SELL  - APC - 248 @106.79 Total=26483.92
Mon Jul 07 08:00:00 GMT+00:00 2014 BUY  - ANET - 221 @72.17 Total=15949.57
Tue Jul 08 08:00:00 GMT+00:00 2014 SELL  - VRNT - 320 @48.54 Total=15532.8
Tue Jul 08 08:00:00 GMT+00:00 2014 BUY  - MEI - 447 @35.76 Total=15984.72
Wed Jul 09 08:00:00 GMT+00:00 2014 BUY  - WLK - 74 @85.38 Total=6318.12
Thu Jul 10 08:00:00 GMT+00:00 2014 SELL  - ANET - 221 @67.74 Total=14970.54
Tue Jul 15 08:00:00 GMT+00:00 2014 SELL  - MEI - 447 @34.27 Total=15318.69
Tue Jul 15 08:00:00 GMT+00:00 2014 SELL  - JWN - 237 @68.05 Total=16127.85
Tue Jul 15 08:00:00 GMT+00:00 2014 BUY  - COO - 106 @150.78 Total=15982.68
Wed Jul 16 08:00:00 GMT+00:00 2014 BUY  - CBG - 291 @32.9 Total=9573.9
Thu Jul 17 08:00:00 GMT+00:00 2014 SELL  - ECOL - 584 @47.9 Total=27973.6
Fri Jul 18 08:00:00 GMT+00:00 2014 BUY  - EMES - 58 @109.16 Total=6331.28
Wed Jul 23 08:00:00 GMT+00:00 2014 BUY  - LEJU - 1216 @13.15 Total=15990.4
Mon Jul 28 08:00:00 GMT+00:00 2014 SELL  - WSM - 235 @68.37 Total=16066.95
Mon Jul 28 08:00:00 GMT+00:00 2014 BUY  - JMEI - 528 @30.28 Total=15987.84
Mon Jul 28 08:00:00 GMT+00:00 2014 SELL  - TIF - 166 @98.25 Total=16309.5
Mon Jul 28 08:00:00 GMT+00:00 2014 BUY  - DECK - 176 @90.76 Total=15973.76
Thu Jul 31 08:00:00 GMT+00:00 2014 SELL  - JMEI - 528 @28.54 Total=15069.12
Thu Jul 31 08:00:00 GMT+00:00 2014 BUY  - STLD - 754 @21.21 Total=15992.34
Thu Jul 31 08:00:00 GMT+00:00 2014 SELL  - CBG - 848 @30.84 Total=26152.32
Thu Jul 31 08:00:00 GMT+00:00 2014 BUY  - CTL - 407 @39.24 Total=15970.68
Fri Aug 01 08:00:00 GMT+00:00 2014 BUY  - THC - 305 @52.34 Total=15963.7
Tue Aug 05 08:00:00 GMT+00:00 2014 SELL  - LEJU - 1216 @11.94 Total=14519.04
Tue Aug 05 08:00:00 GMT+00:00 2014 BUY  - OTEX - 294 @54.34 Total=15975.96
Fri Aug 29 08:00:00 GMT+00:00 2014 BUY  - STLD - 412 @23.24 Total=9574.88
Wed Sep 03 08:00:00 GMT+00:00 2014 SELL  - DECK - 176 @91.44 Total=16093.44
Wed Sep 03 08:00:00 GMT+00:00 2014 BUY  - ATHM - 313 @51.06 Total=15981.78
Thu Sep 04 08:00:00 GMT+00:00 2014 SELL  - ATHM - 313 @48.1 Total=15055.3
Fri Sep 05 08:00:00 GMT+00:00 2014 BUY  - COO - 59 @162.42 Total=9582.78
Mon Sep 08 08:00:00 GMT+00:00 2014 BUY  - THC - 162 @58.99 Total=9556.38
Tue Sep 09 08:00:00 GMT+00:00 2014 SELL  - CTL - 407 @39.99 Total=16275.93
Tue Sep 09 08:00:00 GMT+00:00 2014 BUY  - MEI - 406 @39.36 Total=15980.16
Wed Sep 17 08:00:00 GMT+00:00 2014 SELL  - COO - 165 @157.4 Total=25971.0
Wed Sep 17 08:00:00 GMT+00:00 2014 BUY  - HQY - 798 @20.03 Total=15983.94
Tue Sep 23 08:00:00 GMT+00:00 2014 SELL  - HQY - 798 @18.82 Total=15018.36
Tue Sep 23 08:00:00 GMT+00:00 2014 SELL  - EMES - 451 @110.98 Total=50051.98
Tue Sep 23 08:00:00 GMT+00:00 2014 BUY  - MSCI - 382 @46.99 Total=17950.18
Tue Sep 23 08:00:00 GMT+00:00 2014 BUY  - CLX - 189 @94.85 Total=17926.65
Tue Sep 23 08:00:00 GMT+00:00 2014 BUY  - ALR - 451 @39.81 Total=17954.31
Thu Sep 25 08:00:00 GMT+00:00 2014 SELL  - MEI - 406 @38.04 Total=15444.24
Thu Sep 25 08:00:00 GMT+00:00 2014 SELL  - OTEX - 294 @54.81 Total=16114.14
Thu Sep 25 08:00:00 GMT+00:00 2014 SELL  - WLK - 416 @90.13 Total=37494.08
Tue Sep 30 08:00:00 GMT+00:00 2014 SELL  - STLD - 1166 @22.61 Total=26363.26
Wed Oct 01 08:00:00 GMT+00:00 2014 SELL  - THC - 467 @57.74 Total=26964.58
Fri Oct 03 08:00:00 GMT+00:00 2014 BUY  - GPN - 235 @76.32 Total=17935.2
Mon Oct 06 08:00:00 GMT+00:00 2014 BUY  - KITE - 548 @32.83 Total=17990.84
Tue Oct 07 08:00:00 GMT+00:00 2014 SELL  - MSCI - 382 @45.64 Total=17434.48
Tue Oct 07 08:00:00 GMT+00:00 2014 SELL  - KITE - 548 @31.8 Total=17426.4
Thu Oct 09 08:00:00 GMT+00:00 2014 SELL  - ALR - 451 @38.35 Total=17295.85
Thu Oct 09 08:00:00 GMT+00:00 2014 SELL  - GPN - 235 @73.97 Total=17382.95
Thu Oct 09 08:00:00 GMT+00:00 2014 BUY  - RENT - 249 @72.07 Total=17945.43
Mon Oct 13 08:00:00 GMT+00:00 2014 SELL  - RENT - 249 @69.79 Total=17377.71
Mon Oct 13 08:00:00 GMT+00:00 2014 BUY  - BDX - 142 @125.83 Total=17867.86
Tue Oct 14 08:00:00 GMT+00:00 2014 BUY  - AVA - 528 @34.03 Total=17967.84
Thu Oct 16 08:00:00 GMT+00:00 2014 SELL  - BDX - 142 @120.78 Total=17150.76
Fri Oct 17 08:00:00 GMT+00:00 2014 BUY  - REGN - 48 @369.64 Total=17742.72
Tue Oct 21 08:00:00 GMT+00:00 2014 BUY  - AKRX - 435 @41.29 Total=17961.15
Mon Oct 27 08:00:00 GMT+00:00 2014 BUY  - EPAM - 383 @46.91 Total=17966.53
Thu Oct 30 08:00:00 GMT+00:00 2014 BUY  - V - 76 @236.65 Total=17985.4
Thu Oct 30 08:00:00 GMT+00:00 2014 BUY  - BMY - 305 @58.98 Total=17988.9
Thu Oct 30 08:00:00 GMT+00:00 2014 BUY  - ABMD - 573 @31.35 Total=17963.55
Thu Oct 30 08:00:00 GMT+00:00 2014 BUY  - BIN - 636 @28.25 Total=17967.0
Thu Oct 30 08:00:00 GMT+00:00 2014 BUY  - TTWO - 712 @25.27 Total=17992.24
Wed Nov 05 08:00:00 GMT+00:00 2014 SELL  - REGN - 48 @368.51 Total=17688.48
Wed Nov 05 08:00:00 GMT+00:00 2014 BUY  - ZEN - 720 @24.96 Total=17971.2
Thu Nov 06 08:00:00 GMT+00:00 2014 SELL  - AKRX - 435 @37.88 Total=16477.8
Thu Nov 06 08:00:00 GMT+00:00 2014 BUY  - FLT - 119 @150.47 Total=17905.93
Tue Nov 11 08:00:00 GMT+00:00 2014 SELL  - ZEN - 720 @23.34 Total=16804.8
Tue Nov 11 08:00:00 GMT+00:00 2014 BUY  - KAR - 544 @33.02 Total=17962.88
Thu Nov 13 08:00:00 GMT+00:00 2014 SELL  - AVA - 528 @33.91 Total=17904.48
Thu Nov 13 08:00:00 GMT+00:00 2014 BUY  - SYKE - 746 @24.09 Total=17971.14
Wed Nov 19 08:00:00 GMT+00:00 2014 SELL  - SYKE - 746 @22.86 Total=17053.56
Tue Dec 02 08:00:00 GMT+00:00 2014 BUY  - ABMD - 305 @35.275 Total=10758.875
Mon Dec 08 08:00:00 GMT+00:00 2014 SELL  - FLT - 119 @148.11 Total=17625.09
Mon Dec 08 08:00:00 GMT+00:00 2014 BUY  - GIII - 189 @94.79 Total=17915.31
Tue Dec 09 08:00:00 GMT+00:00 2014 BUY  - TTWO - 398 @27.11 Total=10789.78
Thu Dec 11 08:00:00 GMT+00:00 2014 BUY  - CLX - 106 @100.92 Total=10697.52
Mon Dec 15 08:00:00 GMT+00:00 2014 SELL  - BMY - 305 @58.55 Total=17857.75
Mon Dec 15 08:00:00 GMT+00:00 2014 BUY  - ADBE - 246 @73.04 Total=17967.84
Tue Dec 16 08:00:00 GMT+00:00 2014 SELL  - EPAM - 383 @46.24 Total=17709.92
Wed Dec 17 08:00:00 GMT+00:00 2014 BUY  - V - 41 @259.08 Total=10622.28
Wed Dec 24 08:00:00 GMT+00:00 2014 BUY  - BIN - 354 @30.43 Total=10772.22
Wed Dec 31 08:00:00 GMT+00:00 2014 SELL  - ADBE - 246 @72.7 Total=17884.2
Wed Dec 31 08:00:00 GMT+00:00 2014 BUY  - NVRO - 465 @38.67 Total=17981.55
Fri Jan 02 08:00:00 GMT+00:00 2015 BUY  - TTWO - 256 @28.095 Total=7192.32
Mon Jan 05 08:00:00 GMT+00:00 2015 BUY  - CLX - 69 @103.89 Total=7168.41
Tue Jan 06 08:00:00 GMT+00:00 2015 SELL  - NVRO - 465 @37.13 Total=17265.45
Tue Jan 06 08:00:00 GMT+00:00 2015 SELL  - GIII - 189 @95.25 Total=18002.25
Tue Jan 06 08:00:00 GMT+00:00 2015 BUY  - VA - 438 @41.01 Total=17962.38
Wed Jan 07 08:00:00 GMT+00:00 2015 SELL  - VA - 438 @39.75 Total=17410.5
Wed Jan 07 08:00:00 GMT+00:00 2015 BUY  - ABMD - 182 @37.28 Total=6784.96
Fri Jan 09 08:00:00 GMT+00:00 2015 SELL  - BIN - 990 @29.67 Total=29373.3
Fri Jan 09 08:00:00 GMT+00:00 2015 BUY  - AYI - 118 @151.5 Total=17877.0
Thu Jan 15 08:00:00 GMT+00:00 2015 SELL  - V - 117 @253.13 Total=29616.21
Thu Jan 15 08:00:00 GMT+00:00 2015 SELL  - KAR - 544 @33.98 Total=18485.12
Thu Jan 15 08:00:00 GMT+00:00 2015 BUY  - HDB - 323 @55.66 Total=17978.18
Thu Jan 22 08:00:00 GMT+00:00 2015 BUY  - HELE - 232 @77.53 Total=17986.96
Fri Jan 23 08:00:00 GMT+00:00 2015 BUY  - SBUX - 203 @88.22 Total=17908.66
Fri Jan 30 08:00:00 GMT+00:00 2015 SELL  - HELE - 232 @75.22 Total=17451.04
Mon Feb 09 08:00:00 GMT+00:00 2015 SELL  - HDB - 323 @56.28 Total=18178.44
Mon Feb 09 08:00:00 GMT+00:00 2015 BUY  - ORLY - 87 @205.07 Total=17841.09
Tue Feb 10 08:00:00 GMT+00:00 2015 SELL  - TTWO - 1366 @27.79 Total=37961.14
Tue Feb 10 08:00:00 GMT+00:00 2015 BUY  - MOH - 319 @56.26 Total=17946.94
Tue Feb 10 08:00:00 GMT+00:00 2015 BUY  - VAR - 194 @92.53 Total=17950.82
Tue Feb 10 08:00:00 GMT+00:00 2015 BUY  - EL - 224 @80.01 Total=17922.24
Fri Mar 06 08:00:00 GMT+00:00 2015 SELL  - ORLY - 87 @204.19 Total=17764.53
Fri Mar 06 08:00:00 GMT+00:00 2015 BUY  - AMBA - 280 @64.22 Total=17981.6
Wed Mar 11 08:00:00 GMT+00:00 2015 SELL  - EL - 224 @80.5 Total=18032.0
Wed Mar 11 08:00:00 GMT+00:00 2015 BUY  - BMY - 274 @65.6 Total=17974.4
Wed Mar 25 08:00:00 GMT+00:00 2015 SELL  - BMY - 274 @64.7 Total=17727.8
Wed Mar 25 08:00:00 GMT+00:00 2015 BUY  - JUNO - 336 @53.48 Total=17969.28
Wed Mar 25 08:00:00 GMT+00:00 2015 SELL  - VAR - 194 @92.72 Total=17987.68
Wed Mar 25 08:00:00 GMT+00:00 2015 BUY  - NVRO - 374 @48.04 Total=17966.96
Mon Mar 30 08:00:00 GMT+00:00 2015 BUY  - SBUX - 112 @95.98 Total=10749.76
Wed Apr 08 08:00:00 GMT+00:00 2015 BUY  - AYI - 63 @168.96 Total=10644.48
Mon Apr 20 08:00:00 GMT+00:00 2015 BUY  - AMBA - 144 @74.56 Total=10736.64
Mon Apr 20 08:00:00 GMT+00:00 2015 SELL  - CLX - 364 @108.47 Total=39483.08
Mon Apr 20 08:00:00 GMT+00:00 2015 BUY  - TSE - 797 @22.56 Total=17980.32
Tue Apr 21 08:00:00 GMT+00:00 2015 BUY  - MOH - 169 @63.73 Total=10770.37
Mon Apr 27 08:00:00 GMT+00:00 2015 SELL  - JUNO - 336 @50.81 Total=17072.16
Mon Apr 27 08:00:00 GMT+00:00 2015 SELL  - MOH - 488 @62.09 Total=30299.92
Mon Apr 27 08:00:00 GMT+00:00 2015 BUY  - MMSI - 874 @20.58 Total=17986.92
Mon Apr 27 08:00:00 GMT+00:00 2015 SELL  - NVRO - 374 @48.93 Total=18299.82
Mon Apr 27 08:00:00 GMT+00:00 2015 BUY  - ARRS - 514 @34.98 Total=17979.72
Thu Apr 30 08:00:00 GMT+00:00 2015 SELL  - MMSI - 874 @19.41 Total=16964.34
Thu Apr 30 08:00:00 GMT+00:00 2015 SELL  - ABMD - 1060 @63.22 Total=67013.2
Thu Apr 30 08:00:00 GMT+00:00 2015 BUY  - AVG - 877 @23.92 Total=20977.84
Thu Apr 30 08:00:00 GMT+00:00 2015 BUY  - CRM - 288 @72.82 Total=20972.16
Thu Apr 30 08:00:00 GMT+00:00 2015 BUY  - DPZ - 194 @107.85 Total=20922.9
Thu Apr 30 08:00:00 GMT+00:00 2015 BUY  - XPO - 432 @48.5 Total=20952.0
Tue May 05 08:00:00 GMT+00:00 2015 SELL  - TSE - 797 @21.83 Total=17398.51
Tue May 05 08:00:00 GMT+00:00 2015 BUY  - STJ - 294 @71.33 Total=20971.02
Wed May 06 08:00:00 GMT+00:00 2015 SELL  - ARRS - 514 @33.44 Total=17188.16
Wed May 06 08:00:00 GMT+00:00 2015 SELL  - SBUX - 630 @48.93 Total=30825.9
Wed May 06 08:00:00 GMT+00:00 2015 BUY  - AMZN - 50 @419.1 Total=20955.0
Fri May 15 08:00:00 GMT+00:00 2015 BUY  - STMP - 300 @69.94 Total=20982.0
Wed May 20 08:00:00 GMT+00:00 2015 SELL  - CRM - 288 @70.16 Total=20206.08
Wed May 20 08:00:00 GMT+00:00 2015 BUY  - PLCE - 307 @68.28 Total=20961.96
Fri May 29 08:00:00 GMT+00:00 2015 SELL  - STMP - 300 @67.29 Total=20187.0
Fri May 29 08:00:00 GMT+00:00 2015 BUY  - AMED - 676 @31.02 Total=20969.52
Tue Jun 02 08:00:00 GMT+00:00 2015 BUY  - AYI - 47 @178.51 Total=8389.97
Fri Jun 05 08:00:00 GMT+00:00 2015 SELL  - XPO - 432 @48.63 Total=21008.16
Fri Jun 05 08:00:00 GMT+00:00 2015 BUY  - AVGO - 145 @143.81 Total=20852.45
Tue Jun 09 08:00:00 GMT+00:00 2015 SELL  - PLCE - 307 @64.76 Total=19881.32
Tue Jun 09 08:00:00 GMT+00:00 2015 BUY  - CMN - 403 @52.0 Total=20956.0
Mon Jun 15 08:00:00 GMT+00:00 2015 SELL  - AMZN - 50 @423.67 Total=21183.5
Mon Jun 15 08:00:00 GMT+00:00 2015 BUY  - MBLY - 417 @50.34 Total=20991.78
Thu Jun 25 08:00:00 GMT+00:00 2015 BUY  - AMED - 315 @39.96 Total=12587.4
Thu Jun 25 08:00:00 GMT+00:00 2015 SELL  - AVGO - 145 @139.23 Total=20188.35
Thu Jun 25 08:00:00 GMT+00:00 2015 BUY  - TMH - 316 @66.41 Total=20985.56
Mon Jun 29 08:00:00 GMT+00:00 2015 SELL  - STJ - 294 @72.85 Total=21417.9
Mon Jun 29 08:00:00 GMT+00:00 2015 BUY  - HRC - 381 @55.08 Total=20985.48
Mon Jun 29 08:00:00 GMT+00:00 2015 SELL  - AYI - 228 @179.27 Total=40873.56
Mon Jun 29 08:00:00 GMT+00:00 2015 BUY  - ITCI - 710 @30.94 Total=21967.4
Wed Jul 01 08:00:00 GMT+00:00 2015 BUY  - AVG - 480 @27.43 Total=13166.4
Wed Jul 08 08:00:00 GMT+00:00 2015 SELL  - HRC - 381 @53.41 Total=20349.21
