Start Date: Thu Jan 01 08:00:00 GMT+00:00 2015
End Date: Wed Jul 01 19:44:06 GMT+00:00 2015
Initial Cash: 100000.0
Num Positions: 5
-----------------
Thu Jan 22 08:00:00 GMT+00:00 2015 BUY: 93 shares of AGU cost-basis=107 for $9969.6 CASH-BAL=90023.4
Fri Jan 23 08:00:00 GMT+00:00 2015 BUY: 113 shares of SBUX cost-basis=88.2 for $9968.86 CASH-BAL=80047.54
Wed Jan 28 08:00:00 GMT+00:00 2015 BUY: 634 shares of KLIC cost-basis=15.8 for $9985.5 CASH-BAL=70055.04
Thu Jan 29 08:00:00 GMT+00:00 2015 Selling due to underperformance: AGU
Thu Jan 29 08:00:00 GMT+00:00 2015 SELL AGU x93 for $9821.73 CASH-BAL=79869.77
Thu Jan 29 08:00:00 GMT+00:00 2015 BUY: 106 shares of VAR cost-basis=94.0 for $9968.24 CASH-BAL=69894.53
Fri Jan 30 08:00:00 GMT+00:00 2015Market-Downtrend-Sell -3%: (-3.75%)634 shares of KLIC for -3.75
Fri Jan 30 08:00:00 GMT+00:00 2015 SELL KLIC x634 for $9617.78 CASH-BAL=79505.31
Thu Feb 05 08:00:00 GMT+00:00 2015 BUY: 138 shares of BLL cost-basis=72.0 for $9940.14 CASH-BAL=69558.17
Mon Feb 09 08:00:00 GMT+00:00 2015 BUY: 167 shares of HAS cost-basis=59.7 for $9963.22 CASH-BAL=59587.95
Tue Feb 10 08:00:00 GMT+00:00 2015 BUY: 220 shares of SEE cost-basis=45.3 for $9959.4 CASH-BAL=49621.55
Wed Feb 11 08:00:00 GMT+00:00 2015 Selling due to underperformance: VAR
Wed Feb 11 08:00:00 GMT+00:00 2015 SELL VAR x106 for $9785.92 CASH-BAL=59400.47
Wed Feb 11 08:00:00 GMT+00:00 2015 BUY: 409 shares of SCI cost-basis=24.4 for $9975.51 CASH-BAL=49417.96
Mon Mar 02 08:00:00 GMT+00:00 2015 BUY: 63 shares of SBUX cost-basis=90.4 for $5936.175 CASH-BAL=43474.785
Wed Mar 04 08:00:00 GMT+00:00 2015 Selling due to underperformance: BLL
Wed Mar 04 08:00:00 GMT+00:00 2015 SELL BLL x138 for $9839.4 CASH-BAL=53307.185
Wed Mar 04 08:00:00 GMT+00:00 2015 BUY: 152 shares of BMY cost-basis=65.7 for $9981.84 CASH-BAL=43318.345
Wed Mar 04 08:00:00 GMT+00:00 2015 Selling due to underperformance: SEE
Wed Mar 04 08:00:00 GMT+00:00 2015 SELL SEE x220 for $10247.6 CASH-BAL=53558.945
Wed Mar 04 08:00:00 GMT+00:00 2015 BUY: 330 shares of OLN cost-basis=30.3 for $9982.5 CASH-BAL=43569.445
Tue Mar 10 08:00:00 GMT+00:00 2015Market-CautiousUp-Sell -3%: (-4.2%)330 shares of OLN for -4.2
Tue Mar 10 08:00:00 GMT+00:00 2015 SELL OLN x330 for $9570.0 CASH-BAL=53132.445
Wed Mar 25 08:00:00 GMT+00:00 2015 BUY: 70 shares of EW cost-basis=142 for $9957.5 CASH-BAL=43167.945
Thu Mar 26 08:00:00 GMT+00:00 2015 Selling due to underperformance: BMY
Thu Mar 26 08:00:00 GMT+00:00 2015 SELL BMY x152 for $9880.0 CASH-BAL=53040.945
Thu Mar 26 08:00:00 GMT+00:00 2015 BUY: 562 shares of SFS cost-basis=17.8 for $9986.74 CASH-BAL=43047.205
Thu Mar 26 08:00:00 GMT+00:00 2015 Selling due to underperformance: HAS
Thu Mar 26 08:00:00 GMT+00:00 2015 SELL HAS x167 for $10112.685 CASH-BAL=53152.89
Thu Mar 26 08:00:00 GMT+00:00 2015 BUY: 74 shares of SIG cost-basis=135 for $9990.0 CASH-BAL=43155.89
Wed Apr 01 08:00:00 GMT+00:00 2015 BUY: 228 shares of SCI cost-basis=25.1 for $5985.0 CASH-BAL=37163.89
Thu Apr 09 08:00:00 GMT+00:00 2015 SBUX: Applying split factor of: 2.0
Fri Apr 10 08:00:00 GMT+00:00 2015 Selling due to underperformance: EW
Fri Apr 10 08:00:00 GMT+00:00 2015 SELL EW x70 for $9917.6 CASH-BAL=47074.49
Fri Apr 10 08:00:00 GMT+00:00 2015 BUY: 350 shares of GE cost-basis=28.5 for $9978.5 CASH-BAL=37088.99
Wed Apr 15 08:00:00 GMT+00:00 2015 BUY: 147 shares of SCI cost-basis=25.4 for $3966.06 CASH-BAL=33115.93
Tue Apr 21 08:00:00 GMT+00:00 2015 StopLoss-SoftStop SELL: (-6.7%)350 shares of GE for -6.7
Tue Apr 21 08:00:00 GMT+00:00 2015 SELL GE x350 for $9317.0 CASH-BAL=42425.93
Tue Apr 21 08:00:00 GMT+00:00 2015 BUY: 82 shares of SBUX cost-basis=45.8 for $3966.34 CASH-BAL=38452.59
Mon Apr 27 08:00:00 GMT+00:00 2015Market-Uptrend-Sell 20EMA: (-2.06%)562 shares of SFS for -0.408
Mon Apr 27 08:00:00 GMT+00:00 2015 SELL SFS x562 for $9953.02 CASH-BAL=48398.61
Tue Apr 28 08:00:00 GMT+00:00 2015 BUY: 359 shares of HQY cost-basis=27.8 for $9965.84 CASH-BAL=38425.77
Wed Apr 29 08:00:00 GMT+00:00 2015 BUY: 204 shares of XPO cost-basis=48.8 for $9961.32 CASH-BAL=28457.45
Thu Apr 30 08:00:00 GMT+00:00 2015 StopLoss-SoftStop SELL: (-5.65%)359 shares of HQY for -5.65
Thu Apr 30 08:00:00 GMT+00:00 2015 SELL HQY x359 for $9409.39 CASH-BAL=37859.84
Thu Apr 30 08:00:00 GMT+00:00 2015 BUY: 417 shares of AVG cost-basis=23.9 for $9974.64 CASH-BAL=27878.2
Fri May 01 08:00:00 GMT+00:00 2015 Selling due to underperformance: SIG
Fri May 01 08:00:00 GMT+00:00 2015 SELL SIG x74 for $10122.46 CASH-BAL=37993.66
Fri May 01 08:00:00 GMT+00:00 2015 BUY: 184 shares of BFAM cost-basis=54.1 for $9945.2 CASH-BAL=28041.46
Fri May 08 08:00:00 GMT+00:00 2015 Selling due to underperformance: XPO
Fri May 08 08:00:00 GMT+00:00 2015 SELL XPO x204 for $9906.24 CASH-BAL=37940.7
Fri May 08 08:00:00 GMT+00:00 2015 BUY: 185 shares of IMPV cost-basis=54.0 for $9986.3 CASH-BAL=27947.4
Tue May 12 08:00:00 GMT+00:00 2015 Selling due to underperformance: BFAM
Tue May 12 08:00:00 GMT+00:00 2015 SELL BFAM x184 for $9722.56 CASH-BAL=37662.96
Tue May 12 08:00:00 GMT+00:00 2015 BUY: 296 shares of IPAR cost-basis=33.7 for $9960.4 CASH-BAL=27695.56
Fri May 15 08:00:00 GMT+00:00 2015 StopLoss-SoftStop SELL: (-5.18%)296 shares of IPAR for -5.18
Fri May 15 08:00:00 GMT+00:00 2015 SELL IPAR x296 for $9451.28 CASH-BAL=37139.84
Wed May 20 08:00:00 GMT+00:00 2015 BUY: 220 shares of TTPH cost-basis=45.3 for $9972.6 CASH-BAL=27160.24
Wed May 20 08:00:00 GMT+00:00 2015 Selling due to underperformance: AVG
Wed May 20 08:00:00 GMT+00:00 2015 SELL AVG x417 for $10229.01 CASH-BAL=37382.25
Wed May 20 08:00:00 GMT+00:00 2015 BUY: 60 shares of TWC cost-basis=167 for $9993.0 CASH-BAL=27382.25
Fri May 22 08:00:00 GMT+00:00 2015 StopLoss-SoftStop SELL: (-5.34%)220 shares of TTPH for -5.34
Fri May 22 08:00:00 GMT+00:00 2015 SELL TTPH x220 for $9446.8 CASH-BAL=36822.05
Tue May 26 08:00:00 GMT+00:00 2015 Got Acquired/Merged: 60 shares of TWC for 10.2
Tue May 26 08:00:00 GMT+00:00 2015 SELL TWC x60 for $11016.0 CASH-BAL=47831.05
Wed May 27 08:00:00 GMT+00:00 2015 BUY: 315 shares of AMED cost-basis=31.7 for $9976.05 CASH-BAL=37848.0
Fri Jun 05 08:00:00 GMT+00:00 2015 BUY: 146 shares of JUNO cost-basis=68.4 for $9980.56 CASH-BAL=27860.44
Tue Jun 09 08:00:00 GMT+00:00 2015 StopLoss-HardStop SELL: (-9.17%)146 shares of JUNO for -9.17
Tue Jun 09 08:00:00 GMT+00:00 2015 SELL JUNO x146 for $9072.44 CASH-BAL=36925.88
Tue Jun 09 08:00:00 GMT+00:00 2015 BUY: 192 shares of CMN cost-basis=52.0 for $9984.0 CASH-BAL=26934.88
Wed Jun 17 08:00:00 GMT+00:00 2015 Selling due to underperformance: CMN
Wed Jun 17 08:00:00 GMT+00:00 2015 SELL CMN x192 for $9972.48 CASH-BAL=36900.36
Wed Jun 17 08:00:00 GMT+00:00 2015 BUY: 193 shares of RDUS cost-basis=51.7 for $9983.89 CASH-BAL=26909.47
Thu Jun 25 08:00:00 GMT+00:00 2015 BUY: 149 shares of AMED cost-basis=34.3 for $5954.04 CASH-BAL=20948.43

---- Final Portfolio Holdings as of Wed Jul 01 19:44:06 GMT+00:00 2015 ----
null 434 of SBUX with cost basis of 45.8 and pct-chg: 17.6% with % of portfolio weight=20.9%
null 784 of SCI with cost basis of 25.4 and pct-chg: 15.9% with % of portfolio weight=20.7%
null 185 of IMPV with cost basis of 54.0 and pct-chg: 24.1% with % of portfolio weight=11.1%
null 464 of AMED with cost basis of 34.3 and pct-chg: 18.4% with % of portfolio weight=16.9%
null 193 of RDUS with cost basis of 51.7 and pct-chg: 29.3% with % of portfolio weight=11.6%

Total Invested Amount = 90625.31 with % of portfolio weight=81.2%
Cash Bal = 20948.43 with % of portfolio weight=18.8%
Net Value = 111573.74

---- Run stats ----
Start-Date: Thu Jan 01 08:00:00 GMT+00:00 2015
End-Date: Wed Jul 01 19:44:06 GMT+00:00 2015
Total Trading days: 182
Net Gain/Loss = 11573.74
Pct Chg = 11.6%
