Thu Jan 15 08:00:00 GMT+00:00 2015 BUY  - AYI - 56 @148.87 Total=8336.72
Thu Jan 22 08:00:00 GMT+00:00 2015 BUY  - HELE - 107 @77.53 Total=8295.71
Thu Jan 22 08:00:00 GMT+00:00 2015 BUY  - AGU - 77 @107.2 Total=8254.4
Fri Jan 23 08:00:00 GMT+00:00 2015 BUY  - SBUX - 94 @88.22 Total=8292.68
Fri Jan 30 08:00:00 GMT+00:00 2015 SELL  - HELE - 107 @75.22 Total=8048.54
Fri Jan 30 08:00:00 GMT+00:00 2015 BUY  - VAR - 90 @92.56 Total=8330.4
Thu Feb 05 08:00:00 GMT+00:00 2015 BUY  - KLIC - 524 @15.92 Total=8342.08
Thu Feb 05 08:00:00 GMT+00:00 2015 BUY  - BA - 56 @148.6 Total=8321.6
Thu Mar 05 08:00:00 GMT+00:00 2015 BUY  - AYI - 31 @159.95 Total=4958.45
Fri Mar 06 08:00:00 GMT+00:00 2015 SELL  - AGU - 77 @110.42 Total=8502.34
Fri Mar 06 08:00:00 GMT+00:00 2015 BUY  - AMBA - 129 @64.22 Total=8284.38
Tue Mar 10 08:00:00 GMT+00:00 2015 SELL  - VAR - 90 @92.53 Total=8327.7
Tue Mar 10 08:00:00 GMT+00:00 2015 BUY  - BMY - 127 @65.53 Total=8322.31
Tue Mar 10 08:00:00 GMT+00:00 2015 SELL  - KLIC - 524 @15.99 Total=8378.76
Tue Mar 10 08:00:00 GMT+00:00 2015 BUY  - OLN - 287 @29.0 Total=8323.0
Thu Mar 19 08:00:00 GMT+00:00 2015 SELL  - OLN - 287 @28.05 Total=8050.35
Thu Mar 19 08:00:00 GMT+00:00 2015 BUY  - NVRO - 166 @50.01 Total=8301.66
Wed Mar 25 08:00:00 GMT+00:00 2015 SELL  - NVRO - 166 @48.04 Total=7974.64
Wed Mar 25 08:00:00 GMT+00:00 2015 BUY  - JUNO - 156 @53.48 Total=8342.88
Wed Mar 25 08:00:00 GMT+00:00 2015 SELL  - BMY - 127 @64.7 Total=8216.9
Wed Mar 25 08:00:00 GMT+00:00 2015 BUY  - EW - 58 @142.25 Total=8250.5
Mon Mar 30 08:00:00 GMT+00:00 2015 BUY  - SBUX - 52 @95.98 Total=4990.96
Tue Mar 31 08:00:00 GMT+00:00 2015 SELL  - BA - 56 @150.08 Total=8404.48
Tue Mar 31 08:00:00 GMT+00:00 2015 BUY  - SFS - 474 @17.6 Total=8342.4
Mon Apr 06 08:00:00 GMT+00:00 2015 SELL  - EW - 58 @139.85 Total=8111.3
Mon Apr 06 08:00:00 GMT+00:00 2015 BUY  - SIG - 59 @139.76 Total=8245.84
Wed Apr 08 08:00:00 GMT+00:00 2015 BUY  - AYI - 19 @168.96 Total=3210.24
Fri Apr 17 08:00:00 GMT+00:00 2015 SELL  - SIG - 59 @132.41 Total=7812.19
Fri Apr 17 08:00:00 GMT+00:00 2015 BUY  - TSE - 379 @22.0 Total=8338.0
Mon Apr 20 08:00:00 GMT+00:00 2015 BUY  - AMBA - 67 @74.56 Total=4995.52
Mon Apr 27 08:00:00 GMT+00:00 2015 SELL  - JUNO - 156 @50.81 Total=7926.36
Mon Apr 27 08:00:00 GMT+00:00 2015 SELL  - SFS - 474 @17.71 Total=8394.54
Wed Apr 29 08:00:00 GMT+00:00 2015 BUY  - XPO - 170 @48.83 Total=8301.1
Thu Apr 30 08:00:00 GMT+00:00 2015 BUY  - AVG - 348 @23.92 Total=8324.16
Tue May 05 08:00:00 GMT+00:00 2015 SELL  - TSE - 379 @21.83 Total=8273.57
Tue May 05 08:00:00 GMT+00:00 2015 BUY  - BFAM - 154 @53.95 Total=8308.3
Fri May 08 08:00:00 GMT+00:00 2015 BUY  - SBUX - 66 @49.78 Total=3285.48
Mon Jun 01 08:00:00 GMT+00:00 2015 SELL  - XPO - 170 @48.71 Total=8280.7
Mon Jun 01 08:00:00 GMT+00:00 2015 BUY  - TTPH - 200 @41.66 Total=8332.0
Fri Jun 12 08:00:00 GMT+00:00 2015 SELL  - TTPH - 200 @41.56 Total=8312.0
Fri Jun 12 08:00:00 GMT+00:00 2015 BUY  - CMN - 160 @51.93 Total=8308.8
Wed Jul 01 08:00:00 GMT+00:00 2015 BUY  - AVG - 182 @27.43 Total=4992.26
