Fri Jan 02 08:00:00 GMT+00:00 2015 - EGRX - CONSOLIDATION
Tue Jan 06 08:00:00 GMT+00:00 2015 - SRC - FLAT_BASE
Wed Jan 07 08:00:00 GMT+00:00 2015 - ARNA - CONSOLIDATION
Wed Jan 07 08:00:00 GMT+00:00 2015 - HALO - CONSOLIDATION
Wed Jan 07 08:00:00 GMT+00:00 2015 - AMPH - CUP_HANDLE
Fri Jan 09 08:00:00 GMT+00:00 2015 - HELE - CUP_HANDLE
Mon Jan 12 08:00:00 GMT+00:00 2015 - HOLX - FLAT_BASE
Tue Jan 13 08:00:00 GMT+00:00 2015 - CNS - CONSOLIDATION
Tue Jan 13 08:00:00 GMT+00:00 2015 - OCIR - CUP_HANDLE
Tue Feb 10 08:00:00 GMT+00:00 2015 - SEE - FLAT_BASE
Tue Feb 10 08:00:00 GMT+00:00 2015 - MOH - FLAT_BASE
Tue Feb 10 08:00:00 GMT+00:00 2015 - PINC - CUP_HANDLE
Thu Feb 19 08:00:00 GMT+00:00 2015 - CNCE - CUP_HANDLE
Thu Feb 19 08:00:00 GMT+00:00 2015 - ADPT - CONSOLIDATION
Tue Feb 24 08:00:00 GMT+00:00 2015 - CBRL - FLAT_BASE
Tue Feb 24 08:00:00 GMT+00:00 2015 - SF - FLAT_BASE
Tue Feb 24 08:00:00 GMT+00:00 2015 - ASML - DOUBLE_BOTTOM
Tue Feb 24 08:00:00 GMT+00:00 2015 - CHGG - CONSOLIDATION
Tue Feb 24 08:00:00 GMT+00:00 2015 - TCON - IPO
Thu Mar 26 08:00:00 GMT+00:00 2015 - SIG - FLAT_BASE
Thu Mar 26 08:00:00 GMT+00:00 2015 - RHT - CUP_HANDLE
Tue Apr 07 08:00:00 GMT+00:00 2015 - MRGE - CONSOLIDATION
Tue Apr 07 08:00:00 GMT+00:00 2015 - HOFT - FLAT_BASE
Tue Apr 07 08:00:00 GMT+00:00 2015 - CLAC - CONSOLIDATION
Wed Apr 15 08:00:00 GMT+00:00 2015 - SWHC - CUP_HANDLE
Thu Apr 23 08:00:00 GMT+00:00 2015 - CSL - FLAT_BASE
Thu Apr 23 08:00:00 GMT+00:00 2015 - CLGX - CUP_HANDLE
Thu Apr 23 08:00:00 GMT+00:00 2015 - EXPO - FLAT_BASE
Thu Apr 23 08:00:00 GMT+00:00 2015 - ARRS - CONSOLIDATION
Thu Apr 23 08:00:00 GMT+00:00 2015 - DPZ - FLAT_BASE
Thu Apr 23 08:00:00 GMT+00:00 2015 - PMC - CONSOLIDATION
Mon Apr 27 08:00:00 GMT+00:00 2015 - PFSW - CUP
Thu May 14 08:00:00 GMT+00:00 2015 - JAH - FLAT_BASE
Thu May 14 08:00:00 GMT+00:00 2015 - CSCD - CONSOLIDATION
Thu May 14 08:00:00 GMT+00:00 2015 - STRP - CONSOLIDATION
Thu May 14 08:00:00 GMT+00:00 2015 - CRTO - CONSOLIDATION
Thu May 28 08:00:00 GMT+00:00 2015 - EPAM - CONSOLIDATION
Thu May 28 08:00:00 GMT+00:00 2015 - RALY - CONSOLIDATION
Fri Jun 19 08:00:00 GMT+00:00 2015 - BCRX - CONSOLIDATION
Fri Jun 19 08:00:00 GMT+00:00 2015 - MSO - CUP
Fri Jun 19 08:00:00 GMT+00:00 2015 - PGC - CUP
Fri Jun 19 08:00:00 GMT+00:00 2015 - IPCM - CUP
Fri Jun 19 08:00:00 GMT+00:00 2015 - LOCK - CUP_HANDLE
Fri Jun 19 08:00:00 GMT+00:00 2015 - SCAI - FLAT_BASE
Fri Jun 19 08:00:00 GMT+00:00 2015 - CHRS - CUP_HANDLE
