Fri Jan 02 08:00:00 GMT+00:00 2015 BUY  - EGRX - 1128 @17.71 Total=19984.88
Tue Jan 06 08:00:00 GMT+00:00 2015 BUY  - SRC - 1620 @12.33 Total=19982.6
Wed Jan 07 08:00:00 GMT+00:00 2015 BUY  - ARNA - 3417 @5.85 Total=19997.45
Wed Jan 07 08:00:00 GMT+00:00 2015 BUY  - HALO - 1596 @12.52 Total=19989.92
Wed Jan 07 08:00:00 GMT+00:00 2015 BUY  - AMPH - 1560 @12.78 Total=19944.8
Fri Jan 09 08:00:00 GMT+00:00 2015 SELL  - ARNA - 3417 @5.43 Total=18546.31
Fri Jan 09 08:00:00 GMT+00:00 2015 SELL  - AMPH - 1560 @11.98 Total=18680.8
Fri Jan 09 08:00:00 GMT+00:00 2015 BUY  - HELE - 267 @74.63 Total=19934.21
Mon Jan 12 08:00:00 GMT+00:00 2015 BUY  - HOLX - 695 @28.73 Total=19975.35
Tue Jan 13 08:00:00 GMT+00:00 2015 SELL  - EGRX - 1128 @16.63 Total=18750.64
Tue Jan 13 08:00:00 GMT+00:00 2015 BUY  - CNS - 437 @45.65 Total=19957.05
Wed Jan 28 08:00:00 GMT+00:00 2015 SELL  - CNS - 437 @42.78 Total=18686.86
Mon Feb 09 08:00:00 GMT+00:00 2015 SELL  - HALO - 1596 @13.39 Total=21362.44
Tue Feb 10 08:00:00 GMT+00:00 2015 BUY  - SEE - 441 @45.27 Total=19972.07
Tue Feb 10 08:00:00 GMT+00:00 2015 BUY  - MOH - 355 @56.26 Total=19980.3
Thu Feb 19 08:00:00 GMT+00:00 2015 SELL  - SRC - 1620 @12.36 Total=20015.2
Thu Feb 19 08:00:00 GMT+00:00 2015 BUY  - CNCE - 1329 @15.04 Total=19996.16
Tue Feb 24 08:00:00 GMT+00:00 2015 SELL  - CNCE - 1329 @13.49 Total=17920.21
Tue Feb 24 08:00:00 GMT+00:00 2015 BUY  - CBRL - 137 @145.81 Total=19983.97
Wed Mar 25 08:00:00 GMT+00:00 2015 SELL  - SEE - 441 @45.1 Total=19881.1
Thu Mar 26 08:00:00 GMT+00:00 2015 BUY  - SIG - 148 @135.0 Total=19988.0
Tue Apr 07 08:00:00 GMT+00:00 2015 SELL  - CBRL - 137 @147.61 Total=20214.57
Tue Apr 07 08:00:00 GMT+00:00 2015 BUY  - MRGE - 3829 @5.22 Total=19995.38
Wed Apr 15 08:00:00 GMT+00:00 2015 SELL  - MOH - 355 @64.12 Total=22754.6
Wed Apr 15 08:00:00 GMT+00:00 2015 BUY  - SWHC - 1335 @14.97 Total=19992.95
Thu Apr 23 08:00:00 GMT+00:00 2015 SELL  - HELE - 267 @78.46 Total=20940.82
Thu Apr 23 08:00:00 GMT+00:00 2015 BUY  - CSL - 201 @99.08 Total=19923.08
Mon Apr 27 08:00:00 GMT+00:00 2015 SELL  - MRGE - 3829 @5.1 Total=19519.9
Mon Apr 27 08:00:00 GMT+00:00 2015 BUY  - PFSW - 1549 @12.9 Total=19990.1
Thu May 14 08:00:00 GMT+00:00 2015 SELL  - SIG - 148 @132.8 Total=19646.4
Thu May 14 08:00:00 GMT+00:00 2015 BUY  - JAH - 368 @54.32 Total=19997.76
Thu May 28 08:00:00 GMT+00:00 2015 SELL  - SWHC - 1335 @14.75 Total=19683.25
Thu May 28 08:00:00 GMT+00:00 2015 BUY  - EPAM - 277 @72.01 Total=19954.77
Fri Jun 19 08:00:00 GMT+00:00 2015 SELL  - PFSW - 1549 @13.95 Total=21600.55
Fri Jun 19 08:00:00 GMT+00:00 2015 BUY  - BCRX - 1280 @15.61 Total=19988.8
