Fri Jan 02 08:00:00 GMT+00:00 2015 BUY: 1128 shares of EGRX cost-basis=17.7
Fri Jan 02 08:00:00 GMT+00:00 2015 BUY EGRX x1128 for $19984.88 CASH-BAL=80015.12
Tue Jan 06 08:00:00 GMT+00:00 2015 BUY: 1620 shares of SRC cost-basis=12.3
Tue Jan 06 08:00:00 GMT+00:00 2015 BUY SRC x1620 for $19982.6 CASH-BAL=60032.52
Wed Jan 07 08:00:00 GMT+00:00 2015 BUY: 3417 shares of ARNA cost-basis=5.85
Wed Jan 07 08:00:00 GMT+00:00 2015 BUY ARNA x3417 for $19997.45 CASH-BAL=40035.07
Wed Jan 07 08:00:00 GMT+00:00 2015 BUY: 1596 shares of HALO cost-basis=12.5
Wed Jan 07 08:00:00 GMT+00:00 2015 BUY HALO x1596 for $19989.92 CASH-BAL=20045.15
Wed Jan 07 08:00:00 GMT+00:00 2015 BUY: 1560 shares of AMPH cost-basis=12.8
Wed Jan 07 08:00:00 GMT+00:00 2015 BUY AMPH x1560 for $19944.8 CASH-BAL=100.35
Fri Jan 09 08:00:00 GMT+00:00 2015 StopLoss SELL: (-7.22%)3417 shares of ARNA for -7.22
Fri Jan 09 08:00:00 GMT+00:00 2015 StopLoss SELL: (-6.3%)1560 shares of AMPH for -6.3
Fri Jan 09 08:00:00 GMT+00:00 2015 SELL ARNA x3417 for $18546.31 CASH-BAL=18646.66
Fri Jan 09 08:00:00 GMT+00:00 2015 SELL AMPH x1560 for $18680.8 CASH-BAL=37327.46
Fri Jan 09 08:00:00 GMT+00:00 2015 BUY: 267 shares of HELE cost-basis=74.7
Fri Jan 09 08:00:00 GMT+00:00 2015 BUY HELE x267 for $19934.21 CASH-BAL=17393.25
Mon Jan 12 08:00:00 GMT+00:00 2015 BUY: 695 shares of HOLX cost-basis=28.7
Mon Jan 12 08:00:00 GMT+00:00 2015 BUY HOLX x695 for $19975.35 CASH-BAL=-2582.1
Tue Jan 13 08:00:00 GMT+00:00 2015 StopLoss SELL: (-6.14%)1128 shares of EGRX for -6.14
Tue Jan 13 08:00:00 GMT+00:00 2015 SELL EGRX x1128 for $18750.64 CASH-BAL=16168.54
Tue Jan 13 08:00:00 GMT+00:00 2015 BUY: 437 shares of CNS cost-basis=45.7
Tue Jan 13 08:00:00 GMT+00:00 2015 BUY CNS x437 for $19957.05 CASH-BAL=-3788.51
Wed Jan 28 08:00:00 GMT+00:00 2015 StopLoss SELL: (-6.32%)437 shares of CNS for -6.32
Wed Jan 28 08:00:00 GMT+00:00 2015 SELL CNS x437 for $18686.86 CASH-BAL=14898.35
Mon Feb 09 08:00:00 GMT+00:00 2015 TA-SELL 20EMA: (-1.6%)1596 shares of HALO for 6.91
Mon Feb 09 08:00:00 GMT+00:00 2015 SELL HALO x1596 for $21362.44 CASH-BAL=36260.79
Tue Feb 10 08:00:00 GMT+00:00 2015 BUY: 441 shares of SEE cost-basis=45.3
Tue Feb 10 08:00:00 GMT+00:00 2015 BUY SEE x441 for $19972.07 CASH-BAL=16288.72
Tue Feb 10 08:00:00 GMT+00:00 2015 BUY: 355 shares of MOH cost-basis=56.3
Tue Feb 10 08:00:00 GMT+00:00 2015 BUY MOH x355 for $19980.3 CASH-BAL=-3691.58
Thu Feb 19 08:00:00 GMT+00:00 2015 TA-SELL 20EMA: (-1.68%)1620 shares of SRC for 0.203
Thu Feb 19 08:00:00 GMT+00:00 2015 SELL SRC x1620 for $20015.2 CASH-BAL=16323.62
Thu Feb 19 08:00:00 GMT+00:00 2015 BUY: 1329 shares of CNCE cost-basis=15.0
Thu Feb 19 08:00:00 GMT+00:00 2015 BUY CNCE x1329 for $19996.16 CASH-BAL=-3672.54
Tue Feb 24 08:00:00 GMT+00:00 2015 StopLoss SELL: (-10.3%)1329 shares of CNCE for -10.3
Tue Feb 24 08:00:00 GMT+00:00 2015 SELL CNCE x1329 for $17920.21 CASH-BAL=14247.67
Tue Feb 24 08:00:00 GMT+00:00 2015 BUY: 137 shares of CBRL cost-basis=146
Tue Feb 24 08:00:00 GMT+00:00 2015 BUY CBRL x137 for $19983.97 CASH-BAL=-5736.3
Wed Mar 25 08:00:00 GMT+00:00 2015 TA-SELL 20EMA: (-2.04%)441 shares of SEE for -0.415
Wed Mar 25 08:00:00 GMT+00:00 2015 SELL SEE x441 for $19881.1 CASH-BAL=14144.8
Thu Mar 26 08:00:00 GMT+00:00 2015 BUY: 148 shares of SIG cost-basis=135
Thu Mar 26 08:00:00 GMT+00:00 2015 BUY SIG x148 for $19988.0 CASH-BAL=-5843.2
Tue Apr 07 08:00:00 GMT+00:00 2015 TA-SELL 20EMA: (-1.92%)137 shares of CBRL for 1.19
Tue Apr 07 08:00:00 GMT+00:00 2015 SELL CBRL x137 for $20214.57 CASH-BAL=14371.37
Tue Apr 07 08:00:00 GMT+00:00 2015 BUY: 3829 shares of MRGE cost-basis=5.22
Tue Apr 07 08:00:00 GMT+00:00 2015 BUY MRGE x3829 for $19995.38 CASH-BAL=-5624.01
Wed Apr 15 08:00:00 GMT+00:00 2015 TA-SELL 20EMA: (-2.05%)355 shares of MOH for 13.9
Wed Apr 15 08:00:00 GMT+00:00 2015 SELL MOH x355 for $22754.6 CASH-BAL=17130.59
Wed Apr 15 08:00:00 GMT+00:00 2015 BUY: 1335 shares of SWHC cost-basis=15.0
Wed Apr 15 08:00:00 GMT+00:00 2015 BUY SWHC x1335 for $19992.95 CASH-BAL=-2862.36
Thu Apr 23 08:00:00 GMT+00:00 2015 TA-SELL 20EMA: (-1.98%)267 shares of HELE for 5.09
Thu Apr 23 08:00:00 GMT+00:00 2015 SELL HELE x267 for $20940.82 CASH-BAL=18078.46
Thu Apr 23 08:00:00 GMT+00:00 2015 BUY: 201 shares of CSL cost-basis=99.1
Thu Apr 23 08:00:00 GMT+00:00 2015 BUY CSL x201 for $19923.08 CASH-BAL=-1844.62
Mon Apr 27 08:00:00 GMT+00:00 2015 TA-SELL 20EMA: (-3.17%)3829 shares of MRGE for -2.34
Mon Apr 27 08:00:00 GMT+00:00 2015 SELL MRGE x3829 for $19519.9 CASH-BAL=17675.28
Mon Apr 27 08:00:00 GMT+00:00 2015 BUY: 1549 shares of PFSW cost-basis=12.9
Mon Apr 27 08:00:00 GMT+00:00 2015 BUY PFSW x1549 for $19990.1 CASH-BAL=-2314.82
Thu May 14 08:00:00 GMT+00:00 2015 TA-SELL 20EMA: (-1.98%)148 shares of SIG for -1.67
Thu May 14 08:00:00 GMT+00:00 2015 SELL SIG x148 for $19646.4 CASH-BAL=17331.58
Thu May 14 08:00:00 GMT+00:00 2015 BUY: 368 shares of JAH cost-basis=54.3
Thu May 14 08:00:00 GMT+00:00 2015 BUY JAH x368 for $19997.76 CASH-BAL=-2666.18
Thu May 28 08:00:00 GMT+00:00 2015 TA-SELL 20EMA: (-1.5%)1335 shares of SWHC for -1.51
Thu May 28 08:00:00 GMT+00:00 2015 SELL SWHC x1335 for $19683.25 CASH-BAL=17017.07
Thu May 28 08:00:00 GMT+00:00 2015 BUY: 277 shares of EPAM cost-basis=72.0
Thu May 28 08:00:00 GMT+00:00 2015 BUY EPAM x277 for $19954.77 CASH-BAL=-2937.7
Fri Jun 19 08:00:00 GMT+00:00 2015 TA-SELL 20EMA: (-2.6%)1549 shares of PFSW for 8.1
Fri Jun 19 08:00:00 GMT+00:00 2015 SELL PFSW x1549 for $21600.55 CASH-BAL=18662.85
Fri Jun 19 08:00:00 GMT+00:00 2015 BUY: 1280 shares of BCRX cost-basis=15.6
Fri Jun 19 08:00:00 GMT+00:00 2015 BUY BCRX x1280 for $19988.8 CASH-BAL=-1325.95
