Fri Jan 02 08:00:00 GMT+00:00 2015 BUY  - IPHI - 563 @17.74 Total=9987.62
Thu Jan 08 08:00:00 GMT+00:00 2015 BUY  - CMG - 13 @719.99 Total=9359.87
Fri Jan 23 08:00:00 GMT+00:00 2015 BUY  - SBUX - 113 @88.22 Total=9968.86
Fri Jan 23 08:00:00 GMT+00:00 2015 BUY  - TSM - 416 @23.99 Total=9979.84
Fri Jan 23 08:00:00 GMT+00:00 2015 BUY  - SBGL - 943 @10.59 Total=9986.37
Fri Jan 30 08:00:00 GMT+00:00 2015 SELL  - TSM - 416 @22.71 Total=9447.36
Wed Feb 04 08:00:00 GMT+00:00 2015 SELL  - CMG - 13 @676.0 Total=8788.0
Fri Feb 06 08:00:00 GMT+00:00 2015 SELL  - IPHI - 563 @18.5 Total=10415.5
Fri Feb 06 08:00:00 GMT+00:00 2015 BUY  - CME - 106 @94.21 Total=9986.26
Fri Feb 06 08:00:00 GMT+00:00 2015 BUY  - VRSN - 166 @59.97 Total=9955.02
Fri Feb 06 08:00:00 GMT+00:00 2015 BUY  - CUBI - 460 @21.69 Total=9977.4
Tue Feb 17 08:00:00 GMT+00:00 2015 SELL  - SBGL - 943 @10.19 Total=9609.17
Tue Feb 17 08:00:00 GMT+00:00 2015 BUY  - PAHC - 302 @33.0 Total=9966.0
Wed Mar 04 08:00:00 GMT+00:00 2015 BUY  - SBUX - 64 @93.06 Total=5955.84
Tue Mar 10 08:00:00 GMT+00:00 2015 BUY  - VRSN - 95 @62.78 Total=5964.1
Tue Mar 17 08:00:00 GMT+00:00 2015 BUY  - PAHC - 170 @35.2 Total=5984.0
Tue Mar 24 08:00:00 GMT+00:00 2015 BUY  - CME - 61 @97.34 Total=5937.74
Thu Mar 26 08:00:00 GMT+00:00 2015 BUY  - VRSN - 61 @64.92 Total=3960.12
Mon Apr 06 08:00:00 GMT+00:00 2015 SELL  - CME - 167 @92.095 Total=15379.865
Wed Apr 08 08:00:00 GMT+00:00 2015 BUY  - GSM - 481 @20.76 Total=9985.56
Thu Apr 09 08:00:00 GMT+00:00 2015 BUY  - CUBI - 247 @24.21 Total=5979.87
Fri Apr 17 08:00:00 GMT+00:00 2015 SELL  - PAHC - 472 @33.39 Total=15760.08
Fri Apr 17 08:00:00 GMT+00:00 2015 BUY  - CE - 148 @67.18 Total=9942.64
Mon Apr 20 08:00:00 GMT+00:00 2015 BUY  - SBUX - 83 @47.97 Total=3981.51
Fri Apr 24 08:00:00 GMT+00:00 2015 SELL  - VRSN - 322 @65.04 Total=20942.88
Fri Apr 24 08:00:00 GMT+00:00 2015 BUY  - IMS - 344 @29.0 Total=9976.0
Thu Apr 30 08:00:00 GMT+00:00 2015 SELL  - GSM - 481 @19.92 Total=9581.52
Thu Apr 30 08:00:00 GMT+00:00 2015 BUY  - IPHI - 465 @21.45 Total=9974.25
Fri May 01 08:00:00 GMT+00:00 2015 BUY  - CUBI - 159 @25.07 Total=3986.13
Tue May 05 08:00:00 GMT+00:00 2015 SELL  - IMS - 344 @27.47 Total=9449.68
Tue May 05 08:00:00 GMT+00:00 2015 BUY  - SC - 411 @24.27 Total=9974.97
Thu Jun 25 08:00:00 GMT+00:00 2015 BUY  - IPHI - 238 @25.1 Total=5973.8
Thu Jun 25 08:00:00 GMT+00:00 2015 BUY  - SC - 232 @25.8 Total=5985.6
