Thu Jan 08 08:00:00 GMT+00:00 2015 - LABL - FLAT_BASE
Thu Jan 08 08:00:00 GMT+00:00 2015 - BSX - CONSOLIDATION
Thu Jan 08 08:00:00 GMT+00:00 2015 - CMG - FLAT_BASE
Thu Jan 08 08:00:00 GMT+00:00 2015 - TSRO - CUP
Fri Jan 09 08:00:00 GMT+00:00 2015 - DHT - CONSOLIDATION
Thu Jan 22 08:00:00 GMT+00:00 2015 - AGU - CUP
Thu Jan 22 08:00:00 GMT+00:00 2015 - TSM - FLAT_BASE
Thu Jan 22 08:00:00 GMT+00:00 2015 - TTM - DOUBLE_BOTTOM
Fri Jan 23 08:00:00 GMT+00:00 2015 - CSWC - CUP_HANDLE
Fri Jan 23 08:00:00 GMT+00:00 2015 - SBUX - FLAT_BASE
Thu Feb 05 08:00:00 GMT+00:00 2015 - BLL - DOUBLE_BOTTOM
Thu Feb 05 08:00:00 GMT+00:00 2015 - NICE - FLAT_BASE
Thu Feb 05 08:00:00 GMT+00:00 2015 - CEB - CUP_HANDLE
Thu Feb 05 08:00:00 GMT+00:00 2015 - CHTR - FLAT_BASE
Thu Feb 05 08:00:00 GMT+00:00 2015 - SBH - SAUCER_HANDLE
Thu Feb 05 08:00:00 GMT+00:00 2015 - BOOT - CONSOLIDATION
Thu Mar 12 08:00:00 GMT+00:00 2015 - PARR - FLAT_BASE
Thu Mar 12 08:00:00 GMT+00:00 2015 - OLED - CUP
Thu Mar 12 08:00:00 GMT+00:00 2015 - MYRG - FLAT_BASE
Thu Mar 12 08:00:00 GMT+00:00 2015 - TWOU - CUP
Fri Mar 13 08:00:00 GMT+00:00 2015 - SUPN - CUP
Mon Mar 16 08:00:00 GMT+00:00 2015 - REV - FLAT_BASE
Thu Mar 26 08:00:00 GMT+00:00 2015 - SIG - FLAT_BASE
Mon Apr 13 08:00:00 GMT+00:00 2015 - ISRG - FLAT_BASE
Mon Apr 13 08:00:00 GMT+00:00 2015 - STCK - CUP_HANDLE
Mon Apr 13 08:00:00 GMT+00:00 2015 - TSE - CUP_HANDLE
Thu Apr 23 08:00:00 GMT+00:00 2015 - CSL - FLAT_BASE
Thu Apr 23 08:00:00 GMT+00:00 2015 - EXPO - FLAT_BASE
Thu Apr 23 08:00:00 GMT+00:00 2015 - ARRS - CONSOLIDATION
Thu Apr 23 08:00:00 GMT+00:00 2015 - DPZ - FLAT_BASE
Thu Apr 23 08:00:00 GMT+00:00 2015 - PMC - CONSOLIDATION
Thu May 14 08:00:00 GMT+00:00 2015 - CRTO - CONSOLIDATION
Wed May 20 08:00:00 GMT+00:00 2015 - ADI - FLAT_BASE
Wed May 20 08:00:00 GMT+00:00 2015 - ATRI - FLAT_BASE
Wed May 20 08:00:00 GMT+00:00 2015 - TWC - FLAT_BASE
Wed May 20 08:00:00 GMT+00:00 2015 - FLY - FLAT_BASE
Wed May 20 08:00:00 GMT+00:00 2015 - TTPH - CONSOLIDATION
