Thu Jan 08 08:00:00 GMT+00:00 2015 BUY  - LABL - 344 @58.0 Total=19960.0
Thu Jan 08 08:00:00 GMT+00:00 2015 BUY  - BSX - 1370 @14.59 Total=19996.3
Thu Jan 08 08:00:00 GMT+00:00 2015 BUY  - CMG - 27 @719.99 Total=19447.73
Thu Jan 08 08:00:00 GMT+00:00 2015 BUY  - TSRO - 480 @41.61 Total=19980.8
Fri Jan 09 08:00:00 GMT+00:00 2015 BUY  - DHT - 2258 @8.85 Total=19991.3
Mon Jan 12 08:00:00 GMT+00:00 2015 SELL  - LABL - 344 @56.93 Total=19575.92
Mon Jan 12 08:00:00 GMT+00:00 2015 SELL  - CMG - 27 @711.7 Total=19207.9
Mon Jan 12 08:00:00 GMT+00:00 2015 SELL  - BSX - 1370 @14.58 Total=19966.6
Mon Jan 12 08:00:00 GMT+00:00 2015 SELL  - TSRO - 480 @42.59 Total=20435.2
Mon Jan 12 08:00:00 GMT+00:00 2015 SELL  - DHT - 2258 @9.05 Total=20426.9
Thu Jan 22 08:00:00 GMT+00:00 2015 BUY  - AGU - 186 @107.2 Total=19947.2
Thu Jan 22 08:00:00 GMT+00:00 2015 BUY  - TSM - 843 @23.71 Total=19995.53
Thu Jan 22 08:00:00 GMT+00:00 2015 BUY  - TTM - 409 @48.84 Total=19983.56
Fri Jan 23 08:00:00 GMT+00:00 2015 BUY  - CSWC - 469 @42.59 Total=19982.71
Fri Jan 23 08:00:00 GMT+00:00 2015 BUY  - SBUX - 226 @88.22 Total=19945.72
Tue Jan 27 08:00:00 GMT+00:00 2015 SELL  - AGU - 186 @106.25 Total=19754.5
Tue Jan 27 08:00:00 GMT+00:00 2015 SELL  - SBUX - 226 @88.34 Total=19956.84
Tue Jan 27 08:00:00 GMT+00:00 2015 SELL  - TSM - 843 @24.19 Total=20384.17
Tue Jan 27 08:00:00 GMT+00:00 2015 SELL  - CSWC - 469 @43.18 Total=20243.42
Tue Jan 27 08:00:00 GMT+00:00 2015 SELL  - TTM - 409 @50.66 Total=20711.94
Thu Feb 05 08:00:00 GMT+00:00 2015 BUY  - BLL - 277 @72.03 Total=19960.31
Thu Feb 05 08:00:00 GMT+00:00 2015 BUY  - NICE - 377 @52.98 Total=19981.46
Thu Feb 05 08:00:00 GMT+00:00 2015 BUY  - CEB - 254 @78.45 Total=19934.3
Thu Feb 05 08:00:00 GMT+00:00 2015 BUY  - CHTR - 114 @174.295 Total=19877.63
Thu Feb 05 08:00:00 GMT+00:00 2015 BUY  - SBH - 620 @32.24 Total=19996.8
Tue Mar 10 08:00:00 GMT+00:00 2015 SELL  - BLL - 277 @70.02 Total=19387.54
Thu Mar 12 08:00:00 GMT+00:00 2015 BUY  - PARR - 995 @20.08 Total=19987.6
Fri Mar 13 08:00:00 GMT+00:00 2015 SELL  - CEB - 254 @76.47 Total=19415.38
Fri Mar 13 08:00:00 GMT+00:00 2015 BUY  - SUPN - 1698 @11.77 Total=19993.46
Mon Mar 16 08:00:00 GMT+00:00 2015 SELL  - SUPN - 1698 @11.17 Total=18958.66
Mon Mar 16 08:00:00 GMT+00:00 2015 BUY  - REV - 548 @36.45 Total=19982.6
Thu Mar 26 08:00:00 GMT+00:00 2015 SELL  - CHTR - 114 @181.75 Total=20711.5
Thu Mar 26 08:00:00 GMT+00:00 2015 BUY  - SIG - 148 @135.0 Total=19988.0
Mon Apr 13 08:00:00 GMT+00:00 2015 SELL  - SBH - 620 @32.79 Total=20321.8
Mon Apr 13 08:00:00 GMT+00:00 2015 BUY  - ISRG - 36 @542.31 Total=19531.16
Thu Apr 23 08:00:00 GMT+00:00 2015 SELL  - ISRG - 36 @512.77 Total=18451.72
Thu Apr 23 08:00:00 GMT+00:00 2015 BUY  - CSL - 201 @99.08 Total=19923.08
Wed May 06 08:00:00 GMT+00:00 2015 SELL  - CSL - 201 @97.09 Total=19507.09
Wed May 06 08:00:00 GMT+00:00 2015 SELL  - SIG - 148 @134.86 Total=19951.28
Wed May 06 08:00:00 GMT+00:00 2015 SELL  - REV - 548 @38.88 Total=21298.24
Wed May 06 08:00:00 GMT+00:00 2015 SELL  - NICE - 377 @59.49 Total=22419.73
Wed May 06 08:00:00 GMT+00:00 2015 SELL  - PARR - 995 @23.31 Total=23185.45
Thu May 14 08:00:00 GMT+00:00 2015 BUY  - CRTO - 420 @47.5 Total=19958.0
Wed May 20 08:00:00 GMT+00:00 2015 BUY  - ADI - 302 @66.18 Total=19994.36
Wed May 20 08:00:00 GMT+00:00 2015 BUY  - ATRI - 54 @369.27 Total=19948.58
Wed May 20 08:00:00 GMT+00:00 2015 BUY  - TWC - 120 @166.55 Total=19994.0
Wed May 20 08:00:00 GMT+00:00 2015 BUY  - FLY - 1256 @15.91 Total=19990.96
