Start Date: Thu Jan 01 08:00:00 GMT+00:00 2015
End Date: Sun Jun 21 22:06:09 GMT+00:00 2015
Initial Cash: 100000.0
Num Positions: 5
-----------------
Thu Jan 08 08:00:00 GMT+00:00 2015 BUY: 344 shares of LABL cost-basis=58.0
Thu Jan 08 08:00:00 GMT+00:00 2015 BUY LABL x344 for $19960.0 CASH-BAL=80040.0
Thu Jan 08 08:00:00 GMT+00:00 2015 BUY: 1370 shares of BSX cost-basis=14.6
Thu Jan 08 08:00:00 GMT+00:00 2015 BUY BSX x1370 for $19996.3 CASH-BAL=60043.7
Thu Jan 08 08:00:00 GMT+00:00 2015 BUY: 27 shares of CMG cost-basis=720
Thu Jan 08 08:00:00 GMT+00:00 2015 BUY CMG x27 for $19447.73 CASH-BAL=40595.97
Thu Jan 08 08:00:00 GMT+00:00 2015 BUY: 480 shares of TSRO cost-basis=41.6
Thu Jan 08 08:00:00 GMT+00:00 2015 BUY TSRO x480 for $19980.8 CASH-BAL=20615.17
Fri Jan 09 08:00:00 GMT+00:00 2015 BUY: 2258 shares of DHT cost-basis=8.85
Fri Jan 09 08:00:00 GMT+00:00 2015 BUY DHT x2258 for $19991.3 CASH-BAL=623.87
Mon Jan 12 08:00:00 GMT+00:00 2015 Market-Downtrend-Sell : (-1.88%)344 shares of LABL for -1.88
Mon Jan 12 08:00:00 GMT+00:00 2015 Market-Downtrend-Sell : (-1.19%)27 shares of CMG for -1.19
Mon Jan 12 08:00:00 GMT+00:00 2015 Market-Downtrend-Sell : (-0.109%)1370 shares of BSX for -0.109
Mon Jan 12 08:00:00 GMT+00:00 2015 Market-Downtrend-Sell : (2.31%)480 shares of TSRO for 2.31
Mon Jan 12 08:00:00 GMT+00:00 2015 Market-Downtrend-Sell : (2.22%)2258 shares of DHT for 2.22
Mon Jan 12 08:00:00 GMT+00:00 2015 SELL LABL x344 for $19575.92 CASH-BAL=20199.79
Mon Jan 12 08:00:00 GMT+00:00 2015 SELL CMG x27 for $19207.9 CASH-BAL=39407.69
Mon Jan 12 08:00:00 GMT+00:00 2015 SELL BSX x1370 for $19966.6 CASH-BAL=59374.29
Mon Jan 12 08:00:00 GMT+00:00 2015 SELL TSRO x480 for $20435.2 CASH-BAL=79809.49
Mon Jan 12 08:00:00 GMT+00:00 2015 SELL DHT x2258 for $20426.9 CASH-BAL=100236.39
Thu Jan 22 08:00:00 GMT+00:00 2015 BUY: 186 shares of AGU cost-basis=107
Thu Jan 22 08:00:00 GMT+00:00 2015 BUY AGU x186 for $19947.2 CASH-BAL=80289.19
Thu Jan 22 08:00:00 GMT+00:00 2015 BUY: 843 shares of TSM cost-basis=23.7
Thu Jan 22 08:00:00 GMT+00:00 2015 BUY TSM x843 for $19995.53 CASH-BAL=60293.66
Thu Jan 22 08:00:00 GMT+00:00 2015 BUY: 409 shares of TTM cost-basis=48.9
Thu Jan 22 08:00:00 GMT+00:00 2015 BUY TTM x409 for $19983.56 CASH-BAL=40310.1
Fri Jan 23 08:00:00 GMT+00:00 2015 BUY: 469 shares of CSWC cost-basis=42.6
Fri Jan 23 08:00:00 GMT+00:00 2015 BUY CSWC x469 for $19982.71 CASH-BAL=20327.39
Fri Jan 23 08:00:00 GMT+00:00 2015 BUY: 226 shares of SBUX cost-basis=88.3
Fri Jan 23 08:00:00 GMT+00:00 2015 BUY SBUX x226 for $19945.72 CASH-BAL=381.67
Tue Jan 27 08:00:00 GMT+00:00 2015 Market-Downtrend-Sell : (-0.926%)186 shares of AGU for -0.926
Tue Jan 27 08:00:00 GMT+00:00 2015 Market-Downtrend-Sell : (0.0959%)226 shares of SBUX for 0.0959
Tue Jan 27 08:00:00 GMT+00:00 2015 Market-Downtrend-Sell : (1.98%)843 shares of TSM for 1.98
Tue Jan 27 08:00:00 GMT+00:00 2015 Market-Downtrend-Sell : (1.34%)469 shares of CSWC for 1.34
Tue Jan 27 08:00:00 GMT+00:00 2015 Market-Downtrend-Sell : (3.68%)409 shares of TTM for 3.68
Tue Jan 27 08:00:00 GMT+00:00 2015 SELL AGU x186 for $19754.5 CASH-BAL=20136.17
Tue Jan 27 08:00:00 GMT+00:00 2015 SELL SBUX x226 for $19956.84 CASH-BAL=40093.01
Tue Jan 27 08:00:00 GMT+00:00 2015 SELL TSM x843 for $20384.17 CASH-BAL=60477.18
Tue Jan 27 08:00:00 GMT+00:00 2015 SELL CSWC x469 for $20243.42 CASH-BAL=80720.6
Tue Jan 27 08:00:00 GMT+00:00 2015 SELL TTM x409 for $20711.94 CASH-BAL=101432.54
Thu Feb 05 08:00:00 GMT+00:00 2015 BUY: 277 shares of BLL cost-basis=72.1
Thu Feb 05 08:00:00 GMT+00:00 2015 BUY BLL x277 for $19960.31 CASH-BAL=81472.23
Thu Feb 05 08:00:00 GMT+00:00 2015 BUY: 377 shares of NICE cost-basis=53.0
Thu Feb 05 08:00:00 GMT+00:00 2015 BUY NICE x377 for $19981.46 CASH-BAL=61490.77
Thu Feb 05 08:00:00 GMT+00:00 2015 BUY: 254 shares of CEB cost-basis=78.5
Thu Feb 05 08:00:00 GMT+00:00 2015 BUY CEB x254 for $19934.3 CASH-BAL=41556.47
Thu Feb 05 08:00:00 GMT+00:00 2015 BUY: 114 shares of CHTR cost-basis=174
Thu Feb 05 08:00:00 GMT+00:00 2015 BUY CHTR x114 for $19877.63 CASH-BAL=21678.84
Thu Feb 05 08:00:00 GMT+00:00 2015 BUY: 620 shares of SBH cost-basis=32.3
Thu Feb 05 08:00:00 GMT+00:00 2015 BUY SBH x620 for $19996.8 CASH-BAL=1682.04
Tue Mar 10 08:00:00 GMT+00:00 2015Market-CautiousUp-Sell 20EMA: (-1.7%)277 shares of BLL for -2.83
Tue Mar 10 08:00:00 GMT+00:00 2015 SELL BLL x277 for $19387.54 CASH-BAL=21069.58
Thu Mar 12 08:00:00 GMT+00:00 2015 BUY: 995 shares of PARR cost-basis=20.1
Thu Mar 12 08:00:00 GMT+00:00 2015 BUY PARR x995 for $19987.6 CASH-BAL=1081.98
Fri Mar 13 08:00:00 GMT+00:00 2015Market-CautiousUp-Sell 20EMA: (-1.88%)254 shares of CEB for -2.56
Fri Mar 13 08:00:00 GMT+00:00 2015 SELL CEB x254 for $19415.38 CASH-BAL=20497.36
Fri Mar 13 08:00:00 GMT+00:00 2015 BUY: 1698 shares of SUPN cost-basis=11.8
Fri Mar 13 08:00:00 GMT+00:00 2015 BUY SUPN x1698 for $19993.46 CASH-BAL=503.9
Mon Mar 16 08:00:00 GMT+00:00 2015 StopLoss SELL: (-5.14%)1698 shares of SUPN for -5.14
Mon Mar 16 08:00:00 GMT+00:00 2015 SELL SUPN x1698 for $18958.66 CASH-BAL=19462.56
Mon Mar 16 08:00:00 GMT+00:00 2015 BUY: 548 shares of REV cost-basis=36.5
Mon Mar 16 08:00:00 GMT+00:00 2015 BUY REV x548 for $19982.6 CASH-BAL=-520.04
Thu Mar 26 08:00:00 GMT+00:00 2015Market-CautiousUp-Sell 20EMA: (-1.63%)114 shares of CHTR for 4.24
Thu Mar 26 08:00:00 GMT+00:00 2015 SELL CHTR x114 for $20711.5 CASH-BAL=20191.46
Thu Mar 26 08:00:00 GMT+00:00 2015 BUY: 148 shares of SIG cost-basis=135
Thu Mar 26 08:00:00 GMT+00:00 2015 BUY SIG x148 for $19988.0 CASH-BAL=203.46
Mon Apr 13 08:00:00 GMT+00:00 2015 TA-SELL 50SMA: (-1.79%)620 shares of SBH for 1.67
Mon Apr 13 08:00:00 GMT+00:00 2015 SELL SBH x620 for $20321.8 CASH-BAL=20525.26
Mon Apr 13 08:00:00 GMT+00:00 2015 BUY: 36 shares of ISRG cost-basis=543
Mon Apr 13 08:00:00 GMT+00:00 2015 BUY ISRG x36 for $19531.16 CASH-BAL=994.1
Thu Apr 23 08:00:00 GMT+00:00 2015 StopLoss SELL: (-5.49%)36 shares of ISRG for -5.49
Thu Apr 23 08:00:00 GMT+00:00 2015 SELL ISRG x36 for $18451.72 CASH-BAL=19445.82
Thu Apr 23 08:00:00 GMT+00:00 2015 BUY: 201 shares of CSL cost-basis=99.1
Thu Apr 23 08:00:00 GMT+00:00 2015 BUY CSL x201 for $19923.08 CASH-BAL=-477.26
Wed May 06 08:00:00 GMT+00:00 2015 Market-Downtrend-Sell : (-2.05%)201 shares of CSL for -2.05
Wed May 06 08:00:00 GMT+00:00 2015 Market-Downtrend-Sell : (-0.144%)148 shares of SIG for -0.144
Wed May 06 08:00:00 GMT+00:00 2015 Market-Downtrend-Sell : (6.62%)548 shares of REV for 6.62
Wed May 06 08:00:00 GMT+00:00 2015 Market-Downtrend-Sell : (12.2%)377 shares of NICE for 12.2
Wed May 06 08:00:00 GMT+00:00 2015 Market-Downtrend-Sell : (16.0%)995 shares of PARR for 16.0
Wed May 06 08:00:00 GMT+00:00 2015 SELL CSL x201 for $19507.09 CASH-BAL=19029.83
Wed May 06 08:00:00 GMT+00:00 2015 SELL SIG x148 for $19951.28 CASH-BAL=38981.11
Wed May 06 08:00:00 GMT+00:00 2015 SELL REV x548 for $21298.24 CASH-BAL=60279.35
Wed May 06 08:00:00 GMT+00:00 2015 SELL NICE x377 for $22419.73 CASH-BAL=82699.08
Wed May 06 08:00:00 GMT+00:00 2015 SELL PARR x995 for $23185.45 CASH-BAL=105884.53
Thu May 14 08:00:00 GMT+00:00 2015 BUY: 420 shares of CRTO cost-basis=47.5
Thu May 14 08:00:00 GMT+00:00 2015 BUY CRTO x420 for $19958.0 CASH-BAL=85926.53
Wed May 20 08:00:00 GMT+00:00 2015 BUY: 302 shares of ADI cost-basis=66.2
Wed May 20 08:00:00 GMT+00:00 2015 BUY ADI x302 for $19994.36 CASH-BAL=65932.17
Wed May 20 08:00:00 GMT+00:00 2015 BUY: 54 shares of ATRI cost-basis=369
Wed May 20 08:00:00 GMT+00:00 2015 BUY ATRI x54 for $19948.58 CASH-BAL=45983.59
Wed May 20 08:00:00 GMT+00:00 2015 BUY: 120 shares of TWC cost-basis=167
Wed May 20 08:00:00 GMT+00:00 2015 BUY TWC x120 for $19994.0 CASH-BAL=25989.59
Wed May 20 08:00:00 GMT+00:00 2015 BUY: 1256 shares of FLY cost-basis=15.9
Wed May 20 08:00:00 GMT+00:00 2015 BUY FLY x1256 for $19990.96 CASH-BAL=5998.63

---- Final Portfolio Holdings as of Sun Jun 21 22:06:09 GMT+00:00 2015 ----
null 420 of CRTO with cost basis of 47.5 and pct-chg: -0.882%
null 302 of ADI with cost basis of 66.2 and pct-chg: 2.57%
null 54 of ATRI with cost basis of 369.0 and pct-chg: 6.56%
null 120 of TWC with cost basis of 167.0 and pct-chg: 6.41%
null 1256 of FLY with cost basis of 15.9 and pct-chg: -2.11%

Total Invested Amount = 102392.4
Cash Bal = 5998.63
Net Value = 108391.03

---- Run stats ----
Start-Date: Thu Jan 01 08:00:00 GMT+00:00 2015
End-Date: Sun Jun 21 22:06:09 GMT+00:00 2015
Total Trading days: 172
Net Gain/Loss = 8391.03
Pct Chg = 8.39%
