Start Date: Thu Jan 01 08:00:00 GMT+00:00 2015
End Date: Mon Jun 29 19:09:38 GMT+00:00 2015
Initial Cash: 100000.0
Num Positions: 5
-----------------
Fri Jan 23 08:00:00 GMT+00:00 2015 BUY: 113 shares of SBUX cost-basis=88.2 for $9968.86 CASH-BAL=90024.14
Thu Jan 29 08:00:00 GMT+00:00 2015 BUY: 106 shares of VAR cost-basis=94.0 for $9968.24 CASH-BAL=80048.9
Thu Jan 29 08:00:00 GMT+00:00 2015 BUY: 67 shares of BA cost-basis=148 for $9901.26 CASH-BAL=70140.64
Tue Feb 10 08:00:00 GMT+00:00 2015 BUY: 220 shares of SEE cost-basis=45.3 for $9959.4 CASH-BAL=60174.24
Wed Feb 11 08:00:00 GMT+00:00 2015 BUY: 409 shares of SCI cost-basis=24.4 for $9975.51 CASH-BAL=50191.73
Mon Mar 09 08:00:00 GMT+00:00 2015 BUY: 64 shares of SBUX cost-basis=90.0 for $5954.56 CASH-BAL=44230.17
Mon Mar 30 08:00:00 GMT+00:00 2015 BUY: 41 shares of SBUX cost-basis=91.1 for $3935.18 CASH-BAL=40287.99
Wed Apr 01 08:00:00 GMT+00:00 2015 BUY: 228 shares of SCI cost-basis=25.1 for $5985.0 CASH-BAL=34295.99
Thu Apr 09 08:00:00 GMT+00:00 2015 SBUX: Applying split factor of: 2.0
Wed Apr 15 08:00:00 GMT+00:00 2015Market-Uptrend-Sell 20EMA: (-2.67%)220 shares of SEE for -1.86
Wed Apr 15 08:00:00 GMT+00:00 2015 SELL SEE x220 for $9781.2 CASH-BAL=44070.19
Fri Apr 24 08:00:00 GMT+00:00 2015Market-Uptrend-Sell 20EMA: (-2.02%)67 shares of BA for 0.349
Fri Apr 24 08:00:00 GMT+00:00 2015 SELL BA x67 for $9942.8 CASH-BAL=54005.99
Tue Apr 28 08:00:00 GMT+00:00 2015 BUY: 359 shares of HQY cost-basis=27.8 for $9965.84 CASH-BAL=44033.15
Wed Apr 29 08:00:00 GMT+00:00 2015 BUY: 204 shares of XPO cost-basis=48.8 for $9961.32 CASH-BAL=34064.83
Thu Apr 30 08:00:00 GMT+00:00 2015 StopLoss-SoftStop SELL: (-5.59%)106 shares of VAR for -5.59
Thu Apr 30 08:00:00 GMT+00:00 2015 StopLoss-SoftStop SELL: (-5.65%)359 shares of HQY for -5.65
Thu Apr 30 08:00:00 GMT+00:00 2015 SELL VAR x106 for $9418.1 CASH-BAL=43475.93
Thu Apr 30 08:00:00 GMT+00:00 2015 SELL HQY x359 for $9409.39 CASH-BAL=52878.32
Fri May 08 08:00:00 GMT+00:00 2015 Selling due to underperformance: XPO
Fri May 08 08:00:00 GMT+00:00 2015 SELL XPO x204 for $9906.24 CASH-BAL=62777.56
Fri May 08 08:00:00 GMT+00:00 2015 BUY: 185 shares of IMPV cost-basis=54.0 for $9986.3 CASH-BAL=52784.26
Wed May 20 08:00:00 GMT+00:00 2015 BUY: 60 shares of TWC cost-basis=167 for $9993.0 CASH-BAL=42784.26
Tue May 26 08:00:00 GMT+00:00 2015 Got Acquired/Merged: 60 shares of TWC for 10.2
Tue May 26 08:00:00 GMT+00:00 2015 SELL TWC x60 for $11016.0 CASH-BAL=53793.26
Wed May 27 08:00:00 GMT+00:00 2015 BUY: 315 shares of AMED cost-basis=31.7 for $9976.05 CASH-BAL=43810.21
Fri Jun 05 08:00:00 GMT+00:00 2015 BUY: 146 shares of JUNO cost-basis=68.4 for $9980.56 CASH-BAL=33822.65
Tue Jun 09 08:00:00 GMT+00:00 2015 StopLoss-HardStop SELL: (-9.17%)146 shares of JUNO for -9.17
Tue Jun 09 08:00:00 GMT+00:00 2015 SELL JUNO x146 for $9072.44 CASH-BAL=42888.09
Tue Jun 09 08:00:00 GMT+00:00 2015 BUY: 137 shares of SCI cost-basis=25.8 for $3988.07 CASH-BAL=38893.02
Tue Jun 09 08:00:00 GMT+00:00 2015 BUY: 192 shares of CMN cost-basis=52.0 for $9984.0 CASH-BAL=28902.02

---- Final Portfolio Holdings as of Mon Jun 29 19:09:38 GMT+00:00 2015 ----
null 436 of SBUX with cost basis of 45.5 and pct-chg: 18.0% with % of portfolio weight=21.4%
null 774 of SCI with cost basis of 25.8 and pct-chg: 13.3% with % of portfolio weight=20.6%
null 185 of IMPV with cost basis of 54.0 and pct-chg: 18.7% with % of portfolio weight=10.8%
null 315 of AMED with cost basis of 31.7 and pct-chg: 26.7% with % of portfolio weight=11.5%
null 192 of CMN with cost basis of 52.0 and pct-chg: 3.1% with % of portfolio weight=9.38%

Total Invested Amount = 80833.73 with % of portfolio weight=73.7%
Cash Bal = 28902.02 with % of portfolio weight=26.3%
Net Value = 109735.75

---- Run stats ----
Start-Date: Thu Jan 01 08:00:00 GMT+00:00 2015
End-Date: Mon Jun 29 19:09:38 GMT+00:00 2015
Total Trading days: 180
Net Gain/Loss = 9735.75
Pct Chg = 9.74%
