Thu Jan 02 08:00:00 GMT+00:00 2014 BUY  - VWDRY - 960 @10.4034 Total=9987.264
Fri Jan 03 08:00:00 GMT+00:00 2014 BUY  - MKTO - 242 @41.22 Total=9975.24
Fri Jan 03 08:00:00 GMT+00:00 2014 BUY  - PFPT - 292 @34.18 Total=9980.56
Tue Jan 07 08:00:00 GMT+00:00 2014 BUY  - SPLK - 132 @75.39 Total=9951.48
Thu Jan 09 08:00:00 GMT+00:00 2014 BUY  - M - 179 @55.8 Total=9988.2
Mon Jan 13 08:00:00 GMT+00:00 2014 SELL  - MKTO - 242 @40.73 Total=9856.66
Mon Jan 13 08:00:00 GMT+00:00 2014 BUY  - ENV - 233 @42.75 Total=9960.75
Tue Jan 21 08:00:00 GMT+00:00 2014 SELL  - M - 179 @55.56 Total=9945.24
Tue Jan 21 08:00:00 GMT+00:00 2014 BUY  - NVDQ - 508 @19.66 Total=9987.28
Fri Jan 24 08:00:00 GMT+00:00 2014 SELL  - NVDQ - 508 @18.84 Total=9570.72
Mon Jan 27 08:00:00 GMT+00:00 2014 SELL  - VWDRY - 960 @10.01 Total=9609.6
Wed Jan 29 08:00:00 GMT+00:00 2014 SELL  - SPLK - 132 @73.03 Total=9639.96
Wed Jan 29 08:00:00 GMT+00:00 2014 SELL  - ENV - 233 @42.52 Total=9907.16
Wed Jan 29 08:00:00 GMT+00:00 2014 SELL  - PFPT - 292 @34.91 Total=10193.72
Tue Feb 04 08:00:00 GMT+00:00 2014 BUY  - GMT - 176 @56.47 Total=9938.72
Fri Feb 07 08:00:00 GMT+00:00 2014 BUY  - LVNTA - 79 @126.16 Total=9966.64
Mon Feb 10 08:00:00 GMT+00:00 2014 BUY  - SALE - 241 @41.33 Total=9960.53
Wed Feb 12 08:00:00 GMT+00:00 2014 BUY  - SN - 315 @31.72 Total=9991.8
Thu Feb 13 08:00:00 GMT+00:00 2014 BUY  - TWC - 69 @144.81 Total=9991.89
Tue Feb 18 08:00:00 GMT+00:00 2014 SELL  - SN - 315 @29.74 Total=9368.1
Tue Feb 18 08:00:00 GMT+00:00 2014 BUY  - NMBL - 199 @49.99 Total=9948.01
Wed Feb 26 08:00:00 GMT+00:00 2014 SELL  - TWC - 69 @137.76 Total=9505.44
Wed Feb 26 08:00:00 GMT+00:00 2014 BUY  - HEI - 159 @62.7 Total=9969.3
Mon Mar 03 08:00:00 GMT+00:00 2014 SELL  - NMBL - 199 @46.15 Total=9183.85
Tue Mar 04 08:00:00 GMT+00:00 2014 BUY  - NUVA - 254 @39.29 Total=9979.66
Wed Mar 05 08:00:00 GMT+00:00 2014 BUY  - SALE - 136 @43.78 Total=5954.08
Thu Mar 06 08:00:00 GMT+00:00 2014 SELL  - NUVA - 254 @37.29 Total=9471.66
Thu Mar 06 08:00:00 GMT+00:00 2014 BUY  - RARE - 183 @54.38 Total=9951.54
Mon Mar 10 08:00:00 GMT+00:00 2014 SELL  - SALE - 377 @40.6 Total=15306.2
Tue Mar 11 08:00:00 GMT+00:00 2014 BUY  - EMES - 199 @50.1 Total=9969.9
Fri Mar 14 08:00:00 GMT+00:00 2014 SELL  - HEI - 159 @60.48 Total=9616.32
Fri Mar 14 08:00:00 GMT+00:00 2014 BUY  - MFRM - 212 @46.99 Total=9961.88
Tue Mar 18 08:00:00 GMT+00:00 2014 BUY  - LVNTA - 42 @142.31 Total=5977.02
Tue Mar 18 08:00:00 GMT+00:00 2014 BUY  - RARE - 99 @60.44 Total=5983.56
Fri Mar 21 08:00:00 GMT+00:00 2014 SELL  - RARE - 282 @55.05 Total=15524.1
Fri Mar 21 08:00:00 GMT+00:00 2014 BUY  - GMT - 90 @66.0 Total=5940.0
Mon Mar 24 08:00:00 GMT+00:00 2014 SELL  - LVNTA - 121 @135.73 Total=16423.33
Thu Apr 10 08:00:00 GMT+00:00 2014 SELL  - MFRM - 212 @45.87 Total=9724.44
Fri Apr 11 08:00:00 GMT+00:00 2014 SELL  - GMT - 266 @65.19 Total=17340.54
Tue Apr 15 08:00:00 GMT+00:00 2014 BUY  - BCPC - 160 @62.28 Total=9964.8
Thu Apr 17 08:00:00 GMT+00:00 2014 BUY  - WSO - 95 @104.18 Total=9897.1
Thu May 01 08:00:00 GMT+00:00 2014 SELL  - BCPC - 160 @61.38 Total=9820.8
Thu May 01 08:00:00 GMT+00:00 2014 BUY  - KEX - 92 @107.84 Total=9921.28
Wed May 14 08:00:00 GMT+00:00 2014 SELL  - WSO - 95 @100.69 Total=9565.55
Wed May 28 08:00:00 GMT+00:00 2014 BUY  - CAL - 341 @29.3 Total=9991.3
Mon Jun 02 08:00:00 GMT+00:00 2014 SELL  - CAL - 341 @27.83 Total=9490.03
Mon Jun 09 08:00:00 GMT+00:00 2014 BUY  - MTSI - 454 @21.99 Total=9983.46
Wed Jun 11 08:00:00 GMT+00:00 2014 BUY  - KEX - 52 @114.04 Total=5930.08
Wed Jun 11 08:00:00 GMT+00:00 2014 BUY  - LNG - 150 @66.58 Total=9987.0
Wed Jun 11 08:00:00 GMT+00:00 2014 BUY  - FCNCA - 39 @251.91 Total=9824.49
Fri Jun 13 08:00:00 GMT+00:00 2014 BUY  - EMES - 58 @101.95 Total=5913.1
Fri Jun 20 08:00:00 GMT+00:00 2014 SELL  - EMES - 257 @98.3 Total=25263.1
Fri Jun 20 08:00:00 GMT+00:00 2014 BUY  - GMLP - 269 @37.08 Total=9974.52
Wed Jun 25 08:00:00 GMT+00:00 2014 SELL  - FCNCA - 39 @249.5 Total=9730.5
Wed Jun 25 08:00:00 GMT+00:00 2014 BUY  - TGNA - 325 @30.67 Total=9967.75
Tue Jul 01 08:00:00 GMT+00:00 2014 SELL  - GMLP - 269 @36.5 Total=9818.5
Tue Jul 01 08:00:00 GMT+00:00 2014 BUY  - ANET - 131 @76.0 Total=9956.0
Mon Jul 07 08:00:00 GMT+00:00 2014 SELL  - ANET - 131 @72.17 Total=9454.27
Tue Jul 08 08:00:00 GMT+00:00 2014 SELL  - MTSI - 454 @21.03 Total=9547.62
Wed Jul 09 08:00:00 GMT+00:00 2014 BUY  - PZE - 1417 @7.05 Total=9989.85
Mon Jul 14 08:00:00 GMT+00:00 2014 BUY  - LNG - 83 @72.0 Total=5976.0
Wed Jul 16 08:00:00 GMT+00:00 2014 BUY  - KEX - 33 @117.86 Total=3889.38
Thu Jul 17 08:00:00 GMT+00:00 2014 SELL  - PZE - 1417 @6.65 Total=9423.05
Thu Jul 24 08:00:00 GMT+00:00 2014 BUY  - JMEI - 334 @29.86 Total=9973.24
Tue Jul 29 08:00:00 GMT+00:00 2014 BUY  - LNG - 53 @74.46 Total=3946.38
Thu Jul 31 08:00:00 GMT+00:00 2014 SELL  - LNG - 286 @70.76 Total=20237.36
Thu Aug 07 08:00:00 GMT+00:00 2014 SELL  - KEX - 177 @114.95 Total=20346.15
Thu Aug 07 08:00:00 GMT+00:00 2014 BUY  - LEAF - 337 @29.65 Total=9992.05
Thu Aug 14 08:00:00 GMT+00:00 2014 BUY  - TGNA - 176 @34.05 Total=5992.8
Wed Aug 20 08:00:00 GMT+00:00 2014 SELL  - JMEI - 334 @31.87 Total=10644.58
Mon Aug 25 08:00:00 GMT+00:00 2014 BUY  - KMI - 246 @40.53 Total=9970.38
Thu Aug 28 08:00:00 GMT+00:00 2014 BUY  - SIG - 85 @116.37 Total=9891.45
Fri Aug 29 08:00:00 GMT+00:00 2014 BUY  - GPRO - 192 @51.8 Total=9945.6
Thu Sep 04 08:00:00 GMT+00:00 2014 SELL  - KMI - 246 @39.05 Total=9606.3
Thu Sep 04 08:00:00 GMT+00:00 2014 BUY  - MEI - 251 @39.72 Total=9969.72
Tue Sep 09 08:00:00 GMT+00:00 2014 SELL  - TGNA - 501 @32.38 Total=16222.38
Wed Sep 10 08:00:00 GMT+00:00 2014 BUY  - HQY - 462 @21.62 Total=9988.44
Tue Sep 16 08:00:00 GMT+00:00 2014 SELL  - HQY - 462 @20.1 Total=9286.2
Wed Sep 17 08:00:00 GMT+00:00 2014 BUY  - LEAF - 178 @33.66 Total=5991.48
Mon Sep 22 08:00:00 GMT+00:00 2014 SELL  - LEAF - 515 @32.52 Total=16747.8
Mon Sep 22 08:00:00 GMT+00:00 2014 BUY  - CLX - 102 @97.23 Total=9917.46
Tue Sep 23 08:00:00 GMT+00:00 2014 BUY  - LE - 233 @42.73 Total=9956.09
Thu Sep 25 08:00:00 GMT+00:00 2014 SELL  - MEI - 251 @38.04 Total=9548.04
Fri Sep 26 08:00:00 GMT+00:00 2014 SELL  - SIG - 85 @114.79 Total=9757.15
Fri Sep 26 08:00:00 GMT+00:00 2014 BUY  - EIGI - 602 @16.59 Total=9987.18
Tue Sep 30 08:00:00 GMT+00:00 2014 SELL  - LE - 233 @41.12 Total=9580.96
Wed Oct 01 08:00:00 GMT+00:00 2014 SELL  - EIGI - 602 @15.94 Total=9595.88
Fri Oct 03 08:00:00 GMT+00:00 2014 BUY  - GPN - 130 @76.32 Total=9921.6
Mon Oct 06 08:00:00 GMT+00:00 2014 SELL  - CLX - 102 @96.38 Total=9830.76
Mon Oct 06 08:00:00 GMT+00:00 2014 BUY  - BDX - 79 @124.98 Total=9873.42
Thu Oct 09 08:00:00 GMT+00:00 2014 SELL  - GPN - 130 @73.97 Total=9616.1
Mon Oct 13 08:00:00 GMT+00:00 2014 BUY  - CMN - 257 @38.86 Total=9987.02
Thu Oct 16 08:00:00 GMT+00:00 2014 SELL  - BDX - 79 @120.78 Total=9541.62
Thu Oct 16 08:00:00 GMT+00:00 2014 SELL  - CMN - 257 @37.28 Total=9580.96
Fri Oct 17 08:00:00 GMT+00:00 2014 BUY  - NAVI - 536 @18.61 Total=9974.96
Tue Oct 21 08:00:00 GMT+00:00 2014 BUY  - AKRX - 242 @41.29 Total=9992.18
Mon Oct 27 08:00:00 GMT+00:00 2014 SELL  - GPRO - 192 @64.91 Total=12462.72
Mon Oct 27 08:00:00 GMT+00:00 2014 BUY  - EPAM - 213 @46.91 Total=9991.83
Thu Oct 30 08:00:00 GMT+00:00 2014 BUY  - BMY - 169 @58.98 Total=9967.62
Thu Oct 30 08:00:00 GMT+00:00 2014 BUY  - BIN - 353 @28.25 Total=9972.25
Thu Nov 06 08:00:00 GMT+00:00 2014 SELL  - AKRX - 242 @37.88 Total=9166.96
Wed Nov 12 08:00:00 GMT+00:00 2014 BUY  - MSG - 133 @74.74 Total=9940.42
Wed Nov 19 08:00:00 GMT+00:00 2014 SELL  - BMY - 169 @58.81 Total=9938.89
Wed Nov 19 08:00:00 GMT+00:00 2014 BUY  - ENV - 190 @52.58 Total=9990.2
Fri Nov 21 08:00:00 GMT+00:00 2014 BUY  - BIN - 198 @30.26 Total=5991.48
Fri Nov 28 08:00:00 GMT+00:00 2014 BUY  - NAVI - 285 @20.96 Total=5973.6
Mon Dec 01 08:00:00 GMT+00:00 2014 SELL  - ENV - 190 @49.55 Total=9414.5
Tue Dec 02 08:00:00 GMT+00:00 2014 BUY  - EPAM - 119 @50.05 Total=5955.95
Wed Dec 10 08:00:00 GMT+00:00 2014 SELL  - MSG - 133 @72.21 Total=9603.93
Tue Dec 16 08:00:00 GMT+00:00 2014 SELL  - EPAM - 332 @46.24 Total=15351.68
Wed Dec 17 08:00:00 GMT+00:00 2014 BUY  - FGEN - 364 @27.38 Total=9966.32
Thu Dec 18 08:00:00 GMT+00:00 2014 BUY  - KRFT - 157 @63.38 Total=9950.66
Wed Dec 24 08:00:00 GMT+00:00 2014 BUY  - VA - 243 @41.0 Total=9963.0
Tue Dec 30 08:00:00 GMT+00:00 2014 BUY  - NAVI - 181 @21.985 Total=3979.285
Mon Jan 05 08:00:00 GMT+00:00 2015 SELL  - NAVI - 1002 @21.1 Total=21142.2
Wed Jan 07 08:00:00 GMT+00:00 2015 SELL  - VA - 243 @39.75 Total=9659.25
Mon Jan 12 08:00:00 GMT+00:00 2015 SELL  - BIN - 551 @28.85 Total=15896.35
Fri Jan 16 08:00:00 GMT+00:00 2015 BUY  - AYI - 66 @150.64 Total=9942.24
Thu Jan 22 08:00:00 GMT+00:00 2015 BUY  - HELE - 128 @77.53 Total=9923.84
Thu Jan 22 08:00:00 GMT+00:00 2015 BUY  - AGU - 93 @107.2 Total=9969.6
Fri Jan 23 08:00:00 GMT+00:00 2015 SELL  - FGEN - 364 @29.38 Total=10694.32
Fri Jan 23 08:00:00 GMT+00:00 2015 BUY  - SBUX - 113 @88.22 Total=9968.86
Fri Jan 30 08:00:00 GMT+00:00 2015 SELL  - HELE - 128 @75.22 Total=9628.16
Thu Feb 05 08:00:00 GMT+00:00 2015 BUY  - BLL - 138 @72.03 Total=9940.14
Mon Feb 09 08:00:00 GMT+00:00 2015 SELL  - AGU - 93 @105.63 Total=9823.59
Mon Feb 09 08:00:00 GMT+00:00 2015 BUY  - HAS - 167 @59.66 Total=9963.22
Tue Feb 10 08:00:00 GMT+00:00 2015 BUY  - KRFT - 89 @66.89 Total=5953.21
Wed Feb 11 08:00:00 GMT+00:00 2015 SELL  - KRFT - 246 @65.07 Total=16007.22
Wed Feb 11 08:00:00 GMT+00:00 2015 BUY  - SCI - 409 @24.39 Total=9975.51
Tue Feb 24 08:00:00 GMT+00:00 2015 BUY  - AYI - 37 @161.41 Total=5972.17
Mon Mar 02 08:00:00 GMT+00:00 2015 BUY  - SBUX - 63 @94.225 Total=5936.175
Wed Mar 04 08:00:00 GMT+00:00 2015 SELL  - BLL - 138 @71.3 Total=9839.4
Wed Mar 04 08:00:00 GMT+00:00 2015 BUY  - BMY - 152 @65.67 Total=9981.84
Wed Mar 25 08:00:00 GMT+00:00 2015 SELL  - BMY - 152 @64.7 Total=9834.4
Wed Mar 25 08:00:00 GMT+00:00 2015 BUY  - EW - 70 @142.25 Total=9957.5
Wed Apr 01 08:00:00 GMT+00:00 2015 BUY  - SCI - 228 @26.25 Total=5985.0
Wed Apr 08 08:00:00 GMT+00:00 2015 BUY  - AYI - 23 @168.96 Total=3886.08
Fri Apr 10 08:00:00 GMT+00:00 2015 SELL  - EW - 70 @141.68 Total=9917.6
Fri Apr 10 08:00:00 GMT+00:00 2015 BUY  - GE - 350 @28.51 Total=9978.5
Tue Apr 14 08:00:00 GMT+00:00 2015 BUY  - HAS - 92 @64.48 Total=5932.16
Wed Apr 15 08:00:00 GMT+00:00 2015 BUY  - SCI - 147 @26.98 Total=3966.06
Tue Apr 21 08:00:00 GMT+00:00 2015 SELL  - GE - 350 @26.62 Total=9317.0
Tue Apr 21 08:00:00 GMT+00:00 2015 BUY  - SBUX - 82 @48.37 Total=3966.34
Tue Apr 28 08:00:00 GMT+00:00 2015 BUY  - HQY - 359 @27.76 Total=9965.84
Thu Apr 30 08:00:00 GMT+00:00 2015 SELL  - HQY - 359 @26.21 Total=9409.39
Thu Apr 30 08:00:00 GMT+00:00 2015 BUY  - HAS - 56 @70.79 Total=3964.24
Thu Apr 30 08:00:00 GMT+00:00 2015 BUY  - AVG - 417 @23.92 Total=9974.64
Wed Jul 01 08:00:00 GMT+00:00 2015 BUY  - AVG - 218 @27.43 Total=5979.74
